[2025-04-04T19:08:00.522+0000] {local_task_job_runner.py:123} INFO - ::group::Pre task execution logs
[2025-04-04T19:08:00.547+0000] {taskinstance.py:2614} INFO - Dependencies all met for dep_context=non-requeueable deps ti=<TaskInstance: etl_pipeline_dag.load_task manual__2025-04-04T19:07:52.490917+00:00 [queued]>
[2025-04-04T19:08:00.769+0000] {taskinstance.py:2614} INFO - Dependencies all met for dep_context=requeueable deps ti=<TaskInstance: etl_pipeline_dag.load_task manual__2025-04-04T19:07:52.490917+00:00 [queued]>
[2025-04-04T19:08:00.770+0000] {taskinstance.py:2867} INFO - Starting attempt 1 of 1
[2025-04-04T19:08:00.784+0000] {taskinstance.py:2890} INFO - Executing <Task(PythonOperator): load_task> on 2025-04-04 19:07:52.490917+00:00
[2025-04-04T19:08:00.794+0000] {warnings.py:112} WARNING - /home/***/.local/lib/python3.12/site-packages/***/task/task_runner/standard_task_runner.py:70: DeprecationWarning: This process (pid=312) is multi-threaded, use of fork() may lead to deadlocks in the child.
  pid = os.fork()

[2025-04-04T19:08:00.796+0000] {standard_task_runner.py:72} INFO - Started process 314 to run task
[2025-04-04T19:08:00.796+0000] {standard_task_runner.py:104} INFO - Running: ['***', 'tasks', 'run', 'etl_pipeline_dag', 'load_task', 'manual__2025-04-04T19:07:52.490917+00:00', '--job-id', '11', '--raw', '--subdir', 'DAGS_FOLDER/my_dag.py', '--cfg-path', '/tmp/tmp75rakujj']
[2025-04-04T19:08:00.797+0000] {standard_task_runner.py:105} INFO - Job 11: Subtask load_task
[2025-04-04T19:08:00.847+0000] {task_command.py:467} INFO - Running <TaskInstance: etl_pipeline_dag.load_task manual__2025-04-04T19:07:52.490917+00:00 [running]> on host 6d8a89faf47a
[2025-04-04T19:08:00.938+0000] {taskinstance.py:3134} INFO - Exporting env vars: AIRFLOW_CTX_DAG_OWNER='***' AIRFLOW_CTX_DAG_ID='etl_pipeline_dag' AIRFLOW_CTX_TASK_ID='load_task' AIRFLOW_CTX_EXECUTION_DATE='2025-04-04T19:07:52.490917+00:00' AIRFLOW_CTX_TRY_NUMBER='1' AIRFLOW_CTX_DAG_RUN_ID='manual__2025-04-04T19:07:52.490917+00:00'
[2025-04-04T19:08:00.940+0000] {logging_mixin.py:190} INFO - Task instance is in running state
[2025-04-04T19:08:00.940+0000] {logging_mixin.py:190} INFO -  Previous state of the Task instance: queued
[2025-04-04T19:08:00.941+0000] {logging_mixin.py:190} INFO - Current task name:load_task state:running start_date:2025-04-04 19:08:00.548504+00:00
[2025-04-04T19:08:00.941+0000] {logging_mixin.py:190} INFO - Dag name:etl_pipeline_dag and current dag run status:running
[2025-04-04T19:08:00.941+0000] {taskinstance.py:732} INFO - ::endgroup::
[2025-04-04T19:08:00.942+0000] {logging_mixin.py:190} INFO - 📥 Loading data...
[2025-04-04T19:08:00.943+0000] {python.py:240} INFO - Done. Returned value was: None
[2025-04-04T19:08:00.953+0000] {taskinstance.py:341} INFO - ::group::Post task execution logs
[2025-04-04T19:08:00.953+0000] {taskinstance.py:353} INFO - Marking task as SUCCESS. dag_id=etl_pipeline_dag, task_id=load_task, run_id=manual__2025-04-04T19:07:52.490917+00:00, execution_date=20250404T190752, start_date=20250404T190800, end_date=20250404T190800
[2025-04-04T19:08:00.979+0000] {logging_mixin.py:190} INFO - Task instance in success state
[2025-04-04T19:08:00.980+0000] {logging_mixin.py:190} INFO -  Previous state of the Task instance: running
[2025-04-04T19:08:00.980+0000] {logging_mixin.py:190} INFO - Dag name:etl_pipeline_dag queued_at:2025-04-04 19:07:52.511833+00:00
[2025-04-04T19:08:00.981+0000] {logging_mixin.py:190} INFO - Task hostname:6d8a89faf47a operator:PythonOperator
[2025-04-04T19:08:01.011+0000] {local_task_job_runner.py:266} INFO - Task exited with return code 0
[2025-04-04T19:08:01.036+0000] {taskinstance.py:3901} INFO - 1 downstream tasks scheduled from follow-on schedule check
[2025-04-04T19:08:01.037+0000] {local_task_job_runner.py:245} INFO - ::endgroup::
