[2025-04-04T19:07:20.729+0000] {processor.py:186} INFO - Started process (PID=2184) to work on /opt/airflow/dags/my_dag.py
[2025-04-04T19:07:20.730+0000] {processor.py:914} INFO - Processing file /opt/airflow/dags/my_dag.py for tasks to queue
[2025-04-04T19:07:20.733+0000] {logging_mixin.py:190} INFO - [2025-04-04T19:07:20.732+0000] {dagbag.py:588} INFO - Filling up the DagBag from /opt/airflow/dags/my_dag.py
[2025-04-04T19:07:20.749+0000] {processor.py:925} INFO - DAG(s) 'etl_pipeline_dag' retrieved from /opt/airflow/dags/my_dag.py
[2025-04-04T19:07:20.768+0000] {logging_mixin.py:190} INFO - [2025-04-04T19:07:20.767+0000] {dag.py:3239} INFO - Sync 1 DAGs
[2025-04-04T19:07:20.782+0000] {logging_mixin.py:190} INFO - [2025-04-04T19:07:20.782+0000] {dag.py:4180} INFO - Setting next_dagrun for etl_pipeline_dag to None, run_after=None
[2025-04-04T19:07:20.800+0000] {processor.py:208} INFO - Processing /opt/airflow/dags/my_dag.py took 0.078 seconds
[2025-04-04T19:07:50.981+0000] {processor.py:186} INFO - Started process (PID=2234) to work on /opt/airflow/dags/my_dag.py
[2025-04-04T19:07:50.983+0000] {processor.py:914} INFO - Processing file /opt/airflow/dags/my_dag.py for tasks to queue
[2025-04-04T19:07:50.985+0000] {logging_mixin.py:190} INFO - [2025-04-04T19:07:50.985+0000] {dagbag.py:588} INFO - Filling up the DagBag from /opt/airflow/dags/my_dag.py
[2025-04-04T19:07:51.002+0000] {processor.py:925} INFO - DAG(s) 'etl_pipeline_dag' retrieved from /opt/airflow/dags/my_dag.py
[2025-04-04T19:07:51.023+0000] {logging_mixin.py:190} INFO - [2025-04-04T19:07:51.023+0000] {dag.py:3239} INFO - Sync 1 DAGs
[2025-04-04T19:07:51.039+0000] {logging_mixin.py:190} INFO - [2025-04-04T19:07:51.038+0000] {dag.py:4180} INFO - Setting next_dagrun for etl_pipeline_dag to None, run_after=None
[2025-04-04T19:07:51.058+0000] {processor.py:208} INFO - Processing /opt/airflow/dags/my_dag.py took 0.085 seconds
[2025-04-04T19:08:21.777+0000] {processor.py:186} INFO - Started process (PID=2295) to work on /opt/airflow/dags/my_dag.py
[2025-04-04T19:08:21.778+0000] {processor.py:914} INFO - Processing file /opt/airflow/dags/my_dag.py for tasks to queue
[2025-04-04T19:08:21.780+0000] {logging_mixin.py:190} INFO - [2025-04-04T19:08:21.779+0000] {dagbag.py:588} INFO - Filling up the DagBag from /opt/airflow/dags/my_dag.py
[2025-04-04T19:08:21.794+0000] {processor.py:925} INFO - DAG(s) 'etl_pipeline_dag' retrieved from /opt/airflow/dags/my_dag.py
[2025-04-04T19:08:21.812+0000] {logging_mixin.py:190} INFO - [2025-04-04T19:08:21.812+0000] {dag.py:3239} INFO - Sync 1 DAGs
[2025-04-04T19:08:21.827+0000] {logging_mixin.py:190} INFO - [2025-04-04T19:08:21.827+0000] {dag.py:4180} INFO - Setting next_dagrun for etl_pipeline_dag to None, run_after=None
[2025-04-04T19:08:21.845+0000] {processor.py:208} INFO - Processing /opt/airflow/dags/my_dag.py took 0.073 seconds
[2025-04-04T19:08:52.454+0000] {processor.py:186} INFO - Started process (PID=2356) to work on /opt/airflow/dags/my_dag.py
[2025-04-04T19:08:52.455+0000] {processor.py:914} INFO - Processing file /opt/airflow/dags/my_dag.py for tasks to queue
[2025-04-04T19:08:52.457+0000] {logging_mixin.py:190} INFO - [2025-04-04T19:08:52.457+0000] {dagbag.py:588} INFO - Filling up the DagBag from /opt/airflow/dags/my_dag.py
[2025-04-04T19:08:52.470+0000] {processor.py:925} INFO - DAG(s) 'etl_pipeline_dag' retrieved from /opt/airflow/dags/my_dag.py
[2025-04-04T19:08:52.488+0000] {logging_mixin.py:190} INFO - [2025-04-04T19:08:52.488+0000] {dag.py:3239} INFO - Sync 1 DAGs
[2025-04-04T19:08:52.501+0000] {logging_mixin.py:190} INFO - [2025-04-04T19:08:52.501+0000] {dag.py:4180} INFO - Setting next_dagrun for etl_pipeline_dag to None, run_after=None
[2025-04-04T19:08:52.518+0000] {processor.py:208} INFO - Processing /opt/airflow/dags/my_dag.py took 0.069 seconds
[2025-04-04T19:09:23.072+0000] {processor.py:186} INFO - Started process (PID=2420) to work on /opt/airflow/dags/my_dag.py
[2025-04-04T19:09:23.073+0000] {processor.py:914} INFO - Processing file /opt/airflow/dags/my_dag.py for tasks to queue
[2025-04-04T19:09:23.075+0000] {logging_mixin.py:190} INFO - [2025-04-04T19:09:23.075+0000] {dagbag.py:588} INFO - Filling up the DagBag from /opt/airflow/dags/my_dag.py
[2025-04-04T19:09:23.089+0000] {processor.py:925} INFO - DAG(s) 'etl_pipeline_dag' retrieved from /opt/airflow/dags/my_dag.py
[2025-04-04T19:09:23.110+0000] {logging_mixin.py:190} INFO - [2025-04-04T19:09:23.110+0000] {dag.py:3239} INFO - Sync 1 DAGs
[2025-04-04T19:09:23.126+0000] {logging_mixin.py:190} INFO - [2025-04-04T19:09:23.126+0000] {dag.py:4180} INFO - Setting next_dagrun for etl_pipeline_dag to None, run_after=None
[2025-04-04T19:09:23.146+0000] {processor.py:208} INFO - Processing /opt/airflow/dags/my_dag.py took 0.080 seconds
[2025-04-04T19:09:54.031+0000] {processor.py:186} INFO - Started process (PID=2484) to work on /opt/airflow/dags/my_dag.py
[2025-04-04T19:09:54.032+0000] {processor.py:914} INFO - Processing file /opt/airflow/dags/my_dag.py for tasks to queue
[2025-04-04T19:09:54.034+0000] {logging_mixin.py:190} INFO - [2025-04-04T19:09:54.033+0000] {dagbag.py:588} INFO - Filling up the DagBag from /opt/airflow/dags/my_dag.py
[2025-04-04T19:09:54.047+0000] {processor.py:925} INFO - DAG(s) 'etl_pipeline_dag' retrieved from /opt/airflow/dags/my_dag.py
[2025-04-04T19:09:54.072+0000] {logging_mixin.py:190} INFO - [2025-04-04T19:09:54.072+0000] {dag.py:3239} INFO - Sync 1 DAGs
[2025-04-04T19:09:54.090+0000] {logging_mixin.py:190} INFO - [2025-04-04T19:09:54.090+0000] {dag.py:4180} INFO - Setting next_dagrun for etl_pipeline_dag to None, run_after=None
[2025-04-04T19:09:54.111+0000] {processor.py:208} INFO - Processing /opt/airflow/dags/my_dag.py took 0.087 seconds
[2025-04-04T19:10:24.211+0000] {processor.py:186} INFO - Started process (PID=2548) to work on /opt/airflow/dags/my_dag.py
[2025-04-04T19:10:24.212+0000] {processor.py:914} INFO - Processing file /opt/airflow/dags/my_dag.py for tasks to queue
[2025-04-04T19:10:24.215+0000] {logging_mixin.py:190} INFO - [2025-04-04T19:10:24.214+0000] {dagbag.py:588} INFO - Filling up the DagBag from /opt/airflow/dags/my_dag.py
[2025-04-04T19:10:24.230+0000] {processor.py:925} INFO - DAG(s) 'etl_pipeline_dag' retrieved from /opt/airflow/dags/my_dag.py
[2025-04-04T19:10:24.250+0000] {logging_mixin.py:190} INFO - [2025-04-04T19:10:24.250+0000] {dag.py:3239} INFO - Sync 1 DAGs
[2025-04-04T19:10:24.265+0000] {logging_mixin.py:190} INFO - [2025-04-04T19:10:24.265+0000] {dag.py:4180} INFO - Setting next_dagrun for etl_pipeline_dag to None, run_after=None
[2025-04-04T19:10:24.293+0000] {processor.py:208} INFO - Processing /opt/airflow/dags/my_dag.py took 0.087 seconds
[2025-04-04T19:10:55.080+0000] {processor.py:186} INFO - Started process (PID=2612) to work on /opt/airflow/dags/my_dag.py
[2025-04-04T19:10:55.081+0000] {processor.py:914} INFO - Processing file /opt/airflow/dags/my_dag.py for tasks to queue
[2025-04-04T19:10:55.085+0000] {logging_mixin.py:190} INFO - [2025-04-04T19:10:55.085+0000] {dagbag.py:588} INFO - Filling up the DagBag from /opt/airflow/dags/my_dag.py
[2025-04-04T19:10:55.103+0000] {processor.py:925} INFO - DAG(s) 'etl_pipeline_dag' retrieved from /opt/airflow/dags/my_dag.py
[2025-04-04T19:10:55.135+0000] {logging_mixin.py:190} INFO - [2025-04-04T19:10:55.134+0000] {dag.py:3239} INFO - Sync 1 DAGs
[2025-04-04T19:10:55.153+0000] {logging_mixin.py:190} INFO - [2025-04-04T19:10:55.153+0000] {dag.py:4180} INFO - Setting next_dagrun for etl_pipeline_dag to None, run_after=None
[2025-04-04T19:10:55.176+0000] {processor.py:208} INFO - Processing /opt/airflow/dags/my_dag.py took 0.103 seconds
[2025-04-04T19:11:25.622+0000] {processor.py:186} INFO - Started process (PID=2676) to work on /opt/airflow/dags/my_dag.py
[2025-04-04T19:11:25.623+0000] {processor.py:914} INFO - Processing file /opt/airflow/dags/my_dag.py for tasks to queue
[2025-04-04T19:11:25.626+0000] {logging_mixin.py:190} INFO - [2025-04-04T19:11:25.625+0000] {dagbag.py:588} INFO - Filling up the DagBag from /opt/airflow/dags/my_dag.py
[2025-04-04T19:11:25.641+0000] {processor.py:925} INFO - DAG(s) 'etl_pipeline_dag' retrieved from /opt/airflow/dags/my_dag.py
[2025-04-04T19:11:25.685+0000] {logging_mixin.py:190} INFO - [2025-04-04T19:11:25.685+0000] {dag.py:3239} INFO - Sync 1 DAGs
[2025-04-04T19:11:25.703+0000] {logging_mixin.py:190} INFO - [2025-04-04T19:11:25.703+0000] {dag.py:4180} INFO - Setting next_dagrun for etl_pipeline_dag to None, run_after=None
[2025-04-04T19:11:25.722+0000] {processor.py:208} INFO - Processing /opt/airflow/dags/my_dag.py took 0.106 seconds
[2025-04-04T19:11:56.178+0000] {processor.py:186} INFO - Started process (PID=2740) to work on /opt/airflow/dags/my_dag.py
[2025-04-04T19:11:56.179+0000] {processor.py:914} INFO - Processing file /opt/airflow/dags/my_dag.py for tasks to queue
[2025-04-04T19:11:56.181+0000] {logging_mixin.py:190} INFO - [2025-04-04T19:11:56.181+0000] {dagbag.py:588} INFO - Filling up the DagBag from /opt/airflow/dags/my_dag.py
[2025-04-04T19:11:56.195+0000] {processor.py:925} INFO - DAG(s) 'etl_pipeline_dag' retrieved from /opt/airflow/dags/my_dag.py
[2025-04-04T19:11:56.213+0000] {logging_mixin.py:190} INFO - [2025-04-04T19:11:56.213+0000] {dag.py:3239} INFO - Sync 1 DAGs
[2025-04-04T19:11:56.227+0000] {logging_mixin.py:190} INFO - [2025-04-04T19:11:56.227+0000] {dag.py:4180} INFO - Setting next_dagrun for etl_pipeline_dag to None, run_after=None
[2025-04-04T19:11:56.244+0000] {processor.py:208} INFO - Processing /opt/airflow/dags/my_dag.py took 0.072 seconds
[2025-04-04T19:12:26.311+0000] {processor.py:186} INFO - Started process (PID=2804) to work on /opt/airflow/dags/my_dag.py
[2025-04-04T19:12:26.312+0000] {processor.py:914} INFO - Processing file /opt/airflow/dags/my_dag.py for tasks to queue
[2025-04-04T19:12:26.314+0000] {logging_mixin.py:190} INFO - [2025-04-04T19:12:26.314+0000] {dagbag.py:588} INFO - Filling up the DagBag from /opt/airflow/dags/my_dag.py
[2025-04-04T19:12:26.328+0000] {processor.py:925} INFO - DAG(s) 'etl_pipeline_dag' retrieved from /opt/airflow/dags/my_dag.py
[2025-04-04T19:12:26.346+0000] {logging_mixin.py:190} INFO - [2025-04-04T19:12:26.345+0000] {dag.py:3239} INFO - Sync 1 DAGs
[2025-04-04T19:12:26.360+0000] {logging_mixin.py:190} INFO - [2025-04-04T19:12:26.359+0000] {dag.py:4180} INFO - Setting next_dagrun for etl_pipeline_dag to None, run_after=None
[2025-04-04T19:12:26.377+0000] {processor.py:208} INFO - Processing /opt/airflow/dags/my_dag.py took 0.071 seconds
[2025-04-04T19:12:56.498+0000] {processor.py:186} INFO - Started process (PID=2868) to work on /opt/airflow/dags/my_dag.py
[2025-04-04T19:12:56.499+0000] {processor.py:914} INFO - Processing file /opt/airflow/dags/my_dag.py for tasks to queue
[2025-04-04T19:12:56.503+0000] {logging_mixin.py:190} INFO - [2025-04-04T19:12:56.502+0000] {dagbag.py:588} INFO - Filling up the DagBag from /opt/airflow/dags/my_dag.py
[2025-04-04T19:12:56.517+0000] {processor.py:925} INFO - DAG(s) 'etl_pipeline_dag' retrieved from /opt/airflow/dags/my_dag.py
[2025-04-04T19:12:56.539+0000] {logging_mixin.py:190} INFO - [2025-04-04T19:12:56.539+0000] {dag.py:3239} INFO - Sync 1 DAGs
[2025-04-04T19:12:56.770+0000] {logging_mixin.py:190} INFO - [2025-04-04T19:12:56.770+0000] {dag.py:4180} INFO - Setting next_dagrun for etl_pipeline_dag to None, run_after=None
[2025-04-04T19:12:56.790+0000] {processor.py:208} INFO - Processing /opt/airflow/dags/my_dag.py took 0.298 seconds
[2025-04-04T19:13:27.282+0000] {processor.py:186} INFO - Started process (PID=2932) to work on /opt/airflow/dags/my_dag.py
[2025-04-04T19:13:27.283+0000] {processor.py:914} INFO - Processing file /opt/airflow/dags/my_dag.py for tasks to queue
[2025-04-04T19:13:27.285+0000] {logging_mixin.py:190} INFO - [2025-04-04T19:13:27.285+0000] {dagbag.py:588} INFO - Filling up the DagBag from /opt/airflow/dags/my_dag.py
[2025-04-04T19:13:27.300+0000] {processor.py:925} INFO - DAG(s) 'etl_pipeline_dag' retrieved from /opt/airflow/dags/my_dag.py
[2025-04-04T19:13:27.320+0000] {logging_mixin.py:190} INFO - [2025-04-04T19:13:27.319+0000] {dag.py:3239} INFO - Sync 1 DAGs
[2025-04-04T19:13:27.336+0000] {logging_mixin.py:190} INFO - [2025-04-04T19:13:27.335+0000] {dag.py:4180} INFO - Setting next_dagrun for etl_pipeline_dag to None, run_after=None
[2025-04-04T19:13:27.565+0000] {processor.py:208} INFO - Processing /opt/airflow/dags/my_dag.py took 0.289 seconds
[2025-04-04T19:13:58.042+0000] {processor.py:186} INFO - Started process (PID=2996) to work on /opt/airflow/dags/my_dag.py
[2025-04-04T19:13:58.043+0000] {processor.py:914} INFO - Processing file /opt/airflow/dags/my_dag.py for tasks to queue
[2025-04-04T19:13:58.046+0000] {logging_mixin.py:190} INFO - [2025-04-04T19:13:58.045+0000] {dagbag.py:588} INFO - Filling up the DagBag from /opt/airflow/dags/my_dag.py
[2025-04-04T19:13:58.059+0000] {processor.py:925} INFO - DAG(s) 'etl_pipeline_dag' retrieved from /opt/airflow/dags/my_dag.py
[2025-04-04T19:13:58.079+0000] {logging_mixin.py:190} INFO - [2025-04-04T19:13:58.079+0000] {dag.py:3239} INFO - Sync 1 DAGs
[2025-04-04T19:13:58.093+0000] {logging_mixin.py:190} INFO - [2025-04-04T19:13:58.093+0000] {dag.py:4180} INFO - Setting next_dagrun for etl_pipeline_dag to None, run_after=None
[2025-04-04T19:13:58.316+0000] {processor.py:208} INFO - Processing /opt/airflow/dags/my_dag.py took 0.279 seconds
[2025-04-04T19:14:28.577+0000] {processor.py:186} INFO - Started process (PID=3060) to work on /opt/airflow/dags/my_dag.py
[2025-04-04T19:14:28.578+0000] {processor.py:914} INFO - Processing file /opt/airflow/dags/my_dag.py for tasks to queue
[2025-04-04T19:14:28.581+0000] {logging_mixin.py:190} INFO - [2025-04-04T19:14:28.581+0000] {dagbag.py:588} INFO - Filling up the DagBag from /opt/airflow/dags/my_dag.py
[2025-04-04T19:14:28.597+0000] {processor.py:925} INFO - DAG(s) 'etl_pipeline_dag' retrieved from /opt/airflow/dags/my_dag.py
[2025-04-04T19:14:28.619+0000] {logging_mixin.py:190} INFO - [2025-04-04T19:14:28.618+0000] {dag.py:3239} INFO - Sync 1 DAGs
[2025-04-04T19:14:28.637+0000] {logging_mixin.py:190} INFO - [2025-04-04T19:14:28.637+0000] {dag.py:4180} INFO - Setting next_dagrun for etl_pipeline_dag to None, run_after=None
[2025-04-04T19:14:28.662+0000] {processor.py:208} INFO - Processing /opt/airflow/dags/my_dag.py took 0.092 seconds
[2025-04-04T19:14:59.672+0000] {processor.py:186} INFO - Started process (PID=3124) to work on /opt/airflow/dags/my_dag.py
[2025-04-04T19:14:59.673+0000] {processor.py:914} INFO - Processing file /opt/airflow/dags/my_dag.py for tasks to queue
[2025-04-04T19:14:59.676+0000] {logging_mixin.py:190} INFO - [2025-04-04T19:14:59.675+0000] {dagbag.py:588} INFO - Filling up the DagBag from /opt/airflow/dags/my_dag.py
[2025-04-04T19:14:59.688+0000] {processor.py:925} INFO - DAG(s) 'etl_pipeline_dag' retrieved from /opt/airflow/dags/my_dag.py
[2025-04-04T19:14:59.706+0000] {logging_mixin.py:190} INFO - [2025-04-04T19:14:59.705+0000] {dag.py:3239} INFO - Sync 1 DAGs
[2025-04-04T19:14:59.720+0000] {logging_mixin.py:190} INFO - [2025-04-04T19:14:59.720+0000] {dag.py:4180} INFO - Setting next_dagrun for etl_pipeline_dag to None, run_after=None
[2025-04-04T19:14:59.737+0000] {processor.py:208} INFO - Processing /opt/airflow/dags/my_dag.py took 0.070 seconds
[2025-04-04T19:15:30.661+0000] {processor.py:186} INFO - Started process (PID=3188) to work on /opt/airflow/dags/my_dag.py
[2025-04-04T19:15:30.662+0000] {processor.py:914} INFO - Processing file /opt/airflow/dags/my_dag.py for tasks to queue
[2025-04-04T19:15:30.665+0000] {logging_mixin.py:190} INFO - [2025-04-04T19:15:30.664+0000] {dagbag.py:588} INFO - Filling up the DagBag from /opt/airflow/dags/my_dag.py
[2025-04-04T19:15:30.679+0000] {processor.py:925} INFO - DAG(s) 'etl_pipeline_dag' retrieved from /opt/airflow/dags/my_dag.py
[2025-04-04T19:15:30.698+0000] {logging_mixin.py:190} INFO - [2025-04-04T19:15:30.697+0000] {dag.py:3239} INFO - Sync 1 DAGs
[2025-04-04T19:15:30.711+0000] {logging_mixin.py:190} INFO - [2025-04-04T19:15:30.711+0000] {dag.py:4180} INFO - Setting next_dagrun for etl_pipeline_dag to None, run_after=None
[2025-04-04T19:15:30.730+0000] {processor.py:208} INFO - Processing /opt/airflow/dags/my_dag.py took 0.075 seconds
[2025-04-04T19:16:01.727+0000] {processor.py:186} INFO - Started process (PID=3252) to work on /opt/airflow/dags/my_dag.py
[2025-04-04T19:16:01.728+0000] {processor.py:914} INFO - Processing file /opt/airflow/dags/my_dag.py for tasks to queue
[2025-04-04T19:16:01.730+0000] {logging_mixin.py:190} INFO - [2025-04-04T19:16:01.730+0000] {dagbag.py:588} INFO - Filling up the DagBag from /opt/airflow/dags/my_dag.py
[2025-04-04T19:16:01.744+0000] {processor.py:925} INFO - DAG(s) 'etl_pipeline_dag' retrieved from /opt/airflow/dags/my_dag.py
[2025-04-04T19:16:01.763+0000] {logging_mixin.py:190} INFO - [2025-04-04T19:16:01.763+0000] {dag.py:3239} INFO - Sync 1 DAGs
[2025-04-04T19:16:01.777+0000] {logging_mixin.py:190} INFO - [2025-04-04T19:16:01.776+0000] {dag.py:4180} INFO - Setting next_dagrun for etl_pipeline_dag to None, run_after=None
[2025-04-04T19:16:01.795+0000] {processor.py:208} INFO - Processing /opt/airflow/dags/my_dag.py took 0.074 seconds
[2025-04-04T19:16:32.803+0000] {processor.py:186} INFO - Started process (PID=3317) to work on /opt/airflow/dags/my_dag.py
[2025-04-04T19:16:32.804+0000] {processor.py:914} INFO - Processing file /opt/airflow/dags/my_dag.py for tasks to queue
[2025-04-04T19:16:32.807+0000] {logging_mixin.py:190} INFO - [2025-04-04T19:16:32.807+0000] {dagbag.py:588} INFO - Filling up the DagBag from /opt/airflow/dags/my_dag.py
[2025-04-04T19:16:32.820+0000] {processor.py:925} INFO - DAG(s) 'etl_pipeline_dag' retrieved from /opt/airflow/dags/my_dag.py
[2025-04-04T19:16:32.838+0000] {logging_mixin.py:190} INFO - [2025-04-04T19:16:32.838+0000] {dag.py:3239} INFO - Sync 1 DAGs
[2025-04-04T19:16:32.851+0000] {logging_mixin.py:190} INFO - [2025-04-04T19:16:32.851+0000] {dag.py:4180} INFO - Setting next_dagrun for etl_pipeline_dag to None, run_after=None
[2025-04-04T19:16:32.868+0000] {processor.py:208} INFO - Processing /opt/airflow/dags/my_dag.py took 0.070 seconds
[2025-04-04T19:17:03.042+0000] {processor.py:186} INFO - Started process (PID=3381) to work on /opt/airflow/dags/my_dag.py
[2025-04-04T19:17:03.043+0000] {processor.py:914} INFO - Processing file /opt/airflow/dags/my_dag.py for tasks to queue
[2025-04-04T19:17:03.046+0000] {logging_mixin.py:190} INFO - [2025-04-04T19:17:03.045+0000] {dagbag.py:588} INFO - Filling up the DagBag from /opt/airflow/dags/my_dag.py
[2025-04-04T19:17:03.062+0000] {processor.py:925} INFO - DAG(s) 'etl_pipeline_dag' retrieved from /opt/airflow/dags/my_dag.py
[2025-04-04T19:17:03.083+0000] {logging_mixin.py:190} INFO - [2025-04-04T19:17:03.082+0000] {dag.py:3239} INFO - Sync 1 DAGs
[2025-04-04T19:17:03.099+0000] {logging_mixin.py:190} INFO - [2025-04-04T19:17:03.099+0000] {dag.py:4180} INFO - Setting next_dagrun for etl_pipeline_dag to None, run_after=None
[2025-04-04T19:17:03.126+0000] {processor.py:208} INFO - Processing /opt/airflow/dags/my_dag.py took 0.091 seconds
[2025-04-04T19:17:33.648+0000] {processor.py:186} INFO - Started process (PID=3446) to work on /opt/airflow/dags/my_dag.py
[2025-04-04T19:17:33.649+0000] {processor.py:914} INFO - Processing file /opt/airflow/dags/my_dag.py for tasks to queue
[2025-04-04T19:17:33.651+0000] {logging_mixin.py:190} INFO - [2025-04-04T19:17:33.651+0000] {dagbag.py:588} INFO - Filling up the DagBag from /opt/airflow/dags/my_dag.py
[2025-04-04T19:17:33.665+0000] {processor.py:925} INFO - DAG(s) 'etl_pipeline_dag' retrieved from /opt/airflow/dags/my_dag.py
[2025-04-04T19:17:33.685+0000] {logging_mixin.py:190} INFO - [2025-04-04T19:17:33.684+0000] {dag.py:3239} INFO - Sync 1 DAGs
[2025-04-04T19:17:33.701+0000] {logging_mixin.py:190} INFO - [2025-04-04T19:17:33.700+0000] {dag.py:4180} INFO - Setting next_dagrun for etl_pipeline_dag to None, run_after=None
[2025-04-04T19:17:33.719+0000] {processor.py:208} INFO - Processing /opt/airflow/dags/my_dag.py took 0.077 seconds
[2025-04-04T19:18:04.677+0000] {processor.py:186} INFO - Started process (PID=3510) to work on /opt/airflow/dags/my_dag.py
[2025-04-04T19:18:04.679+0000] {processor.py:914} INFO - Processing file /opt/airflow/dags/my_dag.py for tasks to queue
[2025-04-04T19:18:04.681+0000] {logging_mixin.py:190} INFO - [2025-04-04T19:18:04.681+0000] {dagbag.py:588} INFO - Filling up the DagBag from /opt/airflow/dags/my_dag.py
[2025-04-04T19:18:04.698+0000] {processor.py:925} INFO - DAG(s) 'etl_pipeline_dag' retrieved from /opt/airflow/dags/my_dag.py
[2025-04-04T19:18:04.720+0000] {logging_mixin.py:190} INFO - [2025-04-04T19:18:04.720+0000] {dag.py:3239} INFO - Sync 1 DAGs
[2025-04-04T19:18:04.737+0000] {logging_mixin.py:190} INFO - [2025-04-04T19:18:04.737+0000] {dag.py:4180} INFO - Setting next_dagrun for etl_pipeline_dag to None, run_after=None
[2025-04-04T19:18:04.759+0000] {processor.py:208} INFO - Processing /opt/airflow/dags/my_dag.py took 0.090 seconds
[2025-04-04T19:18:34.918+0000] {processor.py:186} INFO - Started process (PID=3574) to work on /opt/airflow/dags/my_dag.py
[2025-04-04T19:18:34.919+0000] {processor.py:914} INFO - Processing file /opt/airflow/dags/my_dag.py for tasks to queue
[2025-04-04T19:18:34.922+0000] {logging_mixin.py:190} INFO - [2025-04-04T19:18:34.922+0000] {dagbag.py:588} INFO - Filling up the DagBag from /opt/airflow/dags/my_dag.py
[2025-04-04T19:18:34.937+0000] {processor.py:925} INFO - DAG(s) 'etl_pipeline_dag' retrieved from /opt/airflow/dags/my_dag.py
[2025-04-04T19:18:34.956+0000] {logging_mixin.py:190} INFO - [2025-04-04T19:18:34.956+0000] {dag.py:3239} INFO - Sync 1 DAGs
[2025-04-04T19:18:34.970+0000] {logging_mixin.py:190} INFO - [2025-04-04T19:18:34.969+0000] {dag.py:4180} INFO - Setting next_dagrun for etl_pipeline_dag to None, run_after=None
[2025-04-04T19:18:34.987+0000] {processor.py:208} INFO - Processing /opt/airflow/dags/my_dag.py took 0.075 seconds
[2025-04-04T19:19:05.487+0000] {processor.py:186} INFO - Started process (PID=3638) to work on /opt/airflow/dags/my_dag.py
[2025-04-04T19:19:05.488+0000] {processor.py:914} INFO - Processing file /opt/airflow/dags/my_dag.py for tasks to queue
[2025-04-04T19:19:05.490+0000] {logging_mixin.py:190} INFO - [2025-04-04T19:19:05.489+0000] {dagbag.py:588} INFO - Filling up the DagBag from /opt/airflow/dags/my_dag.py
[2025-04-04T19:19:05.504+0000] {processor.py:925} INFO - DAG(s) 'etl_pipeline_dag' retrieved from /opt/airflow/dags/my_dag.py
[2025-04-04T19:19:05.524+0000] {logging_mixin.py:190} INFO - [2025-04-04T19:19:05.524+0000] {dag.py:3239} INFO - Sync 1 DAGs
[2025-04-04T19:19:05.542+0000] {logging_mixin.py:190} INFO - [2025-04-04T19:19:05.542+0000] {dag.py:4180} INFO - Setting next_dagrun for etl_pipeline_dag to None, run_after=None
[2025-04-04T19:19:05.564+0000] {processor.py:208} INFO - Processing /opt/airflow/dags/my_dag.py took 0.083 seconds
[2025-04-04T19:19:35.778+0000] {processor.py:186} INFO - Started process (PID=3702) to work on /opt/airflow/dags/my_dag.py
[2025-04-04T19:19:35.780+0000] {processor.py:914} INFO - Processing file /opt/airflow/dags/my_dag.py for tasks to queue
[2025-04-04T19:19:35.783+0000] {logging_mixin.py:190} INFO - [2025-04-04T19:19:35.782+0000] {dagbag.py:588} INFO - Filling up the DagBag from /opt/airflow/dags/my_dag.py
[2025-04-04T19:19:35.798+0000] {processor.py:925} INFO - DAG(s) 'etl_pipeline_dag' retrieved from /opt/airflow/dags/my_dag.py
[2025-04-04T19:19:35.820+0000] {logging_mixin.py:190} INFO - [2025-04-04T19:19:35.819+0000] {dag.py:3239} INFO - Sync 1 DAGs
[2025-04-04T19:19:35.835+0000] {logging_mixin.py:190} INFO - [2025-04-04T19:19:35.834+0000] {dag.py:4180} INFO - Setting next_dagrun for etl_pipeline_dag to None, run_after=None
[2025-04-04T19:19:35.854+0000] {processor.py:208} INFO - Processing /opt/airflow/dags/my_dag.py took 0.081 seconds
[2025-04-04T19:20:06.570+0000] {processor.py:186} INFO - Started process (PID=3766) to work on /opt/airflow/dags/my_dag.py
[2025-04-04T19:20:06.571+0000] {processor.py:914} INFO - Processing file /opt/airflow/dags/my_dag.py for tasks to queue
[2025-04-04T19:20:06.573+0000] {logging_mixin.py:190} INFO - [2025-04-04T19:20:06.573+0000] {dagbag.py:588} INFO - Filling up the DagBag from /opt/airflow/dags/my_dag.py
[2025-04-04T19:20:06.586+0000] {processor.py:925} INFO - DAG(s) 'etl_pipeline_dag' retrieved from /opt/airflow/dags/my_dag.py
[2025-04-04T19:20:06.604+0000] {logging_mixin.py:190} INFO - [2025-04-04T19:20:06.603+0000] {dag.py:3239} INFO - Sync 1 DAGs
[2025-04-04T19:20:06.617+0000] {logging_mixin.py:190} INFO - [2025-04-04T19:20:06.617+0000] {dag.py:4180} INFO - Setting next_dagrun for etl_pipeline_dag to None, run_after=None
[2025-04-04T19:20:06.634+0000] {processor.py:208} INFO - Processing /opt/airflow/dags/my_dag.py took 0.069 seconds
[2025-04-04T19:20:37.243+0000] {processor.py:186} INFO - Started process (PID=3830) to work on /opt/airflow/dags/my_dag.py
[2025-04-04T19:20:37.244+0000] {processor.py:914} INFO - Processing file /opt/airflow/dags/my_dag.py for tasks to queue
[2025-04-04T19:20:37.246+0000] {logging_mixin.py:190} INFO - [2025-04-04T19:20:37.245+0000] {dagbag.py:588} INFO - Filling up the DagBag from /opt/airflow/dags/my_dag.py
[2025-04-04T19:20:37.259+0000] {processor.py:925} INFO - DAG(s) 'etl_pipeline_dag' retrieved from /opt/airflow/dags/my_dag.py
[2025-04-04T19:20:37.277+0000] {logging_mixin.py:190} INFO - [2025-04-04T19:20:37.277+0000] {dag.py:3239} INFO - Sync 1 DAGs
[2025-04-04T19:20:37.290+0000] {logging_mixin.py:190} INFO - [2025-04-04T19:20:37.290+0000] {dag.py:4180} INFO - Setting next_dagrun for etl_pipeline_dag to None, run_after=None
[2025-04-04T19:20:37.318+0000] {processor.py:208} INFO - Processing /opt/airflow/dags/my_dag.py took 0.080 seconds
[2025-04-04T19:21:08.319+0000] {processor.py:186} INFO - Started process (PID=3894) to work on /opt/airflow/dags/my_dag.py
[2025-04-04T19:21:08.320+0000] {processor.py:914} INFO - Processing file /opt/airflow/dags/my_dag.py for tasks to queue
[2025-04-04T19:21:08.322+0000] {logging_mixin.py:190} INFO - [2025-04-04T19:21:08.322+0000] {dagbag.py:588} INFO - Filling up the DagBag from /opt/airflow/dags/my_dag.py
[2025-04-04T19:21:08.337+0000] {processor.py:925} INFO - DAG(s) 'etl_pipeline_dag' retrieved from /opt/airflow/dags/my_dag.py
[2025-04-04T19:21:08.356+0000] {logging_mixin.py:190} INFO - [2025-04-04T19:21:08.356+0000] {dag.py:3239} INFO - Sync 1 DAGs
[2025-04-04T19:21:08.373+0000] {logging_mixin.py:190} INFO - [2025-04-04T19:21:08.372+0000] {dag.py:4180} INFO - Setting next_dagrun for etl_pipeline_dag to None, run_after=None
[2025-04-04T19:21:08.391+0000] {processor.py:208} INFO - Processing /opt/airflow/dags/my_dag.py took 0.077 seconds
[2025-04-04T19:21:39.387+0000] {processor.py:186} INFO - Started process (PID=3958) to work on /opt/airflow/dags/my_dag.py
[2025-04-04T19:21:39.388+0000] {processor.py:914} INFO - Processing file /opt/airflow/dags/my_dag.py for tasks to queue
[2025-04-04T19:21:39.391+0000] {logging_mixin.py:190} INFO - [2025-04-04T19:21:39.390+0000] {dagbag.py:588} INFO - Filling up the DagBag from /opt/airflow/dags/my_dag.py
[2025-04-04T19:21:39.409+0000] {processor.py:925} INFO - DAG(s) 'etl_pipeline_dag' retrieved from /opt/airflow/dags/my_dag.py
[2025-04-04T19:21:39.433+0000] {logging_mixin.py:190} INFO - [2025-04-04T19:21:39.432+0000] {dag.py:3239} INFO - Sync 1 DAGs
[2025-04-04T19:21:39.449+0000] {logging_mixin.py:190} INFO - [2025-04-04T19:21:39.449+0000] {dag.py:4180} INFO - Setting next_dagrun for etl_pipeline_dag to None, run_after=None
[2025-04-04T19:21:39.471+0000] {processor.py:208} INFO - Processing /opt/airflow/dags/my_dag.py took 0.093 seconds
[2025-04-04T19:22:10.076+0000] {processor.py:186} INFO - Started process (PID=4022) to work on /opt/airflow/dags/my_dag.py
[2025-04-04T19:22:10.077+0000] {processor.py:914} INFO - Processing file /opt/airflow/dags/my_dag.py for tasks to queue
[2025-04-04T19:22:10.079+0000] {logging_mixin.py:190} INFO - [2025-04-04T19:22:10.079+0000] {dagbag.py:588} INFO - Filling up the DagBag from /opt/airflow/dags/my_dag.py
[2025-04-04T19:22:10.092+0000] {processor.py:925} INFO - DAG(s) 'etl_pipeline_dag' retrieved from /opt/airflow/dags/my_dag.py
[2025-04-04T19:22:10.111+0000] {logging_mixin.py:190} INFO - [2025-04-04T19:22:10.111+0000] {dag.py:3239} INFO - Sync 1 DAGs
[2025-04-04T19:22:10.124+0000] {logging_mixin.py:190} INFO - [2025-04-04T19:22:10.124+0000] {dag.py:4180} INFO - Setting next_dagrun for etl_pipeline_dag to None, run_after=None
[2025-04-04T19:22:10.153+0000] {processor.py:208} INFO - Processing /opt/airflow/dags/my_dag.py took 0.083 seconds
[2025-04-04T19:22:40.565+0000] {processor.py:186} INFO - Started process (PID=4086) to work on /opt/airflow/dags/my_dag.py
[2025-04-04T19:22:40.566+0000] {processor.py:914} INFO - Processing file /opt/airflow/dags/my_dag.py for tasks to queue
[2025-04-04T19:22:40.568+0000] {logging_mixin.py:190} INFO - [2025-04-04T19:22:40.568+0000] {dagbag.py:588} INFO - Filling up the DagBag from /opt/airflow/dags/my_dag.py
[2025-04-04T19:22:40.581+0000] {processor.py:925} INFO - DAG(s) 'etl_pipeline_dag' retrieved from /opt/airflow/dags/my_dag.py
[2025-04-04T19:22:40.601+0000] {logging_mixin.py:190} INFO - [2025-04-04T19:22:40.601+0000] {dag.py:3239} INFO - Sync 1 DAGs
[2025-04-04T19:22:40.614+0000] {logging_mixin.py:190} INFO - [2025-04-04T19:22:40.614+0000] {dag.py:4180} INFO - Setting next_dagrun for etl_pipeline_dag to None, run_after=None
[2025-04-04T19:22:40.630+0000] {processor.py:208} INFO - Processing /opt/airflow/dags/my_dag.py took 0.072 seconds
[2025-04-04T19:23:11.647+0000] {processor.py:186} INFO - Started process (PID=4150) to work on /opt/airflow/dags/my_dag.py
[2025-04-04T19:23:11.648+0000] {processor.py:914} INFO - Processing file /opt/airflow/dags/my_dag.py for tasks to queue
[2025-04-04T19:23:11.650+0000] {logging_mixin.py:190} INFO - [2025-04-04T19:23:11.650+0000] {dagbag.py:588} INFO - Filling up the DagBag from /opt/airflow/dags/my_dag.py
[2025-04-04T19:23:11.664+0000] {processor.py:925} INFO - DAG(s) 'etl_pipeline_dag' retrieved from /opt/airflow/dags/my_dag.py
[2025-04-04T19:23:11.682+0000] {logging_mixin.py:190} INFO - [2025-04-04T19:23:11.682+0000] {dag.py:3239} INFO - Sync 1 DAGs
[2025-04-04T19:23:11.696+0000] {logging_mixin.py:190} INFO - [2025-04-04T19:23:11.696+0000] {dag.py:4180} INFO - Setting next_dagrun for etl_pipeline_dag to None, run_after=None
[2025-04-04T19:23:11.714+0000] {processor.py:208} INFO - Processing /opt/airflow/dags/my_dag.py took 0.072 seconds
[2025-04-04T19:23:42.347+0000] {processor.py:186} INFO - Started process (PID=4214) to work on /opt/airflow/dags/my_dag.py
[2025-04-04T19:23:42.348+0000] {processor.py:914} INFO - Processing file /opt/airflow/dags/my_dag.py for tasks to queue
[2025-04-04T19:23:42.350+0000] {logging_mixin.py:190} INFO - [2025-04-04T19:23:42.350+0000] {dagbag.py:588} INFO - Filling up the DagBag from /opt/airflow/dags/my_dag.py
[2025-04-04T19:23:42.364+0000] {processor.py:925} INFO - DAG(s) 'etl_pipeline_dag' retrieved from /opt/airflow/dags/my_dag.py
[2025-04-04T19:23:42.383+0000] {logging_mixin.py:190} INFO - [2025-04-04T19:23:42.383+0000] {dag.py:3239} INFO - Sync 1 DAGs
[2025-04-04T19:23:42.397+0000] {logging_mixin.py:190} INFO - [2025-04-04T19:23:42.397+0000] {dag.py:4180} INFO - Setting next_dagrun for etl_pipeline_dag to None, run_after=None
[2025-04-04T19:23:42.412+0000] {processor.py:208} INFO - Processing /opt/airflow/dags/my_dag.py took 0.070 seconds
[2025-04-04T19:24:12.888+0000] {processor.py:186} INFO - Started process (PID=4278) to work on /opt/airflow/dags/my_dag.py
[2025-04-04T19:24:12.888+0000] {processor.py:914} INFO - Processing file /opt/airflow/dags/my_dag.py for tasks to queue
[2025-04-04T19:24:12.891+0000] {logging_mixin.py:190} INFO - [2025-04-04T19:24:12.890+0000] {dagbag.py:588} INFO - Filling up the DagBag from /opt/airflow/dags/my_dag.py
[2025-04-04T19:24:12.905+0000] {processor.py:925} INFO - DAG(s) 'etl_pipeline_dag' retrieved from /opt/airflow/dags/my_dag.py
[2025-04-04T19:24:12.925+0000] {logging_mixin.py:190} INFO - [2025-04-04T19:24:12.924+0000] {dag.py:3239} INFO - Sync 1 DAGs
[2025-04-04T19:24:12.939+0000] {logging_mixin.py:190} INFO - [2025-04-04T19:24:12.938+0000] {dag.py:4180} INFO - Setting next_dagrun for etl_pipeline_dag to None, run_after=None
[2025-04-04T19:24:12.967+0000] {processor.py:208} INFO - Processing /opt/airflow/dags/my_dag.py took 0.085 seconds
[2025-04-04T19:24:43.902+0000] {processor.py:186} INFO - Started process (PID=4342) to work on /opt/airflow/dags/my_dag.py
[2025-04-04T19:24:43.903+0000] {processor.py:914} INFO - Processing file /opt/airflow/dags/my_dag.py for tasks to queue
[2025-04-04T19:24:43.905+0000] {logging_mixin.py:190} INFO - [2025-04-04T19:24:43.905+0000] {dagbag.py:588} INFO - Filling up the DagBag from /opt/airflow/dags/my_dag.py
[2025-04-04T19:24:43.918+0000] {processor.py:925} INFO - DAG(s) 'etl_pipeline_dag' retrieved from /opt/airflow/dags/my_dag.py
[2025-04-04T19:24:43.936+0000] {logging_mixin.py:190} INFO - [2025-04-04T19:24:43.935+0000] {dag.py:3239} INFO - Sync 1 DAGs
[2025-04-04T19:24:43.948+0000] {logging_mixin.py:190} INFO - [2025-04-04T19:24:43.948+0000] {dag.py:4180} INFO - Setting next_dagrun for etl_pipeline_dag to None, run_after=None
[2025-04-04T19:24:43.977+0000] {processor.py:208} INFO - Processing /opt/airflow/dags/my_dag.py took 0.080 seconds
[2025-04-04T19:25:14.278+0000] {processor.py:186} INFO - Started process (PID=4407) to work on /opt/airflow/dags/my_dag.py
[2025-04-04T19:25:14.279+0000] {processor.py:914} INFO - Processing file /opt/airflow/dags/my_dag.py for tasks to queue
[2025-04-04T19:25:14.280+0000] {logging_mixin.py:190} INFO - [2025-04-04T19:25:14.280+0000] {dagbag.py:588} INFO - Filling up the DagBag from /opt/airflow/dags/my_dag.py
[2025-04-04T19:25:14.294+0000] {processor.py:925} INFO - DAG(s) 'etl_pipeline_dag' retrieved from /opt/airflow/dags/my_dag.py
[2025-04-04T19:25:14.314+0000] {logging_mixin.py:190} INFO - [2025-04-04T19:25:14.314+0000] {dag.py:3239} INFO - Sync 1 DAGs
[2025-04-04T19:25:14.328+0000] {logging_mixin.py:190} INFO - [2025-04-04T19:25:14.327+0000] {dag.py:4180} INFO - Setting next_dagrun for etl_pipeline_dag to None, run_after=None
[2025-04-04T19:25:14.345+0000] {processor.py:208} INFO - Processing /opt/airflow/dags/my_dag.py took 0.073 seconds
[2025-04-04T19:25:44.728+0000] {processor.py:186} INFO - Started process (PID=4478) to work on /opt/airflow/dags/my_dag.py
[2025-04-04T19:25:44.729+0000] {processor.py:914} INFO - Processing file /opt/airflow/dags/my_dag.py for tasks to queue
[2025-04-04T19:25:44.731+0000] {logging_mixin.py:190} INFO - [2025-04-04T19:25:44.731+0000] {dagbag.py:588} INFO - Filling up the DagBag from /opt/airflow/dags/my_dag.py
[2025-04-04T19:25:44.746+0000] {processor.py:925} INFO - DAG(s) 'etl_pipeline_dag' retrieved from /opt/airflow/dags/my_dag.py
[2025-04-04T19:25:44.769+0000] {logging_mixin.py:190} INFO - [2025-04-04T19:25:44.768+0000] {dag.py:3239} INFO - Sync 1 DAGs
[2025-04-04T19:25:44.786+0000] {logging_mixin.py:190} INFO - [2025-04-04T19:25:44.785+0000] {dag.py:4180} INFO - Setting next_dagrun for etl_pipeline_dag to None, run_after=None
[2025-04-04T19:25:44.805+0000] {processor.py:208} INFO - Processing /opt/airflow/dags/my_dag.py took 0.083 seconds
[2025-04-04T19:26:15.039+0000] {processor.py:186} INFO - Started process (PID=4543) to work on /opt/airflow/dags/my_dag.py
[2025-04-04T19:26:15.040+0000] {processor.py:914} INFO - Processing file /opt/airflow/dags/my_dag.py for tasks to queue
[2025-04-04T19:26:15.043+0000] {logging_mixin.py:190} INFO - [2025-04-04T19:26:15.042+0000] {dagbag.py:588} INFO - Filling up the DagBag from /opt/airflow/dags/my_dag.py
[2025-04-04T19:26:15.059+0000] {processor.py:925} INFO - DAG(s) 'etl_pipeline_dag' retrieved from /opt/airflow/dags/my_dag.py
[2025-04-04T19:26:15.077+0000] {logging_mixin.py:190} INFO - [2025-04-04T19:26:15.076+0000] {dag.py:3239} INFO - Sync 1 DAGs
[2025-04-04T19:26:15.089+0000] {logging_mixin.py:190} INFO - [2025-04-04T19:26:15.089+0000] {dag.py:4180} INFO - Setting next_dagrun for etl_pipeline_dag to None, run_after=None
[2025-04-04T19:26:15.105+0000] {processor.py:208} INFO - Processing /opt/airflow/dags/my_dag.py took 0.072 seconds
[2025-04-04T19:26:45.255+0000] {processor.py:186} INFO - Started process (PID=4608) to work on /opt/airflow/dags/my_dag.py
[2025-04-04T19:26:45.256+0000] {processor.py:914} INFO - Processing file /opt/airflow/dags/my_dag.py for tasks to queue
[2025-04-04T19:26:45.259+0000] {logging_mixin.py:190} INFO - [2025-04-04T19:26:45.259+0000] {dagbag.py:588} INFO - Filling up the DagBag from /opt/airflow/dags/my_dag.py
[2025-04-04T19:26:45.274+0000] {processor.py:925} INFO - DAG(s) 'etl_pipeline_dag' retrieved from /opt/airflow/dags/my_dag.py
[2025-04-04T19:26:45.295+0000] {logging_mixin.py:190} INFO - [2025-04-04T19:26:45.295+0000] {dag.py:3239} INFO - Sync 1 DAGs
[2025-04-04T19:26:45.311+0000] {logging_mixin.py:190} INFO - [2025-04-04T19:26:45.311+0000] {dag.py:4180} INFO - Setting next_dagrun for etl_pipeline_dag to None, run_after=None
[2025-04-04T19:26:45.330+0000] {processor.py:208} INFO - Processing /opt/airflow/dags/my_dag.py took 0.081 seconds
[2025-04-04T19:27:16.104+0000] {processor.py:186} INFO - Started process (PID=4673) to work on /opt/airflow/dags/my_dag.py
[2025-04-04T19:27:16.106+0000] {processor.py:914} INFO - Processing file /opt/airflow/dags/my_dag.py for tasks to queue
[2025-04-04T19:27:16.110+0000] {logging_mixin.py:190} INFO - [2025-04-04T19:27:16.109+0000] {dagbag.py:588} INFO - Filling up the DagBag from /opt/airflow/dags/my_dag.py
[2025-04-04T19:27:16.133+0000] {processor.py:925} INFO - DAG(s) 'etl_pipeline_dag' retrieved from /opt/airflow/dags/my_dag.py
[2025-04-04T19:27:16.171+0000] {logging_mixin.py:190} INFO - [2025-04-04T19:27:16.171+0000] {dag.py:3239} INFO - Sync 1 DAGs
[2025-04-04T19:27:16.200+0000] {logging_mixin.py:190} INFO - [2025-04-04T19:27:16.200+0000] {dag.py:4180} INFO - Setting next_dagrun for etl_pipeline_dag to None, run_after=None
[2025-04-04T19:27:16.235+0000] {processor.py:208} INFO - Processing /opt/airflow/dags/my_dag.py took 0.141 seconds
[2025-04-04T19:27:47.177+0000] {processor.py:186} INFO - Started process (PID=4739) to work on /opt/airflow/dags/my_dag.py
[2025-04-04T19:27:47.178+0000] {processor.py:914} INFO - Processing file /opt/airflow/dags/my_dag.py for tasks to queue
[2025-04-04T19:27:47.180+0000] {logging_mixin.py:190} INFO - [2025-04-04T19:27:47.180+0000] {dagbag.py:588} INFO - Filling up the DagBag from /opt/airflow/dags/my_dag.py
[2025-04-04T19:27:47.194+0000] {processor.py:925} INFO - DAG(s) 'etl_pipeline_dag' retrieved from /opt/airflow/dags/my_dag.py
[2025-04-04T19:27:47.212+0000] {logging_mixin.py:190} INFO - [2025-04-04T19:27:47.212+0000] {dag.py:3239} INFO - Sync 1 DAGs
[2025-04-04T19:27:47.225+0000] {logging_mixin.py:190} INFO - [2025-04-04T19:27:47.224+0000] {dag.py:4180} INFO - Setting next_dagrun for etl_pipeline_dag to None, run_after=None
[2025-04-04T19:27:47.241+0000] {processor.py:208} INFO - Processing /opt/airflow/dags/my_dag.py took 0.070 seconds
[2025-04-04T19:28:17.898+0000] {processor.py:186} INFO - Started process (PID=4804) to work on /opt/airflow/dags/my_dag.py
[2025-04-04T19:28:17.899+0000] {processor.py:914} INFO - Processing file /opt/airflow/dags/my_dag.py for tasks to queue
[2025-04-04T19:28:17.903+0000] {logging_mixin.py:190} INFO - [2025-04-04T19:28:17.902+0000] {dagbag.py:588} INFO - Filling up the DagBag from /opt/airflow/dags/my_dag.py
[2025-04-04T19:28:17.916+0000] {processor.py:925} INFO - DAG(s) 'etl_pipeline_dag' retrieved from /opt/airflow/dags/my_dag.py
[2025-04-04T19:28:17.937+0000] {logging_mixin.py:190} INFO - [2025-04-04T19:28:17.937+0000] {dag.py:3239} INFO - Sync 1 DAGs
[2025-04-04T19:28:17.953+0000] {logging_mixin.py:190} INFO - [2025-04-04T19:28:17.953+0000] {dag.py:4180} INFO - Setting next_dagrun for etl_pipeline_dag to None, run_after=None
[2025-04-04T19:28:17.971+0000] {processor.py:208} INFO - Processing /opt/airflow/dags/my_dag.py took 0.079 seconds
[2025-04-04T19:28:48.037+0000] {processor.py:186} INFO - Started process (PID=4869) to work on /opt/airflow/dags/my_dag.py
[2025-04-04T19:28:48.038+0000] {processor.py:914} INFO - Processing file /opt/airflow/dags/my_dag.py for tasks to queue
[2025-04-04T19:28:48.041+0000] {logging_mixin.py:190} INFO - [2025-04-04T19:28:48.040+0000] {dagbag.py:588} INFO - Filling up the DagBag from /opt/airflow/dags/my_dag.py
[2025-04-04T19:28:48.057+0000] {processor.py:925} INFO - DAG(s) 'etl_pipeline_dag' retrieved from /opt/airflow/dags/my_dag.py
[2025-04-04T19:28:48.078+0000] {logging_mixin.py:190} INFO - [2025-04-04T19:28:48.077+0000] {dag.py:3239} INFO - Sync 1 DAGs
[2025-04-04T19:28:48.092+0000] {logging_mixin.py:190} INFO - [2025-04-04T19:28:48.092+0000] {dag.py:4180} INFO - Setting next_dagrun for etl_pipeline_dag to None, run_after=None
[2025-04-04T19:28:48.111+0000] {processor.py:208} INFO - Processing /opt/airflow/dags/my_dag.py took 0.081 seconds
[2025-04-04T19:29:18.214+0000] {processor.py:186} INFO - Started process (PID=4934) to work on /opt/airflow/dags/my_dag.py
[2025-04-04T19:29:18.214+0000] {processor.py:914} INFO - Processing file /opt/airflow/dags/my_dag.py for tasks to queue
[2025-04-04T19:29:18.217+0000] {logging_mixin.py:190} INFO - [2025-04-04T19:29:18.217+0000] {dagbag.py:588} INFO - Filling up the DagBag from /opt/airflow/dags/my_dag.py
[2025-04-04T19:29:18.231+0000] {processor.py:925} INFO - DAG(s) 'etl_pipeline_dag' retrieved from /opt/airflow/dags/my_dag.py
[2025-04-04T19:29:18.250+0000] {logging_mixin.py:190} INFO - [2025-04-04T19:29:18.249+0000] {dag.py:3239} INFO - Sync 1 DAGs
[2025-04-04T19:29:18.263+0000] {logging_mixin.py:190} INFO - [2025-04-04T19:29:18.263+0000] {dag.py:4180} INFO - Setting next_dagrun for etl_pipeline_dag to None, run_after=None
[2025-04-04T19:29:18.281+0000] {processor.py:208} INFO - Processing /opt/airflow/dags/my_dag.py took 0.072 seconds
[2025-04-04T19:29:48.481+0000] {processor.py:186} INFO - Started process (PID=4999) to work on /opt/airflow/dags/my_dag.py
[2025-04-04T19:29:48.482+0000] {processor.py:914} INFO - Processing file /opt/airflow/dags/my_dag.py for tasks to queue
[2025-04-04T19:29:48.485+0000] {logging_mixin.py:190} INFO - [2025-04-04T19:29:48.485+0000] {dagbag.py:588} INFO - Filling up the DagBag from /opt/airflow/dags/my_dag.py
[2025-04-04T19:29:48.502+0000] {processor.py:925} INFO - DAG(s) 'etl_pipeline_dag' retrieved from /opt/airflow/dags/my_dag.py
[2025-04-04T19:29:48.524+0000] {logging_mixin.py:190} INFO - [2025-04-04T19:29:48.523+0000] {dag.py:3239} INFO - Sync 1 DAGs
[2025-04-04T19:29:48.539+0000] {logging_mixin.py:190} INFO - [2025-04-04T19:29:48.539+0000] {dag.py:4180} INFO - Setting next_dagrun for etl_pipeline_dag to None, run_after=None
[2025-04-04T19:29:48.558+0000] {processor.py:208} INFO - Processing /opt/airflow/dags/my_dag.py took 0.083 seconds
[2025-04-04T19:30:19.326+0000] {processor.py:186} INFO - Started process (PID=5064) to work on /opt/airflow/dags/my_dag.py
[2025-04-04T19:30:19.327+0000] {processor.py:914} INFO - Processing file /opt/airflow/dags/my_dag.py for tasks to queue
[2025-04-04T19:30:19.330+0000] {logging_mixin.py:190} INFO - [2025-04-04T19:30:19.330+0000] {dagbag.py:588} INFO - Filling up the DagBag from /opt/airflow/dags/my_dag.py
[2025-04-04T19:30:19.349+0000] {processor.py:925} INFO - DAG(s) 'etl_pipeline_dag' retrieved from /opt/airflow/dags/my_dag.py
[2025-04-04T19:30:19.370+0000] {logging_mixin.py:190} INFO - [2025-04-04T19:30:19.369+0000] {dag.py:3239} INFO - Sync 1 DAGs
[2025-04-04T19:30:19.385+0000] {logging_mixin.py:190} INFO - [2025-04-04T19:30:19.385+0000] {dag.py:4180} INFO - Setting next_dagrun for etl_pipeline_dag to None, run_after=None
[2025-04-04T19:30:19.406+0000] {processor.py:208} INFO - Processing /opt/airflow/dags/my_dag.py took 0.086 seconds
[2025-04-04T19:30:49.848+0000] {processor.py:186} INFO - Started process (PID=5129) to work on /opt/airflow/dags/my_dag.py
[2025-04-04T19:30:49.849+0000] {processor.py:914} INFO - Processing file /opt/airflow/dags/my_dag.py for tasks to queue
[2025-04-04T19:30:49.852+0000] {logging_mixin.py:190} INFO - [2025-04-04T19:30:49.851+0000] {dagbag.py:588} INFO - Filling up the DagBag from /opt/airflow/dags/my_dag.py
[2025-04-04T19:30:49.865+0000] {processor.py:925} INFO - DAG(s) 'etl_pipeline_dag' retrieved from /opt/airflow/dags/my_dag.py
[2025-04-04T19:30:49.882+0000] {logging_mixin.py:190} INFO - [2025-04-04T19:30:49.882+0000] {dag.py:3239} INFO - Sync 1 DAGs
[2025-04-04T19:30:49.896+0000] {logging_mixin.py:190} INFO - [2025-04-04T19:30:49.895+0000] {dag.py:4180} INFO - Setting next_dagrun for etl_pipeline_dag to None, run_after=None
[2025-04-04T19:30:49.912+0000] {processor.py:208} INFO - Processing /opt/airflow/dags/my_dag.py took 0.069 seconds
[2025-04-04T19:31:20.442+0000] {processor.py:186} INFO - Started process (PID=5194) to work on /opt/airflow/dags/my_dag.py
[2025-04-04T19:31:20.443+0000] {processor.py:914} INFO - Processing file /opt/airflow/dags/my_dag.py for tasks to queue
[2025-04-04T19:31:20.446+0000] {logging_mixin.py:190} INFO - [2025-04-04T19:31:20.445+0000] {dagbag.py:588} INFO - Filling up the DagBag from /opt/airflow/dags/my_dag.py
[2025-04-04T19:31:20.460+0000] {processor.py:925} INFO - DAG(s) 'etl_pipeline_dag' retrieved from /opt/airflow/dags/my_dag.py
[2025-04-04T19:31:20.480+0000] {logging_mixin.py:190} INFO - [2025-04-04T19:31:20.480+0000] {dag.py:3239} INFO - Sync 1 DAGs
[2025-04-04T19:31:20.495+0000] {logging_mixin.py:190} INFO - [2025-04-04T19:31:20.495+0000] {dag.py:4180} INFO - Setting next_dagrun for etl_pipeline_dag to None, run_after=None
[2025-04-04T19:31:20.511+0000] {processor.py:208} INFO - Processing /opt/airflow/dags/my_dag.py took 0.075 seconds
[2025-04-04T19:31:51.454+0000] {processor.py:186} INFO - Started process (PID=5260) to work on /opt/airflow/dags/my_dag.py
[2025-04-04T19:31:51.455+0000] {processor.py:914} INFO - Processing file /opt/airflow/dags/my_dag.py for tasks to queue
[2025-04-04T19:31:51.458+0000] {logging_mixin.py:190} INFO - [2025-04-04T19:31:51.458+0000] {dagbag.py:588} INFO - Filling up the DagBag from /opt/airflow/dags/my_dag.py
[2025-04-04T19:31:51.472+0000] {processor.py:925} INFO - DAG(s) 'etl_pipeline_dag' retrieved from /opt/airflow/dags/my_dag.py
[2025-04-04T19:31:51.491+0000] {logging_mixin.py:190} INFO - [2025-04-04T19:31:51.491+0000] {dag.py:3239} INFO - Sync 1 DAGs
[2025-04-04T19:31:51.506+0000] {logging_mixin.py:190} INFO - [2025-04-04T19:31:51.506+0000] {dag.py:4180} INFO - Setting next_dagrun for etl_pipeline_dag to None, run_after=None
[2025-04-04T19:31:51.524+0000] {processor.py:208} INFO - Processing /opt/airflow/dags/my_dag.py took 0.075 seconds
[2025-04-04T19:32:22.261+0000] {processor.py:186} INFO - Started process (PID=5325) to work on /opt/airflow/dags/my_dag.py
[2025-04-04T19:32:22.262+0000] {processor.py:914} INFO - Processing file /opt/airflow/dags/my_dag.py for tasks to queue
[2025-04-04T19:32:22.265+0000] {logging_mixin.py:190} INFO - [2025-04-04T19:32:22.265+0000] {dagbag.py:588} INFO - Filling up the DagBag from /opt/airflow/dags/my_dag.py
[2025-04-04T19:32:22.279+0000] {processor.py:925} INFO - DAG(s) 'etl_pipeline_dag' retrieved from /opt/airflow/dags/my_dag.py
[2025-04-04T19:32:22.297+0000] {logging_mixin.py:190} INFO - [2025-04-04T19:32:22.297+0000] {dag.py:3239} INFO - Sync 1 DAGs
[2025-04-04T19:32:22.310+0000] {logging_mixin.py:190} INFO - [2025-04-04T19:32:22.310+0000] {dag.py:4180} INFO - Setting next_dagrun for etl_pipeline_dag to None, run_after=None
[2025-04-04T19:32:22.327+0000] {processor.py:208} INFO - Processing /opt/airflow/dags/my_dag.py took 0.070 seconds
[2025-04-04T19:32:52.626+0000] {processor.py:186} INFO - Started process (PID=5390) to work on /opt/airflow/dags/my_dag.py
[2025-04-04T19:32:52.628+0000] {processor.py:914} INFO - Processing file /opt/airflow/dags/my_dag.py for tasks to queue
[2025-04-04T19:32:52.630+0000] {logging_mixin.py:190} INFO - [2025-04-04T19:32:52.630+0000] {dagbag.py:588} INFO - Filling up the DagBag from /opt/airflow/dags/my_dag.py
[2025-04-04T19:32:52.645+0000] {processor.py:925} INFO - DAG(s) 'etl_pipeline_dag' retrieved from /opt/airflow/dags/my_dag.py
[2025-04-04T19:32:52.666+0000] {logging_mixin.py:190} INFO - [2025-04-04T19:32:52.666+0000] {dag.py:3239} INFO - Sync 1 DAGs
[2025-04-04T19:32:52.681+0000] {logging_mixin.py:190} INFO - [2025-04-04T19:32:52.680+0000] {dag.py:4180} INFO - Setting next_dagrun for etl_pipeline_dag to None, run_after=None
[2025-04-04T19:32:52.700+0000] {processor.py:208} INFO - Processing /opt/airflow/dags/my_dag.py took 0.082 seconds
[2025-04-04T19:33:23.027+0000] {processor.py:186} INFO - Started process (PID=5455) to work on /opt/airflow/dags/my_dag.py
[2025-04-04T19:33:23.028+0000] {processor.py:914} INFO - Processing file /opt/airflow/dags/my_dag.py for tasks to queue
[2025-04-04T19:33:23.030+0000] {logging_mixin.py:190} INFO - [2025-04-04T19:33:23.030+0000] {dagbag.py:588} INFO - Filling up the DagBag from /opt/airflow/dags/my_dag.py
[2025-04-04T19:33:23.044+0000] {processor.py:925} INFO - DAG(s) 'etl_pipeline_dag' retrieved from /opt/airflow/dags/my_dag.py
[2025-04-04T19:33:23.066+0000] {logging_mixin.py:190} INFO - [2025-04-04T19:33:23.065+0000] {dag.py:3239} INFO - Sync 1 DAGs
[2025-04-04T19:33:23.081+0000] {logging_mixin.py:190} INFO - [2025-04-04T19:33:23.080+0000] {dag.py:4180} INFO - Setting next_dagrun for etl_pipeline_dag to None, run_after=None
[2025-04-04T19:33:23.099+0000] {processor.py:208} INFO - Processing /opt/airflow/dags/my_dag.py took 0.078 seconds
[2025-04-04T19:33:53.190+0000] {processor.py:186} INFO - Started process (PID=5520) to work on /opt/airflow/dags/my_dag.py
[2025-04-04T19:33:53.191+0000] {processor.py:914} INFO - Processing file /opt/airflow/dags/my_dag.py for tasks to queue
[2025-04-04T19:33:53.193+0000] {logging_mixin.py:190} INFO - [2025-04-04T19:33:53.192+0000] {dagbag.py:588} INFO - Filling up the DagBag from /opt/airflow/dags/my_dag.py
[2025-04-04T19:33:53.207+0000] {processor.py:925} INFO - DAG(s) 'etl_pipeline_dag' retrieved from /opt/airflow/dags/my_dag.py
[2025-04-04T19:33:53.225+0000] {logging_mixin.py:190} INFO - [2025-04-04T19:33:53.225+0000] {dag.py:3239} INFO - Sync 1 DAGs
[2025-04-04T19:33:53.239+0000] {logging_mixin.py:190} INFO - [2025-04-04T19:33:53.239+0000] {dag.py:4180} INFO - Setting next_dagrun for etl_pipeline_dag to None, run_after=None
[2025-04-04T19:33:53.256+0000] {processor.py:208} INFO - Processing /opt/airflow/dags/my_dag.py took 0.072 seconds
[2025-04-04T19:34:23.655+0000] {processor.py:186} INFO - Started process (PID=5585) to work on /opt/airflow/dags/my_dag.py
[2025-04-04T19:34:23.656+0000] {processor.py:914} INFO - Processing file /opt/airflow/dags/my_dag.py for tasks to queue
[2025-04-04T19:34:23.661+0000] {logging_mixin.py:190} INFO - [2025-04-04T19:34:23.660+0000] {dagbag.py:588} INFO - Filling up the DagBag from /opt/airflow/dags/my_dag.py
[2025-04-04T19:34:23.690+0000] {processor.py:925} INFO - DAG(s) 'etl_pipeline_dag' retrieved from /opt/airflow/dags/my_dag.py
[2025-04-04T19:34:23.716+0000] {logging_mixin.py:190} INFO - [2025-04-04T19:34:23.715+0000] {dag.py:3239} INFO - Sync 1 DAGs
[2025-04-04T19:34:23.730+0000] {logging_mixin.py:190} INFO - [2025-04-04T19:34:23.730+0000] {dag.py:4180} INFO - Setting next_dagrun for etl_pipeline_dag to None, run_after=None
[2025-04-04T19:34:23.747+0000] {processor.py:208} INFO - Processing /opt/airflow/dags/my_dag.py took 0.103 seconds
[2025-04-04T19:34:53.975+0000] {processor.py:186} INFO - Started process (PID=5650) to work on /opt/airflow/dags/my_dag.py
[2025-04-04T19:34:53.976+0000] {processor.py:914} INFO - Processing file /opt/airflow/dags/my_dag.py for tasks to queue
[2025-04-04T19:34:53.978+0000] {logging_mixin.py:190} INFO - [2025-04-04T19:34:53.978+0000] {dagbag.py:588} INFO - Filling up the DagBag from /opt/airflow/dags/my_dag.py
[2025-04-04T19:34:53.994+0000] {processor.py:925} INFO - DAG(s) 'etl_pipeline_dag' retrieved from /opt/airflow/dags/my_dag.py
[2025-04-04T19:34:54.013+0000] {logging_mixin.py:190} INFO - [2025-04-04T19:34:54.013+0000] {dag.py:3239} INFO - Sync 1 DAGs
[2025-04-04T19:34:54.028+0000] {logging_mixin.py:190} INFO - [2025-04-04T19:34:54.028+0000] {dag.py:4180} INFO - Setting next_dagrun for etl_pipeline_dag to None, run_after=None
[2025-04-04T19:34:54.047+0000] {processor.py:208} INFO - Processing /opt/airflow/dags/my_dag.py took 0.078 seconds
[2025-04-04T19:35:24.810+0000] {processor.py:186} INFO - Started process (PID=5715) to work on /opt/airflow/dags/my_dag.py
[2025-04-04T19:35:24.812+0000] {processor.py:914} INFO - Processing file /opt/airflow/dags/my_dag.py for tasks to queue
[2025-04-04T19:35:24.815+0000] {logging_mixin.py:190} INFO - [2025-04-04T19:35:24.815+0000] {dagbag.py:588} INFO - Filling up the DagBag from /opt/airflow/dags/my_dag.py
[2025-04-04T19:35:24.836+0000] {processor.py:925} INFO - DAG(s) 'etl_pipeline_dag' retrieved from /opt/airflow/dags/my_dag.py
[2025-04-04T19:35:24.860+0000] {logging_mixin.py:190} INFO - [2025-04-04T19:35:24.860+0000] {dag.py:3239} INFO - Sync 1 DAGs
[2025-04-04T19:35:24.877+0000] {logging_mixin.py:190} INFO - [2025-04-04T19:35:24.877+0000] {dag.py:4180} INFO - Setting next_dagrun for etl_pipeline_dag to None, run_after=None
[2025-04-04T19:35:24.898+0000] {processor.py:208} INFO - Processing /opt/airflow/dags/my_dag.py took 0.096 seconds
[2025-04-04T19:35:55.608+0000] {processor.py:186} INFO - Started process (PID=5780) to work on /opt/airflow/dags/my_dag.py
[2025-04-04T19:35:55.609+0000] {processor.py:914} INFO - Processing file /opt/airflow/dags/my_dag.py for tasks to queue
[2025-04-04T19:35:55.611+0000] {logging_mixin.py:190} INFO - [2025-04-04T19:35:55.611+0000] {dagbag.py:588} INFO - Filling up the DagBag from /opt/airflow/dags/my_dag.py
[2025-04-04T19:35:55.625+0000] {processor.py:925} INFO - DAG(s) 'etl_pipeline_dag' retrieved from /opt/airflow/dags/my_dag.py
[2025-04-04T19:35:55.644+0000] {logging_mixin.py:190} INFO - [2025-04-04T19:35:55.644+0000] {dag.py:3239} INFO - Sync 1 DAGs
[2025-04-04T19:35:55.659+0000] {logging_mixin.py:190} INFO - [2025-04-04T19:35:55.658+0000] {dag.py:4180} INFO - Setting next_dagrun for etl_pipeline_dag to None, run_after=None
[2025-04-04T19:35:55.676+0000] {processor.py:208} INFO - Processing /opt/airflow/dags/my_dag.py took 0.074 seconds
[2025-04-04T19:36:25.846+0000] {processor.py:186} INFO - Started process (PID=5845) to work on /opt/airflow/dags/my_dag.py
[2025-04-04T19:36:25.848+0000] {processor.py:914} INFO - Processing file /opt/airflow/dags/my_dag.py for tasks to queue
[2025-04-04T19:36:25.850+0000] {logging_mixin.py:190} INFO - [2025-04-04T19:36:25.850+0000] {dagbag.py:588} INFO - Filling up the DagBag from /opt/airflow/dags/my_dag.py
[2025-04-04T19:36:25.865+0000] {processor.py:925} INFO - DAG(s) 'etl_pipeline_dag' retrieved from /opt/airflow/dags/my_dag.py
[2025-04-04T19:36:25.886+0000] {logging_mixin.py:190} INFO - [2025-04-04T19:36:25.885+0000] {dag.py:3239} INFO - Sync 1 DAGs
[2025-04-04T19:36:25.902+0000] {logging_mixin.py:190} INFO - [2025-04-04T19:36:25.902+0000] {dag.py:4180} INFO - Setting next_dagrun for etl_pipeline_dag to None, run_after=None
[2025-04-04T19:36:25.919+0000] {processor.py:208} INFO - Processing /opt/airflow/dags/my_dag.py took 0.080 seconds
[2025-04-04T19:36:55.982+0000] {processor.py:186} INFO - Started process (PID=5910) to work on /opt/airflow/dags/my_dag.py
[2025-04-04T19:36:55.983+0000] {processor.py:914} INFO - Processing file /opt/airflow/dags/my_dag.py for tasks to queue
[2025-04-04T19:36:55.986+0000] {logging_mixin.py:190} INFO - [2025-04-04T19:36:55.985+0000] {dagbag.py:588} INFO - Filling up the DagBag from /opt/airflow/dags/my_dag.py
[2025-04-04T19:36:56.000+0000] {processor.py:925} INFO - DAG(s) 'etl_pipeline_dag' retrieved from /opt/airflow/dags/my_dag.py
[2025-04-04T19:36:56.021+0000] {logging_mixin.py:190} INFO - [2025-04-04T19:36:56.021+0000] {dag.py:3239} INFO - Sync 1 DAGs
[2025-04-04T19:36:56.034+0000] {logging_mixin.py:190} INFO - [2025-04-04T19:36:56.034+0000] {dag.py:4180} INFO - Setting next_dagrun for etl_pipeline_dag to None, run_after=None
[2025-04-04T19:36:56.053+0000] {processor.py:208} INFO - Processing /opt/airflow/dags/my_dag.py took 0.076 seconds
[2025-04-04T19:39:57.564+0000] {processor.py:186} INFO - Started process (PID=40) to work on /opt/airflow/dags/my_dag.py
[2025-04-04T19:39:57.565+0000] {processor.py:914} INFO - Processing file /opt/airflow/dags/my_dag.py for tasks to queue
[2025-04-04T19:39:57.568+0000] {logging_mixin.py:190} INFO - [2025-04-04T19:39:57.567+0000] {dagbag.py:588} INFO - Filling up the DagBag from /opt/airflow/dags/my_dag.py
[2025-04-04T19:39:57.593+0000] {processor.py:925} INFO - DAG(s) 'etl_pipeline_dag' retrieved from /opt/airflow/dags/my_dag.py
[2025-04-04T19:39:57.647+0000] {logging_mixin.py:190} INFO - [2025-04-04T19:39:57.646+0000] {dag.py:3239} INFO - Sync 1 DAGs
[2025-04-04T19:39:57.666+0000] {logging_mixin.py:190} INFO - [2025-04-04T19:39:57.666+0000] {dag.py:4180} INFO - Setting next_dagrun for etl_pipeline_dag to None, run_after=None
[2025-04-04T19:39:57.688+0000] {processor.py:208} INFO - Processing /opt/airflow/dags/my_dag.py took 0.130 seconds
[2025-04-04T19:40:28.155+0000] {processor.py:186} INFO - Started process (PID=105) to work on /opt/airflow/dags/my_dag.py
[2025-04-04T19:40:28.156+0000] {processor.py:914} INFO - Processing file /opt/airflow/dags/my_dag.py for tasks to queue
[2025-04-04T19:40:28.158+0000] {logging_mixin.py:190} INFO - [2025-04-04T19:40:28.158+0000] {dagbag.py:588} INFO - Filling up the DagBag from /opt/airflow/dags/my_dag.py
[2025-04-04T19:40:28.173+0000] {processor.py:925} INFO - DAG(s) 'etl_pipeline_dag' retrieved from /opt/airflow/dags/my_dag.py
[2025-04-04T19:40:28.194+0000] {logging_mixin.py:190} INFO - [2025-04-04T19:40:28.193+0000] {dag.py:3239} INFO - Sync 1 DAGs
[2025-04-04T19:40:28.207+0000] {logging_mixin.py:190} INFO - [2025-04-04T19:40:28.207+0000] {dag.py:4180} INFO - Setting next_dagrun for etl_pipeline_dag to None, run_after=None
[2025-04-04T19:40:28.224+0000] {processor.py:208} INFO - Processing /opt/airflow/dags/my_dag.py took 0.073 seconds
[2025-04-04T19:40:58.271+0000] {processor.py:186} INFO - Started process (PID=171) to work on /opt/airflow/dags/my_dag.py
[2025-04-04T19:40:58.272+0000] {processor.py:914} INFO - Processing file /opt/airflow/dags/my_dag.py for tasks to queue
[2025-04-04T19:40:58.275+0000] {logging_mixin.py:190} INFO - [2025-04-04T19:40:58.275+0000] {dagbag.py:588} INFO - Filling up the DagBag from /opt/airflow/dags/my_dag.py
[2025-04-04T19:40:58.291+0000] {processor.py:925} INFO - DAG(s) 'etl_pipeline_dag' retrieved from /opt/airflow/dags/my_dag.py
[2025-04-04T19:40:58.314+0000] {logging_mixin.py:190} INFO - [2025-04-04T19:40:58.314+0000] {dag.py:3239} INFO - Sync 1 DAGs
[2025-04-04T19:40:58.330+0000] {logging_mixin.py:190} INFO - [2025-04-04T19:40:58.330+0000] {dag.py:4180} INFO - Setting next_dagrun for etl_pipeline_dag to None, run_after=None
[2025-04-04T19:40:58.350+0000] {processor.py:208} INFO - Processing /opt/airflow/dags/my_dag.py took 0.085 seconds
