[2025-04-04T19:07:22.435+0000] {processor.py:186} INFO - Started process (PID=2199) to work on /home/airflow/.local/lib/python3.12/site-packages/airflow/example_dags/example_branch_labels.py
[2025-04-04T19:07:22.436+0000] {processor.py:914} INFO - Processing file /home/airflow/.local/lib/python3.12/site-packages/airflow/example_dags/example_branch_labels.py for tasks to queue
[2025-04-04T19:07:22.438+0000] {logging_mixin.py:190} INFO - [2025-04-04T19:07:22.437+0000] {dagbag.py:588} INFO - Filling up the DagBag from /home/airflow/.local/lib/python3.12/site-packages/airflow/example_dags/example_branch_labels.py
[2025-04-04T19:07:22.449+0000] {processor.py:925} INFO - DAG(s) 'example_branch_labels' retrieved from /home/airflow/.local/lib/python3.12/site-packages/airflow/example_dags/example_branch_labels.py
[2025-04-04T19:07:22.470+0000] {logging_mixin.py:190} INFO - [2025-04-04T19:07:22.469+0000] {dag.py:3239} INFO - Sync 1 DAGs
[2025-04-04T19:07:22.496+0000] {logging_mixin.py:190} INFO - [2025-04-04T19:07:22.496+0000] {dag.py:4180} INFO - Setting next_dagrun for example_branch_labels to 2025-04-03 00:00:00+00:00, run_after=2025-04-04 00:00:00+00:00
[2025-04-04T19:07:22.517+0000] {processor.py:208} INFO - Processing /home/airflow/.local/lib/python3.12/site-packages/airflow/example_dags/example_branch_labels.py took 0.088 seconds
[2025-04-04T19:07:54.166+0000] {processor.py:186} INFO - Started process (PID=2263) to work on /home/airflow/.local/lib/python3.12/site-packages/airflow/example_dags/example_branch_labels.py
[2025-04-04T19:07:54.167+0000] {processor.py:914} INFO - Processing file /home/airflow/.local/lib/python3.12/site-packages/airflow/example_dags/example_branch_labels.py for tasks to queue
[2025-04-04T19:07:54.170+0000] {logging_mixin.py:190} INFO - [2025-04-04T19:07:54.169+0000] {dagbag.py:588} INFO - Filling up the DagBag from /home/airflow/.local/lib/python3.12/site-packages/airflow/example_dags/example_branch_labels.py
[2025-04-04T19:07:54.180+0000] {processor.py:925} INFO - DAG(s) 'example_branch_labels' retrieved from /home/airflow/.local/lib/python3.12/site-packages/airflow/example_dags/example_branch_labels.py
[2025-04-04T19:07:54.201+0000] {logging_mixin.py:190} INFO - [2025-04-04T19:07:54.200+0000] {dag.py:3239} INFO - Sync 1 DAGs
[2025-04-04T19:07:54.226+0000] {logging_mixin.py:190} INFO - [2025-04-04T19:07:54.225+0000] {dag.py:4180} INFO - Setting next_dagrun for example_branch_labels to 2025-04-03 00:00:00+00:00, run_after=2025-04-04 00:00:00+00:00
[2025-04-04T19:07:54.243+0000] {processor.py:208} INFO - Processing /home/airflow/.local/lib/python3.12/site-packages/airflow/example_dags/example_branch_labels.py took 0.082 seconds
[2025-04-04T19:08:25.186+0000] {processor.py:186} INFO - Started process (PID=2329) to work on /home/airflow/.local/lib/python3.12/site-packages/airflow/example_dags/example_branch_labels.py
[2025-04-04T19:08:25.188+0000] {processor.py:914} INFO - Processing file /home/airflow/.local/lib/python3.12/site-packages/airflow/example_dags/example_branch_labels.py for tasks to queue
[2025-04-04T19:08:25.190+0000] {logging_mixin.py:190} INFO - [2025-04-04T19:08:25.190+0000] {dagbag.py:588} INFO - Filling up the DagBag from /home/airflow/.local/lib/python3.12/site-packages/airflow/example_dags/example_branch_labels.py
[2025-04-04T19:08:25.200+0000] {processor.py:925} INFO - DAG(s) 'example_branch_labels' retrieved from /home/airflow/.local/lib/python3.12/site-packages/airflow/example_dags/example_branch_labels.py
[2025-04-04T19:08:25.222+0000] {logging_mixin.py:190} INFO - [2025-04-04T19:08:25.221+0000] {dag.py:3239} INFO - Sync 1 DAGs
[2025-04-04T19:08:25.249+0000] {logging_mixin.py:190} INFO - [2025-04-04T19:08:25.249+0000] {dag.py:4180} INFO - Setting next_dagrun for example_branch_labels to 2025-04-03 00:00:00+00:00, run_after=2025-04-04 00:00:00+00:00
[2025-04-04T19:08:25.267+0000] {processor.py:208} INFO - Processing /home/airflow/.local/lib/python3.12/site-packages/airflow/example_dags/example_branch_labels.py took 0.088 seconds
[2025-04-04T19:08:56.742+0000] {processor.py:186} INFO - Started process (PID=2393) to work on /home/airflow/.local/lib/python3.12/site-packages/airflow/example_dags/example_branch_labels.py
[2025-04-04T19:08:56.744+0000] {processor.py:914} INFO - Processing file /home/airflow/.local/lib/python3.12/site-packages/airflow/example_dags/example_branch_labels.py for tasks to queue
[2025-04-04T19:08:56.746+0000] {logging_mixin.py:190} INFO - [2025-04-04T19:08:56.745+0000] {dagbag.py:588} INFO - Filling up the DagBag from /home/airflow/.local/lib/python3.12/site-packages/airflow/example_dags/example_branch_labels.py
[2025-04-04T19:08:56.754+0000] {processor.py:925} INFO - DAG(s) 'example_branch_labels' retrieved from /home/airflow/.local/lib/python3.12/site-packages/airflow/example_dags/example_branch_labels.py
[2025-04-04T19:08:56.774+0000] {logging_mixin.py:190} INFO - [2025-04-04T19:08:56.774+0000] {dag.py:3239} INFO - Sync 1 DAGs
[2025-04-04T19:08:56.795+0000] {logging_mixin.py:190} INFO - [2025-04-04T19:08:56.795+0000] {dag.py:4180} INFO - Setting next_dagrun for example_branch_labels to 2025-04-03 00:00:00+00:00, run_after=2025-04-04 00:00:00+00:00
[2025-04-04T19:08:56.811+0000] {processor.py:208} INFO - Processing /home/airflow/.local/lib/python3.12/site-packages/airflow/example_dags/example_branch_labels.py took 0.074 seconds
[2025-04-04T19:09:27.494+0000] {processor.py:186} INFO - Started process (PID=2460) to work on /home/airflow/.local/lib/python3.12/site-packages/airflow/example_dags/example_branch_labels.py
[2025-04-04T19:09:27.495+0000] {processor.py:914} INFO - Processing file /home/airflow/.local/lib/python3.12/site-packages/airflow/example_dags/example_branch_labels.py for tasks to queue
[2025-04-04T19:09:27.497+0000] {logging_mixin.py:190} INFO - [2025-04-04T19:09:27.496+0000] {dagbag.py:588} INFO - Filling up the DagBag from /home/airflow/.local/lib/python3.12/site-packages/airflow/example_dags/example_branch_labels.py
[2025-04-04T19:09:27.506+0000] {processor.py:925} INFO - DAG(s) 'example_branch_labels' retrieved from /home/airflow/.local/lib/python3.12/site-packages/airflow/example_dags/example_branch_labels.py
[2025-04-04T19:09:27.525+0000] {logging_mixin.py:190} INFO - [2025-04-04T19:09:27.525+0000] {dag.py:3239} INFO - Sync 1 DAGs
[2025-04-04T19:09:27.547+0000] {logging_mixin.py:190} INFO - [2025-04-04T19:09:27.547+0000] {dag.py:4180} INFO - Setting next_dagrun for example_branch_labels to 2025-04-03 00:00:00+00:00, run_after=2025-04-04 00:00:00+00:00
[2025-04-04T19:09:27.566+0000] {processor.py:208} INFO - Processing /home/airflow/.local/lib/python3.12/site-packages/airflow/example_dags/example_branch_labels.py took 0.077 seconds
[2025-04-04T19:09:58.487+0000] {processor.py:186} INFO - Started process (PID=2525) to work on /home/airflow/.local/lib/python3.12/site-packages/airflow/example_dags/example_branch_labels.py
[2025-04-04T19:09:58.488+0000] {processor.py:914} INFO - Processing file /home/airflow/.local/lib/python3.12/site-packages/airflow/example_dags/example_branch_labels.py for tasks to queue
[2025-04-04T19:09:58.490+0000] {logging_mixin.py:190} INFO - [2025-04-04T19:09:58.490+0000] {dagbag.py:588} INFO - Filling up the DagBag from /home/airflow/.local/lib/python3.12/site-packages/airflow/example_dags/example_branch_labels.py
[2025-04-04T19:09:58.499+0000] {processor.py:925} INFO - DAG(s) 'example_branch_labels' retrieved from /home/airflow/.local/lib/python3.12/site-packages/airflow/example_dags/example_branch_labels.py
[2025-04-04T19:09:58.520+0000] {logging_mixin.py:190} INFO - [2025-04-04T19:09:58.519+0000] {dag.py:3239} INFO - Sync 1 DAGs
[2025-04-04T19:09:58.543+0000] {logging_mixin.py:190} INFO - [2025-04-04T19:09:58.542+0000] {dag.py:4180} INFO - Setting next_dagrun for example_branch_labels to 2025-04-03 00:00:00+00:00, run_after=2025-04-04 00:00:00+00:00
[2025-04-04T19:09:58.560+0000] {processor.py:208} INFO - Processing /home/airflow/.local/lib/python3.12/site-packages/airflow/example_dags/example_branch_labels.py took 0.078 seconds
[2025-04-04T19:10:29.779+0000] {processor.py:186} INFO - Started process (PID=2591) to work on /home/airflow/.local/lib/python3.12/site-packages/airflow/example_dags/example_branch_labels.py
[2025-04-04T19:10:29.780+0000] {processor.py:914} INFO - Processing file /home/airflow/.local/lib/python3.12/site-packages/airflow/example_dags/example_branch_labels.py for tasks to queue
[2025-04-04T19:10:29.782+0000] {logging_mixin.py:190} INFO - [2025-04-04T19:10:29.782+0000] {dagbag.py:588} INFO - Filling up the DagBag from /home/airflow/.local/lib/python3.12/site-packages/airflow/example_dags/example_branch_labels.py
[2025-04-04T19:10:29.795+0000] {processor.py:925} INFO - DAG(s) 'example_branch_labels' retrieved from /home/airflow/.local/lib/python3.12/site-packages/airflow/example_dags/example_branch_labels.py
[2025-04-04T19:10:29.818+0000] {logging_mixin.py:190} INFO - [2025-04-04T19:10:29.817+0000] {dag.py:3239} INFO - Sync 1 DAGs
[2025-04-04T19:10:29.844+0000] {logging_mixin.py:190} INFO - [2025-04-04T19:10:29.844+0000] {dag.py:4180} INFO - Setting next_dagrun for example_branch_labels to 2025-04-03 00:00:00+00:00, run_after=2025-04-04 00:00:00+00:00
[2025-04-04T19:10:29.866+0000] {processor.py:208} INFO - Processing /home/airflow/.local/lib/python3.12/site-packages/airflow/example_dags/example_branch_labels.py took 0.093 seconds
[2025-04-04T19:11:00.960+0000] {processor.py:186} INFO - Started process (PID=2655) to work on /home/airflow/.local/lib/python3.12/site-packages/airflow/example_dags/example_branch_labels.py
[2025-04-04T19:11:00.961+0000] {processor.py:914} INFO - Processing file /home/airflow/.local/lib/python3.12/site-packages/airflow/example_dags/example_branch_labels.py for tasks to queue
[2025-04-04T19:11:00.963+0000] {logging_mixin.py:190} INFO - [2025-04-04T19:11:00.963+0000] {dagbag.py:588} INFO - Filling up the DagBag from /home/airflow/.local/lib/python3.12/site-packages/airflow/example_dags/example_branch_labels.py
[2025-04-04T19:11:00.972+0000] {processor.py:925} INFO - DAG(s) 'example_branch_labels' retrieved from /home/airflow/.local/lib/python3.12/site-packages/airflow/example_dags/example_branch_labels.py
[2025-04-04T19:11:00.991+0000] {logging_mixin.py:190} INFO - [2025-04-04T19:11:00.990+0000] {dag.py:3239} INFO - Sync 1 DAGs
[2025-04-04T19:11:01.012+0000] {logging_mixin.py:190} INFO - [2025-04-04T19:11:01.011+0000] {dag.py:4180} INFO - Setting next_dagrun for example_branch_labels to 2025-04-03 00:00:00+00:00, run_after=2025-04-04 00:00:00+00:00
[2025-04-04T19:11:01.027+0000] {processor.py:208} INFO - Processing /home/airflow/.local/lib/python3.12/site-packages/airflow/example_dags/example_branch_labels.py took 0.072 seconds
[2025-04-04T19:11:32.097+0000] {processor.py:186} INFO - Started process (PID=2719) to work on /home/airflow/.local/lib/python3.12/site-packages/airflow/example_dags/example_branch_labels.py
[2025-04-04T19:11:32.098+0000] {processor.py:914} INFO - Processing file /home/airflow/.local/lib/python3.12/site-packages/airflow/example_dags/example_branch_labels.py for tasks to queue
[2025-04-04T19:11:32.101+0000] {logging_mixin.py:190} INFO - [2025-04-04T19:11:32.100+0000] {dagbag.py:588} INFO - Filling up the DagBag from /home/airflow/.local/lib/python3.12/site-packages/airflow/example_dags/example_branch_labels.py
[2025-04-04T19:11:32.110+0000] {processor.py:925} INFO - DAG(s) 'example_branch_labels' retrieved from /home/airflow/.local/lib/python3.12/site-packages/airflow/example_dags/example_branch_labels.py
[2025-04-04T19:11:32.131+0000] {logging_mixin.py:190} INFO - [2025-04-04T19:11:32.130+0000] {dag.py:3239} INFO - Sync 1 DAGs
[2025-04-04T19:11:32.154+0000] {logging_mixin.py:190} INFO - [2025-04-04T19:11:32.154+0000] {dag.py:4180} INFO - Setting next_dagrun for example_branch_labels to 2025-04-03 00:00:00+00:00, run_after=2025-04-04 00:00:00+00:00
[2025-04-04T19:11:32.364+0000] {processor.py:208} INFO - Processing /home/airflow/.local/lib/python3.12/site-packages/airflow/example_dags/example_branch_labels.py took 0.273 seconds
[2025-04-04T19:12:03.362+0000] {processor.py:186} INFO - Started process (PID=2783) to work on /home/airflow/.local/lib/python3.12/site-packages/airflow/example_dags/example_branch_labels.py
[2025-04-04T19:12:03.363+0000] {processor.py:914} INFO - Processing file /home/airflow/.local/lib/python3.12/site-packages/airflow/example_dags/example_branch_labels.py for tasks to queue
[2025-04-04T19:12:03.365+0000] {logging_mixin.py:190} INFO - [2025-04-04T19:12:03.365+0000] {dagbag.py:588} INFO - Filling up the DagBag from /home/airflow/.local/lib/python3.12/site-packages/airflow/example_dags/example_branch_labels.py
[2025-04-04T19:12:03.377+0000] {processor.py:925} INFO - DAG(s) 'example_branch_labels' retrieved from /home/airflow/.local/lib/python3.12/site-packages/airflow/example_dags/example_branch_labels.py
[2025-04-04T19:12:03.398+0000] {logging_mixin.py:190} INFO - [2025-04-04T19:12:03.397+0000] {dag.py:3239} INFO - Sync 1 DAGs
[2025-04-04T19:12:03.425+0000] {logging_mixin.py:190} INFO - [2025-04-04T19:12:03.424+0000] {dag.py:4180} INFO - Setting next_dagrun for example_branch_labels to 2025-04-03 00:00:00+00:00, run_after=2025-04-04 00:00:00+00:00
[2025-04-04T19:12:03.682+0000] {processor.py:208} INFO - Processing /home/airflow/.local/lib/python3.12/site-packages/airflow/example_dags/example_branch_labels.py took 0.326 seconds
[2025-04-04T19:12:34.428+0000] {processor.py:186} INFO - Started process (PID=2847) to work on /home/airflow/.local/lib/python3.12/site-packages/airflow/example_dags/example_branch_labels.py
[2025-04-04T19:12:34.429+0000] {processor.py:914} INFO - Processing file /home/airflow/.local/lib/python3.12/site-packages/airflow/example_dags/example_branch_labels.py for tasks to queue
[2025-04-04T19:12:34.431+0000] {logging_mixin.py:190} INFO - [2025-04-04T19:12:34.430+0000] {dagbag.py:588} INFO - Filling up the DagBag from /home/airflow/.local/lib/python3.12/site-packages/airflow/example_dags/example_branch_labels.py
[2025-04-04T19:12:34.442+0000] {processor.py:925} INFO - DAG(s) 'example_branch_labels' retrieved from /home/airflow/.local/lib/python3.12/site-packages/airflow/example_dags/example_branch_labels.py
[2025-04-04T19:12:34.461+0000] {logging_mixin.py:190} INFO - [2025-04-04T19:12:34.461+0000] {dag.py:3239} INFO - Sync 1 DAGs
[2025-04-04T19:12:34.484+0000] {logging_mixin.py:190} INFO - [2025-04-04T19:12:34.484+0000] {dag.py:4180} INFO - Setting next_dagrun for example_branch_labels to 2025-04-03 00:00:00+00:00, run_after=2025-04-04 00:00:00+00:00
[2025-04-04T19:12:34.696+0000] {processor.py:208} INFO - Processing /home/airflow/.local/lib/python3.12/site-packages/airflow/example_dags/example_branch_labels.py took 0.273 seconds
[2025-04-04T19:13:05.772+0000] {processor.py:186} INFO - Started process (PID=2911) to work on /home/airflow/.local/lib/python3.12/site-packages/airflow/example_dags/example_branch_labels.py
[2025-04-04T19:13:05.773+0000] {processor.py:914} INFO - Processing file /home/airflow/.local/lib/python3.12/site-packages/airflow/example_dags/example_branch_labels.py for tasks to queue
[2025-04-04T19:13:05.775+0000] {logging_mixin.py:190} INFO - [2025-04-04T19:13:05.775+0000] {dagbag.py:588} INFO - Filling up the DagBag from /home/airflow/.local/lib/python3.12/site-packages/airflow/example_dags/example_branch_labels.py
[2025-04-04T19:13:05.784+0000] {processor.py:925} INFO - DAG(s) 'example_branch_labels' retrieved from /home/airflow/.local/lib/python3.12/site-packages/airflow/example_dags/example_branch_labels.py
[2025-04-04T19:13:05.802+0000] {logging_mixin.py:190} INFO - [2025-04-04T19:13:05.802+0000] {dag.py:3239} INFO - Sync 1 DAGs
[2025-04-04T19:13:05.823+0000] {logging_mixin.py:190} INFO - [2025-04-04T19:13:05.823+0000] {dag.py:4180} INFO - Setting next_dagrun for example_branch_labels to 2025-04-03 00:00:00+00:00, run_after=2025-04-04 00:00:00+00:00
[2025-04-04T19:13:05.840+0000] {processor.py:208} INFO - Processing /home/airflow/.local/lib/python3.12/site-packages/airflow/example_dags/example_branch_labels.py took 0.072 seconds
[2025-04-04T19:13:36.773+0000] {processor.py:186} INFO - Started process (PID=2975) to work on /home/airflow/.local/lib/python3.12/site-packages/airflow/example_dags/example_branch_labels.py
[2025-04-04T19:13:36.774+0000] {processor.py:914} INFO - Processing file /home/airflow/.local/lib/python3.12/site-packages/airflow/example_dags/example_branch_labels.py for tasks to queue
[2025-04-04T19:13:36.776+0000] {logging_mixin.py:190} INFO - [2025-04-04T19:13:36.776+0000] {dagbag.py:588} INFO - Filling up the DagBag from /home/airflow/.local/lib/python3.12/site-packages/airflow/example_dags/example_branch_labels.py
[2025-04-04T19:13:36.785+0000] {processor.py:925} INFO - DAG(s) 'example_branch_labels' retrieved from /home/airflow/.local/lib/python3.12/site-packages/airflow/example_dags/example_branch_labels.py
[2025-04-04T19:13:36.806+0000] {logging_mixin.py:190} INFO - [2025-04-04T19:13:36.806+0000] {dag.py:3239} INFO - Sync 1 DAGs
[2025-04-04T19:13:36.829+0000] {logging_mixin.py:190} INFO - [2025-04-04T19:13:36.829+0000] {dag.py:4180} INFO - Setting next_dagrun for example_branch_labels to 2025-04-03 00:00:00+00:00, run_after=2025-04-04 00:00:00+00:00
[2025-04-04T19:13:36.848+0000] {processor.py:208} INFO - Processing /home/airflow/.local/lib/python3.12/site-packages/airflow/example_dags/example_branch_labels.py took 0.081 seconds
[2025-04-04T19:14:08.542+0000] {processor.py:186} INFO - Started process (PID=3040) to work on /home/airflow/.local/lib/python3.12/site-packages/airflow/example_dags/example_branch_labels.py
[2025-04-04T19:14:08.542+0000] {processor.py:914} INFO - Processing file /home/airflow/.local/lib/python3.12/site-packages/airflow/example_dags/example_branch_labels.py for tasks to queue
[2025-04-04T19:14:08.545+0000] {logging_mixin.py:190} INFO - [2025-04-04T19:14:08.545+0000] {dagbag.py:588} INFO - Filling up the DagBag from /home/airflow/.local/lib/python3.12/site-packages/airflow/example_dags/example_branch_labels.py
[2025-04-04T19:14:08.554+0000] {processor.py:925} INFO - DAG(s) 'example_branch_labels' retrieved from /home/airflow/.local/lib/python3.12/site-packages/airflow/example_dags/example_branch_labels.py
[2025-04-04T19:14:08.574+0000] {logging_mixin.py:190} INFO - [2025-04-04T19:14:08.574+0000] {dag.py:3239} INFO - Sync 1 DAGs
[2025-04-04T19:14:08.598+0000] {logging_mixin.py:190} INFO - [2025-04-04T19:14:08.598+0000] {dag.py:4180} INFO - Setting next_dagrun for example_branch_labels to 2025-04-03 00:00:00+00:00, run_after=2025-04-04 00:00:00+00:00
[2025-04-04T19:14:08.613+0000] {processor.py:208} INFO - Processing /home/airflow/.local/lib/python3.12/site-packages/airflow/example_dags/example_branch_labels.py took 0.077 seconds
[2025-04-04T19:14:39.551+0000] {processor.py:186} INFO - Started process (PID=3104) to work on /home/airflow/.local/lib/python3.12/site-packages/airflow/example_dags/example_branch_labels.py
[2025-04-04T19:14:39.553+0000] {processor.py:914} INFO - Processing file /home/airflow/.local/lib/python3.12/site-packages/airflow/example_dags/example_branch_labels.py for tasks to queue
[2025-04-04T19:14:39.557+0000] {logging_mixin.py:190} INFO - [2025-04-04T19:14:39.556+0000] {dagbag.py:588} INFO - Filling up the DagBag from /home/airflow/.local/lib/python3.12/site-packages/airflow/example_dags/example_branch_labels.py
[2025-04-04T19:14:39.570+0000] {processor.py:925} INFO - DAG(s) 'example_branch_labels' retrieved from /home/airflow/.local/lib/python3.12/site-packages/airflow/example_dags/example_branch_labels.py
[2025-04-04T19:14:39.591+0000] {logging_mixin.py:190} INFO - [2025-04-04T19:14:39.590+0000] {dag.py:3239} INFO - Sync 1 DAGs
[2025-04-04T19:14:39.616+0000] {logging_mixin.py:190} INFO - [2025-04-04T19:14:39.616+0000] {dag.py:4180} INFO - Setting next_dagrun for example_branch_labels to 2025-04-03 00:00:00+00:00, run_after=2025-04-04 00:00:00+00:00
[2025-04-04T19:14:39.639+0000] {processor.py:208} INFO - Processing /home/airflow/.local/lib/python3.12/site-packages/airflow/example_dags/example_branch_labels.py took 0.096 seconds
[2025-04-04T19:15:10.580+0000] {processor.py:186} INFO - Started process (PID=3168) to work on /home/airflow/.local/lib/python3.12/site-packages/airflow/example_dags/example_branch_labels.py
[2025-04-04T19:15:10.581+0000] {processor.py:914} INFO - Processing file /home/airflow/.local/lib/python3.12/site-packages/airflow/example_dags/example_branch_labels.py for tasks to queue
[2025-04-04T19:15:10.583+0000] {logging_mixin.py:190} INFO - [2025-04-04T19:15:10.583+0000] {dagbag.py:588} INFO - Filling up the DagBag from /home/airflow/.local/lib/python3.12/site-packages/airflow/example_dags/example_branch_labels.py
[2025-04-04T19:15:10.593+0000] {processor.py:925} INFO - DAG(s) 'example_branch_labels' retrieved from /home/airflow/.local/lib/python3.12/site-packages/airflow/example_dags/example_branch_labels.py
[2025-04-04T19:15:10.614+0000] {logging_mixin.py:190} INFO - [2025-04-04T19:15:10.614+0000] {dag.py:3239} INFO - Sync 1 DAGs
[2025-04-04T19:15:10.638+0000] {logging_mixin.py:190} INFO - [2025-04-04T19:15:10.638+0000] {dag.py:4180} INFO - Setting next_dagrun for example_branch_labels to 2025-04-03 00:00:00+00:00, run_after=2025-04-04 00:00:00+00:00
[2025-04-04T19:15:10.655+0000] {processor.py:208} INFO - Processing /home/airflow/.local/lib/python3.12/site-packages/airflow/example_dags/example_branch_labels.py took 0.081 seconds
[2025-04-04T19:15:41.631+0000] {processor.py:186} INFO - Started process (PID=3232) to work on /home/airflow/.local/lib/python3.12/site-packages/airflow/example_dags/example_branch_labels.py
[2025-04-04T19:15:41.632+0000] {processor.py:914} INFO - Processing file /home/airflow/.local/lib/python3.12/site-packages/airflow/example_dags/example_branch_labels.py for tasks to queue
[2025-04-04T19:15:41.635+0000] {logging_mixin.py:190} INFO - [2025-04-04T19:15:41.634+0000] {dagbag.py:588} INFO - Filling up the DagBag from /home/airflow/.local/lib/python3.12/site-packages/airflow/example_dags/example_branch_labels.py
[2025-04-04T19:15:41.644+0000] {processor.py:925} INFO - DAG(s) 'example_branch_labels' retrieved from /home/airflow/.local/lib/python3.12/site-packages/airflow/example_dags/example_branch_labels.py
[2025-04-04T19:15:41.666+0000] {logging_mixin.py:190} INFO - [2025-04-04T19:15:41.665+0000] {dag.py:3239} INFO - Sync 1 DAGs
[2025-04-04T19:15:41.695+0000] {logging_mixin.py:190} INFO - [2025-04-04T19:15:41.695+0000] {dag.py:4180} INFO - Setting next_dagrun for example_branch_labels to 2025-04-03 00:00:00+00:00, run_after=2025-04-04 00:00:00+00:00
[2025-04-04T19:15:41.714+0000] {processor.py:208} INFO - Processing /home/airflow/.local/lib/python3.12/site-packages/airflow/example_dags/example_branch_labels.py took 0.089 seconds
[2025-04-04T19:16:12.894+0000] {processor.py:186} INFO - Started process (PID=3296) to work on /home/airflow/.local/lib/python3.12/site-packages/airflow/example_dags/example_branch_labels.py
[2025-04-04T19:16:12.895+0000] {processor.py:914} INFO - Processing file /home/airflow/.local/lib/python3.12/site-packages/airflow/example_dags/example_branch_labels.py for tasks to queue
[2025-04-04T19:16:12.897+0000] {logging_mixin.py:190} INFO - [2025-04-04T19:16:12.897+0000] {dagbag.py:588} INFO - Filling up the DagBag from /home/airflow/.local/lib/python3.12/site-packages/airflow/example_dags/example_branch_labels.py
[2025-04-04T19:16:12.907+0000] {processor.py:925} INFO - DAG(s) 'example_branch_labels' retrieved from /home/airflow/.local/lib/python3.12/site-packages/airflow/example_dags/example_branch_labels.py
[2025-04-04T19:16:12.926+0000] {logging_mixin.py:190} INFO - [2025-04-04T19:16:12.926+0000] {dag.py:3239} INFO - Sync 1 DAGs
[2025-04-04T19:16:12.948+0000] {logging_mixin.py:190} INFO - [2025-04-04T19:16:12.947+0000] {dag.py:4180} INFO - Setting next_dagrun for example_branch_labels to 2025-04-03 00:00:00+00:00, run_after=2025-04-04 00:00:00+00:00
[2025-04-04T19:16:12.964+0000] {processor.py:208} INFO - Processing /home/airflow/.local/lib/python3.12/site-packages/airflow/example_dags/example_branch_labels.py took 0.076 seconds
[2025-04-04T19:16:44.111+0000] {processor.py:186} INFO - Started process (PID=3367) to work on /home/airflow/.local/lib/python3.12/site-packages/airflow/example_dags/example_branch_labels.py
[2025-04-04T19:16:44.112+0000] {processor.py:914} INFO - Processing file /home/airflow/.local/lib/python3.12/site-packages/airflow/example_dags/example_branch_labels.py for tasks to queue
[2025-04-04T19:16:44.114+0000] {logging_mixin.py:190} INFO - [2025-04-04T19:16:44.114+0000] {dagbag.py:588} INFO - Filling up the DagBag from /home/airflow/.local/lib/python3.12/site-packages/airflow/example_dags/example_branch_labels.py
[2025-04-04T19:16:44.123+0000] {processor.py:925} INFO - DAG(s) 'example_branch_labels' retrieved from /home/airflow/.local/lib/python3.12/site-packages/airflow/example_dags/example_branch_labels.py
[2025-04-04T19:16:44.145+0000] {logging_mixin.py:190} INFO - [2025-04-04T19:16:44.144+0000] {dag.py:3239} INFO - Sync 1 DAGs
[2025-04-04T19:16:44.167+0000] {logging_mixin.py:190} INFO - [2025-04-04T19:16:44.166+0000] {dag.py:4180} INFO - Setting next_dagrun for example_branch_labels to 2025-04-03 00:00:00+00:00, run_after=2025-04-04 00:00:00+00:00
[2025-04-04T19:16:44.183+0000] {processor.py:208} INFO - Processing /home/airflow/.local/lib/python3.12/site-packages/airflow/example_dags/example_branch_labels.py took 0.079 seconds
[2025-04-04T19:17:15.604+0000] {processor.py:186} INFO - Started process (PID=3432) to work on /home/airflow/.local/lib/python3.12/site-packages/airflow/example_dags/example_branch_labels.py
[2025-04-04T19:17:15.605+0000] {processor.py:914} INFO - Processing file /home/airflow/.local/lib/python3.12/site-packages/airflow/example_dags/example_branch_labels.py for tasks to queue
[2025-04-04T19:17:15.608+0000] {logging_mixin.py:190} INFO - [2025-04-04T19:17:15.607+0000] {dagbag.py:588} INFO - Filling up the DagBag from /home/airflow/.local/lib/python3.12/site-packages/airflow/example_dags/example_branch_labels.py
[2025-04-04T19:17:15.620+0000] {processor.py:925} INFO - DAG(s) 'example_branch_labels' retrieved from /home/airflow/.local/lib/python3.12/site-packages/airflow/example_dags/example_branch_labels.py
[2025-04-04T19:17:15.646+0000] {logging_mixin.py:190} INFO - [2025-04-04T19:17:15.645+0000] {dag.py:3239} INFO - Sync 1 DAGs
[2025-04-04T19:17:15.675+0000] {logging_mixin.py:190} INFO - [2025-04-04T19:17:15.675+0000] {dag.py:4180} INFO - Setting next_dagrun for example_branch_labels to 2025-04-03 00:00:00+00:00, run_after=2025-04-04 00:00:00+00:00
[2025-04-04T19:17:15.703+0000] {processor.py:208} INFO - Processing /home/airflow/.local/lib/python3.12/site-packages/airflow/example_dags/example_branch_labels.py took 0.105 seconds
[2025-04-04T19:17:46.591+0000] {processor.py:186} INFO - Started process (PID=3496) to work on /home/airflow/.local/lib/python3.12/site-packages/airflow/example_dags/example_branch_labels.py
[2025-04-04T19:17:46.592+0000] {processor.py:914} INFO - Processing file /home/airflow/.local/lib/python3.12/site-packages/airflow/example_dags/example_branch_labels.py for tasks to queue
[2025-04-04T19:17:46.594+0000] {logging_mixin.py:190} INFO - [2025-04-04T19:17:46.594+0000] {dagbag.py:588} INFO - Filling up the DagBag from /home/airflow/.local/lib/python3.12/site-packages/airflow/example_dags/example_branch_labels.py
[2025-04-04T19:17:46.606+0000] {processor.py:925} INFO - DAG(s) 'example_branch_labels' retrieved from /home/airflow/.local/lib/python3.12/site-packages/airflow/example_dags/example_branch_labels.py
[2025-04-04T19:17:46.629+0000] {logging_mixin.py:190} INFO - [2025-04-04T19:17:46.629+0000] {dag.py:3239} INFO - Sync 1 DAGs
[2025-04-04T19:17:46.653+0000] {logging_mixin.py:190} INFO - [2025-04-04T19:17:46.652+0000] {dag.py:4180} INFO - Setting next_dagrun for example_branch_labels to 2025-04-03 00:00:00+00:00, run_after=2025-04-04 00:00:00+00:00
[2025-04-04T19:17:46.668+0000] {processor.py:208} INFO - Processing /home/airflow/.local/lib/python3.12/site-packages/airflow/example_dags/example_branch_labels.py took 0.085 seconds
[2025-04-04T19:18:17.950+0000] {processor.py:186} INFO - Started process (PID=3560) to work on /home/airflow/.local/lib/python3.12/site-packages/airflow/example_dags/example_branch_labels.py
[2025-04-04T19:18:17.950+0000] {processor.py:914} INFO - Processing file /home/airflow/.local/lib/python3.12/site-packages/airflow/example_dags/example_branch_labels.py for tasks to queue
[2025-04-04T19:18:17.953+0000] {logging_mixin.py:190} INFO - [2025-04-04T19:18:17.952+0000] {dagbag.py:588} INFO - Filling up the DagBag from /home/airflow/.local/lib/python3.12/site-packages/airflow/example_dags/example_branch_labels.py
[2025-04-04T19:18:17.963+0000] {processor.py:925} INFO - DAG(s) 'example_branch_labels' retrieved from /home/airflow/.local/lib/python3.12/site-packages/airflow/example_dags/example_branch_labels.py
[2025-04-04T19:18:17.985+0000] {logging_mixin.py:190} INFO - [2025-04-04T19:18:17.984+0000] {dag.py:3239} INFO - Sync 1 DAGs
[2025-04-04T19:18:18.009+0000] {logging_mixin.py:190} INFO - [2025-04-04T19:18:18.009+0000] {dag.py:4180} INFO - Setting next_dagrun for example_branch_labels to 2025-04-03 00:00:00+00:00, run_after=2025-04-04 00:00:00+00:00
[2025-04-04T19:18:18.026+0000] {processor.py:208} INFO - Processing /home/airflow/.local/lib/python3.12/site-packages/airflow/example_dags/example_branch_labels.py took 0.082 seconds
[2025-04-04T19:18:48.633+0000] {processor.py:186} INFO - Started process (PID=3624) to work on /home/airflow/.local/lib/python3.12/site-packages/airflow/example_dags/example_branch_labels.py
[2025-04-04T19:18:48.634+0000] {processor.py:914} INFO - Processing file /home/airflow/.local/lib/python3.12/site-packages/airflow/example_dags/example_branch_labels.py for tasks to queue
[2025-04-04T19:18:48.637+0000] {logging_mixin.py:190} INFO - [2025-04-04T19:18:48.636+0000] {dagbag.py:588} INFO - Filling up the DagBag from /home/airflow/.local/lib/python3.12/site-packages/airflow/example_dags/example_branch_labels.py
[2025-04-04T19:18:48.646+0000] {processor.py:925} INFO - DAG(s) 'example_branch_labels' retrieved from /home/airflow/.local/lib/python3.12/site-packages/airflow/example_dags/example_branch_labels.py
[2025-04-04T19:18:48.667+0000] {logging_mixin.py:190} INFO - [2025-04-04T19:18:48.667+0000] {dag.py:3239} INFO - Sync 1 DAGs
[2025-04-04T19:18:48.689+0000] {logging_mixin.py:190} INFO - [2025-04-04T19:18:48.689+0000] {dag.py:4180} INFO - Setting next_dagrun for example_branch_labels to 2025-04-03 00:00:00+00:00, run_after=2025-04-04 00:00:00+00:00
[2025-04-04T19:18:48.707+0000] {processor.py:208} INFO - Processing /home/airflow/.local/lib/python3.12/site-packages/airflow/example_dags/example_branch_labels.py took 0.080 seconds
[2025-04-04T19:19:19.875+0000] {processor.py:186} INFO - Started process (PID=3688) to work on /home/airflow/.local/lib/python3.12/site-packages/airflow/example_dags/example_branch_labels.py
[2025-04-04T19:19:19.876+0000] {processor.py:914} INFO - Processing file /home/airflow/.local/lib/python3.12/site-packages/airflow/example_dags/example_branch_labels.py for tasks to queue
[2025-04-04T19:19:19.878+0000] {logging_mixin.py:190} INFO - [2025-04-04T19:19:19.878+0000] {dagbag.py:588} INFO - Filling up the DagBag from /home/airflow/.local/lib/python3.12/site-packages/airflow/example_dags/example_branch_labels.py
[2025-04-04T19:19:19.888+0000] {processor.py:925} INFO - DAG(s) 'example_branch_labels' retrieved from /home/airflow/.local/lib/python3.12/site-packages/airflow/example_dags/example_branch_labels.py
[2025-04-04T19:19:19.909+0000] {logging_mixin.py:190} INFO - [2025-04-04T19:19:19.908+0000] {dag.py:3239} INFO - Sync 1 DAGs
[2025-04-04T19:19:19.934+0000] {logging_mixin.py:190} INFO - [2025-04-04T19:19:19.934+0000] {dag.py:4180} INFO - Setting next_dagrun for example_branch_labels to 2025-04-03 00:00:00+00:00, run_after=2025-04-04 00:00:00+00:00
[2025-04-04T19:19:19.952+0000] {processor.py:208} INFO - Processing /home/airflow/.local/lib/python3.12/site-packages/airflow/example_dags/example_branch_labels.py took 0.082 seconds
[2025-04-04T19:19:50.641+0000] {processor.py:186} INFO - Started process (PID=3752) to work on /home/airflow/.local/lib/python3.12/site-packages/airflow/example_dags/example_branch_labels.py
[2025-04-04T19:19:50.642+0000] {processor.py:914} INFO - Processing file /home/airflow/.local/lib/python3.12/site-packages/airflow/example_dags/example_branch_labels.py for tasks to queue
[2025-04-04T19:19:50.645+0000] {logging_mixin.py:190} INFO - [2025-04-04T19:19:50.644+0000] {dagbag.py:588} INFO - Filling up the DagBag from /home/airflow/.local/lib/python3.12/site-packages/airflow/example_dags/example_branch_labels.py
[2025-04-04T19:19:50.655+0000] {processor.py:925} INFO - DAG(s) 'example_branch_labels' retrieved from /home/airflow/.local/lib/python3.12/site-packages/airflow/example_dags/example_branch_labels.py
[2025-04-04T19:19:50.676+0000] {logging_mixin.py:190} INFO - [2025-04-04T19:19:50.675+0000] {dag.py:3239} INFO - Sync 1 DAGs
[2025-04-04T19:19:50.699+0000] {logging_mixin.py:190} INFO - [2025-04-04T19:19:50.698+0000] {dag.py:4180} INFO - Setting next_dagrun for example_branch_labels to 2025-04-03 00:00:00+00:00, run_after=2025-04-04 00:00:00+00:00
[2025-04-04T19:19:50.715+0000] {processor.py:208} INFO - Processing /home/airflow/.local/lib/python3.12/site-packages/airflow/example_dags/example_branch_labels.py took 0.081 seconds
[2025-04-04T19:20:21.390+0000] {processor.py:186} INFO - Started process (PID=3816) to work on /home/airflow/.local/lib/python3.12/site-packages/airflow/example_dags/example_branch_labels.py
[2025-04-04T19:20:21.391+0000] {processor.py:914} INFO - Processing file /home/airflow/.local/lib/python3.12/site-packages/airflow/example_dags/example_branch_labels.py for tasks to queue
[2025-04-04T19:20:21.393+0000] {logging_mixin.py:190} INFO - [2025-04-04T19:20:21.393+0000] {dagbag.py:588} INFO - Filling up the DagBag from /home/airflow/.local/lib/python3.12/site-packages/airflow/example_dags/example_branch_labels.py
[2025-04-04T19:20:21.402+0000] {processor.py:925} INFO - DAG(s) 'example_branch_labels' retrieved from /home/airflow/.local/lib/python3.12/site-packages/airflow/example_dags/example_branch_labels.py
[2025-04-04T19:20:21.421+0000] {logging_mixin.py:190} INFO - [2025-04-04T19:20:21.421+0000] {dag.py:3239} INFO - Sync 1 DAGs
[2025-04-04T19:20:21.442+0000] {logging_mixin.py:190} INFO - [2025-04-04T19:20:21.442+0000] {dag.py:4180} INFO - Setting next_dagrun for example_branch_labels to 2025-04-03 00:00:00+00:00, run_after=2025-04-04 00:00:00+00:00
[2025-04-04T19:20:21.457+0000] {processor.py:208} INFO - Processing /home/airflow/.local/lib/python3.12/site-packages/airflow/example_dags/example_branch_labels.py took 0.072 seconds
[2025-04-04T19:20:52.394+0000] {processor.py:186} INFO - Started process (PID=3880) to work on /home/airflow/.local/lib/python3.12/site-packages/airflow/example_dags/example_branch_labels.py
[2025-04-04T19:20:52.395+0000] {processor.py:914} INFO - Processing file /home/airflow/.local/lib/python3.12/site-packages/airflow/example_dags/example_branch_labels.py for tasks to queue
[2025-04-04T19:20:52.396+0000] {logging_mixin.py:190} INFO - [2025-04-04T19:20:52.396+0000] {dagbag.py:588} INFO - Filling up the DagBag from /home/airflow/.local/lib/python3.12/site-packages/airflow/example_dags/example_branch_labels.py
[2025-04-04T19:20:52.405+0000] {processor.py:925} INFO - DAG(s) 'example_branch_labels' retrieved from /home/airflow/.local/lib/python3.12/site-packages/airflow/example_dags/example_branch_labels.py
[2025-04-04T19:20:52.425+0000] {logging_mixin.py:190} INFO - [2025-04-04T19:20:52.425+0000] {dag.py:3239} INFO - Sync 1 DAGs
[2025-04-04T19:20:52.446+0000] {logging_mixin.py:190} INFO - [2025-04-04T19:20:52.446+0000] {dag.py:4180} INFO - Setting next_dagrun for example_branch_labels to 2025-04-03 00:00:00+00:00, run_after=2025-04-04 00:00:00+00:00
[2025-04-04T19:20:52.463+0000] {processor.py:208} INFO - Processing /home/airflow/.local/lib/python3.12/site-packages/airflow/example_dags/example_branch_labels.py took 0.075 seconds
[2025-04-04T19:21:23.524+0000] {processor.py:186} INFO - Started process (PID=3944) to work on /home/airflow/.local/lib/python3.12/site-packages/airflow/example_dags/example_branch_labels.py
[2025-04-04T19:21:23.525+0000] {processor.py:914} INFO - Processing file /home/airflow/.local/lib/python3.12/site-packages/airflow/example_dags/example_branch_labels.py for tasks to queue
[2025-04-04T19:21:23.527+0000] {logging_mixin.py:190} INFO - [2025-04-04T19:21:23.526+0000] {dagbag.py:588} INFO - Filling up the DagBag from /home/airflow/.local/lib/python3.12/site-packages/airflow/example_dags/example_branch_labels.py
[2025-04-04T19:21:23.537+0000] {processor.py:925} INFO - DAG(s) 'example_branch_labels' retrieved from /home/airflow/.local/lib/python3.12/site-packages/airflow/example_dags/example_branch_labels.py
[2025-04-04T19:21:23.557+0000] {logging_mixin.py:190} INFO - [2025-04-04T19:21:23.557+0000] {dag.py:3239} INFO - Sync 1 DAGs
[2025-04-04T19:21:23.580+0000] {logging_mixin.py:190} INFO - [2025-04-04T19:21:23.579+0000] {dag.py:4180} INFO - Setting next_dagrun for example_branch_labels to 2025-04-03 00:00:00+00:00, run_after=2025-04-04 00:00:00+00:00
[2025-04-04T19:21:23.597+0000] {processor.py:208} INFO - Processing /home/airflow/.local/lib/python3.12/site-packages/airflow/example_dags/example_branch_labels.py took 0.079 seconds
[2025-04-04T19:21:54.051+0000] {processor.py:186} INFO - Started process (PID=4008) to work on /home/airflow/.local/lib/python3.12/site-packages/airflow/example_dags/example_branch_labels.py
[2025-04-04T19:21:54.052+0000] {processor.py:914} INFO - Processing file /home/airflow/.local/lib/python3.12/site-packages/airflow/example_dags/example_branch_labels.py for tasks to queue
[2025-04-04T19:21:54.054+0000] {logging_mixin.py:190} INFO - [2025-04-04T19:21:54.054+0000] {dagbag.py:588} INFO - Filling up the DagBag from /home/airflow/.local/lib/python3.12/site-packages/airflow/example_dags/example_branch_labels.py
[2025-04-04T19:21:54.063+0000] {processor.py:925} INFO - DAG(s) 'example_branch_labels' retrieved from /home/airflow/.local/lib/python3.12/site-packages/airflow/example_dags/example_branch_labels.py
[2025-04-04T19:21:54.085+0000] {logging_mixin.py:190} INFO - [2025-04-04T19:21:54.085+0000] {dag.py:3239} INFO - Sync 1 DAGs
[2025-04-04T19:21:54.115+0000] {logging_mixin.py:190} INFO - [2025-04-04T19:21:54.114+0000] {dag.py:4180} INFO - Setting next_dagrun for example_branch_labels to 2025-04-03 00:00:00+00:00, run_after=2025-04-04 00:00:00+00:00
[2025-04-04T19:21:54.133+0000] {processor.py:208} INFO - Processing /home/airflow/.local/lib/python3.12/site-packages/airflow/example_dags/example_branch_labels.py took 0.088 seconds
[2025-04-04T19:22:24.477+0000] {processor.py:186} INFO - Started process (PID=4072) to work on /home/airflow/.local/lib/python3.12/site-packages/airflow/example_dags/example_branch_labels.py
[2025-04-04T19:22:24.478+0000] {processor.py:914} INFO - Processing file /home/airflow/.local/lib/python3.12/site-packages/airflow/example_dags/example_branch_labels.py for tasks to queue
[2025-04-04T19:22:24.480+0000] {logging_mixin.py:190} INFO - [2025-04-04T19:22:24.480+0000] {dagbag.py:588} INFO - Filling up the DagBag from /home/airflow/.local/lib/python3.12/site-packages/airflow/example_dags/example_branch_labels.py
[2025-04-04T19:22:24.489+0000] {processor.py:925} INFO - DAG(s) 'example_branch_labels' retrieved from /home/airflow/.local/lib/python3.12/site-packages/airflow/example_dags/example_branch_labels.py
[2025-04-04T19:22:24.510+0000] {logging_mixin.py:190} INFO - [2025-04-04T19:22:24.509+0000] {dag.py:3239} INFO - Sync 1 DAGs
[2025-04-04T19:22:24.534+0000] {logging_mixin.py:190} INFO - [2025-04-04T19:22:24.533+0000] {dag.py:4180} INFO - Setting next_dagrun for example_branch_labels to 2025-04-03 00:00:00+00:00, run_after=2025-04-04 00:00:00+00:00
[2025-04-04T19:22:24.552+0000] {processor.py:208} INFO - Processing /home/airflow/.local/lib/python3.12/site-packages/airflow/example_dags/example_branch_labels.py took 0.080 seconds
[2025-04-04T19:22:55.593+0000] {processor.py:186} INFO - Started process (PID=4135) to work on /home/airflow/.local/lib/python3.12/site-packages/airflow/example_dags/example_branch_labels.py
[2025-04-04T19:22:55.594+0000] {processor.py:914} INFO - Processing file /home/airflow/.local/lib/python3.12/site-packages/airflow/example_dags/example_branch_labels.py for tasks to queue
[2025-04-04T19:22:55.597+0000] {logging_mixin.py:190} INFO - [2025-04-04T19:22:55.596+0000] {dagbag.py:588} INFO - Filling up the DagBag from /home/airflow/.local/lib/python3.12/site-packages/airflow/example_dags/example_branch_labels.py
[2025-04-04T19:22:55.607+0000] {processor.py:925} INFO - DAG(s) 'example_branch_labels' retrieved from /home/airflow/.local/lib/python3.12/site-packages/airflow/example_dags/example_branch_labels.py
[2025-04-04T19:22:55.629+0000] {logging_mixin.py:190} INFO - [2025-04-04T19:22:55.628+0000] {dag.py:3239} INFO - Sync 1 DAGs
[2025-04-04T19:22:55.652+0000] {logging_mixin.py:190} INFO - [2025-04-04T19:22:55.652+0000] {dag.py:4180} INFO - Setting next_dagrun for example_branch_labels to 2025-04-03 00:00:00+00:00, run_after=2025-04-04 00:00:00+00:00
[2025-04-04T19:22:55.672+0000] {processor.py:208} INFO - Processing /home/airflow/.local/lib/python3.12/site-packages/airflow/example_dags/example_branch_labels.py took 0.087 seconds
[2025-04-04T19:23:26.236+0000] {processor.py:186} INFO - Started process (PID=4199) to work on /home/airflow/.local/lib/python3.12/site-packages/airflow/example_dags/example_branch_labels.py
[2025-04-04T19:23:26.237+0000] {processor.py:914} INFO - Processing file /home/airflow/.local/lib/python3.12/site-packages/airflow/example_dags/example_branch_labels.py for tasks to queue
[2025-04-04T19:23:26.239+0000] {logging_mixin.py:190} INFO - [2025-04-04T19:23:26.239+0000] {dagbag.py:588} INFO - Filling up the DagBag from /home/airflow/.local/lib/python3.12/site-packages/airflow/example_dags/example_branch_labels.py
[2025-04-04T19:23:26.249+0000] {processor.py:925} INFO - DAG(s) 'example_branch_labels' retrieved from /home/airflow/.local/lib/python3.12/site-packages/airflow/example_dags/example_branch_labels.py
[2025-04-04T19:23:26.270+0000] {logging_mixin.py:190} INFO - [2025-04-04T19:23:26.270+0000] {dag.py:3239} INFO - Sync 1 DAGs
[2025-04-04T19:23:26.298+0000] {logging_mixin.py:190} INFO - [2025-04-04T19:23:26.298+0000] {dag.py:4180} INFO - Setting next_dagrun for example_branch_labels to 2025-04-03 00:00:00+00:00, run_after=2025-04-04 00:00:00+00:00
[2025-04-04T19:23:26.318+0000] {processor.py:208} INFO - Processing /home/airflow/.local/lib/python3.12/site-packages/airflow/example_dags/example_branch_labels.py took 0.091 seconds
[2025-04-04T19:23:56.774+0000] {processor.py:186} INFO - Started process (PID=4263) to work on /home/airflow/.local/lib/python3.12/site-packages/airflow/example_dags/example_branch_labels.py
[2025-04-04T19:23:56.775+0000] {processor.py:914} INFO - Processing file /home/airflow/.local/lib/python3.12/site-packages/airflow/example_dags/example_branch_labels.py for tasks to queue
[2025-04-04T19:23:56.778+0000] {logging_mixin.py:190} INFO - [2025-04-04T19:23:56.777+0000] {dagbag.py:588} INFO - Filling up the DagBag from /home/airflow/.local/lib/python3.12/site-packages/airflow/example_dags/example_branch_labels.py
[2025-04-04T19:23:56.788+0000] {processor.py:925} INFO - DAG(s) 'example_branch_labels' retrieved from /home/airflow/.local/lib/python3.12/site-packages/airflow/example_dags/example_branch_labels.py
[2025-04-04T19:23:56.810+0000] {logging_mixin.py:190} INFO - [2025-04-04T19:23:56.809+0000] {dag.py:3239} INFO - Sync 1 DAGs
[2025-04-04T19:23:56.836+0000] {logging_mixin.py:190} INFO - [2025-04-04T19:23:56.836+0000] {dag.py:4180} INFO - Setting next_dagrun for example_branch_labels to 2025-04-03 00:00:00+00:00, run_after=2025-04-04 00:00:00+00:00
[2025-04-04T19:23:56.855+0000] {processor.py:208} INFO - Processing /home/airflow/.local/lib/python3.12/site-packages/airflow/example_dags/example_branch_labels.py took 0.087 seconds
[2025-04-04T19:24:27.764+0000] {processor.py:186} INFO - Started process (PID=4327) to work on /home/airflow/.local/lib/python3.12/site-packages/airflow/example_dags/example_branch_labels.py
[2025-04-04T19:24:27.765+0000] {processor.py:914} INFO - Processing file /home/airflow/.local/lib/python3.12/site-packages/airflow/example_dags/example_branch_labels.py for tasks to queue
[2025-04-04T19:24:27.767+0000] {logging_mixin.py:190} INFO - [2025-04-04T19:24:27.766+0000] {dagbag.py:588} INFO - Filling up the DagBag from /home/airflow/.local/lib/python3.12/site-packages/airflow/example_dags/example_branch_labels.py
[2025-04-04T19:24:27.776+0000] {processor.py:925} INFO - DAG(s) 'example_branch_labels' retrieved from /home/airflow/.local/lib/python3.12/site-packages/airflow/example_dags/example_branch_labels.py
[2025-04-04T19:24:27.796+0000] {logging_mixin.py:190} INFO - [2025-04-04T19:24:27.796+0000] {dag.py:3239} INFO - Sync 1 DAGs
[2025-04-04T19:24:27.819+0000] {logging_mixin.py:190} INFO - [2025-04-04T19:24:27.819+0000] {dag.py:4180} INFO - Setting next_dagrun for example_branch_labels to 2025-04-03 00:00:00+00:00, run_after=2025-04-04 00:00:00+00:00
[2025-04-04T19:24:27.835+0000] {processor.py:208} INFO - Processing /home/airflow/.local/lib/python3.12/site-packages/airflow/example_dags/example_branch_labels.py took 0.078 seconds
[2025-04-04T19:24:59.061+0000] {processor.py:186} INFO - Started process (PID=4391) to work on /home/airflow/.local/lib/python3.12/site-packages/airflow/example_dags/example_branch_labels.py
[2025-04-04T19:24:59.062+0000] {processor.py:914} INFO - Processing file /home/airflow/.local/lib/python3.12/site-packages/airflow/example_dags/example_branch_labels.py for tasks to queue
[2025-04-04T19:24:59.064+0000] {logging_mixin.py:190} INFO - [2025-04-04T19:24:59.064+0000] {dagbag.py:588} INFO - Filling up the DagBag from /home/airflow/.local/lib/python3.12/site-packages/airflow/example_dags/example_branch_labels.py
[2025-04-04T19:24:59.075+0000] {processor.py:925} INFO - DAG(s) 'example_branch_labels' retrieved from /home/airflow/.local/lib/python3.12/site-packages/airflow/example_dags/example_branch_labels.py
[2025-04-04T19:24:59.095+0000] {logging_mixin.py:190} INFO - [2025-04-04T19:24:59.095+0000] {dag.py:3239} INFO - Sync 1 DAGs
[2025-04-04T19:24:59.122+0000] {logging_mixin.py:190} INFO - [2025-04-04T19:24:59.122+0000] {dag.py:4180} INFO - Setting next_dagrun for example_branch_labels to 2025-04-03 00:00:00+00:00, run_after=2025-04-04 00:00:00+00:00
[2025-04-04T19:24:59.138+0000] {processor.py:208} INFO - Processing /home/airflow/.local/lib/python3.12/site-packages/airflow/example_dags/example_branch_labels.py took 0.081 seconds
[2025-04-04T19:25:30.496+0000] {processor.py:186} INFO - Started process (PID=4456) to work on /home/airflow/.local/lib/python3.12/site-packages/airflow/example_dags/example_branch_labels.py
[2025-04-04T19:25:30.497+0000] {processor.py:914} INFO - Processing file /home/airflow/.local/lib/python3.12/site-packages/airflow/example_dags/example_branch_labels.py for tasks to queue
[2025-04-04T19:25:30.500+0000] {logging_mixin.py:190} INFO - [2025-04-04T19:25:30.500+0000] {dagbag.py:588} INFO - Filling up the DagBag from /home/airflow/.local/lib/python3.12/site-packages/airflow/example_dags/example_branch_labels.py
[2025-04-04T19:25:30.510+0000] {processor.py:925} INFO - DAG(s) 'example_branch_labels' retrieved from /home/airflow/.local/lib/python3.12/site-packages/airflow/example_dags/example_branch_labels.py
[2025-04-04T19:25:30.531+0000] {logging_mixin.py:190} INFO - [2025-04-04T19:25:30.531+0000] {dag.py:3239} INFO - Sync 1 DAGs
[2025-04-04T19:25:30.560+0000] {logging_mixin.py:190} INFO - [2025-04-04T19:25:30.559+0000] {dag.py:4180} INFO - Setting next_dagrun for example_branch_labels to 2025-04-03 00:00:00+00:00, run_after=2025-04-04 00:00:00+00:00
[2025-04-04T19:25:30.580+0000] {processor.py:208} INFO - Processing /home/airflow/.local/lib/python3.12/site-packages/airflow/example_dags/example_branch_labels.py took 0.090 seconds
[2025-04-04T19:26:01.729+0000] {processor.py:186} INFO - Started process (PID=4522) to work on /home/airflow/.local/lib/python3.12/site-packages/airflow/example_dags/example_branch_labels.py
[2025-04-04T19:26:01.730+0000] {processor.py:914} INFO - Processing file /home/airflow/.local/lib/python3.12/site-packages/airflow/example_dags/example_branch_labels.py for tasks to queue
[2025-04-04T19:26:01.732+0000] {logging_mixin.py:190} INFO - [2025-04-04T19:26:01.732+0000] {dagbag.py:588} INFO - Filling up the DagBag from /home/airflow/.local/lib/python3.12/site-packages/airflow/example_dags/example_branch_labels.py
[2025-04-04T19:26:01.741+0000] {processor.py:925} INFO - DAG(s) 'example_branch_labels' retrieved from /home/airflow/.local/lib/python3.12/site-packages/airflow/example_dags/example_branch_labels.py
[2025-04-04T19:26:01.761+0000] {logging_mixin.py:190} INFO - [2025-04-04T19:26:01.761+0000] {dag.py:3239} INFO - Sync 1 DAGs
[2025-04-04T19:26:01.784+0000] {logging_mixin.py:190} INFO - [2025-04-04T19:26:01.784+0000] {dag.py:4180} INFO - Setting next_dagrun for example_branch_labels to 2025-04-03 00:00:00+00:00, run_after=2025-04-04 00:00:00+00:00
[2025-04-04T19:26:01.801+0000] {processor.py:208} INFO - Processing /home/airflow/.local/lib/python3.12/site-packages/airflow/example_dags/example_branch_labels.py took 0.077 seconds
[2025-04-04T19:26:32.910+0000] {processor.py:186} INFO - Started process (PID=4586) to work on /home/airflow/.local/lib/python3.12/site-packages/airflow/example_dags/example_branch_labels.py
[2025-04-04T19:26:32.912+0000] {processor.py:914} INFO - Processing file /home/airflow/.local/lib/python3.12/site-packages/airflow/example_dags/example_branch_labels.py for tasks to queue
[2025-04-04T19:26:32.914+0000] {logging_mixin.py:190} INFO - [2025-04-04T19:26:32.914+0000] {dagbag.py:588} INFO - Filling up the DagBag from /home/airflow/.local/lib/python3.12/site-packages/airflow/example_dags/example_branch_labels.py
[2025-04-04T19:26:32.925+0000] {processor.py:925} INFO - DAG(s) 'example_branch_labels' retrieved from /home/airflow/.local/lib/python3.12/site-packages/airflow/example_dags/example_branch_labels.py
[2025-04-04T19:26:32.947+0000] {logging_mixin.py:190} INFO - [2025-04-04T19:26:32.947+0000] {dag.py:3239} INFO - Sync 1 DAGs
[2025-04-04T19:26:32.972+0000] {logging_mixin.py:190} INFO - [2025-04-04T19:26:32.972+0000] {dag.py:4180} INFO - Setting next_dagrun for example_branch_labels to 2025-04-03 00:00:00+00:00, run_after=2025-04-04 00:00:00+00:00
[2025-04-04T19:26:32.989+0000] {processor.py:208} INFO - Processing /home/airflow/.local/lib/python3.12/site-packages/airflow/example_dags/example_branch_labels.py took 0.085 seconds
[2025-04-04T19:27:04.104+0000] {processor.py:186} INFO - Started process (PID=4653) to work on /home/airflow/.local/lib/python3.12/site-packages/airflow/example_dags/example_branch_labels.py
[2025-04-04T19:27:04.105+0000] {processor.py:914} INFO - Processing file /home/airflow/.local/lib/python3.12/site-packages/airflow/example_dags/example_branch_labels.py for tasks to queue
[2025-04-04T19:27:04.107+0000] {logging_mixin.py:190} INFO - [2025-04-04T19:27:04.107+0000] {dagbag.py:588} INFO - Filling up the DagBag from /home/airflow/.local/lib/python3.12/site-packages/airflow/example_dags/example_branch_labels.py
[2025-04-04T19:27:04.116+0000] {processor.py:925} INFO - DAG(s) 'example_branch_labels' retrieved from /home/airflow/.local/lib/python3.12/site-packages/airflow/example_dags/example_branch_labels.py
[2025-04-04T19:27:04.136+0000] {logging_mixin.py:190} INFO - [2025-04-04T19:27:04.135+0000] {dag.py:3239} INFO - Sync 1 DAGs
[2025-04-04T19:27:04.161+0000] {logging_mixin.py:190} INFO - [2025-04-04T19:27:04.161+0000] {dag.py:4180} INFO - Setting next_dagrun for example_branch_labels to 2025-04-03 00:00:00+00:00, run_after=2025-04-04 00:00:00+00:00
[2025-04-04T19:27:04.177+0000] {processor.py:208} INFO - Processing /home/airflow/.local/lib/python3.12/site-packages/airflow/example_dags/example_branch_labels.py took 0.078 seconds
[2025-04-04T19:27:35.126+0000] {processor.py:186} INFO - Started process (PID=4718) to work on /home/airflow/.local/lib/python3.12/site-packages/airflow/example_dags/example_branch_labels.py
[2025-04-04T19:27:35.127+0000] {processor.py:914} INFO - Processing file /home/airflow/.local/lib/python3.12/site-packages/airflow/example_dags/example_branch_labels.py for tasks to queue
[2025-04-04T19:27:35.129+0000] {logging_mixin.py:190} INFO - [2025-04-04T19:27:35.129+0000] {dagbag.py:588} INFO - Filling up the DagBag from /home/airflow/.local/lib/python3.12/site-packages/airflow/example_dags/example_branch_labels.py
[2025-04-04T19:27:35.138+0000] {processor.py:925} INFO - DAG(s) 'example_branch_labels' retrieved from /home/airflow/.local/lib/python3.12/site-packages/airflow/example_dags/example_branch_labels.py
[2025-04-04T19:27:35.158+0000] {logging_mixin.py:190} INFO - [2025-04-04T19:27:35.157+0000] {dag.py:3239} INFO - Sync 1 DAGs
[2025-04-04T19:27:35.180+0000] {logging_mixin.py:190} INFO - [2025-04-04T19:27:35.179+0000] {dag.py:4180} INFO - Setting next_dagrun for example_branch_labels to 2025-04-03 00:00:00+00:00, run_after=2025-04-04 00:00:00+00:00
[2025-04-04T19:27:35.195+0000] {processor.py:208} INFO - Processing /home/airflow/.local/lib/python3.12/site-packages/airflow/example_dags/example_branch_labels.py took 0.075 seconds
[2025-04-04T19:28:05.770+0000] {processor.py:186} INFO - Started process (PID=4782) to work on /home/airflow/.local/lib/python3.12/site-packages/airflow/example_dags/example_branch_labels.py
[2025-04-04T19:28:05.771+0000] {processor.py:914} INFO - Processing file /home/airflow/.local/lib/python3.12/site-packages/airflow/example_dags/example_branch_labels.py for tasks to queue
[2025-04-04T19:28:05.773+0000] {logging_mixin.py:190} INFO - [2025-04-04T19:28:05.773+0000] {dagbag.py:588} INFO - Filling up the DagBag from /home/airflow/.local/lib/python3.12/site-packages/airflow/example_dags/example_branch_labels.py
[2025-04-04T19:28:05.784+0000] {processor.py:925} INFO - DAG(s) 'example_branch_labels' retrieved from /home/airflow/.local/lib/python3.12/site-packages/airflow/example_dags/example_branch_labels.py
[2025-04-04T19:28:05.803+0000] {logging_mixin.py:190} INFO - [2025-04-04T19:28:05.803+0000] {dag.py:3239} INFO - Sync 1 DAGs
[2025-04-04T19:28:05.827+0000] {logging_mixin.py:190} INFO - [2025-04-04T19:28:05.827+0000] {dag.py:4180} INFO - Setting next_dagrun for example_branch_labels to 2025-04-03 00:00:00+00:00, run_after=2025-04-04 00:00:00+00:00
[2025-04-04T19:28:05.842+0000] {processor.py:208} INFO - Processing /home/airflow/.local/lib/python3.12/site-packages/airflow/example_dags/example_branch_labels.py took 0.077 seconds
[2025-04-04T19:28:36.892+0000] {processor.py:186} INFO - Started process (PID=4847) to work on /home/airflow/.local/lib/python3.12/site-packages/airflow/example_dags/example_branch_labels.py
[2025-04-04T19:28:36.893+0000] {processor.py:914} INFO - Processing file /home/airflow/.local/lib/python3.12/site-packages/airflow/example_dags/example_branch_labels.py for tasks to queue
[2025-04-04T19:28:36.895+0000] {logging_mixin.py:190} INFO - [2025-04-04T19:28:36.894+0000] {dagbag.py:588} INFO - Filling up the DagBag from /home/airflow/.local/lib/python3.12/site-packages/airflow/example_dags/example_branch_labels.py
[2025-04-04T19:28:36.904+0000] {processor.py:925} INFO - DAG(s) 'example_branch_labels' retrieved from /home/airflow/.local/lib/python3.12/site-packages/airflow/example_dags/example_branch_labels.py
[2025-04-04T19:28:36.924+0000] {logging_mixin.py:190} INFO - [2025-04-04T19:28:36.924+0000] {dag.py:3239} INFO - Sync 1 DAGs
[2025-04-04T19:28:36.949+0000] {logging_mixin.py:190} INFO - [2025-04-04T19:28:36.949+0000] {dag.py:4180} INFO - Setting next_dagrun for example_branch_labels to 2025-04-03 00:00:00+00:00, run_after=2025-04-04 00:00:00+00:00
[2025-04-04T19:28:36.968+0000] {processor.py:208} INFO - Processing /home/airflow/.local/lib/python3.12/site-packages/airflow/example_dags/example_branch_labels.py took 0.082 seconds
[2025-04-04T19:29:08.018+0000] {processor.py:186} INFO - Started process (PID=4913) to work on /home/airflow/.local/lib/python3.12/site-packages/airflow/example_dags/example_branch_labels.py
[2025-04-04T19:29:08.019+0000] {processor.py:914} INFO - Processing file /home/airflow/.local/lib/python3.12/site-packages/airflow/example_dags/example_branch_labels.py for tasks to queue
[2025-04-04T19:29:08.022+0000] {logging_mixin.py:190} INFO - [2025-04-04T19:29:08.021+0000] {dagbag.py:588} INFO - Filling up the DagBag from /home/airflow/.local/lib/python3.12/site-packages/airflow/example_dags/example_branch_labels.py
[2025-04-04T19:29:08.031+0000] {processor.py:925} INFO - DAG(s) 'example_branch_labels' retrieved from /home/airflow/.local/lib/python3.12/site-packages/airflow/example_dags/example_branch_labels.py
[2025-04-04T19:29:08.052+0000] {logging_mixin.py:190} INFO - [2025-04-04T19:29:08.052+0000] {dag.py:3239} INFO - Sync 1 DAGs
[2025-04-04T19:29:08.076+0000] {logging_mixin.py:190} INFO - [2025-04-04T19:29:08.076+0000] {dag.py:4180} INFO - Setting next_dagrun for example_branch_labels to 2025-04-03 00:00:00+00:00, run_after=2025-04-04 00:00:00+00:00
[2025-04-04T19:29:08.093+0000] {processor.py:208} INFO - Processing /home/airflow/.local/lib/python3.12/site-packages/airflow/example_dags/example_branch_labels.py took 0.081 seconds
[2025-04-04T19:29:39.328+0000] {processor.py:186} INFO - Started process (PID=4978) to work on /home/airflow/.local/lib/python3.12/site-packages/airflow/example_dags/example_branch_labels.py
[2025-04-04T19:29:39.329+0000] {processor.py:914} INFO - Processing file /home/airflow/.local/lib/python3.12/site-packages/airflow/example_dags/example_branch_labels.py for tasks to queue
[2025-04-04T19:29:39.332+0000] {logging_mixin.py:190} INFO - [2025-04-04T19:29:39.332+0000] {dagbag.py:588} INFO - Filling up the DagBag from /home/airflow/.local/lib/python3.12/site-packages/airflow/example_dags/example_branch_labels.py
[2025-04-04T19:29:39.341+0000] {processor.py:925} INFO - DAG(s) 'example_branch_labels' retrieved from /home/airflow/.local/lib/python3.12/site-packages/airflow/example_dags/example_branch_labels.py
[2025-04-04T19:29:39.363+0000] {logging_mixin.py:190} INFO - [2025-04-04T19:29:39.363+0000] {dag.py:3239} INFO - Sync 1 DAGs
[2025-04-04T19:29:39.398+0000] {logging_mixin.py:190} INFO - [2025-04-04T19:29:39.397+0000] {dag.py:4180} INFO - Setting next_dagrun for example_branch_labels to 2025-04-03 00:00:00+00:00, run_after=2025-04-04 00:00:00+00:00
[2025-04-04T19:29:39.417+0000] {processor.py:208} INFO - Processing /home/airflow/.local/lib/python3.12/site-packages/airflow/example_dags/example_branch_labels.py took 0.094 seconds
[2025-04-04T19:30:10.361+0000] {processor.py:186} INFO - Started process (PID=5044) to work on /home/airflow/.local/lib/python3.12/site-packages/airflow/example_dags/example_branch_labels.py
[2025-04-04T19:30:10.362+0000] {processor.py:914} INFO - Processing file /home/airflow/.local/lib/python3.12/site-packages/airflow/example_dags/example_branch_labels.py for tasks to queue
[2025-04-04T19:30:10.364+0000] {logging_mixin.py:190} INFO - [2025-04-04T19:30:10.363+0000] {dagbag.py:588} INFO - Filling up the DagBag from /home/airflow/.local/lib/python3.12/site-packages/airflow/example_dags/example_branch_labels.py
[2025-04-04T19:30:10.375+0000] {processor.py:925} INFO - DAG(s) 'example_branch_labels' retrieved from /home/airflow/.local/lib/python3.12/site-packages/airflow/example_dags/example_branch_labels.py
[2025-04-04T19:30:10.398+0000] {logging_mixin.py:190} INFO - [2025-04-04T19:30:10.397+0000] {dag.py:3239} INFO - Sync 1 DAGs
[2025-04-04T19:30:10.425+0000] {logging_mixin.py:190} INFO - [2025-04-04T19:30:10.425+0000] {dag.py:4180} INFO - Setting next_dagrun for example_branch_labels to 2025-04-03 00:00:00+00:00, run_after=2025-04-04 00:00:00+00:00
[2025-04-04T19:30:10.444+0000] {processor.py:208} INFO - Processing /home/airflow/.local/lib/python3.12/site-packages/airflow/example_dags/example_branch_labels.py took 0.088 seconds
[2025-04-04T19:30:42.164+0000] {processor.py:186} INFO - Started process (PID=5109) to work on /home/airflow/.local/lib/python3.12/site-packages/airflow/example_dags/example_branch_labels.py
[2025-04-04T19:30:42.165+0000] {processor.py:914} INFO - Processing file /home/airflow/.local/lib/python3.12/site-packages/airflow/example_dags/example_branch_labels.py for tasks to queue
[2025-04-04T19:30:42.167+0000] {logging_mixin.py:190} INFO - [2025-04-04T19:30:42.167+0000] {dagbag.py:588} INFO - Filling up the DagBag from /home/airflow/.local/lib/python3.12/site-packages/airflow/example_dags/example_branch_labels.py
[2025-04-04T19:30:42.176+0000] {processor.py:925} INFO - DAG(s) 'example_branch_labels' retrieved from /home/airflow/.local/lib/python3.12/site-packages/airflow/example_dags/example_branch_labels.py
[2025-04-04T19:30:42.195+0000] {logging_mixin.py:190} INFO - [2025-04-04T19:30:42.195+0000] {dag.py:3239} INFO - Sync 1 DAGs
[2025-04-04T19:30:42.218+0000] {logging_mixin.py:190} INFO - [2025-04-04T19:30:42.217+0000] {dag.py:4180} INFO - Setting next_dagrun for example_branch_labels to 2025-04-03 00:00:00+00:00, run_after=2025-04-04 00:00:00+00:00
[2025-04-04T19:30:42.234+0000] {processor.py:208} INFO - Processing /home/airflow/.local/lib/python3.12/site-packages/airflow/example_dags/example_branch_labels.py took 0.075 seconds
[2025-04-04T19:31:12.361+0000] {processor.py:186} INFO - Started process (PID=5174) to work on /home/airflow/.local/lib/python3.12/site-packages/airflow/example_dags/example_branch_labels.py
[2025-04-04T19:31:12.362+0000] {processor.py:914} INFO - Processing file /home/airflow/.local/lib/python3.12/site-packages/airflow/example_dags/example_branch_labels.py for tasks to queue
[2025-04-04T19:31:12.363+0000] {logging_mixin.py:190} INFO - [2025-04-04T19:31:12.363+0000] {dagbag.py:588} INFO - Filling up the DagBag from /home/airflow/.local/lib/python3.12/site-packages/airflow/example_dags/example_branch_labels.py
[2025-04-04T19:31:12.372+0000] {processor.py:925} INFO - DAG(s) 'example_branch_labels' retrieved from /home/airflow/.local/lib/python3.12/site-packages/airflow/example_dags/example_branch_labels.py
[2025-04-04T19:31:12.395+0000] {logging_mixin.py:190} INFO - [2025-04-04T19:31:12.395+0000] {dag.py:3239} INFO - Sync 1 DAGs
[2025-04-04T19:31:12.418+0000] {logging_mixin.py:190} INFO - [2025-04-04T19:31:12.418+0000] {dag.py:4180} INFO - Setting next_dagrun for example_branch_labels to 2025-04-03 00:00:00+00:00, run_after=2025-04-04 00:00:00+00:00
[2025-04-04T19:31:12.440+0000] {processor.py:208} INFO - Processing /home/airflow/.local/lib/python3.12/site-packages/airflow/example_dags/example_branch_labels.py took 0.085 seconds
[2025-04-04T19:31:43.408+0000] {processor.py:186} INFO - Started process (PID=5240) to work on /home/airflow/.local/lib/python3.12/site-packages/airflow/example_dags/example_branch_labels.py
[2025-04-04T19:31:43.409+0000] {processor.py:914} INFO - Processing file /home/airflow/.local/lib/python3.12/site-packages/airflow/example_dags/example_branch_labels.py for tasks to queue
[2025-04-04T19:31:43.411+0000] {logging_mixin.py:190} INFO - [2025-04-04T19:31:43.411+0000] {dagbag.py:588} INFO - Filling up the DagBag from /home/airflow/.local/lib/python3.12/site-packages/airflow/example_dags/example_branch_labels.py
[2025-04-04T19:31:43.420+0000] {processor.py:925} INFO - DAG(s) 'example_branch_labels' retrieved from /home/airflow/.local/lib/python3.12/site-packages/airflow/example_dags/example_branch_labels.py
[2025-04-04T19:31:43.439+0000] {logging_mixin.py:190} INFO - [2025-04-04T19:31:43.439+0000] {dag.py:3239} INFO - Sync 1 DAGs
[2025-04-04T19:31:43.461+0000] {logging_mixin.py:190} INFO - [2025-04-04T19:31:43.461+0000] {dag.py:4180} INFO - Setting next_dagrun for example_branch_labels to 2025-04-03 00:00:00+00:00, run_after=2025-04-04 00:00:00+00:00
[2025-04-04T19:31:43.480+0000] {processor.py:208} INFO - Processing /home/airflow/.local/lib/python3.12/site-packages/airflow/example_dags/example_branch_labels.py took 0.077 seconds
[2025-04-04T19:32:14.202+0000] {processor.py:186} INFO - Started process (PID=5304) to work on /home/airflow/.local/lib/python3.12/site-packages/airflow/example_dags/example_branch_labels.py
[2025-04-04T19:32:14.203+0000] {processor.py:914} INFO - Processing file /home/airflow/.local/lib/python3.12/site-packages/airflow/example_dags/example_branch_labels.py for tasks to queue
[2025-04-04T19:32:14.205+0000] {logging_mixin.py:190} INFO - [2025-04-04T19:32:14.205+0000] {dagbag.py:588} INFO - Filling up the DagBag from /home/airflow/.local/lib/python3.12/site-packages/airflow/example_dags/example_branch_labels.py
[2025-04-04T19:32:14.215+0000] {processor.py:925} INFO - DAG(s) 'example_branch_labels' retrieved from /home/airflow/.local/lib/python3.12/site-packages/airflow/example_dags/example_branch_labels.py
[2025-04-04T19:32:14.235+0000] {logging_mixin.py:190} INFO - [2025-04-04T19:32:14.235+0000] {dag.py:3239} INFO - Sync 1 DAGs
[2025-04-04T19:32:14.257+0000] {logging_mixin.py:190} INFO - [2025-04-04T19:32:14.257+0000] {dag.py:4180} INFO - Setting next_dagrun for example_branch_labels to 2025-04-03 00:00:00+00:00, run_after=2025-04-04 00:00:00+00:00
[2025-04-04T19:32:14.273+0000] {processor.py:208} INFO - Processing /home/airflow/.local/lib/python3.12/site-packages/airflow/example_dags/example_branch_labels.py took 0.077 seconds
[2025-04-04T19:32:45.540+0000] {processor.py:186} INFO - Started process (PID=5375) to work on /home/airflow/.local/lib/python3.12/site-packages/airflow/example_dags/example_branch_labels.py
[2025-04-04T19:32:45.541+0000] {processor.py:914} INFO - Processing file /home/airflow/.local/lib/python3.12/site-packages/airflow/example_dags/example_branch_labels.py for tasks to queue
[2025-04-04T19:32:45.543+0000] {logging_mixin.py:190} INFO - [2025-04-04T19:32:45.543+0000] {dagbag.py:588} INFO - Filling up the DagBag from /home/airflow/.local/lib/python3.12/site-packages/airflow/example_dags/example_branch_labels.py
[2025-04-04T19:32:45.552+0000] {processor.py:925} INFO - DAG(s) 'example_branch_labels' retrieved from /home/airflow/.local/lib/python3.12/site-packages/airflow/example_dags/example_branch_labels.py
[2025-04-04T19:32:45.573+0000] {logging_mixin.py:190} INFO - [2025-04-04T19:32:45.573+0000] {dag.py:3239} INFO - Sync 1 DAGs
[2025-04-04T19:32:45.601+0000] {logging_mixin.py:190} INFO - [2025-04-04T19:32:45.601+0000] {dag.py:4180} INFO - Setting next_dagrun for example_branch_labels to 2025-04-03 00:00:00+00:00, run_after=2025-04-04 00:00:00+00:00
[2025-04-04T19:32:45.619+0000] {processor.py:208} INFO - Processing /home/airflow/.local/lib/python3.12/site-packages/airflow/example_dags/example_branch_labels.py took 0.085 seconds
[2025-04-04T19:33:16.279+0000] {processor.py:186} INFO - Started process (PID=5440) to work on /home/airflow/.local/lib/python3.12/site-packages/airflow/example_dags/example_branch_labels.py
[2025-04-04T19:33:16.281+0000] {processor.py:914} INFO - Processing file /home/airflow/.local/lib/python3.12/site-packages/airflow/example_dags/example_branch_labels.py for tasks to queue
[2025-04-04T19:33:16.284+0000] {logging_mixin.py:190} INFO - [2025-04-04T19:33:16.283+0000] {dagbag.py:588} INFO - Filling up the DagBag from /home/airflow/.local/lib/python3.12/site-packages/airflow/example_dags/example_branch_labels.py
[2025-04-04T19:33:16.295+0000] {processor.py:925} INFO - DAG(s) 'example_branch_labels' retrieved from /home/airflow/.local/lib/python3.12/site-packages/airflow/example_dags/example_branch_labels.py
[2025-04-04T19:33:16.321+0000] {logging_mixin.py:190} INFO - [2025-04-04T19:33:16.321+0000] {dag.py:3239} INFO - Sync 1 DAGs
[2025-04-04T19:33:16.351+0000] {logging_mixin.py:190} INFO - [2025-04-04T19:33:16.351+0000] {dag.py:4180} INFO - Setting next_dagrun for example_branch_labels to 2025-04-03 00:00:00+00:00, run_after=2025-04-04 00:00:00+00:00
[2025-04-04T19:33:16.368+0000] {processor.py:208} INFO - Processing /home/airflow/.local/lib/python3.12/site-packages/airflow/example_dags/example_branch_labels.py took 0.094 seconds
[2025-04-04T19:33:47.901+0000] {processor.py:186} INFO - Started process (PID=5505) to work on /home/airflow/.local/lib/python3.12/site-packages/airflow/example_dags/example_branch_labels.py
[2025-04-04T19:33:47.903+0000] {processor.py:914} INFO - Processing file /home/airflow/.local/lib/python3.12/site-packages/airflow/example_dags/example_branch_labels.py for tasks to queue
[2025-04-04T19:33:47.910+0000] {logging_mixin.py:190} INFO - [2025-04-04T19:33:47.910+0000] {dagbag.py:588} INFO - Filling up the DagBag from /home/airflow/.local/lib/python3.12/site-packages/airflow/example_dags/example_branch_labels.py
[2025-04-04T19:33:47.923+0000] {processor.py:925} INFO - DAG(s) 'example_branch_labels' retrieved from /home/airflow/.local/lib/python3.12/site-packages/airflow/example_dags/example_branch_labels.py
[2025-04-04T19:33:47.955+0000] {logging_mixin.py:190} INFO - [2025-04-04T19:33:47.954+0000] {dag.py:3239} INFO - Sync 1 DAGs
[2025-04-04T19:33:47.990+0000] {logging_mixin.py:190} INFO - [2025-04-04T19:33:47.990+0000] {dag.py:4180} INFO - Setting next_dagrun for example_branch_labels to 2025-04-03 00:00:00+00:00, run_after=2025-04-04 00:00:00+00:00
[2025-04-04T19:33:48.012+0000] {processor.py:208} INFO - Processing /home/airflow/.local/lib/python3.12/site-packages/airflow/example_dags/example_branch_labels.py took 0.119 seconds
[2025-04-04T19:34:18.613+0000] {processor.py:186} INFO - Started process (PID=5570) to work on /home/airflow/.local/lib/python3.12/site-packages/airflow/example_dags/example_branch_labels.py
[2025-04-04T19:34:18.614+0000] {processor.py:914} INFO - Processing file /home/airflow/.local/lib/python3.12/site-packages/airflow/example_dags/example_branch_labels.py for tasks to queue
[2025-04-04T19:34:18.616+0000] {logging_mixin.py:190} INFO - [2025-04-04T19:34:18.616+0000] {dagbag.py:588} INFO - Filling up the DagBag from /home/airflow/.local/lib/python3.12/site-packages/airflow/example_dags/example_branch_labels.py
[2025-04-04T19:34:18.627+0000] {processor.py:925} INFO - DAG(s) 'example_branch_labels' retrieved from /home/airflow/.local/lib/python3.12/site-packages/airflow/example_dags/example_branch_labels.py
[2025-04-04T19:34:18.652+0000] {logging_mixin.py:190} INFO - [2025-04-04T19:34:18.652+0000] {dag.py:3239} INFO - Sync 1 DAGs
[2025-04-04T19:34:18.690+0000] {logging_mixin.py:190} INFO - [2025-04-04T19:34:18.690+0000] {dag.py:4180} INFO - Setting next_dagrun for example_branch_labels to 2025-04-03 00:00:00+00:00, run_after=2025-04-04 00:00:00+00:00
[2025-04-04T19:34:18.721+0000] {processor.py:208} INFO - Processing /home/airflow/.local/lib/python3.12/site-packages/airflow/example_dags/example_branch_labels.py took 0.114 seconds
[2025-04-04T19:34:49.666+0000] {processor.py:186} INFO - Started process (PID=5635) to work on /home/airflow/.local/lib/python3.12/site-packages/airflow/example_dags/example_branch_labels.py
[2025-04-04T19:34:49.667+0000] {processor.py:914} INFO - Processing file /home/airflow/.local/lib/python3.12/site-packages/airflow/example_dags/example_branch_labels.py for tasks to queue
[2025-04-04T19:34:49.670+0000] {logging_mixin.py:190} INFO - [2025-04-04T19:34:49.669+0000] {dagbag.py:588} INFO - Filling up the DagBag from /home/airflow/.local/lib/python3.12/site-packages/airflow/example_dags/example_branch_labels.py
[2025-04-04T19:34:49.681+0000] {processor.py:925} INFO - DAG(s) 'example_branch_labels' retrieved from /home/airflow/.local/lib/python3.12/site-packages/airflow/example_dags/example_branch_labels.py
[2025-04-04T19:34:49.706+0000] {logging_mixin.py:190} INFO - [2025-04-04T19:34:49.706+0000] {dag.py:3239} INFO - Sync 1 DAGs
[2025-04-04T19:34:49.737+0000] {logging_mixin.py:190} INFO - [2025-04-04T19:34:49.737+0000] {dag.py:4180} INFO - Setting next_dagrun for example_branch_labels to 2025-04-03 00:00:00+00:00, run_after=2025-04-04 00:00:00+00:00
[2025-04-04T19:34:49.757+0000] {processor.py:208} INFO - Processing /home/airflow/.local/lib/python3.12/site-packages/airflow/example_dags/example_branch_labels.py took 0.097 seconds
[2025-04-04T19:35:21.010+0000] {processor.py:186} INFO - Started process (PID=5700) to work on /home/airflow/.local/lib/python3.12/site-packages/airflow/example_dags/example_branch_labels.py
[2025-04-04T19:35:21.012+0000] {processor.py:914} INFO - Processing file /home/airflow/.local/lib/python3.12/site-packages/airflow/example_dags/example_branch_labels.py for tasks to queue
[2025-04-04T19:35:21.015+0000] {logging_mixin.py:190} INFO - [2025-04-04T19:35:21.014+0000] {dagbag.py:588} INFO - Filling up the DagBag from /home/airflow/.local/lib/python3.12/site-packages/airflow/example_dags/example_branch_labels.py
[2025-04-04T19:35:21.027+0000] {processor.py:925} INFO - DAG(s) 'example_branch_labels' retrieved from /home/airflow/.local/lib/python3.12/site-packages/airflow/example_dags/example_branch_labels.py
[2025-04-04T19:35:21.053+0000] {logging_mixin.py:190} INFO - [2025-04-04T19:35:21.053+0000] {dag.py:3239} INFO - Sync 1 DAGs
[2025-04-04T19:35:21.082+0000] {logging_mixin.py:190} INFO - [2025-04-04T19:35:21.082+0000] {dag.py:4180} INFO - Setting next_dagrun for example_branch_labels to 2025-04-03 00:00:00+00:00, run_after=2025-04-04 00:00:00+00:00
[2025-04-04T19:35:21.101+0000] {processor.py:208} INFO - Processing /home/airflow/.local/lib/python3.12/site-packages/airflow/example_dags/example_branch_labels.py took 0.099 seconds
[2025-04-04T19:35:52.120+0000] {processor.py:186} INFO - Started process (PID=5765) to work on /home/airflow/.local/lib/python3.12/site-packages/airflow/example_dags/example_branch_labels.py
[2025-04-04T19:35:52.121+0000] {processor.py:914} INFO - Processing file /home/airflow/.local/lib/python3.12/site-packages/airflow/example_dags/example_branch_labels.py for tasks to queue
[2025-04-04T19:35:52.123+0000] {logging_mixin.py:190} INFO - [2025-04-04T19:35:52.122+0000] {dagbag.py:588} INFO - Filling up the DagBag from /home/airflow/.local/lib/python3.12/site-packages/airflow/example_dags/example_branch_labels.py
[2025-04-04T19:35:52.132+0000] {processor.py:925} INFO - DAG(s) 'example_branch_labels' retrieved from /home/airflow/.local/lib/python3.12/site-packages/airflow/example_dags/example_branch_labels.py
[2025-04-04T19:35:52.152+0000] {logging_mixin.py:190} INFO - [2025-04-04T19:35:52.152+0000] {dag.py:3239} INFO - Sync 1 DAGs
[2025-04-04T19:35:52.178+0000] {logging_mixin.py:190} INFO - [2025-04-04T19:35:52.177+0000] {dag.py:4180} INFO - Setting next_dagrun for example_branch_labels to 2025-04-03 00:00:00+00:00, run_after=2025-04-04 00:00:00+00:00
[2025-04-04T19:35:52.195+0000] {processor.py:208} INFO - Processing /home/airflow/.local/lib/python3.12/site-packages/airflow/example_dags/example_branch_labels.py took 0.082 seconds
[2025-04-04T19:36:23.160+0000] {processor.py:186} INFO - Started process (PID=5830) to work on /home/airflow/.local/lib/python3.12/site-packages/airflow/example_dags/example_branch_labels.py
[2025-04-04T19:36:23.161+0000] {processor.py:914} INFO - Processing file /home/airflow/.local/lib/python3.12/site-packages/airflow/example_dags/example_branch_labels.py for tasks to queue
[2025-04-04T19:36:23.163+0000] {logging_mixin.py:190} INFO - [2025-04-04T19:36:23.163+0000] {dagbag.py:588} INFO - Filling up the DagBag from /home/airflow/.local/lib/python3.12/site-packages/airflow/example_dags/example_branch_labels.py
[2025-04-04T19:36:23.174+0000] {processor.py:925} INFO - DAG(s) 'example_branch_labels' retrieved from /home/airflow/.local/lib/python3.12/site-packages/airflow/example_dags/example_branch_labels.py
[2025-04-04T19:36:23.200+0000] {logging_mixin.py:190} INFO - [2025-04-04T19:36:23.199+0000] {dag.py:3239} INFO - Sync 1 DAGs
[2025-04-04T19:36:23.229+0000] {logging_mixin.py:190} INFO - [2025-04-04T19:36:23.228+0000] {dag.py:4180} INFO - Setting next_dagrun for example_branch_labels to 2025-04-03 00:00:00+00:00, run_after=2025-04-04 00:00:00+00:00
[2025-04-04T19:36:23.251+0000] {processor.py:208} INFO - Processing /home/airflow/.local/lib/python3.12/site-packages/airflow/example_dags/example_branch_labels.py took 0.096 seconds
[2025-04-04T19:36:54.179+0000] {processor.py:186} INFO - Started process (PID=5895) to work on /home/airflow/.local/lib/python3.12/site-packages/airflow/example_dags/example_branch_labels.py
[2025-04-04T19:36:54.181+0000] {processor.py:914} INFO - Processing file /home/airflow/.local/lib/python3.12/site-packages/airflow/example_dags/example_branch_labels.py for tasks to queue
[2025-04-04T19:36:54.183+0000] {logging_mixin.py:190} INFO - [2025-04-04T19:36:54.183+0000] {dagbag.py:588} INFO - Filling up the DagBag from /home/airflow/.local/lib/python3.12/site-packages/airflow/example_dags/example_branch_labels.py
[2025-04-04T19:36:54.195+0000] {processor.py:925} INFO - DAG(s) 'example_branch_labels' retrieved from /home/airflow/.local/lib/python3.12/site-packages/airflow/example_dags/example_branch_labels.py
[2025-04-04T19:36:54.221+0000] {logging_mixin.py:190} INFO - [2025-04-04T19:36:54.221+0000] {dag.py:3239} INFO - Sync 1 DAGs
[2025-04-04T19:36:54.249+0000] {logging_mixin.py:190} INFO - [2025-04-04T19:36:54.249+0000] {dag.py:4180} INFO - Setting next_dagrun for example_branch_labels to 2025-04-03 00:00:00+00:00, run_after=2025-04-04 00:00:00+00:00
[2025-04-04T19:36:54.274+0000] {processor.py:208} INFO - Processing /home/airflow/.local/lib/python3.12/site-packages/airflow/example_dags/example_branch_labels.py took 0.104 seconds
[2025-04-04T19:40:04.129+0000] {processor.py:186} INFO - Started process (PID=90) to work on /home/airflow/.local/lib/python3.12/site-packages/airflow/example_dags/example_branch_labels.py
[2025-04-04T19:40:04.130+0000] {processor.py:914} INFO - Processing file /home/airflow/.local/lib/python3.12/site-packages/airflow/example_dags/example_branch_labels.py for tasks to queue
[2025-04-04T19:40:04.132+0000] {logging_mixin.py:190} INFO - [2025-04-04T19:40:04.132+0000] {dagbag.py:588} INFO - Filling up the DagBag from /home/airflow/.local/lib/python3.12/site-packages/airflow/example_dags/example_branch_labels.py
[2025-04-04T19:40:04.144+0000] {processor.py:925} INFO - DAG(s) 'example_branch_labels' retrieved from /home/airflow/.local/lib/python3.12/site-packages/airflow/example_dags/example_branch_labels.py
[2025-04-04T19:40:04.167+0000] {logging_mixin.py:190} INFO - [2025-04-04T19:40:04.166+0000] {dag.py:3239} INFO - Sync 1 DAGs
[2025-04-04T19:40:04.192+0000] {logging_mixin.py:190} INFO - [2025-04-04T19:40:04.191+0000] {dag.py:4180} INFO - Setting next_dagrun for example_branch_labels to 2025-04-03 00:00:00+00:00, run_after=2025-04-04 00:00:00+00:00
[2025-04-04T19:40:04.211+0000] {processor.py:208} INFO - Processing /home/airflow/.local/lib/python3.12/site-packages/airflow/example_dags/example_branch_labels.py took 0.088 seconds
[2025-04-04T19:40:35.252+0000] {processor.py:186} INFO - Started process (PID=156) to work on /home/airflow/.local/lib/python3.12/site-packages/airflow/example_dags/example_branch_labels.py
[2025-04-04T19:40:35.253+0000] {processor.py:914} INFO - Processing file /home/airflow/.local/lib/python3.12/site-packages/airflow/example_dags/example_branch_labels.py for tasks to queue
[2025-04-04T19:40:35.256+0000] {logging_mixin.py:190} INFO - [2025-04-04T19:40:35.256+0000] {dagbag.py:588} INFO - Filling up the DagBag from /home/airflow/.local/lib/python3.12/site-packages/airflow/example_dags/example_branch_labels.py
[2025-04-04T19:40:35.270+0000] {processor.py:925} INFO - DAG(s) 'example_branch_labels' retrieved from /home/airflow/.local/lib/python3.12/site-packages/airflow/example_dags/example_branch_labels.py
[2025-04-04T19:40:35.302+0000] {logging_mixin.py:190} INFO - [2025-04-04T19:40:35.302+0000] {dag.py:3239} INFO - Sync 1 DAGs
[2025-04-04T19:40:35.337+0000] {logging_mixin.py:190} INFO - [2025-04-04T19:40:35.336+0000] {dag.py:4180} INFO - Setting next_dagrun for example_branch_labels to 2025-04-03 00:00:00+00:00, run_after=2025-04-04 00:00:00+00:00
[2025-04-04T19:40:35.358+0000] {processor.py:208} INFO - Processing /home/airflow/.local/lib/python3.12/site-packages/airflow/example_dags/example_branch_labels.py took 0.113 seconds
[2025-04-04T19:41:06.360+0000] {processor.py:186} INFO - Started process (PID=221) to work on /home/airflow/.local/lib/python3.12/site-packages/airflow/example_dags/example_branch_labels.py
[2025-04-04T19:41:06.362+0000] {processor.py:914} INFO - Processing file /home/airflow/.local/lib/python3.12/site-packages/airflow/example_dags/example_branch_labels.py for tasks to queue
[2025-04-04T19:41:06.366+0000] {logging_mixin.py:190} INFO - [2025-04-04T19:41:06.365+0000] {dagbag.py:588} INFO - Filling up the DagBag from /home/airflow/.local/lib/python3.12/site-packages/airflow/example_dags/example_branch_labels.py
[2025-04-04T19:41:06.380+0000] {processor.py:925} INFO - DAG(s) 'example_branch_labels' retrieved from /home/airflow/.local/lib/python3.12/site-packages/airflow/example_dags/example_branch_labels.py
[2025-04-04T19:41:06.409+0000] {logging_mixin.py:190} INFO - [2025-04-04T19:41:06.408+0000] {dag.py:3239} INFO - Sync 1 DAGs
[2025-04-04T19:41:06.440+0000] {logging_mixin.py:190} INFO - [2025-04-04T19:41:06.439+0000] {dag.py:4180} INFO - Setting next_dagrun for example_branch_labels to 2025-04-03 00:00:00+00:00, run_after=2025-04-04 00:00:00+00:00
[2025-04-04T19:41:06.459+0000] {processor.py:208} INFO - Processing /home/airflow/.local/lib/python3.12/site-packages/airflow/example_dags/example_branch_labels.py took 0.110 seconds
