[2025-04-04T19:07:19.844+0000] {processor.py:186} INFO - Started process (PID=2171) to work on /home/airflow/.local/lib/python3.12/site-packages/airflow/example_dags/example_xcomargs.py
[2025-04-04T19:07:19.845+0000] {processor.py:914} INFO - Processing file /home/airflow/.local/lib/python3.12/site-packages/airflow/example_dags/example_xcomargs.py for tasks to queue
[2025-04-04T19:07:19.847+0000] {logging_mixin.py:190} INFO - [2025-04-04T19:07:19.847+0000] {dagbag.py:588} INFO - Filling up the DagBag from /home/airflow/.local/lib/python3.12/site-packages/airflow/example_dags/example_xcomargs.py
[2025-04-04T19:07:19.856+0000] {processor.py:925} INFO - DAG(s) 'example_xcom_args', 'example_xcom_args_with_operators' retrieved from /home/airflow/.local/lib/python3.12/site-packages/airflow/example_dags/example_xcomargs.py
[2025-04-04T19:07:19.881+0000] {logging_mixin.py:190} INFO - [2025-04-04T19:07:19.881+0000] {dag.py:3239} INFO - Sync 2 DAGs
[2025-04-04T19:07:19.896+0000] {logging_mixin.py:190} INFO - [2025-04-04T19:07:19.896+0000] {dag.py:4180} INFO - Setting next_dagrun for example_xcom_args to None, run_after=None
[2025-04-04T19:07:19.900+0000] {logging_mixin.py:190} INFO - [2025-04-04T19:07:19.900+0000] {dag.py:4180} INFO - Setting next_dagrun for example_xcom_args_with_operators to None, run_after=None
[2025-04-04T19:07:19.927+0000] {processor.py:208} INFO - Processing /home/airflow/.local/lib/python3.12/site-packages/airflow/example_dags/example_xcomargs.py took 0.088 seconds
[2025-04-04T19:07:51.094+0000] {processor.py:186} INFO - Started process (PID=2236) to work on /home/airflow/.local/lib/python3.12/site-packages/airflow/example_dags/example_xcomargs.py
[2025-04-04T19:07:51.095+0000] {processor.py:914} INFO - Processing file /home/airflow/.local/lib/python3.12/site-packages/airflow/example_dags/example_xcomargs.py for tasks to queue
[2025-04-04T19:07:51.097+0000] {logging_mixin.py:190} INFO - [2025-04-04T19:07:51.097+0000] {dagbag.py:588} INFO - Filling up the DagBag from /home/airflow/.local/lib/python3.12/site-packages/airflow/example_dags/example_xcomargs.py
[2025-04-04T19:07:51.106+0000] {processor.py:925} INFO - DAG(s) 'example_xcom_args_with_operators', 'example_xcom_args' retrieved from /home/airflow/.local/lib/python3.12/site-packages/airflow/example_dags/example_xcomargs.py
[2025-04-04T19:07:51.131+0000] {logging_mixin.py:190} INFO - [2025-04-04T19:07:51.131+0000] {dag.py:3239} INFO - Sync 2 DAGs
[2025-04-04T19:07:51.145+0000] {logging_mixin.py:190} INFO - [2025-04-04T19:07:51.145+0000] {dag.py:4180} INFO - Setting next_dagrun for example_xcom_args to None, run_after=None
[2025-04-04T19:07:51.150+0000] {logging_mixin.py:190} INFO - [2025-04-04T19:07:51.150+0000] {dag.py:4180} INFO - Setting next_dagrun for example_xcom_args_with_operators to None, run_after=None
[2025-04-04T19:07:51.166+0000] {processor.py:208} INFO - Processing /home/airflow/.local/lib/python3.12/site-packages/airflow/example_dags/example_xcomargs.py took 0.078 seconds
[2025-04-04T19:08:22.207+0000] {processor.py:186} INFO - Started process (PID=2300) to work on /home/airflow/.local/lib/python3.12/site-packages/airflow/example_dags/example_xcomargs.py
[2025-04-04T19:08:22.208+0000] {processor.py:914} INFO - Processing file /home/airflow/.local/lib/python3.12/site-packages/airflow/example_dags/example_xcomargs.py for tasks to queue
[2025-04-04T19:08:22.210+0000] {logging_mixin.py:190} INFO - [2025-04-04T19:08:22.209+0000] {dagbag.py:588} INFO - Filling up the DagBag from /home/airflow/.local/lib/python3.12/site-packages/airflow/example_dags/example_xcomargs.py
[2025-04-04T19:08:22.219+0000] {processor.py:925} INFO - DAG(s) 'example_xcom_args', 'example_xcom_args_with_operators' retrieved from /home/airflow/.local/lib/python3.12/site-packages/airflow/example_dags/example_xcomargs.py
[2025-04-04T19:08:22.244+0000] {logging_mixin.py:190} INFO - [2025-04-04T19:08:22.244+0000] {dag.py:3239} INFO - Sync 2 DAGs
[2025-04-04T19:08:22.259+0000] {logging_mixin.py:190} INFO - [2025-04-04T19:08:22.259+0000] {dag.py:4180} INFO - Setting next_dagrun for example_xcom_args to None, run_after=None
[2025-04-04T19:08:22.262+0000] {logging_mixin.py:190} INFO - [2025-04-04T19:08:22.262+0000] {dag.py:4180} INFO - Setting next_dagrun for example_xcom_args_with_operators to None, run_after=None
[2025-04-04T19:08:22.276+0000] {processor.py:208} INFO - Processing /home/airflow/.local/lib/python3.12/site-packages/airflow/example_dags/example_xcomargs.py took 0.075 seconds
[2025-04-04T19:08:53.625+0000] {processor.py:186} INFO - Started process (PID=2364) to work on /home/airflow/.local/lib/python3.12/site-packages/airflow/example_dags/example_xcomargs.py
[2025-04-04T19:08:53.626+0000] {processor.py:914} INFO - Processing file /home/airflow/.local/lib/python3.12/site-packages/airflow/example_dags/example_xcomargs.py for tasks to queue
[2025-04-04T19:08:53.628+0000] {logging_mixin.py:190} INFO - [2025-04-04T19:08:53.627+0000] {dagbag.py:588} INFO - Filling up the DagBag from /home/airflow/.local/lib/python3.12/site-packages/airflow/example_dags/example_xcomargs.py
[2025-04-04T19:08:53.636+0000] {processor.py:925} INFO - DAG(s) 'example_xcom_args', 'example_xcom_args_with_operators' retrieved from /home/airflow/.local/lib/python3.12/site-packages/airflow/example_dags/example_xcomargs.py
[2025-04-04T19:08:53.660+0000] {logging_mixin.py:190} INFO - [2025-04-04T19:08:53.660+0000] {dag.py:3239} INFO - Sync 2 DAGs
[2025-04-04T19:08:53.675+0000] {logging_mixin.py:190} INFO - [2025-04-04T19:08:53.675+0000] {dag.py:4180} INFO - Setting next_dagrun for example_xcom_args to None, run_after=None
[2025-04-04T19:08:53.679+0000] {logging_mixin.py:190} INFO - [2025-04-04T19:08:53.679+0000] {dag.py:4180} INFO - Setting next_dagrun for example_xcom_args_with_operators to None, run_after=None
[2025-04-04T19:08:53.693+0000] {processor.py:208} INFO - Processing /home/airflow/.local/lib/python3.12/site-packages/airflow/example_dags/example_xcomargs.py took 0.073 seconds
[2025-04-04T19:09:24.799+0000] {processor.py:186} INFO - Started process (PID=2428) to work on /home/airflow/.local/lib/python3.12/site-packages/airflow/example_dags/example_xcomargs.py
[2025-04-04T19:09:24.800+0000] {processor.py:914} INFO - Processing file /home/airflow/.local/lib/python3.12/site-packages/airflow/example_dags/example_xcomargs.py for tasks to queue
[2025-04-04T19:09:24.803+0000] {logging_mixin.py:190} INFO - [2025-04-04T19:09:24.802+0000] {dagbag.py:588} INFO - Filling up the DagBag from /home/airflow/.local/lib/python3.12/site-packages/airflow/example_dags/example_xcomargs.py
[2025-04-04T19:09:24.813+0000] {processor.py:925} INFO - DAG(s) 'example_xcom_args', 'example_xcom_args_with_operators' retrieved from /home/airflow/.local/lib/python3.12/site-packages/airflow/example_dags/example_xcomargs.py
[2025-04-04T19:09:24.838+0000] {logging_mixin.py:190} INFO - [2025-04-04T19:09:24.837+0000] {dag.py:3239} INFO - Sync 2 DAGs
[2025-04-04T19:09:24.852+0000] {logging_mixin.py:190} INFO - [2025-04-04T19:09:24.852+0000] {dag.py:4180} INFO - Setting next_dagrun for example_xcom_args to None, run_after=None
[2025-04-04T19:09:24.858+0000] {logging_mixin.py:190} INFO - [2025-04-04T19:09:24.857+0000] {dag.py:4180} INFO - Setting next_dagrun for example_xcom_args_with_operators to None, run_after=None
[2025-04-04T19:09:24.873+0000] {processor.py:208} INFO - Processing /home/airflow/.local/lib/python3.12/site-packages/airflow/example_dags/example_xcomargs.py took 0.079 seconds
[2025-04-04T19:09:55.704+0000] {processor.py:186} INFO - Started process (PID=2492) to work on /home/airflow/.local/lib/python3.12/site-packages/airflow/example_dags/example_xcomargs.py
[2025-04-04T19:09:55.706+0000] {processor.py:914} INFO - Processing file /home/airflow/.local/lib/python3.12/site-packages/airflow/example_dags/example_xcomargs.py for tasks to queue
[2025-04-04T19:09:55.708+0000] {logging_mixin.py:190} INFO - [2025-04-04T19:09:55.708+0000] {dagbag.py:588} INFO - Filling up the DagBag from /home/airflow/.local/lib/python3.12/site-packages/airflow/example_dags/example_xcomargs.py
[2025-04-04T19:09:55.721+0000] {processor.py:925} INFO - DAG(s) 'example_xcom_args', 'example_xcom_args_with_operators' retrieved from /home/airflow/.local/lib/python3.12/site-packages/airflow/example_dags/example_xcomargs.py
[2025-04-04T19:09:55.747+0000] {logging_mixin.py:190} INFO - [2025-04-04T19:09:55.747+0000] {dag.py:3239} INFO - Sync 2 DAGs
[2025-04-04T19:09:55.765+0000] {logging_mixin.py:190} INFO - [2025-04-04T19:09:55.764+0000] {dag.py:4180} INFO - Setting next_dagrun for example_xcom_args to None, run_after=None
[2025-04-04T19:09:55.770+0000] {logging_mixin.py:190} INFO - [2025-04-04T19:09:55.770+0000] {dag.py:4180} INFO - Setting next_dagrun for example_xcom_args_with_operators to None, run_after=None
[2025-04-04T19:09:55.788+0000] {processor.py:208} INFO - Processing /home/airflow/.local/lib/python3.12/site-packages/airflow/example_dags/example_xcomargs.py took 0.091 seconds
[2025-04-04T19:10:26.416+0000] {processor.py:186} INFO - Started process (PID=2556) to work on /home/airflow/.local/lib/python3.12/site-packages/airflow/example_dags/example_xcomargs.py
[2025-04-04T19:10:26.417+0000] {processor.py:914} INFO - Processing file /home/airflow/.local/lib/python3.12/site-packages/airflow/example_dags/example_xcomargs.py for tasks to queue
[2025-04-04T19:10:26.421+0000] {logging_mixin.py:190} INFO - [2025-04-04T19:10:26.420+0000] {dagbag.py:588} INFO - Filling up the DagBag from /home/airflow/.local/lib/python3.12/site-packages/airflow/example_dags/example_xcomargs.py
[2025-04-04T19:10:26.431+0000] {processor.py:925} INFO - DAG(s) 'example_xcom_args', 'example_xcom_args_with_operators' retrieved from /home/airflow/.local/lib/python3.12/site-packages/airflow/example_dags/example_xcomargs.py
[2025-04-04T19:10:26.455+0000] {logging_mixin.py:190} INFO - [2025-04-04T19:10:26.454+0000] {dag.py:3239} INFO - Sync 2 DAGs
[2025-04-04T19:10:26.470+0000] {logging_mixin.py:190} INFO - [2025-04-04T19:10:26.470+0000] {dag.py:4180} INFO - Setting next_dagrun for example_xcom_args to None, run_after=None
[2025-04-04T19:10:26.475+0000] {logging_mixin.py:190} INFO - [2025-04-04T19:10:26.474+0000] {dag.py:4180} INFO - Setting next_dagrun for example_xcom_args_with_operators to None, run_after=None
[2025-04-04T19:10:26.491+0000] {processor.py:208} INFO - Processing /home/airflow/.local/lib/python3.12/site-packages/airflow/example_dags/example_xcomargs.py took 0.080 seconds
[2025-04-04T19:10:57.244+0000] {processor.py:186} INFO - Started process (PID=2621) to work on /home/airflow/.local/lib/python3.12/site-packages/airflow/example_dags/example_xcomargs.py
[2025-04-04T19:10:57.245+0000] {processor.py:914} INFO - Processing file /home/airflow/.local/lib/python3.12/site-packages/airflow/example_dags/example_xcomargs.py for tasks to queue
[2025-04-04T19:10:57.247+0000] {logging_mixin.py:190} INFO - [2025-04-04T19:10:57.246+0000] {dagbag.py:588} INFO - Filling up the DagBag from /home/airflow/.local/lib/python3.12/site-packages/airflow/example_dags/example_xcomargs.py
[2025-04-04T19:10:57.255+0000] {processor.py:925} INFO - DAG(s) 'example_xcom_args_with_operators', 'example_xcom_args' retrieved from /home/airflow/.local/lib/python3.12/site-packages/airflow/example_dags/example_xcomargs.py
[2025-04-04T19:10:57.277+0000] {logging_mixin.py:190} INFO - [2025-04-04T19:10:57.277+0000] {dag.py:3239} INFO - Sync 2 DAGs
[2025-04-04T19:10:57.291+0000] {logging_mixin.py:190} INFO - [2025-04-04T19:10:57.291+0000] {dag.py:4180} INFO - Setting next_dagrun for example_xcom_args to None, run_after=None
[2025-04-04T19:10:57.295+0000] {logging_mixin.py:190} INFO - [2025-04-04T19:10:57.295+0000] {dag.py:4180} INFO - Setting next_dagrun for example_xcom_args_with_operators to None, run_after=None
[2025-04-04T19:10:57.308+0000] {processor.py:208} INFO - Processing /home/airflow/.local/lib/python3.12/site-packages/airflow/example_dags/example_xcomargs.py took 0.070 seconds
[2025-04-04T19:11:28.083+0000] {processor.py:186} INFO - Started process (PID=2686) to work on /home/airflow/.local/lib/python3.12/site-packages/airflow/example_dags/example_xcomargs.py
[2025-04-04T19:11:28.084+0000] {processor.py:914} INFO - Processing file /home/airflow/.local/lib/python3.12/site-packages/airflow/example_dags/example_xcomargs.py for tasks to queue
[2025-04-04T19:11:28.087+0000] {logging_mixin.py:190} INFO - [2025-04-04T19:11:28.086+0000] {dagbag.py:588} INFO - Filling up the DagBag from /home/airflow/.local/lib/python3.12/site-packages/airflow/example_dags/example_xcomargs.py
[2025-04-04T19:11:28.098+0000] {processor.py:925} INFO - DAG(s) 'example_xcom_args', 'example_xcom_args_with_operators' retrieved from /home/airflow/.local/lib/python3.12/site-packages/airflow/example_dags/example_xcomargs.py
[2025-04-04T19:11:28.127+0000] {logging_mixin.py:190} INFO - [2025-04-04T19:11:28.127+0000] {dag.py:3239} INFO - Sync 2 DAGs
[2025-04-04T19:11:28.142+0000] {logging_mixin.py:190} INFO - [2025-04-04T19:11:28.142+0000] {dag.py:4180} INFO - Setting next_dagrun for example_xcom_args to None, run_after=None
[2025-04-04T19:11:28.147+0000] {logging_mixin.py:190} INFO - [2025-04-04T19:11:28.146+0000] {dag.py:4180} INFO - Setting next_dagrun for example_xcom_args_with_operators to None, run_after=None
[2025-04-04T19:11:28.163+0000] {processor.py:208} INFO - Processing /home/airflow/.local/lib/python3.12/site-packages/airflow/example_dags/example_xcomargs.py took 0.086 seconds
[2025-04-04T19:11:58.962+0000] {processor.py:186} INFO - Started process (PID=2750) to work on /home/airflow/.local/lib/python3.12/site-packages/airflow/example_dags/example_xcomargs.py
[2025-04-04T19:11:58.963+0000] {processor.py:914} INFO - Processing file /home/airflow/.local/lib/python3.12/site-packages/airflow/example_dags/example_xcomargs.py for tasks to queue
[2025-04-04T19:11:58.966+0000] {logging_mixin.py:190} INFO - [2025-04-04T19:11:58.965+0000] {dagbag.py:588} INFO - Filling up the DagBag from /home/airflow/.local/lib/python3.12/site-packages/airflow/example_dags/example_xcomargs.py
[2025-04-04T19:11:58.976+0000] {processor.py:925} INFO - DAG(s) 'example_xcom_args', 'example_xcom_args_with_operators' retrieved from /home/airflow/.local/lib/python3.12/site-packages/airflow/example_dags/example_xcomargs.py
[2025-04-04T19:11:59.000+0000] {logging_mixin.py:190} INFO - [2025-04-04T19:11:59.000+0000] {dag.py:3239} INFO - Sync 2 DAGs
[2025-04-04T19:11:59.016+0000] {logging_mixin.py:190} INFO - [2025-04-04T19:11:59.015+0000] {dag.py:4180} INFO - Setting next_dagrun for example_xcom_args to None, run_after=None
[2025-04-04T19:11:59.020+0000] {logging_mixin.py:190} INFO - [2025-04-04T19:11:59.020+0000] {dag.py:4180} INFO - Setting next_dagrun for example_xcom_args_with_operators to None, run_after=None
[2025-04-04T19:11:59.035+0000] {processor.py:208} INFO - Processing /home/airflow/.local/lib/python3.12/site-packages/airflow/example_dags/example_xcomargs.py took 0.078 seconds
[2025-04-04T19:12:29.180+0000] {processor.py:186} INFO - Started process (PID=2813) to work on /home/airflow/.local/lib/python3.12/site-packages/airflow/example_dags/example_xcomargs.py
[2025-04-04T19:12:29.180+0000] {processor.py:914} INFO - Processing file /home/airflow/.local/lib/python3.12/site-packages/airflow/example_dags/example_xcomargs.py for tasks to queue
[2025-04-04T19:12:29.182+0000] {logging_mixin.py:190} INFO - [2025-04-04T19:12:29.182+0000] {dagbag.py:588} INFO - Filling up the DagBag from /home/airflow/.local/lib/python3.12/site-packages/airflow/example_dags/example_xcomargs.py
[2025-04-04T19:12:29.191+0000] {processor.py:925} INFO - DAG(s) 'example_xcom_args_with_operators', 'example_xcom_args' retrieved from /home/airflow/.local/lib/python3.12/site-packages/airflow/example_dags/example_xcomargs.py
[2025-04-04T19:12:29.213+0000] {logging_mixin.py:190} INFO - [2025-04-04T19:12:29.212+0000] {dag.py:3239} INFO - Sync 2 DAGs
[2025-04-04T19:12:29.226+0000] {logging_mixin.py:190} INFO - [2025-04-04T19:12:29.226+0000] {dag.py:4180} INFO - Setting next_dagrun for example_xcom_args to None, run_after=None
[2025-04-04T19:12:29.229+0000] {logging_mixin.py:190} INFO - [2025-04-04T19:12:29.229+0000] {dag.py:4180} INFO - Setting next_dagrun for example_xcom_args_with_operators to None, run_after=None
[2025-04-04T19:12:29.243+0000] {processor.py:208} INFO - Processing /home/airflow/.local/lib/python3.12/site-packages/airflow/example_dags/example_xcomargs.py took 0.068 seconds
[2025-04-04T19:13:00.043+0000] {processor.py:186} INFO - Started process (PID=2876) to work on /home/airflow/.local/lib/python3.12/site-packages/airflow/example_dags/example_xcomargs.py
[2025-04-04T19:13:00.044+0000] {processor.py:914} INFO - Processing file /home/airflow/.local/lib/python3.12/site-packages/airflow/example_dags/example_xcomargs.py for tasks to queue
[2025-04-04T19:13:00.046+0000] {logging_mixin.py:190} INFO - [2025-04-04T19:13:00.045+0000] {dagbag.py:588} INFO - Filling up the DagBag from /home/airflow/.local/lib/python3.12/site-packages/airflow/example_dags/example_xcomargs.py
[2025-04-04T19:13:00.058+0000] {processor.py:925} INFO - DAG(s) 'example_xcom_args', 'example_xcom_args_with_operators' retrieved from /home/airflow/.local/lib/python3.12/site-packages/airflow/example_dags/example_xcomargs.py
[2025-04-04T19:13:00.081+0000] {logging_mixin.py:190} INFO - [2025-04-04T19:13:00.081+0000] {dag.py:3239} INFO - Sync 2 DAGs
[2025-04-04T19:13:00.098+0000] {logging_mixin.py:190} INFO - [2025-04-04T19:13:00.098+0000] {dag.py:4180} INFO - Setting next_dagrun for example_xcom_args to None, run_after=None
[2025-04-04T19:13:00.102+0000] {logging_mixin.py:190} INFO - [2025-04-04T19:13:00.102+0000] {dag.py:4180} INFO - Setting next_dagrun for example_xcom_args_with_operators to None, run_after=None
[2025-04-04T19:13:00.123+0000] {processor.py:208} INFO - Processing /home/airflow/.local/lib/python3.12/site-packages/airflow/example_dags/example_xcomargs.py took 0.085 seconds
[2025-04-04T19:13:30.973+0000] {processor.py:186} INFO - Started process (PID=2940) to work on /home/airflow/.local/lib/python3.12/site-packages/airflow/example_dags/example_xcomargs.py
[2025-04-04T19:13:30.974+0000] {processor.py:914} INFO - Processing file /home/airflow/.local/lib/python3.12/site-packages/airflow/example_dags/example_xcomargs.py for tasks to queue
[2025-04-04T19:13:30.977+0000] {logging_mixin.py:190} INFO - [2025-04-04T19:13:30.977+0000] {dagbag.py:588} INFO - Filling up the DagBag from /home/airflow/.local/lib/python3.12/site-packages/airflow/example_dags/example_xcomargs.py
[2025-04-04T19:13:30.988+0000] {processor.py:925} INFO - DAG(s) 'example_xcom_args_with_operators', 'example_xcom_args' retrieved from /home/airflow/.local/lib/python3.12/site-packages/airflow/example_dags/example_xcomargs.py
[2025-04-04T19:13:31.017+0000] {logging_mixin.py:190} INFO - [2025-04-04T19:13:31.017+0000] {dag.py:3239} INFO - Sync 2 DAGs
[2025-04-04T19:13:31.241+0000] {logging_mixin.py:190} INFO - [2025-04-04T19:13:31.241+0000] {dag.py:4180} INFO - Setting next_dagrun for example_xcom_args to None, run_after=None
[2025-04-04T19:13:31.246+0000] {logging_mixin.py:190} INFO - [2025-04-04T19:13:31.246+0000] {dag.py:4180} INFO - Setting next_dagrun for example_xcom_args_with_operators to None, run_after=None
[2025-04-04T19:13:31.262+0000] {processor.py:208} INFO - Processing /home/airflow/.local/lib/python3.12/site-packages/airflow/example_dags/example_xcomargs.py took 0.297 seconds
[2025-04-04T19:14:01.574+0000] {processor.py:186} INFO - Started process (PID=3004) to work on /home/airflow/.local/lib/python3.12/site-packages/airflow/example_dags/example_xcomargs.py
[2025-04-04T19:14:01.574+0000] {processor.py:914} INFO - Processing file /home/airflow/.local/lib/python3.12/site-packages/airflow/example_dags/example_xcomargs.py for tasks to queue
[2025-04-04T19:14:01.576+0000] {logging_mixin.py:190} INFO - [2025-04-04T19:14:01.576+0000] {dagbag.py:588} INFO - Filling up the DagBag from /home/airflow/.local/lib/python3.12/site-packages/airflow/example_dags/example_xcomargs.py
[2025-04-04T19:14:01.585+0000] {processor.py:925} INFO - DAG(s) 'example_xcom_args', 'example_xcom_args_with_operators' retrieved from /home/airflow/.local/lib/python3.12/site-packages/airflow/example_dags/example_xcomargs.py
[2025-04-04T19:14:01.606+0000] {logging_mixin.py:190} INFO - [2025-04-04T19:14:01.606+0000] {dag.py:3239} INFO - Sync 2 DAGs
[2025-04-04T19:14:01.816+0000] {logging_mixin.py:190} INFO - [2025-04-04T19:14:01.815+0000] {dag.py:4180} INFO - Setting next_dagrun for example_xcom_args to None, run_after=None
[2025-04-04T19:14:01.820+0000] {logging_mixin.py:190} INFO - [2025-04-04T19:14:01.820+0000] {dag.py:4180} INFO - Setting next_dagrun for example_xcom_args_with_operators to None, run_after=None
[2025-04-04T19:14:01.834+0000] {processor.py:208} INFO - Processing /home/airflow/.local/lib/python3.12/site-packages/airflow/example_dags/example_xcomargs.py took 0.266 seconds
[2025-04-04T19:14:32.046+0000] {processor.py:186} INFO - Started process (PID=3068) to work on /home/airflow/.local/lib/python3.12/site-packages/airflow/example_dags/example_xcomargs.py
[2025-04-04T19:14:32.047+0000] {processor.py:914} INFO - Processing file /home/airflow/.local/lib/python3.12/site-packages/airflow/example_dags/example_xcomargs.py for tasks to queue
[2025-04-04T19:14:32.049+0000] {logging_mixin.py:190} INFO - [2025-04-04T19:14:32.049+0000] {dagbag.py:588} INFO - Filling up the DagBag from /home/airflow/.local/lib/python3.12/site-packages/airflow/example_dags/example_xcomargs.py
[2025-04-04T19:14:32.061+0000] {processor.py:925} INFO - DAG(s) 'example_xcom_args_with_operators', 'example_xcom_args' retrieved from /home/airflow/.local/lib/python3.12/site-packages/airflow/example_dags/example_xcomargs.py
[2025-04-04T19:14:32.086+0000] {logging_mixin.py:190} INFO - [2025-04-04T19:14:32.085+0000] {dag.py:3239} INFO - Sync 2 DAGs
[2025-04-04T19:14:32.101+0000] {logging_mixin.py:190} INFO - [2025-04-04T19:14:32.101+0000] {dag.py:4180} INFO - Setting next_dagrun for example_xcom_args to None, run_after=None
[2025-04-04T19:14:32.105+0000] {logging_mixin.py:190} INFO - [2025-04-04T19:14:32.105+0000] {dag.py:4180} INFO - Setting next_dagrun for example_xcom_args_with_operators to None, run_after=None
[2025-04-04T19:14:32.123+0000] {processor.py:208} INFO - Processing /home/airflow/.local/lib/python3.12/site-packages/airflow/example_dags/example_xcomargs.py took 0.083 seconds
[2025-04-04T19:15:02.239+0000] {processor.py:186} INFO - Started process (PID=3132) to work on /home/airflow/.local/lib/python3.12/site-packages/airflow/example_dags/example_xcomargs.py
[2025-04-04T19:15:02.240+0000] {processor.py:914} INFO - Processing file /home/airflow/.local/lib/python3.12/site-packages/airflow/example_dags/example_xcomargs.py for tasks to queue
[2025-04-04T19:15:02.243+0000] {logging_mixin.py:190} INFO - [2025-04-04T19:15:02.243+0000] {dagbag.py:588} INFO - Filling up the DagBag from /home/airflow/.local/lib/python3.12/site-packages/airflow/example_dags/example_xcomargs.py
[2025-04-04T19:15:02.253+0000] {processor.py:925} INFO - DAG(s) 'example_xcom_args_with_operators', 'example_xcom_args' retrieved from /home/airflow/.local/lib/python3.12/site-packages/airflow/example_dags/example_xcomargs.py
[2025-04-04T19:15:02.277+0000] {logging_mixin.py:190} INFO - [2025-04-04T19:15:02.276+0000] {dag.py:3239} INFO - Sync 2 DAGs
[2025-04-04T19:15:02.292+0000] {logging_mixin.py:190} INFO - [2025-04-04T19:15:02.291+0000] {dag.py:4180} INFO - Setting next_dagrun for example_xcom_args to None, run_after=None
[2025-04-04T19:15:02.296+0000] {logging_mixin.py:190} INFO - [2025-04-04T19:15:02.296+0000] {dag.py:4180} INFO - Setting next_dagrun for example_xcom_args_with_operators to None, run_after=None
[2025-04-04T19:15:02.312+0000] {processor.py:208} INFO - Processing /home/airflow/.local/lib/python3.12/site-packages/airflow/example_dags/example_xcomargs.py took 0.081 seconds
[2025-04-04T19:15:33.483+0000] {processor.py:186} INFO - Started process (PID=3196) to work on /home/airflow/.local/lib/python3.12/site-packages/airflow/example_dags/example_xcomargs.py
[2025-04-04T19:15:33.485+0000] {processor.py:914} INFO - Processing file /home/airflow/.local/lib/python3.12/site-packages/airflow/example_dags/example_xcomargs.py for tasks to queue
[2025-04-04T19:15:33.488+0000] {logging_mixin.py:190} INFO - [2025-04-04T19:15:33.488+0000] {dagbag.py:588} INFO - Filling up the DagBag from /home/airflow/.local/lib/python3.12/site-packages/airflow/example_dags/example_xcomargs.py
[2025-04-04T19:15:33.502+0000] {processor.py:925} INFO - DAG(s) 'example_xcom_args_with_operators', 'example_xcom_args' retrieved from /home/airflow/.local/lib/python3.12/site-packages/airflow/example_dags/example_xcomargs.py
[2025-04-04T19:15:33.534+0000] {logging_mixin.py:190} INFO - [2025-04-04T19:15:33.534+0000] {dag.py:3239} INFO - Sync 2 DAGs
[2025-04-04T19:15:33.552+0000] {logging_mixin.py:190} INFO - [2025-04-04T19:15:33.552+0000] {dag.py:4180} INFO - Setting next_dagrun for example_xcom_args to None, run_after=None
[2025-04-04T19:15:33.556+0000] {logging_mixin.py:190} INFO - [2025-04-04T19:15:33.556+0000] {dag.py:4180} INFO - Setting next_dagrun for example_xcom_args_with_operators to None, run_after=None
[2025-04-04T19:15:33.573+0000] {processor.py:208} INFO - Processing /home/airflow/.local/lib/python3.12/site-packages/airflow/example_dags/example_xcomargs.py took 0.098 seconds
[2025-04-04T19:16:04.224+0000] {processor.py:186} INFO - Started process (PID=3260) to work on /home/airflow/.local/lib/python3.12/site-packages/airflow/example_dags/example_xcomargs.py
[2025-04-04T19:16:04.225+0000] {processor.py:914} INFO - Processing file /home/airflow/.local/lib/python3.12/site-packages/airflow/example_dags/example_xcomargs.py for tasks to queue
[2025-04-04T19:16:04.227+0000] {logging_mixin.py:190} INFO - [2025-04-04T19:16:04.226+0000] {dagbag.py:588} INFO - Filling up the DagBag from /home/airflow/.local/lib/python3.12/site-packages/airflow/example_dags/example_xcomargs.py
[2025-04-04T19:16:04.236+0000] {processor.py:925} INFO - DAG(s) 'example_xcom_args_with_operators', 'example_xcom_args' retrieved from /home/airflow/.local/lib/python3.12/site-packages/airflow/example_dags/example_xcomargs.py
[2025-04-04T19:16:04.259+0000] {logging_mixin.py:190} INFO - [2025-04-04T19:16:04.258+0000] {dag.py:3239} INFO - Sync 2 DAGs
[2025-04-04T19:16:04.274+0000] {logging_mixin.py:190} INFO - [2025-04-04T19:16:04.273+0000] {dag.py:4180} INFO - Setting next_dagrun for example_xcom_args to None, run_after=None
[2025-04-04T19:16:04.277+0000] {logging_mixin.py:190} INFO - [2025-04-04T19:16:04.277+0000] {dag.py:4180} INFO - Setting next_dagrun for example_xcom_args_with_operators to None, run_after=None
[2025-04-04T19:16:04.294+0000] {processor.py:208} INFO - Processing /home/airflow/.local/lib/python3.12/site-packages/airflow/example_dags/example_xcomargs.py took 0.076 seconds
[2025-04-04T19:16:35.507+0000] {processor.py:186} INFO - Started process (PID=3325) to work on /home/airflow/.local/lib/python3.12/site-packages/airflow/example_dags/example_xcomargs.py
[2025-04-04T19:16:35.508+0000] {processor.py:914} INFO - Processing file /home/airflow/.local/lib/python3.12/site-packages/airflow/example_dags/example_xcomargs.py for tasks to queue
[2025-04-04T19:16:35.511+0000] {logging_mixin.py:190} INFO - [2025-04-04T19:16:35.511+0000] {dagbag.py:588} INFO - Filling up the DagBag from /home/airflow/.local/lib/python3.12/site-packages/airflow/example_dags/example_xcomargs.py
[2025-04-04T19:16:35.520+0000] {processor.py:925} INFO - DAG(s) 'example_xcom_args_with_operators', 'example_xcom_args' retrieved from /home/airflow/.local/lib/python3.12/site-packages/airflow/example_dags/example_xcomargs.py
[2025-04-04T19:16:35.547+0000] {logging_mixin.py:190} INFO - [2025-04-04T19:16:35.547+0000] {dag.py:3239} INFO - Sync 2 DAGs
[2025-04-04T19:16:35.562+0000] {logging_mixin.py:190} INFO - [2025-04-04T19:16:35.562+0000] {dag.py:4180} INFO - Setting next_dagrun for example_xcom_args to None, run_after=None
[2025-04-04T19:16:35.566+0000] {logging_mixin.py:190} INFO - [2025-04-04T19:16:35.566+0000] {dag.py:4180} INFO - Setting next_dagrun for example_xcom_args_with_operators to None, run_after=None
[2025-04-04T19:16:35.578+0000] {processor.py:208} INFO - Processing /home/airflow/.local/lib/python3.12/site-packages/airflow/example_dags/example_xcomargs.py took 0.077 seconds
[2025-04-04T19:17:05.856+0000] {processor.py:186} INFO - Started process (PID=3390) to work on /home/airflow/.local/lib/python3.12/site-packages/airflow/example_dags/example_xcomargs.py
[2025-04-04T19:17:05.857+0000] {processor.py:914} INFO - Processing file /home/airflow/.local/lib/python3.12/site-packages/airflow/example_dags/example_xcomargs.py for tasks to queue
[2025-04-04T19:17:05.859+0000] {logging_mixin.py:190} INFO - [2025-04-04T19:17:05.859+0000] {dagbag.py:588} INFO - Filling up the DagBag from /home/airflow/.local/lib/python3.12/site-packages/airflow/example_dags/example_xcomargs.py
[2025-04-04T19:17:05.871+0000] {processor.py:925} INFO - DAG(s) 'example_xcom_args_with_operators', 'example_xcom_args' retrieved from /home/airflow/.local/lib/python3.12/site-packages/airflow/example_dags/example_xcomargs.py
[2025-04-04T19:17:05.894+0000] {logging_mixin.py:190} INFO - [2025-04-04T19:17:05.894+0000] {dag.py:3239} INFO - Sync 2 DAGs
[2025-04-04T19:17:05.908+0000] {logging_mixin.py:190} INFO - [2025-04-04T19:17:05.907+0000] {dag.py:4180} INFO - Setting next_dagrun for example_xcom_args to None, run_after=None
[2025-04-04T19:17:05.911+0000] {logging_mixin.py:190} INFO - [2025-04-04T19:17:05.911+0000] {dag.py:4180} INFO - Setting next_dagrun for example_xcom_args_with_operators to None, run_after=None
[2025-04-04T19:17:05.926+0000] {processor.py:208} INFO - Processing /home/airflow/.local/lib/python3.12/site-packages/airflow/example_dags/example_xcomargs.py took 0.075 seconds
[2025-04-04T19:17:36.402+0000] {processor.py:186} INFO - Started process (PID=3454) to work on /home/airflow/.local/lib/python3.12/site-packages/airflow/example_dags/example_xcomargs.py
[2025-04-04T19:17:36.403+0000] {processor.py:914} INFO - Processing file /home/airflow/.local/lib/python3.12/site-packages/airflow/example_dags/example_xcomargs.py for tasks to queue
[2025-04-04T19:17:36.405+0000] {logging_mixin.py:190} INFO - [2025-04-04T19:17:36.405+0000] {dagbag.py:588} INFO - Filling up the DagBag from /home/airflow/.local/lib/python3.12/site-packages/airflow/example_dags/example_xcomargs.py
[2025-04-04T19:17:36.414+0000] {processor.py:925} INFO - DAG(s) 'example_xcom_args_with_operators', 'example_xcom_args' retrieved from /home/airflow/.local/lib/python3.12/site-packages/airflow/example_dags/example_xcomargs.py
[2025-04-04T19:17:36.438+0000] {logging_mixin.py:190} INFO - [2025-04-04T19:17:36.437+0000] {dag.py:3239} INFO - Sync 2 DAGs
[2025-04-04T19:17:36.452+0000] {logging_mixin.py:190} INFO - [2025-04-04T19:17:36.451+0000] {dag.py:4180} INFO - Setting next_dagrun for example_xcom_args to None, run_after=None
[2025-04-04T19:17:36.455+0000] {logging_mixin.py:190} INFO - [2025-04-04T19:17:36.455+0000] {dag.py:4180} INFO - Setting next_dagrun for example_xcom_args_with_operators to None, run_after=None
[2025-04-04T19:17:36.470+0000] {processor.py:208} INFO - Processing /home/airflow/.local/lib/python3.12/site-packages/airflow/example_dags/example_xcomargs.py took 0.073 seconds
[2025-04-04T19:18:07.182+0000] {processor.py:186} INFO - Started process (PID=3518) to work on /home/airflow/.local/lib/python3.12/site-packages/airflow/example_dags/example_xcomargs.py
[2025-04-04T19:18:07.183+0000] {processor.py:914} INFO - Processing file /home/airflow/.local/lib/python3.12/site-packages/airflow/example_dags/example_xcomargs.py for tasks to queue
[2025-04-04T19:18:07.185+0000] {logging_mixin.py:190} INFO - [2025-04-04T19:18:07.185+0000] {dagbag.py:588} INFO - Filling up the DagBag from /home/airflow/.local/lib/python3.12/site-packages/airflow/example_dags/example_xcomargs.py
[2025-04-04T19:18:07.194+0000] {processor.py:925} INFO - DAG(s) 'example_xcom_args_with_operators', 'example_xcom_args' retrieved from /home/airflow/.local/lib/python3.12/site-packages/airflow/example_dags/example_xcomargs.py
[2025-04-04T19:18:07.218+0000] {logging_mixin.py:190} INFO - [2025-04-04T19:18:07.217+0000] {dag.py:3239} INFO - Sync 2 DAGs
[2025-04-04T19:18:07.234+0000] {logging_mixin.py:190} INFO - [2025-04-04T19:18:07.234+0000] {dag.py:4180} INFO - Setting next_dagrun for example_xcom_args to None, run_after=None
[2025-04-04T19:18:07.238+0000] {logging_mixin.py:190} INFO - [2025-04-04T19:18:07.238+0000] {dag.py:4180} INFO - Setting next_dagrun for example_xcom_args_with_operators to None, run_after=None
[2025-04-04T19:18:07.255+0000] {processor.py:208} INFO - Processing /home/airflow/.local/lib/python3.12/site-packages/airflow/example_dags/example_xcomargs.py took 0.079 seconds
[2025-04-04T19:18:37.515+0000] {processor.py:186} INFO - Started process (PID=3582) to work on /home/airflow/.local/lib/python3.12/site-packages/airflow/example_dags/example_xcomargs.py
[2025-04-04T19:18:37.515+0000] {processor.py:914} INFO - Processing file /home/airflow/.local/lib/python3.12/site-packages/airflow/example_dags/example_xcomargs.py for tasks to queue
[2025-04-04T19:18:37.518+0000] {logging_mixin.py:190} INFO - [2025-04-04T19:18:37.517+0000] {dagbag.py:588} INFO - Filling up the DagBag from /home/airflow/.local/lib/python3.12/site-packages/airflow/example_dags/example_xcomargs.py
[2025-04-04T19:18:37.527+0000] {processor.py:925} INFO - DAG(s) 'example_xcom_args_with_operators', 'example_xcom_args' retrieved from /home/airflow/.local/lib/python3.12/site-packages/airflow/example_dags/example_xcomargs.py
[2025-04-04T19:18:37.550+0000] {logging_mixin.py:190} INFO - [2025-04-04T19:18:37.550+0000] {dag.py:3239} INFO - Sync 2 DAGs
[2025-04-04T19:18:37.565+0000] {logging_mixin.py:190} INFO - [2025-04-04T19:18:37.564+0000] {dag.py:4180} INFO - Setting next_dagrun for example_xcom_args to None, run_after=None
[2025-04-04T19:18:37.569+0000] {logging_mixin.py:190} INFO - [2025-04-04T19:18:37.569+0000] {dag.py:4180} INFO - Setting next_dagrun for example_xcom_args_with_operators to None, run_after=None
[2025-04-04T19:18:37.586+0000] {processor.py:208} INFO - Processing /home/airflow/.local/lib/python3.12/site-packages/airflow/example_dags/example_xcomargs.py took 0.077 seconds
[2025-04-04T19:19:08.326+0000] {processor.py:186} INFO - Started process (PID=3646) to work on /home/airflow/.local/lib/python3.12/site-packages/airflow/example_dags/example_xcomargs.py
[2025-04-04T19:19:08.327+0000] {processor.py:914} INFO - Processing file /home/airflow/.local/lib/python3.12/site-packages/airflow/example_dags/example_xcomargs.py for tasks to queue
[2025-04-04T19:19:08.330+0000] {logging_mixin.py:190} INFO - [2025-04-04T19:19:08.329+0000] {dagbag.py:588} INFO - Filling up the DagBag from /home/airflow/.local/lib/python3.12/site-packages/airflow/example_dags/example_xcomargs.py
[2025-04-04T19:19:08.340+0000] {processor.py:925} INFO - DAG(s) 'example_xcom_args_with_operators', 'example_xcom_args' retrieved from /home/airflow/.local/lib/python3.12/site-packages/airflow/example_dags/example_xcomargs.py
[2025-04-04T19:19:08.368+0000] {logging_mixin.py:190} INFO - [2025-04-04T19:19:08.367+0000] {dag.py:3239} INFO - Sync 2 DAGs
[2025-04-04T19:19:08.384+0000] {logging_mixin.py:190} INFO - [2025-04-04T19:19:08.383+0000] {dag.py:4180} INFO - Setting next_dagrun for example_xcom_args to None, run_after=None
[2025-04-04T19:19:08.388+0000] {logging_mixin.py:190} INFO - [2025-04-04T19:19:08.388+0000] {dag.py:4180} INFO - Setting next_dagrun for example_xcom_args_with_operators to None, run_after=None
[2025-04-04T19:19:08.408+0000] {processor.py:208} INFO - Processing /home/airflow/.local/lib/python3.12/site-packages/airflow/example_dags/example_xcomargs.py took 0.088 seconds
[2025-04-04T19:19:39.391+0000] {processor.py:186} INFO - Started process (PID=3710) to work on /home/airflow/.local/lib/python3.12/site-packages/airflow/example_dags/example_xcomargs.py
[2025-04-04T19:19:39.392+0000] {processor.py:914} INFO - Processing file /home/airflow/.local/lib/python3.12/site-packages/airflow/example_dags/example_xcomargs.py for tasks to queue
[2025-04-04T19:19:39.396+0000] {logging_mixin.py:190} INFO - [2025-04-04T19:19:39.396+0000] {dagbag.py:588} INFO - Filling up the DagBag from /home/airflow/.local/lib/python3.12/site-packages/airflow/example_dags/example_xcomargs.py
[2025-04-04T19:19:39.408+0000] {processor.py:925} INFO - DAG(s) 'example_xcom_args', 'example_xcom_args_with_operators' retrieved from /home/airflow/.local/lib/python3.12/site-packages/airflow/example_dags/example_xcomargs.py
[2025-04-04T19:19:39.441+0000] {logging_mixin.py:190} INFO - [2025-04-04T19:19:39.440+0000] {dag.py:3239} INFO - Sync 2 DAGs
[2025-04-04T19:19:39.462+0000] {logging_mixin.py:190} INFO - [2025-04-04T19:19:39.462+0000] {dag.py:4180} INFO - Setting next_dagrun for example_xcom_args to None, run_after=None
[2025-04-04T19:19:39.468+0000] {logging_mixin.py:190} INFO - [2025-04-04T19:19:39.468+0000] {dag.py:4180} INFO - Setting next_dagrun for example_xcom_args_with_operators to None, run_after=None
[2025-04-04T19:19:39.491+0000] {processor.py:208} INFO - Processing /home/airflow/.local/lib/python3.12/site-packages/airflow/example_dags/example_xcomargs.py took 0.108 seconds
[2025-04-04T19:20:10.037+0000] {processor.py:186} INFO - Started process (PID=3774) to work on /home/airflow/.local/lib/python3.12/site-packages/airflow/example_dags/example_xcomargs.py
[2025-04-04T19:20:10.038+0000] {processor.py:914} INFO - Processing file /home/airflow/.local/lib/python3.12/site-packages/airflow/example_dags/example_xcomargs.py for tasks to queue
[2025-04-04T19:20:10.040+0000] {logging_mixin.py:190} INFO - [2025-04-04T19:20:10.040+0000] {dagbag.py:588} INFO - Filling up the DagBag from /home/airflow/.local/lib/python3.12/site-packages/airflow/example_dags/example_xcomargs.py
[2025-04-04T19:20:10.049+0000] {processor.py:925} INFO - DAG(s) 'example_xcom_args_with_operators', 'example_xcom_args' retrieved from /home/airflow/.local/lib/python3.12/site-packages/airflow/example_dags/example_xcomargs.py
[2025-04-04T19:20:10.070+0000] {logging_mixin.py:190} INFO - [2025-04-04T19:20:10.069+0000] {dag.py:3239} INFO - Sync 2 DAGs
[2025-04-04T19:20:10.084+0000] {logging_mixin.py:190} INFO - [2025-04-04T19:20:10.084+0000] {dag.py:4180} INFO - Setting next_dagrun for example_xcom_args to None, run_after=None
[2025-04-04T19:20:10.089+0000] {logging_mixin.py:190} INFO - [2025-04-04T19:20:10.089+0000] {dag.py:4180} INFO - Setting next_dagrun for example_xcom_args_with_operators to None, run_after=None
[2025-04-04T19:20:10.103+0000] {processor.py:208} INFO - Processing /home/airflow/.local/lib/python3.12/site-packages/airflow/example_dags/example_xcomargs.py took 0.071 seconds
[2025-04-04T19:20:40.658+0000] {processor.py:186} INFO - Started process (PID=3838) to work on /home/airflow/.local/lib/python3.12/site-packages/airflow/example_dags/example_xcomargs.py
[2025-04-04T19:20:40.659+0000] {processor.py:914} INFO - Processing file /home/airflow/.local/lib/python3.12/site-packages/airflow/example_dags/example_xcomargs.py for tasks to queue
[2025-04-04T19:20:40.661+0000] {logging_mixin.py:190} INFO - [2025-04-04T19:20:40.661+0000] {dagbag.py:588} INFO - Filling up the DagBag from /home/airflow/.local/lib/python3.12/site-packages/airflow/example_dags/example_xcomargs.py
[2025-04-04T19:20:40.670+0000] {processor.py:925} INFO - DAG(s) 'example_xcom_args', 'example_xcom_args_with_operators' retrieved from /home/airflow/.local/lib/python3.12/site-packages/airflow/example_dags/example_xcomargs.py
[2025-04-04T19:20:40.693+0000] {logging_mixin.py:190} INFO - [2025-04-04T19:20:40.693+0000] {dag.py:3239} INFO - Sync 2 DAGs
[2025-04-04T19:20:40.708+0000] {logging_mixin.py:190} INFO - [2025-04-04T19:20:40.707+0000] {dag.py:4180} INFO - Setting next_dagrun for example_xcom_args to None, run_after=None
[2025-04-04T19:20:40.712+0000] {logging_mixin.py:190} INFO - [2025-04-04T19:20:40.712+0000] {dag.py:4180} INFO - Setting next_dagrun for example_xcom_args_with_operators to None, run_after=None
[2025-04-04T19:20:40.726+0000] {processor.py:208} INFO - Processing /home/airflow/.local/lib/python3.12/site-packages/airflow/example_dags/example_xcomargs.py took 0.073 seconds
[2025-04-04T19:21:10.920+0000] {processor.py:186} INFO - Started process (PID=3902) to work on /home/airflow/.local/lib/python3.12/site-packages/airflow/example_dags/example_xcomargs.py
[2025-04-04T19:21:10.921+0000] {processor.py:914} INFO - Processing file /home/airflow/.local/lib/python3.12/site-packages/airflow/example_dags/example_xcomargs.py for tasks to queue
[2025-04-04T19:21:10.923+0000] {logging_mixin.py:190} INFO - [2025-04-04T19:21:10.923+0000] {dagbag.py:588} INFO - Filling up the DagBag from /home/airflow/.local/lib/python3.12/site-packages/airflow/example_dags/example_xcomargs.py
[2025-04-04T19:21:10.932+0000] {processor.py:925} INFO - DAG(s) 'example_xcom_args', 'example_xcom_args_with_operators' retrieved from /home/airflow/.local/lib/python3.12/site-packages/airflow/example_dags/example_xcomargs.py
[2025-04-04T19:21:10.954+0000] {logging_mixin.py:190} INFO - [2025-04-04T19:21:10.954+0000] {dag.py:3239} INFO - Sync 2 DAGs
[2025-04-04T19:21:10.968+0000] {logging_mixin.py:190} INFO - [2025-04-04T19:21:10.967+0000] {dag.py:4180} INFO - Setting next_dagrun for example_xcom_args to None, run_after=None
[2025-04-04T19:21:10.973+0000] {logging_mixin.py:190} INFO - [2025-04-04T19:21:10.972+0000] {dag.py:4180} INFO - Setting next_dagrun for example_xcom_args_with_operators to None, run_after=None
[2025-04-04T19:21:10.989+0000] {processor.py:208} INFO - Processing /home/airflow/.local/lib/python3.12/site-packages/airflow/example_dags/example_xcomargs.py took 0.074 seconds
[2025-04-04T19:21:41.819+0000] {processor.py:186} INFO - Started process (PID=3966) to work on /home/airflow/.local/lib/python3.12/site-packages/airflow/example_dags/example_xcomargs.py
[2025-04-04T19:21:41.821+0000] {processor.py:914} INFO - Processing file /home/airflow/.local/lib/python3.12/site-packages/airflow/example_dags/example_xcomargs.py for tasks to queue
[2025-04-04T19:21:41.823+0000] {logging_mixin.py:190} INFO - [2025-04-04T19:21:41.823+0000] {dagbag.py:588} INFO - Filling up the DagBag from /home/airflow/.local/lib/python3.12/site-packages/airflow/example_dags/example_xcomargs.py
[2025-04-04T19:21:41.835+0000] {processor.py:925} INFO - DAG(s) 'example_xcom_args_with_operators', 'example_xcom_args' retrieved from /home/airflow/.local/lib/python3.12/site-packages/airflow/example_dags/example_xcomargs.py
[2025-04-04T19:21:41.865+0000] {logging_mixin.py:190} INFO - [2025-04-04T19:21:41.865+0000] {dag.py:3239} INFO - Sync 2 DAGs
[2025-04-04T19:21:41.885+0000] {logging_mixin.py:190} INFO - [2025-04-04T19:21:41.884+0000] {dag.py:4180} INFO - Setting next_dagrun for example_xcom_args to None, run_after=None
[2025-04-04T19:21:41.890+0000] {logging_mixin.py:190} INFO - [2025-04-04T19:21:41.890+0000] {dag.py:4180} INFO - Setting next_dagrun for example_xcom_args_with_operators to None, run_after=None
[2025-04-04T19:21:41.912+0000] {processor.py:208} INFO - Processing /home/airflow/.local/lib/python3.12/site-packages/airflow/example_dags/example_xcomargs.py took 0.100 seconds
[2025-04-04T19:22:12.533+0000] {processor.py:186} INFO - Started process (PID=4030) to work on /home/airflow/.local/lib/python3.12/site-packages/airflow/example_dags/example_xcomargs.py
[2025-04-04T19:22:12.534+0000] {processor.py:914} INFO - Processing file /home/airflow/.local/lib/python3.12/site-packages/airflow/example_dags/example_xcomargs.py for tasks to queue
[2025-04-04T19:22:12.537+0000] {logging_mixin.py:190} INFO - [2025-04-04T19:22:12.536+0000] {dagbag.py:588} INFO - Filling up the DagBag from /home/airflow/.local/lib/python3.12/site-packages/airflow/example_dags/example_xcomargs.py
[2025-04-04T19:22:12.546+0000] {processor.py:925} INFO - DAG(s) 'example_xcom_args_with_operators', 'example_xcom_args' retrieved from /home/airflow/.local/lib/python3.12/site-packages/airflow/example_dags/example_xcomargs.py
[2025-04-04T19:22:12.571+0000] {logging_mixin.py:190} INFO - [2025-04-04T19:22:12.571+0000] {dag.py:3239} INFO - Sync 2 DAGs
[2025-04-04T19:22:12.585+0000] {logging_mixin.py:190} INFO - [2025-04-04T19:22:12.585+0000] {dag.py:4180} INFO - Setting next_dagrun for example_xcom_args to None, run_after=None
[2025-04-04T19:22:12.589+0000] {logging_mixin.py:190} INFO - [2025-04-04T19:22:12.589+0000] {dag.py:4180} INFO - Setting next_dagrun for example_xcom_args_with_operators to None, run_after=None
[2025-04-04T19:22:12.604+0000] {processor.py:208} INFO - Processing /home/airflow/.local/lib/python3.12/site-packages/airflow/example_dags/example_xcomargs.py took 0.077 seconds
[2025-04-04T19:22:42.983+0000] {processor.py:186} INFO - Started process (PID=4094) to work on /home/airflow/.local/lib/python3.12/site-packages/airflow/example_dags/example_xcomargs.py
[2025-04-04T19:22:42.984+0000] {processor.py:914} INFO - Processing file /home/airflow/.local/lib/python3.12/site-packages/airflow/example_dags/example_xcomargs.py for tasks to queue
[2025-04-04T19:22:42.986+0000] {logging_mixin.py:190} INFO - [2025-04-04T19:22:42.986+0000] {dagbag.py:588} INFO - Filling up the DagBag from /home/airflow/.local/lib/python3.12/site-packages/airflow/example_dags/example_xcomargs.py
[2025-04-04T19:22:42.995+0000] {processor.py:925} INFO - DAG(s) 'example_xcom_args', 'example_xcom_args_with_operators' retrieved from /home/airflow/.local/lib/python3.12/site-packages/airflow/example_dags/example_xcomargs.py
[2025-04-04T19:22:43.018+0000] {logging_mixin.py:190} INFO - [2025-04-04T19:22:43.018+0000] {dag.py:3239} INFO - Sync 2 DAGs
[2025-04-04T19:22:43.034+0000] {logging_mixin.py:190} INFO - [2025-04-04T19:22:43.033+0000] {dag.py:4180} INFO - Setting next_dagrun for example_xcom_args to None, run_after=None
[2025-04-04T19:22:43.038+0000] {logging_mixin.py:190} INFO - [2025-04-04T19:22:43.038+0000] {dag.py:4180} INFO - Setting next_dagrun for example_xcom_args_with_operators to None, run_after=None
[2025-04-04T19:22:43.055+0000] {processor.py:208} INFO - Processing /home/airflow/.local/lib/python3.12/site-packages/airflow/example_dags/example_xcomargs.py took 0.078 seconds
[2025-04-04T19:23:13.242+0000] {processor.py:186} INFO - Started process (PID=4158) to work on /home/airflow/.local/lib/python3.12/site-packages/airflow/example_dags/example_xcomargs.py
[2025-04-04T19:23:13.244+0000] {processor.py:914} INFO - Processing file /home/airflow/.local/lib/python3.12/site-packages/airflow/example_dags/example_xcomargs.py for tasks to queue
[2025-04-04T19:23:13.246+0000] {logging_mixin.py:190} INFO - [2025-04-04T19:23:13.246+0000] {dagbag.py:588} INFO - Filling up the DagBag from /home/airflow/.local/lib/python3.12/site-packages/airflow/example_dags/example_xcomargs.py
[2025-04-04T19:23:13.255+0000] {processor.py:925} INFO - DAG(s) 'example_xcom_args_with_operators', 'example_xcom_args' retrieved from /home/airflow/.local/lib/python3.12/site-packages/airflow/example_dags/example_xcomargs.py
[2025-04-04T19:23:13.278+0000] {logging_mixin.py:190} INFO - [2025-04-04T19:23:13.277+0000] {dag.py:3239} INFO - Sync 2 DAGs
[2025-04-04T19:23:13.293+0000] {logging_mixin.py:190} INFO - [2025-04-04T19:23:13.293+0000] {dag.py:4180} INFO - Setting next_dagrun for example_xcom_args to None, run_after=None
[2025-04-04T19:23:13.297+0000] {logging_mixin.py:190} INFO - [2025-04-04T19:23:13.297+0000] {dag.py:4180} INFO - Setting next_dagrun for example_xcom_args_with_operators to None, run_after=None
[2025-04-04T19:23:13.312+0000] {processor.py:208} INFO - Processing /home/airflow/.local/lib/python3.12/site-packages/airflow/example_dags/example_xcomargs.py took 0.075 seconds
[2025-04-04T19:23:43.844+0000] {processor.py:186} INFO - Started process (PID=4222) to work on /home/airflow/.local/lib/python3.12/site-packages/airflow/example_dags/example_xcomargs.py
[2025-04-04T19:23:43.845+0000] {processor.py:914} INFO - Processing file /home/airflow/.local/lib/python3.12/site-packages/airflow/example_dags/example_xcomargs.py for tasks to queue
[2025-04-04T19:23:43.848+0000] {logging_mixin.py:190} INFO - [2025-04-04T19:23:43.848+0000] {dagbag.py:588} INFO - Filling up the DagBag from /home/airflow/.local/lib/python3.12/site-packages/airflow/example_dags/example_xcomargs.py
[2025-04-04T19:23:43.858+0000] {processor.py:925} INFO - DAG(s) 'example_xcom_args_with_operators', 'example_xcom_args' retrieved from /home/airflow/.local/lib/python3.12/site-packages/airflow/example_dags/example_xcomargs.py
[2025-04-04T19:23:43.881+0000] {logging_mixin.py:190} INFO - [2025-04-04T19:23:43.881+0000] {dag.py:3239} INFO - Sync 2 DAGs
[2025-04-04T19:23:43.898+0000] {logging_mixin.py:190} INFO - [2025-04-04T19:23:43.898+0000] {dag.py:4180} INFO - Setting next_dagrun for example_xcom_args to None, run_after=None
[2025-04-04T19:23:43.902+0000] {logging_mixin.py:190} INFO - [2025-04-04T19:23:43.902+0000] {dag.py:4180} INFO - Setting next_dagrun for example_xcom_args_with_operators to None, run_after=None
[2025-04-04T19:23:43.917+0000] {processor.py:208} INFO - Processing /home/airflow/.local/lib/python3.12/site-packages/airflow/example_dags/example_xcomargs.py took 0.078 seconds
[2025-04-04T19:24:14.404+0000] {processor.py:186} INFO - Started process (PID=4286) to work on /home/airflow/.local/lib/python3.12/site-packages/airflow/example_dags/example_xcomargs.py
[2025-04-04T19:24:14.405+0000] {processor.py:914} INFO - Processing file /home/airflow/.local/lib/python3.12/site-packages/airflow/example_dags/example_xcomargs.py for tasks to queue
[2025-04-04T19:24:14.407+0000] {logging_mixin.py:190} INFO - [2025-04-04T19:24:14.407+0000] {dagbag.py:588} INFO - Filling up the DagBag from /home/airflow/.local/lib/python3.12/site-packages/airflow/example_dags/example_xcomargs.py
[2025-04-04T19:24:14.416+0000] {processor.py:925} INFO - DAG(s) 'example_xcom_args', 'example_xcom_args_with_operators' retrieved from /home/airflow/.local/lib/python3.12/site-packages/airflow/example_dags/example_xcomargs.py
[2025-04-04T19:24:14.440+0000] {logging_mixin.py:190} INFO - [2025-04-04T19:24:14.439+0000] {dag.py:3239} INFO - Sync 2 DAGs
[2025-04-04T19:24:14.456+0000] {logging_mixin.py:190} INFO - [2025-04-04T19:24:14.456+0000] {dag.py:4180} INFO - Setting next_dagrun for example_xcom_args to None, run_after=None
[2025-04-04T19:24:14.461+0000] {logging_mixin.py:190} INFO - [2025-04-04T19:24:14.461+0000] {dag.py:4180} INFO - Setting next_dagrun for example_xcom_args_with_operators to None, run_after=None
[2025-04-04T19:24:14.477+0000] {processor.py:208} INFO - Processing /home/airflow/.local/lib/python3.12/site-packages/airflow/example_dags/example_xcomargs.py took 0.078 seconds
[2025-04-04T19:24:45.395+0000] {processor.py:186} INFO - Started process (PID=4356) to work on /home/airflow/.local/lib/python3.12/site-packages/airflow/example_dags/example_xcomargs.py
[2025-04-04T19:24:45.396+0000] {processor.py:914} INFO - Processing file /home/airflow/.local/lib/python3.12/site-packages/airflow/example_dags/example_xcomargs.py for tasks to queue
[2025-04-04T19:24:45.399+0000] {logging_mixin.py:190} INFO - [2025-04-04T19:24:45.399+0000] {dagbag.py:588} INFO - Filling up the DagBag from /home/airflow/.local/lib/python3.12/site-packages/airflow/example_dags/example_xcomargs.py
[2025-04-04T19:24:45.407+0000] {processor.py:925} INFO - DAG(s) 'example_xcom_args', 'example_xcom_args_with_operators' retrieved from /home/airflow/.local/lib/python3.12/site-packages/airflow/example_dags/example_xcomargs.py
[2025-04-04T19:24:45.429+0000] {logging_mixin.py:190} INFO - [2025-04-04T19:24:45.429+0000] {dag.py:3239} INFO - Sync 2 DAGs
[2025-04-04T19:24:45.444+0000] {logging_mixin.py:190} INFO - [2025-04-04T19:24:45.444+0000] {dag.py:4180} INFO - Setting next_dagrun for example_xcom_args to None, run_after=None
[2025-04-04T19:24:45.448+0000] {logging_mixin.py:190} INFO - [2025-04-04T19:24:45.448+0000] {dag.py:4180} INFO - Setting next_dagrun for example_xcom_args_with_operators to None, run_after=None
[2025-04-04T19:24:45.462+0000] {processor.py:208} INFO - Processing /home/airflow/.local/lib/python3.12/site-packages/airflow/example_dags/example_xcomargs.py took 0.072 seconds
[2025-04-04T19:25:15.782+0000] {processor.py:186} INFO - Started process (PID=4421) to work on /home/airflow/.local/lib/python3.12/site-packages/airflow/example_dags/example_xcomargs.py
[2025-04-04T19:25:15.783+0000] {processor.py:914} INFO - Processing file /home/airflow/.local/lib/python3.12/site-packages/airflow/example_dags/example_xcomargs.py for tasks to queue
[2025-04-04T19:25:15.786+0000] {logging_mixin.py:190} INFO - [2025-04-04T19:25:15.785+0000] {dagbag.py:588} INFO - Filling up the DagBag from /home/airflow/.local/lib/python3.12/site-packages/airflow/example_dags/example_xcomargs.py
[2025-04-04T19:25:15.795+0000] {processor.py:925} INFO - DAG(s) 'example_xcom_args_with_operators', 'example_xcom_args' retrieved from /home/airflow/.local/lib/python3.12/site-packages/airflow/example_dags/example_xcomargs.py
[2025-04-04T19:25:15.816+0000] {logging_mixin.py:190} INFO - [2025-04-04T19:25:15.816+0000] {dag.py:3239} INFO - Sync 2 DAGs
[2025-04-04T19:25:15.830+0000] {logging_mixin.py:190} INFO - [2025-04-04T19:25:15.830+0000] {dag.py:4180} INFO - Setting next_dagrun for example_xcom_args to None, run_after=None
[2025-04-04T19:25:15.834+0000] {logging_mixin.py:190} INFO - [2025-04-04T19:25:15.834+0000] {dag.py:4180} INFO - Setting next_dagrun for example_xcom_args_with_operators to None, run_after=None
[2025-04-04T19:25:15.848+0000] {processor.py:208} INFO - Processing /home/airflow/.local/lib/python3.12/site-packages/airflow/example_dags/example_xcomargs.py took 0.070 seconds
[2025-04-04T19:25:46.265+0000] {processor.py:186} INFO - Started process (PID=4486) to work on /home/airflow/.local/lib/python3.12/site-packages/airflow/example_dags/example_xcomargs.py
[2025-04-04T19:25:46.266+0000] {processor.py:914} INFO - Processing file /home/airflow/.local/lib/python3.12/site-packages/airflow/example_dags/example_xcomargs.py for tasks to queue
[2025-04-04T19:25:46.269+0000] {logging_mixin.py:190} INFO - [2025-04-04T19:25:46.269+0000] {dagbag.py:588} INFO - Filling up the DagBag from /home/airflow/.local/lib/python3.12/site-packages/airflow/example_dags/example_xcomargs.py
[2025-04-04T19:25:46.279+0000] {processor.py:925} INFO - DAG(s) 'example_xcom_args', 'example_xcom_args_with_operators' retrieved from /home/airflow/.local/lib/python3.12/site-packages/airflow/example_dags/example_xcomargs.py
[2025-04-04T19:25:46.308+0000] {logging_mixin.py:190} INFO - [2025-04-04T19:25:46.307+0000] {dag.py:3239} INFO - Sync 2 DAGs
[2025-04-04T19:25:46.325+0000] {logging_mixin.py:190} INFO - [2025-04-04T19:25:46.325+0000] {dag.py:4180} INFO - Setting next_dagrun for example_xcom_args to None, run_after=None
[2025-04-04T19:25:46.330+0000] {logging_mixin.py:190} INFO - [2025-04-04T19:25:46.330+0000] {dag.py:4180} INFO - Setting next_dagrun for example_xcom_args_with_operators to None, run_after=None
[2025-04-04T19:25:46.352+0000] {processor.py:208} INFO - Processing /home/airflow/.local/lib/python3.12/site-packages/airflow/example_dags/example_xcomargs.py took 0.092 seconds
[2025-04-04T19:26:16.633+0000] {processor.py:186} INFO - Started process (PID=4551) to work on /home/airflow/.local/lib/python3.12/site-packages/airflow/example_dags/example_xcomargs.py
[2025-04-04T19:26:16.634+0000] {processor.py:914} INFO - Processing file /home/airflow/.local/lib/python3.12/site-packages/airflow/example_dags/example_xcomargs.py for tasks to queue
[2025-04-04T19:26:16.636+0000] {logging_mixin.py:190} INFO - [2025-04-04T19:26:16.636+0000] {dagbag.py:588} INFO - Filling up the DagBag from /home/airflow/.local/lib/python3.12/site-packages/airflow/example_dags/example_xcomargs.py
[2025-04-04T19:26:16.646+0000] {processor.py:925} INFO - DAG(s) 'example_xcom_args_with_operators', 'example_xcom_args' retrieved from /home/airflow/.local/lib/python3.12/site-packages/airflow/example_dags/example_xcomargs.py
[2025-04-04T19:26:16.668+0000] {logging_mixin.py:190} INFO - [2025-04-04T19:26:16.668+0000] {dag.py:3239} INFO - Sync 2 DAGs
[2025-04-04T19:26:16.682+0000] {logging_mixin.py:190} INFO - [2025-04-04T19:26:16.682+0000] {dag.py:4180} INFO - Setting next_dagrun for example_xcom_args to None, run_after=None
[2025-04-04T19:26:16.685+0000] {logging_mixin.py:190} INFO - [2025-04-04T19:26:16.685+0000] {dag.py:4180} INFO - Setting next_dagrun for example_xcom_args_with_operators to None, run_after=None
[2025-04-04T19:26:16.701+0000] {processor.py:208} INFO - Processing /home/airflow/.local/lib/python3.12/site-packages/airflow/example_dags/example_xcomargs.py took 0.075 seconds
[2025-04-04T19:26:47.029+0000] {processor.py:186} INFO - Started process (PID=4616) to work on /home/airflow/.local/lib/python3.12/site-packages/airflow/example_dags/example_xcomargs.py
[2025-04-04T19:26:47.029+0000] {processor.py:914} INFO - Processing file /home/airflow/.local/lib/python3.12/site-packages/airflow/example_dags/example_xcomargs.py for tasks to queue
[2025-04-04T19:26:47.032+0000] {logging_mixin.py:190} INFO - [2025-04-04T19:26:47.031+0000] {dagbag.py:588} INFO - Filling up the DagBag from /home/airflow/.local/lib/python3.12/site-packages/airflow/example_dags/example_xcomargs.py
[2025-04-04T19:26:47.042+0000] {processor.py:925} INFO - DAG(s) 'example_xcom_args_with_operators', 'example_xcom_args' retrieved from /home/airflow/.local/lib/python3.12/site-packages/airflow/example_dags/example_xcomargs.py
[2025-04-04T19:26:47.065+0000] {logging_mixin.py:190} INFO - [2025-04-04T19:26:47.065+0000] {dag.py:3239} INFO - Sync 2 DAGs
[2025-04-04T19:26:47.082+0000] {logging_mixin.py:190} INFO - [2025-04-04T19:26:47.082+0000] {dag.py:4180} INFO - Setting next_dagrun for example_xcom_args to None, run_after=None
[2025-04-04T19:26:47.087+0000] {logging_mixin.py:190} INFO - [2025-04-04T19:26:47.087+0000] {dag.py:4180} INFO - Setting next_dagrun for example_xcom_args_with_operators to None, run_after=None
[2025-04-04T19:26:47.105+0000] {processor.py:208} INFO - Processing /home/airflow/.local/lib/python3.12/site-packages/airflow/example_dags/example_xcomargs.py took 0.083 seconds
[2025-04-04T19:27:17.745+0000] {processor.py:186} INFO - Started process (PID=4681) to work on /home/airflow/.local/lib/python3.12/site-packages/airflow/example_dags/example_xcomargs.py
[2025-04-04T19:27:17.746+0000] {processor.py:914} INFO - Processing file /home/airflow/.local/lib/python3.12/site-packages/airflow/example_dags/example_xcomargs.py for tasks to queue
[2025-04-04T19:27:17.748+0000] {logging_mixin.py:190} INFO - [2025-04-04T19:27:17.747+0000] {dagbag.py:588} INFO - Filling up the DagBag from /home/airflow/.local/lib/python3.12/site-packages/airflow/example_dags/example_xcomargs.py
[2025-04-04T19:27:17.756+0000] {processor.py:925} INFO - DAG(s) 'example_xcom_args_with_operators', 'example_xcom_args' retrieved from /home/airflow/.local/lib/python3.12/site-packages/airflow/example_dags/example_xcomargs.py
[2025-04-04T19:27:17.780+0000] {logging_mixin.py:190} INFO - [2025-04-04T19:27:17.780+0000] {dag.py:3239} INFO - Sync 2 DAGs
[2025-04-04T19:27:17.794+0000] {logging_mixin.py:190} INFO - [2025-04-04T19:27:17.794+0000] {dag.py:4180} INFO - Setting next_dagrun for example_xcom_args to None, run_after=None
[2025-04-04T19:27:17.798+0000] {logging_mixin.py:190} INFO - [2025-04-04T19:27:17.798+0000] {dag.py:4180} INFO - Setting next_dagrun for example_xcom_args_with_operators to None, run_after=None
[2025-04-04T19:27:17.815+0000] {processor.py:208} INFO - Processing /home/airflow/.local/lib/python3.12/site-packages/airflow/example_dags/example_xcomargs.py took 0.075 seconds
[2025-04-04T19:27:48.765+0000] {processor.py:186} INFO - Started process (PID=4747) to work on /home/airflow/.local/lib/python3.12/site-packages/airflow/example_dags/example_xcomargs.py
[2025-04-04T19:27:48.765+0000] {processor.py:914} INFO - Processing file /home/airflow/.local/lib/python3.12/site-packages/airflow/example_dags/example_xcomargs.py for tasks to queue
[2025-04-04T19:27:48.768+0000] {logging_mixin.py:190} INFO - [2025-04-04T19:27:48.768+0000] {dagbag.py:588} INFO - Filling up the DagBag from /home/airflow/.local/lib/python3.12/site-packages/airflow/example_dags/example_xcomargs.py
[2025-04-04T19:27:48.779+0000] {processor.py:925} INFO - DAG(s) 'example_xcom_args', 'example_xcom_args_with_operators' retrieved from /home/airflow/.local/lib/python3.12/site-packages/airflow/example_dags/example_xcomargs.py
[2025-04-04T19:27:48.803+0000] {logging_mixin.py:190} INFO - [2025-04-04T19:27:48.803+0000] {dag.py:3239} INFO - Sync 2 DAGs
[2025-04-04T19:27:48.817+0000] {logging_mixin.py:190} INFO - [2025-04-04T19:27:48.817+0000] {dag.py:4180} INFO - Setting next_dagrun for example_xcom_args to None, run_after=None
[2025-04-04T19:27:48.821+0000] {logging_mixin.py:190} INFO - [2025-04-04T19:27:48.821+0000] {dag.py:4180} INFO - Setting next_dagrun for example_xcom_args_with_operators to None, run_after=None
[2025-04-04T19:27:48.836+0000] {processor.py:208} INFO - Processing /home/airflow/.local/lib/python3.12/site-packages/airflow/example_dags/example_xcomargs.py took 0.077 seconds
[2025-04-04T19:28:19.469+0000] {processor.py:186} INFO - Started process (PID=4812) to work on /home/airflow/.local/lib/python3.12/site-packages/airflow/example_dags/example_xcomargs.py
[2025-04-04T19:28:19.470+0000] {processor.py:914} INFO - Processing file /home/airflow/.local/lib/python3.12/site-packages/airflow/example_dags/example_xcomargs.py for tasks to queue
[2025-04-04T19:28:19.472+0000] {logging_mixin.py:190} INFO - [2025-04-04T19:28:19.472+0000] {dagbag.py:588} INFO - Filling up the DagBag from /home/airflow/.local/lib/python3.12/site-packages/airflow/example_dags/example_xcomargs.py
[2025-04-04T19:28:19.484+0000] {processor.py:925} INFO - DAG(s) 'example_xcom_args_with_operators', 'example_xcom_args' retrieved from /home/airflow/.local/lib/python3.12/site-packages/airflow/example_dags/example_xcomargs.py
[2025-04-04T19:28:19.509+0000] {logging_mixin.py:190} INFO - [2025-04-04T19:28:19.509+0000] {dag.py:3239} INFO - Sync 2 DAGs
[2025-04-04T19:28:19.528+0000] {logging_mixin.py:190} INFO - [2025-04-04T19:28:19.527+0000] {dag.py:4180} INFO - Setting next_dagrun for example_xcom_args to None, run_after=None
[2025-04-04T19:28:19.533+0000] {logging_mixin.py:190} INFO - [2025-04-04T19:28:19.533+0000] {dag.py:4180} INFO - Setting next_dagrun for example_xcom_args_with_operators to None, run_after=None
[2025-04-04T19:28:19.550+0000] {processor.py:208} INFO - Processing /home/airflow/.local/lib/python3.12/site-packages/airflow/example_dags/example_xcomargs.py took 0.087 seconds
[2025-04-04T19:28:49.672+0000] {processor.py:186} INFO - Started process (PID=4877) to work on /home/airflow/.local/lib/python3.12/site-packages/airflow/example_dags/example_xcomargs.py
[2025-04-04T19:28:49.673+0000] {processor.py:914} INFO - Processing file /home/airflow/.local/lib/python3.12/site-packages/airflow/example_dags/example_xcomargs.py for tasks to queue
[2025-04-04T19:28:49.676+0000] {logging_mixin.py:190} INFO - [2025-04-04T19:28:49.675+0000] {dagbag.py:588} INFO - Filling up the DagBag from /home/airflow/.local/lib/python3.12/site-packages/airflow/example_dags/example_xcomargs.py
[2025-04-04T19:28:49.685+0000] {processor.py:925} INFO - DAG(s) 'example_xcom_args_with_operators', 'example_xcom_args' retrieved from /home/airflow/.local/lib/python3.12/site-packages/airflow/example_dags/example_xcomargs.py
[2025-04-04T19:28:49.712+0000] {logging_mixin.py:190} INFO - [2025-04-04T19:28:49.712+0000] {dag.py:3239} INFO - Sync 2 DAGs
[2025-04-04T19:28:49.728+0000] {logging_mixin.py:190} INFO - [2025-04-04T19:28:49.728+0000] {dag.py:4180} INFO - Setting next_dagrun for example_xcom_args to None, run_after=None
[2025-04-04T19:28:49.733+0000] {logging_mixin.py:190} INFO - [2025-04-04T19:28:49.732+0000] {dag.py:4180} INFO - Setting next_dagrun for example_xcom_args_with_operators to None, run_after=None
[2025-04-04T19:28:49.748+0000] {processor.py:208} INFO - Processing /home/airflow/.local/lib/python3.12/site-packages/airflow/example_dags/example_xcomargs.py took 0.081 seconds
[2025-04-04T19:29:20.700+0000] {processor.py:186} INFO - Started process (PID=4942) to work on /home/airflow/.local/lib/python3.12/site-packages/airflow/example_dags/example_xcomargs.py
[2025-04-04T19:29:20.701+0000] {processor.py:914} INFO - Processing file /home/airflow/.local/lib/python3.12/site-packages/airflow/example_dags/example_xcomargs.py for tasks to queue
[2025-04-04T19:29:20.703+0000] {logging_mixin.py:190} INFO - [2025-04-04T19:29:20.703+0000] {dagbag.py:588} INFO - Filling up the DagBag from /home/airflow/.local/lib/python3.12/site-packages/airflow/example_dags/example_xcomargs.py
[2025-04-04T19:29:20.713+0000] {processor.py:925} INFO - DAG(s) 'example_xcom_args_with_operators', 'example_xcom_args' retrieved from /home/airflow/.local/lib/python3.12/site-packages/airflow/example_dags/example_xcomargs.py
[2025-04-04T19:29:20.739+0000] {logging_mixin.py:190} INFO - [2025-04-04T19:29:20.738+0000] {dag.py:3239} INFO - Sync 2 DAGs
[2025-04-04T19:29:20.755+0000] {logging_mixin.py:190} INFO - [2025-04-04T19:29:20.754+0000] {dag.py:4180} INFO - Setting next_dagrun for example_xcom_args to None, run_after=None
[2025-04-04T19:29:20.759+0000] {logging_mixin.py:190} INFO - [2025-04-04T19:29:20.758+0000] {dag.py:4180} INFO - Setting next_dagrun for example_xcom_args_with_operators to None, run_after=None
[2025-04-04T19:29:20.787+0000] {processor.py:208} INFO - Processing /home/airflow/.local/lib/python3.12/site-packages/airflow/example_dags/example_xcomargs.py took 0.094 seconds
[2025-04-04T19:29:50.898+0000] {processor.py:186} INFO - Started process (PID=5006) to work on /home/airflow/.local/lib/python3.12/site-packages/airflow/example_dags/example_xcomargs.py
[2025-04-04T19:29:50.899+0000] {processor.py:914} INFO - Processing file /home/airflow/.local/lib/python3.12/site-packages/airflow/example_dags/example_xcomargs.py for tasks to queue
[2025-04-04T19:29:50.901+0000] {logging_mixin.py:190} INFO - [2025-04-04T19:29:50.901+0000] {dagbag.py:588} INFO - Filling up the DagBag from /home/airflow/.local/lib/python3.12/site-packages/airflow/example_dags/example_xcomargs.py
[2025-04-04T19:29:50.911+0000] {processor.py:925} INFO - DAG(s) 'example_xcom_args', 'example_xcom_args_with_operators' retrieved from /home/airflow/.local/lib/python3.12/site-packages/airflow/example_dags/example_xcomargs.py
[2025-04-04T19:29:50.932+0000] {logging_mixin.py:190} INFO - [2025-04-04T19:29:50.932+0000] {dag.py:3239} INFO - Sync 2 DAGs
[2025-04-04T19:29:50.946+0000] {logging_mixin.py:190} INFO - [2025-04-04T19:29:50.945+0000] {dag.py:4180} INFO - Setting next_dagrun for example_xcom_args to None, run_after=None
[2025-04-04T19:29:50.949+0000] {logging_mixin.py:190} INFO - [2025-04-04T19:29:50.949+0000] {dag.py:4180} INFO - Setting next_dagrun for example_xcom_args_with_operators to None, run_after=None
[2025-04-04T19:29:50.973+0000] {processor.py:208} INFO - Processing /home/airflow/.local/lib/python3.12/site-packages/airflow/example_dags/example_xcomargs.py took 0.080 seconds
[2025-04-04T19:30:21.660+0000] {processor.py:186} INFO - Started process (PID=5072) to work on /home/airflow/.local/lib/python3.12/site-packages/airflow/example_dags/example_xcomargs.py
[2025-04-04T19:30:21.661+0000] {processor.py:914} INFO - Processing file /home/airflow/.local/lib/python3.12/site-packages/airflow/example_dags/example_xcomargs.py for tasks to queue
[2025-04-04T19:30:21.663+0000] {logging_mixin.py:190} INFO - [2025-04-04T19:30:21.663+0000] {dagbag.py:588} INFO - Filling up the DagBag from /home/airflow/.local/lib/python3.12/site-packages/airflow/example_dags/example_xcomargs.py
[2025-04-04T19:30:21.672+0000] {processor.py:925} INFO - DAG(s) 'example_xcom_args_with_operators', 'example_xcom_args' retrieved from /home/airflow/.local/lib/python3.12/site-packages/airflow/example_dags/example_xcomargs.py
[2025-04-04T19:30:21.698+0000] {logging_mixin.py:190} INFO - [2025-04-04T19:30:21.697+0000] {dag.py:3239} INFO - Sync 2 DAGs
[2025-04-04T19:30:21.712+0000] {logging_mixin.py:190} INFO - [2025-04-04T19:30:21.712+0000] {dag.py:4180} INFO - Setting next_dagrun for example_xcom_args to None, run_after=None
[2025-04-04T19:30:21.716+0000] {logging_mixin.py:190} INFO - [2025-04-04T19:30:21.716+0000] {dag.py:4180} INFO - Setting next_dagrun for example_xcom_args_with_operators to None, run_after=None
[2025-04-04T19:30:21.730+0000] {processor.py:208} INFO - Processing /home/airflow/.local/lib/python3.12/site-packages/airflow/example_dags/example_xcomargs.py took 0.075 seconds
[2025-04-04T19:30:52.209+0000] {processor.py:186} INFO - Started process (PID=5137) to work on /home/airflow/.local/lib/python3.12/site-packages/airflow/example_dags/example_xcomargs.py
[2025-04-04T19:30:52.210+0000] {processor.py:914} INFO - Processing file /home/airflow/.local/lib/python3.12/site-packages/airflow/example_dags/example_xcomargs.py for tasks to queue
[2025-04-04T19:30:52.212+0000] {logging_mixin.py:190} INFO - [2025-04-04T19:30:52.212+0000] {dagbag.py:588} INFO - Filling up the DagBag from /home/airflow/.local/lib/python3.12/site-packages/airflow/example_dags/example_xcomargs.py
[2025-04-04T19:30:52.221+0000] {processor.py:925} INFO - DAG(s) 'example_xcom_args_with_operators', 'example_xcom_args' retrieved from /home/airflow/.local/lib/python3.12/site-packages/airflow/example_dags/example_xcomargs.py
[2025-04-04T19:30:52.242+0000] {logging_mixin.py:190} INFO - [2025-04-04T19:30:52.242+0000] {dag.py:3239} INFO - Sync 2 DAGs
[2025-04-04T19:30:52.255+0000] {logging_mixin.py:190} INFO - [2025-04-04T19:30:52.255+0000] {dag.py:4180} INFO - Setting next_dagrun for example_xcom_args to None, run_after=None
[2025-04-04T19:30:52.259+0000] {logging_mixin.py:190} INFO - [2025-04-04T19:30:52.259+0000] {dag.py:4180} INFO - Setting next_dagrun for example_xcom_args_with_operators to None, run_after=None
[2025-04-04T19:30:52.272+0000] {processor.py:208} INFO - Processing /home/airflow/.local/lib/python3.12/site-packages/airflow/example_dags/example_xcomargs.py took 0.068 seconds
[2025-04-04T19:31:22.834+0000] {processor.py:186} INFO - Started process (PID=5202) to work on /home/airflow/.local/lib/python3.12/site-packages/airflow/example_dags/example_xcomargs.py
[2025-04-04T19:31:22.835+0000] {processor.py:914} INFO - Processing file /home/airflow/.local/lib/python3.12/site-packages/airflow/example_dags/example_xcomargs.py for tasks to queue
[2025-04-04T19:31:22.837+0000] {logging_mixin.py:190} INFO - [2025-04-04T19:31:22.837+0000] {dagbag.py:588} INFO - Filling up the DagBag from /home/airflow/.local/lib/python3.12/site-packages/airflow/example_dags/example_xcomargs.py
[2025-04-04T19:31:22.847+0000] {processor.py:925} INFO - DAG(s) 'example_xcom_args', 'example_xcom_args_with_operators' retrieved from /home/airflow/.local/lib/python3.12/site-packages/airflow/example_dags/example_xcomargs.py
[2025-04-04T19:31:22.874+0000] {logging_mixin.py:190} INFO - [2025-04-04T19:31:22.873+0000] {dag.py:3239} INFO - Sync 2 DAGs
[2025-04-04T19:31:22.890+0000] {logging_mixin.py:190} INFO - [2025-04-04T19:31:22.890+0000] {dag.py:4180} INFO - Setting next_dagrun for example_xcom_args to None, run_after=None
[2025-04-04T19:31:22.894+0000] {logging_mixin.py:190} INFO - [2025-04-04T19:31:22.893+0000] {dag.py:4180} INFO - Setting next_dagrun for example_xcom_args_with_operators to None, run_after=None
[2025-04-04T19:31:22.910+0000] {processor.py:208} INFO - Processing /home/airflow/.local/lib/python3.12/site-packages/airflow/example_dags/example_xcomargs.py took 0.082 seconds
[2025-04-04T19:31:53.828+0000] {processor.py:186} INFO - Started process (PID=5268) to work on /home/airflow/.local/lib/python3.12/site-packages/airflow/example_dags/example_xcomargs.py
[2025-04-04T19:31:53.829+0000] {processor.py:914} INFO - Processing file /home/airflow/.local/lib/python3.12/site-packages/airflow/example_dags/example_xcomargs.py for tasks to queue
[2025-04-04T19:31:53.831+0000] {logging_mixin.py:190} INFO - [2025-04-04T19:31:53.830+0000] {dagbag.py:588} INFO - Filling up the DagBag from /home/airflow/.local/lib/python3.12/site-packages/airflow/example_dags/example_xcomargs.py
[2025-04-04T19:31:53.840+0000] {processor.py:925} INFO - DAG(s) 'example_xcom_args_with_operators', 'example_xcom_args' retrieved from /home/airflow/.local/lib/python3.12/site-packages/airflow/example_dags/example_xcomargs.py
[2025-04-04T19:31:53.862+0000] {logging_mixin.py:190} INFO - [2025-04-04T19:31:53.862+0000] {dag.py:3239} INFO - Sync 2 DAGs
[2025-04-04T19:31:53.876+0000] {logging_mixin.py:190} INFO - [2025-04-04T19:31:53.876+0000] {dag.py:4180} INFO - Setting next_dagrun for example_xcom_args to None, run_after=None
[2025-04-04T19:31:53.879+0000] {logging_mixin.py:190} INFO - [2025-04-04T19:31:53.879+0000] {dag.py:4180} INFO - Setting next_dagrun for example_xcom_args_with_operators to None, run_after=None
[2025-04-04T19:31:53.893+0000] {processor.py:208} INFO - Processing /home/airflow/.local/lib/python3.12/site-packages/airflow/example_dags/example_xcomargs.py took 0.070 seconds
[2025-04-04T19:32:24.550+0000] {processor.py:186} INFO - Started process (PID=5333) to work on /home/airflow/.local/lib/python3.12/site-packages/airflow/example_dags/example_xcomargs.py
[2025-04-04T19:32:24.551+0000] {processor.py:914} INFO - Processing file /home/airflow/.local/lib/python3.12/site-packages/airflow/example_dags/example_xcomargs.py for tasks to queue
[2025-04-04T19:32:24.553+0000] {logging_mixin.py:190} INFO - [2025-04-04T19:32:24.552+0000] {dagbag.py:588} INFO - Filling up the DagBag from /home/airflow/.local/lib/python3.12/site-packages/airflow/example_dags/example_xcomargs.py
[2025-04-04T19:32:24.562+0000] {processor.py:925} INFO - DAG(s) 'example_xcom_args', 'example_xcom_args_with_operators' retrieved from /home/airflow/.local/lib/python3.12/site-packages/airflow/example_dags/example_xcomargs.py
[2025-04-04T19:32:24.584+0000] {logging_mixin.py:190} INFO - [2025-04-04T19:32:24.584+0000] {dag.py:3239} INFO - Sync 2 DAGs
[2025-04-04T19:32:24.599+0000] {logging_mixin.py:190} INFO - [2025-04-04T19:32:24.599+0000] {dag.py:4180} INFO - Setting next_dagrun for example_xcom_args to None, run_after=None
[2025-04-04T19:32:24.603+0000] {logging_mixin.py:190} INFO - [2025-04-04T19:32:24.603+0000] {dag.py:4180} INFO - Setting next_dagrun for example_xcom_args_with_operators to None, run_after=None
[2025-04-04T19:32:24.628+0000] {processor.py:208} INFO - Processing /home/airflow/.local/lib/python3.12/site-packages/airflow/example_dags/example_xcomargs.py took 0.084 seconds
[2025-04-04T19:32:55.069+0000] {processor.py:186} INFO - Started process (PID=5398) to work on /home/airflow/.local/lib/python3.12/site-packages/airflow/example_dags/example_xcomargs.py
[2025-04-04T19:32:55.069+0000] {processor.py:914} INFO - Processing file /home/airflow/.local/lib/python3.12/site-packages/airflow/example_dags/example_xcomargs.py for tasks to queue
[2025-04-04T19:32:55.071+0000] {logging_mixin.py:190} INFO - [2025-04-04T19:32:55.071+0000] {dagbag.py:588} INFO - Filling up the DagBag from /home/airflow/.local/lib/python3.12/site-packages/airflow/example_dags/example_xcomargs.py
[2025-04-04T19:32:55.080+0000] {processor.py:925} INFO - DAG(s) 'example_xcom_args_with_operators', 'example_xcom_args' retrieved from /home/airflow/.local/lib/python3.12/site-packages/airflow/example_dags/example_xcomargs.py
[2025-04-04T19:32:55.102+0000] {logging_mixin.py:190} INFO - [2025-04-04T19:32:55.101+0000] {dag.py:3239} INFO - Sync 2 DAGs
[2025-04-04T19:32:55.115+0000] {logging_mixin.py:190} INFO - [2025-04-04T19:32:55.115+0000] {dag.py:4180} INFO - Setting next_dagrun for example_xcom_args to None, run_after=None
[2025-04-04T19:32:55.119+0000] {logging_mixin.py:190} INFO - [2025-04-04T19:32:55.119+0000] {dag.py:4180} INFO - Setting next_dagrun for example_xcom_args_with_operators to None, run_after=None
[2025-04-04T19:32:55.132+0000] {processor.py:208} INFO - Processing /home/airflow/.local/lib/python3.12/site-packages/airflow/example_dags/example_xcomargs.py took 0.068 seconds
[2025-04-04T19:33:25.461+0000] {processor.py:186} INFO - Started process (PID=5463) to work on /home/airflow/.local/lib/python3.12/site-packages/airflow/example_dags/example_xcomargs.py
[2025-04-04T19:33:25.463+0000] {processor.py:914} INFO - Processing file /home/airflow/.local/lib/python3.12/site-packages/airflow/example_dags/example_xcomargs.py for tasks to queue
[2025-04-04T19:33:25.465+0000] {logging_mixin.py:190} INFO - [2025-04-04T19:33:25.465+0000] {dagbag.py:588} INFO - Filling up the DagBag from /home/airflow/.local/lib/python3.12/site-packages/airflow/example_dags/example_xcomargs.py
[2025-04-04T19:33:25.479+0000] {processor.py:925} INFO - DAG(s) 'example_xcom_args', 'example_xcom_args_with_operators' retrieved from /home/airflow/.local/lib/python3.12/site-packages/airflow/example_dags/example_xcomargs.py
[2025-04-04T19:33:25.506+0000] {logging_mixin.py:190} INFO - [2025-04-04T19:33:25.506+0000] {dag.py:3239} INFO - Sync 2 DAGs
[2025-04-04T19:33:25.524+0000] {logging_mixin.py:190} INFO - [2025-04-04T19:33:25.524+0000] {dag.py:4180} INFO - Setting next_dagrun for example_xcom_args to None, run_after=None
[2025-04-04T19:33:25.529+0000] {logging_mixin.py:190} INFO - [2025-04-04T19:33:25.529+0000] {dag.py:4180} INFO - Setting next_dagrun for example_xcom_args_with_operators to None, run_after=None
[2025-04-04T19:33:25.548+0000] {processor.py:208} INFO - Processing /home/airflow/.local/lib/python3.12/site-packages/airflow/example_dags/example_xcomargs.py took 0.094 seconds
[2025-04-04T19:33:55.655+0000] {processor.py:186} INFO - Started process (PID=5527) to work on /home/airflow/.local/lib/python3.12/site-packages/airflow/example_dags/example_xcomargs.py
[2025-04-04T19:33:55.655+0000] {processor.py:914} INFO - Processing file /home/airflow/.local/lib/python3.12/site-packages/airflow/example_dags/example_xcomargs.py for tasks to queue
[2025-04-04T19:33:55.659+0000] {logging_mixin.py:190} INFO - [2025-04-04T19:33:55.658+0000] {dagbag.py:588} INFO - Filling up the DagBag from /home/airflow/.local/lib/python3.12/site-packages/airflow/example_dags/example_xcomargs.py
[2025-04-04T19:33:55.668+0000] {processor.py:925} INFO - DAG(s) 'example_xcom_args_with_operators', 'example_xcom_args' retrieved from /home/airflow/.local/lib/python3.12/site-packages/airflow/example_dags/example_xcomargs.py
[2025-04-04T19:33:55.689+0000] {logging_mixin.py:190} INFO - [2025-04-04T19:33:55.689+0000] {dag.py:3239} INFO - Sync 2 DAGs
[2025-04-04T19:33:55.704+0000] {logging_mixin.py:190} INFO - [2025-04-04T19:33:55.703+0000] {dag.py:4180} INFO - Setting next_dagrun for example_xcom_args to None, run_after=None
[2025-04-04T19:33:55.707+0000] {logging_mixin.py:190} INFO - [2025-04-04T19:33:55.707+0000] {dag.py:4180} INFO - Setting next_dagrun for example_xcom_args_with_operators to None, run_after=None
[2025-04-04T19:33:55.721+0000] {processor.py:208} INFO - Processing /home/airflow/.local/lib/python3.12/site-packages/airflow/example_dags/example_xcomargs.py took 0.072 seconds
[2025-04-04T19:34:26.140+0000] {processor.py:186} INFO - Started process (PID=5592) to work on /home/airflow/.local/lib/python3.12/site-packages/airflow/example_dags/example_xcomargs.py
[2025-04-04T19:34:26.140+0000] {processor.py:914} INFO - Processing file /home/airflow/.local/lib/python3.12/site-packages/airflow/example_dags/example_xcomargs.py for tasks to queue
[2025-04-04T19:34:26.143+0000] {logging_mixin.py:190} INFO - [2025-04-04T19:34:26.143+0000] {dagbag.py:588} INFO - Filling up the DagBag from /home/airflow/.local/lib/python3.12/site-packages/airflow/example_dags/example_xcomargs.py
[2025-04-04T19:34:26.152+0000] {processor.py:925} INFO - DAG(s) 'example_xcom_args_with_operators', 'example_xcom_args' retrieved from /home/airflow/.local/lib/python3.12/site-packages/airflow/example_dags/example_xcomargs.py
[2025-04-04T19:34:26.177+0000] {logging_mixin.py:190} INFO - [2025-04-04T19:34:26.177+0000] {dag.py:3239} INFO - Sync 2 DAGs
[2025-04-04T19:34:26.190+0000] {logging_mixin.py:190} INFO - [2025-04-04T19:34:26.190+0000] {dag.py:4180} INFO - Setting next_dagrun for example_xcom_args to None, run_after=None
[2025-04-04T19:34:26.194+0000] {logging_mixin.py:190} INFO - [2025-04-04T19:34:26.194+0000] {dag.py:4180} INFO - Setting next_dagrun for example_xcom_args_with_operators to None, run_after=None
[2025-04-04T19:34:26.208+0000] {processor.py:208} INFO - Processing /home/airflow/.local/lib/python3.12/site-packages/airflow/example_dags/example_xcomargs.py took 0.074 seconds
[2025-04-04T19:34:56.390+0000] {processor.py:186} INFO - Started process (PID=5657) to work on /home/airflow/.local/lib/python3.12/site-packages/airflow/example_dags/example_xcomargs.py
[2025-04-04T19:34:56.391+0000] {processor.py:914} INFO - Processing file /home/airflow/.local/lib/python3.12/site-packages/airflow/example_dags/example_xcomargs.py for tasks to queue
[2025-04-04T19:34:56.394+0000] {logging_mixin.py:190} INFO - [2025-04-04T19:34:56.394+0000] {dagbag.py:588} INFO - Filling up the DagBag from /home/airflow/.local/lib/python3.12/site-packages/airflow/example_dags/example_xcomargs.py
[2025-04-04T19:34:56.405+0000] {processor.py:925} INFO - DAG(s) 'example_xcom_args_with_operators', 'example_xcom_args' retrieved from /home/airflow/.local/lib/python3.12/site-packages/airflow/example_dags/example_xcomargs.py
[2025-04-04T19:34:56.429+0000] {logging_mixin.py:190} INFO - [2025-04-04T19:34:56.429+0000] {dag.py:3239} INFO - Sync 2 DAGs
[2025-04-04T19:34:56.442+0000] {logging_mixin.py:190} INFO - [2025-04-04T19:34:56.442+0000] {dag.py:4180} INFO - Setting next_dagrun for example_xcom_args to None, run_after=None
[2025-04-04T19:34:56.446+0000] {logging_mixin.py:190} INFO - [2025-04-04T19:34:56.446+0000] {dag.py:4180} INFO - Setting next_dagrun for example_xcom_args_with_operators to None, run_after=None
[2025-04-04T19:34:56.461+0000] {processor.py:208} INFO - Processing /home/airflow/.local/lib/python3.12/site-packages/airflow/example_dags/example_xcomargs.py took 0.077 seconds
[2025-04-04T19:35:27.255+0000] {processor.py:186} INFO - Started process (PID=5723) to work on /home/airflow/.local/lib/python3.12/site-packages/airflow/example_dags/example_xcomargs.py
[2025-04-04T19:35:27.255+0000] {processor.py:914} INFO - Processing file /home/airflow/.local/lib/python3.12/site-packages/airflow/example_dags/example_xcomargs.py for tasks to queue
[2025-04-04T19:35:27.258+0000] {logging_mixin.py:190} INFO - [2025-04-04T19:35:27.258+0000] {dagbag.py:588} INFO - Filling up the DagBag from /home/airflow/.local/lib/python3.12/site-packages/airflow/example_dags/example_xcomargs.py
[2025-04-04T19:35:27.266+0000] {processor.py:925} INFO - DAG(s) 'example_xcom_args_with_operators', 'example_xcom_args' retrieved from /home/airflow/.local/lib/python3.12/site-packages/airflow/example_dags/example_xcomargs.py
[2025-04-04T19:35:27.290+0000] {logging_mixin.py:190} INFO - [2025-04-04T19:35:27.290+0000] {dag.py:3239} INFO - Sync 2 DAGs
[2025-04-04T19:35:27.304+0000] {logging_mixin.py:190} INFO - [2025-04-04T19:35:27.304+0000] {dag.py:4180} INFO - Setting next_dagrun for example_xcom_args to None, run_after=None
[2025-04-04T19:35:27.308+0000] {logging_mixin.py:190} INFO - [2025-04-04T19:35:27.308+0000] {dag.py:4180} INFO - Setting next_dagrun for example_xcom_args_with_operators to None, run_after=None
[2025-04-04T19:35:27.323+0000] {processor.py:208} INFO - Processing /home/airflow/.local/lib/python3.12/site-packages/airflow/example_dags/example_xcomargs.py took 0.074 seconds
[2025-04-04T19:35:58.022+0000] {processor.py:186} INFO - Started process (PID=5788) to work on /home/airflow/.local/lib/python3.12/site-packages/airflow/example_dags/example_xcomargs.py
[2025-04-04T19:35:58.023+0000] {processor.py:914} INFO - Processing file /home/airflow/.local/lib/python3.12/site-packages/airflow/example_dags/example_xcomargs.py for tasks to queue
[2025-04-04T19:35:58.025+0000] {logging_mixin.py:190} INFO - [2025-04-04T19:35:58.025+0000] {dagbag.py:588} INFO - Filling up the DagBag from /home/airflow/.local/lib/python3.12/site-packages/airflow/example_dags/example_xcomargs.py
[2025-04-04T19:35:58.035+0000] {processor.py:925} INFO - DAG(s) 'example_xcom_args_with_operators', 'example_xcom_args' retrieved from /home/airflow/.local/lib/python3.12/site-packages/airflow/example_dags/example_xcomargs.py
[2025-04-04T19:35:58.059+0000] {logging_mixin.py:190} INFO - [2025-04-04T19:35:58.058+0000] {dag.py:3239} INFO - Sync 2 DAGs
[2025-04-04T19:35:58.073+0000] {logging_mixin.py:190} INFO - [2025-04-04T19:35:58.073+0000] {dag.py:4180} INFO - Setting next_dagrun for example_xcom_args to None, run_after=None
[2025-04-04T19:35:58.077+0000] {logging_mixin.py:190} INFO - [2025-04-04T19:35:58.077+0000] {dag.py:4180} INFO - Setting next_dagrun for example_xcom_args_with_operators to None, run_after=None
[2025-04-04T19:35:58.094+0000] {processor.py:208} INFO - Processing /home/airflow/.local/lib/python3.12/site-packages/airflow/example_dags/example_xcomargs.py took 0.079 seconds
[2025-04-04T19:36:28.262+0000] {processor.py:186} INFO - Started process (PID=5852) to work on /home/airflow/.local/lib/python3.12/site-packages/airflow/example_dags/example_xcomargs.py
[2025-04-04T19:36:28.263+0000] {processor.py:914} INFO - Processing file /home/airflow/.local/lib/python3.12/site-packages/airflow/example_dags/example_xcomargs.py for tasks to queue
[2025-04-04T19:36:28.265+0000] {logging_mixin.py:190} INFO - [2025-04-04T19:36:28.265+0000] {dagbag.py:588} INFO - Filling up the DagBag from /home/airflow/.local/lib/python3.12/site-packages/airflow/example_dags/example_xcomargs.py
[2025-04-04T19:36:28.275+0000] {processor.py:925} INFO - DAG(s) 'example_xcom_args_with_operators', 'example_xcom_args' retrieved from /home/airflow/.local/lib/python3.12/site-packages/airflow/example_dags/example_xcomargs.py
[2025-04-04T19:36:28.298+0000] {logging_mixin.py:190} INFO - [2025-04-04T19:36:28.297+0000] {dag.py:3239} INFO - Sync 2 DAGs
[2025-04-04T19:36:28.313+0000] {logging_mixin.py:190} INFO - [2025-04-04T19:36:28.313+0000] {dag.py:4180} INFO - Setting next_dagrun for example_xcom_args to None, run_after=None
[2025-04-04T19:36:28.317+0000] {logging_mixin.py:190} INFO - [2025-04-04T19:36:28.316+0000] {dag.py:4180} INFO - Setting next_dagrun for example_xcom_args_with_operators to None, run_after=None
[2025-04-04T19:36:28.332+0000] {processor.py:208} INFO - Processing /home/airflow/.local/lib/python3.12/site-packages/airflow/example_dags/example_xcomargs.py took 0.075 seconds
[2025-04-04T19:36:58.488+0000] {processor.py:186} INFO - Started process (PID=5917) to work on /home/airflow/.local/lib/python3.12/site-packages/airflow/example_dags/example_xcomargs.py
[2025-04-04T19:36:58.489+0000] {processor.py:914} INFO - Processing file /home/airflow/.local/lib/python3.12/site-packages/airflow/example_dags/example_xcomargs.py for tasks to queue
[2025-04-04T19:36:58.491+0000] {logging_mixin.py:190} INFO - [2025-04-04T19:36:58.491+0000] {dagbag.py:588} INFO - Filling up the DagBag from /home/airflow/.local/lib/python3.12/site-packages/airflow/example_dags/example_xcomargs.py
[2025-04-04T19:36:58.501+0000] {processor.py:925} INFO - DAG(s) 'example_xcom_args_with_operators', 'example_xcom_args' retrieved from /home/airflow/.local/lib/python3.12/site-packages/airflow/example_dags/example_xcomargs.py
[2025-04-04T19:36:58.528+0000] {logging_mixin.py:190} INFO - [2025-04-04T19:36:58.527+0000] {dag.py:3239} INFO - Sync 2 DAGs
[2025-04-04T19:36:58.543+0000] {logging_mixin.py:190} INFO - [2025-04-04T19:36:58.543+0000] {dag.py:4180} INFO - Setting next_dagrun for example_xcom_args to None, run_after=None
[2025-04-04T19:36:58.548+0000] {logging_mixin.py:190} INFO - [2025-04-04T19:36:58.547+0000] {dag.py:4180} INFO - Setting next_dagrun for example_xcom_args_with_operators to None, run_after=None
[2025-04-04T19:36:58.563+0000] {processor.py:208} INFO - Processing /home/airflow/.local/lib/python3.12/site-packages/airflow/example_dags/example_xcomargs.py took 0.080 seconds
[2025-04-04T19:40:00.853+0000] {processor.py:186} INFO - Started process (PID=57) to work on /home/airflow/.local/lib/python3.12/site-packages/airflow/example_dags/example_xcomargs.py
[2025-04-04T19:40:00.854+0000] {processor.py:914} INFO - Processing file /home/airflow/.local/lib/python3.12/site-packages/airflow/example_dags/example_xcomargs.py for tasks to queue
[2025-04-04T19:40:00.856+0000] {logging_mixin.py:190} INFO - [2025-04-04T19:40:00.856+0000] {dagbag.py:588} INFO - Filling up the DagBag from /home/airflow/.local/lib/python3.12/site-packages/airflow/example_dags/example_xcomargs.py
[2025-04-04T19:40:00.868+0000] {processor.py:925} INFO - DAG(s) 'example_xcom_args_with_operators', 'example_xcom_args' retrieved from /home/airflow/.local/lib/python3.12/site-packages/airflow/example_dags/example_xcomargs.py
[2025-04-04T19:40:00.903+0000] {logging_mixin.py:190} INFO - [2025-04-04T19:40:00.902+0000] {dag.py:3239} INFO - Sync 2 DAGs
[2025-04-04T19:40:00.921+0000] {logging_mixin.py:190} INFO - [2025-04-04T19:40:00.921+0000] {dag.py:4180} INFO - Setting next_dagrun for example_xcom_args to None, run_after=None
[2025-04-04T19:40:00.925+0000] {logging_mixin.py:190} INFO - [2025-04-04T19:40:00.925+0000] {dag.py:4180} INFO - Setting next_dagrun for example_xcom_args_with_operators to None, run_after=None
[2025-04-04T19:40:00.942+0000] {processor.py:208} INFO - Processing /home/airflow/.local/lib/python3.12/site-packages/airflow/example_dags/example_xcomargs.py took 0.096 seconds
[2025-04-04T19:40:32.114+0000] {processor.py:186} INFO - Started process (PID=122) to work on /home/airflow/.local/lib/python3.12/site-packages/airflow/example_dags/example_xcomargs.py
[2025-04-04T19:40:32.115+0000] {processor.py:914} INFO - Processing file /home/airflow/.local/lib/python3.12/site-packages/airflow/example_dags/example_xcomargs.py for tasks to queue
[2025-04-04T19:40:32.118+0000] {logging_mixin.py:190} INFO - [2025-04-04T19:40:32.118+0000] {dagbag.py:588} INFO - Filling up the DagBag from /home/airflow/.local/lib/python3.12/site-packages/airflow/example_dags/example_xcomargs.py
[2025-04-04T19:40:32.128+0000] {processor.py:925} INFO - DAG(s) 'example_xcom_args', 'example_xcom_args_with_operators' retrieved from /home/airflow/.local/lib/python3.12/site-packages/airflow/example_dags/example_xcomargs.py
[2025-04-04T19:40:32.153+0000] {logging_mixin.py:190} INFO - [2025-04-04T19:40:32.152+0000] {dag.py:3239} INFO - Sync 2 DAGs
[2025-04-04T19:40:32.169+0000] {logging_mixin.py:190} INFO - [2025-04-04T19:40:32.169+0000] {dag.py:4180} INFO - Setting next_dagrun for example_xcom_args to None, run_after=None
[2025-04-04T19:40:32.174+0000] {logging_mixin.py:190} INFO - [2025-04-04T19:40:32.173+0000] {dag.py:4180} INFO - Setting next_dagrun for example_xcom_args_with_operators to None, run_after=None
[2025-04-04T19:40:32.193+0000] {processor.py:208} INFO - Processing /home/airflow/.local/lib/python3.12/site-packages/airflow/example_dags/example_xcomargs.py took 0.086 seconds
[2025-04-04T19:41:03.219+0000] {processor.py:186} INFO - Started process (PID=194) to work on /home/airflow/.local/lib/python3.12/site-packages/airflow/example_dags/example_xcomargs.py
[2025-04-04T19:41:03.220+0000] {processor.py:914} INFO - Processing file /home/airflow/.local/lib/python3.12/site-packages/airflow/example_dags/example_xcomargs.py for tasks to queue
[2025-04-04T19:41:03.222+0000] {logging_mixin.py:190} INFO - [2025-04-04T19:41:03.222+0000] {dagbag.py:588} INFO - Filling up the DagBag from /home/airflow/.local/lib/python3.12/site-packages/airflow/example_dags/example_xcomargs.py
[2025-04-04T19:41:03.232+0000] {processor.py:925} INFO - DAG(s) 'example_xcom_args', 'example_xcom_args_with_operators' retrieved from /home/airflow/.local/lib/python3.12/site-packages/airflow/example_dags/example_xcomargs.py
[2025-04-04T19:41:03.257+0000] {logging_mixin.py:190} INFO - [2025-04-04T19:41:03.257+0000] {dag.py:3239} INFO - Sync 2 DAGs
[2025-04-04T19:41:03.272+0000] {logging_mixin.py:190} INFO - [2025-04-04T19:41:03.272+0000] {dag.py:4180} INFO - Setting next_dagrun for example_xcom_args to None, run_after=None
[2025-04-04T19:41:03.276+0000] {logging_mixin.py:190} INFO - [2025-04-04T19:41:03.276+0000] {dag.py:4180} INFO - Setting next_dagrun for example_xcom_args_with_operators to None, run_after=None
[2025-04-04T19:41:03.291+0000] {processor.py:208} INFO - Processing /home/airflow/.local/lib/python3.12/site-packages/airflow/example_dags/example_xcomargs.py took 0.078 seconds
