[2025-04-04T19:07:22.590+0000] {processor.py:186} INFO - Started process (PID=2202) to work on /home/airflow/.local/lib/python3.12/site-packages/airflow/example_dags/example_sensors.py
[2025-04-04T19:07:22.591+0000] {processor.py:914} INFO - Processing file /home/airflow/.local/lib/python3.12/site-packages/airflow/example_dags/example_sensors.py for tasks to queue
[2025-04-04T19:07:22.593+0000] {logging_mixin.py:190} INFO - [2025-04-04T19:07:22.593+0000] {dagbag.py:588} INFO - Filling up the DagBag from /home/airflow/.local/lib/python3.12/site-packages/airflow/example_dags/example_sensors.py
[2025-04-04T19:07:22.603+0000] {processor.py:925} INFO - DAG(s) 'example_sensors' retrieved from /home/airflow/.local/lib/python3.12/site-packages/airflow/example_dags/example_sensors.py
[2025-04-04T19:07:22.631+0000] {logging_mixin.py:190} INFO - [2025-04-04T19:07:22.631+0000] {dag.py:3239} INFO - Sync 1 DAGs
[2025-04-04T19:07:22.651+0000] {logging_mixin.py:190} INFO - [2025-04-04T19:07:22.651+0000] {dag.py:4180} INFO - Setting next_dagrun for example_sensors to None, run_after=None
[2025-04-04T19:07:22.672+0000] {processor.py:208} INFO - Processing /home/airflow/.local/lib/python3.12/site-packages/airflow/example_dags/example_sensors.py took 0.090 seconds
[2025-04-04T19:07:54.507+0000] {processor.py:186} INFO - Started process (PID=2268) to work on /home/airflow/.local/lib/python3.12/site-packages/airflow/example_dags/example_sensors.py
[2025-04-04T19:07:54.508+0000] {processor.py:914} INFO - Processing file /home/airflow/.local/lib/python3.12/site-packages/airflow/example_dags/example_sensors.py for tasks to queue
[2025-04-04T19:07:54.511+0000] {logging_mixin.py:190} INFO - [2025-04-04T19:07:54.510+0000] {dagbag.py:588} INFO - Filling up the DagBag from /home/airflow/.local/lib/python3.12/site-packages/airflow/example_dags/example_sensors.py
[2025-04-04T19:07:54.520+0000] {processor.py:925} INFO - DAG(s) 'example_sensors' retrieved from /home/airflow/.local/lib/python3.12/site-packages/airflow/example_dags/example_sensors.py
[2025-04-04T19:07:54.547+0000] {logging_mixin.py:190} INFO - [2025-04-04T19:07:54.546+0000] {dag.py:3239} INFO - Sync 1 DAGs
[2025-04-04T19:07:54.560+0000] {logging_mixin.py:190} INFO - [2025-04-04T19:07:54.560+0000] {dag.py:4180} INFO - Setting next_dagrun for example_sensors to None, run_after=None
[2025-04-04T19:07:54.578+0000] {processor.py:208} INFO - Processing /home/airflow/.local/lib/python3.12/site-packages/airflow/example_dags/example_sensors.py took 0.077 seconds
[2025-04-04T19:08:25.382+0000] {processor.py:186} INFO - Started process (PID=2332) to work on /home/airflow/.local/lib/python3.12/site-packages/airflow/example_dags/example_sensors.py
[2025-04-04T19:08:25.383+0000] {processor.py:914} INFO - Processing file /home/airflow/.local/lib/python3.12/site-packages/airflow/example_dags/example_sensors.py for tasks to queue
[2025-04-04T19:08:25.385+0000] {logging_mixin.py:190} INFO - [2025-04-04T19:08:25.385+0000] {dagbag.py:588} INFO - Filling up the DagBag from /home/airflow/.local/lib/python3.12/site-packages/airflow/example_dags/example_sensors.py
[2025-04-04T19:08:25.395+0000] {processor.py:925} INFO - DAG(s) 'example_sensors' retrieved from /home/airflow/.local/lib/python3.12/site-packages/airflow/example_dags/example_sensors.py
[2025-04-04T19:08:25.421+0000] {logging_mixin.py:190} INFO - [2025-04-04T19:08:25.421+0000] {dag.py:3239} INFO - Sync 1 DAGs
[2025-04-04T19:08:25.436+0000] {logging_mixin.py:190} INFO - [2025-04-04T19:08:25.436+0000] {dag.py:4180} INFO - Setting next_dagrun for example_sensors to None, run_after=None
[2025-04-04T19:08:25.453+0000] {processor.py:208} INFO - Processing /home/airflow/.local/lib/python3.12/site-packages/airflow/example_dags/example_sensors.py took 0.077 seconds
[2025-04-04T19:08:57.400+0000] {processor.py:186} INFO - Started process (PID=2403) to work on /home/airflow/.local/lib/python3.12/site-packages/airflow/example_dags/example_sensors.py
[2025-04-04T19:08:57.401+0000] {processor.py:914} INFO - Processing file /home/airflow/.local/lib/python3.12/site-packages/airflow/example_dags/example_sensors.py for tasks to queue
[2025-04-04T19:08:57.403+0000] {logging_mixin.py:190} INFO - [2025-04-04T19:08:57.403+0000] {dagbag.py:588} INFO - Filling up the DagBag from /home/airflow/.local/lib/python3.12/site-packages/airflow/example_dags/example_sensors.py
[2025-04-04T19:08:57.414+0000] {processor.py:925} INFO - DAG(s) 'example_sensors' retrieved from /home/airflow/.local/lib/python3.12/site-packages/airflow/example_dags/example_sensors.py
[2025-04-04T19:08:57.439+0000] {logging_mixin.py:190} INFO - [2025-04-04T19:08:57.438+0000] {dag.py:3239} INFO - Sync 1 DAGs
[2025-04-04T19:08:57.452+0000] {logging_mixin.py:190} INFO - [2025-04-04T19:08:57.452+0000] {dag.py:4180} INFO - Setting next_dagrun for example_sensors to None, run_after=None
[2025-04-04T19:08:57.469+0000] {processor.py:208} INFO - Processing /home/airflow/.local/lib/python3.12/site-packages/airflow/example_dags/example_sensors.py took 0.076 seconds
[2025-04-04T19:09:28.203+0000] {processor.py:186} INFO - Started process (PID=2467) to work on /home/airflow/.local/lib/python3.12/site-packages/airflow/example_dags/example_sensors.py
[2025-04-04T19:09:28.204+0000] {processor.py:914} INFO - Processing file /home/airflow/.local/lib/python3.12/site-packages/airflow/example_dags/example_sensors.py for tasks to queue
[2025-04-04T19:09:28.206+0000] {logging_mixin.py:190} INFO - [2025-04-04T19:09:28.206+0000] {dagbag.py:588} INFO - Filling up the DagBag from /home/airflow/.local/lib/python3.12/site-packages/airflow/example_dags/example_sensors.py
[2025-04-04T19:09:28.216+0000] {processor.py:925} INFO - DAG(s) 'example_sensors' retrieved from /home/airflow/.local/lib/python3.12/site-packages/airflow/example_dags/example_sensors.py
[2025-04-04T19:09:28.242+0000] {logging_mixin.py:190} INFO - [2025-04-04T19:09:28.242+0000] {dag.py:3239} INFO - Sync 1 DAGs
[2025-04-04T19:09:28.256+0000] {logging_mixin.py:190} INFO - [2025-04-04T19:09:28.256+0000] {dag.py:4180} INFO - Setting next_dagrun for example_sensors to None, run_after=None
[2025-04-04T19:09:28.272+0000] {processor.py:208} INFO - Processing /home/airflow/.local/lib/python3.12/site-packages/airflow/example_dags/example_sensors.py took 0.076 seconds
[2025-04-04T19:09:59.497+0000] {processor.py:186} INFO - Started process (PID=2531) to work on /home/airflow/.local/lib/python3.12/site-packages/airflow/example_dags/example_sensors.py
[2025-04-04T19:09:59.498+0000] {processor.py:914} INFO - Processing file /home/airflow/.local/lib/python3.12/site-packages/airflow/example_dags/example_sensors.py for tasks to queue
[2025-04-04T19:09:59.500+0000] {logging_mixin.py:190} INFO - [2025-04-04T19:09:59.500+0000] {dagbag.py:588} INFO - Filling up the DagBag from /home/airflow/.local/lib/python3.12/site-packages/airflow/example_dags/example_sensors.py
[2025-04-04T19:09:59.510+0000] {processor.py:925} INFO - DAG(s) 'example_sensors' retrieved from /home/airflow/.local/lib/python3.12/site-packages/airflow/example_dags/example_sensors.py
[2025-04-04T19:09:59.534+0000] {logging_mixin.py:190} INFO - [2025-04-04T19:09:59.533+0000] {dag.py:3239} INFO - Sync 1 DAGs
[2025-04-04T19:09:59.549+0000] {logging_mixin.py:190} INFO - [2025-04-04T19:09:59.549+0000] {dag.py:4180} INFO - Setting next_dagrun for example_sensors to None, run_after=None
[2025-04-04T19:09:59.567+0000] {processor.py:208} INFO - Processing /home/airflow/.local/lib/python3.12/site-packages/airflow/example_dags/example_sensors.py took 0.074 seconds
[2025-04-04T19:10:30.161+0000] {processor.py:186} INFO - Started process (PID=2595) to work on /home/airflow/.local/lib/python3.12/site-packages/airflow/example_dags/example_sensors.py
[2025-04-04T19:10:30.162+0000] {processor.py:914} INFO - Processing file /home/airflow/.local/lib/python3.12/site-packages/airflow/example_dags/example_sensors.py for tasks to queue
[2025-04-04T19:10:30.165+0000] {logging_mixin.py:190} INFO - [2025-04-04T19:10:30.164+0000] {dagbag.py:588} INFO - Filling up the DagBag from /home/airflow/.local/lib/python3.12/site-packages/airflow/example_dags/example_sensors.py
[2025-04-04T19:10:30.176+0000] {processor.py:925} INFO - DAG(s) 'example_sensors' retrieved from /home/airflow/.local/lib/python3.12/site-packages/airflow/example_dags/example_sensors.py
[2025-04-04T19:10:30.204+0000] {logging_mixin.py:190} INFO - [2025-04-04T19:10:30.204+0000] {dag.py:3239} INFO - Sync 1 DAGs
[2025-04-04T19:10:30.218+0000] {logging_mixin.py:190} INFO - [2025-04-04T19:10:30.218+0000] {dag.py:4180} INFO - Setting next_dagrun for example_sensors to None, run_after=None
[2025-04-04T19:10:30.239+0000] {processor.py:208} INFO - Processing /home/airflow/.local/lib/python3.12/site-packages/airflow/example_dags/example_sensors.py took 0.083 seconds
[2025-04-04T19:11:01.084+0000] {processor.py:186} INFO - Started process (PID=2658) to work on /home/airflow/.local/lib/python3.12/site-packages/airflow/example_dags/example_sensors.py
[2025-04-04T19:11:01.085+0000] {processor.py:914} INFO - Processing file /home/airflow/.local/lib/python3.12/site-packages/airflow/example_dags/example_sensors.py for tasks to queue
[2025-04-04T19:11:01.087+0000] {logging_mixin.py:190} INFO - [2025-04-04T19:11:01.087+0000] {dagbag.py:588} INFO - Filling up the DagBag from /home/airflow/.local/lib/python3.12/site-packages/airflow/example_dags/example_sensors.py
[2025-04-04T19:11:01.097+0000] {processor.py:925} INFO - DAG(s) 'example_sensors' retrieved from /home/airflow/.local/lib/python3.12/site-packages/airflow/example_dags/example_sensors.py
[2025-04-04T19:11:01.120+0000] {logging_mixin.py:190} INFO - [2025-04-04T19:11:01.120+0000] {dag.py:3239} INFO - Sync 1 DAGs
[2025-04-04T19:11:01.134+0000] {logging_mixin.py:190} INFO - [2025-04-04T19:11:01.133+0000] {dag.py:4180} INFO - Setting next_dagrun for example_sensors to None, run_after=None
[2025-04-04T19:11:01.152+0000] {processor.py:208} INFO - Processing /home/airflow/.local/lib/python3.12/site-packages/airflow/example_dags/example_sensors.py took 0.073 seconds
[2025-04-04T19:11:32.542+0000] {processor.py:186} INFO - Started process (PID=2722) to work on /home/airflow/.local/lib/python3.12/site-packages/airflow/example_dags/example_sensors.py
[2025-04-04T19:11:32.544+0000] {processor.py:914} INFO - Processing file /home/airflow/.local/lib/python3.12/site-packages/airflow/example_dags/example_sensors.py for tasks to queue
[2025-04-04T19:11:32.546+0000] {logging_mixin.py:190} INFO - [2025-04-04T19:11:32.545+0000] {dagbag.py:588} INFO - Filling up the DagBag from /home/airflow/.local/lib/python3.12/site-packages/airflow/example_dags/example_sensors.py
[2025-04-04T19:11:32.556+0000] {processor.py:925} INFO - DAG(s) 'example_sensors' retrieved from /home/airflow/.local/lib/python3.12/site-packages/airflow/example_dags/example_sensors.py
[2025-04-04T19:11:32.579+0000] {logging_mixin.py:190} INFO - [2025-04-04T19:11:32.579+0000] {dag.py:3239} INFO - Sync 1 DAGs
[2025-04-04T19:11:32.594+0000] {logging_mixin.py:190} INFO - [2025-04-04T19:11:32.593+0000] {dag.py:4180} INFO - Setting next_dagrun for example_sensors to None, run_after=None
[2025-04-04T19:11:32.838+0000] {processor.py:208} INFO - Processing /home/airflow/.local/lib/python3.12/site-packages/airflow/example_dags/example_sensors.py took 0.301 seconds
[2025-04-04T19:12:03.723+0000] {processor.py:186} INFO - Started process (PID=2786) to work on /home/airflow/.local/lib/python3.12/site-packages/airflow/example_dags/example_sensors.py
[2025-04-04T19:12:03.724+0000] {processor.py:914} INFO - Processing file /home/airflow/.local/lib/python3.12/site-packages/airflow/example_dags/example_sensors.py for tasks to queue
[2025-04-04T19:12:03.726+0000] {logging_mixin.py:190} INFO - [2025-04-04T19:12:03.726+0000] {dagbag.py:588} INFO - Filling up the DagBag from /home/airflow/.local/lib/python3.12/site-packages/airflow/example_dags/example_sensors.py
[2025-04-04T19:12:03.736+0000] {processor.py:925} INFO - DAG(s) 'example_sensors' retrieved from /home/airflow/.local/lib/python3.12/site-packages/airflow/example_dags/example_sensors.py
[2025-04-04T19:12:03.760+0000] {logging_mixin.py:190} INFO - [2025-04-04T19:12:03.760+0000] {dag.py:3239} INFO - Sync 1 DAGs
[2025-04-04T19:12:03.774+0000] {logging_mixin.py:190} INFO - [2025-04-04T19:12:03.774+0000] {dag.py:4180} INFO - Setting next_dagrun for example_sensors to None, run_after=None
[2025-04-04T19:12:03.976+0000] {processor.py:208} INFO - Processing /home/airflow/.local/lib/python3.12/site-packages/airflow/example_dags/example_sensors.py took 0.259 seconds
[2025-04-04T19:12:34.843+0000] {processor.py:186} INFO - Started process (PID=2850) to work on /home/airflow/.local/lib/python3.12/site-packages/airflow/example_dags/example_sensors.py
[2025-04-04T19:12:34.844+0000] {processor.py:914} INFO - Processing file /home/airflow/.local/lib/python3.12/site-packages/airflow/example_dags/example_sensors.py for tasks to queue
[2025-04-04T19:12:34.847+0000] {logging_mixin.py:190} INFO - [2025-04-04T19:12:34.847+0000] {dagbag.py:588} INFO - Filling up the DagBag from /home/airflow/.local/lib/python3.12/site-packages/airflow/example_dags/example_sensors.py
[2025-04-04T19:12:34.861+0000] {processor.py:925} INFO - DAG(s) 'example_sensors' retrieved from /home/airflow/.local/lib/python3.12/site-packages/airflow/example_dags/example_sensors.py
[2025-04-04T19:12:34.891+0000] {logging_mixin.py:190} INFO - [2025-04-04T19:12:34.891+0000] {dag.py:3239} INFO - Sync 1 DAGs
[2025-04-04T19:12:34.905+0000] {logging_mixin.py:190} INFO - [2025-04-04T19:12:34.904+0000] {dag.py:4180} INFO - Setting next_dagrun for example_sensors to None, run_after=None
[2025-04-04T19:12:35.104+0000] {processor.py:208} INFO - Processing /home/airflow/.local/lib/python3.12/site-packages/airflow/example_dags/example_sensors.py took 0.266 seconds
[2025-04-04T19:13:06.015+0000] {processor.py:186} INFO - Started process (PID=2914) to work on /home/airflow/.local/lib/python3.12/site-packages/airflow/example_dags/example_sensors.py
[2025-04-04T19:13:06.016+0000] {processor.py:914} INFO - Processing file /home/airflow/.local/lib/python3.12/site-packages/airflow/example_dags/example_sensors.py for tasks to queue
[2025-04-04T19:13:06.020+0000] {logging_mixin.py:190} INFO - [2025-04-04T19:13:06.019+0000] {dagbag.py:588} INFO - Filling up the DagBag from /home/airflow/.local/lib/python3.12/site-packages/airflow/example_dags/example_sensors.py
[2025-04-04T19:13:06.033+0000] {processor.py:925} INFO - DAG(s) 'example_sensors' retrieved from /home/airflow/.local/lib/python3.12/site-packages/airflow/example_dags/example_sensors.py
[2025-04-04T19:13:06.063+0000] {logging_mixin.py:190} INFO - [2025-04-04T19:13:06.062+0000] {dag.py:3239} INFO - Sync 1 DAGs
[2025-04-04T19:13:06.081+0000] {logging_mixin.py:190} INFO - [2025-04-04T19:13:06.081+0000] {dag.py:4180} INFO - Setting next_dagrun for example_sensors to None, run_after=None
[2025-04-04T19:13:06.105+0000] {processor.py:208} INFO - Processing /home/airflow/.local/lib/python3.12/site-packages/airflow/example_dags/example_sensors.py took 0.098 seconds
[2025-04-04T19:13:36.989+0000] {processor.py:186} INFO - Started process (PID=2978) to work on /home/airflow/.local/lib/python3.12/site-packages/airflow/example_dags/example_sensors.py
[2025-04-04T19:13:36.990+0000] {processor.py:914} INFO - Processing file /home/airflow/.local/lib/python3.12/site-packages/airflow/example_dags/example_sensors.py for tasks to queue
[2025-04-04T19:13:36.992+0000] {logging_mixin.py:190} INFO - [2025-04-04T19:13:36.992+0000] {dagbag.py:588} INFO - Filling up the DagBag from /home/airflow/.local/lib/python3.12/site-packages/airflow/example_dags/example_sensors.py
[2025-04-04T19:13:37.002+0000] {processor.py:925} INFO - DAG(s) 'example_sensors' retrieved from /home/airflow/.local/lib/python3.12/site-packages/airflow/example_dags/example_sensors.py
[2025-04-04T19:13:37.025+0000] {logging_mixin.py:190} INFO - [2025-04-04T19:13:37.025+0000] {dag.py:3239} INFO - Sync 1 DAGs
[2025-04-04T19:13:37.038+0000] {logging_mixin.py:190} INFO - [2025-04-04T19:13:37.038+0000] {dag.py:4180} INFO - Setting next_dagrun for example_sensors to None, run_after=None
[2025-04-04T19:13:37.056+0000] {processor.py:208} INFO - Processing /home/airflow/.local/lib/python3.12/site-packages/airflow/example_dags/example_sensors.py took 0.072 seconds
[2025-04-04T19:14:08.848+0000] {processor.py:186} INFO - Started process (PID=3043) to work on /home/airflow/.local/lib/python3.12/site-packages/airflow/example_dags/example_sensors.py
[2025-04-04T19:14:08.849+0000] {processor.py:914} INFO - Processing file /home/airflow/.local/lib/python3.12/site-packages/airflow/example_dags/example_sensors.py for tasks to queue
[2025-04-04T19:14:08.852+0000] {logging_mixin.py:190} INFO - [2025-04-04T19:14:08.851+0000] {dagbag.py:588} INFO - Filling up the DagBag from /home/airflow/.local/lib/python3.12/site-packages/airflow/example_dags/example_sensors.py
[2025-04-04T19:14:08.866+0000] {processor.py:925} INFO - DAG(s) 'example_sensors' retrieved from /home/airflow/.local/lib/python3.12/site-packages/airflow/example_dags/example_sensors.py
[2025-04-04T19:14:08.892+0000] {logging_mixin.py:190} INFO - [2025-04-04T19:14:08.891+0000] {dag.py:3239} INFO - Sync 1 DAGs
[2025-04-04T19:14:08.904+0000] {logging_mixin.py:190} INFO - [2025-04-04T19:14:08.904+0000] {dag.py:4180} INFO - Setting next_dagrun for example_sensors to None, run_after=None
[2025-04-04T19:14:08.920+0000] {processor.py:208} INFO - Processing /home/airflow/.local/lib/python3.12/site-packages/airflow/example_dags/example_sensors.py took 0.079 seconds
[2025-04-04T19:14:39.963+0000] {processor.py:186} INFO - Started process (PID=3107) to work on /home/airflow/.local/lib/python3.12/site-packages/airflow/example_dags/example_sensors.py
[2025-04-04T19:14:39.965+0000] {processor.py:914} INFO - Processing file /home/airflow/.local/lib/python3.12/site-packages/airflow/example_dags/example_sensors.py for tasks to queue
[2025-04-04T19:14:39.967+0000] {logging_mixin.py:190} INFO - [2025-04-04T19:14:39.967+0000] {dagbag.py:588} INFO - Filling up the DagBag from /home/airflow/.local/lib/python3.12/site-packages/airflow/example_dags/example_sensors.py
[2025-04-04T19:14:39.979+0000] {processor.py:925} INFO - DAG(s) 'example_sensors' retrieved from /home/airflow/.local/lib/python3.12/site-packages/airflow/example_dags/example_sensors.py
[2025-04-04T19:14:40.010+0000] {logging_mixin.py:190} INFO - [2025-04-04T19:14:40.010+0000] {dag.py:3239} INFO - Sync 1 DAGs
[2025-04-04T19:14:40.032+0000] {logging_mixin.py:190} INFO - [2025-04-04T19:14:40.032+0000] {dag.py:4180} INFO - Setting next_dagrun for example_sensors to None, run_after=None
[2025-04-04T19:14:40.058+0000] {processor.py:208} INFO - Processing /home/airflow/.local/lib/python3.12/site-packages/airflow/example_dags/example_sensors.py took 0.102 seconds
[2025-04-04T19:15:10.919+0000] {processor.py:186} INFO - Started process (PID=3171) to work on /home/airflow/.local/lib/python3.12/site-packages/airflow/example_dags/example_sensors.py
[2025-04-04T19:15:10.920+0000] {processor.py:914} INFO - Processing file /home/airflow/.local/lib/python3.12/site-packages/airflow/example_dags/example_sensors.py for tasks to queue
[2025-04-04T19:15:10.921+0000] {logging_mixin.py:190} INFO - [2025-04-04T19:15:10.921+0000] {dagbag.py:588} INFO - Filling up the DagBag from /home/airflow/.local/lib/python3.12/site-packages/airflow/example_dags/example_sensors.py
[2025-04-04T19:15:10.935+0000] {processor.py:925} INFO - DAG(s) 'example_sensors' retrieved from /home/airflow/.local/lib/python3.12/site-packages/airflow/example_dags/example_sensors.py
[2025-04-04T19:15:10.963+0000] {logging_mixin.py:190} INFO - [2025-04-04T19:15:10.962+0000] {dag.py:3239} INFO - Sync 1 DAGs
[2025-04-04T19:15:10.977+0000] {logging_mixin.py:190} INFO - [2025-04-04T19:15:10.976+0000] {dag.py:4180} INFO - Setting next_dagrun for example_sensors to None, run_after=None
[2025-04-04T19:15:10.996+0000] {processor.py:208} INFO - Processing /home/airflow/.local/lib/python3.12/site-packages/airflow/example_dags/example_sensors.py took 0.083 seconds
[2025-04-04T19:15:41.975+0000] {processor.py:186} INFO - Started process (PID=3235) to work on /home/airflow/.local/lib/python3.12/site-packages/airflow/example_dags/example_sensors.py
[2025-04-04T19:15:41.976+0000] {processor.py:914} INFO - Processing file /home/airflow/.local/lib/python3.12/site-packages/airflow/example_dags/example_sensors.py for tasks to queue
[2025-04-04T19:15:41.979+0000] {logging_mixin.py:190} INFO - [2025-04-04T19:15:41.978+0000] {dagbag.py:588} INFO - Filling up the DagBag from /home/airflow/.local/lib/python3.12/site-packages/airflow/example_dags/example_sensors.py
[2025-04-04T19:15:41.988+0000] {processor.py:925} INFO - DAG(s) 'example_sensors' retrieved from /home/airflow/.local/lib/python3.12/site-packages/airflow/example_dags/example_sensors.py
[2025-04-04T19:15:42.018+0000] {logging_mixin.py:190} INFO - [2025-04-04T19:15:42.018+0000] {dag.py:3239} INFO - Sync 1 DAGs
[2025-04-04T19:15:42.033+0000] {logging_mixin.py:190} INFO - [2025-04-04T19:15:42.032+0000] {dag.py:4180} INFO - Setting next_dagrun for example_sensors to None, run_after=None
[2025-04-04T19:15:42.052+0000] {processor.py:208} INFO - Processing /home/airflow/.local/lib/python3.12/site-packages/airflow/example_dags/example_sensors.py took 0.082 seconds
[2025-04-04T19:16:13.108+0000] {processor.py:186} INFO - Started process (PID=3299) to work on /home/airflow/.local/lib/python3.12/site-packages/airflow/example_dags/example_sensors.py
[2025-04-04T19:16:13.109+0000] {processor.py:914} INFO - Processing file /home/airflow/.local/lib/python3.12/site-packages/airflow/example_dags/example_sensors.py for tasks to queue
[2025-04-04T19:16:13.112+0000] {logging_mixin.py:190} INFO - [2025-04-04T19:16:13.112+0000] {dagbag.py:588} INFO - Filling up the DagBag from /home/airflow/.local/lib/python3.12/site-packages/airflow/example_dags/example_sensors.py
[2025-04-04T19:16:13.123+0000] {processor.py:925} INFO - DAG(s) 'example_sensors' retrieved from /home/airflow/.local/lib/python3.12/site-packages/airflow/example_dags/example_sensors.py
[2025-04-04T19:16:13.149+0000] {logging_mixin.py:190} INFO - [2025-04-04T19:16:13.149+0000] {dag.py:3239} INFO - Sync 1 DAGs
[2025-04-04T19:16:13.162+0000] {logging_mixin.py:190} INFO - [2025-04-04T19:16:13.162+0000] {dag.py:4180} INFO - Setting next_dagrun for example_sensors to None, run_after=None
[2025-04-04T19:16:13.179+0000] {processor.py:208} INFO - Processing /home/airflow/.local/lib/python3.12/site-packages/airflow/example_dags/example_sensors.py took 0.079 seconds
[2025-04-04T19:16:44.261+0000] {processor.py:186} INFO - Started process (PID=3370) to work on /home/airflow/.local/lib/python3.12/site-packages/airflow/example_dags/example_sensors.py
[2025-04-04T19:16:44.262+0000] {processor.py:914} INFO - Processing file /home/airflow/.local/lib/python3.12/site-packages/airflow/example_dags/example_sensors.py for tasks to queue
[2025-04-04T19:16:44.264+0000] {logging_mixin.py:190} INFO - [2025-04-04T19:16:44.264+0000] {dagbag.py:588} INFO - Filling up the DagBag from /home/airflow/.local/lib/python3.12/site-packages/airflow/example_dags/example_sensors.py
[2025-04-04T19:16:44.274+0000] {processor.py:925} INFO - DAG(s) 'example_sensors' retrieved from /home/airflow/.local/lib/python3.12/site-packages/airflow/example_dags/example_sensors.py
[2025-04-04T19:16:44.299+0000] {logging_mixin.py:190} INFO - [2025-04-04T19:16:44.299+0000] {dag.py:3239} INFO - Sync 1 DAGs
[2025-04-04T19:16:44.315+0000] {logging_mixin.py:190} INFO - [2025-04-04T19:16:44.315+0000] {dag.py:4180} INFO - Setting next_dagrun for example_sensors to None, run_after=None
[2025-04-04T19:16:44.337+0000] {processor.py:208} INFO - Processing /home/airflow/.local/lib/python3.12/site-packages/airflow/example_dags/example_sensors.py took 0.081 seconds
[2025-04-04T19:17:15.827+0000] {processor.py:186} INFO - Started process (PID=3435) to work on /home/airflow/.local/lib/python3.12/site-packages/airflow/example_dags/example_sensors.py
[2025-04-04T19:17:15.828+0000] {processor.py:914} INFO - Processing file /home/airflow/.local/lib/python3.12/site-packages/airflow/example_dags/example_sensors.py for tasks to queue
[2025-04-04T19:17:15.831+0000] {logging_mixin.py:190} INFO - [2025-04-04T19:17:15.830+0000] {dagbag.py:588} INFO - Filling up the DagBag from /home/airflow/.local/lib/python3.12/site-packages/airflow/example_dags/example_sensors.py
[2025-04-04T19:17:15.844+0000] {processor.py:925} INFO - DAG(s) 'example_sensors' retrieved from /home/airflow/.local/lib/python3.12/site-packages/airflow/example_dags/example_sensors.py
[2025-04-04T19:17:15.876+0000] {logging_mixin.py:190} INFO - [2025-04-04T19:17:15.876+0000] {dag.py:3239} INFO - Sync 1 DAGs
[2025-04-04T19:17:15.892+0000] {logging_mixin.py:190} INFO - [2025-04-04T19:17:15.892+0000] {dag.py:4180} INFO - Setting next_dagrun for example_sensors to None, run_after=None
[2025-04-04T19:17:15.916+0000] {processor.py:208} INFO - Processing /home/airflow/.local/lib/python3.12/site-packages/airflow/example_dags/example_sensors.py took 0.096 seconds
[2025-04-04T19:17:46.858+0000] {processor.py:186} INFO - Started process (PID=3499) to work on /home/airflow/.local/lib/python3.12/site-packages/airflow/example_dags/example_sensors.py
[2025-04-04T19:17:46.859+0000] {processor.py:914} INFO - Processing file /home/airflow/.local/lib/python3.12/site-packages/airflow/example_dags/example_sensors.py for tasks to queue
[2025-04-04T19:17:46.862+0000] {logging_mixin.py:190} INFO - [2025-04-04T19:17:46.862+0000] {dagbag.py:588} INFO - Filling up the DagBag from /home/airflow/.local/lib/python3.12/site-packages/airflow/example_dags/example_sensors.py
[2025-04-04T19:17:46.873+0000] {processor.py:925} INFO - DAG(s) 'example_sensors' retrieved from /home/airflow/.local/lib/python3.12/site-packages/airflow/example_dags/example_sensors.py
[2025-04-04T19:17:46.902+0000] {logging_mixin.py:190} INFO - [2025-04-04T19:17:46.902+0000] {dag.py:3239} INFO - Sync 1 DAGs
[2025-04-04T19:17:46.918+0000] {logging_mixin.py:190} INFO - [2025-04-04T19:17:46.917+0000] {dag.py:4180} INFO - Setting next_dagrun for example_sensors to None, run_after=None
[2025-04-04T19:17:46.938+0000] {processor.py:208} INFO - Processing /home/airflow/.local/lib/python3.12/site-packages/airflow/example_dags/example_sensors.py took 0.086 seconds
[2025-04-04T19:18:18.110+0000] {processor.py:186} INFO - Started process (PID=3563) to work on /home/airflow/.local/lib/python3.12/site-packages/airflow/example_dags/example_sensors.py
[2025-04-04T19:18:18.111+0000] {processor.py:914} INFO - Processing file /home/airflow/.local/lib/python3.12/site-packages/airflow/example_dags/example_sensors.py for tasks to queue
[2025-04-04T19:18:18.114+0000] {logging_mixin.py:190} INFO - [2025-04-04T19:18:18.113+0000] {dagbag.py:588} INFO - Filling up the DagBag from /home/airflow/.local/lib/python3.12/site-packages/airflow/example_dags/example_sensors.py
[2025-04-04T19:18:18.124+0000] {processor.py:925} INFO - DAG(s) 'example_sensors' retrieved from /home/airflow/.local/lib/python3.12/site-packages/airflow/example_dags/example_sensors.py
[2025-04-04T19:18:18.153+0000] {logging_mixin.py:190} INFO - [2025-04-04T19:18:18.153+0000] {dag.py:3239} INFO - Sync 1 DAGs
[2025-04-04T19:18:18.169+0000] {logging_mixin.py:190} INFO - [2025-04-04T19:18:18.169+0000] {dag.py:4180} INFO - Setting next_dagrun for example_sensors to None, run_after=None
[2025-04-04T19:18:18.190+0000] {processor.py:208} INFO - Processing /home/airflow/.local/lib/python3.12/site-packages/airflow/example_dags/example_sensors.py took 0.086 seconds
[2025-04-04T19:18:48.829+0000] {processor.py:186} INFO - Started process (PID=3627) to work on /home/airflow/.local/lib/python3.12/site-packages/airflow/example_dags/example_sensors.py
[2025-04-04T19:18:48.830+0000] {processor.py:914} INFO - Processing file /home/airflow/.local/lib/python3.12/site-packages/airflow/example_dags/example_sensors.py for tasks to queue
[2025-04-04T19:18:48.833+0000] {logging_mixin.py:190} INFO - [2025-04-04T19:18:48.832+0000] {dagbag.py:588} INFO - Filling up the DagBag from /home/airflow/.local/lib/python3.12/site-packages/airflow/example_dags/example_sensors.py
[2025-04-04T19:18:48.843+0000] {processor.py:925} INFO - DAG(s) 'example_sensors' retrieved from /home/airflow/.local/lib/python3.12/site-packages/airflow/example_dags/example_sensors.py
[2025-04-04T19:18:48.868+0000] {logging_mixin.py:190} INFO - [2025-04-04T19:18:48.867+0000] {dag.py:3239} INFO - Sync 1 DAGs
[2025-04-04T19:18:48.881+0000] {logging_mixin.py:190} INFO - [2025-04-04T19:18:48.881+0000] {dag.py:4180} INFO - Setting next_dagrun for example_sensors to None, run_after=None
[2025-04-04T19:18:48.898+0000] {processor.py:208} INFO - Processing /home/airflow/.local/lib/python3.12/site-packages/airflow/example_dags/example_sensors.py took 0.074 seconds
[2025-04-04T19:19:20.052+0000] {processor.py:186} INFO - Started process (PID=3691) to work on /home/airflow/.local/lib/python3.12/site-packages/airflow/example_dags/example_sensors.py
[2025-04-04T19:19:20.053+0000] {processor.py:914} INFO - Processing file /home/airflow/.local/lib/python3.12/site-packages/airflow/example_dags/example_sensors.py for tasks to queue
[2025-04-04T19:19:20.055+0000] {logging_mixin.py:190} INFO - [2025-04-04T19:19:20.055+0000] {dagbag.py:588} INFO - Filling up the DagBag from /home/airflow/.local/lib/python3.12/site-packages/airflow/example_dags/example_sensors.py
[2025-04-04T19:19:20.067+0000] {processor.py:925} INFO - DAG(s) 'example_sensors' retrieved from /home/airflow/.local/lib/python3.12/site-packages/airflow/example_dags/example_sensors.py
[2025-04-04T19:19:20.092+0000] {logging_mixin.py:190} INFO - [2025-04-04T19:19:20.092+0000] {dag.py:3239} INFO - Sync 1 DAGs
[2025-04-04T19:19:20.106+0000] {logging_mixin.py:190} INFO - [2025-04-04T19:19:20.106+0000] {dag.py:4180} INFO - Setting next_dagrun for example_sensors to None, run_after=None
[2025-04-04T19:19:20.124+0000] {processor.py:208} INFO - Processing /home/airflow/.local/lib/python3.12/site-packages/airflow/example_dags/example_sensors.py took 0.078 seconds
[2025-04-04T19:19:50.850+0000] {processor.py:186} INFO - Started process (PID=3755) to work on /home/airflow/.local/lib/python3.12/site-packages/airflow/example_dags/example_sensors.py
[2025-04-04T19:19:50.851+0000] {processor.py:914} INFO - Processing file /home/airflow/.local/lib/python3.12/site-packages/airflow/example_dags/example_sensors.py for tasks to queue
[2025-04-04T19:19:50.853+0000] {logging_mixin.py:190} INFO - [2025-04-04T19:19:50.853+0000] {dagbag.py:588} INFO - Filling up the DagBag from /home/airflow/.local/lib/python3.12/site-packages/airflow/example_dags/example_sensors.py
[2025-04-04T19:19:50.863+0000] {processor.py:925} INFO - DAG(s) 'example_sensors' retrieved from /home/airflow/.local/lib/python3.12/site-packages/airflow/example_dags/example_sensors.py
[2025-04-04T19:19:50.893+0000] {logging_mixin.py:190} INFO - [2025-04-04T19:19:50.892+0000] {dag.py:3239} INFO - Sync 1 DAGs
[2025-04-04T19:19:50.909+0000] {logging_mixin.py:190} INFO - [2025-04-04T19:19:50.908+0000] {dag.py:4180} INFO - Setting next_dagrun for example_sensors to None, run_after=None
[2025-04-04T19:19:50.926+0000] {processor.py:208} INFO - Processing /home/airflow/.local/lib/python3.12/site-packages/airflow/example_dags/example_sensors.py took 0.082 seconds
[2025-04-04T19:20:21.600+0000] {processor.py:186} INFO - Started process (PID=3819) to work on /home/airflow/.local/lib/python3.12/site-packages/airflow/example_dags/example_sensors.py
[2025-04-04T19:20:21.601+0000] {processor.py:914} INFO - Processing file /home/airflow/.local/lib/python3.12/site-packages/airflow/example_dags/example_sensors.py for tasks to queue
[2025-04-04T19:20:21.603+0000] {logging_mixin.py:190} INFO - [2025-04-04T19:20:21.603+0000] {dagbag.py:588} INFO - Filling up the DagBag from /home/airflow/.local/lib/python3.12/site-packages/airflow/example_dags/example_sensors.py
[2025-04-04T19:20:21.613+0000] {processor.py:925} INFO - DAG(s) 'example_sensors' retrieved from /home/airflow/.local/lib/python3.12/site-packages/airflow/example_dags/example_sensors.py
[2025-04-04T19:20:21.637+0000] {logging_mixin.py:190} INFO - [2025-04-04T19:20:21.637+0000] {dag.py:3239} INFO - Sync 1 DAGs
[2025-04-04T19:20:21.650+0000] {logging_mixin.py:190} INFO - [2025-04-04T19:20:21.649+0000] {dag.py:4180} INFO - Setting next_dagrun for example_sensors to None, run_after=None
[2025-04-04T19:20:21.668+0000] {processor.py:208} INFO - Processing /home/airflow/.local/lib/python3.12/site-packages/airflow/example_dags/example_sensors.py took 0.073 seconds
[2025-04-04T19:20:52.616+0000] {processor.py:186} INFO - Started process (PID=3883) to work on /home/airflow/.local/lib/python3.12/site-packages/airflow/example_dags/example_sensors.py
[2025-04-04T19:20:52.618+0000] {processor.py:914} INFO - Processing file /home/airflow/.local/lib/python3.12/site-packages/airflow/example_dags/example_sensors.py for tasks to queue
[2025-04-04T19:20:52.620+0000] {logging_mixin.py:190} INFO - [2025-04-04T19:20:52.620+0000] {dagbag.py:588} INFO - Filling up the DagBag from /home/airflow/.local/lib/python3.12/site-packages/airflow/example_dags/example_sensors.py
[2025-04-04T19:20:52.630+0000] {processor.py:925} INFO - DAG(s) 'example_sensors' retrieved from /home/airflow/.local/lib/python3.12/site-packages/airflow/example_dags/example_sensors.py
[2025-04-04T19:20:52.660+0000] {logging_mixin.py:190} INFO - [2025-04-04T19:20:52.659+0000] {dag.py:3239} INFO - Sync 1 DAGs
[2025-04-04T19:20:52.675+0000] {logging_mixin.py:190} INFO - [2025-04-04T19:20:52.674+0000] {dag.py:4180} INFO - Setting next_dagrun for example_sensors to None, run_after=None
[2025-04-04T19:20:52.691+0000] {processor.py:208} INFO - Processing /home/airflow/.local/lib/python3.12/site-packages/airflow/example_dags/example_sensors.py took 0.081 seconds
[2025-04-04T19:21:23.736+0000] {processor.py:186} INFO - Started process (PID=3947) to work on /home/airflow/.local/lib/python3.12/site-packages/airflow/example_dags/example_sensors.py
[2025-04-04T19:21:23.737+0000] {processor.py:914} INFO - Processing file /home/airflow/.local/lib/python3.12/site-packages/airflow/example_dags/example_sensors.py for tasks to queue
[2025-04-04T19:21:23.740+0000] {logging_mixin.py:190} INFO - [2025-04-04T19:21:23.739+0000] {dagbag.py:588} INFO - Filling up the DagBag from /home/airflow/.local/lib/python3.12/site-packages/airflow/example_dags/example_sensors.py
[2025-04-04T19:21:23.750+0000] {processor.py:925} INFO - DAG(s) 'example_sensors' retrieved from /home/airflow/.local/lib/python3.12/site-packages/airflow/example_dags/example_sensors.py
[2025-04-04T19:21:23.774+0000] {logging_mixin.py:190} INFO - [2025-04-04T19:21:23.774+0000] {dag.py:3239} INFO - Sync 1 DAGs
[2025-04-04T19:21:23.787+0000] {logging_mixin.py:190} INFO - [2025-04-04T19:21:23.787+0000] {dag.py:4180} INFO - Setting next_dagrun for example_sensors to None, run_after=None
[2025-04-04T19:21:23.802+0000] {processor.py:208} INFO - Processing /home/airflow/.local/lib/python3.12/site-packages/airflow/example_dags/example_sensors.py took 0.072 seconds
[2025-04-04T19:21:54.295+0000] {processor.py:186} INFO - Started process (PID=4011) to work on /home/airflow/.local/lib/python3.12/site-packages/airflow/example_dags/example_sensors.py
[2025-04-04T19:21:54.296+0000] {processor.py:914} INFO - Processing file /home/airflow/.local/lib/python3.12/site-packages/airflow/example_dags/example_sensors.py for tasks to queue
[2025-04-04T19:21:54.298+0000] {logging_mixin.py:190} INFO - [2025-04-04T19:21:54.298+0000] {dagbag.py:588} INFO - Filling up the DagBag from /home/airflow/.local/lib/python3.12/site-packages/airflow/example_dags/example_sensors.py
[2025-04-04T19:21:54.309+0000] {processor.py:925} INFO - DAG(s) 'example_sensors' retrieved from /home/airflow/.local/lib/python3.12/site-packages/airflow/example_dags/example_sensors.py
[2025-04-04T19:21:54.338+0000] {logging_mixin.py:190} INFO - [2025-04-04T19:21:54.337+0000] {dag.py:3239} INFO - Sync 1 DAGs
[2025-04-04T19:21:54.355+0000] {logging_mixin.py:190} INFO - [2025-04-04T19:21:54.355+0000] {dag.py:4180} INFO - Setting next_dagrun for example_sensors to None, run_after=None
[2025-04-04T19:21:54.378+0000] {processor.py:208} INFO - Processing /home/airflow/.local/lib/python3.12/site-packages/airflow/example_dags/example_sensors.py took 0.089 seconds
[2025-04-04T19:22:24.795+0000] {processor.py:186} INFO - Started process (PID=4075) to work on /home/airflow/.local/lib/python3.12/site-packages/airflow/example_dags/example_sensors.py
[2025-04-04T19:22:24.796+0000] {processor.py:914} INFO - Processing file /home/airflow/.local/lib/python3.12/site-packages/airflow/example_dags/example_sensors.py for tasks to queue
[2025-04-04T19:22:24.798+0000] {logging_mixin.py:190} INFO - [2025-04-04T19:22:24.797+0000] {dagbag.py:588} INFO - Filling up the DagBag from /home/airflow/.local/lib/python3.12/site-packages/airflow/example_dags/example_sensors.py
[2025-04-04T19:22:24.807+0000] {processor.py:925} INFO - DAG(s) 'example_sensors' retrieved from /home/airflow/.local/lib/python3.12/site-packages/airflow/example_dags/example_sensors.py
[2025-04-04T19:22:24.833+0000] {logging_mixin.py:190} INFO - [2025-04-04T19:22:24.833+0000] {dag.py:3239} INFO - Sync 1 DAGs
[2025-04-04T19:22:24.847+0000] {logging_mixin.py:190} INFO - [2025-04-04T19:22:24.847+0000] {dag.py:4180} INFO - Setting next_dagrun for example_sensors to None, run_after=None
[2025-04-04T19:22:24.863+0000] {processor.py:208} INFO - Processing /home/airflow/.local/lib/python3.12/site-packages/airflow/example_dags/example_sensors.py took 0.074 seconds
[2025-04-04T19:22:55.814+0000] {processor.py:186} INFO - Started process (PID=4139) to work on /home/airflow/.local/lib/python3.12/site-packages/airflow/example_dags/example_sensors.py
[2025-04-04T19:22:55.815+0000] {processor.py:914} INFO - Processing file /home/airflow/.local/lib/python3.12/site-packages/airflow/example_dags/example_sensors.py for tasks to queue
[2025-04-04T19:22:55.816+0000] {logging_mixin.py:190} INFO - [2025-04-04T19:22:55.816+0000] {dagbag.py:588} INFO - Filling up the DagBag from /home/airflow/.local/lib/python3.12/site-packages/airflow/example_dags/example_sensors.py
[2025-04-04T19:22:55.827+0000] {processor.py:925} INFO - DAG(s) 'example_sensors' retrieved from /home/airflow/.local/lib/python3.12/site-packages/airflow/example_dags/example_sensors.py
[2025-04-04T19:22:55.852+0000] {logging_mixin.py:190} INFO - [2025-04-04T19:22:55.852+0000] {dag.py:3239} INFO - Sync 1 DAGs
[2025-04-04T19:22:55.867+0000] {logging_mixin.py:190} INFO - [2025-04-04T19:22:55.866+0000] {dag.py:4180} INFO - Setting next_dagrun for example_sensors to None, run_after=None
[2025-04-04T19:22:55.885+0000] {processor.py:208} INFO - Processing /home/airflow/.local/lib/python3.12/site-packages/airflow/example_dags/example_sensors.py took 0.077 seconds
[2025-04-04T19:23:26.428+0000] {processor.py:186} INFO - Started process (PID=4202) to work on /home/airflow/.local/lib/python3.12/site-packages/airflow/example_dags/example_sensors.py
[2025-04-04T19:23:26.429+0000] {processor.py:914} INFO - Processing file /home/airflow/.local/lib/python3.12/site-packages/airflow/example_dags/example_sensors.py for tasks to queue
[2025-04-04T19:23:26.432+0000] {logging_mixin.py:190} INFO - [2025-04-04T19:23:26.431+0000] {dagbag.py:588} INFO - Filling up the DagBag from /home/airflow/.local/lib/python3.12/site-packages/airflow/example_dags/example_sensors.py
[2025-04-04T19:23:26.445+0000] {processor.py:925} INFO - DAG(s) 'example_sensors' retrieved from /home/airflow/.local/lib/python3.12/site-packages/airflow/example_dags/example_sensors.py
[2025-04-04T19:23:26.472+0000] {logging_mixin.py:190} INFO - [2025-04-04T19:23:26.472+0000] {dag.py:3239} INFO - Sync 1 DAGs
[2025-04-04T19:23:26.487+0000] {logging_mixin.py:190} INFO - [2025-04-04T19:23:26.487+0000] {dag.py:4180} INFO - Setting next_dagrun for example_sensors to None, run_after=None
[2025-04-04T19:23:26.509+0000] {processor.py:208} INFO - Processing /home/airflow/.local/lib/python3.12/site-packages/airflow/example_dags/example_sensors.py took 0.088 seconds
[2025-04-04T19:23:56.944+0000] {processor.py:186} INFO - Started process (PID=4266) to work on /home/airflow/.local/lib/python3.12/site-packages/airflow/example_dags/example_sensors.py
[2025-04-04T19:23:56.945+0000] {processor.py:914} INFO - Processing file /home/airflow/.local/lib/python3.12/site-packages/airflow/example_dags/example_sensors.py for tasks to queue
[2025-04-04T19:23:56.947+0000] {logging_mixin.py:190} INFO - [2025-04-04T19:23:56.947+0000] {dagbag.py:588} INFO - Filling up the DagBag from /home/airflow/.local/lib/python3.12/site-packages/airflow/example_dags/example_sensors.py
[2025-04-04T19:23:56.957+0000] {processor.py:925} INFO - DAG(s) 'example_sensors' retrieved from /home/airflow/.local/lib/python3.12/site-packages/airflow/example_dags/example_sensors.py
[2025-04-04T19:23:56.985+0000] {logging_mixin.py:190} INFO - [2025-04-04T19:23:56.984+0000] {dag.py:3239} INFO - Sync 1 DAGs
[2025-04-04T19:23:57.000+0000] {logging_mixin.py:190} INFO - [2025-04-04T19:23:57.000+0000] {dag.py:4180} INFO - Setting next_dagrun for example_sensors to None, run_after=None
[2025-04-04T19:23:57.024+0000] {processor.py:208} INFO - Processing /home/airflow/.local/lib/python3.12/site-packages/airflow/example_dags/example_sensors.py took 0.086 seconds
[2025-04-04T19:24:27.992+0000] {processor.py:186} INFO - Started process (PID=4330) to work on /home/airflow/.local/lib/python3.12/site-packages/airflow/example_dags/example_sensors.py
[2025-04-04T19:24:27.993+0000] {processor.py:914} INFO - Processing file /home/airflow/.local/lib/python3.12/site-packages/airflow/example_dags/example_sensors.py for tasks to queue
[2025-04-04T19:24:27.995+0000] {logging_mixin.py:190} INFO - [2025-04-04T19:24:27.995+0000] {dagbag.py:588} INFO - Filling up the DagBag from /home/airflow/.local/lib/python3.12/site-packages/airflow/example_dags/example_sensors.py
[2025-04-04T19:24:28.005+0000] {processor.py:925} INFO - DAG(s) 'example_sensors' retrieved from /home/airflow/.local/lib/python3.12/site-packages/airflow/example_dags/example_sensors.py
[2025-04-04T19:24:28.031+0000] {logging_mixin.py:190} INFO - [2025-04-04T19:24:28.030+0000] {dag.py:3239} INFO - Sync 1 DAGs
[2025-04-04T19:24:28.044+0000] {logging_mixin.py:190} INFO - [2025-04-04T19:24:28.044+0000] {dag.py:4180} INFO - Setting next_dagrun for example_sensors to None, run_after=None
[2025-04-04T19:24:28.063+0000] {processor.py:208} INFO - Processing /home/airflow/.local/lib/python3.12/site-packages/airflow/example_dags/example_sensors.py took 0.076 seconds
[2025-04-04T19:24:59.344+0000] {processor.py:186} INFO - Started process (PID=4395) to work on /home/airflow/.local/lib/python3.12/site-packages/airflow/example_dags/example_sensors.py
[2025-04-04T19:24:59.345+0000] {processor.py:914} INFO - Processing file /home/airflow/.local/lib/python3.12/site-packages/airflow/example_dags/example_sensors.py for tasks to queue
[2025-04-04T19:24:59.347+0000] {logging_mixin.py:190} INFO - [2025-04-04T19:24:59.347+0000] {dagbag.py:588} INFO - Filling up the DagBag from /home/airflow/.local/lib/python3.12/site-packages/airflow/example_dags/example_sensors.py
[2025-04-04T19:24:59.360+0000] {processor.py:925} INFO - DAG(s) 'example_sensors' retrieved from /home/airflow/.local/lib/python3.12/site-packages/airflow/example_dags/example_sensors.py
[2025-04-04T19:24:59.386+0000] {logging_mixin.py:190} INFO - [2025-04-04T19:24:59.386+0000] {dag.py:3239} INFO - Sync 1 DAGs
[2025-04-04T19:24:59.400+0000] {logging_mixin.py:190} INFO - [2025-04-04T19:24:59.400+0000] {dag.py:4180} INFO - Setting next_dagrun for example_sensors to None, run_after=None
[2025-04-04T19:24:59.417+0000] {processor.py:208} INFO - Processing /home/airflow/.local/lib/python3.12/site-packages/airflow/example_dags/example_sensors.py took 0.078 seconds
[2025-04-04T19:25:30.844+0000] {processor.py:186} INFO - Started process (PID=4460) to work on /home/airflow/.local/lib/python3.12/site-packages/airflow/example_dags/example_sensors.py
[2025-04-04T19:25:30.845+0000] {processor.py:914} INFO - Processing file /home/airflow/.local/lib/python3.12/site-packages/airflow/example_dags/example_sensors.py for tasks to queue
[2025-04-04T19:25:30.847+0000] {logging_mixin.py:190} INFO - [2025-04-04T19:25:30.847+0000] {dagbag.py:588} INFO - Filling up the DagBag from /home/airflow/.local/lib/python3.12/site-packages/airflow/example_dags/example_sensors.py
[2025-04-04T19:25:30.858+0000] {processor.py:925} INFO - DAG(s) 'example_sensors' retrieved from /home/airflow/.local/lib/python3.12/site-packages/airflow/example_dags/example_sensors.py
[2025-04-04T19:25:30.883+0000] {logging_mixin.py:190} INFO - [2025-04-04T19:25:30.883+0000] {dag.py:3239} INFO - Sync 1 DAGs
[2025-04-04T19:25:30.897+0000] {logging_mixin.py:190} INFO - [2025-04-04T19:25:30.896+0000] {dag.py:4180} INFO - Setting next_dagrun for example_sensors to None, run_after=None
[2025-04-04T19:25:30.912+0000] {processor.py:208} INFO - Processing /home/airflow/.local/lib/python3.12/site-packages/airflow/example_dags/example_sensors.py took 0.074 seconds
[2025-04-04T19:26:02.069+0000] {processor.py:186} INFO - Started process (PID=4525) to work on /home/airflow/.local/lib/python3.12/site-packages/airflow/example_dags/example_sensors.py
[2025-04-04T19:26:02.070+0000] {processor.py:914} INFO - Processing file /home/airflow/.local/lib/python3.12/site-packages/airflow/example_dags/example_sensors.py for tasks to queue
[2025-04-04T19:26:02.074+0000] {logging_mixin.py:190} INFO - [2025-04-04T19:26:02.073+0000] {dagbag.py:588} INFO - Filling up the DagBag from /home/airflow/.local/lib/python3.12/site-packages/airflow/example_dags/example_sensors.py
[2025-04-04T19:26:02.086+0000] {processor.py:925} INFO - DAG(s) 'example_sensors' retrieved from /home/airflow/.local/lib/python3.12/site-packages/airflow/example_dags/example_sensors.py
[2025-04-04T19:26:02.114+0000] {logging_mixin.py:190} INFO - [2025-04-04T19:26:02.114+0000] {dag.py:3239} INFO - Sync 1 DAGs
[2025-04-04T19:26:02.129+0000] {logging_mixin.py:190} INFO - [2025-04-04T19:26:02.129+0000] {dag.py:4180} INFO - Setting next_dagrun for example_sensors to None, run_after=None
[2025-04-04T19:26:02.147+0000] {processor.py:208} INFO - Processing /home/airflow/.local/lib/python3.12/site-packages/airflow/example_dags/example_sensors.py took 0.086 seconds
[2025-04-04T19:26:33.246+0000] {processor.py:186} INFO - Started process (PID=4590) to work on /home/airflow/.local/lib/python3.12/site-packages/airflow/example_dags/example_sensors.py
[2025-04-04T19:26:33.246+0000] {processor.py:914} INFO - Processing file /home/airflow/.local/lib/python3.12/site-packages/airflow/example_dags/example_sensors.py for tasks to queue
[2025-04-04T19:26:33.248+0000] {logging_mixin.py:190} INFO - [2025-04-04T19:26:33.248+0000] {dagbag.py:588} INFO - Filling up the DagBag from /home/airflow/.local/lib/python3.12/site-packages/airflow/example_dags/example_sensors.py
[2025-04-04T19:26:33.258+0000] {processor.py:925} INFO - DAG(s) 'example_sensors' retrieved from /home/airflow/.local/lib/python3.12/site-packages/airflow/example_dags/example_sensors.py
[2025-04-04T19:26:33.283+0000] {logging_mixin.py:190} INFO - [2025-04-04T19:26:33.283+0000] {dag.py:3239} INFO - Sync 1 DAGs
[2025-04-04T19:26:33.297+0000] {logging_mixin.py:190} INFO - [2025-04-04T19:26:33.297+0000] {dag.py:4180} INFO - Setting next_dagrun for example_sensors to None, run_after=None
[2025-04-04T19:26:33.313+0000] {processor.py:208} INFO - Processing /home/airflow/.local/lib/python3.12/site-packages/airflow/example_dags/example_sensors.py took 0.073 seconds
[2025-04-04T19:27:04.413+0000] {processor.py:186} INFO - Started process (PID=4656) to work on /home/airflow/.local/lib/python3.12/site-packages/airflow/example_dags/example_sensors.py
[2025-04-04T19:27:04.414+0000] {processor.py:914} INFO - Processing file /home/airflow/.local/lib/python3.12/site-packages/airflow/example_dags/example_sensors.py for tasks to queue
[2025-04-04T19:27:04.416+0000] {logging_mixin.py:190} INFO - [2025-04-04T19:27:04.416+0000] {dagbag.py:588} INFO - Filling up the DagBag from /home/airflow/.local/lib/python3.12/site-packages/airflow/example_dags/example_sensors.py
[2025-04-04T19:27:04.428+0000] {processor.py:925} INFO - DAG(s) 'example_sensors' retrieved from /home/airflow/.local/lib/python3.12/site-packages/airflow/example_dags/example_sensors.py
[2025-04-04T19:27:04.452+0000] {logging_mixin.py:190} INFO - [2025-04-04T19:27:04.452+0000] {dag.py:3239} INFO - Sync 1 DAGs
[2025-04-04T19:27:04.465+0000] {logging_mixin.py:190} INFO - [2025-04-04T19:27:04.465+0000] {dag.py:4180} INFO - Setting next_dagrun for example_sensors to None, run_after=None
[2025-04-04T19:27:04.481+0000] {processor.py:208} INFO - Processing /home/airflow/.local/lib/python3.12/site-packages/airflow/example_dags/example_sensors.py took 0.073 seconds
[2025-04-04T19:27:35.446+0000] {processor.py:186} INFO - Started process (PID=4721) to work on /home/airflow/.local/lib/python3.12/site-packages/airflow/example_dags/example_sensors.py
[2025-04-04T19:27:35.447+0000] {processor.py:914} INFO - Processing file /home/airflow/.local/lib/python3.12/site-packages/airflow/example_dags/example_sensors.py for tasks to queue
[2025-04-04T19:27:35.450+0000] {logging_mixin.py:190} INFO - [2025-04-04T19:27:35.449+0000] {dagbag.py:588} INFO - Filling up the DagBag from /home/airflow/.local/lib/python3.12/site-packages/airflow/example_dags/example_sensors.py
[2025-04-04T19:27:35.465+0000] {processor.py:925} INFO - DAG(s) 'example_sensors' retrieved from /home/airflow/.local/lib/python3.12/site-packages/airflow/example_dags/example_sensors.py
[2025-04-04T19:27:35.495+0000] {logging_mixin.py:190} INFO - [2025-04-04T19:27:35.494+0000] {dag.py:3239} INFO - Sync 1 DAGs
[2025-04-04T19:27:35.514+0000] {logging_mixin.py:190} INFO - [2025-04-04T19:27:35.514+0000] {dag.py:4180} INFO - Setting next_dagrun for example_sensors to None, run_after=None
[2025-04-04T19:27:35.534+0000] {processor.py:208} INFO - Processing /home/airflow/.local/lib/python3.12/site-packages/airflow/example_dags/example_sensors.py took 0.094 seconds
[2025-04-04T19:28:06.089+0000] {processor.py:186} INFO - Started process (PID=4786) to work on /home/airflow/.local/lib/python3.12/site-packages/airflow/example_dags/example_sensors.py
[2025-04-04T19:28:06.090+0000] {processor.py:914} INFO - Processing file /home/airflow/.local/lib/python3.12/site-packages/airflow/example_dags/example_sensors.py for tasks to queue
[2025-04-04T19:28:06.092+0000] {logging_mixin.py:190} INFO - [2025-04-04T19:28:06.092+0000] {dagbag.py:588} INFO - Filling up the DagBag from /home/airflow/.local/lib/python3.12/site-packages/airflow/example_dags/example_sensors.py
[2025-04-04T19:28:06.101+0000] {processor.py:925} INFO - DAG(s) 'example_sensors' retrieved from /home/airflow/.local/lib/python3.12/site-packages/airflow/example_dags/example_sensors.py
[2025-04-04T19:28:06.127+0000] {logging_mixin.py:190} INFO - [2025-04-04T19:28:06.127+0000] {dag.py:3239} INFO - Sync 1 DAGs
[2025-04-04T19:28:06.141+0000] {logging_mixin.py:190} INFO - [2025-04-04T19:28:06.140+0000] {dag.py:4180} INFO - Setting next_dagrun for example_sensors to None, run_after=None
[2025-04-04T19:28:06.159+0000] {processor.py:208} INFO - Processing /home/airflow/.local/lib/python3.12/site-packages/airflow/example_dags/example_sensors.py took 0.075 seconds
[2025-04-04T19:28:37.222+0000] {processor.py:186} INFO - Started process (PID=4851) to work on /home/airflow/.local/lib/python3.12/site-packages/airflow/example_dags/example_sensors.py
[2025-04-04T19:28:37.223+0000] {processor.py:914} INFO - Processing file /home/airflow/.local/lib/python3.12/site-packages/airflow/example_dags/example_sensors.py for tasks to queue
[2025-04-04T19:28:37.225+0000] {logging_mixin.py:190} INFO - [2025-04-04T19:28:37.225+0000] {dagbag.py:588} INFO - Filling up the DagBag from /home/airflow/.local/lib/python3.12/site-packages/airflow/example_dags/example_sensors.py
[2025-04-04T19:28:37.236+0000] {processor.py:925} INFO - DAG(s) 'example_sensors' retrieved from /home/airflow/.local/lib/python3.12/site-packages/airflow/example_dags/example_sensors.py
[2025-04-04T19:28:37.265+0000] {logging_mixin.py:190} INFO - [2025-04-04T19:28:37.265+0000] {dag.py:3239} INFO - Sync 1 DAGs
[2025-04-04T19:28:37.279+0000] {logging_mixin.py:190} INFO - [2025-04-04T19:28:37.279+0000] {dag.py:4180} INFO - Setting next_dagrun for example_sensors to None, run_after=None
[2025-04-04T19:28:37.297+0000] {processor.py:208} INFO - Processing /home/airflow/.local/lib/python3.12/site-packages/airflow/example_dags/example_sensors.py took 0.080 seconds
[2025-04-04T19:29:08.335+0000] {processor.py:186} INFO - Started process (PID=4916) to work on /home/airflow/.local/lib/python3.12/site-packages/airflow/example_dags/example_sensors.py
[2025-04-04T19:29:08.336+0000] {processor.py:914} INFO - Processing file /home/airflow/.local/lib/python3.12/site-packages/airflow/example_dags/example_sensors.py for tasks to queue
[2025-04-04T19:29:08.338+0000] {logging_mixin.py:190} INFO - [2025-04-04T19:29:08.338+0000] {dagbag.py:588} INFO - Filling up the DagBag from /home/airflow/.local/lib/python3.12/site-packages/airflow/example_dags/example_sensors.py
[2025-04-04T19:29:08.348+0000] {processor.py:925} INFO - DAG(s) 'example_sensors' retrieved from /home/airflow/.local/lib/python3.12/site-packages/airflow/example_dags/example_sensors.py
[2025-04-04T19:29:08.374+0000] {logging_mixin.py:190} INFO - [2025-04-04T19:29:08.374+0000] {dag.py:3239} INFO - Sync 1 DAGs
[2025-04-04T19:29:08.388+0000] {logging_mixin.py:190} INFO - [2025-04-04T19:29:08.388+0000] {dag.py:4180} INFO - Setting next_dagrun for example_sensors to None, run_after=None
[2025-04-04T19:29:08.405+0000] {processor.py:208} INFO - Processing /home/airflow/.local/lib/python3.12/site-packages/airflow/example_dags/example_sensors.py took 0.075 seconds
[2025-04-04T19:29:39.685+0000] {processor.py:186} INFO - Started process (PID=4981) to work on /home/airflow/.local/lib/python3.12/site-packages/airflow/example_dags/example_sensors.py
[2025-04-04T19:29:39.687+0000] {processor.py:914} INFO - Processing file /home/airflow/.local/lib/python3.12/site-packages/airflow/example_dags/example_sensors.py for tasks to queue
[2025-04-04T19:29:39.689+0000] {logging_mixin.py:190} INFO - [2025-04-04T19:29:39.689+0000] {dagbag.py:588} INFO - Filling up the DagBag from /home/airflow/.local/lib/python3.12/site-packages/airflow/example_dags/example_sensors.py
[2025-04-04T19:29:39.702+0000] {processor.py:925} INFO - DAG(s) 'example_sensors' retrieved from /home/airflow/.local/lib/python3.12/site-packages/airflow/example_dags/example_sensors.py
[2025-04-04T19:29:39.730+0000] {logging_mixin.py:190} INFO - [2025-04-04T19:29:39.730+0000] {dag.py:3239} INFO - Sync 1 DAGs
[2025-04-04T19:29:39.746+0000] {logging_mixin.py:190} INFO - [2025-04-04T19:29:39.746+0000] {dag.py:4180} INFO - Setting next_dagrun for example_sensors to None, run_after=None
[2025-04-04T19:29:39.769+0000] {processor.py:208} INFO - Processing /home/airflow/.local/lib/python3.12/site-packages/airflow/example_dags/example_sensors.py took 0.091 seconds
[2025-04-04T19:30:10.689+0000] {processor.py:186} INFO - Started process (PID=5047) to work on /home/airflow/.local/lib/python3.12/site-packages/airflow/example_dags/example_sensors.py
[2025-04-04T19:30:10.690+0000] {processor.py:914} INFO - Processing file /home/airflow/.local/lib/python3.12/site-packages/airflow/example_dags/example_sensors.py for tasks to queue
[2025-04-04T19:30:10.693+0000] {logging_mixin.py:190} INFO - [2025-04-04T19:30:10.693+0000] {dagbag.py:588} INFO - Filling up the DagBag from /home/airflow/.local/lib/python3.12/site-packages/airflow/example_dags/example_sensors.py
[2025-04-04T19:30:10.706+0000] {processor.py:925} INFO - DAG(s) 'example_sensors' retrieved from /home/airflow/.local/lib/python3.12/site-packages/airflow/example_dags/example_sensors.py
[2025-04-04T19:30:10.734+0000] {logging_mixin.py:190} INFO - [2025-04-04T19:30:10.734+0000] {dag.py:3239} INFO - Sync 1 DAGs
[2025-04-04T19:30:10.749+0000] {logging_mixin.py:190} INFO - [2025-04-04T19:30:10.748+0000] {dag.py:4180} INFO - Setting next_dagrun for example_sensors to None, run_after=None
[2025-04-04T19:30:10.766+0000] {processor.py:208} INFO - Processing /home/airflow/.local/lib/python3.12/site-packages/airflow/example_dags/example_sensors.py took 0.082 seconds
[2025-04-04T19:30:42.278+0000] {processor.py:186} INFO - Started process (PID=5112) to work on /home/airflow/.local/lib/python3.12/site-packages/airflow/example_dags/example_sensors.py
[2025-04-04T19:30:42.279+0000] {processor.py:914} INFO - Processing file /home/airflow/.local/lib/python3.12/site-packages/airflow/example_dags/example_sensors.py for tasks to queue
[2025-04-04T19:30:42.281+0000] {logging_mixin.py:190} INFO - [2025-04-04T19:30:42.281+0000] {dagbag.py:588} INFO - Filling up the DagBag from /home/airflow/.local/lib/python3.12/site-packages/airflow/example_dags/example_sensors.py
[2025-04-04T19:30:42.290+0000] {processor.py:925} INFO - DAG(s) 'example_sensors' retrieved from /home/airflow/.local/lib/python3.12/site-packages/airflow/example_dags/example_sensors.py
[2025-04-04T19:30:42.314+0000] {logging_mixin.py:190} INFO - [2025-04-04T19:30:42.313+0000] {dag.py:3239} INFO - Sync 1 DAGs
[2025-04-04T19:30:42.326+0000] {logging_mixin.py:190} INFO - [2025-04-04T19:30:42.326+0000] {dag.py:4180} INFO - Setting next_dagrun for example_sensors to None, run_after=None
[2025-04-04T19:30:42.344+0000] {processor.py:208} INFO - Processing /home/airflow/.local/lib/python3.12/site-packages/airflow/example_dags/example_sensors.py took 0.071 seconds
[2025-04-04T19:31:12.689+0000] {processor.py:186} INFO - Started process (PID=5177) to work on /home/airflow/.local/lib/python3.12/site-packages/airflow/example_dags/example_sensors.py
[2025-04-04T19:31:12.691+0000] {processor.py:914} INFO - Processing file /home/airflow/.local/lib/python3.12/site-packages/airflow/example_dags/example_sensors.py for tasks to queue
[2025-04-04T19:31:12.693+0000] {logging_mixin.py:190} INFO - [2025-04-04T19:31:12.692+0000] {dagbag.py:588} INFO - Filling up the DagBag from /home/airflow/.local/lib/python3.12/site-packages/airflow/example_dags/example_sensors.py
[2025-04-04T19:31:12.703+0000] {processor.py:925} INFO - DAG(s) 'example_sensors' retrieved from /home/airflow/.local/lib/python3.12/site-packages/airflow/example_dags/example_sensors.py
[2025-04-04T19:31:12.729+0000] {logging_mixin.py:190} INFO - [2025-04-04T19:31:12.728+0000] {dag.py:3239} INFO - Sync 1 DAGs
[2025-04-04T19:31:12.744+0000] {logging_mixin.py:190} INFO - [2025-04-04T19:31:12.743+0000] {dag.py:4180} INFO - Setting next_dagrun for example_sensors to None, run_after=None
[2025-04-04T19:31:12.761+0000] {processor.py:208} INFO - Processing /home/airflow/.local/lib/python3.12/site-packages/airflow/example_dags/example_sensors.py took 0.077 seconds
[2025-04-04T19:31:43.722+0000] {processor.py:186} INFO - Started process (PID=5243) to work on /home/airflow/.local/lib/python3.12/site-packages/airflow/example_dags/example_sensors.py
[2025-04-04T19:31:43.723+0000] {processor.py:914} INFO - Processing file /home/airflow/.local/lib/python3.12/site-packages/airflow/example_dags/example_sensors.py for tasks to queue
[2025-04-04T19:31:43.726+0000] {logging_mixin.py:190} INFO - [2025-04-04T19:31:43.725+0000] {dagbag.py:588} INFO - Filling up the DagBag from /home/airflow/.local/lib/python3.12/site-packages/airflow/example_dags/example_sensors.py
[2025-04-04T19:31:43.735+0000] {processor.py:925} INFO - DAG(s) 'example_sensors' retrieved from /home/airflow/.local/lib/python3.12/site-packages/airflow/example_dags/example_sensors.py
[2025-04-04T19:31:43.760+0000] {logging_mixin.py:190} INFO - [2025-04-04T19:31:43.760+0000] {dag.py:3239} INFO - Sync 1 DAGs
[2025-04-04T19:31:43.774+0000] {logging_mixin.py:190} INFO - [2025-04-04T19:31:43.774+0000] {dag.py:4180} INFO - Setting next_dagrun for example_sensors to None, run_after=None
[2025-04-04T19:31:43.791+0000] {processor.py:208} INFO - Processing /home/airflow/.local/lib/python3.12/site-packages/airflow/example_dags/example_sensors.py took 0.074 seconds
[2025-04-04T19:32:14.356+0000] {processor.py:186} INFO - Started process (PID=5307) to work on /home/airflow/.local/lib/python3.12/site-packages/airflow/example_dags/example_sensors.py
[2025-04-04T19:32:14.356+0000] {processor.py:914} INFO - Processing file /home/airflow/.local/lib/python3.12/site-packages/airflow/example_dags/example_sensors.py for tasks to queue
[2025-04-04T19:32:14.359+0000] {logging_mixin.py:190} INFO - [2025-04-04T19:32:14.358+0000] {dagbag.py:588} INFO - Filling up the DagBag from /home/airflow/.local/lib/python3.12/site-packages/airflow/example_dags/example_sensors.py
[2025-04-04T19:32:14.368+0000] {processor.py:925} INFO - DAG(s) 'example_sensors' retrieved from /home/airflow/.local/lib/python3.12/site-packages/airflow/example_dags/example_sensors.py
[2025-04-04T19:32:14.393+0000] {logging_mixin.py:190} INFO - [2025-04-04T19:32:14.393+0000] {dag.py:3239} INFO - Sync 1 DAGs
[2025-04-04T19:32:14.407+0000] {logging_mixin.py:190} INFO - [2025-04-04T19:32:14.406+0000] {dag.py:4180} INFO - Setting next_dagrun for example_sensors to None, run_after=None
[2025-04-04T19:32:14.423+0000] {processor.py:208} INFO - Processing /home/airflow/.local/lib/python3.12/site-packages/airflow/example_dags/example_sensors.py took 0.073 seconds
[2025-04-04T19:32:45.707+0000] {processor.py:186} INFO - Started process (PID=5378) to work on /home/airflow/.local/lib/python3.12/site-packages/airflow/example_dags/example_sensors.py
[2025-04-04T19:32:45.708+0000] {processor.py:914} INFO - Processing file /home/airflow/.local/lib/python3.12/site-packages/airflow/example_dags/example_sensors.py for tasks to queue
[2025-04-04T19:32:45.710+0000] {logging_mixin.py:190} INFO - [2025-04-04T19:32:45.709+0000] {dagbag.py:588} INFO - Filling up the DagBag from /home/airflow/.local/lib/python3.12/site-packages/airflow/example_dags/example_sensors.py
[2025-04-04T19:32:45.720+0000] {processor.py:925} INFO - DAG(s) 'example_sensors' retrieved from /home/airflow/.local/lib/python3.12/site-packages/airflow/example_dags/example_sensors.py
[2025-04-04T19:32:45.747+0000] {logging_mixin.py:190} INFO - [2025-04-04T19:32:45.747+0000] {dag.py:3239} INFO - Sync 1 DAGs
[2025-04-04T19:32:45.764+0000] {logging_mixin.py:190} INFO - [2025-04-04T19:32:45.763+0000] {dag.py:4180} INFO - Setting next_dagrun for example_sensors to None, run_after=None
[2025-04-04T19:32:45.780+0000] {processor.py:208} INFO - Processing /home/airflow/.local/lib/python3.12/site-packages/airflow/example_dags/example_sensors.py took 0.079 seconds
[2025-04-04T19:33:16.438+0000] {processor.py:186} INFO - Started process (PID=5443) to work on /home/airflow/.local/lib/python3.12/site-packages/airflow/example_dags/example_sensors.py
[2025-04-04T19:33:16.438+0000] {processor.py:914} INFO - Processing file /home/airflow/.local/lib/python3.12/site-packages/airflow/example_dags/example_sensors.py for tasks to queue
[2025-04-04T19:33:16.441+0000] {logging_mixin.py:190} INFO - [2025-04-04T19:33:16.440+0000] {dagbag.py:588} INFO - Filling up the DagBag from /home/airflow/.local/lib/python3.12/site-packages/airflow/example_dags/example_sensors.py
[2025-04-04T19:33:16.450+0000] {processor.py:925} INFO - DAG(s) 'example_sensors' retrieved from /home/airflow/.local/lib/python3.12/site-packages/airflow/example_dags/example_sensors.py
[2025-04-04T19:33:16.477+0000] {logging_mixin.py:190} INFO - [2025-04-04T19:33:16.477+0000] {dag.py:3239} INFO - Sync 1 DAGs
[2025-04-04T19:33:16.497+0000] {logging_mixin.py:190} INFO - [2025-04-04T19:33:16.497+0000] {dag.py:4180} INFO - Setting next_dagrun for example_sensors to None, run_after=None
[2025-04-04T19:33:16.516+0000] {processor.py:208} INFO - Processing /home/airflow/.local/lib/python3.12/site-packages/airflow/example_dags/example_sensors.py took 0.084 seconds
[2025-04-04T19:33:48.290+0000] {processor.py:186} INFO - Started process (PID=5509) to work on /home/airflow/.local/lib/python3.12/site-packages/airflow/example_dags/example_sensors.py
[2025-04-04T19:33:48.291+0000] {processor.py:914} INFO - Processing file /home/airflow/.local/lib/python3.12/site-packages/airflow/example_dags/example_sensors.py for tasks to queue
[2025-04-04T19:33:48.294+0000] {logging_mixin.py:190} INFO - [2025-04-04T19:33:48.294+0000] {dagbag.py:588} INFO - Filling up the DagBag from /home/airflow/.local/lib/python3.12/site-packages/airflow/example_dags/example_sensors.py
[2025-04-04T19:33:48.312+0000] {processor.py:925} INFO - DAG(s) 'example_sensors' retrieved from /home/airflow/.local/lib/python3.12/site-packages/airflow/example_dags/example_sensors.py
[2025-04-04T19:33:48.353+0000] {logging_mixin.py:190} INFO - [2025-04-04T19:33:48.353+0000] {dag.py:3239} INFO - Sync 1 DAGs
[2025-04-04T19:33:48.369+0000] {logging_mixin.py:190} INFO - [2025-04-04T19:33:48.368+0000] {dag.py:4180} INFO - Setting next_dagrun for example_sensors to None, run_after=None
[2025-04-04T19:33:48.389+0000] {processor.py:208} INFO - Processing /home/airflow/.local/lib/python3.12/site-packages/airflow/example_dags/example_sensors.py took 0.107 seconds
[2025-04-04T19:34:18.871+0000] {processor.py:186} INFO - Started process (PID=5573) to work on /home/airflow/.local/lib/python3.12/site-packages/airflow/example_dags/example_sensors.py
[2025-04-04T19:34:18.874+0000] {processor.py:914} INFO - Processing file /home/airflow/.local/lib/python3.12/site-packages/airflow/example_dags/example_sensors.py for tasks to queue
[2025-04-04T19:34:18.878+0000] {logging_mixin.py:190} INFO - [2025-04-04T19:34:18.877+0000] {dagbag.py:588} INFO - Filling up the DagBag from /home/airflow/.local/lib/python3.12/site-packages/airflow/example_dags/example_sensors.py
[2025-04-04T19:34:18.898+0000] {processor.py:925} INFO - DAG(s) 'example_sensors' retrieved from /home/airflow/.local/lib/python3.12/site-packages/airflow/example_dags/example_sensors.py
[2025-04-04T19:34:18.947+0000] {logging_mixin.py:190} INFO - [2025-04-04T19:34:18.947+0000] {dag.py:3239} INFO - Sync 1 DAGs
[2025-04-04T19:34:18.971+0000] {logging_mixin.py:190} INFO - [2025-04-04T19:34:18.970+0000] {dag.py:4180} INFO - Setting next_dagrun for example_sensors to None, run_after=None
[2025-04-04T19:34:18.999+0000] {processor.py:208} INFO - Processing /home/airflow/.local/lib/python3.12/site-packages/airflow/example_dags/example_sensors.py took 0.138 seconds
[2025-04-04T19:34:49.855+0000] {processor.py:186} INFO - Started process (PID=5638) to work on /home/airflow/.local/lib/python3.12/site-packages/airflow/example_dags/example_sensors.py
[2025-04-04T19:34:49.856+0000] {processor.py:914} INFO - Processing file /home/airflow/.local/lib/python3.12/site-packages/airflow/example_dags/example_sensors.py for tasks to queue
[2025-04-04T19:34:49.860+0000] {logging_mixin.py:190} INFO - [2025-04-04T19:34:49.860+0000] {dagbag.py:588} INFO - Filling up the DagBag from /home/airflow/.local/lib/python3.12/site-packages/airflow/example_dags/example_sensors.py
[2025-04-04T19:34:49.876+0000] {processor.py:925} INFO - DAG(s) 'example_sensors' retrieved from /home/airflow/.local/lib/python3.12/site-packages/airflow/example_dags/example_sensors.py
[2025-04-04T19:34:49.912+0000] {logging_mixin.py:190} INFO - [2025-04-04T19:34:49.912+0000] {dag.py:3239} INFO - Sync 1 DAGs
[2025-04-04T19:34:49.942+0000] {logging_mixin.py:190} INFO - [2025-04-04T19:34:49.941+0000] {dag.py:4180} INFO - Setting next_dagrun for example_sensors to None, run_after=None
[2025-04-04T19:34:49.964+0000] {processor.py:208} INFO - Processing /home/airflow/.local/lib/python3.12/site-packages/airflow/example_dags/example_sensors.py took 0.117 seconds
[2025-04-04T19:35:21.180+0000] {processor.py:186} INFO - Started process (PID=5703) to work on /home/airflow/.local/lib/python3.12/site-packages/airflow/example_dags/example_sensors.py
[2025-04-04T19:35:21.181+0000] {processor.py:914} INFO - Processing file /home/airflow/.local/lib/python3.12/site-packages/airflow/example_dags/example_sensors.py for tasks to queue
[2025-04-04T19:35:21.184+0000] {logging_mixin.py:190} INFO - [2025-04-04T19:35:21.184+0000] {dagbag.py:588} INFO - Filling up the DagBag from /home/airflow/.local/lib/python3.12/site-packages/airflow/example_dags/example_sensors.py
[2025-04-04T19:35:21.199+0000] {processor.py:925} INFO - DAG(s) 'example_sensors' retrieved from /home/airflow/.local/lib/python3.12/site-packages/airflow/example_dags/example_sensors.py
[2025-04-04T19:35:21.229+0000] {logging_mixin.py:190} INFO - [2025-04-04T19:35:21.229+0000] {dag.py:3239} INFO - Sync 1 DAGs
[2025-04-04T19:35:21.246+0000] {logging_mixin.py:190} INFO - [2025-04-04T19:35:21.245+0000] {dag.py:4180} INFO - Setting next_dagrun for example_sensors to None, run_after=None
[2025-04-04T19:35:21.266+0000] {processor.py:208} INFO - Processing /home/airflow/.local/lib/python3.12/site-packages/airflow/example_dags/example_sensors.py took 0.092 seconds
[2025-04-04T19:35:52.297+0000] {processor.py:186} INFO - Started process (PID=5768) to work on /home/airflow/.local/lib/python3.12/site-packages/airflow/example_dags/example_sensors.py
[2025-04-04T19:35:52.298+0000] {processor.py:914} INFO - Processing file /home/airflow/.local/lib/python3.12/site-packages/airflow/example_dags/example_sensors.py for tasks to queue
[2025-04-04T19:35:52.300+0000] {logging_mixin.py:190} INFO - [2025-04-04T19:35:52.300+0000] {dagbag.py:588} INFO - Filling up the DagBag from /home/airflow/.local/lib/python3.12/site-packages/airflow/example_dags/example_sensors.py
[2025-04-04T19:35:52.310+0000] {processor.py:925} INFO - DAG(s) 'example_sensors' retrieved from /home/airflow/.local/lib/python3.12/site-packages/airflow/example_dags/example_sensors.py
[2025-04-04T19:35:52.338+0000] {logging_mixin.py:190} INFO - [2025-04-04T19:35:52.338+0000] {dag.py:3239} INFO - Sync 1 DAGs
[2025-04-04T19:35:52.360+0000] {logging_mixin.py:190} INFO - [2025-04-04T19:35:52.359+0000] {dag.py:4180} INFO - Setting next_dagrun for example_sensors to None, run_after=None
[2025-04-04T19:35:52.384+0000] {processor.py:208} INFO - Processing /home/airflow/.local/lib/python3.12/site-packages/airflow/example_dags/example_sensors.py took 0.093 seconds
[2025-04-04T19:36:23.399+0000] {processor.py:186} INFO - Started process (PID=5833) to work on /home/airflow/.local/lib/python3.12/site-packages/airflow/example_dags/example_sensors.py
[2025-04-04T19:36:23.400+0000] {processor.py:914} INFO - Processing file /home/airflow/.local/lib/python3.12/site-packages/airflow/example_dags/example_sensors.py for tasks to queue
[2025-04-04T19:36:23.402+0000] {logging_mixin.py:190} INFO - [2025-04-04T19:36:23.402+0000] {dagbag.py:588} INFO - Filling up the DagBag from /home/airflow/.local/lib/python3.12/site-packages/airflow/example_dags/example_sensors.py
[2025-04-04T19:36:23.413+0000] {processor.py:925} INFO - DAG(s) 'example_sensors' retrieved from /home/airflow/.local/lib/python3.12/site-packages/airflow/example_dags/example_sensors.py
[2025-04-04T19:36:23.439+0000] {logging_mixin.py:190} INFO - [2025-04-04T19:36:23.439+0000] {dag.py:3239} INFO - Sync 1 DAGs
[2025-04-04T19:36:23.455+0000] {logging_mixin.py:190} INFO - [2025-04-04T19:36:23.454+0000] {dag.py:4180} INFO - Setting next_dagrun for example_sensors to None, run_after=None
[2025-04-04T19:36:23.473+0000] {processor.py:208} INFO - Processing /home/airflow/.local/lib/python3.12/site-packages/airflow/example_dags/example_sensors.py took 0.080 seconds
[2025-04-04T19:36:54.423+0000] {processor.py:186} INFO - Started process (PID=5898) to work on /home/airflow/.local/lib/python3.12/site-packages/airflow/example_dags/example_sensors.py
[2025-04-04T19:36:54.424+0000] {processor.py:914} INFO - Processing file /home/airflow/.local/lib/python3.12/site-packages/airflow/example_dags/example_sensors.py for tasks to queue
[2025-04-04T19:36:54.427+0000] {logging_mixin.py:190} INFO - [2025-04-04T19:36:54.426+0000] {dagbag.py:588} INFO - Filling up the DagBag from /home/airflow/.local/lib/python3.12/site-packages/airflow/example_dags/example_sensors.py
[2025-04-04T19:36:54.437+0000] {processor.py:925} INFO - DAG(s) 'example_sensors' retrieved from /home/airflow/.local/lib/python3.12/site-packages/airflow/example_dags/example_sensors.py
[2025-04-04T19:36:54.462+0000] {logging_mixin.py:190} INFO - [2025-04-04T19:36:54.462+0000] {dag.py:3239} INFO - Sync 1 DAGs
[2025-04-04T19:36:54.475+0000] {logging_mixin.py:190} INFO - [2025-04-04T19:36:54.475+0000] {dag.py:4180} INFO - Setting next_dagrun for example_sensors to None, run_after=None
[2025-04-04T19:36:54.492+0000] {processor.py:208} INFO - Processing /home/airflow/.local/lib/python3.12/site-packages/airflow/example_dags/example_sensors.py took 0.074 seconds
[2025-04-04T19:40:04.370+0000] {processor.py:186} INFO - Started process (PID=93) to work on /home/airflow/.local/lib/python3.12/site-packages/airflow/example_dags/example_sensors.py
[2025-04-04T19:40:04.371+0000] {processor.py:914} INFO - Processing file /home/airflow/.local/lib/python3.12/site-packages/airflow/example_dags/example_sensors.py for tasks to queue
[2025-04-04T19:40:04.373+0000] {logging_mixin.py:190} INFO - [2025-04-04T19:40:04.373+0000] {dagbag.py:588} INFO - Filling up the DagBag from /home/airflow/.local/lib/python3.12/site-packages/airflow/example_dags/example_sensors.py
[2025-04-04T19:40:04.387+0000] {processor.py:925} INFO - DAG(s) 'example_sensors' retrieved from /home/airflow/.local/lib/python3.12/site-packages/airflow/example_dags/example_sensors.py
[2025-04-04T19:40:04.421+0000] {logging_mixin.py:190} INFO - [2025-04-04T19:40:04.421+0000] {dag.py:3239} INFO - Sync 1 DAGs
[2025-04-04T19:40:04.441+0000] {logging_mixin.py:190} INFO - [2025-04-04T19:40:04.440+0000] {dag.py:4180} INFO - Setting next_dagrun for example_sensors to None, run_after=None
[2025-04-04T19:40:04.463+0000] {processor.py:208} INFO - Processing /home/airflow/.local/lib/python3.12/site-packages/airflow/example_dags/example_sensors.py took 0.101 seconds
[2025-04-04T19:40:35.478+0000] {processor.py:186} INFO - Started process (PID=159) to work on /home/airflow/.local/lib/python3.12/site-packages/airflow/example_dags/example_sensors.py
[2025-04-04T19:40:35.479+0000] {processor.py:914} INFO - Processing file /home/airflow/.local/lib/python3.12/site-packages/airflow/example_dags/example_sensors.py for tasks to queue
[2025-04-04T19:40:35.481+0000] {logging_mixin.py:190} INFO - [2025-04-04T19:40:35.481+0000] {dagbag.py:588} INFO - Filling up the DagBag from /home/airflow/.local/lib/python3.12/site-packages/airflow/example_dags/example_sensors.py
[2025-04-04T19:40:35.492+0000] {processor.py:925} INFO - DAG(s) 'example_sensors' retrieved from /home/airflow/.local/lib/python3.12/site-packages/airflow/example_dags/example_sensors.py
[2025-04-04T19:40:35.521+0000] {logging_mixin.py:190} INFO - [2025-04-04T19:40:35.521+0000] {dag.py:3239} INFO - Sync 1 DAGs
[2025-04-04T19:40:35.536+0000] {logging_mixin.py:190} INFO - [2025-04-04T19:40:35.536+0000] {dag.py:4180} INFO - Setting next_dagrun for example_sensors to None, run_after=None
[2025-04-04T19:40:35.556+0000] {processor.py:208} INFO - Processing /home/airflow/.local/lib/python3.12/site-packages/airflow/example_dags/example_sensors.py took 0.084 seconds
[2025-04-04T19:41:06.603+0000] {processor.py:186} INFO - Started process (PID=224) to work on /home/airflow/.local/lib/python3.12/site-packages/airflow/example_dags/example_sensors.py
[2025-04-04T19:41:06.604+0000] {processor.py:914} INFO - Processing file /home/airflow/.local/lib/python3.12/site-packages/airflow/example_dags/example_sensors.py for tasks to queue
[2025-04-04T19:41:06.606+0000] {logging_mixin.py:190} INFO - [2025-04-04T19:41:06.606+0000] {dagbag.py:588} INFO - Filling up the DagBag from /home/airflow/.local/lib/python3.12/site-packages/airflow/example_dags/example_sensors.py
[2025-04-04T19:41:06.617+0000] {processor.py:925} INFO - DAG(s) 'example_sensors' retrieved from /home/airflow/.local/lib/python3.12/site-packages/airflow/example_dags/example_sensors.py
[2025-04-04T19:41:06.643+0000] {logging_mixin.py:190} INFO - [2025-04-04T19:41:06.643+0000] {dag.py:3239} INFO - Sync 1 DAGs
[2025-04-04T19:41:06.657+0000] {logging_mixin.py:190} INFO - [2025-04-04T19:41:06.657+0000] {dag.py:4180} INFO - Setting next_dagrun for example_sensors to None, run_after=None
[2025-04-04T19:41:06.674+0000] {processor.py:208} INFO - Processing /home/airflow/.local/lib/python3.12/site-packages/airflow/example_dags/example_sensors.py took 0.078 seconds
