[2025-04-04T19:07:22.375+0000] {processor.py:186} INFO - Started process (PID=2198) to work on /home/airflow/.local/lib/python3.12/site-packages/airflow/example_dags/example_display_name.py
[2025-04-04T19:07:22.376+0000] {processor.py:914} INFO - Processing file /home/airflow/.local/lib/python3.12/site-packages/airflow/example_dags/example_display_name.py for tasks to queue
[2025-04-04T19:07:22.378+0000] {logging_mixin.py:190} INFO - [2025-04-04T19:07:22.378+0000] {dagbag.py:588} INFO - Filling up the DagBag from /home/airflow/.local/lib/python3.12/site-packages/airflow/example_dags/example_display_name.py
[2025-04-04T19:07:22.386+0000] {processor.py:925} INFO - DAG(s) 'example_display_name' retrieved from /home/airflow/.local/lib/python3.12/site-packages/airflow/example_dags/example_display_name.py
[2025-04-04T19:07:22.403+0000] {logging_mixin.py:190} INFO - [2025-04-04T19:07:22.403+0000] {dag.py:3239} INFO - Sync 1 DAGs
[2025-04-04T19:07:22.416+0000] {logging_mixin.py:190} INFO - [2025-04-04T19:07:22.416+0000] {dag.py:4180} INFO - Setting next_dagrun for example_display_name to None, run_after=None
[2025-04-04T19:07:22.435+0000] {processor.py:208} INFO - Processing /home/airflow/.local/lib/python3.12/site-packages/airflow/example_dags/example_display_name.py took 0.066 seconds
[2025-04-04T19:07:54.060+0000] {processor.py:186} INFO - Started process (PID=2262) to work on /home/airflow/.local/lib/python3.12/site-packages/airflow/example_dags/example_display_name.py
[2025-04-04T19:07:54.061+0000] {processor.py:914} INFO - Processing file /home/airflow/.local/lib/python3.12/site-packages/airflow/example_dags/example_display_name.py for tasks to queue
[2025-04-04T19:07:54.064+0000] {logging_mixin.py:190} INFO - [2025-04-04T19:07:54.063+0000] {dagbag.py:588} INFO - Filling up the DagBag from /home/airflow/.local/lib/python3.12/site-packages/airflow/example_dags/example_display_name.py
[2025-04-04T19:07:54.071+0000] {processor.py:925} INFO - DAG(s) 'example_display_name' retrieved from /home/airflow/.local/lib/python3.12/site-packages/airflow/example_dags/example_display_name.py
[2025-04-04T19:07:54.091+0000] {logging_mixin.py:190} INFO - [2025-04-04T19:07:54.091+0000] {dag.py:3239} INFO - Sync 1 DAGs
[2025-04-04T19:07:54.109+0000] {logging_mixin.py:190} INFO - [2025-04-04T19:07:54.108+0000] {dag.py:4180} INFO - Setting next_dagrun for example_display_name to None, run_after=None
[2025-04-04T19:07:54.127+0000] {processor.py:208} INFO - Processing /home/airflow/.local/lib/python3.12/site-packages/airflow/example_dags/example_display_name.py took 0.072 seconds
[2025-04-04T19:08:25.168+0000] {processor.py:186} INFO - Started process (PID=2328) to work on /home/airflow/.local/lib/python3.12/site-packages/airflow/example_dags/example_display_name.py
[2025-04-04T19:08:25.170+0000] {processor.py:914} INFO - Processing file /home/airflow/.local/lib/python3.12/site-packages/airflow/example_dags/example_display_name.py for tasks to queue
[2025-04-04T19:08:25.173+0000] {logging_mixin.py:190} INFO - [2025-04-04T19:08:25.172+0000] {dagbag.py:588} INFO - Filling up the DagBag from /home/airflow/.local/lib/python3.12/site-packages/airflow/example_dags/example_display_name.py
[2025-04-04T19:08:25.179+0000] {processor.py:925} INFO - DAG(s) 'example_display_name' retrieved from /home/airflow/.local/lib/python3.12/site-packages/airflow/example_dags/example_display_name.py
[2025-04-04T19:08:25.199+0000] {logging_mixin.py:190} INFO - [2025-04-04T19:08:25.198+0000] {dag.py:3239} INFO - Sync 1 DAGs
[2025-04-04T19:08:25.213+0000] {logging_mixin.py:190} INFO - [2025-04-04T19:08:25.213+0000] {dag.py:4180} INFO - Setting next_dagrun for example_display_name to None, run_after=None
[2025-04-04T19:08:25.232+0000] {processor.py:208} INFO - Processing /home/airflow/.local/lib/python3.12/site-packages/airflow/example_dags/example_display_name.py took 0.069 seconds
[2025-04-04T19:08:56.651+0000] {processor.py:186} INFO - Started process (PID=2392) to work on /home/airflow/.local/lib/python3.12/site-packages/airflow/example_dags/example_display_name.py
[2025-04-04T19:08:56.652+0000] {processor.py:914} INFO - Processing file /home/airflow/.local/lib/python3.12/site-packages/airflow/example_dags/example_display_name.py for tasks to queue
[2025-04-04T19:08:56.654+0000] {logging_mixin.py:190} INFO - [2025-04-04T19:08:56.654+0000] {dagbag.py:588} INFO - Filling up the DagBag from /home/airflow/.local/lib/python3.12/site-packages/airflow/example_dags/example_display_name.py
[2025-04-04T19:08:56.661+0000] {processor.py:925} INFO - DAG(s) 'example_display_name' retrieved from /home/airflow/.local/lib/python3.12/site-packages/airflow/example_dags/example_display_name.py
[2025-04-04T19:08:56.679+0000] {logging_mixin.py:190} INFO - [2025-04-04T19:08:56.679+0000] {dag.py:3239} INFO - Sync 1 DAGs
[2025-04-04T19:08:56.693+0000] {logging_mixin.py:190} INFO - [2025-04-04T19:08:56.693+0000] {dag.py:4180} INFO - Setting next_dagrun for example_display_name to None, run_after=None
[2025-04-04T19:08:56.711+0000] {processor.py:208} INFO - Processing /home/airflow/.local/lib/python3.12/site-packages/airflow/example_dags/example_display_name.py took 0.065 seconds
[2025-04-04T19:09:27.036+0000] {processor.py:186} INFO - Started process (PID=2455) to work on /home/airflow/.local/lib/python3.12/site-packages/airflow/example_dags/example_display_name.py
[2025-04-04T19:09:27.037+0000] {processor.py:914} INFO - Processing file /home/airflow/.local/lib/python3.12/site-packages/airflow/example_dags/example_display_name.py for tasks to queue
[2025-04-04T19:09:27.039+0000] {logging_mixin.py:190} INFO - [2025-04-04T19:09:27.039+0000] {dagbag.py:588} INFO - Filling up the DagBag from /home/airflow/.local/lib/python3.12/site-packages/airflow/example_dags/example_display_name.py
[2025-04-04T19:09:27.045+0000] {processor.py:925} INFO - DAG(s) 'example_display_name' retrieved from /home/airflow/.local/lib/python3.12/site-packages/airflow/example_dags/example_display_name.py
[2025-04-04T19:09:27.067+0000] {logging_mixin.py:190} INFO - [2025-04-04T19:09:27.067+0000] {dag.py:3239} INFO - Sync 1 DAGs
[2025-04-04T19:09:27.083+0000] {logging_mixin.py:190} INFO - [2025-04-04T19:09:27.083+0000] {dag.py:4180} INFO - Setting next_dagrun for example_display_name to None, run_after=None
[2025-04-04T19:09:27.104+0000] {processor.py:208} INFO - Processing /home/airflow/.local/lib/python3.12/site-packages/airflow/example_dags/example_display_name.py took 0.073 seconds
[2025-04-04T19:09:58.384+0000] {processor.py:186} INFO - Started process (PID=2524) to work on /home/airflow/.local/lib/python3.12/site-packages/airflow/example_dags/example_display_name.py
[2025-04-04T19:09:58.385+0000] {processor.py:914} INFO - Processing file /home/airflow/.local/lib/python3.12/site-packages/airflow/example_dags/example_display_name.py for tasks to queue
[2025-04-04T19:09:58.387+0000] {logging_mixin.py:190} INFO - [2025-04-04T19:09:58.387+0000] {dagbag.py:588} INFO - Filling up the DagBag from /home/airflow/.local/lib/python3.12/site-packages/airflow/example_dags/example_display_name.py
[2025-04-04T19:09:58.395+0000] {processor.py:925} INFO - DAG(s) 'example_display_name' retrieved from /home/airflow/.local/lib/python3.12/site-packages/airflow/example_dags/example_display_name.py
[2025-04-04T19:09:58.414+0000] {logging_mixin.py:190} INFO - [2025-04-04T19:09:58.413+0000] {dag.py:3239} INFO - Sync 1 DAGs
[2025-04-04T19:09:58.429+0000] {logging_mixin.py:190} INFO - [2025-04-04T19:09:58.428+0000] {dag.py:4180} INFO - Setting next_dagrun for example_display_name to None, run_after=None
[2025-04-04T19:09:58.447+0000] {processor.py:208} INFO - Processing /home/airflow/.local/lib/python3.12/site-packages/airflow/example_dags/example_display_name.py took 0.068 seconds
[2025-04-04T19:10:29.765+0000] {processor.py:186} INFO - Started process (PID=2590) to work on /home/airflow/.local/lib/python3.12/site-packages/airflow/example_dags/example_display_name.py
[2025-04-04T19:10:29.766+0000] {processor.py:914} INFO - Processing file /home/airflow/.local/lib/python3.12/site-packages/airflow/example_dags/example_display_name.py for tasks to queue
[2025-04-04T19:10:29.769+0000] {logging_mixin.py:190} INFO - [2025-04-04T19:10:29.769+0000] {dagbag.py:588} INFO - Filling up the DagBag from /home/airflow/.local/lib/python3.12/site-packages/airflow/example_dags/example_display_name.py
[2025-04-04T19:10:29.777+0000] {processor.py:925} INFO - DAG(s) 'example_display_name' retrieved from /home/airflow/.local/lib/python3.12/site-packages/airflow/example_dags/example_display_name.py
[2025-04-04T19:10:29.800+0000] {logging_mixin.py:190} INFO - [2025-04-04T19:10:29.799+0000] {dag.py:3239} INFO - Sync 1 DAGs
[2025-04-04T19:10:29.816+0000] {logging_mixin.py:190} INFO - [2025-04-04T19:10:29.815+0000] {dag.py:4180} INFO - Setting next_dagrun for example_display_name to None, run_after=None
[2025-04-04T19:10:29.835+0000] {processor.py:208} INFO - Processing /home/airflow/.local/lib/python3.12/site-packages/airflow/example_dags/example_display_name.py took 0.075 seconds
[2025-04-04T19:11:00.890+0000] {processor.py:186} INFO - Started process (PID=2654) to work on /home/airflow/.local/lib/python3.12/site-packages/airflow/example_dags/example_display_name.py
[2025-04-04T19:11:00.891+0000] {processor.py:914} INFO - Processing file /home/airflow/.local/lib/python3.12/site-packages/airflow/example_dags/example_display_name.py for tasks to queue
[2025-04-04T19:11:00.893+0000] {logging_mixin.py:190} INFO - [2025-04-04T19:11:00.893+0000] {dagbag.py:588} INFO - Filling up the DagBag from /home/airflow/.local/lib/python3.12/site-packages/airflow/example_dags/example_display_name.py
[2025-04-04T19:11:00.899+0000] {processor.py:925} INFO - DAG(s) 'example_display_name' retrieved from /home/airflow/.local/lib/python3.12/site-packages/airflow/example_dags/example_display_name.py
[2025-04-04T19:11:00.917+0000] {logging_mixin.py:190} INFO - [2025-04-04T19:11:00.917+0000] {dag.py:3239} INFO - Sync 1 DAGs
[2025-04-04T19:11:00.930+0000] {logging_mixin.py:190} INFO - [2025-04-04T19:11:00.930+0000] {dag.py:4180} INFO - Setting next_dagrun for example_display_name to None, run_after=None
[2025-04-04T19:11:00.947+0000] {processor.py:208} INFO - Processing /home/airflow/.local/lib/python3.12/site-packages/airflow/example_dags/example_display_name.py took 0.062 seconds
[2025-04-04T19:11:32.027+0000] {processor.py:186} INFO - Started process (PID=2718) to work on /home/airflow/.local/lib/python3.12/site-packages/airflow/example_dags/example_display_name.py
[2025-04-04T19:11:32.028+0000] {processor.py:914} INFO - Processing file /home/airflow/.local/lib/python3.12/site-packages/airflow/example_dags/example_display_name.py for tasks to queue
[2025-04-04T19:11:32.030+0000] {logging_mixin.py:190} INFO - [2025-04-04T19:11:32.030+0000] {dagbag.py:588} INFO - Filling up the DagBag from /home/airflow/.local/lib/python3.12/site-packages/airflow/example_dags/example_display_name.py
[2025-04-04T19:11:32.037+0000] {processor.py:925} INFO - DAG(s) 'example_display_name' retrieved from /home/airflow/.local/lib/python3.12/site-packages/airflow/example_dags/example_display_name.py
[2025-04-04T19:11:32.054+0000] {logging_mixin.py:190} INFO - [2025-04-04T19:11:32.054+0000] {dag.py:3239} INFO - Sync 1 DAGs
[2025-04-04T19:11:32.069+0000] {logging_mixin.py:190} INFO - [2025-04-04T19:11:32.069+0000] {dag.py:4180} INFO - Setting next_dagrun for example_display_name to None, run_after=None
[2025-04-04T19:11:32.087+0000] {processor.py:208} INFO - Processing /home/airflow/.local/lib/python3.12/site-packages/airflow/example_dags/example_display_name.py took 0.065 seconds
[2025-04-04T19:12:03.236+0000] {processor.py:186} INFO - Started process (PID=2782) to work on /home/airflow/.local/lib/python3.12/site-packages/airflow/example_dags/example_display_name.py
[2025-04-04T19:12:03.237+0000] {processor.py:914} INFO - Processing file /home/airflow/.local/lib/python3.12/site-packages/airflow/example_dags/example_display_name.py for tasks to queue
[2025-04-04T19:12:03.240+0000] {logging_mixin.py:190} INFO - [2025-04-04T19:12:03.239+0000] {dagbag.py:588} INFO - Filling up the DagBag from /home/airflow/.local/lib/python3.12/site-packages/airflow/example_dags/example_display_name.py
[2025-04-04T19:12:03.247+0000] {processor.py:925} INFO - DAG(s) 'example_display_name' retrieved from /home/airflow/.local/lib/python3.12/site-packages/airflow/example_dags/example_display_name.py
[2025-04-04T19:12:03.267+0000] {logging_mixin.py:190} INFO - [2025-04-04T19:12:03.266+0000] {dag.py:3239} INFO - Sync 1 DAGs
[2025-04-04T19:12:03.284+0000] {logging_mixin.py:190} INFO - [2025-04-04T19:12:03.283+0000] {dag.py:4180} INFO - Setting next_dagrun for example_display_name to None, run_after=None
[2025-04-04T19:12:03.312+0000] {processor.py:208} INFO - Processing /home/airflow/.local/lib/python3.12/site-packages/airflow/example_dags/example_display_name.py took 0.081 seconds
[2025-04-04T19:12:34.335+0000] {processor.py:186} INFO - Started process (PID=2846) to work on /home/airflow/.local/lib/python3.12/site-packages/airflow/example_dags/example_display_name.py
[2025-04-04T19:12:34.336+0000] {processor.py:914} INFO - Processing file /home/airflow/.local/lib/python3.12/site-packages/airflow/example_dags/example_display_name.py for tasks to queue
[2025-04-04T19:12:34.338+0000] {logging_mixin.py:190} INFO - [2025-04-04T19:12:34.337+0000] {dagbag.py:588} INFO - Filling up the DagBag from /home/airflow/.local/lib/python3.12/site-packages/airflow/example_dags/example_display_name.py
[2025-04-04T19:12:34.344+0000] {processor.py:925} INFO - DAG(s) 'example_display_name' retrieved from /home/airflow/.local/lib/python3.12/site-packages/airflow/example_dags/example_display_name.py
[2025-04-04T19:12:34.361+0000] {logging_mixin.py:190} INFO - [2025-04-04T19:12:34.361+0000] {dag.py:3239} INFO - Sync 1 DAGs
[2025-04-04T19:12:34.374+0000] {logging_mixin.py:190} INFO - [2025-04-04T19:12:34.373+0000] {dag.py:4180} INFO - Setting next_dagrun for example_display_name to None, run_after=None
[2025-04-04T19:12:34.390+0000] {processor.py:208} INFO - Processing /home/airflow/.local/lib/python3.12/site-packages/airflow/example_dags/example_display_name.py took 0.060 seconds
[2025-04-04T19:13:05.680+0000] {processor.py:186} INFO - Started process (PID=2910) to work on /home/airflow/.local/lib/python3.12/site-packages/airflow/example_dags/example_display_name.py
[2025-04-04T19:13:05.681+0000] {processor.py:914} INFO - Processing file /home/airflow/.local/lib/python3.12/site-packages/airflow/example_dags/example_display_name.py for tasks to queue
[2025-04-04T19:13:05.683+0000] {logging_mixin.py:190} INFO - [2025-04-04T19:13:05.683+0000] {dagbag.py:588} INFO - Filling up the DagBag from /home/airflow/.local/lib/python3.12/site-packages/airflow/example_dags/example_display_name.py
[2025-04-04T19:13:05.690+0000] {processor.py:925} INFO - DAG(s) 'example_display_name' retrieved from /home/airflow/.local/lib/python3.12/site-packages/airflow/example_dags/example_display_name.py
[2025-04-04T19:13:05.707+0000] {logging_mixin.py:190} INFO - [2025-04-04T19:13:05.707+0000] {dag.py:3239} INFO - Sync 1 DAGs
[2025-04-04T19:13:05.721+0000] {logging_mixin.py:190} INFO - [2025-04-04T19:13:05.720+0000] {dag.py:4180} INFO - Setting next_dagrun for example_display_name to None, run_after=None
[2025-04-04T19:13:05.735+0000] {processor.py:208} INFO - Processing /home/airflow/.local/lib/python3.12/site-packages/airflow/example_dags/example_display_name.py took 0.060 seconds
[2025-04-04T19:13:36.669+0000] {processor.py:186} INFO - Started process (PID=2974) to work on /home/airflow/.local/lib/python3.12/site-packages/airflow/example_dags/example_display_name.py
[2025-04-04T19:13:36.671+0000] {processor.py:914} INFO - Processing file /home/airflow/.local/lib/python3.12/site-packages/airflow/example_dags/example_display_name.py for tasks to queue
[2025-04-04T19:13:36.673+0000] {logging_mixin.py:190} INFO - [2025-04-04T19:13:36.673+0000] {dagbag.py:588} INFO - Filling up the DagBag from /home/airflow/.local/lib/python3.12/site-packages/airflow/example_dags/example_display_name.py
[2025-04-04T19:13:36.680+0000] {processor.py:925} INFO - DAG(s) 'example_display_name' retrieved from /home/airflow/.local/lib/python3.12/site-packages/airflow/example_dags/example_display_name.py
[2025-04-04T19:13:36.700+0000] {logging_mixin.py:190} INFO - [2025-04-04T19:13:36.700+0000] {dag.py:3239} INFO - Sync 1 DAGs
[2025-04-04T19:13:36.714+0000] {logging_mixin.py:190} INFO - [2025-04-04T19:13:36.714+0000] {dag.py:4180} INFO - Setting next_dagrun for example_display_name to None, run_after=None
[2025-04-04T19:13:36.732+0000] {processor.py:208} INFO - Processing /home/airflow/.local/lib/python3.12/site-packages/airflow/example_dags/example_display_name.py took 0.069 seconds
[2025-04-04T19:14:08.442+0000] {processor.py:186} INFO - Started process (PID=3039) to work on /home/airflow/.local/lib/python3.12/site-packages/airflow/example_dags/example_display_name.py
[2025-04-04T19:14:08.443+0000] {processor.py:914} INFO - Processing file /home/airflow/.local/lib/python3.12/site-packages/airflow/example_dags/example_display_name.py for tasks to queue
[2025-04-04T19:14:08.446+0000] {logging_mixin.py:190} INFO - [2025-04-04T19:14:08.445+0000] {dagbag.py:588} INFO - Filling up the DagBag from /home/airflow/.local/lib/python3.12/site-packages/airflow/example_dags/example_display_name.py
[2025-04-04T19:14:08.453+0000] {processor.py:925} INFO - DAG(s) 'example_display_name' retrieved from /home/airflow/.local/lib/python3.12/site-packages/airflow/example_dags/example_display_name.py
[2025-04-04T19:14:08.473+0000] {logging_mixin.py:190} INFO - [2025-04-04T19:14:08.473+0000] {dag.py:3239} INFO - Sync 1 DAGs
[2025-04-04T19:14:08.487+0000] {logging_mixin.py:190} INFO - [2025-04-04T19:14:08.487+0000] {dag.py:4180} INFO - Setting next_dagrun for example_display_name to None, run_after=None
[2025-04-04T19:14:08.505+0000] {processor.py:208} INFO - Processing /home/airflow/.local/lib/python3.12/site-packages/airflow/example_dags/example_display_name.py took 0.070 seconds
[2025-04-04T19:14:39.432+0000] {processor.py:186} INFO - Started process (PID=3103) to work on /home/airflow/.local/lib/python3.12/site-packages/airflow/example_dags/example_display_name.py
[2025-04-04T19:14:39.434+0000] {processor.py:914} INFO - Processing file /home/airflow/.local/lib/python3.12/site-packages/airflow/example_dags/example_display_name.py for tasks to queue
[2025-04-04T19:14:39.437+0000] {logging_mixin.py:190} INFO - [2025-04-04T19:14:39.436+0000] {dagbag.py:588} INFO - Filling up the DagBag from /home/airflow/.local/lib/python3.12/site-packages/airflow/example_dags/example_display_name.py
[2025-04-04T19:14:39.447+0000] {processor.py:925} INFO - DAG(s) 'example_display_name' retrieved from /home/airflow/.local/lib/python3.12/site-packages/airflow/example_dags/example_display_name.py
[2025-04-04T19:14:39.470+0000] {logging_mixin.py:190} INFO - [2025-04-04T19:14:39.469+0000] {dag.py:3239} INFO - Sync 1 DAGs
[2025-04-04T19:14:39.488+0000] {logging_mixin.py:190} INFO - [2025-04-04T19:14:39.488+0000] {dag.py:4180} INFO - Setting next_dagrun for example_display_name to None, run_after=None
[2025-04-04T19:14:39.509+0000] {processor.py:208} INFO - Processing /home/airflow/.local/lib/python3.12/site-packages/airflow/example_dags/example_display_name.py took 0.083 seconds
[2025-04-04T19:15:10.467+0000] {processor.py:186} INFO - Started process (PID=3166) to work on /home/airflow/.local/lib/python3.12/site-packages/airflow/example_dags/example_display_name.py
[2025-04-04T19:15:10.468+0000] {processor.py:914} INFO - Processing file /home/airflow/.local/lib/python3.12/site-packages/airflow/example_dags/example_display_name.py for tasks to queue
[2025-04-04T19:15:10.470+0000] {logging_mixin.py:190} INFO - [2025-04-04T19:15:10.470+0000] {dagbag.py:588} INFO - Filling up the DagBag from /home/airflow/.local/lib/python3.12/site-packages/airflow/example_dags/example_display_name.py
[2025-04-04T19:15:10.478+0000] {processor.py:925} INFO - DAG(s) 'example_display_name' retrieved from /home/airflow/.local/lib/python3.12/site-packages/airflow/example_dags/example_display_name.py
[2025-04-04T19:15:10.497+0000] {logging_mixin.py:190} INFO - [2025-04-04T19:15:10.496+0000] {dag.py:3239} INFO - Sync 1 DAGs
[2025-04-04T19:15:10.510+0000] {logging_mixin.py:190} INFO - [2025-04-04T19:15:10.510+0000] {dag.py:4180} INFO - Setting next_dagrun for example_display_name to None, run_after=None
[2025-04-04T19:15:10.527+0000] {processor.py:208} INFO - Processing /home/airflow/.local/lib/python3.12/site-packages/airflow/example_dags/example_display_name.py took 0.066 seconds
[2025-04-04T19:15:41.522+0000] {processor.py:186} INFO - Started process (PID=3231) to work on /home/airflow/.local/lib/python3.12/site-packages/airflow/example_dags/example_display_name.py
[2025-04-04T19:15:41.523+0000] {processor.py:914} INFO - Processing file /home/airflow/.local/lib/python3.12/site-packages/airflow/example_dags/example_display_name.py for tasks to queue
[2025-04-04T19:15:41.525+0000] {logging_mixin.py:190} INFO - [2025-04-04T19:15:41.525+0000] {dagbag.py:588} INFO - Filling up the DagBag from /home/airflow/.local/lib/python3.12/site-packages/airflow/example_dags/example_display_name.py
[2025-04-04T19:15:41.532+0000] {processor.py:925} INFO - DAG(s) 'example_display_name' retrieved from /home/airflow/.local/lib/python3.12/site-packages/airflow/example_dags/example_display_name.py
[2025-04-04T19:15:41.553+0000] {logging_mixin.py:190} INFO - [2025-04-04T19:15:41.553+0000] {dag.py:3239} INFO - Sync 1 DAGs
[2025-04-04T19:15:41.568+0000] {logging_mixin.py:190} INFO - [2025-04-04T19:15:41.567+0000] {dag.py:4180} INFO - Setting next_dagrun for example_display_name to None, run_after=None
[2025-04-04T19:15:41.587+0000] {processor.py:208} INFO - Processing /home/airflow/.local/lib/python3.12/site-packages/airflow/example_dags/example_display_name.py took 0.073 seconds
[2025-04-04T19:16:12.890+0000] {processor.py:186} INFO - Started process (PID=3295) to work on /home/airflow/.local/lib/python3.12/site-packages/airflow/example_dags/example_display_name.py
[2025-04-04T19:16:12.891+0000] {processor.py:914} INFO - Processing file /home/airflow/.local/lib/python3.12/site-packages/airflow/example_dags/example_display_name.py for tasks to queue
[2025-04-04T19:16:12.893+0000] {logging_mixin.py:190} INFO - [2025-04-04T19:16:12.893+0000] {dagbag.py:588} INFO - Filling up the DagBag from /home/airflow/.local/lib/python3.12/site-packages/airflow/example_dags/example_display_name.py
[2025-04-04T19:16:12.901+0000] {processor.py:925} INFO - DAG(s) 'example_display_name' retrieved from /home/airflow/.local/lib/python3.12/site-packages/airflow/example_dags/example_display_name.py
[2025-04-04T19:16:12.919+0000] {logging_mixin.py:190} INFO - [2025-04-04T19:16:12.918+0000] {dag.py:3239} INFO - Sync 1 DAGs
[2025-04-04T19:16:12.932+0000] {logging_mixin.py:190} INFO - [2025-04-04T19:16:12.932+0000] {dag.py:4180} INFO - Setting next_dagrun for example_display_name to None, run_after=None
[2025-04-04T19:16:12.948+0000] {processor.py:208} INFO - Processing /home/airflow/.local/lib/python3.12/site-packages/airflow/example_dags/example_display_name.py took 0.064 seconds
[2025-04-04T19:16:44.048+0000] {processor.py:186} INFO - Started process (PID=3366) to work on /home/airflow/.local/lib/python3.12/site-packages/airflow/example_dags/example_display_name.py
[2025-04-04T19:16:44.049+0000] {processor.py:914} INFO - Processing file /home/airflow/.local/lib/python3.12/site-packages/airflow/example_dags/example_display_name.py for tasks to queue
[2025-04-04T19:16:44.052+0000] {logging_mixin.py:190} INFO - [2025-04-04T19:16:44.051+0000] {dagbag.py:588} INFO - Filling up the DagBag from /home/airflow/.local/lib/python3.12/site-packages/airflow/example_dags/example_display_name.py
[2025-04-04T19:16:44.059+0000] {processor.py:925} INFO - DAG(s) 'example_display_name' retrieved from /home/airflow/.local/lib/python3.12/site-packages/airflow/example_dags/example_display_name.py
[2025-04-04T19:16:44.077+0000] {logging_mixin.py:190} INFO - [2025-04-04T19:16:44.077+0000] {dag.py:3239} INFO - Sync 1 DAGs
[2025-04-04T19:16:44.091+0000] {logging_mixin.py:190} INFO - [2025-04-04T19:16:44.091+0000] {dag.py:4180} INFO - Setting next_dagrun for example_display_name to None, run_after=None
[2025-04-04T19:16:44.110+0000] {processor.py:208} INFO - Processing /home/airflow/.local/lib/python3.12/site-packages/airflow/example_dags/example_display_name.py took 0.067 seconds
[2025-04-04T19:17:15.542+0000] {processor.py:186} INFO - Started process (PID=3431) to work on /home/airflow/.local/lib/python3.12/site-packages/airflow/example_dags/example_display_name.py
[2025-04-04T19:17:15.543+0000] {processor.py:914} INFO - Processing file /home/airflow/.local/lib/python3.12/site-packages/airflow/example_dags/example_display_name.py for tasks to queue
[2025-04-04T19:17:15.546+0000] {logging_mixin.py:190} INFO - [2025-04-04T19:17:15.546+0000] {dagbag.py:588} INFO - Filling up the DagBag from /home/airflow/.local/lib/python3.12/site-packages/airflow/example_dags/example_display_name.py
[2025-04-04T19:17:15.554+0000] {processor.py:925} INFO - DAG(s) 'example_display_name' retrieved from /home/airflow/.local/lib/python3.12/site-packages/airflow/example_dags/example_display_name.py
[2025-04-04T19:17:15.574+0000] {logging_mixin.py:190} INFO - [2025-04-04T19:17:15.573+0000] {dag.py:3239} INFO - Sync 1 DAGs
[2025-04-04T19:17:15.589+0000] {logging_mixin.py:190} INFO - [2025-04-04T19:17:15.589+0000] {dag.py:4180} INFO - Setting next_dagrun for example_display_name to None, run_after=None
[2025-04-04T19:17:15.608+0000] {processor.py:208} INFO - Processing /home/airflow/.local/lib/python3.12/site-packages/airflow/example_dags/example_display_name.py took 0.072 seconds
[2025-04-04T19:17:46.481+0000] {processor.py:186} INFO - Started process (PID=3495) to work on /home/airflow/.local/lib/python3.12/site-packages/airflow/example_dags/example_display_name.py
[2025-04-04T19:17:46.482+0000] {processor.py:914} INFO - Processing file /home/airflow/.local/lib/python3.12/site-packages/airflow/example_dags/example_display_name.py for tasks to queue
[2025-04-04T19:17:46.485+0000] {logging_mixin.py:190} INFO - [2025-04-04T19:17:46.484+0000] {dagbag.py:588} INFO - Filling up the DagBag from /home/airflow/.local/lib/python3.12/site-packages/airflow/example_dags/example_display_name.py
[2025-04-04T19:17:46.494+0000] {processor.py:925} INFO - DAG(s) 'example_display_name' retrieved from /home/airflow/.local/lib/python3.12/site-packages/airflow/example_dags/example_display_name.py
[2025-04-04T19:17:46.515+0000] {logging_mixin.py:190} INFO - [2025-04-04T19:17:46.514+0000] {dag.py:3239} INFO - Sync 1 DAGs
[2025-04-04T19:17:46.530+0000] {logging_mixin.py:190} INFO - [2025-04-04T19:17:46.529+0000] {dag.py:4180} INFO - Setting next_dagrun for example_display_name to None, run_after=None
[2025-04-04T19:17:46.548+0000] {processor.py:208} INFO - Processing /home/airflow/.local/lib/python3.12/site-packages/airflow/example_dags/example_display_name.py took 0.073 seconds
[2025-04-04T19:18:17.888+0000] {processor.py:186} INFO - Started process (PID=3559) to work on /home/airflow/.local/lib/python3.12/site-packages/airflow/example_dags/example_display_name.py
[2025-04-04T19:18:17.889+0000] {processor.py:914} INFO - Processing file /home/airflow/.local/lib/python3.12/site-packages/airflow/example_dags/example_display_name.py for tasks to queue
[2025-04-04T19:18:17.892+0000] {logging_mixin.py:190} INFO - [2025-04-04T19:18:17.891+0000] {dagbag.py:588} INFO - Filling up the DagBag from /home/airflow/.local/lib/python3.12/site-packages/airflow/example_dags/example_display_name.py
[2025-04-04T19:18:17.898+0000] {processor.py:925} INFO - DAG(s) 'example_display_name' retrieved from /home/airflow/.local/lib/python3.12/site-packages/airflow/example_dags/example_display_name.py
[2025-04-04T19:18:17.916+0000] {logging_mixin.py:190} INFO - [2025-04-04T19:18:17.916+0000] {dag.py:3239} INFO - Sync 1 DAGs
[2025-04-04T19:18:17.932+0000] {logging_mixin.py:190} INFO - [2025-04-04T19:18:17.932+0000] {dag.py:4180} INFO - Setting next_dagrun for example_display_name to None, run_after=None
[2025-04-04T19:18:17.948+0000] {processor.py:208} INFO - Processing /home/airflow/.local/lib/python3.12/site-packages/airflow/example_dags/example_display_name.py took 0.066 seconds
[2025-04-04T19:18:48.621+0000] {processor.py:186} INFO - Started process (PID=3623) to work on /home/airflow/.local/lib/python3.12/site-packages/airflow/example_dags/example_display_name.py
[2025-04-04T19:18:48.622+0000] {processor.py:914} INFO - Processing file /home/airflow/.local/lib/python3.12/site-packages/airflow/example_dags/example_display_name.py for tasks to queue
[2025-04-04T19:18:48.625+0000] {logging_mixin.py:190} INFO - [2025-04-04T19:18:48.624+0000] {dagbag.py:588} INFO - Filling up the DagBag from /home/airflow/.local/lib/python3.12/site-packages/airflow/example_dags/example_display_name.py
[2025-04-04T19:18:48.632+0000] {processor.py:925} INFO - DAG(s) 'example_display_name' retrieved from /home/airflow/.local/lib/python3.12/site-packages/airflow/example_dags/example_display_name.py
[2025-04-04T19:18:48.651+0000] {logging_mixin.py:190} INFO - [2025-04-04T19:18:48.650+0000] {dag.py:3239} INFO - Sync 1 DAGs
[2025-04-04T19:18:48.665+0000] {logging_mixin.py:190} INFO - [2025-04-04T19:18:48.665+0000] {dag.py:4180} INFO - Setting next_dagrun for example_display_name to None, run_after=None
[2025-04-04T19:18:48.680+0000] {processor.py:208} INFO - Processing /home/airflow/.local/lib/python3.12/site-packages/airflow/example_dags/example_display_name.py took 0.065 seconds
[2025-04-04T19:19:19.836+0000] {processor.py:186} INFO - Started process (PID=3687) to work on /home/airflow/.local/lib/python3.12/site-packages/airflow/example_dags/example_display_name.py
[2025-04-04T19:19:19.837+0000] {processor.py:914} INFO - Processing file /home/airflow/.local/lib/python3.12/site-packages/airflow/example_dags/example_display_name.py for tasks to queue
[2025-04-04T19:19:19.840+0000] {logging_mixin.py:190} INFO - [2025-04-04T19:19:19.839+0000] {dagbag.py:588} INFO - Filling up the DagBag from /home/airflow/.local/lib/python3.12/site-packages/airflow/example_dags/example_display_name.py
[2025-04-04T19:19:19.847+0000] {processor.py:925} INFO - DAG(s) 'example_display_name' retrieved from /home/airflow/.local/lib/python3.12/site-packages/airflow/example_dags/example_display_name.py
[2025-04-04T19:19:19.867+0000] {logging_mixin.py:190} INFO - [2025-04-04T19:19:19.866+0000] {dag.py:3239} INFO - Sync 1 DAGs
[2025-04-04T19:19:19.882+0000] {logging_mixin.py:190} INFO - [2025-04-04T19:19:19.881+0000] {dag.py:4180} INFO - Setting next_dagrun for example_display_name to None, run_after=None
[2025-04-04T19:19:19.901+0000] {processor.py:208} INFO - Processing /home/airflow/.local/lib/python3.12/site-packages/airflow/example_dags/example_display_name.py took 0.070 seconds
[2025-04-04T19:19:50.543+0000] {processor.py:186} INFO - Started process (PID=3751) to work on /home/airflow/.local/lib/python3.12/site-packages/airflow/example_dags/example_display_name.py
[2025-04-04T19:19:50.543+0000] {processor.py:914} INFO - Processing file /home/airflow/.local/lib/python3.12/site-packages/airflow/example_dags/example_display_name.py for tasks to queue
[2025-04-04T19:19:50.545+0000] {logging_mixin.py:190} INFO - [2025-04-04T19:19:50.545+0000] {dagbag.py:588} INFO - Filling up the DagBag from /home/airflow/.local/lib/python3.12/site-packages/airflow/example_dags/example_display_name.py
[2025-04-04T19:19:50.552+0000] {processor.py:925} INFO - DAG(s) 'example_display_name' retrieved from /home/airflow/.local/lib/python3.12/site-packages/airflow/example_dags/example_display_name.py
[2025-04-04T19:19:50.571+0000] {logging_mixin.py:190} INFO - [2025-04-04T19:19:50.571+0000] {dag.py:3239} INFO - Sync 1 DAGs
[2025-04-04T19:19:50.585+0000] {logging_mixin.py:190} INFO - [2025-04-04T19:19:50.585+0000] {dag.py:4180} INFO - Setting next_dagrun for example_display_name to None, run_after=None
[2025-04-04T19:19:50.602+0000] {processor.py:208} INFO - Processing /home/airflow/.local/lib/python3.12/site-packages/airflow/example_dags/example_display_name.py took 0.065 seconds
[2025-04-04T19:20:21.302+0000] {processor.py:186} INFO - Started process (PID=3815) to work on /home/airflow/.local/lib/python3.12/site-packages/airflow/example_dags/example_display_name.py
[2025-04-04T19:20:21.302+0000] {processor.py:914} INFO - Processing file /home/airflow/.local/lib/python3.12/site-packages/airflow/example_dags/example_display_name.py for tasks to queue
[2025-04-04T19:20:21.304+0000] {logging_mixin.py:190} INFO - [2025-04-04T19:20:21.304+0000] {dagbag.py:588} INFO - Filling up the DagBag from /home/airflow/.local/lib/python3.12/site-packages/airflow/example_dags/example_display_name.py
[2025-04-04T19:20:21.311+0000] {processor.py:925} INFO - DAG(s) 'example_display_name' retrieved from /home/airflow/.local/lib/python3.12/site-packages/airflow/example_dags/example_display_name.py
[2025-04-04T19:20:21.329+0000] {logging_mixin.py:190} INFO - [2025-04-04T19:20:21.328+0000] {dag.py:3239} INFO - Sync 1 DAGs
[2025-04-04T19:20:21.341+0000] {logging_mixin.py:190} INFO - [2025-04-04T19:20:21.341+0000] {dag.py:4180} INFO - Setting next_dagrun for example_display_name to None, run_after=None
[2025-04-04T19:20:21.356+0000] {processor.py:208} INFO - Processing /home/airflow/.local/lib/python3.12/site-packages/airflow/example_dags/example_display_name.py took 0.059 seconds
[2025-04-04T19:20:52.300+0000] {processor.py:186} INFO - Started process (PID=3879) to work on /home/airflow/.local/lib/python3.12/site-packages/airflow/example_dags/example_display_name.py
[2025-04-04T19:20:52.301+0000] {processor.py:914} INFO - Processing file /home/airflow/.local/lib/python3.12/site-packages/airflow/example_dags/example_display_name.py for tasks to queue
[2025-04-04T19:20:52.303+0000] {logging_mixin.py:190} INFO - [2025-04-04T19:20:52.303+0000] {dagbag.py:588} INFO - Filling up the DagBag from /home/airflow/.local/lib/python3.12/site-packages/airflow/example_dags/example_display_name.py
[2025-04-04T19:20:52.309+0000] {processor.py:925} INFO - DAG(s) 'example_display_name' retrieved from /home/airflow/.local/lib/python3.12/site-packages/airflow/example_dags/example_display_name.py
[2025-04-04T19:20:52.325+0000] {logging_mixin.py:190} INFO - [2025-04-04T19:20:52.325+0000] {dag.py:3239} INFO - Sync 1 DAGs
[2025-04-04T19:20:52.339+0000] {logging_mixin.py:190} INFO - [2025-04-04T19:20:52.338+0000] {dag.py:4180} INFO - Setting next_dagrun for example_display_name to None, run_after=None
[2025-04-04T19:20:52.354+0000] {processor.py:208} INFO - Processing /home/airflow/.local/lib/python3.12/site-packages/airflow/example_dags/example_display_name.py took 0.059 seconds
[2025-04-04T19:21:23.520+0000] {processor.py:186} INFO - Started process (PID=3943) to work on /home/airflow/.local/lib/python3.12/site-packages/airflow/example_dags/example_display_name.py
[2025-04-04T19:21:23.521+0000] {processor.py:914} INFO - Processing file /home/airflow/.local/lib/python3.12/site-packages/airflow/example_dags/example_display_name.py for tasks to queue
[2025-04-04T19:21:23.524+0000] {logging_mixin.py:190} INFO - [2025-04-04T19:21:23.523+0000] {dagbag.py:588} INFO - Filling up the DagBag from /home/airflow/.local/lib/python3.12/site-packages/airflow/example_dags/example_display_name.py
[2025-04-04T19:21:23.531+0000] {processor.py:925} INFO - DAG(s) 'example_display_name' retrieved from /home/airflow/.local/lib/python3.12/site-packages/airflow/example_dags/example_display_name.py
[2025-04-04T19:21:23.550+0000] {logging_mixin.py:190} INFO - [2025-04-04T19:21:23.550+0000] {dag.py:3239} INFO - Sync 1 DAGs
[2025-04-04T19:21:23.565+0000] {logging_mixin.py:190} INFO - [2025-04-04T19:21:23.564+0000] {dag.py:4180} INFO - Setting next_dagrun for example_display_name to None, run_after=None
[2025-04-04T19:21:23.582+0000] {processor.py:208} INFO - Processing /home/airflow/.local/lib/python3.12/site-packages/airflow/example_dags/example_display_name.py took 0.068 seconds
[2025-04-04T19:21:53.949+0000] {processor.py:186} INFO - Started process (PID=4007) to work on /home/airflow/.local/lib/python3.12/site-packages/airflow/example_dags/example_display_name.py
[2025-04-04T19:21:53.950+0000] {processor.py:914} INFO - Processing file /home/airflow/.local/lib/python3.12/site-packages/airflow/example_dags/example_display_name.py for tasks to queue
[2025-04-04T19:21:53.952+0000] {logging_mixin.py:190} INFO - [2025-04-04T19:21:53.951+0000] {dagbag.py:588} INFO - Filling up the DagBag from /home/airflow/.local/lib/python3.12/site-packages/airflow/example_dags/example_display_name.py
[2025-04-04T19:21:53.960+0000] {processor.py:925} INFO - DAG(s) 'example_display_name' retrieved from /home/airflow/.local/lib/python3.12/site-packages/airflow/example_dags/example_display_name.py
[2025-04-04T19:21:53.981+0000] {logging_mixin.py:190} INFO - [2025-04-04T19:21:53.980+0000] {dag.py:3239} INFO - Sync 1 DAGs
[2025-04-04T19:21:53.998+0000] {logging_mixin.py:190} INFO - [2025-04-04T19:21:53.998+0000] {dag.py:4180} INFO - Setting next_dagrun for example_display_name to None, run_after=None
[2025-04-04T19:21:54.017+0000] {processor.py:208} INFO - Processing /home/airflow/.local/lib/python3.12/site-packages/airflow/example_dags/example_display_name.py took 0.073 seconds
[2025-04-04T19:22:24.378+0000] {processor.py:186} INFO - Started process (PID=4070) to work on /home/airflow/.local/lib/python3.12/site-packages/airflow/example_dags/example_display_name.py
[2025-04-04T19:22:24.379+0000] {processor.py:914} INFO - Processing file /home/airflow/.local/lib/python3.12/site-packages/airflow/example_dags/example_display_name.py for tasks to queue
[2025-04-04T19:22:24.381+0000] {logging_mixin.py:190} INFO - [2025-04-04T19:22:24.381+0000] {dagbag.py:588} INFO - Filling up the DagBag from /home/airflow/.local/lib/python3.12/site-packages/airflow/example_dags/example_display_name.py
[2025-04-04T19:22:24.388+0000] {processor.py:925} INFO - DAG(s) 'example_display_name' retrieved from /home/airflow/.local/lib/python3.12/site-packages/airflow/example_dags/example_display_name.py
[2025-04-04T19:22:24.407+0000] {logging_mixin.py:190} INFO - [2025-04-04T19:22:24.407+0000] {dag.py:3239} INFO - Sync 1 DAGs
[2025-04-04T19:22:24.423+0000] {logging_mixin.py:190} INFO - [2025-04-04T19:22:24.423+0000] {dag.py:4180} INFO - Setting next_dagrun for example_display_name to None, run_after=None
[2025-04-04T19:22:24.441+0000] {processor.py:208} INFO - Processing /home/airflow/.local/lib/python3.12/site-packages/airflow/example_dags/example_display_name.py took 0.068 seconds
[2025-04-04T19:22:55.552+0000] {processor.py:186} INFO - Started process (PID=4134) to work on /home/airflow/.local/lib/python3.12/site-packages/airflow/example_dags/example_display_name.py
[2025-04-04T19:22:55.554+0000] {processor.py:914} INFO - Processing file /home/airflow/.local/lib/python3.12/site-packages/airflow/example_dags/example_display_name.py for tasks to queue
[2025-04-04T19:22:55.557+0000] {logging_mixin.py:190} INFO - [2025-04-04T19:22:55.556+0000] {dagbag.py:588} INFO - Filling up the DagBag from /home/airflow/.local/lib/python3.12/site-packages/airflow/example_dags/example_display_name.py
[2025-04-04T19:22:55.571+0000] {processor.py:925} INFO - DAG(s) 'example_display_name' retrieved from /home/airflow/.local/lib/python3.12/site-packages/airflow/example_dags/example_display_name.py
[2025-04-04T19:22:55.593+0000] {logging_mixin.py:190} INFO - [2025-04-04T19:22:55.593+0000] {dag.py:3239} INFO - Sync 1 DAGs
[2025-04-04T19:22:55.612+0000] {logging_mixin.py:190} INFO - [2025-04-04T19:22:55.612+0000] {dag.py:4180} INFO - Setting next_dagrun for example_display_name to None, run_after=None
[2025-04-04T19:22:55.631+0000] {processor.py:208} INFO - Processing /home/airflow/.local/lib/python3.12/site-packages/airflow/example_dags/example_display_name.py took 0.084 seconds
[2025-04-04T19:23:26.180+0000] {processor.py:186} INFO - Started process (PID=4198) to work on /home/airflow/.local/lib/python3.12/site-packages/airflow/example_dags/example_display_name.py
[2025-04-04T19:23:26.181+0000] {processor.py:914} INFO - Processing file /home/airflow/.local/lib/python3.12/site-packages/airflow/example_dags/example_display_name.py for tasks to queue
[2025-04-04T19:23:26.183+0000] {logging_mixin.py:190} INFO - [2025-04-04T19:23:26.183+0000] {dagbag.py:588} INFO - Filling up the DagBag from /home/airflow/.local/lib/python3.12/site-packages/airflow/example_dags/example_display_name.py
[2025-04-04T19:23:26.192+0000] {processor.py:925} INFO - DAG(s) 'example_display_name' retrieved from /home/airflow/.local/lib/python3.12/site-packages/airflow/example_dags/example_display_name.py
[2025-04-04T19:23:26.211+0000] {logging_mixin.py:190} INFO - [2025-04-04T19:23:26.211+0000] {dag.py:3239} INFO - Sync 1 DAGs
[2025-04-04T19:23:26.233+0000] {logging_mixin.py:190} INFO - [2025-04-04T19:23:26.233+0000] {dag.py:4180} INFO - Setting next_dagrun for example_display_name to None, run_after=None
[2025-04-04T19:23:26.253+0000] {processor.py:208} INFO - Processing /home/airflow/.local/lib/python3.12/site-packages/airflow/example_dags/example_display_name.py took 0.080 seconds
[2025-04-04T19:23:56.720+0000] {processor.py:186} INFO - Started process (PID=4262) to work on /home/airflow/.local/lib/python3.12/site-packages/airflow/example_dags/example_display_name.py
[2025-04-04T19:23:56.721+0000] {processor.py:914} INFO - Processing file /home/airflow/.local/lib/python3.12/site-packages/airflow/example_dags/example_display_name.py for tasks to queue
[2025-04-04T19:23:56.724+0000] {logging_mixin.py:190} INFO - [2025-04-04T19:23:56.723+0000] {dagbag.py:588} INFO - Filling up the DagBag from /home/airflow/.local/lib/python3.12/site-packages/airflow/example_dags/example_display_name.py
[2025-04-04T19:23:56.731+0000] {processor.py:925} INFO - DAG(s) 'example_display_name' retrieved from /home/airflow/.local/lib/python3.12/site-packages/airflow/example_dags/example_display_name.py
[2025-04-04T19:23:56.750+0000] {logging_mixin.py:190} INFO - [2025-04-04T19:23:56.750+0000] {dag.py:3239} INFO - Sync 1 DAGs
[2025-04-04T19:23:56.767+0000] {logging_mixin.py:190} INFO - [2025-04-04T19:23:56.767+0000] {dag.py:4180} INFO - Setting next_dagrun for example_display_name to None, run_after=None
[2025-04-04T19:23:56.786+0000] {processor.py:208} INFO - Processing /home/airflow/.local/lib/python3.12/site-packages/airflow/example_dags/example_display_name.py took 0.072 seconds
[2025-04-04T19:24:27.648+0000] {processor.py:186} INFO - Started process (PID=4326) to work on /home/airflow/.local/lib/python3.12/site-packages/airflow/example_dags/example_display_name.py
[2025-04-04T19:24:27.649+0000] {processor.py:914} INFO - Processing file /home/airflow/.local/lib/python3.12/site-packages/airflow/example_dags/example_display_name.py for tasks to queue
[2025-04-04T19:24:27.652+0000] {logging_mixin.py:190} INFO - [2025-04-04T19:24:27.651+0000] {dagbag.py:588} INFO - Filling up the DagBag from /home/airflow/.local/lib/python3.12/site-packages/airflow/example_dags/example_display_name.py
[2025-04-04T19:24:27.659+0000] {processor.py:925} INFO - DAG(s) 'example_display_name' retrieved from /home/airflow/.local/lib/python3.12/site-packages/airflow/example_dags/example_display_name.py
[2025-04-04T19:24:27.683+0000] {logging_mixin.py:190} INFO - [2025-04-04T19:24:27.682+0000] {dag.py:3239} INFO - Sync 1 DAGs
[2025-04-04T19:24:27.702+0000] {logging_mixin.py:190} INFO - [2025-04-04T19:24:27.701+0000] {dag.py:4180} INFO - Setting next_dagrun for example_display_name to None, run_after=None
[2025-04-04T19:24:27.725+0000] {processor.py:208} INFO - Processing /home/airflow/.local/lib/python3.12/site-packages/airflow/example_dags/example_display_name.py took 0.083 seconds
[2025-04-04T19:24:59.027+0000] {processor.py:186} INFO - Started process (PID=4390) to work on /home/airflow/.local/lib/python3.12/site-packages/airflow/example_dags/example_display_name.py
[2025-04-04T19:24:59.027+0000] {processor.py:914} INFO - Processing file /home/airflow/.local/lib/python3.12/site-packages/airflow/example_dags/example_display_name.py for tasks to queue
[2025-04-04T19:24:59.029+0000] {logging_mixin.py:190} INFO - [2025-04-04T19:24:59.029+0000] {dagbag.py:588} INFO - Filling up the DagBag from /home/airflow/.local/lib/python3.12/site-packages/airflow/example_dags/example_display_name.py
[2025-04-04T19:24:59.036+0000] {processor.py:925} INFO - DAG(s) 'example_display_name' retrieved from /home/airflow/.local/lib/python3.12/site-packages/airflow/example_dags/example_display_name.py
[2025-04-04T19:24:59.055+0000] {logging_mixin.py:190} INFO - [2025-04-04T19:24:59.055+0000] {dag.py:3239} INFO - Sync 1 DAGs
[2025-04-04T19:24:59.068+0000] {logging_mixin.py:190} INFO - [2025-04-04T19:24:59.068+0000] {dag.py:4180} INFO - Setting next_dagrun for example_display_name to None, run_after=None
[2025-04-04T19:24:59.086+0000] {processor.py:208} INFO - Processing /home/airflow/.local/lib/python3.12/site-packages/airflow/example_dags/example_display_name.py took 0.064 seconds
[2025-04-04T19:25:30.462+0000] {processor.py:186} INFO - Started process (PID=4455) to work on /home/airflow/.local/lib/python3.12/site-packages/airflow/example_dags/example_display_name.py
[2025-04-04T19:25:30.464+0000] {processor.py:914} INFO - Processing file /home/airflow/.local/lib/python3.12/site-packages/airflow/example_dags/example_display_name.py for tasks to queue
[2025-04-04T19:25:30.466+0000] {logging_mixin.py:190} INFO - [2025-04-04T19:25:30.466+0000] {dagbag.py:588} INFO - Filling up the DagBag from /home/airflow/.local/lib/python3.12/site-packages/airflow/example_dags/example_display_name.py
[2025-04-04T19:25:30.475+0000] {processor.py:925} INFO - DAG(s) 'example_display_name' retrieved from /home/airflow/.local/lib/python3.12/site-packages/airflow/example_dags/example_display_name.py
[2025-04-04T19:25:30.497+0000] {logging_mixin.py:190} INFO - [2025-04-04T19:25:30.497+0000] {dag.py:3239} INFO - Sync 1 DAGs
[2025-04-04T19:25:30.511+0000] {logging_mixin.py:190} INFO - [2025-04-04T19:25:30.511+0000] {dag.py:4180} INFO - Setting next_dagrun for example_display_name to None, run_after=None
[2025-04-04T19:25:30.529+0000] {processor.py:208} INFO - Processing /home/airflow/.local/lib/python3.12/site-packages/airflow/example_dags/example_display_name.py took 0.073 seconds
[2025-04-04T19:26:01.632+0000] {processor.py:186} INFO - Started process (PID=4520) to work on /home/airflow/.local/lib/python3.12/site-packages/airflow/example_dags/example_display_name.py
[2025-04-04T19:26:01.633+0000] {processor.py:914} INFO - Processing file /home/airflow/.local/lib/python3.12/site-packages/airflow/example_dags/example_display_name.py for tasks to queue
[2025-04-04T19:26:01.635+0000] {logging_mixin.py:190} INFO - [2025-04-04T19:26:01.635+0000] {dagbag.py:588} INFO - Filling up the DagBag from /home/airflow/.local/lib/python3.12/site-packages/airflow/example_dags/example_display_name.py
[2025-04-04T19:26:01.643+0000] {processor.py:925} INFO - DAG(s) 'example_display_name' retrieved from /home/airflow/.local/lib/python3.12/site-packages/airflow/example_dags/example_display_name.py
[2025-04-04T19:26:01.663+0000] {logging_mixin.py:190} INFO - [2025-04-04T19:26:01.662+0000] {dag.py:3239} INFO - Sync 1 DAGs
[2025-04-04T19:26:01.677+0000] {logging_mixin.py:190} INFO - [2025-04-04T19:26:01.676+0000] {dag.py:4180} INFO - Setting next_dagrun for example_display_name to None, run_after=None
[2025-04-04T19:26:01.693+0000] {processor.py:208} INFO - Processing /home/airflow/.local/lib/python3.12/site-packages/airflow/example_dags/example_display_name.py took 0.066 seconds
[2025-04-04T19:26:32.834+0000] {processor.py:186} INFO - Started process (PID=4585) to work on /home/airflow/.local/lib/python3.12/site-packages/airflow/example_dags/example_display_name.py
[2025-04-04T19:26:32.835+0000] {processor.py:914} INFO - Processing file /home/airflow/.local/lib/python3.12/site-packages/airflow/example_dags/example_display_name.py for tasks to queue
[2025-04-04T19:26:32.837+0000] {logging_mixin.py:190} INFO - [2025-04-04T19:26:32.837+0000] {dagbag.py:588} INFO - Filling up the DagBag from /home/airflow/.local/lib/python3.12/site-packages/airflow/example_dags/example_display_name.py
[2025-04-04T19:26:32.845+0000] {processor.py:925} INFO - DAG(s) 'example_display_name' retrieved from /home/airflow/.local/lib/python3.12/site-packages/airflow/example_dags/example_display_name.py
[2025-04-04T19:26:32.865+0000] {logging_mixin.py:190} INFO - [2025-04-04T19:26:32.865+0000] {dag.py:3239} INFO - Sync 1 DAGs
[2025-04-04T19:26:32.882+0000] {logging_mixin.py:190} INFO - [2025-04-04T19:26:32.882+0000] {dag.py:4180} INFO - Setting next_dagrun for example_display_name to None, run_after=None
[2025-04-04T19:26:32.904+0000] {processor.py:208} INFO - Processing /home/airflow/.local/lib/python3.12/site-packages/airflow/example_dags/example_display_name.py took 0.076 seconds
[2025-04-04T19:27:03.996+0000] {processor.py:186} INFO - Started process (PID=4652) to work on /home/airflow/.local/lib/python3.12/site-packages/airflow/example_dags/example_display_name.py
[2025-04-04T19:27:03.997+0000] {processor.py:914} INFO - Processing file /home/airflow/.local/lib/python3.12/site-packages/airflow/example_dags/example_display_name.py for tasks to queue
[2025-04-04T19:27:03.999+0000] {logging_mixin.py:190} INFO - [2025-04-04T19:27:03.999+0000] {dagbag.py:588} INFO - Filling up the DagBag from /home/airflow/.local/lib/python3.12/site-packages/airflow/example_dags/example_display_name.py
[2025-04-04T19:27:04.008+0000] {processor.py:925} INFO - DAG(s) 'example_display_name' retrieved from /home/airflow/.local/lib/python3.12/site-packages/airflow/example_dags/example_display_name.py
[2025-04-04T19:27:04.028+0000] {logging_mixin.py:190} INFO - [2025-04-04T19:27:04.027+0000] {dag.py:3239} INFO - Sync 1 DAGs
[2025-04-04T19:27:04.043+0000] {logging_mixin.py:190} INFO - [2025-04-04T19:27:04.042+0000] {dag.py:4180} INFO - Setting next_dagrun for example_display_name to None, run_after=None
[2025-04-04T19:27:04.066+0000] {processor.py:208} INFO - Processing /home/airflow/.local/lib/python3.12/site-packages/airflow/example_dags/example_display_name.py took 0.076 seconds
[2025-04-04T19:27:35.033+0000] {processor.py:186} INFO - Started process (PID=4717) to work on /home/airflow/.local/lib/python3.12/site-packages/airflow/example_dags/example_display_name.py
[2025-04-04T19:27:35.034+0000] {processor.py:914} INFO - Processing file /home/airflow/.local/lib/python3.12/site-packages/airflow/example_dags/example_display_name.py for tasks to queue
[2025-04-04T19:27:35.036+0000] {logging_mixin.py:190} INFO - [2025-04-04T19:27:35.036+0000] {dagbag.py:588} INFO - Filling up the DagBag from /home/airflow/.local/lib/python3.12/site-packages/airflow/example_dags/example_display_name.py
[2025-04-04T19:27:35.043+0000] {processor.py:925} INFO - DAG(s) 'example_display_name' retrieved from /home/airflow/.local/lib/python3.12/site-packages/airflow/example_dags/example_display_name.py
[2025-04-04T19:27:35.061+0000] {logging_mixin.py:190} INFO - [2025-04-04T19:27:35.061+0000] {dag.py:3239} INFO - Sync 1 DAGs
[2025-04-04T19:27:35.075+0000] {logging_mixin.py:190} INFO - [2025-04-04T19:27:35.074+0000] {dag.py:4180} INFO - Setting next_dagrun for example_display_name to None, run_after=None
[2025-04-04T19:27:35.091+0000] {processor.py:208} INFO - Processing /home/airflow/.local/lib/python3.12/site-packages/airflow/example_dags/example_display_name.py took 0.064 seconds
[2025-04-04T19:28:05.728+0000] {processor.py:186} INFO - Started process (PID=4781) to work on /home/airflow/.local/lib/python3.12/site-packages/airflow/example_dags/example_display_name.py
[2025-04-04T19:28:05.729+0000] {processor.py:914} INFO - Processing file /home/airflow/.local/lib/python3.12/site-packages/airflow/example_dags/example_display_name.py for tasks to queue
[2025-04-04T19:28:05.732+0000] {logging_mixin.py:190} INFO - [2025-04-04T19:28:05.731+0000] {dagbag.py:588} INFO - Filling up the DagBag from /home/airflow/.local/lib/python3.12/site-packages/airflow/example_dags/example_display_name.py
[2025-04-04T19:28:05.741+0000] {processor.py:925} INFO - DAG(s) 'example_display_name' retrieved from /home/airflow/.local/lib/python3.12/site-packages/airflow/example_dags/example_display_name.py
[2025-04-04T19:28:05.759+0000] {logging_mixin.py:190} INFO - [2025-04-04T19:28:05.759+0000] {dag.py:3239} INFO - Sync 1 DAGs
[2025-04-04T19:28:05.773+0000] {logging_mixin.py:190} INFO - [2025-04-04T19:28:05.773+0000] {dag.py:4180} INFO - Setting next_dagrun for example_display_name to None, run_after=None
[2025-04-04T19:28:05.790+0000] {processor.py:208} INFO - Processing /home/airflow/.local/lib/python3.12/site-packages/airflow/example_dags/example_display_name.py took 0.067 seconds
[2025-04-04T19:28:36.845+0000] {processor.py:186} INFO - Started process (PID=4846) to work on /home/airflow/.local/lib/python3.12/site-packages/airflow/example_dags/example_display_name.py
[2025-04-04T19:28:36.846+0000] {processor.py:914} INFO - Processing file /home/airflow/.local/lib/python3.12/site-packages/airflow/example_dags/example_display_name.py for tasks to queue
[2025-04-04T19:28:36.849+0000] {logging_mixin.py:190} INFO - [2025-04-04T19:28:36.848+0000] {dagbag.py:588} INFO - Filling up the DagBag from /home/airflow/.local/lib/python3.12/site-packages/airflow/example_dags/example_display_name.py
[2025-04-04T19:28:36.856+0000] {processor.py:925} INFO - DAG(s) 'example_display_name' retrieved from /home/airflow/.local/lib/python3.12/site-packages/airflow/example_dags/example_display_name.py
[2025-04-04T19:28:36.876+0000] {logging_mixin.py:190} INFO - [2025-04-04T19:28:36.875+0000] {dag.py:3239} INFO - Sync 1 DAGs
[2025-04-04T19:28:36.890+0000] {logging_mixin.py:190} INFO - [2025-04-04T19:28:36.889+0000] {dag.py:4180} INFO - Setting next_dagrun for example_display_name to None, run_after=None
[2025-04-04T19:28:36.907+0000] {processor.py:208} INFO - Processing /home/airflow/.local/lib/python3.12/site-packages/airflow/example_dags/example_display_name.py took 0.068 seconds
[2025-04-04T19:29:07.914+0000] {processor.py:186} INFO - Started process (PID=4911) to work on /home/airflow/.local/lib/python3.12/site-packages/airflow/example_dags/example_display_name.py
[2025-04-04T19:29:07.915+0000] {processor.py:914} INFO - Processing file /home/airflow/.local/lib/python3.12/site-packages/airflow/example_dags/example_display_name.py for tasks to queue
[2025-04-04T19:29:07.917+0000] {logging_mixin.py:190} INFO - [2025-04-04T19:29:07.917+0000] {dagbag.py:588} INFO - Filling up the DagBag from /home/airflow/.local/lib/python3.12/site-packages/airflow/example_dags/example_display_name.py
[2025-04-04T19:29:07.924+0000] {processor.py:925} INFO - DAG(s) 'example_display_name' retrieved from /home/airflow/.local/lib/python3.12/site-packages/airflow/example_dags/example_display_name.py
[2025-04-04T19:29:07.945+0000] {logging_mixin.py:190} INFO - [2025-04-04T19:29:07.945+0000] {dag.py:3239} INFO - Sync 1 DAGs
[2025-04-04T19:29:07.961+0000] {logging_mixin.py:190} INFO - [2025-04-04T19:29:07.961+0000] {dag.py:4180} INFO - Setting next_dagrun for example_display_name to None, run_after=None
[2025-04-04T19:29:07.979+0000] {processor.py:208} INFO - Processing /home/airflow/.local/lib/python3.12/site-packages/airflow/example_dags/example_display_name.py took 0.072 seconds
[2025-04-04T19:29:39.226+0000] {processor.py:186} INFO - Started process (PID=4977) to work on /home/airflow/.local/lib/python3.12/site-packages/airflow/example_dags/example_display_name.py
[2025-04-04T19:29:39.227+0000] {processor.py:914} INFO - Processing file /home/airflow/.local/lib/python3.12/site-packages/airflow/example_dags/example_display_name.py for tasks to queue
[2025-04-04T19:29:39.229+0000] {logging_mixin.py:190} INFO - [2025-04-04T19:29:39.229+0000] {dagbag.py:588} INFO - Filling up the DagBag from /home/airflow/.local/lib/python3.12/site-packages/airflow/example_dags/example_display_name.py
[2025-04-04T19:29:39.237+0000] {processor.py:925} INFO - DAG(s) 'example_display_name' retrieved from /home/airflow/.local/lib/python3.12/site-packages/airflow/example_dags/example_display_name.py
[2025-04-04T19:29:39.256+0000] {logging_mixin.py:190} INFO - [2025-04-04T19:29:39.256+0000] {dag.py:3239} INFO - Sync 1 DAGs
[2025-04-04T19:29:39.272+0000] {logging_mixin.py:190} INFO - [2025-04-04T19:29:39.271+0000] {dag.py:4180} INFO - Setting next_dagrun for example_display_name to None, run_after=None
[2025-04-04T19:29:39.291+0000] {processor.py:208} INFO - Processing /home/airflow/.local/lib/python3.12/site-packages/airflow/example_dags/example_display_name.py took 0.070 seconds
[2025-04-04T19:30:10.261+0000] {processor.py:186} INFO - Started process (PID=5043) to work on /home/airflow/.local/lib/python3.12/site-packages/airflow/example_dags/example_display_name.py
[2025-04-04T19:30:10.262+0000] {processor.py:914} INFO - Processing file /home/airflow/.local/lib/python3.12/site-packages/airflow/example_dags/example_display_name.py for tasks to queue
[2025-04-04T19:30:10.264+0000] {logging_mixin.py:190} INFO - [2025-04-04T19:30:10.264+0000] {dagbag.py:588} INFO - Filling up the DagBag from /home/airflow/.local/lib/python3.12/site-packages/airflow/example_dags/example_display_name.py
[2025-04-04T19:30:10.271+0000] {processor.py:925} INFO - DAG(s) 'example_display_name' retrieved from /home/airflow/.local/lib/python3.12/site-packages/airflow/example_dags/example_display_name.py
[2025-04-04T19:30:10.290+0000] {logging_mixin.py:190} INFO - [2025-04-04T19:30:10.290+0000] {dag.py:3239} INFO - Sync 1 DAGs
[2025-04-04T19:30:10.304+0000] {logging_mixin.py:190} INFO - [2025-04-04T19:30:10.303+0000] {dag.py:4180} INFO - Setting next_dagrun for example_display_name to None, run_after=None
[2025-04-04T19:30:10.325+0000] {processor.py:208} INFO - Processing /home/airflow/.local/lib/python3.12/site-packages/airflow/example_dags/example_display_name.py took 0.070 seconds
[2025-04-04T19:30:41.391+0000] {processor.py:186} INFO - Started process (PID=5107) to work on /home/airflow/.local/lib/python3.12/site-packages/airflow/example_dags/example_display_name.py
[2025-04-04T19:30:41.392+0000] {processor.py:914} INFO - Processing file /home/airflow/.local/lib/python3.12/site-packages/airflow/example_dags/example_display_name.py for tasks to queue
[2025-04-04T19:30:41.394+0000] {logging_mixin.py:190} INFO - [2025-04-04T19:30:41.393+0000] {dagbag.py:588} INFO - Filling up the DagBag from /home/airflow/.local/lib/python3.12/site-packages/airflow/example_dags/example_display_name.py
[2025-04-04T19:30:41.400+0000] {processor.py:925} INFO - DAG(s) 'example_display_name' retrieved from /home/airflow/.local/lib/python3.12/site-packages/airflow/example_dags/example_display_name.py
[2025-04-04T19:30:41.415+0000] {logging_mixin.py:190} INFO - [2025-04-04T19:30:41.415+0000] {dag.py:3239} INFO - Sync 1 DAGs
[2025-04-04T19:30:41.428+0000] {logging_mixin.py:190} INFO - [2025-04-04T19:30:41.428+0000] {dag.py:4180} INFO - Setting next_dagrun for example_display_name to None, run_after=None
[2025-04-04T19:30:41.443+0000] {processor.py:208} INFO - Processing /home/airflow/.local/lib/python3.12/site-packages/airflow/example_dags/example_display_name.py took 0.057 seconds
[2025-04-04T19:31:12.252+0000] {processor.py:186} INFO - Started process (PID=5172) to work on /home/airflow/.local/lib/python3.12/site-packages/airflow/example_dags/example_display_name.py
[2025-04-04T19:31:12.253+0000] {processor.py:914} INFO - Processing file /home/airflow/.local/lib/python3.12/site-packages/airflow/example_dags/example_display_name.py for tasks to queue
[2025-04-04T19:31:12.255+0000] {logging_mixin.py:190} INFO - [2025-04-04T19:31:12.255+0000] {dagbag.py:588} INFO - Filling up the DagBag from /home/airflow/.local/lib/python3.12/site-packages/airflow/example_dags/example_display_name.py
[2025-04-04T19:31:12.262+0000] {processor.py:925} INFO - DAG(s) 'example_display_name' retrieved from /home/airflow/.local/lib/python3.12/site-packages/airflow/example_dags/example_display_name.py
[2025-04-04T19:31:12.282+0000] {logging_mixin.py:190} INFO - [2025-04-04T19:31:12.282+0000] {dag.py:3239} INFO - Sync 1 DAGs
[2025-04-04T19:31:12.296+0000] {logging_mixin.py:190} INFO - [2025-04-04T19:31:12.296+0000] {dag.py:4180} INFO - Setting next_dagrun for example_display_name to None, run_after=None
[2025-04-04T19:31:12.314+0000] {processor.py:208} INFO - Processing /home/airflow/.local/lib/python3.12/site-packages/airflow/example_dags/example_display_name.py took 0.068 seconds
[2025-04-04T19:31:43.314+0000] {processor.py:186} INFO - Started process (PID=5239) to work on /home/airflow/.local/lib/python3.12/site-packages/airflow/example_dags/example_display_name.py
[2025-04-04T19:31:43.315+0000] {processor.py:914} INFO - Processing file /home/airflow/.local/lib/python3.12/site-packages/airflow/example_dags/example_display_name.py for tasks to queue
[2025-04-04T19:31:43.317+0000] {logging_mixin.py:190} INFO - [2025-04-04T19:31:43.317+0000] {dagbag.py:588} INFO - Filling up the DagBag from /home/airflow/.local/lib/python3.12/site-packages/airflow/example_dags/example_display_name.py
[2025-04-04T19:31:43.324+0000] {processor.py:925} INFO - DAG(s) 'example_display_name' retrieved from /home/airflow/.local/lib/python3.12/site-packages/airflow/example_dags/example_display_name.py
[2025-04-04T19:31:43.342+0000] {logging_mixin.py:190} INFO - [2025-04-04T19:31:43.342+0000] {dag.py:3239} INFO - Sync 1 DAGs
[2025-04-04T19:31:43.358+0000] {logging_mixin.py:190} INFO - [2025-04-04T19:31:43.358+0000] {dag.py:4180} INFO - Setting next_dagrun for example_display_name to None, run_after=None
[2025-04-04T19:31:43.374+0000] {processor.py:208} INFO - Processing /home/airflow/.local/lib/python3.12/site-packages/airflow/example_dags/example_display_name.py took 0.066 seconds
[2025-04-04T19:32:14.145+0000] {processor.py:186} INFO - Started process (PID=5303) to work on /home/airflow/.local/lib/python3.12/site-packages/airflow/example_dags/example_display_name.py
[2025-04-04T19:32:14.146+0000] {processor.py:914} INFO - Processing file /home/airflow/.local/lib/python3.12/site-packages/airflow/example_dags/example_display_name.py for tasks to queue
[2025-04-04T19:32:14.148+0000] {logging_mixin.py:190} INFO - [2025-04-04T19:32:14.148+0000] {dagbag.py:588} INFO - Filling up the DagBag from /home/airflow/.local/lib/python3.12/site-packages/airflow/example_dags/example_display_name.py
[2025-04-04T19:32:14.155+0000] {processor.py:925} INFO - DAG(s) 'example_display_name' retrieved from /home/airflow/.local/lib/python3.12/site-packages/airflow/example_dags/example_display_name.py
[2025-04-04T19:32:14.175+0000] {logging_mixin.py:190} INFO - [2025-04-04T19:32:14.175+0000] {dag.py:3239} INFO - Sync 1 DAGs
[2025-04-04T19:32:14.191+0000] {logging_mixin.py:190} INFO - [2025-04-04T19:32:14.191+0000] {dag.py:4180} INFO - Setting next_dagrun for example_display_name to None, run_after=None
[2025-04-04T19:32:14.212+0000] {processor.py:208} INFO - Processing /home/airflow/.local/lib/python3.12/site-packages/airflow/example_dags/example_display_name.py took 0.073 seconds
[2025-04-04T19:32:45.492+0000] {processor.py:186} INFO - Started process (PID=5374) to work on /home/airflow/.local/lib/python3.12/site-packages/airflow/example_dags/example_display_name.py
[2025-04-04T19:32:45.493+0000] {processor.py:914} INFO - Processing file /home/airflow/.local/lib/python3.12/site-packages/airflow/example_dags/example_display_name.py for tasks to queue
[2025-04-04T19:32:45.495+0000] {logging_mixin.py:190} INFO - [2025-04-04T19:32:45.494+0000] {dagbag.py:588} INFO - Filling up the DagBag from /home/airflow/.local/lib/python3.12/site-packages/airflow/example_dags/example_display_name.py
[2025-04-04T19:32:45.503+0000] {processor.py:925} INFO - DAG(s) 'example_display_name' retrieved from /home/airflow/.local/lib/python3.12/site-packages/airflow/example_dags/example_display_name.py
[2025-04-04T19:32:45.521+0000] {logging_mixin.py:190} INFO - [2025-04-04T19:32:45.521+0000] {dag.py:3239} INFO - Sync 1 DAGs
[2025-04-04T19:32:45.536+0000] {logging_mixin.py:190} INFO - [2025-04-04T19:32:45.536+0000] {dag.py:4180} INFO - Setting next_dagrun for example_display_name to None, run_after=None
[2025-04-04T19:32:45.554+0000] {processor.py:208} INFO - Processing /home/airflow/.local/lib/python3.12/site-packages/airflow/example_dags/example_display_name.py took 0.067 seconds
[2025-04-04T19:33:16.221+0000] {processor.py:186} INFO - Started process (PID=5439) to work on /home/airflow/.local/lib/python3.12/site-packages/airflow/example_dags/example_display_name.py
[2025-04-04T19:33:16.221+0000] {processor.py:914} INFO - Processing file /home/airflow/.local/lib/python3.12/site-packages/airflow/example_dags/example_display_name.py for tasks to queue
[2025-04-04T19:33:16.224+0000] {logging_mixin.py:190} INFO - [2025-04-04T19:33:16.223+0000] {dagbag.py:588} INFO - Filling up the DagBag from /home/airflow/.local/lib/python3.12/site-packages/airflow/example_dags/example_display_name.py
[2025-04-04T19:33:16.231+0000] {processor.py:925} INFO - DAG(s) 'example_display_name' retrieved from /home/airflow/.local/lib/python3.12/site-packages/airflow/example_dags/example_display_name.py
[2025-04-04T19:33:16.248+0000] {logging_mixin.py:190} INFO - [2025-04-04T19:33:16.248+0000] {dag.py:3239} INFO - Sync 1 DAGs
[2025-04-04T19:33:16.263+0000] {logging_mixin.py:190} INFO - [2025-04-04T19:33:16.263+0000] {dag.py:4180} INFO - Setting next_dagrun for example_display_name to None, run_after=None
[2025-04-04T19:33:16.280+0000] {processor.py:208} INFO - Processing /home/airflow/.local/lib/python3.12/site-packages/airflow/example_dags/example_display_name.py took 0.064 seconds
[2025-04-04T19:33:47.896+0000] {processor.py:186} INFO - Started process (PID=5504) to work on /home/airflow/.local/lib/python3.12/site-packages/airflow/example_dags/example_display_name.py
[2025-04-04T19:33:47.898+0000] {processor.py:914} INFO - Processing file /home/airflow/.local/lib/python3.12/site-packages/airflow/example_dags/example_display_name.py for tasks to queue
[2025-04-04T19:33:47.901+0000] {logging_mixin.py:190} INFO - [2025-04-04T19:33:47.901+0000] {dagbag.py:588} INFO - Filling up the DagBag from /home/airflow/.local/lib/python3.12/site-packages/airflow/example_dags/example_display_name.py
[2025-04-04T19:33:47.913+0000] {processor.py:925} INFO - DAG(s) 'example_display_name' retrieved from /home/airflow/.local/lib/python3.12/site-packages/airflow/example_dags/example_display_name.py
[2025-04-04T19:33:47.938+0000] {logging_mixin.py:190} INFO - [2025-04-04T19:33:47.937+0000] {dag.py:3239} INFO - Sync 1 DAGs
[2025-04-04T19:33:47.963+0000] {logging_mixin.py:190} INFO - [2025-04-04T19:33:47.963+0000] {dag.py:4180} INFO - Setting next_dagrun for example_display_name to None, run_after=None
[2025-04-04T19:33:47.990+0000] {processor.py:208} INFO - Processing /home/airflow/.local/lib/python3.12/site-packages/airflow/example_dags/example_display_name.py took 0.101 seconds
[2025-04-04T19:34:18.536+0000] {processor.py:186} INFO - Started process (PID=5569) to work on /home/airflow/.local/lib/python3.12/site-packages/airflow/example_dags/example_display_name.py
[2025-04-04T19:34:18.537+0000] {processor.py:914} INFO - Processing file /home/airflow/.local/lib/python3.12/site-packages/airflow/example_dags/example_display_name.py for tasks to queue
[2025-04-04T19:34:18.541+0000] {logging_mixin.py:190} INFO - [2025-04-04T19:34:18.540+0000] {dagbag.py:588} INFO - Filling up the DagBag from /home/airflow/.local/lib/python3.12/site-packages/airflow/example_dags/example_display_name.py
[2025-04-04T19:34:18.558+0000] {processor.py:925} INFO - DAG(s) 'example_display_name' retrieved from /home/airflow/.local/lib/python3.12/site-packages/airflow/example_dags/example_display_name.py
[2025-04-04T19:34:18.588+0000] {logging_mixin.py:190} INFO - [2025-04-04T19:34:18.587+0000] {dag.py:3239} INFO - Sync 1 DAGs
[2025-04-04T19:34:18.605+0000] {logging_mixin.py:190} INFO - [2025-04-04T19:34:18.604+0000] {dag.py:4180} INFO - Setting next_dagrun for example_display_name to None, run_after=None
[2025-04-04T19:34:18.627+0000] {processor.py:208} INFO - Processing /home/airflow/.local/lib/python3.12/site-packages/airflow/example_dags/example_display_name.py took 0.100 seconds
[2025-04-04T19:34:49.607+0000] {processor.py:186} INFO - Started process (PID=5634) to work on /home/airflow/.local/lib/python3.12/site-packages/airflow/example_dags/example_display_name.py
[2025-04-04T19:34:49.608+0000] {processor.py:914} INFO - Processing file /home/airflow/.local/lib/python3.12/site-packages/airflow/example_dags/example_display_name.py for tasks to queue
[2025-04-04T19:34:49.610+0000] {logging_mixin.py:190} INFO - [2025-04-04T19:34:49.610+0000] {dagbag.py:588} INFO - Filling up the DagBag from /home/airflow/.local/lib/python3.12/site-packages/airflow/example_dags/example_display_name.py
[2025-04-04T19:34:49.617+0000] {processor.py:925} INFO - DAG(s) 'example_display_name' retrieved from /home/airflow/.local/lib/python3.12/site-packages/airflow/example_dags/example_display_name.py
[2025-04-04T19:34:49.636+0000] {logging_mixin.py:190} INFO - [2025-04-04T19:34:49.636+0000] {dag.py:3239} INFO - Sync 1 DAGs
[2025-04-04T19:34:49.650+0000] {logging_mixin.py:190} INFO - [2025-04-04T19:34:49.650+0000] {dag.py:4180} INFO - Setting next_dagrun for example_display_name to None, run_after=None
[2025-04-04T19:34:49.670+0000] {processor.py:208} INFO - Processing /home/airflow/.local/lib/python3.12/site-packages/airflow/example_dags/example_display_name.py took 0.070 seconds
[2025-04-04T19:35:20.928+0000] {processor.py:186} INFO - Started process (PID=5699) to work on /home/airflow/.local/lib/python3.12/site-packages/airflow/example_dags/example_display_name.py
[2025-04-04T19:35:20.929+0000] {processor.py:914} INFO - Processing file /home/airflow/.local/lib/python3.12/site-packages/airflow/example_dags/example_display_name.py for tasks to queue
[2025-04-04T19:35:20.931+0000] {logging_mixin.py:190} INFO - [2025-04-04T19:35:20.931+0000] {dagbag.py:588} INFO - Filling up the DagBag from /home/airflow/.local/lib/python3.12/site-packages/airflow/example_dags/example_display_name.py
[2025-04-04T19:35:20.940+0000] {processor.py:925} INFO - DAG(s) 'example_display_name' retrieved from /home/airflow/.local/lib/python3.12/site-packages/airflow/example_dags/example_display_name.py
[2025-04-04T19:35:20.964+0000] {logging_mixin.py:190} INFO - [2025-04-04T19:35:20.963+0000] {dag.py:3239} INFO - Sync 1 DAGs
[2025-04-04T19:35:20.988+0000] {logging_mixin.py:190} INFO - [2025-04-04T19:35:20.988+0000] {dag.py:4180} INFO - Setting next_dagrun for example_display_name to None, run_after=None
[2025-04-04T19:35:21.014+0000] {processor.py:208} INFO - Processing /home/airflow/.local/lib/python3.12/site-packages/airflow/example_dags/example_display_name.py took 0.093 seconds
[2025-04-04T19:35:52.088+0000] {processor.py:186} INFO - Started process (PID=5764) to work on /home/airflow/.local/lib/python3.12/site-packages/airflow/example_dags/example_display_name.py
[2025-04-04T19:35:52.089+0000] {processor.py:914} INFO - Processing file /home/airflow/.local/lib/python3.12/site-packages/airflow/example_dags/example_display_name.py for tasks to queue
[2025-04-04T19:35:52.092+0000] {logging_mixin.py:190} INFO - [2025-04-04T19:35:52.092+0000] {dagbag.py:588} INFO - Filling up the DagBag from /home/airflow/.local/lib/python3.12/site-packages/airflow/example_dags/example_display_name.py
[2025-04-04T19:35:52.100+0000] {processor.py:925} INFO - DAG(s) 'example_display_name' retrieved from /home/airflow/.local/lib/python3.12/site-packages/airflow/example_dags/example_display_name.py
[2025-04-04T19:35:52.120+0000] {logging_mixin.py:190} INFO - [2025-04-04T19:35:52.120+0000] {dag.py:3239} INFO - Sync 1 DAGs
[2025-04-04T19:35:52.134+0000] {logging_mixin.py:190} INFO - [2025-04-04T19:35:52.134+0000] {dag.py:4180} INFO - Setting next_dagrun for example_display_name to None, run_after=None
[2025-04-04T19:35:52.151+0000] {processor.py:208} INFO - Processing /home/airflow/.local/lib/python3.12/site-packages/airflow/example_dags/example_display_name.py took 0.070 seconds
[2025-04-04T19:36:23.158+0000] {processor.py:186} INFO - Started process (PID=5829) to work on /home/airflow/.local/lib/python3.12/site-packages/airflow/example_dags/example_display_name.py
[2025-04-04T19:36:23.159+0000] {processor.py:914} INFO - Processing file /home/airflow/.local/lib/python3.12/site-packages/airflow/example_dags/example_display_name.py for tasks to queue
[2025-04-04T19:36:23.161+0000] {logging_mixin.py:190} INFO - [2025-04-04T19:36:23.161+0000] {dagbag.py:588} INFO - Filling up the DagBag from /home/airflow/.local/lib/python3.12/site-packages/airflow/example_dags/example_display_name.py
[2025-04-04T19:36:23.170+0000] {processor.py:925} INFO - DAG(s) 'example_display_name' retrieved from /home/airflow/.local/lib/python3.12/site-packages/airflow/example_dags/example_display_name.py
[2025-04-04T19:36:23.191+0000] {logging_mixin.py:190} INFO - [2025-04-04T19:36:23.191+0000] {dag.py:3239} INFO - Sync 1 DAGs
[2025-04-04T19:36:23.213+0000] {logging_mixin.py:190} INFO - [2025-04-04T19:36:23.213+0000] {dag.py:4180} INFO - Setting next_dagrun for example_display_name to None, run_after=None
[2025-04-04T19:36:23.232+0000] {processor.py:208} INFO - Processing /home/airflow/.local/lib/python3.12/site-packages/airflow/example_dags/example_display_name.py took 0.081 seconds
[2025-04-04T19:36:54.166+0000] {processor.py:186} INFO - Started process (PID=5894) to work on /home/airflow/.local/lib/python3.12/site-packages/airflow/example_dags/example_display_name.py
[2025-04-04T19:36:54.167+0000] {processor.py:914} INFO - Processing file /home/airflow/.local/lib/python3.12/site-packages/airflow/example_dags/example_display_name.py for tasks to queue
[2025-04-04T19:36:54.169+0000] {logging_mixin.py:190} INFO - [2025-04-04T19:36:54.169+0000] {dagbag.py:588} INFO - Filling up the DagBag from /home/airflow/.local/lib/python3.12/site-packages/airflow/example_dags/example_display_name.py
[2025-04-04T19:36:54.177+0000] {processor.py:925} INFO - DAG(s) 'example_display_name' retrieved from /home/airflow/.local/lib/python3.12/site-packages/airflow/example_dags/example_display_name.py
[2025-04-04T19:36:54.199+0000] {logging_mixin.py:190} INFO - [2025-04-04T19:36:54.199+0000] {dag.py:3239} INFO - Sync 1 DAGs
[2025-04-04T19:36:54.216+0000] {logging_mixin.py:190} INFO - [2025-04-04T19:36:54.215+0000] {dag.py:4180} INFO - Setting next_dagrun for example_display_name to None, run_after=None
[2025-04-04T19:36:54.238+0000] {processor.py:208} INFO - Processing /home/airflow/.local/lib/python3.12/site-packages/airflow/example_dags/example_display_name.py took 0.077 seconds
[2025-04-04T19:40:04.100+0000] {processor.py:186} INFO - Started process (PID=89) to work on /home/airflow/.local/lib/python3.12/site-packages/airflow/example_dags/example_display_name.py
[2025-04-04T19:40:04.101+0000] {processor.py:914} INFO - Processing file /home/airflow/.local/lib/python3.12/site-packages/airflow/example_dags/example_display_name.py for tasks to queue
[2025-04-04T19:40:04.104+0000] {logging_mixin.py:190} INFO - [2025-04-04T19:40:04.104+0000] {dagbag.py:588} INFO - Filling up the DagBag from /home/airflow/.local/lib/python3.12/site-packages/airflow/example_dags/example_display_name.py
[2025-04-04T19:40:04.114+0000] {processor.py:925} INFO - DAG(s) 'example_display_name' retrieved from /home/airflow/.local/lib/python3.12/site-packages/airflow/example_dags/example_display_name.py
[2025-04-04T19:40:04.136+0000] {logging_mixin.py:190} INFO - [2025-04-04T19:40:04.136+0000] {dag.py:3239} INFO - Sync 1 DAGs
[2025-04-04T19:40:04.151+0000] {logging_mixin.py:190} INFO - [2025-04-04T19:40:04.151+0000] {dag.py:4180} INFO - Setting next_dagrun for example_display_name to None, run_after=None
[2025-04-04T19:40:04.168+0000] {processor.py:208} INFO - Processing /home/airflow/.local/lib/python3.12/site-packages/airflow/example_dags/example_display_name.py took 0.075 seconds
[2025-04-04T19:40:35.177+0000] {processor.py:186} INFO - Started process (PID=155) to work on /home/airflow/.local/lib/python3.12/site-packages/airflow/example_dags/example_display_name.py
[2025-04-04T19:40:35.179+0000] {processor.py:914} INFO - Processing file /home/airflow/.local/lib/python3.12/site-packages/airflow/example_dags/example_display_name.py for tasks to queue
[2025-04-04T19:40:35.182+0000] {logging_mixin.py:190} INFO - [2025-04-04T19:40:35.181+0000] {dagbag.py:588} INFO - Filling up the DagBag from /home/airflow/.local/lib/python3.12/site-packages/airflow/example_dags/example_display_name.py
[2025-04-04T19:40:35.195+0000] {processor.py:925} INFO - DAG(s) 'example_display_name' retrieved from /home/airflow/.local/lib/python3.12/site-packages/airflow/example_dags/example_display_name.py
[2025-04-04T19:40:35.222+0000] {logging_mixin.py:190} INFO - [2025-04-04T19:40:35.222+0000] {dag.py:3239} INFO - Sync 1 DAGs
[2025-04-04T19:40:35.246+0000] {logging_mixin.py:190} INFO - [2025-04-04T19:40:35.246+0000] {dag.py:4180} INFO - Setting next_dagrun for example_display_name to None, run_after=None
[2025-04-04T19:40:35.273+0000] {processor.py:208} INFO - Processing /home/airflow/.local/lib/python3.12/site-packages/airflow/example_dags/example_display_name.py took 0.103 seconds
[2025-04-04T19:41:06.353+0000] {processor.py:186} INFO - Started process (PID=220) to work on /home/airflow/.local/lib/python3.12/site-packages/airflow/example_dags/example_display_name.py
[2025-04-04T19:41:06.355+0000] {processor.py:914} INFO - Processing file /home/airflow/.local/lib/python3.12/site-packages/airflow/example_dags/example_display_name.py for tasks to queue
[2025-04-04T19:41:06.358+0000] {logging_mixin.py:190} INFO - [2025-04-04T19:41:06.357+0000] {dagbag.py:588} INFO - Filling up the DagBag from /home/airflow/.local/lib/python3.12/site-packages/airflow/example_dags/example_display_name.py
[2025-04-04T19:41:06.370+0000] {processor.py:925} INFO - DAG(s) 'example_display_name' retrieved from /home/airflow/.local/lib/python3.12/site-packages/airflow/example_dags/example_display_name.py
[2025-04-04T19:41:06.396+0000] {logging_mixin.py:190} INFO - [2025-04-04T19:41:06.395+0000] {dag.py:3239} INFO - Sync 1 DAGs
[2025-04-04T19:41:06.418+0000] {logging_mixin.py:190} INFO - [2025-04-04T19:41:06.418+0000] {dag.py:4180} INFO - Setting next_dagrun for example_display_name to None, run_after=None
[2025-04-04T19:41:06.439+0000] {processor.py:208} INFO - Processing /home/airflow/.local/lib/python3.12/site-packages/airflow/example_dags/example_display_name.py took 0.094 seconds
