[2025-04-04T19:07:24.439+0000] {processor.py:186} INFO - Started process (PID=2217) to work on /home/airflow/.local/lib/python3.12/site-packages/airflow/example_dags/example_branch_operator.py
[2025-04-04T19:07:24.440+0000] {processor.py:914} INFO - Processing file /home/airflow/.local/lib/python3.12/site-packages/airflow/example_dags/example_branch_operator.py for tasks to queue
[2025-04-04T19:07:24.442+0000] {logging_mixin.py:190} INFO - [2025-04-04T19:07:24.442+0000] {dagbag.py:588} INFO - Filling up the DagBag from /home/airflow/.local/lib/python3.12/site-packages/airflow/example_dags/example_branch_operator.py
[2025-04-04T19:07:24.459+0000] {processor.py:925} INFO - DAG(s) 'example_branch_operator' retrieved from /home/airflow/.local/lib/python3.12/site-packages/airflow/example_dags/example_branch_operator.py
[2025-04-04T19:07:24.486+0000] {logging_mixin.py:190} INFO - [2025-04-04T19:07:24.485+0000] {dag.py:3239} INFO - Sync 1 DAGs
[2025-04-04T19:07:24.511+0000] {logging_mixin.py:190} INFO - [2025-04-04T19:07:24.511+0000] {dag.py:4180} INFO - Setting next_dagrun for example_branch_operator to 2025-04-03 00:00:00+00:00, run_after=2025-04-04 00:00:00+00:00
[2025-04-04T19:07:24.532+0000] {processor.py:208} INFO - Processing /home/airflow/.local/lib/python3.12/site-packages/airflow/example_dags/example_branch_operator.py took 0.098 seconds
[2025-04-04T19:07:55.261+0000] {processor.py:186} INFO - Started process (PID=2281) to work on /home/airflow/.local/lib/python3.12/site-packages/airflow/example_dags/example_branch_operator.py
[2025-04-04T19:07:55.262+0000] {processor.py:914} INFO - Processing file /home/airflow/.local/lib/python3.12/site-packages/airflow/example_dags/example_branch_operator.py for tasks to queue
[2025-04-04T19:07:55.265+0000] {logging_mixin.py:190} INFO - [2025-04-04T19:07:55.264+0000] {dagbag.py:588} INFO - Filling up the DagBag from /home/airflow/.local/lib/python3.12/site-packages/airflow/example_dags/example_branch_operator.py
[2025-04-04T19:07:55.284+0000] {processor.py:925} INFO - DAG(s) 'example_branch_operator' retrieved from /home/airflow/.local/lib/python3.12/site-packages/airflow/example_dags/example_branch_operator.py
[2025-04-04T19:07:55.318+0000] {logging_mixin.py:190} INFO - [2025-04-04T19:07:55.318+0000] {dag.py:3239} INFO - Sync 1 DAGs
[2025-04-04T19:07:55.348+0000] {logging_mixin.py:190} INFO - [2025-04-04T19:07:55.348+0000] {dag.py:4180} INFO - Setting next_dagrun for example_branch_operator to 2025-04-03 00:00:00+00:00, run_after=2025-04-04 00:00:00+00:00
[2025-04-04T19:07:55.373+0000] {processor.py:208} INFO - Processing /home/airflow/.local/lib/python3.12/site-packages/airflow/example_dags/example_branch_operator.py took 0.119 seconds
[2025-04-04T19:08:25.775+0000] {processor.py:186} INFO - Started process (PID=2339) to work on /home/airflow/.local/lib/python3.12/site-packages/airflow/example_dags/example_branch_operator.py
[2025-04-04T19:08:25.776+0000] {processor.py:914} INFO - Processing file /home/airflow/.local/lib/python3.12/site-packages/airflow/example_dags/example_branch_operator.py for tasks to queue
[2025-04-04T19:08:25.779+0000] {logging_mixin.py:190} INFO - [2025-04-04T19:08:25.779+0000] {dagbag.py:588} INFO - Filling up the DagBag from /home/airflow/.local/lib/python3.12/site-packages/airflow/example_dags/example_branch_operator.py
[2025-04-04T19:08:25.796+0000] {processor.py:925} INFO - DAG(s) 'example_branch_operator' retrieved from /home/airflow/.local/lib/python3.12/site-packages/airflow/example_dags/example_branch_operator.py
[2025-04-04T19:08:25.827+0000] {logging_mixin.py:190} INFO - [2025-04-04T19:08:25.827+0000] {dag.py:3239} INFO - Sync 1 DAGs
[2025-04-04T19:08:25.854+0000] {logging_mixin.py:190} INFO - [2025-04-04T19:08:25.854+0000] {dag.py:4180} INFO - Setting next_dagrun for example_branch_operator to 2025-04-03 00:00:00+00:00, run_after=2025-04-04 00:00:00+00:00
[2025-04-04T19:08:25.873+0000] {processor.py:208} INFO - Processing /home/airflow/.local/lib/python3.12/site-packages/airflow/example_dags/example_branch_operator.py took 0.106 seconds
[2025-04-04T19:08:56.975+0000] {processor.py:186} INFO - Started process (PID=2396) to work on /home/airflow/.local/lib/python3.12/site-packages/airflow/example_dags/example_branch_operator.py
[2025-04-04T19:08:56.976+0000] {processor.py:914} INFO - Processing file /home/airflow/.local/lib/python3.12/site-packages/airflow/example_dags/example_branch_operator.py for tasks to queue
[2025-04-04T19:08:56.978+0000] {logging_mixin.py:190} INFO - [2025-04-04T19:08:56.977+0000] {dagbag.py:588} INFO - Filling up the DagBag from /home/airflow/.local/lib/python3.12/site-packages/airflow/example_dags/example_branch_operator.py
[2025-04-04T19:08:56.994+0000] {processor.py:925} INFO - DAG(s) 'example_branch_operator' retrieved from /home/airflow/.local/lib/python3.12/site-packages/airflow/example_dags/example_branch_operator.py
[2025-04-04T19:08:57.023+0000] {logging_mixin.py:190} INFO - [2025-04-04T19:08:57.022+0000] {dag.py:3239} INFO - Sync 1 DAGs
[2025-04-04T19:08:57.050+0000] {logging_mixin.py:190} INFO - [2025-04-04T19:08:57.049+0000] {dag.py:4180} INFO - Setting next_dagrun for example_branch_operator to 2025-04-03 00:00:00+00:00, run_after=2025-04-04 00:00:00+00:00
[2025-04-04T19:08:57.069+0000] {processor.py:208} INFO - Processing /home/airflow/.local/lib/python3.12/site-packages/airflow/example_dags/example_branch_operator.py took 0.099 seconds
[2025-04-04T19:09:27.309+0000] {processor.py:186} INFO - Started process (PID=2458) to work on /home/airflow/.local/lib/python3.12/site-packages/airflow/example_dags/example_branch_operator.py
[2025-04-04T19:09:27.311+0000] {processor.py:914} INFO - Processing file /home/airflow/.local/lib/python3.12/site-packages/airflow/example_dags/example_branch_operator.py for tasks to queue
[2025-04-04T19:09:27.316+0000] {logging_mixin.py:190} INFO - [2025-04-04T19:09:27.315+0000] {dagbag.py:588} INFO - Filling up the DagBag from /home/airflow/.local/lib/python3.12/site-packages/airflow/example_dags/example_branch_operator.py
[2025-04-04T19:09:27.348+0000] {processor.py:925} INFO - DAG(s) 'example_branch_operator' retrieved from /home/airflow/.local/lib/python3.12/site-packages/airflow/example_dags/example_branch_operator.py
[2025-04-04T19:09:27.395+0000] {logging_mixin.py:190} INFO - [2025-04-04T19:09:27.394+0000] {dag.py:3239} INFO - Sync 1 DAGs
[2025-04-04T19:09:27.430+0000] {logging_mixin.py:190} INFO - [2025-04-04T19:09:27.430+0000] {dag.py:4180} INFO - Setting next_dagrun for example_branch_operator to 2025-04-03 00:00:00+00:00, run_after=2025-04-04 00:00:00+00:00
[2025-04-04T19:09:27.456+0000] {processor.py:208} INFO - Processing /home/airflow/.local/lib/python3.12/site-packages/airflow/example_dags/example_branch_operator.py took 0.154 seconds
[2025-04-04T19:09:57.923+0000] {processor.py:186} INFO - Started process (PID=2518) to work on /home/airflow/.local/lib/python3.12/site-packages/airflow/example_dags/example_branch_operator.py
[2025-04-04T19:09:57.924+0000] {processor.py:914} INFO - Processing file /home/airflow/.local/lib/python3.12/site-packages/airflow/example_dags/example_branch_operator.py for tasks to queue
[2025-04-04T19:09:57.926+0000] {logging_mixin.py:190} INFO - [2025-04-04T19:09:57.925+0000] {dagbag.py:588} INFO - Filling up the DagBag from /home/airflow/.local/lib/python3.12/site-packages/airflow/example_dags/example_branch_operator.py
[2025-04-04T19:09:57.943+0000] {processor.py:925} INFO - DAG(s) 'example_branch_operator' retrieved from /home/airflow/.local/lib/python3.12/site-packages/airflow/example_dags/example_branch_operator.py
[2025-04-04T19:09:57.972+0000] {logging_mixin.py:190} INFO - [2025-04-04T19:09:57.972+0000] {dag.py:3239} INFO - Sync 1 DAGs
[2025-04-04T19:09:57.996+0000] {logging_mixin.py:190} INFO - [2025-04-04T19:09:57.996+0000] {dag.py:4180} INFO - Setting next_dagrun for example_branch_operator to 2025-04-03 00:00:00+00:00, run_after=2025-04-04 00:00:00+00:00
[2025-04-04T19:09:58.017+0000] {processor.py:208} INFO - Processing /home/airflow/.local/lib/python3.12/site-packages/airflow/example_dags/example_branch_operator.py took 0.099 seconds
[2025-04-04T19:10:29.075+0000] {processor.py:186} INFO - Started process (PID=2580) to work on /home/airflow/.local/lib/python3.12/site-packages/airflow/example_dags/example_branch_operator.py
[2025-04-04T19:10:29.076+0000] {processor.py:914} INFO - Processing file /home/airflow/.local/lib/python3.12/site-packages/airflow/example_dags/example_branch_operator.py for tasks to queue
[2025-04-04T19:10:29.078+0000] {logging_mixin.py:190} INFO - [2025-04-04T19:10:29.078+0000] {dagbag.py:588} INFO - Filling up the DagBag from /home/airflow/.local/lib/python3.12/site-packages/airflow/example_dags/example_branch_operator.py
[2025-04-04T19:10:29.098+0000] {processor.py:925} INFO - DAG(s) 'example_branch_operator' retrieved from /home/airflow/.local/lib/python3.12/site-packages/airflow/example_dags/example_branch_operator.py
[2025-04-04T19:10:29.128+0000] {logging_mixin.py:190} INFO - [2025-04-04T19:10:29.128+0000] {dag.py:3239} INFO - Sync 1 DAGs
[2025-04-04T19:10:29.153+0000] {logging_mixin.py:190} INFO - [2025-04-04T19:10:29.153+0000] {dag.py:4180} INFO - Setting next_dagrun for example_branch_operator to 2025-04-03 00:00:00+00:00, run_after=2025-04-04 00:00:00+00:00
[2025-04-04T19:10:29.171+0000] {processor.py:208} INFO - Processing /home/airflow/.local/lib/python3.12/site-packages/airflow/example_dags/example_branch_operator.py took 0.104 seconds
[2025-04-04T19:10:59.591+0000] {processor.py:186} INFO - Started process (PID=2642) to work on /home/airflow/.local/lib/python3.12/site-packages/airflow/example_dags/example_branch_operator.py
[2025-04-04T19:10:59.592+0000] {processor.py:914} INFO - Processing file /home/airflow/.local/lib/python3.12/site-packages/airflow/example_dags/example_branch_operator.py for tasks to queue
[2025-04-04T19:10:59.594+0000] {logging_mixin.py:190} INFO - [2025-04-04T19:10:59.593+0000] {dagbag.py:588} INFO - Filling up the DagBag from /home/airflow/.local/lib/python3.12/site-packages/airflow/example_dags/example_branch_operator.py
[2025-04-04T19:10:59.610+0000] {processor.py:925} INFO - DAG(s) 'example_branch_operator' retrieved from /home/airflow/.local/lib/python3.12/site-packages/airflow/example_dags/example_branch_operator.py
[2025-04-04T19:10:59.636+0000] {logging_mixin.py:190} INFO - [2025-04-04T19:10:59.636+0000] {dag.py:3239} INFO - Sync 1 DAGs
[2025-04-04T19:10:59.658+0000] {logging_mixin.py:190} INFO - [2025-04-04T19:10:59.658+0000] {dag.py:4180} INFO - Setting next_dagrun for example_branch_operator to 2025-04-03 00:00:00+00:00, run_after=2025-04-04 00:00:00+00:00
[2025-04-04T19:10:59.674+0000] {processor.py:208} INFO - Processing /home/airflow/.local/lib/python3.12/site-packages/airflow/example_dags/example_branch_operator.py took 0.089 seconds
[2025-04-04T19:11:30.573+0000] {processor.py:186} INFO - Started process (PID=2706) to work on /home/airflow/.local/lib/python3.12/site-packages/airflow/example_dags/example_branch_operator.py
[2025-04-04T19:11:30.574+0000] {processor.py:914} INFO - Processing file /home/airflow/.local/lib/python3.12/site-packages/airflow/example_dags/example_branch_operator.py for tasks to queue
[2025-04-04T19:11:30.577+0000] {logging_mixin.py:190} INFO - [2025-04-04T19:11:30.576+0000] {dagbag.py:588} INFO - Filling up the DagBag from /home/airflow/.local/lib/python3.12/site-packages/airflow/example_dags/example_branch_operator.py
[2025-04-04T19:11:30.594+0000] {processor.py:925} INFO - DAG(s) 'example_branch_operator' retrieved from /home/airflow/.local/lib/python3.12/site-packages/airflow/example_dags/example_branch_operator.py
[2025-04-04T19:11:30.627+0000] {logging_mixin.py:190} INFO - [2025-04-04T19:11:30.626+0000] {dag.py:3239} INFO - Sync 1 DAGs
[2025-04-04T19:11:30.650+0000] {logging_mixin.py:190} INFO - [2025-04-04T19:11:30.650+0000] {dag.py:4180} INFO - Setting next_dagrun for example_branch_operator to 2025-04-03 00:00:00+00:00, run_after=2025-04-04 00:00:00+00:00
[2025-04-04T19:11:30.668+0000] {processor.py:208} INFO - Processing /home/airflow/.local/lib/python3.12/site-packages/airflow/example_dags/example_branch_operator.py took 0.101 seconds
[2025-04-04T19:12:00.807+0000] {processor.py:186} INFO - Started process (PID=2770) to work on /home/airflow/.local/lib/python3.12/site-packages/airflow/example_dags/example_branch_operator.py
[2025-04-04T19:12:00.808+0000] {processor.py:914} INFO - Processing file /home/airflow/.local/lib/python3.12/site-packages/airflow/example_dags/example_branch_operator.py for tasks to queue
[2025-04-04T19:12:00.810+0000] {logging_mixin.py:190} INFO - [2025-04-04T19:12:00.810+0000] {dagbag.py:588} INFO - Filling up the DagBag from /home/airflow/.local/lib/python3.12/site-packages/airflow/example_dags/example_branch_operator.py
[2025-04-04T19:12:00.836+0000] {processor.py:925} INFO - DAG(s) 'example_branch_operator' retrieved from /home/airflow/.local/lib/python3.12/site-packages/airflow/example_dags/example_branch_operator.py
[2025-04-04T19:12:00.873+0000] {logging_mixin.py:190} INFO - [2025-04-04T19:12:00.873+0000] {dag.py:3239} INFO - Sync 1 DAGs
[2025-04-04T19:12:00.897+0000] {logging_mixin.py:190} INFO - [2025-04-04T19:12:00.897+0000] {dag.py:4180} INFO - Setting next_dagrun for example_branch_operator to 2025-04-03 00:00:00+00:00, run_after=2025-04-04 00:00:00+00:00
[2025-04-04T19:12:00.914+0000] {processor.py:208} INFO - Processing /home/airflow/.local/lib/python3.12/site-packages/airflow/example_dags/example_branch_operator.py took 0.114 seconds
[2025-04-04T19:12:31.021+0000] {processor.py:186} INFO - Started process (PID=2834) to work on /home/airflow/.local/lib/python3.12/site-packages/airflow/example_dags/example_branch_operator.py
[2025-04-04T19:12:31.022+0000] {processor.py:914} INFO - Processing file /home/airflow/.local/lib/python3.12/site-packages/airflow/example_dags/example_branch_operator.py for tasks to queue
[2025-04-04T19:12:31.024+0000] {logging_mixin.py:190} INFO - [2025-04-04T19:12:31.024+0000] {dagbag.py:588} INFO - Filling up the DagBag from /home/airflow/.local/lib/python3.12/site-packages/airflow/example_dags/example_branch_operator.py
[2025-04-04T19:12:31.040+0000] {processor.py:925} INFO - DAG(s) 'example_branch_operator' retrieved from /home/airflow/.local/lib/python3.12/site-packages/airflow/example_dags/example_branch_operator.py
[2025-04-04T19:12:31.069+0000] {logging_mixin.py:190} INFO - [2025-04-04T19:12:31.069+0000] {dag.py:3239} INFO - Sync 1 DAGs
[2025-04-04T19:12:31.094+0000] {logging_mixin.py:190} INFO - [2025-04-04T19:12:31.094+0000] {dag.py:4180} INFO - Setting next_dagrun for example_branch_operator to 2025-04-03 00:00:00+00:00, run_after=2025-04-04 00:00:00+00:00
[2025-04-04T19:12:31.112+0000] {processor.py:208} INFO - Processing /home/airflow/.local/lib/python3.12/site-packages/airflow/example_dags/example_branch_operator.py took 0.096 seconds
[2025-04-04T19:13:02.131+0000] {processor.py:186} INFO - Started process (PID=2897) to work on /home/airflow/.local/lib/python3.12/site-packages/airflow/example_dags/example_branch_operator.py
[2025-04-04T19:13:02.133+0000] {processor.py:914} INFO - Processing file /home/airflow/.local/lib/python3.12/site-packages/airflow/example_dags/example_branch_operator.py for tasks to queue
[2025-04-04T19:13:02.135+0000] {logging_mixin.py:190} INFO - [2025-04-04T19:13:02.135+0000] {dagbag.py:588} INFO - Filling up the DagBag from /home/airflow/.local/lib/python3.12/site-packages/airflow/example_dags/example_branch_operator.py
[2025-04-04T19:13:02.152+0000] {processor.py:925} INFO - DAG(s) 'example_branch_operator' retrieved from /home/airflow/.local/lib/python3.12/site-packages/airflow/example_dags/example_branch_operator.py
[2025-04-04T19:13:02.180+0000] {logging_mixin.py:190} INFO - [2025-04-04T19:13:02.180+0000] {dag.py:3239} INFO - Sync 1 DAGs
[2025-04-04T19:13:02.206+0000] {logging_mixin.py:190} INFO - [2025-04-04T19:13:02.205+0000] {dag.py:4180} INFO - Setting next_dagrun for example_branch_operator to 2025-04-03 00:00:00+00:00, run_after=2025-04-04 00:00:00+00:00
[2025-04-04T19:13:02.223+0000] {processor.py:208} INFO - Processing /home/airflow/.local/lib/python3.12/site-packages/airflow/example_dags/example_branch_operator.py took 0.098 seconds
[2025-04-04T19:13:34.821+0000] {processor.py:186} INFO - Started process (PID=2958) to work on /home/airflow/.local/lib/python3.12/site-packages/airflow/example_dags/example_branch_operator.py
[2025-04-04T19:13:34.823+0000] {processor.py:914} INFO - Processing file /home/airflow/.local/lib/python3.12/site-packages/airflow/example_dags/example_branch_operator.py for tasks to queue
[2025-04-04T19:13:34.825+0000] {logging_mixin.py:190} INFO - [2025-04-04T19:13:34.825+0000] {dagbag.py:588} INFO - Filling up the DagBag from /home/airflow/.local/lib/python3.12/site-packages/airflow/example_dags/example_branch_operator.py
[2025-04-04T19:13:34.845+0000] {processor.py:925} INFO - DAG(s) 'example_branch_operator' retrieved from /home/airflow/.local/lib/python3.12/site-packages/airflow/example_dags/example_branch_operator.py
[2025-04-04T19:13:34.874+0000] {logging_mixin.py:190} INFO - [2025-04-04T19:13:34.873+0000] {dag.py:3239} INFO - Sync 1 DAGs
[2025-04-04T19:13:34.897+0000] {logging_mixin.py:190} INFO - [2025-04-04T19:13:34.896+0000] {dag.py:4180} INFO - Setting next_dagrun for example_branch_operator to 2025-04-03 00:00:00+00:00, run_after=2025-04-04 00:00:00+00:00
[2025-04-04T19:13:34.913+0000] {processor.py:208} INFO - Processing /home/airflow/.local/lib/python3.12/site-packages/airflow/example_dags/example_branch_operator.py took 0.097 seconds
[2025-04-04T19:14:05.664+0000] {processor.py:186} INFO - Started process (PID=3022) to work on /home/airflow/.local/lib/python3.12/site-packages/airflow/example_dags/example_branch_operator.py
[2025-04-04T19:14:05.666+0000] {processor.py:914} INFO - Processing file /home/airflow/.local/lib/python3.12/site-packages/airflow/example_dags/example_branch_operator.py for tasks to queue
[2025-04-04T19:14:05.668+0000] {logging_mixin.py:190} INFO - [2025-04-04T19:14:05.668+0000] {dagbag.py:588} INFO - Filling up the DagBag from /home/airflow/.local/lib/python3.12/site-packages/airflow/example_dags/example_branch_operator.py
[2025-04-04T19:14:05.900+0000] {processor.py:925} INFO - DAG(s) 'example_branch_operator' retrieved from /home/airflow/.local/lib/python3.12/site-packages/airflow/example_dags/example_branch_operator.py
[2025-04-04T19:14:05.933+0000] {logging_mixin.py:190} INFO - [2025-04-04T19:14:05.932+0000] {dag.py:3239} INFO - Sync 1 DAGs
[2025-04-04T19:14:05.955+0000] {logging_mixin.py:190} INFO - [2025-04-04T19:14:05.955+0000] {dag.py:4180} INFO - Setting next_dagrun for example_branch_operator to 2025-04-03 00:00:00+00:00, run_after=2025-04-04 00:00:00+00:00
[2025-04-04T19:14:05.973+0000] {processor.py:208} INFO - Processing /home/airflow/.local/lib/python3.12/site-packages/airflow/example_dags/example_branch_operator.py took 0.315 seconds
[2025-04-04T19:14:36.795+0000] {processor.py:186} INFO - Started process (PID=3086) to work on /home/airflow/.local/lib/python3.12/site-packages/airflow/example_dags/example_branch_operator.py
[2025-04-04T19:14:36.796+0000] {processor.py:914} INFO - Processing file /home/airflow/.local/lib/python3.12/site-packages/airflow/example_dags/example_branch_operator.py for tasks to queue
[2025-04-04T19:14:36.798+0000] {logging_mixin.py:190} INFO - [2025-04-04T19:14:36.797+0000] {dagbag.py:588} INFO - Filling up the DagBag from /home/airflow/.local/lib/python3.12/site-packages/airflow/example_dags/example_branch_operator.py
[2025-04-04T19:14:36.814+0000] {processor.py:925} INFO - DAG(s) 'example_branch_operator' retrieved from /home/airflow/.local/lib/python3.12/site-packages/airflow/example_dags/example_branch_operator.py
[2025-04-04T19:14:36.843+0000] {logging_mixin.py:190} INFO - [2025-04-04T19:14:36.843+0000] {dag.py:3239} INFO - Sync 1 DAGs
[2025-04-04T19:14:36.865+0000] {logging_mixin.py:190} INFO - [2025-04-04T19:14:36.865+0000] {dag.py:4180} INFO - Setting next_dagrun for example_branch_operator to 2025-04-03 00:00:00+00:00, run_after=2025-04-04 00:00:00+00:00
[2025-04-04T19:14:36.883+0000] {processor.py:208} INFO - Processing /home/airflow/.local/lib/python3.12/site-packages/airflow/example_dags/example_branch_operator.py took 0.094 seconds
[2025-04-04T19:15:07.022+0000] {processor.py:186} INFO - Started process (PID=3150) to work on /home/airflow/.local/lib/python3.12/site-packages/airflow/example_dags/example_branch_operator.py
[2025-04-04T19:15:07.023+0000] {processor.py:914} INFO - Processing file /home/airflow/.local/lib/python3.12/site-packages/airflow/example_dags/example_branch_operator.py for tasks to queue
[2025-04-04T19:15:07.025+0000] {logging_mixin.py:190} INFO - [2025-04-04T19:15:07.025+0000] {dagbag.py:588} INFO - Filling up the DagBag from /home/airflow/.local/lib/python3.12/site-packages/airflow/example_dags/example_branch_operator.py
[2025-04-04T19:15:07.043+0000] {processor.py:925} INFO - DAG(s) 'example_branch_operator' retrieved from /home/airflow/.local/lib/python3.12/site-packages/airflow/example_dags/example_branch_operator.py
[2025-04-04T19:15:07.072+0000] {logging_mixin.py:190} INFO - [2025-04-04T19:15:07.072+0000] {dag.py:3239} INFO - Sync 1 DAGs
[2025-04-04T19:15:07.095+0000] {logging_mixin.py:190} INFO - [2025-04-04T19:15:07.095+0000] {dag.py:4180} INFO - Setting next_dagrun for example_branch_operator to 2025-04-03 00:00:00+00:00, run_after=2025-04-04 00:00:00+00:00
[2025-04-04T19:15:07.116+0000] {processor.py:208} INFO - Processing /home/airflow/.local/lib/python3.12/site-packages/airflow/example_dags/example_branch_operator.py took 0.100 seconds
[2025-04-04T19:15:37.900+0000] {processor.py:186} INFO - Started process (PID=3212) to work on /home/airflow/.local/lib/python3.12/site-packages/airflow/example_dags/example_branch_operator.py
[2025-04-04T19:15:37.901+0000] {processor.py:914} INFO - Processing file /home/airflow/.local/lib/python3.12/site-packages/airflow/example_dags/example_branch_operator.py for tasks to queue
[2025-04-04T19:15:37.903+0000] {logging_mixin.py:190} INFO - [2025-04-04T19:15:37.903+0000] {dagbag.py:588} INFO - Filling up the DagBag from /home/airflow/.local/lib/python3.12/site-packages/airflow/example_dags/example_branch_operator.py
[2025-04-04T19:15:37.922+0000] {processor.py:925} INFO - DAG(s) 'example_branch_operator' retrieved from /home/airflow/.local/lib/python3.12/site-packages/airflow/example_dags/example_branch_operator.py
[2025-04-04T19:15:37.949+0000] {logging_mixin.py:190} INFO - [2025-04-04T19:15:37.948+0000] {dag.py:3239} INFO - Sync 1 DAGs
[2025-04-04T19:15:37.974+0000] {logging_mixin.py:190} INFO - [2025-04-04T19:15:37.974+0000] {dag.py:4180} INFO - Setting next_dagrun for example_branch_operator to 2025-04-03 00:00:00+00:00, run_after=2025-04-04 00:00:00+00:00
[2025-04-04T19:15:37.994+0000] {processor.py:208} INFO - Processing /home/airflow/.local/lib/python3.12/site-packages/airflow/example_dags/example_branch_operator.py took 0.099 seconds
[2025-04-04T19:16:08.339+0000] {processor.py:186} INFO - Started process (PID=3271) to work on /home/airflow/.local/lib/python3.12/site-packages/airflow/example_dags/example_branch_operator.py
[2025-04-04T19:16:08.340+0000] {processor.py:914} INFO - Processing file /home/airflow/.local/lib/python3.12/site-packages/airflow/example_dags/example_branch_operator.py for tasks to queue
[2025-04-04T19:16:08.342+0000] {logging_mixin.py:190} INFO - [2025-04-04T19:16:08.342+0000] {dagbag.py:588} INFO - Filling up the DagBag from /home/airflow/.local/lib/python3.12/site-packages/airflow/example_dags/example_branch_operator.py
[2025-04-04T19:16:08.361+0000] {processor.py:925} INFO - DAG(s) 'example_branch_operator' retrieved from /home/airflow/.local/lib/python3.12/site-packages/airflow/example_dags/example_branch_operator.py
[2025-04-04T19:16:08.396+0000] {logging_mixin.py:190} INFO - [2025-04-04T19:16:08.395+0000] {dag.py:3239} INFO - Sync 1 DAGs
[2025-04-04T19:16:08.425+0000] {logging_mixin.py:190} INFO - [2025-04-04T19:16:08.424+0000] {dag.py:4180} INFO - Setting next_dagrun for example_branch_operator to 2025-04-03 00:00:00+00:00, run_after=2025-04-04 00:00:00+00:00
[2025-04-04T19:16:08.446+0000] {processor.py:208} INFO - Processing /home/airflow/.local/lib/python3.12/site-packages/airflow/example_dags/example_branch_operator.py took 0.114 seconds
[2025-04-04T19:16:38.982+0000] {processor.py:186} INFO - Started process (PID=3332) to work on /home/airflow/.local/lib/python3.12/site-packages/airflow/example_dags/example_branch_operator.py
[2025-04-04T19:16:38.983+0000] {processor.py:914} INFO - Processing file /home/airflow/.local/lib/python3.12/site-packages/airflow/example_dags/example_branch_operator.py for tasks to queue
[2025-04-04T19:16:38.986+0000] {logging_mixin.py:190} INFO - [2025-04-04T19:16:38.985+0000] {dagbag.py:588} INFO - Filling up the DagBag from /home/airflow/.local/lib/python3.12/site-packages/airflow/example_dags/example_branch_operator.py
[2025-04-04T19:16:39.002+0000] {processor.py:925} INFO - DAG(s) 'example_branch_operator' retrieved from /home/airflow/.local/lib/python3.12/site-packages/airflow/example_dags/example_branch_operator.py
[2025-04-04T19:16:39.033+0000] {logging_mixin.py:190} INFO - [2025-04-04T19:16:39.032+0000] {dag.py:3239} INFO - Sync 1 DAGs
[2025-04-04T19:16:39.057+0000] {logging_mixin.py:190} INFO - [2025-04-04T19:16:39.057+0000] {dag.py:4180} INFO - Setting next_dagrun for example_branch_operator to 2025-04-03 00:00:00+00:00, run_after=2025-04-04 00:00:00+00:00
[2025-04-04T19:16:39.074+0000] {processor.py:208} INFO - Processing /home/airflow/.local/lib/python3.12/site-packages/airflow/example_dags/example_branch_operator.py took 0.099 seconds
[2025-04-04T19:17:09.237+0000] {processor.py:186} INFO - Started process (PID=3396) to work on /home/airflow/.local/lib/python3.12/site-packages/airflow/example_dags/example_branch_operator.py
[2025-04-04T19:17:09.238+0000] {processor.py:914} INFO - Processing file /home/airflow/.local/lib/python3.12/site-packages/airflow/example_dags/example_branch_operator.py for tasks to queue
[2025-04-04T19:17:09.240+0000] {logging_mixin.py:190} INFO - [2025-04-04T19:17:09.240+0000] {dagbag.py:588} INFO - Filling up the DagBag from /home/airflow/.local/lib/python3.12/site-packages/airflow/example_dags/example_branch_operator.py
[2025-04-04T19:17:09.256+0000] {processor.py:925} INFO - DAG(s) 'example_branch_operator' retrieved from /home/airflow/.local/lib/python3.12/site-packages/airflow/example_dags/example_branch_operator.py
[2025-04-04T19:17:09.284+0000] {logging_mixin.py:190} INFO - [2025-04-04T19:17:09.283+0000] {dag.py:3239} INFO - Sync 1 DAGs
[2025-04-04T19:17:09.308+0000] {logging_mixin.py:190} INFO - [2025-04-04T19:17:09.307+0000] {dag.py:4180} INFO - Setting next_dagrun for example_branch_operator to 2025-04-03 00:00:00+00:00, run_after=2025-04-04 00:00:00+00:00
[2025-04-04T19:17:09.324+0000] {processor.py:208} INFO - Processing /home/airflow/.local/lib/python3.12/site-packages/airflow/example_dags/example_branch_operator.py took 0.093 seconds
[2025-04-04T19:17:39.892+0000] {processor.py:186} INFO - Started process (PID=3461) to work on /home/airflow/.local/lib/python3.12/site-packages/airflow/example_dags/example_branch_operator.py
[2025-04-04T19:17:39.893+0000] {processor.py:914} INFO - Processing file /home/airflow/.local/lib/python3.12/site-packages/airflow/example_dags/example_branch_operator.py for tasks to queue
[2025-04-04T19:17:39.895+0000] {logging_mixin.py:190} INFO - [2025-04-04T19:17:39.895+0000] {dagbag.py:588} INFO - Filling up the DagBag from /home/airflow/.local/lib/python3.12/site-packages/airflow/example_dags/example_branch_operator.py
[2025-04-04T19:17:39.911+0000] {processor.py:925} INFO - DAG(s) 'example_branch_operator' retrieved from /home/airflow/.local/lib/python3.12/site-packages/airflow/example_dags/example_branch_operator.py
[2025-04-04T19:17:39.940+0000] {logging_mixin.py:190} INFO - [2025-04-04T19:17:39.940+0000] {dag.py:3239} INFO - Sync 1 DAGs
[2025-04-04T19:17:39.966+0000] {logging_mixin.py:190} INFO - [2025-04-04T19:17:39.966+0000] {dag.py:4180} INFO - Setting next_dagrun for example_branch_operator to 2025-04-03 00:00:00+00:00, run_after=2025-04-04 00:00:00+00:00
[2025-04-04T19:17:39.984+0000] {processor.py:208} INFO - Processing /home/airflow/.local/lib/python3.12/site-packages/airflow/example_dags/example_branch_operator.py took 0.097 seconds
[2025-04-04T19:18:10.650+0000] {processor.py:186} INFO - Started process (PID=3525) to work on /home/airflow/.local/lib/python3.12/site-packages/airflow/example_dags/example_branch_operator.py
[2025-04-04T19:18:10.651+0000] {processor.py:914} INFO - Processing file /home/airflow/.local/lib/python3.12/site-packages/airflow/example_dags/example_branch_operator.py for tasks to queue
[2025-04-04T19:18:10.654+0000] {logging_mixin.py:190} INFO - [2025-04-04T19:18:10.653+0000] {dagbag.py:588} INFO - Filling up the DagBag from /home/airflow/.local/lib/python3.12/site-packages/airflow/example_dags/example_branch_operator.py
[2025-04-04T19:18:10.672+0000] {processor.py:925} INFO - DAG(s) 'example_branch_operator' retrieved from /home/airflow/.local/lib/python3.12/site-packages/airflow/example_dags/example_branch_operator.py
[2025-04-04T19:18:10.704+0000] {logging_mixin.py:190} INFO - [2025-04-04T19:18:10.704+0000] {dag.py:3239} INFO - Sync 1 DAGs
[2025-04-04T19:18:10.731+0000] {logging_mixin.py:190} INFO - [2025-04-04T19:18:10.731+0000] {dag.py:4180} INFO - Setting next_dagrun for example_branch_operator to 2025-04-03 00:00:00+00:00, run_after=2025-04-04 00:00:00+00:00
[2025-04-04T19:18:10.749+0000] {processor.py:208} INFO - Processing /home/airflow/.local/lib/python3.12/site-packages/airflow/example_dags/example_branch_operator.py took 0.105 seconds
[2025-04-04T19:18:40.936+0000] {processor.py:186} INFO - Started process (PID=3589) to work on /home/airflow/.local/lib/python3.12/site-packages/airflow/example_dags/example_branch_operator.py
[2025-04-04T19:18:40.937+0000] {processor.py:914} INFO - Processing file /home/airflow/.local/lib/python3.12/site-packages/airflow/example_dags/example_branch_operator.py for tasks to queue
[2025-04-04T19:18:40.939+0000] {logging_mixin.py:190} INFO - [2025-04-04T19:18:40.938+0000] {dagbag.py:588} INFO - Filling up the DagBag from /home/airflow/.local/lib/python3.12/site-packages/airflow/example_dags/example_branch_operator.py
[2025-04-04T19:18:40.955+0000] {processor.py:925} INFO - DAG(s) 'example_branch_operator' retrieved from /home/airflow/.local/lib/python3.12/site-packages/airflow/example_dags/example_branch_operator.py
[2025-04-04T19:18:40.983+0000] {logging_mixin.py:190} INFO - [2025-04-04T19:18:40.983+0000] {dag.py:3239} INFO - Sync 1 DAGs
[2025-04-04T19:18:41.006+0000] {logging_mixin.py:190} INFO - [2025-04-04T19:18:41.005+0000] {dag.py:4180} INFO - Setting next_dagrun for example_branch_operator to 2025-04-03 00:00:00+00:00, run_after=2025-04-04 00:00:00+00:00
[2025-04-04T19:18:41.024+0000] {processor.py:208} INFO - Processing /home/airflow/.local/lib/python3.12/site-packages/airflow/example_dags/example_branch_operator.py took 0.094 seconds
[2025-04-04T19:19:11.943+0000] {processor.py:186} INFO - Started process (PID=3653) to work on /home/airflow/.local/lib/python3.12/site-packages/airflow/example_dags/example_branch_operator.py
[2025-04-04T19:19:11.944+0000] {processor.py:914} INFO - Processing file /home/airflow/.local/lib/python3.12/site-packages/airflow/example_dags/example_branch_operator.py for tasks to queue
[2025-04-04T19:19:11.946+0000] {logging_mixin.py:190} INFO - [2025-04-04T19:19:11.946+0000] {dagbag.py:588} INFO - Filling up the DagBag from /home/airflow/.local/lib/python3.12/site-packages/airflow/example_dags/example_branch_operator.py
[2025-04-04T19:19:11.966+0000] {processor.py:925} INFO - DAG(s) 'example_branch_operator' retrieved from /home/airflow/.local/lib/python3.12/site-packages/airflow/example_dags/example_branch_operator.py
[2025-04-04T19:19:12.005+0000] {logging_mixin.py:190} INFO - [2025-04-04T19:19:12.004+0000] {dag.py:3239} INFO - Sync 1 DAGs
[2025-04-04T19:19:12.038+0000] {logging_mixin.py:190} INFO - [2025-04-04T19:19:12.037+0000] {dag.py:4180} INFO - Setting next_dagrun for example_branch_operator to 2025-04-03 00:00:00+00:00, run_after=2025-04-04 00:00:00+00:00
[2025-04-04T19:19:12.059+0000] {processor.py:208} INFO - Processing /home/airflow/.local/lib/python3.12/site-packages/airflow/example_dags/example_branch_operator.py took 0.123 seconds
[2025-04-04T19:19:42.965+0000] {processor.py:186} INFO - Started process (PID=3717) to work on /home/airflow/.local/lib/python3.12/site-packages/airflow/example_dags/example_branch_operator.py
[2025-04-04T19:19:42.967+0000] {processor.py:914} INFO - Processing file /home/airflow/.local/lib/python3.12/site-packages/airflow/example_dags/example_branch_operator.py for tasks to queue
[2025-04-04T19:19:42.969+0000] {logging_mixin.py:190} INFO - [2025-04-04T19:19:42.969+0000] {dagbag.py:588} INFO - Filling up the DagBag from /home/airflow/.local/lib/python3.12/site-packages/airflow/example_dags/example_branch_operator.py
[2025-04-04T19:19:42.990+0000] {processor.py:925} INFO - DAG(s) 'example_branch_operator' retrieved from /home/airflow/.local/lib/python3.12/site-packages/airflow/example_dags/example_branch_operator.py
[2025-04-04T19:19:43.027+0000] {logging_mixin.py:190} INFO - [2025-04-04T19:19:43.027+0000] {dag.py:3239} INFO - Sync 1 DAGs
[2025-04-04T19:19:43.061+0000] {logging_mixin.py:190} INFO - [2025-04-04T19:19:43.061+0000] {dag.py:4180} INFO - Setting next_dagrun for example_branch_operator to 2025-04-03 00:00:00+00:00, run_after=2025-04-04 00:00:00+00:00
[2025-04-04T19:19:43.088+0000] {processor.py:208} INFO - Processing /home/airflow/.local/lib/python3.12/site-packages/airflow/example_dags/example_branch_operator.py took 0.129 seconds
[2025-04-04T19:20:13.432+0000] {processor.py:186} INFO - Started process (PID=3781) to work on /home/airflow/.local/lib/python3.12/site-packages/airflow/example_dags/example_branch_operator.py
[2025-04-04T19:20:13.433+0000] {processor.py:914} INFO - Processing file /home/airflow/.local/lib/python3.12/site-packages/airflow/example_dags/example_branch_operator.py for tasks to queue
[2025-04-04T19:20:13.435+0000] {logging_mixin.py:190} INFO - [2025-04-04T19:20:13.435+0000] {dagbag.py:588} INFO - Filling up the DagBag from /home/airflow/.local/lib/python3.12/site-packages/airflow/example_dags/example_branch_operator.py
[2025-04-04T19:20:13.451+0000] {processor.py:925} INFO - DAG(s) 'example_branch_operator' retrieved from /home/airflow/.local/lib/python3.12/site-packages/airflow/example_dags/example_branch_operator.py
[2025-04-04T19:20:13.477+0000] {logging_mixin.py:190} INFO - [2025-04-04T19:20:13.477+0000] {dag.py:3239} INFO - Sync 1 DAGs
[2025-04-04T19:20:13.502+0000] {logging_mixin.py:190} INFO - [2025-04-04T19:20:13.501+0000] {dag.py:4180} INFO - Setting next_dagrun for example_branch_operator to 2025-04-03 00:00:00+00:00, run_after=2025-04-04 00:00:00+00:00
[2025-04-04T19:20:13.518+0000] {processor.py:208} INFO - Processing /home/airflow/.local/lib/python3.12/site-packages/airflow/example_dags/example_branch_operator.py took 0.092 seconds
[2025-04-04T19:20:44.069+0000] {processor.py:186} INFO - Started process (PID=3845) to work on /home/airflow/.local/lib/python3.12/site-packages/airflow/example_dags/example_branch_operator.py
[2025-04-04T19:20:44.070+0000] {processor.py:914} INFO - Processing file /home/airflow/.local/lib/python3.12/site-packages/airflow/example_dags/example_branch_operator.py for tasks to queue
[2025-04-04T19:20:44.072+0000] {logging_mixin.py:190} INFO - [2025-04-04T19:20:44.072+0000] {dagbag.py:588} INFO - Filling up the DagBag from /home/airflow/.local/lib/python3.12/site-packages/airflow/example_dags/example_branch_operator.py
[2025-04-04T19:20:44.090+0000] {processor.py:925} INFO - DAG(s) 'example_branch_operator' retrieved from /home/airflow/.local/lib/python3.12/site-packages/airflow/example_dags/example_branch_operator.py
[2025-04-04T19:20:44.120+0000] {logging_mixin.py:190} INFO - [2025-04-04T19:20:44.120+0000] {dag.py:3239} INFO - Sync 1 DAGs
[2025-04-04T19:20:44.143+0000] {logging_mixin.py:190} INFO - [2025-04-04T19:20:44.143+0000] {dag.py:4180} INFO - Setting next_dagrun for example_branch_operator to 2025-04-03 00:00:00+00:00, run_after=2025-04-04 00:00:00+00:00
[2025-04-04T19:20:44.159+0000] {processor.py:208} INFO - Processing /home/airflow/.local/lib/python3.12/site-packages/airflow/example_dags/example_branch_operator.py took 0.096 seconds
[2025-04-04T19:21:14.424+0000] {processor.py:186} INFO - Started process (PID=3915) to work on /home/airflow/.local/lib/python3.12/site-packages/airflow/example_dags/example_branch_operator.py
[2025-04-04T19:21:14.425+0000] {processor.py:914} INFO - Processing file /home/airflow/.local/lib/python3.12/site-packages/airflow/example_dags/example_branch_operator.py for tasks to queue
[2025-04-04T19:21:14.428+0000] {logging_mixin.py:190} INFO - [2025-04-04T19:21:14.427+0000] {dagbag.py:588} INFO - Filling up the DagBag from /home/airflow/.local/lib/python3.12/site-packages/airflow/example_dags/example_branch_operator.py
[2025-04-04T19:21:14.447+0000] {processor.py:925} INFO - DAG(s) 'example_branch_operator' retrieved from /home/airflow/.local/lib/python3.12/site-packages/airflow/example_dags/example_branch_operator.py
[2025-04-04T19:21:14.484+0000] {logging_mixin.py:190} INFO - [2025-04-04T19:21:14.484+0000] {dag.py:3239} INFO - Sync 1 DAGs
[2025-04-04T19:21:14.518+0000] {logging_mixin.py:190} INFO - [2025-04-04T19:21:14.517+0000] {dag.py:4180} INFO - Setting next_dagrun for example_branch_operator to 2025-04-03 00:00:00+00:00, run_after=2025-04-04 00:00:00+00:00
[2025-04-04T19:21:14.546+0000] {processor.py:208} INFO - Processing /home/airflow/.local/lib/python3.12/site-packages/airflow/example_dags/example_branch_operator.py took 0.130 seconds
[2025-04-04T19:21:45.263+0000] {processor.py:186} INFO - Started process (PID=3979) to work on /home/airflow/.local/lib/python3.12/site-packages/airflow/example_dags/example_branch_operator.py
[2025-04-04T19:21:45.264+0000] {processor.py:914} INFO - Processing file /home/airflow/.local/lib/python3.12/site-packages/airflow/example_dags/example_branch_operator.py for tasks to queue
[2025-04-04T19:21:45.266+0000] {logging_mixin.py:190} INFO - [2025-04-04T19:21:45.266+0000] {dagbag.py:588} INFO - Filling up the DagBag from /home/airflow/.local/lib/python3.12/site-packages/airflow/example_dags/example_branch_operator.py
[2025-04-04T19:21:45.282+0000] {processor.py:925} INFO - DAG(s) 'example_branch_operator' retrieved from /home/airflow/.local/lib/python3.12/site-packages/airflow/example_dags/example_branch_operator.py
[2025-04-04T19:21:45.310+0000] {logging_mixin.py:190} INFO - [2025-04-04T19:21:45.310+0000] {dag.py:3239} INFO - Sync 1 DAGs
[2025-04-04T19:21:45.333+0000] {logging_mixin.py:190} INFO - [2025-04-04T19:21:45.333+0000] {dag.py:4180} INFO - Setting next_dagrun for example_branch_operator to 2025-04-03 00:00:00+00:00, run_after=2025-04-04 00:00:00+00:00
[2025-04-04T19:21:45.350+0000] {processor.py:208} INFO - Processing /home/airflow/.local/lib/python3.12/site-packages/airflow/example_dags/example_branch_operator.py took 0.094 seconds
[2025-04-04T19:22:15.952+0000] {processor.py:186} INFO - Started process (PID=4043) to work on /home/airflow/.local/lib/python3.12/site-packages/airflow/example_dags/example_branch_operator.py
[2025-04-04T19:22:15.953+0000] {processor.py:914} INFO - Processing file /home/airflow/.local/lib/python3.12/site-packages/airflow/example_dags/example_branch_operator.py for tasks to queue
[2025-04-04T19:22:15.956+0000] {logging_mixin.py:190} INFO - [2025-04-04T19:22:15.955+0000] {dagbag.py:588} INFO - Filling up the DagBag from /home/airflow/.local/lib/python3.12/site-packages/airflow/example_dags/example_branch_operator.py
[2025-04-04T19:22:15.972+0000] {processor.py:925} INFO - DAG(s) 'example_branch_operator' retrieved from /home/airflow/.local/lib/python3.12/site-packages/airflow/example_dags/example_branch_operator.py
[2025-04-04T19:22:16.003+0000] {logging_mixin.py:190} INFO - [2025-04-04T19:22:16.002+0000] {dag.py:3239} INFO - Sync 1 DAGs
[2025-04-04T19:22:16.025+0000] {logging_mixin.py:190} INFO - [2025-04-04T19:22:16.025+0000] {dag.py:4180} INFO - Setting next_dagrun for example_branch_operator to 2025-04-03 00:00:00+00:00, run_after=2025-04-04 00:00:00+00:00
[2025-04-04T19:22:16.041+0000] {processor.py:208} INFO - Processing /home/airflow/.local/lib/python3.12/site-packages/airflow/example_dags/example_branch_operator.py took 0.094 seconds
[2025-04-04T19:22:46.384+0000] {processor.py:186} INFO - Started process (PID=4107) to work on /home/airflow/.local/lib/python3.12/site-packages/airflow/example_dags/example_branch_operator.py
[2025-04-04T19:22:46.385+0000] {processor.py:914} INFO - Processing file /home/airflow/.local/lib/python3.12/site-packages/airflow/example_dags/example_branch_operator.py for tasks to queue
[2025-04-04T19:22:46.387+0000] {logging_mixin.py:190} INFO - [2025-04-04T19:22:46.386+0000] {dagbag.py:588} INFO - Filling up the DagBag from /home/airflow/.local/lib/python3.12/site-packages/airflow/example_dags/example_branch_operator.py
[2025-04-04T19:22:46.403+0000] {processor.py:925} INFO - DAG(s) 'example_branch_operator' retrieved from /home/airflow/.local/lib/python3.12/site-packages/airflow/example_dags/example_branch_operator.py
[2025-04-04T19:22:46.429+0000] {logging_mixin.py:190} INFO - [2025-04-04T19:22:46.429+0000] {dag.py:3239} INFO - Sync 1 DAGs
[2025-04-04T19:22:46.452+0000] {logging_mixin.py:190} INFO - [2025-04-04T19:22:46.452+0000] {dag.py:4180} INFO - Setting next_dagrun for example_branch_operator to 2025-04-03 00:00:00+00:00, run_after=2025-04-04 00:00:00+00:00
[2025-04-04T19:22:46.469+0000] {processor.py:208} INFO - Processing /home/airflow/.local/lib/python3.12/site-packages/airflow/example_dags/example_branch_operator.py took 0.090 seconds
[2025-04-04T19:23:16.660+0000] {processor.py:186} INFO - Started process (PID=4171) to work on /home/airflow/.local/lib/python3.12/site-packages/airflow/example_dags/example_branch_operator.py
[2025-04-04T19:23:16.661+0000] {processor.py:914} INFO - Processing file /home/airflow/.local/lib/python3.12/site-packages/airflow/example_dags/example_branch_operator.py for tasks to queue
[2025-04-04T19:23:16.663+0000] {logging_mixin.py:190} INFO - [2025-04-04T19:23:16.663+0000] {dagbag.py:588} INFO - Filling up the DagBag from /home/airflow/.local/lib/python3.12/site-packages/airflow/example_dags/example_branch_operator.py
[2025-04-04T19:23:16.680+0000] {processor.py:925} INFO - DAG(s) 'example_branch_operator' retrieved from /home/airflow/.local/lib/python3.12/site-packages/airflow/example_dags/example_branch_operator.py
[2025-04-04T19:23:16.709+0000] {logging_mixin.py:190} INFO - [2025-04-04T19:23:16.709+0000] {dag.py:3239} INFO - Sync 1 DAGs
[2025-04-04T19:23:16.732+0000] {logging_mixin.py:190} INFO - [2025-04-04T19:23:16.732+0000] {dag.py:4180} INFO - Setting next_dagrun for example_branch_operator to 2025-04-03 00:00:00+00:00, run_after=2025-04-04 00:00:00+00:00
[2025-04-04T19:23:16.749+0000] {processor.py:208} INFO - Processing /home/airflow/.local/lib/python3.12/site-packages/airflow/example_dags/example_branch_operator.py took 0.095 seconds
[2025-04-04T19:23:47.236+0000] {processor.py:186} INFO - Started process (PID=4235) to work on /home/airflow/.local/lib/python3.12/site-packages/airflow/example_dags/example_branch_operator.py
[2025-04-04T19:23:47.237+0000] {processor.py:914} INFO - Processing file /home/airflow/.local/lib/python3.12/site-packages/airflow/example_dags/example_branch_operator.py for tasks to queue
[2025-04-04T19:23:47.240+0000] {logging_mixin.py:190} INFO - [2025-04-04T19:23:47.240+0000] {dagbag.py:588} INFO - Filling up the DagBag from /home/airflow/.local/lib/python3.12/site-packages/airflow/example_dags/example_branch_operator.py
[2025-04-04T19:23:47.260+0000] {processor.py:925} INFO - DAG(s) 'example_branch_operator' retrieved from /home/airflow/.local/lib/python3.12/site-packages/airflow/example_dags/example_branch_operator.py
[2025-04-04T19:23:47.292+0000] {logging_mixin.py:190} INFO - [2025-04-04T19:23:47.291+0000] {dag.py:3239} INFO - Sync 1 DAGs
[2025-04-04T19:23:47.315+0000] {logging_mixin.py:190} INFO - [2025-04-04T19:23:47.315+0000] {dag.py:4180} INFO - Setting next_dagrun for example_branch_operator to 2025-04-03 00:00:00+00:00, run_after=2025-04-04 00:00:00+00:00
[2025-04-04T19:23:47.332+0000] {processor.py:208} INFO - Processing /home/airflow/.local/lib/python3.12/site-packages/airflow/example_dags/example_branch_operator.py took 0.101 seconds
[2025-04-04T19:24:17.825+0000] {processor.py:186} INFO - Started process (PID=4299) to work on /home/airflow/.local/lib/python3.12/site-packages/airflow/example_dags/example_branch_operator.py
[2025-04-04T19:24:17.826+0000] {processor.py:914} INFO - Processing file /home/airflow/.local/lib/python3.12/site-packages/airflow/example_dags/example_branch_operator.py for tasks to queue
[2025-04-04T19:24:17.828+0000] {logging_mixin.py:190} INFO - [2025-04-04T19:24:17.828+0000] {dagbag.py:588} INFO - Filling up the DagBag from /home/airflow/.local/lib/python3.12/site-packages/airflow/example_dags/example_branch_operator.py
[2025-04-04T19:24:17.848+0000] {processor.py:925} INFO - DAG(s) 'example_branch_operator' retrieved from /home/airflow/.local/lib/python3.12/site-packages/airflow/example_dags/example_branch_operator.py
[2025-04-04T19:24:17.877+0000] {logging_mixin.py:190} INFO - [2025-04-04T19:24:17.877+0000] {dag.py:3239} INFO - Sync 1 DAGs
[2025-04-04T19:24:17.899+0000] {logging_mixin.py:190} INFO - [2025-04-04T19:24:17.899+0000] {dag.py:4180} INFO - Setting next_dagrun for example_branch_operator to 2025-04-03 00:00:00+00:00, run_after=2025-04-04 00:00:00+00:00
[2025-04-04T19:24:17.916+0000] {processor.py:208} INFO - Processing /home/airflow/.local/lib/python3.12/site-packages/airflow/example_dags/example_branch_operator.py took 0.097 seconds
[2025-04-04T19:24:48.796+0000] {processor.py:186} INFO - Started process (PID=4363) to work on /home/airflow/.local/lib/python3.12/site-packages/airflow/example_dags/example_branch_operator.py
[2025-04-04T19:24:48.797+0000] {processor.py:914} INFO - Processing file /home/airflow/.local/lib/python3.12/site-packages/airflow/example_dags/example_branch_operator.py for tasks to queue
[2025-04-04T19:24:48.799+0000] {logging_mixin.py:190} INFO - [2025-04-04T19:24:48.799+0000] {dagbag.py:588} INFO - Filling up the DagBag from /home/airflow/.local/lib/python3.12/site-packages/airflow/example_dags/example_branch_operator.py
[2025-04-04T19:24:48.814+0000] {processor.py:925} INFO - DAG(s) 'example_branch_operator' retrieved from /home/airflow/.local/lib/python3.12/site-packages/airflow/example_dags/example_branch_operator.py
[2025-04-04T19:24:48.841+0000] {logging_mixin.py:190} INFO - [2025-04-04T19:24:48.840+0000] {dag.py:3239} INFO - Sync 1 DAGs
[2025-04-04T19:24:48.862+0000] {logging_mixin.py:190} INFO - [2025-04-04T19:24:48.861+0000] {dag.py:4180} INFO - Setting next_dagrun for example_branch_operator to 2025-04-03 00:00:00+00:00, run_after=2025-04-04 00:00:00+00:00
[2025-04-04T19:24:48.877+0000] {processor.py:208} INFO - Processing /home/airflow/.local/lib/python3.12/site-packages/airflow/example_dags/example_branch_operator.py took 0.087 seconds
[2025-04-04T19:25:19.193+0000] {processor.py:186} INFO - Started process (PID=4428) to work on /home/airflow/.local/lib/python3.12/site-packages/airflow/example_dags/example_branch_operator.py
[2025-04-04T19:25:19.194+0000] {processor.py:914} INFO - Processing file /home/airflow/.local/lib/python3.12/site-packages/airflow/example_dags/example_branch_operator.py for tasks to queue
[2025-04-04T19:25:19.197+0000] {logging_mixin.py:190} INFO - [2025-04-04T19:25:19.196+0000] {dagbag.py:588} INFO - Filling up the DagBag from /home/airflow/.local/lib/python3.12/site-packages/airflow/example_dags/example_branch_operator.py
[2025-04-04T19:25:19.212+0000] {processor.py:925} INFO - DAG(s) 'example_branch_operator' retrieved from /home/airflow/.local/lib/python3.12/site-packages/airflow/example_dags/example_branch_operator.py
[2025-04-04T19:25:19.239+0000] {logging_mixin.py:190} INFO - [2025-04-04T19:25:19.238+0000] {dag.py:3239} INFO - Sync 1 DAGs
[2025-04-04T19:25:19.262+0000] {logging_mixin.py:190} INFO - [2025-04-04T19:25:19.262+0000] {dag.py:4180} INFO - Setting next_dagrun for example_branch_operator to 2025-04-03 00:00:00+00:00, run_after=2025-04-04 00:00:00+00:00
[2025-04-04T19:25:19.279+0000] {processor.py:208} INFO - Processing /home/airflow/.local/lib/python3.12/site-packages/airflow/example_dags/example_branch_operator.py took 0.091 seconds
[2025-04-04T19:25:49.773+0000] {processor.py:186} INFO - Started process (PID=4493) to work on /home/airflow/.local/lib/python3.12/site-packages/airflow/example_dags/example_branch_operator.py
[2025-04-04T19:25:49.775+0000] {processor.py:914} INFO - Processing file /home/airflow/.local/lib/python3.12/site-packages/airflow/example_dags/example_branch_operator.py for tasks to queue
[2025-04-04T19:25:49.777+0000] {logging_mixin.py:190} INFO - [2025-04-04T19:25:49.777+0000] {dagbag.py:588} INFO - Filling up the DagBag from /home/airflow/.local/lib/python3.12/site-packages/airflow/example_dags/example_branch_operator.py
[2025-04-04T19:25:49.797+0000] {processor.py:925} INFO - DAG(s) 'example_branch_operator' retrieved from /home/airflow/.local/lib/python3.12/site-packages/airflow/example_dags/example_branch_operator.py
[2025-04-04T19:25:49.828+0000] {logging_mixin.py:190} INFO - [2025-04-04T19:25:49.827+0000] {dag.py:3239} INFO - Sync 1 DAGs
[2025-04-04T19:25:49.854+0000] {logging_mixin.py:190} INFO - [2025-04-04T19:25:49.853+0000] {dag.py:4180} INFO - Setting next_dagrun for example_branch_operator to 2025-04-03 00:00:00+00:00, run_after=2025-04-04 00:00:00+00:00
[2025-04-04T19:25:49.873+0000] {processor.py:208} INFO - Processing /home/airflow/.local/lib/python3.12/site-packages/airflow/example_dags/example_branch_operator.py took 0.106 seconds
[2025-04-04T19:26:20.136+0000] {processor.py:186} INFO - Started process (PID=4558) to work on /home/airflow/.local/lib/python3.12/site-packages/airflow/example_dags/example_branch_operator.py
[2025-04-04T19:26:20.136+0000] {processor.py:914} INFO - Processing file /home/airflow/.local/lib/python3.12/site-packages/airflow/example_dags/example_branch_operator.py for tasks to queue
[2025-04-04T19:26:20.139+0000] {logging_mixin.py:190} INFO - [2025-04-04T19:26:20.138+0000] {dagbag.py:588} INFO - Filling up the DagBag from /home/airflow/.local/lib/python3.12/site-packages/airflow/example_dags/example_branch_operator.py
[2025-04-04T19:26:20.155+0000] {processor.py:925} INFO - DAG(s) 'example_branch_operator' retrieved from /home/airflow/.local/lib/python3.12/site-packages/airflow/example_dags/example_branch_operator.py
[2025-04-04T19:26:20.186+0000] {logging_mixin.py:190} INFO - [2025-04-04T19:26:20.186+0000] {dag.py:3239} INFO - Sync 1 DAGs
[2025-04-04T19:26:20.214+0000] {logging_mixin.py:190} INFO - [2025-04-04T19:26:20.213+0000] {dag.py:4180} INFO - Setting next_dagrun for example_branch_operator to 2025-04-03 00:00:00+00:00, run_after=2025-04-04 00:00:00+00:00
[2025-04-04T19:26:20.233+0000] {processor.py:208} INFO - Processing /home/airflow/.local/lib/python3.12/site-packages/airflow/example_dags/example_branch_operator.py took 0.103 seconds
[2025-04-04T19:26:50.556+0000] {processor.py:186} INFO - Started process (PID=4623) to work on /home/airflow/.local/lib/python3.12/site-packages/airflow/example_dags/example_branch_operator.py
[2025-04-04T19:26:50.557+0000] {processor.py:914} INFO - Processing file /home/airflow/.local/lib/python3.12/site-packages/airflow/example_dags/example_branch_operator.py for tasks to queue
[2025-04-04T19:26:50.560+0000] {logging_mixin.py:190} INFO - [2025-04-04T19:26:50.560+0000] {dagbag.py:588} INFO - Filling up the DagBag from /home/airflow/.local/lib/python3.12/site-packages/airflow/example_dags/example_branch_operator.py
[2025-04-04T19:26:50.582+0000] {processor.py:925} INFO - DAG(s) 'example_branch_operator' retrieved from /home/airflow/.local/lib/python3.12/site-packages/airflow/example_dags/example_branch_operator.py
[2025-04-04T19:26:50.609+0000] {logging_mixin.py:190} INFO - [2025-04-04T19:26:50.608+0000] {dag.py:3239} INFO - Sync 1 DAGs
[2025-04-04T19:26:50.633+0000] {logging_mixin.py:190} INFO - [2025-04-04T19:26:50.633+0000] {dag.py:4180} INFO - Setting next_dagrun for example_branch_operator to 2025-04-03 00:00:00+00:00, run_after=2025-04-04 00:00:00+00:00
[2025-04-04T19:26:50.650+0000] {processor.py:208} INFO - Processing /home/airflow/.local/lib/python3.12/site-packages/airflow/example_dags/example_branch_operator.py took 0.100 seconds
[2025-04-04T19:27:21.200+0000] {processor.py:186} INFO - Started process (PID=4688) to work on /home/airflow/.local/lib/python3.12/site-packages/airflow/example_dags/example_branch_operator.py
[2025-04-04T19:27:21.201+0000] {processor.py:914} INFO - Processing file /home/airflow/.local/lib/python3.12/site-packages/airflow/example_dags/example_branch_operator.py for tasks to queue
[2025-04-04T19:27:21.204+0000] {logging_mixin.py:190} INFO - [2025-04-04T19:27:21.203+0000] {dagbag.py:588} INFO - Filling up the DagBag from /home/airflow/.local/lib/python3.12/site-packages/airflow/example_dags/example_branch_operator.py
[2025-04-04T19:27:21.227+0000] {processor.py:925} INFO - DAG(s) 'example_branch_operator' retrieved from /home/airflow/.local/lib/python3.12/site-packages/airflow/example_dags/example_branch_operator.py
[2025-04-04T19:27:21.263+0000] {logging_mixin.py:190} INFO - [2025-04-04T19:27:21.263+0000] {dag.py:3239} INFO - Sync 1 DAGs
[2025-04-04T19:27:21.301+0000] {logging_mixin.py:190} INFO - [2025-04-04T19:27:21.301+0000] {dag.py:4180} INFO - Setting next_dagrun for example_branch_operator to 2025-04-03 00:00:00+00:00, run_after=2025-04-04 00:00:00+00:00
[2025-04-04T19:27:21.326+0000] {processor.py:208} INFO - Processing /home/airflow/.local/lib/python3.12/site-packages/airflow/example_dags/example_branch_operator.py took 0.133 seconds
[2025-04-04T19:27:52.252+0000] {processor.py:186} INFO - Started process (PID=4754) to work on /home/airflow/.local/lib/python3.12/site-packages/airflow/example_dags/example_branch_operator.py
[2025-04-04T19:27:52.254+0000] {processor.py:914} INFO - Processing file /home/airflow/.local/lib/python3.12/site-packages/airflow/example_dags/example_branch_operator.py for tasks to queue
[2025-04-04T19:27:52.257+0000] {logging_mixin.py:190} INFO - [2025-04-04T19:27:52.257+0000] {dagbag.py:588} INFO - Filling up the DagBag from /home/airflow/.local/lib/python3.12/site-packages/airflow/example_dags/example_branch_operator.py
[2025-04-04T19:27:52.289+0000] {processor.py:925} INFO - DAG(s) 'example_branch_operator' retrieved from /home/airflow/.local/lib/python3.12/site-packages/airflow/example_dags/example_branch_operator.py
[2025-04-04T19:27:52.333+0000] {logging_mixin.py:190} INFO - [2025-04-04T19:27:52.333+0000] {dag.py:3239} INFO - Sync 1 DAGs
[2025-04-04T19:27:52.365+0000] {logging_mixin.py:190} INFO - [2025-04-04T19:27:52.365+0000] {dag.py:4180} INFO - Setting next_dagrun for example_branch_operator to 2025-04-03 00:00:00+00:00, run_after=2025-04-04 00:00:00+00:00
[2025-04-04T19:27:52.397+0000] {processor.py:208} INFO - Processing /home/airflow/.local/lib/python3.12/site-packages/airflow/example_dags/example_branch_operator.py took 0.155 seconds
[2025-04-04T19:28:22.887+0000] {processor.py:186} INFO - Started process (PID=4819) to work on /home/airflow/.local/lib/python3.12/site-packages/airflow/example_dags/example_branch_operator.py
[2025-04-04T19:28:22.888+0000] {processor.py:914} INFO - Processing file /home/airflow/.local/lib/python3.12/site-packages/airflow/example_dags/example_branch_operator.py for tasks to queue
[2025-04-04T19:28:22.890+0000] {logging_mixin.py:190} INFO - [2025-04-04T19:28:22.889+0000] {dagbag.py:588} INFO - Filling up the DagBag from /home/airflow/.local/lib/python3.12/site-packages/airflow/example_dags/example_branch_operator.py
[2025-04-04T19:28:22.905+0000] {processor.py:925} INFO - DAG(s) 'example_branch_operator' retrieved from /home/airflow/.local/lib/python3.12/site-packages/airflow/example_dags/example_branch_operator.py
[2025-04-04T19:28:22.933+0000] {logging_mixin.py:190} INFO - [2025-04-04T19:28:22.932+0000] {dag.py:3239} INFO - Sync 1 DAGs
[2025-04-04T19:28:22.955+0000] {logging_mixin.py:190} INFO - [2025-04-04T19:28:22.955+0000] {dag.py:4180} INFO - Setting next_dagrun for example_branch_operator to 2025-04-03 00:00:00+00:00, run_after=2025-04-04 00:00:00+00:00
[2025-04-04T19:28:22.970+0000] {processor.py:208} INFO - Processing /home/airflow/.local/lib/python3.12/site-packages/airflow/example_dags/example_branch_operator.py took 0.089 seconds
[2025-04-04T19:28:53.147+0000] {processor.py:186} INFO - Started process (PID=4884) to work on /home/airflow/.local/lib/python3.12/site-packages/airflow/example_dags/example_branch_operator.py
[2025-04-04T19:28:53.148+0000] {processor.py:914} INFO - Processing file /home/airflow/.local/lib/python3.12/site-packages/airflow/example_dags/example_branch_operator.py for tasks to queue
[2025-04-04T19:28:53.150+0000] {logging_mixin.py:190} INFO - [2025-04-04T19:28:53.149+0000] {dagbag.py:588} INFO - Filling up the DagBag from /home/airflow/.local/lib/python3.12/site-packages/airflow/example_dags/example_branch_operator.py
[2025-04-04T19:28:53.165+0000] {processor.py:925} INFO - DAG(s) 'example_branch_operator' retrieved from /home/airflow/.local/lib/python3.12/site-packages/airflow/example_dags/example_branch_operator.py
[2025-04-04T19:28:53.195+0000] {logging_mixin.py:190} INFO - [2025-04-04T19:28:53.194+0000] {dag.py:3239} INFO - Sync 1 DAGs
[2025-04-04T19:28:53.218+0000] {logging_mixin.py:190} INFO - [2025-04-04T19:28:53.218+0000] {dag.py:4180} INFO - Setting next_dagrun for example_branch_operator to 2025-04-03 00:00:00+00:00, run_after=2025-04-04 00:00:00+00:00
[2025-04-04T19:28:53.234+0000] {processor.py:208} INFO - Processing /home/airflow/.local/lib/python3.12/site-packages/airflow/example_dags/example_branch_operator.py took 0.093 seconds
[2025-04-04T19:29:23.324+0000] {processor.py:186} INFO - Started process (PID=4949) to work on /home/airflow/.local/lib/python3.12/site-packages/airflow/example_dags/example_branch_operator.py
[2025-04-04T19:29:23.325+0000] {processor.py:914} INFO - Processing file /home/airflow/.local/lib/python3.12/site-packages/airflow/example_dags/example_branch_operator.py for tasks to queue
[2025-04-04T19:29:23.330+0000] {logging_mixin.py:190} INFO - [2025-04-04T19:29:23.329+0000] {dagbag.py:588} INFO - Filling up the DagBag from /home/airflow/.local/lib/python3.12/site-packages/airflow/example_dags/example_branch_operator.py
[2025-04-04T19:29:23.352+0000] {processor.py:925} INFO - DAG(s) 'example_branch_operator' retrieved from /home/airflow/.local/lib/python3.12/site-packages/airflow/example_dags/example_branch_operator.py
[2025-04-04T19:29:23.382+0000] {logging_mixin.py:190} INFO - [2025-04-04T19:29:23.381+0000] {dag.py:3239} INFO - Sync 1 DAGs
[2025-04-04T19:29:23.408+0000] {logging_mixin.py:190} INFO - [2025-04-04T19:29:23.408+0000] {dag.py:4180} INFO - Setting next_dagrun for example_branch_operator to 2025-04-03 00:00:00+00:00, run_after=2025-04-04 00:00:00+00:00
[2025-04-04T19:29:23.428+0000] {processor.py:208} INFO - Processing /home/airflow/.local/lib/python3.12/site-packages/airflow/example_dags/example_branch_operator.py took 0.113 seconds
[2025-04-04T19:29:53.658+0000] {processor.py:186} INFO - Started process (PID=5014) to work on /home/airflow/.local/lib/python3.12/site-packages/airflow/example_dags/example_branch_operator.py
[2025-04-04T19:29:53.659+0000] {processor.py:914} INFO - Processing file /home/airflow/.local/lib/python3.12/site-packages/airflow/example_dags/example_branch_operator.py for tasks to queue
[2025-04-04T19:29:53.662+0000] {logging_mixin.py:190} INFO - [2025-04-04T19:29:53.662+0000] {dagbag.py:588} INFO - Filling up the DagBag from /home/airflow/.local/lib/python3.12/site-packages/airflow/example_dags/example_branch_operator.py
[2025-04-04T19:29:53.680+0000] {processor.py:925} INFO - DAG(s) 'example_branch_operator' retrieved from /home/airflow/.local/lib/python3.12/site-packages/airflow/example_dags/example_branch_operator.py
[2025-04-04T19:29:53.710+0000] {logging_mixin.py:190} INFO - [2025-04-04T19:29:53.710+0000] {dag.py:3239} INFO - Sync 1 DAGs
[2025-04-04T19:29:53.734+0000] {logging_mixin.py:190} INFO - [2025-04-04T19:29:53.734+0000] {dag.py:4180} INFO - Setting next_dagrun for example_branch_operator to 2025-04-03 00:00:00+00:00, run_after=2025-04-04 00:00:00+00:00
[2025-04-04T19:29:53.752+0000] {processor.py:208} INFO - Processing /home/airflow/.local/lib/python3.12/site-packages/airflow/example_dags/example_branch_operator.py took 0.099 seconds
[2025-04-04T19:30:24.165+0000] {processor.py:186} INFO - Started process (PID=5079) to work on /home/airflow/.local/lib/python3.12/site-packages/airflow/example_dags/example_branch_operator.py
[2025-04-04T19:30:24.166+0000] {processor.py:914} INFO - Processing file /home/airflow/.local/lib/python3.12/site-packages/airflow/example_dags/example_branch_operator.py for tasks to queue
[2025-04-04T19:30:24.168+0000] {logging_mixin.py:190} INFO - [2025-04-04T19:30:24.168+0000] {dagbag.py:588} INFO - Filling up the DagBag from /home/airflow/.local/lib/python3.12/site-packages/airflow/example_dags/example_branch_operator.py
[2025-04-04T19:30:24.184+0000] {processor.py:925} INFO - DAG(s) 'example_branch_operator' retrieved from /home/airflow/.local/lib/python3.12/site-packages/airflow/example_dags/example_branch_operator.py
[2025-04-04T19:30:24.210+0000] {logging_mixin.py:190} INFO - [2025-04-04T19:30:24.210+0000] {dag.py:3239} INFO - Sync 1 DAGs
[2025-04-04T19:30:24.233+0000] {logging_mixin.py:190} INFO - [2025-04-04T19:30:24.232+0000] {dag.py:4180} INFO - Setting next_dagrun for example_branch_operator to 2025-04-03 00:00:00+00:00, run_after=2025-04-04 00:00:00+00:00
[2025-04-04T19:30:24.250+0000] {processor.py:208} INFO - Processing /home/airflow/.local/lib/python3.12/site-packages/airflow/example_dags/example_branch_operator.py took 0.090 seconds
[2025-04-04T19:30:54.876+0000] {processor.py:186} INFO - Started process (PID=5144) to work on /home/airflow/.local/lib/python3.12/site-packages/airflow/example_dags/example_branch_operator.py
[2025-04-04T19:30:54.877+0000] {processor.py:914} INFO - Processing file /home/airflow/.local/lib/python3.12/site-packages/airflow/example_dags/example_branch_operator.py for tasks to queue
[2025-04-04T19:30:54.879+0000] {logging_mixin.py:190} INFO - [2025-04-04T19:30:54.879+0000] {dagbag.py:588} INFO - Filling up the DagBag from /home/airflow/.local/lib/python3.12/site-packages/airflow/example_dags/example_branch_operator.py
[2025-04-04T19:30:54.896+0000] {processor.py:925} INFO - DAG(s) 'example_branch_operator' retrieved from /home/airflow/.local/lib/python3.12/site-packages/airflow/example_dags/example_branch_operator.py
[2025-04-04T19:30:54.924+0000] {logging_mixin.py:190} INFO - [2025-04-04T19:30:54.923+0000] {dag.py:3239} INFO - Sync 1 DAGs
[2025-04-04T19:30:54.947+0000] {logging_mixin.py:190} INFO - [2025-04-04T19:30:54.947+0000] {dag.py:4180} INFO - Setting next_dagrun for example_branch_operator to 2025-04-03 00:00:00+00:00, run_after=2025-04-04 00:00:00+00:00
[2025-04-04T19:30:54.963+0000] {processor.py:208} INFO - Processing /home/airflow/.local/lib/python3.12/site-packages/airflow/example_dags/example_branch_operator.py took 0.093 seconds
[2025-04-04T19:31:25.381+0000] {processor.py:186} INFO - Started process (PID=5209) to work on /home/airflow/.local/lib/python3.12/site-packages/airflow/example_dags/example_branch_operator.py
[2025-04-04T19:31:25.383+0000] {processor.py:914} INFO - Processing file /home/airflow/.local/lib/python3.12/site-packages/airflow/example_dags/example_branch_operator.py for tasks to queue
[2025-04-04T19:31:25.385+0000] {logging_mixin.py:190} INFO - [2025-04-04T19:31:25.385+0000] {dagbag.py:588} INFO - Filling up the DagBag from /home/airflow/.local/lib/python3.12/site-packages/airflow/example_dags/example_branch_operator.py
[2025-04-04T19:31:25.402+0000] {processor.py:925} INFO - DAG(s) 'example_branch_operator' retrieved from /home/airflow/.local/lib/python3.12/site-packages/airflow/example_dags/example_branch_operator.py
[2025-04-04T19:31:25.430+0000] {logging_mixin.py:190} INFO - [2025-04-04T19:31:25.430+0000] {dag.py:3239} INFO - Sync 1 DAGs
[2025-04-04T19:31:25.454+0000] {logging_mixin.py:190} INFO - [2025-04-04T19:31:25.454+0000] {dag.py:4180} INFO - Setting next_dagrun for example_branch_operator to 2025-04-03 00:00:00+00:00, run_after=2025-04-04 00:00:00+00:00
[2025-04-04T19:31:25.472+0000] {processor.py:208} INFO - Processing /home/airflow/.local/lib/python3.12/site-packages/airflow/example_dags/example_branch_operator.py took 0.097 seconds
[2025-04-04T19:31:55.577+0000] {processor.py:186} INFO - Started process (PID=5275) to work on /home/airflow/.local/lib/python3.12/site-packages/airflow/example_dags/example_branch_operator.py
[2025-04-04T19:31:55.578+0000] {processor.py:914} INFO - Processing file /home/airflow/.local/lib/python3.12/site-packages/airflow/example_dags/example_branch_operator.py for tasks to queue
[2025-04-04T19:31:55.581+0000] {logging_mixin.py:190} INFO - [2025-04-04T19:31:55.580+0000] {dagbag.py:588} INFO - Filling up the DagBag from /home/airflow/.local/lib/python3.12/site-packages/airflow/example_dags/example_branch_operator.py
[2025-04-04T19:31:55.598+0000] {processor.py:925} INFO - DAG(s) 'example_branch_operator' retrieved from /home/airflow/.local/lib/python3.12/site-packages/airflow/example_dags/example_branch_operator.py
[2025-04-04T19:31:55.626+0000] {logging_mixin.py:190} INFO - [2025-04-04T19:31:55.626+0000] {dag.py:3239} INFO - Sync 1 DAGs
[2025-04-04T19:31:55.649+0000] {logging_mixin.py:190} INFO - [2025-04-04T19:31:55.649+0000] {dag.py:4180} INFO - Setting next_dagrun for example_branch_operator to 2025-04-03 00:00:00+00:00, run_after=2025-04-04 00:00:00+00:00
[2025-04-04T19:31:55.665+0000] {processor.py:208} INFO - Processing /home/airflow/.local/lib/python3.12/site-packages/airflow/example_dags/example_branch_operator.py took 0.093 seconds
[2025-04-04T19:32:26.064+0000] {processor.py:186} INFO - Started process (PID=5340) to work on /home/airflow/.local/lib/python3.12/site-packages/airflow/example_dags/example_branch_operator.py
[2025-04-04T19:32:26.065+0000] {processor.py:914} INFO - Processing file /home/airflow/.local/lib/python3.12/site-packages/airflow/example_dags/example_branch_operator.py for tasks to queue
[2025-04-04T19:32:26.067+0000] {logging_mixin.py:190} INFO - [2025-04-04T19:32:26.067+0000] {dagbag.py:588} INFO - Filling up the DagBag from /home/airflow/.local/lib/python3.12/site-packages/airflow/example_dags/example_branch_operator.py
[2025-04-04T19:32:26.083+0000] {processor.py:925} INFO - DAG(s) 'example_branch_operator' retrieved from /home/airflow/.local/lib/python3.12/site-packages/airflow/example_dags/example_branch_operator.py
[2025-04-04T19:32:26.110+0000] {logging_mixin.py:190} INFO - [2025-04-04T19:32:26.110+0000] {dag.py:3239} INFO - Sync 1 DAGs
[2025-04-04T19:32:26.132+0000] {logging_mixin.py:190} INFO - [2025-04-04T19:32:26.132+0000] {dag.py:4180} INFO - Setting next_dagrun for example_branch_operator to 2025-04-03 00:00:00+00:00, run_after=2025-04-04 00:00:00+00:00
[2025-04-04T19:32:26.148+0000] {processor.py:208} INFO - Processing /home/airflow/.local/lib/python3.12/site-packages/airflow/example_dags/example_branch_operator.py took 0.089 seconds
[2025-04-04T19:32:56.749+0000] {processor.py:186} INFO - Started process (PID=5405) to work on /home/airflow/.local/lib/python3.12/site-packages/airflow/example_dags/example_branch_operator.py
[2025-04-04T19:32:56.750+0000] {processor.py:914} INFO - Processing file /home/airflow/.local/lib/python3.12/site-packages/airflow/example_dags/example_branch_operator.py for tasks to queue
[2025-04-04T19:32:56.753+0000] {logging_mixin.py:190} INFO - [2025-04-04T19:32:56.752+0000] {dagbag.py:588} INFO - Filling up the DagBag from /home/airflow/.local/lib/python3.12/site-packages/airflow/example_dags/example_branch_operator.py
[2025-04-04T19:32:56.773+0000] {processor.py:925} INFO - DAG(s) 'example_branch_operator' retrieved from /home/airflow/.local/lib/python3.12/site-packages/airflow/example_dags/example_branch_operator.py
[2025-04-04T19:32:56.805+0000] {logging_mixin.py:190} INFO - [2025-04-04T19:32:56.804+0000] {dag.py:3239} INFO - Sync 1 DAGs
[2025-04-04T19:32:56.831+0000] {logging_mixin.py:190} INFO - [2025-04-04T19:32:56.831+0000] {dag.py:4180} INFO - Setting next_dagrun for example_branch_operator to 2025-04-03 00:00:00+00:00, run_after=2025-04-04 00:00:00+00:00
[2025-04-04T19:32:56.851+0000] {processor.py:208} INFO - Processing /home/airflow/.local/lib/python3.12/site-packages/airflow/example_dags/example_branch_operator.py took 0.108 seconds
[2025-04-04T19:33:27.057+0000] {processor.py:186} INFO - Started process (PID=5470) to work on /home/airflow/.local/lib/python3.12/site-packages/airflow/example_dags/example_branch_operator.py
[2025-04-04T19:33:27.058+0000] {processor.py:914} INFO - Processing file /home/airflow/.local/lib/python3.12/site-packages/airflow/example_dags/example_branch_operator.py for tasks to queue
[2025-04-04T19:33:27.060+0000] {logging_mixin.py:190} INFO - [2025-04-04T19:33:27.060+0000] {dagbag.py:588} INFO - Filling up the DagBag from /home/airflow/.local/lib/python3.12/site-packages/airflow/example_dags/example_branch_operator.py
[2025-04-04T19:33:27.077+0000] {processor.py:925} INFO - DAG(s) 'example_branch_operator' retrieved from /home/airflow/.local/lib/python3.12/site-packages/airflow/example_dags/example_branch_operator.py
[2025-04-04T19:33:27.107+0000] {logging_mixin.py:190} INFO - [2025-04-04T19:33:27.106+0000] {dag.py:3239} INFO - Sync 1 DAGs
[2025-04-04T19:33:27.131+0000] {logging_mixin.py:190} INFO - [2025-04-04T19:33:27.131+0000] {dag.py:4180} INFO - Setting next_dagrun for example_branch_operator to 2025-04-03 00:00:00+00:00, run_after=2025-04-04 00:00:00+00:00
[2025-04-04T19:33:27.148+0000] {processor.py:208} INFO - Processing /home/airflow/.local/lib/python3.12/site-packages/airflow/example_dags/example_branch_operator.py took 0.097 seconds
[2025-04-04T19:33:57.301+0000] {processor.py:186} INFO - Started process (PID=5535) to work on /home/airflow/.local/lib/python3.12/site-packages/airflow/example_dags/example_branch_operator.py
[2025-04-04T19:33:57.302+0000] {processor.py:914} INFO - Processing file /home/airflow/.local/lib/python3.12/site-packages/airflow/example_dags/example_branch_operator.py for tasks to queue
[2025-04-04T19:33:57.305+0000] {logging_mixin.py:190} INFO - [2025-04-04T19:33:57.304+0000] {dagbag.py:588} INFO - Filling up the DagBag from /home/airflow/.local/lib/python3.12/site-packages/airflow/example_dags/example_branch_operator.py
[2025-04-04T19:33:57.321+0000] {processor.py:925} INFO - DAG(s) 'example_branch_operator' retrieved from /home/airflow/.local/lib/python3.12/site-packages/airflow/example_dags/example_branch_operator.py
[2025-04-04T19:33:57.349+0000] {logging_mixin.py:190} INFO - [2025-04-04T19:33:57.349+0000] {dag.py:3239} INFO - Sync 1 DAGs
[2025-04-04T19:33:57.372+0000] {logging_mixin.py:190} INFO - [2025-04-04T19:33:57.372+0000] {dag.py:4180} INFO - Setting next_dagrun for example_branch_operator to 2025-04-03 00:00:00+00:00, run_after=2025-04-04 00:00:00+00:00
[2025-04-04T19:33:57.390+0000] {processor.py:208} INFO - Processing /home/airflow/.local/lib/python3.12/site-packages/airflow/example_dags/example_branch_operator.py took 0.094 seconds
[2025-04-04T19:34:27.763+0000] {processor.py:186} INFO - Started process (PID=5600) to work on /home/airflow/.local/lib/python3.12/site-packages/airflow/example_dags/example_branch_operator.py
[2025-04-04T19:34:27.764+0000] {processor.py:914} INFO - Processing file /home/airflow/.local/lib/python3.12/site-packages/airflow/example_dags/example_branch_operator.py for tasks to queue
[2025-04-04T19:34:27.767+0000] {logging_mixin.py:190} INFO - [2025-04-04T19:34:27.767+0000] {dagbag.py:588} INFO - Filling up the DagBag from /home/airflow/.local/lib/python3.12/site-packages/airflow/example_dags/example_branch_operator.py
[2025-04-04T19:34:27.783+0000] {processor.py:925} INFO - DAG(s) 'example_branch_operator' retrieved from /home/airflow/.local/lib/python3.12/site-packages/airflow/example_dags/example_branch_operator.py
[2025-04-04T19:34:27.812+0000] {logging_mixin.py:190} INFO - [2025-04-04T19:34:27.811+0000] {dag.py:3239} INFO - Sync 1 DAGs
[2025-04-04T19:34:27.835+0000] {logging_mixin.py:190} INFO - [2025-04-04T19:34:27.835+0000] {dag.py:4180} INFO - Setting next_dagrun for example_branch_operator to 2025-04-03 00:00:00+00:00, run_after=2025-04-04 00:00:00+00:00
[2025-04-04T19:34:27.851+0000] {processor.py:208} INFO - Processing /home/airflow/.local/lib/python3.12/site-packages/airflow/example_dags/example_branch_operator.py took 0.094 seconds
[2025-04-04T19:34:58.176+0000] {processor.py:186} INFO - Started process (PID=5665) to work on /home/airflow/.local/lib/python3.12/site-packages/airflow/example_dags/example_branch_operator.py
[2025-04-04T19:34:58.177+0000] {processor.py:914} INFO - Processing file /home/airflow/.local/lib/python3.12/site-packages/airflow/example_dags/example_branch_operator.py for tasks to queue
[2025-04-04T19:34:58.180+0000] {logging_mixin.py:190} INFO - [2025-04-04T19:34:58.179+0000] {dagbag.py:588} INFO - Filling up the DagBag from /home/airflow/.local/lib/python3.12/site-packages/airflow/example_dags/example_branch_operator.py
[2025-04-04T19:34:58.197+0000] {processor.py:925} INFO - DAG(s) 'example_branch_operator' retrieved from /home/airflow/.local/lib/python3.12/site-packages/airflow/example_dags/example_branch_operator.py
[2025-04-04T19:34:58.225+0000] {logging_mixin.py:190} INFO - [2025-04-04T19:34:58.225+0000] {dag.py:3239} INFO - Sync 1 DAGs
[2025-04-04T19:34:58.250+0000] {logging_mixin.py:190} INFO - [2025-04-04T19:34:58.250+0000] {dag.py:4180} INFO - Setting next_dagrun for example_branch_operator to 2025-04-03 00:00:00+00:00, run_after=2025-04-04 00:00:00+00:00
[2025-04-04T19:34:58.268+0000] {processor.py:208} INFO - Processing /home/airflow/.local/lib/python3.12/site-packages/airflow/example_dags/example_branch_operator.py took 0.098 seconds
[2025-04-04T19:35:28.943+0000] {processor.py:186} INFO - Started process (PID=5730) to work on /home/airflow/.local/lib/python3.12/site-packages/airflow/example_dags/example_branch_operator.py
[2025-04-04T19:35:28.945+0000] {processor.py:914} INFO - Processing file /home/airflow/.local/lib/python3.12/site-packages/airflow/example_dags/example_branch_operator.py for tasks to queue
[2025-04-04T19:35:28.947+0000] {logging_mixin.py:190} INFO - [2025-04-04T19:35:28.947+0000] {dagbag.py:588} INFO - Filling up the DagBag from /home/airflow/.local/lib/python3.12/site-packages/airflow/example_dags/example_branch_operator.py
[2025-04-04T19:35:28.968+0000] {processor.py:925} INFO - DAG(s) 'example_branch_operator' retrieved from /home/airflow/.local/lib/python3.12/site-packages/airflow/example_dags/example_branch_operator.py
[2025-04-04T19:35:28.999+0000] {logging_mixin.py:190} INFO - [2025-04-04T19:35:28.999+0000] {dag.py:3239} INFO - Sync 1 DAGs
[2025-04-04T19:35:29.028+0000] {logging_mixin.py:190} INFO - [2025-04-04T19:35:29.028+0000] {dag.py:4180} INFO - Setting next_dagrun for example_branch_operator to 2025-04-03 00:00:00+00:00, run_after=2025-04-04 00:00:00+00:00
[2025-04-04T19:35:29.048+0000] {processor.py:208} INFO - Processing /home/airflow/.local/lib/python3.12/site-packages/airflow/example_dags/example_branch_operator.py took 0.111 seconds
[2025-04-04T19:35:59.580+0000] {processor.py:186} INFO - Started process (PID=5795) to work on /home/airflow/.local/lib/python3.12/site-packages/airflow/example_dags/example_branch_operator.py
[2025-04-04T19:35:59.581+0000] {processor.py:914} INFO - Processing file /home/airflow/.local/lib/python3.12/site-packages/airflow/example_dags/example_branch_operator.py for tasks to queue
[2025-04-04T19:35:59.583+0000] {logging_mixin.py:190} INFO - [2025-04-04T19:35:59.583+0000] {dagbag.py:588} INFO - Filling up the DagBag from /home/airflow/.local/lib/python3.12/site-packages/airflow/example_dags/example_branch_operator.py
[2025-04-04T19:35:59.601+0000] {processor.py:925} INFO - DAG(s) 'example_branch_operator' retrieved from /home/airflow/.local/lib/python3.12/site-packages/airflow/example_dags/example_branch_operator.py
[2025-04-04T19:35:59.628+0000] {logging_mixin.py:190} INFO - [2025-04-04T19:35:59.628+0000] {dag.py:3239} INFO - Sync 1 DAGs
[2025-04-04T19:35:59.658+0000] {logging_mixin.py:190} INFO - [2025-04-04T19:35:59.658+0000] {dag.py:4180} INFO - Setting next_dagrun for example_branch_operator to 2025-04-03 00:00:00+00:00, run_after=2025-04-04 00:00:00+00:00
[2025-04-04T19:35:59.679+0000] {processor.py:208} INFO - Processing /home/airflow/.local/lib/python3.12/site-packages/airflow/example_dags/example_branch_operator.py took 0.105 seconds
[2025-04-04T19:36:29.933+0000] {processor.py:186} INFO - Started process (PID=5860) to work on /home/airflow/.local/lib/python3.12/site-packages/airflow/example_dags/example_branch_operator.py
[2025-04-04T19:36:29.935+0000] {processor.py:914} INFO - Processing file /home/airflow/.local/lib/python3.12/site-packages/airflow/example_dags/example_branch_operator.py for tasks to queue
[2025-04-04T19:36:29.937+0000] {logging_mixin.py:190} INFO - [2025-04-04T19:36:29.937+0000] {dagbag.py:588} INFO - Filling up the DagBag from /home/airflow/.local/lib/python3.12/site-packages/airflow/example_dags/example_branch_operator.py
[2025-04-04T19:36:29.960+0000] {processor.py:925} INFO - DAG(s) 'example_branch_operator' retrieved from /home/airflow/.local/lib/python3.12/site-packages/airflow/example_dags/example_branch_operator.py
[2025-04-04T19:36:29.989+0000] {logging_mixin.py:190} INFO - [2025-04-04T19:36:29.989+0000] {dag.py:3239} INFO - Sync 1 DAGs
[2025-04-04T19:36:30.012+0000] {logging_mixin.py:190} INFO - [2025-04-04T19:36:30.012+0000] {dag.py:4180} INFO - Setting next_dagrun for example_branch_operator to 2025-04-03 00:00:00+00:00, run_after=2025-04-04 00:00:00+00:00
[2025-04-04T19:36:30.030+0000] {processor.py:208} INFO - Processing /home/airflow/.local/lib/python3.12/site-packages/airflow/example_dags/example_branch_operator.py took 0.102 seconds
[2025-04-04T19:37:00.077+0000] {processor.py:186} INFO - Started process (PID=5925) to work on /home/airflow/.local/lib/python3.12/site-packages/airflow/example_dags/example_branch_operator.py
[2025-04-04T19:37:00.078+0000] {processor.py:914} INFO - Processing file /home/airflow/.local/lib/python3.12/site-packages/airflow/example_dags/example_branch_operator.py for tasks to queue
[2025-04-04T19:37:00.080+0000] {logging_mixin.py:190} INFO - [2025-04-04T19:37:00.080+0000] {dagbag.py:588} INFO - Filling up the DagBag from /home/airflow/.local/lib/python3.12/site-packages/airflow/example_dags/example_branch_operator.py
[2025-04-04T19:37:00.097+0000] {processor.py:925} INFO - DAG(s) 'example_branch_operator' retrieved from /home/airflow/.local/lib/python3.12/site-packages/airflow/example_dags/example_branch_operator.py
[2025-04-04T19:37:00.125+0000] {logging_mixin.py:190} INFO - [2025-04-04T19:37:00.124+0000] {dag.py:3239} INFO - Sync 1 DAGs
[2025-04-04T19:37:00.147+0000] {logging_mixin.py:190} INFO - [2025-04-04T19:37:00.147+0000] {dag.py:4180} INFO - Setting next_dagrun for example_branch_operator to 2025-04-03 00:00:00+00:00, run_after=2025-04-04 00:00:00+00:00
[2025-04-04T19:37:00.165+0000] {processor.py:208} INFO - Processing /home/airflow/.local/lib/python3.12/site-packages/airflow/example_dags/example_branch_operator.py took 0.094 seconds
[2025-04-04T19:39:57.963+0000] {processor.py:186} INFO - Started process (PID=45) to work on /home/airflow/.local/lib/python3.12/site-packages/airflow/example_dags/example_branch_operator.py
[2025-04-04T19:39:57.964+0000] {processor.py:914} INFO - Processing file /home/airflow/.local/lib/python3.12/site-packages/airflow/example_dags/example_branch_operator.py for tasks to queue
[2025-04-04T19:39:57.966+0000] {logging_mixin.py:190} INFO - [2025-04-04T19:39:57.966+0000] {dagbag.py:588} INFO - Filling up the DagBag from /home/airflow/.local/lib/python3.12/site-packages/airflow/example_dags/example_branch_operator.py
[2025-04-04T19:39:57.993+0000] {processor.py:925} INFO - DAG(s) 'example_branch_operator' retrieved from /home/airflow/.local/lib/python3.12/site-packages/airflow/example_dags/example_branch_operator.py
[2025-04-04T19:39:58.233+0000] {logging_mixin.py:190} INFO - [2025-04-04T19:39:58.233+0000] {dag.py:3239} INFO - Sync 1 DAGs
[2025-04-04T19:39:58.257+0000] {logging_mixin.py:190} INFO - [2025-04-04T19:39:58.257+0000] {dag.py:4180} INFO - Setting next_dagrun for example_branch_operator to 2025-04-03 00:00:00+00:00, run_after=2025-04-04 00:00:00+00:00
[2025-04-04T19:39:58.278+0000] {processor.py:208} INFO - Processing /home/airflow/.local/lib/python3.12/site-packages/airflow/example_dags/example_branch_operator.py took 0.320 seconds
[2025-04-04T19:40:28.550+0000] {processor.py:186} INFO - Started process (PID=111) to work on /home/airflow/.local/lib/python3.12/site-packages/airflow/example_dags/example_branch_operator.py
[2025-04-04T19:40:28.551+0000] {processor.py:914} INFO - Processing file /home/airflow/.local/lib/python3.12/site-packages/airflow/example_dags/example_branch_operator.py for tasks to queue
[2025-04-04T19:40:28.553+0000] {logging_mixin.py:190} INFO - [2025-04-04T19:40:28.553+0000] {dagbag.py:588} INFO - Filling up the DagBag from /home/airflow/.local/lib/python3.12/site-packages/airflow/example_dags/example_branch_operator.py
[2025-04-04T19:40:28.569+0000] {processor.py:925} INFO - DAG(s) 'example_branch_operator' retrieved from /home/airflow/.local/lib/python3.12/site-packages/airflow/example_dags/example_branch_operator.py
[2025-04-04T19:40:28.595+0000] {logging_mixin.py:190} INFO - [2025-04-04T19:40:28.595+0000] {dag.py:3239} INFO - Sync 1 DAGs
[2025-04-04T19:40:28.619+0000] {logging_mixin.py:190} INFO - [2025-04-04T19:40:28.619+0000] {dag.py:4180} INFO - Setting next_dagrun for example_branch_operator to 2025-04-03 00:00:00+00:00, run_after=2025-04-04 00:00:00+00:00
[2025-04-04T19:40:28.635+0000] {processor.py:208} INFO - Processing /home/airflow/.local/lib/python3.12/site-packages/airflow/example_dags/example_branch_operator.py took 0.091 seconds
[2025-04-04T19:40:58.797+0000] {processor.py:186} INFO - Started process (PID=178) to work on /home/airflow/.local/lib/python3.12/site-packages/airflow/example_dags/example_branch_operator.py
[2025-04-04T19:40:58.798+0000] {processor.py:914} INFO - Processing file /home/airflow/.local/lib/python3.12/site-packages/airflow/example_dags/example_branch_operator.py for tasks to queue
[2025-04-04T19:40:58.800+0000] {logging_mixin.py:190} INFO - [2025-04-04T19:40:58.800+0000] {dagbag.py:588} INFO - Filling up the DagBag from /home/airflow/.local/lib/python3.12/site-packages/airflow/example_dags/example_branch_operator.py
[2025-04-04T19:40:58.821+0000] {processor.py:925} INFO - DAG(s) 'example_branch_operator' retrieved from /home/airflow/.local/lib/python3.12/site-packages/airflow/example_dags/example_branch_operator.py
[2025-04-04T19:40:58.859+0000] {logging_mixin.py:190} INFO - [2025-04-04T19:40:58.859+0000] {dag.py:3239} INFO - Sync 1 DAGs
[2025-04-04T19:40:58.892+0000] {logging_mixin.py:190} INFO - [2025-04-04T19:40:58.891+0000] {dag.py:4180} INFO - Setting next_dagrun for example_branch_operator to 2025-04-03 00:00:00+00:00, run_after=2025-04-04 00:00:00+00:00
[2025-04-04T19:40:58.922+0000] {processor.py:208} INFO - Processing /home/airflow/.local/lib/python3.12/site-packages/airflow/example_dags/example_branch_operator.py took 0.131 seconds
