[2025-04-04T19:07:20.431+0000] {processor.py:186} INFO - Started process (PID=2179) to work on /home/airflow/.local/lib/python3.12/site-packages/airflow/example_dags/example_branch_python_dop_operator_3.py
[2025-04-04T19:07:20.432+0000] {processor.py:914} INFO - Processing file /home/airflow/.local/lib/python3.12/site-packages/airflow/example_dags/example_branch_python_dop_operator_3.py for tasks to queue
[2025-04-04T19:07:20.434+0000] {logging_mixin.py:190} INFO - [2025-04-04T19:07:20.433+0000] {dagbag.py:588} INFO - Filling up the DagBag from /home/airflow/.local/lib/python3.12/site-packages/airflow/example_dags/example_branch_python_dop_operator_3.py
[2025-04-04T19:07:20.443+0000] {processor.py:925} INFO - DAG(s) 'example_branch_dop_operator_v3' retrieved from /home/airflow/.local/lib/python3.12/site-packages/airflow/example_dags/example_branch_python_dop_operator_3.py
[2025-04-04T19:07:20.462+0000] {logging_mixin.py:190} INFO - [2025-04-04T19:07:20.461+0000] {dag.py:3239} INFO - Sync 1 DAGs
[2025-04-04T19:07:20.493+0000] {logging_mixin.py:190} INFO - [2025-04-04T19:07:20.492+0000] {dag.py:4180} INFO - Setting next_dagrun for example_branch_dop_operator_v3 to 2025-04-04 19:06:00+00:00, run_after=2025-04-04 19:07:00+00:00
[2025-04-04T19:07:20.513+0000] {processor.py:208} INFO - Processing /home/airflow/.local/lib/python3.12/site-packages/airflow/example_dags/example_branch_python_dop_operator_3.py took 0.087 seconds
[2025-04-04T19:07:51.762+0000] {processor.py:186} INFO - Started process (PID=2244) to work on /home/airflow/.local/lib/python3.12/site-packages/airflow/example_dags/example_branch_python_dop_operator_3.py
[2025-04-04T19:07:51.763+0000] {processor.py:914} INFO - Processing file /home/airflow/.local/lib/python3.12/site-packages/airflow/example_dags/example_branch_python_dop_operator_3.py for tasks to queue
[2025-04-04T19:07:51.765+0000] {logging_mixin.py:190} INFO - [2025-04-04T19:07:51.765+0000] {dagbag.py:588} INFO - Filling up the DagBag from /home/airflow/.local/lib/python3.12/site-packages/airflow/example_dags/example_branch_python_dop_operator_3.py
[2025-04-04T19:07:51.775+0000] {processor.py:925} INFO - DAG(s) 'example_branch_dop_operator_v3' retrieved from /home/airflow/.local/lib/python3.12/site-packages/airflow/example_dags/example_branch_python_dop_operator_3.py
[2025-04-04T19:07:51.793+0000] {logging_mixin.py:190} INFO - [2025-04-04T19:07:51.793+0000] {dag.py:3239} INFO - Sync 1 DAGs
[2025-04-04T19:07:51.818+0000] {logging_mixin.py:190} INFO - [2025-04-04T19:07:51.818+0000] {dag.py:4180} INFO - Setting next_dagrun for example_branch_dop_operator_v3 to 2025-04-04 19:06:00+00:00, run_after=2025-04-04 19:07:00+00:00
[2025-04-04T19:07:51.835+0000] {processor.py:208} INFO - Processing /home/airflow/.local/lib/python3.12/site-packages/airflow/example_dags/example_branch_python_dop_operator_3.py took 0.078 seconds
[2025-04-04T19:08:22.635+0000] {processor.py:186} INFO - Started process (PID=2308) to work on /home/airflow/.local/lib/python3.12/site-packages/airflow/example_dags/example_branch_python_dop_operator_3.py
[2025-04-04T19:08:22.636+0000] {processor.py:914} INFO - Processing file /home/airflow/.local/lib/python3.12/site-packages/airflow/example_dags/example_branch_python_dop_operator_3.py for tasks to queue
[2025-04-04T19:08:22.638+0000] {logging_mixin.py:190} INFO - [2025-04-04T19:08:22.638+0000] {dagbag.py:588} INFO - Filling up the DagBag from /home/airflow/.local/lib/python3.12/site-packages/airflow/example_dags/example_branch_python_dop_operator_3.py
[2025-04-04T19:08:22.649+0000] {processor.py:925} INFO - DAG(s) 'example_branch_dop_operator_v3' retrieved from /home/airflow/.local/lib/python3.12/site-packages/airflow/example_dags/example_branch_python_dop_operator_3.py
[2025-04-04T19:08:22.667+0000] {logging_mixin.py:190} INFO - [2025-04-04T19:08:22.667+0000] {dag.py:3239} INFO - Sync 1 DAGs
[2025-04-04T19:08:22.693+0000] {logging_mixin.py:190} INFO - [2025-04-04T19:08:22.692+0000] {dag.py:4180} INFO - Setting next_dagrun for example_branch_dop_operator_v3 to 2025-04-04 19:07:00+00:00, run_after=2025-04-04 19:08:00+00:00
[2025-04-04T19:08:22.710+0000] {processor.py:208} INFO - Processing /home/airflow/.local/lib/python3.12/site-packages/airflow/example_dags/example_branch_python_dop_operator_3.py took 0.080 seconds
[2025-04-04T19:08:54.076+0000] {processor.py:186} INFO - Started process (PID=2372) to work on /home/airflow/.local/lib/python3.12/site-packages/airflow/example_dags/example_branch_python_dop_operator_3.py
[2025-04-04T19:08:54.077+0000] {processor.py:914} INFO - Processing file /home/airflow/.local/lib/python3.12/site-packages/airflow/example_dags/example_branch_python_dop_operator_3.py for tasks to queue
[2025-04-04T19:08:54.080+0000] {logging_mixin.py:190} INFO - [2025-04-04T19:08:54.079+0000] {dagbag.py:588} INFO - Filling up the DagBag from /home/airflow/.local/lib/python3.12/site-packages/airflow/example_dags/example_branch_python_dop_operator_3.py
[2025-04-04T19:08:54.089+0000] {processor.py:925} INFO - DAG(s) 'example_branch_dop_operator_v3' retrieved from /home/airflow/.local/lib/python3.12/site-packages/airflow/example_dags/example_branch_python_dop_operator_3.py
[2025-04-04T19:08:54.107+0000] {logging_mixin.py:190} INFO - [2025-04-04T19:08:54.107+0000] {dag.py:3239} INFO - Sync 1 DAGs
[2025-04-04T19:08:54.133+0000] {logging_mixin.py:190} INFO - [2025-04-04T19:08:54.133+0000] {dag.py:4180} INFO - Setting next_dagrun for example_branch_dop_operator_v3 to 2025-04-04 19:07:00+00:00, run_after=2025-04-04 19:08:00+00:00
[2025-04-04T19:08:54.150+0000] {processor.py:208} INFO - Processing /home/airflow/.local/lib/python3.12/site-packages/airflow/example_dags/example_branch_python_dop_operator_3.py took 0.078 seconds
[2025-04-04T19:09:25.248+0000] {processor.py:186} INFO - Started process (PID=2436) to work on /home/airflow/.local/lib/python3.12/site-packages/airflow/example_dags/example_branch_python_dop_operator_3.py
[2025-04-04T19:09:25.248+0000] {processor.py:914} INFO - Processing file /home/airflow/.local/lib/python3.12/site-packages/airflow/example_dags/example_branch_python_dop_operator_3.py for tasks to queue
[2025-04-04T19:09:25.250+0000] {logging_mixin.py:190} INFO - [2025-04-04T19:09:25.250+0000] {dagbag.py:588} INFO - Filling up the DagBag from /home/airflow/.local/lib/python3.12/site-packages/airflow/example_dags/example_branch_python_dop_operator_3.py
[2025-04-04T19:09:25.259+0000] {processor.py:925} INFO - DAG(s) 'example_branch_dop_operator_v3' retrieved from /home/airflow/.local/lib/python3.12/site-packages/airflow/example_dags/example_branch_python_dop_operator_3.py
[2025-04-04T19:09:25.276+0000] {logging_mixin.py:190} INFO - [2025-04-04T19:09:25.276+0000] {dag.py:3239} INFO - Sync 1 DAGs
[2025-04-04T19:09:25.301+0000] {logging_mixin.py:190} INFO - [2025-04-04T19:09:25.301+0000] {dag.py:4180} INFO - Setting next_dagrun for example_branch_dop_operator_v3 to 2025-04-04 19:08:00+00:00, run_after=2025-04-04 19:09:00+00:00
[2025-04-04T19:09:25.317+0000] {processor.py:208} INFO - Processing /home/airflow/.local/lib/python3.12/site-packages/airflow/example_dags/example_branch_python_dop_operator_3.py took 0.074 seconds
[2025-04-04T19:09:56.254+0000] {processor.py:186} INFO - Started process (PID=2500) to work on /home/airflow/.local/lib/python3.12/site-packages/airflow/example_dags/example_branch_python_dop_operator_3.py
[2025-04-04T19:09:56.255+0000] {processor.py:914} INFO - Processing file /home/airflow/.local/lib/python3.12/site-packages/airflow/example_dags/example_branch_python_dop_operator_3.py for tasks to queue
[2025-04-04T19:09:56.257+0000] {logging_mixin.py:190} INFO - [2025-04-04T19:09:56.257+0000] {dagbag.py:588} INFO - Filling up the DagBag from /home/airflow/.local/lib/python3.12/site-packages/airflow/example_dags/example_branch_python_dop_operator_3.py
[2025-04-04T19:09:56.270+0000] {processor.py:925} INFO - DAG(s) 'example_branch_dop_operator_v3' retrieved from /home/airflow/.local/lib/python3.12/site-packages/airflow/example_dags/example_branch_python_dop_operator_3.py
[2025-04-04T19:09:56.293+0000] {logging_mixin.py:190} INFO - [2025-04-04T19:09:56.293+0000] {dag.py:3239} INFO - Sync 1 DAGs
[2025-04-04T19:09:56.322+0000] {logging_mixin.py:190} INFO - [2025-04-04T19:09:56.321+0000] {dag.py:4180} INFO - Setting next_dagrun for example_branch_dop_operator_v3 to 2025-04-04 19:08:00+00:00, run_after=2025-04-04 19:09:00+00:00
[2025-04-04T19:09:56.341+0000] {processor.py:208} INFO - Processing /home/airflow/.local/lib/python3.12/site-packages/airflow/example_dags/example_branch_python_dop_operator_3.py took 0.094 seconds
[2025-04-04T19:10:27.102+0000] {processor.py:186} INFO - Started process (PID=2566) to work on /home/airflow/.local/lib/python3.12/site-packages/airflow/example_dags/example_branch_python_dop_operator_3.py
[2025-04-04T19:10:27.104+0000] {processor.py:914} INFO - Processing file /home/airflow/.local/lib/python3.12/site-packages/airflow/example_dags/example_branch_python_dop_operator_3.py for tasks to queue
[2025-04-04T19:10:27.106+0000] {logging_mixin.py:190} INFO - [2025-04-04T19:10:27.106+0000] {dagbag.py:588} INFO - Filling up the DagBag from /home/airflow/.local/lib/python3.12/site-packages/airflow/example_dags/example_branch_python_dop_operator_3.py
[2025-04-04T19:10:27.116+0000] {processor.py:925} INFO - DAG(s) 'example_branch_dop_operator_v3' retrieved from /home/airflow/.local/lib/python3.12/site-packages/airflow/example_dags/example_branch_python_dop_operator_3.py
[2025-04-04T19:10:27.135+0000] {logging_mixin.py:190} INFO - [2025-04-04T19:10:27.135+0000] {dag.py:3239} INFO - Sync 1 DAGs
[2025-04-04T19:10:27.159+0000] {logging_mixin.py:190} INFO - [2025-04-04T19:10:27.159+0000] {dag.py:4180} INFO - Setting next_dagrun for example_branch_dop_operator_v3 to 2025-04-04 19:09:00+00:00, run_after=2025-04-04 19:10:00+00:00
[2025-04-04T19:10:27.176+0000] {processor.py:208} INFO - Processing /home/airflow/.local/lib/python3.12/site-packages/airflow/example_dags/example_branch_python_dop_operator_3.py took 0.079 seconds
[2025-04-04T19:10:57.909+0000] {processor.py:186} INFO - Started process (PID=2630) to work on /home/airflow/.local/lib/python3.12/site-packages/airflow/example_dags/example_branch_python_dop_operator_3.py
[2025-04-04T19:10:57.910+0000] {processor.py:914} INFO - Processing file /home/airflow/.local/lib/python3.12/site-packages/airflow/example_dags/example_branch_python_dop_operator_3.py for tasks to queue
[2025-04-04T19:10:57.912+0000] {logging_mixin.py:190} INFO - [2025-04-04T19:10:57.912+0000] {dagbag.py:588} INFO - Filling up the DagBag from /home/airflow/.local/lib/python3.12/site-packages/airflow/example_dags/example_branch_python_dop_operator_3.py
[2025-04-04T19:10:57.921+0000] {processor.py:925} INFO - DAG(s) 'example_branch_dop_operator_v3' retrieved from /home/airflow/.local/lib/python3.12/site-packages/airflow/example_dags/example_branch_python_dop_operator_3.py
[2025-04-04T19:10:57.941+0000] {logging_mixin.py:190} INFO - [2025-04-04T19:10:57.941+0000] {dag.py:3239} INFO - Sync 1 DAGs
[2025-04-04T19:10:57.968+0000] {logging_mixin.py:190} INFO - [2025-04-04T19:10:57.967+0000] {dag.py:4180} INFO - Setting next_dagrun for example_branch_dop_operator_v3 to 2025-04-04 19:09:00+00:00, run_after=2025-04-04 19:10:00+00:00
[2025-04-04T19:10:57.985+0000] {processor.py:208} INFO - Processing /home/airflow/.local/lib/python3.12/site-packages/airflow/example_dags/example_branch_python_dop_operator_3.py took 0.081 seconds
[2025-04-04T19:11:28.792+0000] {processor.py:186} INFO - Started process (PID=2694) to work on /home/airflow/.local/lib/python3.12/site-packages/airflow/example_dags/example_branch_python_dop_operator_3.py
[2025-04-04T19:11:28.793+0000] {processor.py:914} INFO - Processing file /home/airflow/.local/lib/python3.12/site-packages/airflow/example_dags/example_branch_python_dop_operator_3.py for tasks to queue
[2025-04-04T19:11:28.795+0000] {logging_mixin.py:190} INFO - [2025-04-04T19:11:28.795+0000] {dagbag.py:588} INFO - Filling up the DagBag from /home/airflow/.local/lib/python3.12/site-packages/airflow/example_dags/example_branch_python_dop_operator_3.py
[2025-04-04T19:11:28.805+0000] {processor.py:925} INFO - DAG(s) 'example_branch_dop_operator_v3' retrieved from /home/airflow/.local/lib/python3.12/site-packages/airflow/example_dags/example_branch_python_dop_operator_3.py
[2025-04-04T19:11:28.824+0000] {logging_mixin.py:190} INFO - [2025-04-04T19:11:28.823+0000] {dag.py:3239} INFO - Sync 1 DAGs
[2025-04-04T19:11:28.848+0000] {logging_mixin.py:190} INFO - [2025-04-04T19:11:28.848+0000] {dag.py:4180} INFO - Setting next_dagrun for example_branch_dop_operator_v3 to 2025-04-04 19:10:00+00:00, run_after=2025-04-04 19:11:00+00:00
[2025-04-04T19:11:28.866+0000] {processor.py:208} INFO - Processing /home/airflow/.local/lib/python3.12/site-packages/airflow/example_dags/example_branch_python_dop_operator_3.py took 0.079 seconds
[2025-04-04T19:11:59.851+0000] {processor.py:186} INFO - Started process (PID=2758) to work on /home/airflow/.local/lib/python3.12/site-packages/airflow/example_dags/example_branch_python_dop_operator_3.py
[2025-04-04T19:11:59.852+0000] {processor.py:914} INFO - Processing file /home/airflow/.local/lib/python3.12/site-packages/airflow/example_dags/example_branch_python_dop_operator_3.py for tasks to queue
[2025-04-04T19:11:59.854+0000] {logging_mixin.py:190} INFO - [2025-04-04T19:11:59.854+0000] {dagbag.py:588} INFO - Filling up the DagBag from /home/airflow/.local/lib/python3.12/site-packages/airflow/example_dags/example_branch_python_dop_operator_3.py
[2025-04-04T19:11:59.865+0000] {processor.py:925} INFO - DAG(s) 'example_branch_dop_operator_v3' retrieved from /home/airflow/.local/lib/python3.12/site-packages/airflow/example_dags/example_branch_python_dop_operator_3.py
[2025-04-04T19:11:59.889+0000] {logging_mixin.py:190} INFO - [2025-04-04T19:11:59.889+0000] {dag.py:3239} INFO - Sync 1 DAGs
[2025-04-04T19:11:59.917+0000] {logging_mixin.py:190} INFO - [2025-04-04T19:11:59.917+0000] {dag.py:4180} INFO - Setting next_dagrun for example_branch_dop_operator_v3 to 2025-04-04 19:10:00+00:00, run_after=2025-04-04 19:11:00+00:00
[2025-04-04T19:11:59.939+0000] {processor.py:208} INFO - Processing /home/airflow/.local/lib/python3.12/site-packages/airflow/example_dags/example_branch_python_dop_operator_3.py took 0.094 seconds
[2025-04-04T19:12:30.274+0000] {processor.py:186} INFO - Started process (PID=2822) to work on /home/airflow/.local/lib/python3.12/site-packages/airflow/example_dags/example_branch_python_dop_operator_3.py
[2025-04-04T19:12:30.275+0000] {processor.py:914} INFO - Processing file /home/airflow/.local/lib/python3.12/site-packages/airflow/example_dags/example_branch_python_dop_operator_3.py for tasks to queue
[2025-04-04T19:12:30.277+0000] {logging_mixin.py:190} INFO - [2025-04-04T19:12:30.277+0000] {dagbag.py:588} INFO - Filling up the DagBag from /home/airflow/.local/lib/python3.12/site-packages/airflow/example_dags/example_branch_python_dop_operator_3.py
[2025-04-04T19:12:30.286+0000] {processor.py:925} INFO - DAG(s) 'example_branch_dop_operator_v3' retrieved from /home/airflow/.local/lib/python3.12/site-packages/airflow/example_dags/example_branch_python_dop_operator_3.py
[2025-04-04T19:12:30.304+0000] {logging_mixin.py:190} INFO - [2025-04-04T19:12:30.304+0000] {dag.py:3239} INFO - Sync 1 DAGs
[2025-04-04T19:12:30.327+0000] {logging_mixin.py:190} INFO - [2025-04-04T19:12:30.327+0000] {dag.py:4180} INFO - Setting next_dagrun for example_branch_dop_operator_v3 to 2025-04-04 19:11:00+00:00, run_after=2025-04-04 19:12:00+00:00
[2025-04-04T19:12:30.344+0000] {processor.py:208} INFO - Processing /home/airflow/.local/lib/python3.12/site-packages/airflow/example_dags/example_branch_python_dop_operator_3.py took 0.074 seconds
[2025-04-04T19:13:01.108+0000] {processor.py:186} INFO - Started process (PID=2886) to work on /home/airflow/.local/lib/python3.12/site-packages/airflow/example_dags/example_branch_python_dop_operator_3.py
[2025-04-04T19:13:01.109+0000] {processor.py:914} INFO - Processing file /home/airflow/.local/lib/python3.12/site-packages/airflow/example_dags/example_branch_python_dop_operator_3.py for tasks to queue
[2025-04-04T19:13:01.111+0000] {logging_mixin.py:190} INFO - [2025-04-04T19:13:01.110+0000] {dagbag.py:588} INFO - Filling up the DagBag from /home/airflow/.local/lib/python3.12/site-packages/airflow/example_dags/example_branch_python_dop_operator_3.py
[2025-04-04T19:13:01.122+0000] {processor.py:925} INFO - DAG(s) 'example_branch_dop_operator_v3' retrieved from /home/airflow/.local/lib/python3.12/site-packages/airflow/example_dags/example_branch_python_dop_operator_3.py
[2025-04-04T19:13:01.141+0000] {logging_mixin.py:190} INFO - [2025-04-04T19:13:01.140+0000] {dag.py:3239} INFO - Sync 1 DAGs
[2025-04-04T19:13:01.165+0000] {logging_mixin.py:190} INFO - [2025-04-04T19:13:01.165+0000] {dag.py:4180} INFO - Setting next_dagrun for example_branch_dop_operator_v3 to 2025-04-04 19:12:00+00:00, run_after=2025-04-04 19:13:00+00:00
[2025-04-04T19:13:01.182+0000] {processor.py:208} INFO - Processing /home/airflow/.local/lib/python3.12/site-packages/airflow/example_dags/example_branch_python_dop_operator_3.py took 0.080 seconds
[2025-04-04T19:13:33.417+0000] {processor.py:186} INFO - Started process (PID=2950) to work on /home/airflow/.local/lib/python3.12/site-packages/airflow/example_dags/example_branch_python_dop_operator_3.py
[2025-04-04T19:13:33.418+0000] {processor.py:914} INFO - Processing file /home/airflow/.local/lib/python3.12/site-packages/airflow/example_dags/example_branch_python_dop_operator_3.py for tasks to queue
[2025-04-04T19:13:33.422+0000] {logging_mixin.py:190} INFO - [2025-04-04T19:13:33.422+0000] {dagbag.py:588} INFO - Filling up the DagBag from /home/airflow/.local/lib/python3.12/site-packages/airflow/example_dags/example_branch_python_dop_operator_3.py
[2025-04-04T19:13:33.436+0000] {processor.py:925} INFO - DAG(s) 'example_branch_dop_operator_v3' retrieved from /home/airflow/.local/lib/python3.12/site-packages/airflow/example_dags/example_branch_python_dop_operator_3.py
[2025-04-04T19:13:33.463+0000] {logging_mixin.py:190} INFO - [2025-04-04T19:13:33.463+0000] {dag.py:3239} INFO - Sync 1 DAGs
[2025-04-04T19:13:33.718+0000] {logging_mixin.py:190} INFO - [2025-04-04T19:13:33.717+0000] {dag.py:4180} INFO - Setting next_dagrun for example_branch_dop_operator_v3 to 2025-04-04 19:12:00+00:00, run_after=2025-04-04 19:13:00+00:00
[2025-04-04T19:13:33.736+0000] {processor.py:208} INFO - Processing /home/airflow/.local/lib/python3.12/site-packages/airflow/example_dags/example_branch_python_dop_operator_3.py took 0.327 seconds
[2025-04-04T19:14:04.337+0000] {processor.py:186} INFO - Started process (PID=3014) to work on /home/airflow/.local/lib/python3.12/site-packages/airflow/example_dags/example_branch_python_dop_operator_3.py
[2025-04-04T19:14:04.338+0000] {processor.py:914} INFO - Processing file /home/airflow/.local/lib/python3.12/site-packages/airflow/example_dags/example_branch_python_dop_operator_3.py for tasks to queue
[2025-04-04T19:14:04.340+0000] {logging_mixin.py:190} INFO - [2025-04-04T19:14:04.339+0000] {dagbag.py:588} INFO - Filling up the DagBag from /home/airflow/.local/lib/python3.12/site-packages/airflow/example_dags/example_branch_python_dop_operator_3.py
[2025-04-04T19:14:04.349+0000] {processor.py:925} INFO - DAG(s) 'example_branch_dop_operator_v3' retrieved from /home/airflow/.local/lib/python3.12/site-packages/airflow/example_dags/example_branch_python_dop_operator_3.py
[2025-04-04T19:14:04.369+0000] {logging_mixin.py:190} INFO - [2025-04-04T19:14:04.369+0000] {dag.py:3239} INFO - Sync 1 DAGs
[2025-04-04T19:14:04.605+0000] {logging_mixin.py:190} INFO - [2025-04-04T19:14:04.605+0000] {dag.py:4180} INFO - Setting next_dagrun for example_branch_dop_operator_v3 to 2025-04-04 19:13:00+00:00, run_after=2025-04-04 19:14:00+00:00
[2025-04-04T19:14:04.621+0000] {processor.py:208} INFO - Processing /home/airflow/.local/lib/python3.12/site-packages/airflow/example_dags/example_branch_python_dop_operator_3.py took 0.290 seconds
[2025-04-04T19:14:35.261+0000] {processor.py:186} INFO - Started process (PID=3078) to work on /home/airflow/.local/lib/python3.12/site-packages/airflow/example_dags/example_branch_python_dop_operator_3.py
[2025-04-04T19:14:35.262+0000] {processor.py:914} INFO - Processing file /home/airflow/.local/lib/python3.12/site-packages/airflow/example_dags/example_branch_python_dop_operator_3.py for tasks to queue
[2025-04-04T19:14:35.266+0000] {logging_mixin.py:190} INFO - [2025-04-04T19:14:35.265+0000] {dagbag.py:588} INFO - Filling up the DagBag from /home/airflow/.local/lib/python3.12/site-packages/airflow/example_dags/example_branch_python_dop_operator_3.py
[2025-04-04T19:14:35.276+0000] {processor.py:925} INFO - DAG(s) 'example_branch_dop_operator_v3' retrieved from /home/airflow/.local/lib/python3.12/site-packages/airflow/example_dags/example_branch_python_dop_operator_3.py
[2025-04-04T19:14:35.295+0000] {logging_mixin.py:190} INFO - [2025-04-04T19:14:35.295+0000] {dag.py:3239} INFO - Sync 1 DAGs
[2025-04-04T19:14:35.322+0000] {logging_mixin.py:190} INFO - [2025-04-04T19:14:35.322+0000] {dag.py:4180} INFO - Setting next_dagrun for example_branch_dop_operator_v3 to 2025-04-04 19:13:00+00:00, run_after=2025-04-04 19:14:00+00:00
[2025-04-04T19:14:35.347+0000] {processor.py:208} INFO - Processing /home/airflow/.local/lib/python3.12/site-packages/airflow/example_dags/example_branch_python_dop_operator_3.py took 0.092 seconds
[2025-04-04T19:15:06.461+0000] {processor.py:186} INFO - Started process (PID=3142) to work on /home/airflow/.local/lib/python3.12/site-packages/airflow/example_dags/example_branch_python_dop_operator_3.py
[2025-04-04T19:15:06.462+0000] {processor.py:914} INFO - Processing file /home/airflow/.local/lib/python3.12/site-packages/airflow/example_dags/example_branch_python_dop_operator_3.py for tasks to queue
[2025-04-04T19:15:06.465+0000] {logging_mixin.py:190} INFO - [2025-04-04T19:15:06.465+0000] {dagbag.py:588} INFO - Filling up the DagBag from /home/airflow/.local/lib/python3.12/site-packages/airflow/example_dags/example_branch_python_dop_operator_3.py
[2025-04-04T19:15:06.474+0000] {processor.py:925} INFO - DAG(s) 'example_branch_dop_operator_v3' retrieved from /home/airflow/.local/lib/python3.12/site-packages/airflow/example_dags/example_branch_python_dop_operator_3.py
[2025-04-04T19:15:06.493+0000] {logging_mixin.py:190} INFO - [2025-04-04T19:15:06.492+0000] {dag.py:3239} INFO - Sync 1 DAGs
[2025-04-04T19:15:06.519+0000] {logging_mixin.py:190} INFO - [2025-04-04T19:15:06.519+0000] {dag.py:4180} INFO - Setting next_dagrun for example_branch_dop_operator_v3 to 2025-04-04 19:14:00+00:00, run_after=2025-04-04 19:15:00+00:00
[2025-04-04T19:15:06.536+0000] {processor.py:208} INFO - Processing /home/airflow/.local/lib/python3.12/site-packages/airflow/example_dags/example_branch_python_dop_operator_3.py took 0.080 seconds
[2025-04-04T19:15:37.545+0000] {processor.py:186} INFO - Started process (PID=3206) to work on /home/airflow/.local/lib/python3.12/site-packages/airflow/example_dags/example_branch_python_dop_operator_3.py
[2025-04-04T19:15:37.546+0000] {processor.py:914} INFO - Processing file /home/airflow/.local/lib/python3.12/site-packages/airflow/example_dags/example_branch_python_dop_operator_3.py for tasks to queue
[2025-04-04T19:15:37.549+0000] {logging_mixin.py:190} INFO - [2025-04-04T19:15:37.549+0000] {dagbag.py:588} INFO - Filling up the DagBag from /home/airflow/.local/lib/python3.12/site-packages/airflow/example_dags/example_branch_python_dop_operator_3.py
[2025-04-04T19:15:37.560+0000] {processor.py:925} INFO - DAG(s) 'example_branch_dop_operator_v3' retrieved from /home/airflow/.local/lib/python3.12/site-packages/airflow/example_dags/example_branch_python_dop_operator_3.py
[2025-04-04T19:15:37.584+0000] {logging_mixin.py:190} INFO - [2025-04-04T19:15:37.583+0000] {dag.py:3239} INFO - Sync 1 DAGs
[2025-04-04T19:15:37.613+0000] {logging_mixin.py:190} INFO - [2025-04-04T19:15:37.613+0000] {dag.py:4180} INFO - Setting next_dagrun for example_branch_dop_operator_v3 to 2025-04-04 19:14:00+00:00, run_after=2025-04-04 19:15:00+00:00
[2025-04-04T19:15:37.633+0000] {processor.py:208} INFO - Processing /home/airflow/.local/lib/python3.12/site-packages/airflow/example_dags/example_branch_python_dop_operator_3.py took 0.096 seconds
[2025-04-04T19:16:08.752+0000] {processor.py:186} INFO - Started process (PID=3276) to work on /home/airflow/.local/lib/python3.12/site-packages/airflow/example_dags/example_branch_python_dop_operator_3.py
[2025-04-04T19:16:08.754+0000] {processor.py:914} INFO - Processing file /home/airflow/.local/lib/python3.12/site-packages/airflow/example_dags/example_branch_python_dop_operator_3.py for tasks to queue
[2025-04-04T19:16:08.756+0000] {logging_mixin.py:190} INFO - [2025-04-04T19:16:08.756+0000] {dagbag.py:588} INFO - Filling up the DagBag from /home/airflow/.local/lib/python3.12/site-packages/airflow/example_dags/example_branch_python_dop_operator_3.py
[2025-04-04T19:16:08.766+0000] {processor.py:925} INFO - DAG(s) 'example_branch_dop_operator_v3' retrieved from /home/airflow/.local/lib/python3.12/site-packages/airflow/example_dags/example_branch_python_dop_operator_3.py
[2025-04-04T19:16:08.788+0000] {logging_mixin.py:190} INFO - [2025-04-04T19:16:08.787+0000] {dag.py:3239} INFO - Sync 1 DAGs
[2025-04-04T19:16:08.816+0000] {logging_mixin.py:190} INFO - [2025-04-04T19:16:08.816+0000] {dag.py:4180} INFO - Setting next_dagrun for example_branch_dop_operator_v3 to 2025-04-04 19:15:00+00:00, run_after=2025-04-04 19:16:00+00:00
[2025-04-04T19:16:08.835+0000] {processor.py:208} INFO - Processing /home/airflow/.local/lib/python3.12/site-packages/airflow/example_dags/example_branch_python_dop_operator_3.py took 0.090 seconds
[2025-04-04T19:16:40.174+0000] {processor.py:186} INFO - Started process (PID=3341) to work on /home/airflow/.local/lib/python3.12/site-packages/airflow/example_dags/example_branch_python_dop_operator_3.py
[2025-04-04T19:16:40.175+0000] {processor.py:914} INFO - Processing file /home/airflow/.local/lib/python3.12/site-packages/airflow/example_dags/example_branch_python_dop_operator_3.py for tasks to queue
[2025-04-04T19:16:40.177+0000] {logging_mixin.py:190} INFO - [2025-04-04T19:16:40.177+0000] {dagbag.py:588} INFO - Filling up the DagBag from /home/airflow/.local/lib/python3.12/site-packages/airflow/example_dags/example_branch_python_dop_operator_3.py
[2025-04-04T19:16:40.186+0000] {processor.py:925} INFO - DAG(s) 'example_branch_dop_operator_v3' retrieved from /home/airflow/.local/lib/python3.12/site-packages/airflow/example_dags/example_branch_python_dop_operator_3.py
[2025-04-04T19:16:40.206+0000] {logging_mixin.py:190} INFO - [2025-04-04T19:16:40.206+0000] {dag.py:3239} INFO - Sync 1 DAGs
[2025-04-04T19:16:40.235+0000] {logging_mixin.py:190} INFO - [2025-04-04T19:16:40.235+0000] {dag.py:4180} INFO - Setting next_dagrun for example_branch_dop_operator_v3 to 2025-04-04 19:15:00+00:00, run_after=2025-04-04 19:16:00+00:00
[2025-04-04T19:16:40.251+0000] {processor.py:208} INFO - Processing /home/airflow/.local/lib/python3.12/site-packages/airflow/example_dags/example_branch_python_dop_operator_3.py took 0.084 seconds
[2025-04-04T19:17:11.285+0000] {processor.py:186} INFO - Started process (PID=3406) to work on /home/airflow/.local/lib/python3.12/site-packages/airflow/example_dags/example_branch_python_dop_operator_3.py
[2025-04-04T19:17:11.286+0000] {processor.py:914} INFO - Processing file /home/airflow/.local/lib/python3.12/site-packages/airflow/example_dags/example_branch_python_dop_operator_3.py for tasks to queue
[2025-04-04T19:17:11.289+0000] {logging_mixin.py:190} INFO - [2025-04-04T19:17:11.288+0000] {dagbag.py:588} INFO - Filling up the DagBag from /home/airflow/.local/lib/python3.12/site-packages/airflow/example_dags/example_branch_python_dop_operator_3.py
[2025-04-04T19:17:11.303+0000] {processor.py:925} INFO - DAG(s) 'example_branch_dop_operator_v3' retrieved from /home/airflow/.local/lib/python3.12/site-packages/airflow/example_dags/example_branch_python_dop_operator_3.py
[2025-04-04T19:17:11.325+0000] {logging_mixin.py:190} INFO - [2025-04-04T19:17:11.325+0000] {dag.py:3239} INFO - Sync 1 DAGs
[2025-04-04T19:17:11.356+0000] {logging_mixin.py:190} INFO - [2025-04-04T19:17:11.356+0000] {dag.py:4180} INFO - Setting next_dagrun for example_branch_dop_operator_v3 to 2025-04-04 19:16:00+00:00, run_after=2025-04-04 19:17:00+00:00
[2025-04-04T19:17:11.381+0000] {processor.py:208} INFO - Processing /home/airflow/.local/lib/python3.12/site-packages/airflow/example_dags/example_branch_python_dop_operator_3.py took 0.102 seconds
[2025-04-04T19:17:41.768+0000] {processor.py:186} INFO - Started process (PID=3471) to work on /home/airflow/.local/lib/python3.12/site-packages/airflow/example_dags/example_branch_python_dop_operator_3.py
[2025-04-04T19:17:41.769+0000] {processor.py:914} INFO - Processing file /home/airflow/.local/lib/python3.12/site-packages/airflow/example_dags/example_branch_python_dop_operator_3.py for tasks to queue
[2025-04-04T19:17:41.772+0000] {logging_mixin.py:190} INFO - [2025-04-04T19:17:41.771+0000] {dagbag.py:588} INFO - Filling up the DagBag from /home/airflow/.local/lib/python3.12/site-packages/airflow/example_dags/example_branch_python_dop_operator_3.py
[2025-04-04T19:17:41.782+0000] {processor.py:925} INFO - DAG(s) 'example_branch_dop_operator_v3' retrieved from /home/airflow/.local/lib/python3.12/site-packages/airflow/example_dags/example_branch_python_dop_operator_3.py
[2025-04-04T19:17:41.800+0000] {logging_mixin.py:190} INFO - [2025-04-04T19:17:41.800+0000] {dag.py:3239} INFO - Sync 1 DAGs
[2025-04-04T19:17:41.827+0000] {logging_mixin.py:190} INFO - [2025-04-04T19:17:41.827+0000] {dag.py:4180} INFO - Setting next_dagrun for example_branch_dop_operator_v3 to 2025-04-04 19:16:00+00:00, run_after=2025-04-04 19:17:00+00:00
[2025-04-04T19:17:41.844+0000] {processor.py:208} INFO - Processing /home/airflow/.local/lib/python3.12/site-packages/airflow/example_dags/example_branch_python_dop_operator_3.py took 0.082 seconds
[2025-04-04T19:18:12.912+0000] {processor.py:186} INFO - Started process (PID=3535) to work on /home/airflow/.local/lib/python3.12/site-packages/airflow/example_dags/example_branch_python_dop_operator_3.py
[2025-04-04T19:18:12.913+0000] {processor.py:914} INFO - Processing file /home/airflow/.local/lib/python3.12/site-packages/airflow/example_dags/example_branch_python_dop_operator_3.py for tasks to queue
[2025-04-04T19:18:12.917+0000] {logging_mixin.py:190} INFO - [2025-04-04T19:18:12.917+0000] {dagbag.py:588} INFO - Filling up the DagBag from /home/airflow/.local/lib/python3.12/site-packages/airflow/example_dags/example_branch_python_dop_operator_3.py
[2025-04-04T19:18:12.929+0000] {processor.py:925} INFO - DAG(s) 'example_branch_dop_operator_v3' retrieved from /home/airflow/.local/lib/python3.12/site-packages/airflow/example_dags/example_branch_python_dop_operator_3.py
[2025-04-04T19:18:12.951+0000] {logging_mixin.py:190} INFO - [2025-04-04T19:18:12.951+0000] {dag.py:3239} INFO - Sync 1 DAGs
[2025-04-04T19:18:12.987+0000] {logging_mixin.py:190} INFO - [2025-04-04T19:18:12.987+0000] {dag.py:4180} INFO - Setting next_dagrun for example_branch_dop_operator_v3 to 2025-04-04 19:17:00+00:00, run_after=2025-04-04 19:18:00+00:00
[2025-04-04T19:18:13.015+0000] {processor.py:208} INFO - Processing /home/airflow/.local/lib/python3.12/site-packages/airflow/example_dags/example_branch_python_dop_operator_3.py took 0.111 seconds
[2025-04-04T19:18:43.840+0000] {processor.py:186} INFO - Started process (PID=3599) to work on /home/airflow/.local/lib/python3.12/site-packages/airflow/example_dags/example_branch_python_dop_operator_3.py
[2025-04-04T19:18:43.841+0000] {processor.py:914} INFO - Processing file /home/airflow/.local/lib/python3.12/site-packages/airflow/example_dags/example_branch_python_dop_operator_3.py for tasks to queue
[2025-04-04T19:18:43.845+0000] {logging_mixin.py:190} INFO - [2025-04-04T19:18:43.844+0000] {dagbag.py:588} INFO - Filling up the DagBag from /home/airflow/.local/lib/python3.12/site-packages/airflow/example_dags/example_branch_python_dop_operator_3.py
[2025-04-04T19:18:43.856+0000] {processor.py:925} INFO - DAG(s) 'example_branch_dop_operator_v3' retrieved from /home/airflow/.local/lib/python3.12/site-packages/airflow/example_dags/example_branch_python_dop_operator_3.py
[2025-04-04T19:18:43.879+0000] {logging_mixin.py:190} INFO - [2025-04-04T19:18:43.879+0000] {dag.py:3239} INFO - Sync 1 DAGs
[2025-04-04T19:18:43.908+0000] {logging_mixin.py:190} INFO - [2025-04-04T19:18:43.908+0000] {dag.py:4180} INFO - Setting next_dagrun for example_branch_dop_operator_v3 to 2025-04-04 19:17:00+00:00, run_after=2025-04-04 19:18:00+00:00
[2025-04-04T19:18:43.929+0000] {processor.py:208} INFO - Processing /home/airflow/.local/lib/python3.12/site-packages/airflow/example_dags/example_branch_python_dop_operator_3.py took 0.095 seconds
[2025-04-04T19:19:15.068+0000] {processor.py:186} INFO - Started process (PID=3669) to work on /home/airflow/.local/lib/python3.12/site-packages/airflow/example_dags/example_branch_python_dop_operator_3.py
[2025-04-04T19:19:15.069+0000] {processor.py:914} INFO - Processing file /home/airflow/.local/lib/python3.12/site-packages/airflow/example_dags/example_branch_python_dop_operator_3.py for tasks to queue
[2025-04-04T19:19:15.072+0000] {logging_mixin.py:190} INFO - [2025-04-04T19:19:15.071+0000] {dagbag.py:588} INFO - Filling up the DagBag from /home/airflow/.local/lib/python3.12/site-packages/airflow/example_dags/example_branch_python_dop_operator_3.py
[2025-04-04T19:19:15.085+0000] {processor.py:925} INFO - DAG(s) 'example_branch_dop_operator_v3' retrieved from /home/airflow/.local/lib/python3.12/site-packages/airflow/example_dags/example_branch_python_dop_operator_3.py
[2025-04-04T19:19:15.107+0000] {logging_mixin.py:190} INFO - [2025-04-04T19:19:15.107+0000] {dag.py:3239} INFO - Sync 1 DAGs
[2025-04-04T19:19:15.136+0000] {logging_mixin.py:190} INFO - [2025-04-04T19:19:15.136+0000] {dag.py:4180} INFO - Setting next_dagrun for example_branch_dop_operator_v3 to 2025-04-04 19:18:00+00:00, run_after=2025-04-04 19:19:00+00:00
[2025-04-04T19:19:15.156+0000] {processor.py:208} INFO - Processing /home/airflow/.local/lib/python3.12/site-packages/airflow/example_dags/example_branch_python_dop_operator_3.py took 0.094 seconds
[2025-04-04T19:19:46.013+0000] {processor.py:186} INFO - Started process (PID=3733) to work on /home/airflow/.local/lib/python3.12/site-packages/airflow/example_dags/example_branch_python_dop_operator_3.py
[2025-04-04T19:19:46.014+0000] {processor.py:914} INFO - Processing file /home/airflow/.local/lib/python3.12/site-packages/airflow/example_dags/example_branch_python_dop_operator_3.py for tasks to queue
[2025-04-04T19:19:46.017+0000] {logging_mixin.py:190} INFO - [2025-04-04T19:19:46.016+0000] {dagbag.py:588} INFO - Filling up the DagBag from /home/airflow/.local/lib/python3.12/site-packages/airflow/example_dags/example_branch_python_dop_operator_3.py
[2025-04-04T19:19:46.026+0000] {processor.py:925} INFO - DAG(s) 'example_branch_dop_operator_v3' retrieved from /home/airflow/.local/lib/python3.12/site-packages/airflow/example_dags/example_branch_python_dop_operator_3.py
[2025-04-04T19:19:46.044+0000] {logging_mixin.py:190} INFO - [2025-04-04T19:19:46.044+0000] {dag.py:3239} INFO - Sync 1 DAGs
[2025-04-04T19:19:46.069+0000] {logging_mixin.py:190} INFO - [2025-04-04T19:19:46.069+0000] {dag.py:4180} INFO - Setting next_dagrun for example_branch_dop_operator_v3 to 2025-04-04 19:18:00+00:00, run_after=2025-04-04 19:19:00+00:00
[2025-04-04T19:19:46.087+0000] {processor.py:208} INFO - Processing /home/airflow/.local/lib/python3.12/site-packages/airflow/example_dags/example_branch_python_dop_operator_3.py took 0.079 seconds
[2025-04-04T19:20:16.701+0000] {processor.py:186} INFO - Started process (PID=3797) to work on /home/airflow/.local/lib/python3.12/site-packages/airflow/example_dags/example_branch_python_dop_operator_3.py
[2025-04-04T19:20:16.702+0000] {processor.py:914} INFO - Processing file /home/airflow/.local/lib/python3.12/site-packages/airflow/example_dags/example_branch_python_dop_operator_3.py for tasks to queue
[2025-04-04T19:20:16.705+0000] {logging_mixin.py:190} INFO - [2025-04-04T19:20:16.705+0000] {dagbag.py:588} INFO - Filling up the DagBag from /home/airflow/.local/lib/python3.12/site-packages/airflow/example_dags/example_branch_python_dop_operator_3.py
[2025-04-04T19:20:16.715+0000] {processor.py:925} INFO - DAG(s) 'example_branch_dop_operator_v3' retrieved from /home/airflow/.local/lib/python3.12/site-packages/airflow/example_dags/example_branch_python_dop_operator_3.py
[2025-04-04T19:20:16.733+0000] {logging_mixin.py:190} INFO - [2025-04-04T19:20:16.733+0000] {dag.py:3239} INFO - Sync 1 DAGs
[2025-04-04T19:20:16.757+0000] {logging_mixin.py:190} INFO - [2025-04-04T19:20:16.757+0000] {dag.py:4180} INFO - Setting next_dagrun for example_branch_dop_operator_v3 to 2025-04-04 19:19:00+00:00, run_after=2025-04-04 19:20:00+00:00
[2025-04-04T19:20:16.775+0000] {processor.py:208} INFO - Processing /home/airflow/.local/lib/python3.12/site-packages/airflow/example_dags/example_branch_python_dop_operator_3.py took 0.079 seconds
[2025-04-04T19:20:47.311+0000] {processor.py:186} INFO - Started process (PID=3861) to work on /home/airflow/.local/lib/python3.12/site-packages/airflow/example_dags/example_branch_python_dop_operator_3.py
[2025-04-04T19:20:47.312+0000] {processor.py:914} INFO - Processing file /home/airflow/.local/lib/python3.12/site-packages/airflow/example_dags/example_branch_python_dop_operator_3.py for tasks to queue
[2025-04-04T19:20:47.315+0000] {logging_mixin.py:190} INFO - [2025-04-04T19:20:47.315+0000] {dagbag.py:588} INFO - Filling up the DagBag from /home/airflow/.local/lib/python3.12/site-packages/airflow/example_dags/example_branch_python_dop_operator_3.py
[2025-04-04T19:20:47.326+0000] {processor.py:925} INFO - DAG(s) 'example_branch_dop_operator_v3' retrieved from /home/airflow/.local/lib/python3.12/site-packages/airflow/example_dags/example_branch_python_dop_operator_3.py
[2025-04-04T19:20:47.350+0000] {logging_mixin.py:190} INFO - [2025-04-04T19:20:47.350+0000] {dag.py:3239} INFO - Sync 1 DAGs
[2025-04-04T19:20:47.379+0000] {logging_mixin.py:190} INFO - [2025-04-04T19:20:47.378+0000] {dag.py:4180} INFO - Setting next_dagrun for example_branch_dop_operator_v3 to 2025-04-04 19:19:00+00:00, run_after=2025-04-04 19:20:00+00:00
[2025-04-04T19:20:47.399+0000] {processor.py:208} INFO - Processing /home/airflow/.local/lib/python3.12/site-packages/airflow/example_dags/example_branch_python_dop_operator_3.py took 0.096 seconds
[2025-04-04T19:21:17.507+0000] {processor.py:186} INFO - Started process (PID=3924) to work on /home/airflow/.local/lib/python3.12/site-packages/airflow/example_dags/example_branch_python_dop_operator_3.py
[2025-04-04T19:21:17.507+0000] {processor.py:914} INFO - Processing file /home/airflow/.local/lib/python3.12/site-packages/airflow/example_dags/example_branch_python_dop_operator_3.py for tasks to queue
[2025-04-04T19:21:17.510+0000] {logging_mixin.py:190} INFO - [2025-04-04T19:21:17.510+0000] {dagbag.py:588} INFO - Filling up the DagBag from /home/airflow/.local/lib/python3.12/site-packages/airflow/example_dags/example_branch_python_dop_operator_3.py
[2025-04-04T19:21:17.519+0000] {processor.py:925} INFO - DAG(s) 'example_branch_dop_operator_v3' retrieved from /home/airflow/.local/lib/python3.12/site-packages/airflow/example_dags/example_branch_python_dop_operator_3.py
[2025-04-04T19:21:17.538+0000] {logging_mixin.py:190} INFO - [2025-04-04T19:21:17.538+0000] {dag.py:3239} INFO - Sync 1 DAGs
[2025-04-04T19:21:17.563+0000] {logging_mixin.py:190} INFO - [2025-04-04T19:21:17.563+0000] {dag.py:4180} INFO - Setting next_dagrun for example_branch_dop_operator_v3 to 2025-04-04 19:20:00+00:00, run_after=2025-04-04 19:21:00+00:00
[2025-04-04T19:21:17.580+0000] {processor.py:208} INFO - Processing /home/airflow/.local/lib/python3.12/site-packages/airflow/example_dags/example_branch_python_dop_operator_3.py took 0.080 seconds
[2025-04-04T19:21:47.813+0000] {processor.py:186} INFO - Started process (PID=3987) to work on /home/airflow/.local/lib/python3.12/site-packages/airflow/example_dags/example_branch_python_dop_operator_3.py
[2025-04-04T19:21:47.814+0000] {processor.py:914} INFO - Processing file /home/airflow/.local/lib/python3.12/site-packages/airflow/example_dags/example_branch_python_dop_operator_3.py for tasks to queue
[2025-04-04T19:21:47.816+0000] {logging_mixin.py:190} INFO - [2025-04-04T19:21:47.816+0000] {dagbag.py:588} INFO - Filling up the DagBag from /home/airflow/.local/lib/python3.12/site-packages/airflow/example_dags/example_branch_python_dop_operator_3.py
[2025-04-04T19:21:47.826+0000] {processor.py:925} INFO - DAG(s) 'example_branch_dop_operator_v3' retrieved from /home/airflow/.local/lib/python3.12/site-packages/airflow/example_dags/example_branch_python_dop_operator_3.py
[2025-04-04T19:21:47.845+0000] {logging_mixin.py:190} INFO - [2025-04-04T19:21:47.844+0000] {dag.py:3239} INFO - Sync 1 DAGs
[2025-04-04T19:21:47.869+0000] {logging_mixin.py:190} INFO - [2025-04-04T19:21:47.869+0000] {dag.py:4180} INFO - Setting next_dagrun for example_branch_dop_operator_v3 to 2025-04-04 19:20:00+00:00, run_after=2025-04-04 19:21:00+00:00
[2025-04-04T19:21:47.886+0000] {processor.py:208} INFO - Processing /home/airflow/.local/lib/python3.12/site-packages/airflow/example_dags/example_branch_python_dop_operator_3.py took 0.079 seconds
[2025-04-04T19:22:18.599+0000] {processor.py:186} INFO - Started process (PID=4052) to work on /home/airflow/.local/lib/python3.12/site-packages/airflow/example_dags/example_branch_python_dop_operator_3.py
[2025-04-04T19:22:18.600+0000] {processor.py:914} INFO - Processing file /home/airflow/.local/lib/python3.12/site-packages/airflow/example_dags/example_branch_python_dop_operator_3.py for tasks to queue
[2025-04-04T19:22:18.603+0000] {logging_mixin.py:190} INFO - [2025-04-04T19:22:18.602+0000] {dagbag.py:588} INFO - Filling up the DagBag from /home/airflow/.local/lib/python3.12/site-packages/airflow/example_dags/example_branch_python_dop_operator_3.py
[2025-04-04T19:22:18.612+0000] {processor.py:925} INFO - DAG(s) 'example_branch_dop_operator_v3' retrieved from /home/airflow/.local/lib/python3.12/site-packages/airflow/example_dags/example_branch_python_dop_operator_3.py
[2025-04-04T19:22:18.630+0000] {logging_mixin.py:190} INFO - [2025-04-04T19:22:18.630+0000] {dag.py:3239} INFO - Sync 1 DAGs
[2025-04-04T19:22:18.653+0000] {logging_mixin.py:190} INFO - [2025-04-04T19:22:18.653+0000] {dag.py:4180} INFO - Setting next_dagrun for example_branch_dop_operator_v3 to 2025-04-04 19:21:00+00:00, run_after=2025-04-04 19:22:00+00:00
[2025-04-04T19:22:18.668+0000] {processor.py:208} INFO - Processing /home/airflow/.local/lib/python3.12/site-packages/airflow/example_dags/example_branch_python_dop_operator_3.py took 0.074 seconds
[2025-04-04T19:22:48.838+0000] {processor.py:186} INFO - Started process (PID=4116) to work on /home/airflow/.local/lib/python3.12/site-packages/airflow/example_dags/example_branch_python_dop_operator_3.py
[2025-04-04T19:22:48.838+0000] {processor.py:914} INFO - Processing file /home/airflow/.local/lib/python3.12/site-packages/airflow/example_dags/example_branch_python_dop_operator_3.py for tasks to queue
[2025-04-04T19:22:48.840+0000] {logging_mixin.py:190} INFO - [2025-04-04T19:22:48.840+0000] {dagbag.py:588} INFO - Filling up the DagBag from /home/airflow/.local/lib/python3.12/site-packages/airflow/example_dags/example_branch_python_dop_operator_3.py
[2025-04-04T19:22:48.849+0000] {processor.py:925} INFO - DAG(s) 'example_branch_dop_operator_v3' retrieved from /home/airflow/.local/lib/python3.12/site-packages/airflow/example_dags/example_branch_python_dop_operator_3.py
[2025-04-04T19:22:48.868+0000] {logging_mixin.py:190} INFO - [2025-04-04T19:22:48.867+0000] {dag.py:3239} INFO - Sync 1 DAGs
[2025-04-04T19:22:48.893+0000] {logging_mixin.py:190} INFO - [2025-04-04T19:22:48.893+0000] {dag.py:4180} INFO - Setting next_dagrun for example_branch_dop_operator_v3 to 2025-04-04 19:21:00+00:00, run_after=2025-04-04 19:22:00+00:00
[2025-04-04T19:22:48.910+0000] {processor.py:208} INFO - Processing /home/airflow/.local/lib/python3.12/site-packages/airflow/example_dags/example_branch_python_dop_operator_3.py took 0.077 seconds
[2025-04-04T19:23:19.157+0000] {processor.py:186} INFO - Started process (PID=4179) to work on /home/airflow/.local/lib/python3.12/site-packages/airflow/example_dags/example_branch_python_dop_operator_3.py
[2025-04-04T19:23:19.158+0000] {processor.py:914} INFO - Processing file /home/airflow/.local/lib/python3.12/site-packages/airflow/example_dags/example_branch_python_dop_operator_3.py for tasks to queue
[2025-04-04T19:23:19.160+0000] {logging_mixin.py:190} INFO - [2025-04-04T19:23:19.159+0000] {dagbag.py:588} INFO - Filling up the DagBag from /home/airflow/.local/lib/python3.12/site-packages/airflow/example_dags/example_branch_python_dop_operator_3.py
[2025-04-04T19:23:19.170+0000] {processor.py:925} INFO - DAG(s) 'example_branch_dop_operator_v3' retrieved from /home/airflow/.local/lib/python3.12/site-packages/airflow/example_dags/example_branch_python_dop_operator_3.py
[2025-04-04T19:23:19.189+0000] {logging_mixin.py:190} INFO - [2025-04-04T19:23:19.188+0000] {dag.py:3239} INFO - Sync 1 DAGs
[2025-04-04T19:23:19.213+0000] {logging_mixin.py:190} INFO - [2025-04-04T19:23:19.213+0000] {dag.py:4180} INFO - Setting next_dagrun for example_branch_dop_operator_v3 to 2025-04-04 19:22:00+00:00, run_after=2025-04-04 19:23:00+00:00
[2025-04-04T19:23:19.236+0000] {processor.py:208} INFO - Processing /home/airflow/.local/lib/python3.12/site-packages/airflow/example_dags/example_branch_python_dop_operator_3.py took 0.085 seconds
[2025-04-04T19:23:49.813+0000] {processor.py:186} INFO - Started process (PID=4243) to work on /home/airflow/.local/lib/python3.12/site-packages/airflow/example_dags/example_branch_python_dop_operator_3.py
[2025-04-04T19:23:49.814+0000] {processor.py:914} INFO - Processing file /home/airflow/.local/lib/python3.12/site-packages/airflow/example_dags/example_branch_python_dop_operator_3.py for tasks to queue
[2025-04-04T19:23:49.816+0000] {logging_mixin.py:190} INFO - [2025-04-04T19:23:49.816+0000] {dagbag.py:588} INFO - Filling up the DagBag from /home/airflow/.local/lib/python3.12/site-packages/airflow/example_dags/example_branch_python_dop_operator_3.py
[2025-04-04T19:23:49.826+0000] {processor.py:925} INFO - DAG(s) 'example_branch_dop_operator_v3' retrieved from /home/airflow/.local/lib/python3.12/site-packages/airflow/example_dags/example_branch_python_dop_operator_3.py
[2025-04-04T19:23:49.844+0000] {logging_mixin.py:190} INFO - [2025-04-04T19:23:49.844+0000] {dag.py:3239} INFO - Sync 1 DAGs
[2025-04-04T19:23:49.868+0000] {logging_mixin.py:190} INFO - [2025-04-04T19:23:49.867+0000] {dag.py:4180} INFO - Setting next_dagrun for example_branch_dop_operator_v3 to 2025-04-04 19:22:00+00:00, run_after=2025-04-04 19:23:00+00:00
[2025-04-04T19:23:49.884+0000] {processor.py:208} INFO - Processing /home/airflow/.local/lib/python3.12/site-packages/airflow/example_dags/example_branch_python_dop_operator_3.py took 0.076 seconds
[2025-04-04T19:24:20.401+0000] {processor.py:186} INFO - Started process (PID=4307) to work on /home/airflow/.local/lib/python3.12/site-packages/airflow/example_dags/example_branch_python_dop_operator_3.py
[2025-04-04T19:24:20.402+0000] {processor.py:914} INFO - Processing file /home/airflow/.local/lib/python3.12/site-packages/airflow/example_dags/example_branch_python_dop_operator_3.py for tasks to queue
[2025-04-04T19:24:20.404+0000] {logging_mixin.py:190} INFO - [2025-04-04T19:24:20.404+0000] {dagbag.py:588} INFO - Filling up the DagBag from /home/airflow/.local/lib/python3.12/site-packages/airflow/example_dags/example_branch_python_dop_operator_3.py
[2025-04-04T19:24:20.413+0000] {processor.py:925} INFO - DAG(s) 'example_branch_dop_operator_v3' retrieved from /home/airflow/.local/lib/python3.12/site-packages/airflow/example_dags/example_branch_python_dop_operator_3.py
[2025-04-04T19:24:20.431+0000] {logging_mixin.py:190} INFO - [2025-04-04T19:24:20.430+0000] {dag.py:3239} INFO - Sync 1 DAGs
[2025-04-04T19:24:20.454+0000] {logging_mixin.py:190} INFO - [2025-04-04T19:24:20.454+0000] {dag.py:4180} INFO - Setting next_dagrun for example_branch_dop_operator_v3 to 2025-04-04 19:23:00+00:00, run_after=2025-04-04 19:24:00+00:00
[2025-04-04T19:24:20.473+0000] {processor.py:208} INFO - Processing /home/airflow/.local/lib/python3.12/site-packages/airflow/example_dags/example_branch_python_dop_operator_3.py took 0.078 seconds
[2025-04-04T19:24:51.341+0000] {processor.py:186} INFO - Started process (PID=4371) to work on /home/airflow/.local/lib/python3.12/site-packages/airflow/example_dags/example_branch_python_dop_operator_3.py
[2025-04-04T19:24:51.342+0000] {processor.py:914} INFO - Processing file /home/airflow/.local/lib/python3.12/site-packages/airflow/example_dags/example_branch_python_dop_operator_3.py for tasks to queue
[2025-04-04T19:24:51.344+0000] {logging_mixin.py:190} INFO - [2025-04-04T19:24:51.344+0000] {dagbag.py:588} INFO - Filling up the DagBag from /home/airflow/.local/lib/python3.12/site-packages/airflow/example_dags/example_branch_python_dop_operator_3.py
[2025-04-04T19:24:51.354+0000] {processor.py:925} INFO - DAG(s) 'example_branch_dop_operator_v3' retrieved from /home/airflow/.local/lib/python3.12/site-packages/airflow/example_dags/example_branch_python_dop_operator_3.py
[2025-04-04T19:24:51.372+0000] {logging_mixin.py:190} INFO - [2025-04-04T19:24:51.372+0000] {dag.py:3239} INFO - Sync 1 DAGs
[2025-04-04T19:24:51.398+0000] {logging_mixin.py:190} INFO - [2025-04-04T19:24:51.397+0000] {dag.py:4180} INFO - Setting next_dagrun for example_branch_dop_operator_v3 to 2025-04-04 19:23:00+00:00, run_after=2025-04-04 19:24:00+00:00
[2025-04-04T19:24:51.414+0000] {processor.py:208} INFO - Processing /home/airflow/.local/lib/python3.12/site-packages/airflow/example_dags/example_branch_python_dop_operator_3.py took 0.079 seconds
[2025-04-04T19:25:21.749+0000] {processor.py:186} INFO - Started process (PID=4436) to work on /home/airflow/.local/lib/python3.12/site-packages/airflow/example_dags/example_branch_python_dop_operator_3.py
[2025-04-04T19:25:21.750+0000] {processor.py:914} INFO - Processing file /home/airflow/.local/lib/python3.12/site-packages/airflow/example_dags/example_branch_python_dop_operator_3.py for tasks to queue
[2025-04-04T19:25:21.753+0000] {logging_mixin.py:190} INFO - [2025-04-04T19:25:21.752+0000] {dagbag.py:588} INFO - Filling up the DagBag from /home/airflow/.local/lib/python3.12/site-packages/airflow/example_dags/example_branch_python_dop_operator_3.py
[2025-04-04T19:25:21.762+0000] {processor.py:925} INFO - DAG(s) 'example_branch_dop_operator_v3' retrieved from /home/airflow/.local/lib/python3.12/site-packages/airflow/example_dags/example_branch_python_dop_operator_3.py
[2025-04-04T19:25:21.781+0000] {logging_mixin.py:190} INFO - [2025-04-04T19:25:21.780+0000] {dag.py:3239} INFO - Sync 1 DAGs
[2025-04-04T19:25:21.806+0000] {logging_mixin.py:190} INFO - [2025-04-04T19:25:21.806+0000] {dag.py:4180} INFO - Setting next_dagrun for example_branch_dop_operator_v3 to 2025-04-04 19:24:00+00:00, run_after=2025-04-04 19:25:00+00:00
[2025-04-04T19:25:21.823+0000] {processor.py:208} INFO - Processing /home/airflow/.local/lib/python3.12/site-packages/airflow/example_dags/example_branch_python_dop_operator_3.py took 0.079 seconds
[2025-04-04T19:25:52.367+0000] {processor.py:186} INFO - Started process (PID=4501) to work on /home/airflow/.local/lib/python3.12/site-packages/airflow/example_dags/example_branch_python_dop_operator_3.py
[2025-04-04T19:25:52.368+0000] {processor.py:914} INFO - Processing file /home/airflow/.local/lib/python3.12/site-packages/airflow/example_dags/example_branch_python_dop_operator_3.py for tasks to queue
[2025-04-04T19:25:52.371+0000] {logging_mixin.py:190} INFO - [2025-04-04T19:25:52.371+0000] {dagbag.py:588} INFO - Filling up the DagBag from /home/airflow/.local/lib/python3.12/site-packages/airflow/example_dags/example_branch_python_dop_operator_3.py
[2025-04-04T19:25:52.380+0000] {processor.py:925} INFO - DAG(s) 'example_branch_dop_operator_v3' retrieved from /home/airflow/.local/lib/python3.12/site-packages/airflow/example_dags/example_branch_python_dop_operator_3.py
[2025-04-04T19:25:52.399+0000] {logging_mixin.py:190} INFO - [2025-04-04T19:25:52.398+0000] {dag.py:3239} INFO - Sync 1 DAGs
[2025-04-04T19:25:52.422+0000] {logging_mixin.py:190} INFO - [2025-04-04T19:25:52.422+0000] {dag.py:4180} INFO - Setting next_dagrun for example_branch_dop_operator_v3 to 2025-04-04 19:24:00+00:00, run_after=2025-04-04 19:25:00+00:00
[2025-04-04T19:25:52.439+0000] {processor.py:208} INFO - Processing /home/airflow/.local/lib/python3.12/site-packages/airflow/example_dags/example_branch_python_dop_operator_3.py took 0.076 seconds
[2025-04-04T19:26:22.793+0000] {processor.py:186} INFO - Started process (PID=4566) to work on /home/airflow/.local/lib/python3.12/site-packages/airflow/example_dags/example_branch_python_dop_operator_3.py
[2025-04-04T19:26:22.794+0000] {processor.py:914} INFO - Processing file /home/airflow/.local/lib/python3.12/site-packages/airflow/example_dags/example_branch_python_dop_operator_3.py for tasks to queue
[2025-04-04T19:26:22.799+0000] {logging_mixin.py:190} INFO - [2025-04-04T19:26:22.798+0000] {dagbag.py:588} INFO - Filling up the DagBag from /home/airflow/.local/lib/python3.12/site-packages/airflow/example_dags/example_branch_python_dop_operator_3.py
[2025-04-04T19:26:22.819+0000] {processor.py:925} INFO - DAG(s) 'example_branch_dop_operator_v3' retrieved from /home/airflow/.local/lib/python3.12/site-packages/airflow/example_dags/example_branch_python_dop_operator_3.py
[2025-04-04T19:26:22.861+0000] {logging_mixin.py:190} INFO - [2025-04-04T19:26:22.860+0000] {dag.py:3239} INFO - Sync 1 DAGs
[2025-04-04T19:26:22.918+0000] {logging_mixin.py:190} INFO - [2025-04-04T19:26:22.918+0000] {dag.py:4180} INFO - Setting next_dagrun for example_branch_dop_operator_v3 to 2025-04-04 19:25:00+00:00, run_after=2025-04-04 19:26:00+00:00
[2025-04-04T19:26:22.959+0000] {processor.py:208} INFO - Processing /home/airflow/.local/lib/python3.12/site-packages/airflow/example_dags/example_branch_python_dop_operator_3.py took 0.177 seconds
[2025-04-04T19:26:53.049+0000] {processor.py:186} INFO - Started process (PID=4632) to work on /home/airflow/.local/lib/python3.12/site-packages/airflow/example_dags/example_branch_python_dop_operator_3.py
[2025-04-04T19:26:53.050+0000] {processor.py:914} INFO - Processing file /home/airflow/.local/lib/python3.12/site-packages/airflow/example_dags/example_branch_python_dop_operator_3.py for tasks to queue
[2025-04-04T19:26:53.052+0000] {logging_mixin.py:190} INFO - [2025-04-04T19:26:53.052+0000] {dagbag.py:588} INFO - Filling up the DagBag from /home/airflow/.local/lib/python3.12/site-packages/airflow/example_dags/example_branch_python_dop_operator_3.py
[2025-04-04T19:26:53.062+0000] {processor.py:925} INFO - DAG(s) 'example_branch_dop_operator_v3' retrieved from /home/airflow/.local/lib/python3.12/site-packages/airflow/example_dags/example_branch_python_dop_operator_3.py
[2025-04-04T19:26:53.080+0000] {logging_mixin.py:190} INFO - [2025-04-04T19:26:53.080+0000] {dag.py:3239} INFO - Sync 1 DAGs
[2025-04-04T19:26:53.104+0000] {logging_mixin.py:190} INFO - [2025-04-04T19:26:53.104+0000] {dag.py:4180} INFO - Setting next_dagrun for example_branch_dop_operator_v3 to 2025-04-04 19:25:00+00:00, run_after=2025-04-04 19:26:00+00:00
[2025-04-04T19:26:53.120+0000] {processor.py:208} INFO - Processing /home/airflow/.local/lib/python3.12/site-packages/airflow/example_dags/example_branch_python_dop_operator_3.py took 0.077 seconds
[2025-04-04T19:27:23.771+0000] {processor.py:186} INFO - Started process (PID=4697) to work on /home/airflow/.local/lib/python3.12/site-packages/airflow/example_dags/example_branch_python_dop_operator_3.py
[2025-04-04T19:27:23.772+0000] {processor.py:914} INFO - Processing file /home/airflow/.local/lib/python3.12/site-packages/airflow/example_dags/example_branch_python_dop_operator_3.py for tasks to queue
[2025-04-04T19:27:23.774+0000] {logging_mixin.py:190} INFO - [2025-04-04T19:27:23.774+0000] {dagbag.py:588} INFO - Filling up the DagBag from /home/airflow/.local/lib/python3.12/site-packages/airflow/example_dags/example_branch_python_dop_operator_3.py
[2025-04-04T19:27:23.784+0000] {processor.py:925} INFO - DAG(s) 'example_branch_dop_operator_v3' retrieved from /home/airflow/.local/lib/python3.12/site-packages/airflow/example_dags/example_branch_python_dop_operator_3.py
[2025-04-04T19:27:23.807+0000] {logging_mixin.py:190} INFO - [2025-04-04T19:27:23.807+0000] {dag.py:3239} INFO - Sync 1 DAGs
[2025-04-04T19:27:23.836+0000] {logging_mixin.py:190} INFO - [2025-04-04T19:27:23.836+0000] {dag.py:4180} INFO - Setting next_dagrun for example_branch_dop_operator_v3 to 2025-04-04 19:26:00+00:00, run_after=2025-04-04 19:27:00+00:00
[2025-04-04T19:27:23.855+0000] {processor.py:208} INFO - Processing /home/airflow/.local/lib/python3.12/site-packages/airflow/example_dags/example_branch_python_dop_operator_3.py took 0.090 seconds
[2025-04-04T19:27:53.953+0000] {processor.py:186} INFO - Started process (PID=4762) to work on /home/airflow/.local/lib/python3.12/site-packages/airflow/example_dags/example_branch_python_dop_operator_3.py
[2025-04-04T19:27:53.954+0000] {processor.py:914} INFO - Processing file /home/airflow/.local/lib/python3.12/site-packages/airflow/example_dags/example_branch_python_dop_operator_3.py for tasks to queue
[2025-04-04T19:27:53.956+0000] {logging_mixin.py:190} INFO - [2025-04-04T19:27:53.955+0000] {dagbag.py:588} INFO - Filling up the DagBag from /home/airflow/.local/lib/python3.12/site-packages/airflow/example_dags/example_branch_python_dop_operator_3.py
[2025-04-04T19:27:53.966+0000] {processor.py:925} INFO - DAG(s) 'example_branch_dop_operator_v3' retrieved from /home/airflow/.local/lib/python3.12/site-packages/airflow/example_dags/example_branch_python_dop_operator_3.py
[2025-04-04T19:27:53.985+0000] {logging_mixin.py:190} INFO - [2025-04-04T19:27:53.985+0000] {dag.py:3239} INFO - Sync 1 DAGs
[2025-04-04T19:27:54.012+0000] {logging_mixin.py:190} INFO - [2025-04-04T19:27:54.011+0000] {dag.py:4180} INFO - Setting next_dagrun for example_branch_dop_operator_v3 to 2025-04-04 19:26:00+00:00, run_after=2025-04-04 19:27:00+00:00
[2025-04-04T19:27:54.028+0000] {processor.py:208} INFO - Processing /home/airflow/.local/lib/python3.12/site-packages/airflow/example_dags/example_branch_python_dop_operator_3.py took 0.081 seconds
[2025-04-04T19:28:24.449+0000] {processor.py:186} INFO - Started process (PID=4827) to work on /home/airflow/.local/lib/python3.12/site-packages/airflow/example_dags/example_branch_python_dop_operator_3.py
[2025-04-04T19:28:24.450+0000] {processor.py:914} INFO - Processing file /home/airflow/.local/lib/python3.12/site-packages/airflow/example_dags/example_branch_python_dop_operator_3.py for tasks to queue
[2025-04-04T19:28:24.452+0000] {logging_mixin.py:190} INFO - [2025-04-04T19:28:24.452+0000] {dagbag.py:588} INFO - Filling up the DagBag from /home/airflow/.local/lib/python3.12/site-packages/airflow/example_dags/example_branch_python_dop_operator_3.py
[2025-04-04T19:28:24.462+0000] {processor.py:925} INFO - DAG(s) 'example_branch_dop_operator_v3' retrieved from /home/airflow/.local/lib/python3.12/site-packages/airflow/example_dags/example_branch_python_dop_operator_3.py
[2025-04-04T19:28:24.481+0000] {logging_mixin.py:190} INFO - [2025-04-04T19:28:24.481+0000] {dag.py:3239} INFO - Sync 1 DAGs
[2025-04-04T19:28:24.505+0000] {logging_mixin.py:190} INFO - [2025-04-04T19:28:24.505+0000] {dag.py:4180} INFO - Setting next_dagrun for example_branch_dop_operator_v3 to 2025-04-04 19:27:00+00:00, run_after=2025-04-04 19:28:00+00:00
[2025-04-04T19:28:24.525+0000] {processor.py:208} INFO - Processing /home/airflow/.local/lib/python3.12/site-packages/airflow/example_dags/example_branch_python_dop_operator_3.py took 0.082 seconds
[2025-04-04T19:28:54.732+0000] {processor.py:186} INFO - Started process (PID=4892) to work on /home/airflow/.local/lib/python3.12/site-packages/airflow/example_dags/example_branch_python_dop_operator_3.py
[2025-04-04T19:28:54.733+0000] {processor.py:914} INFO - Processing file /home/airflow/.local/lib/python3.12/site-packages/airflow/example_dags/example_branch_python_dop_operator_3.py for tasks to queue
[2025-04-04T19:28:54.735+0000] {logging_mixin.py:190} INFO - [2025-04-04T19:28:54.735+0000] {dagbag.py:588} INFO - Filling up the DagBag from /home/airflow/.local/lib/python3.12/site-packages/airflow/example_dags/example_branch_python_dop_operator_3.py
[2025-04-04T19:28:54.744+0000] {processor.py:925} INFO - DAG(s) 'example_branch_dop_operator_v3' retrieved from /home/airflow/.local/lib/python3.12/site-packages/airflow/example_dags/example_branch_python_dop_operator_3.py
[2025-04-04T19:28:54.761+0000] {logging_mixin.py:190} INFO - [2025-04-04T19:28:54.761+0000] {dag.py:3239} INFO - Sync 1 DAGs
[2025-04-04T19:28:54.785+0000] {logging_mixin.py:190} INFO - [2025-04-04T19:28:54.785+0000] {dag.py:4180} INFO - Setting next_dagrun for example_branch_dop_operator_v3 to 2025-04-04 19:27:00+00:00, run_after=2025-04-04 19:28:00+00:00
[2025-04-04T19:28:54.801+0000] {processor.py:208} INFO - Processing /home/airflow/.local/lib/python3.12/site-packages/airflow/example_dags/example_branch_python_dop_operator_3.py took 0.075 seconds
[2025-04-04T19:29:24.985+0000] {processor.py:186} INFO - Started process (PID=4957) to work on /home/airflow/.local/lib/python3.12/site-packages/airflow/example_dags/example_branch_python_dop_operator_3.py
[2025-04-04T19:29:24.986+0000] {processor.py:914} INFO - Processing file /home/airflow/.local/lib/python3.12/site-packages/airflow/example_dags/example_branch_python_dop_operator_3.py for tasks to queue
[2025-04-04T19:29:24.987+0000] {logging_mixin.py:190} INFO - [2025-04-04T19:29:24.987+0000] {dagbag.py:588} INFO - Filling up the DagBag from /home/airflow/.local/lib/python3.12/site-packages/airflow/example_dags/example_branch_python_dop_operator_3.py
[2025-04-04T19:29:24.997+0000] {processor.py:925} INFO - DAG(s) 'example_branch_dop_operator_v3' retrieved from /home/airflow/.local/lib/python3.12/site-packages/airflow/example_dags/example_branch_python_dop_operator_3.py
[2025-04-04T19:29:25.014+0000] {logging_mixin.py:190} INFO - [2025-04-04T19:29:25.014+0000] {dag.py:3239} INFO - Sync 1 DAGs
[2025-04-04T19:29:25.037+0000] {logging_mixin.py:190} INFO - [2025-04-04T19:29:25.037+0000] {dag.py:4180} INFO - Setting next_dagrun for example_branch_dop_operator_v3 to 2025-04-04 19:28:00+00:00, run_after=2025-04-04 19:29:00+00:00
[2025-04-04T19:29:25.053+0000] {processor.py:208} INFO - Processing /home/airflow/.local/lib/python3.12/site-packages/airflow/example_dags/example_branch_python_dop_operator_3.py took 0.075 seconds
[2025-04-04T19:29:55.145+0000] {processor.py:186} INFO - Started process (PID=5022) to work on /home/airflow/.local/lib/python3.12/site-packages/airflow/example_dags/example_branch_python_dop_operator_3.py
[2025-04-04T19:29:55.146+0000] {processor.py:914} INFO - Processing file /home/airflow/.local/lib/python3.12/site-packages/airflow/example_dags/example_branch_python_dop_operator_3.py for tasks to queue
[2025-04-04T19:29:55.148+0000] {logging_mixin.py:190} INFO - [2025-04-04T19:29:55.148+0000] {dagbag.py:588} INFO - Filling up the DagBag from /home/airflow/.local/lib/python3.12/site-packages/airflow/example_dags/example_branch_python_dop_operator_3.py
[2025-04-04T19:29:55.157+0000] {processor.py:925} INFO - DAG(s) 'example_branch_dop_operator_v3' retrieved from /home/airflow/.local/lib/python3.12/site-packages/airflow/example_dags/example_branch_python_dop_operator_3.py
[2025-04-04T19:29:55.175+0000] {logging_mixin.py:190} INFO - [2025-04-04T19:29:55.174+0000] {dag.py:3239} INFO - Sync 1 DAGs
[2025-04-04T19:29:55.197+0000] {logging_mixin.py:190} INFO - [2025-04-04T19:29:55.197+0000] {dag.py:4180} INFO - Setting next_dagrun for example_branch_dop_operator_v3 to 2025-04-04 19:28:00+00:00, run_after=2025-04-04 19:29:00+00:00
[2025-04-04T19:29:55.214+0000] {processor.py:208} INFO - Processing /home/airflow/.local/lib/python3.12/site-packages/airflow/example_dags/example_branch_python_dop_operator_3.py took 0.073 seconds
[2025-04-04T19:30:25.779+0000] {processor.py:186} INFO - Started process (PID=5087) to work on /home/airflow/.local/lib/python3.12/site-packages/airflow/example_dags/example_branch_python_dop_operator_3.py
[2025-04-04T19:30:25.781+0000] {processor.py:914} INFO - Processing file /home/airflow/.local/lib/python3.12/site-packages/airflow/example_dags/example_branch_python_dop_operator_3.py for tasks to queue
[2025-04-04T19:30:25.783+0000] {logging_mixin.py:190} INFO - [2025-04-04T19:30:25.783+0000] {dagbag.py:588} INFO - Filling up the DagBag from /home/airflow/.local/lib/python3.12/site-packages/airflow/example_dags/example_branch_python_dop_operator_3.py
[2025-04-04T19:30:25.792+0000] {processor.py:925} INFO - DAG(s) 'example_branch_dop_operator_v3' retrieved from /home/airflow/.local/lib/python3.12/site-packages/airflow/example_dags/example_branch_python_dop_operator_3.py
[2025-04-04T19:30:25.814+0000] {logging_mixin.py:190} INFO - [2025-04-04T19:30:25.814+0000] {dag.py:3239} INFO - Sync 1 DAGs
[2025-04-04T19:30:25.840+0000] {logging_mixin.py:190} INFO - [2025-04-04T19:30:25.840+0000] {dag.py:4180} INFO - Setting next_dagrun for example_branch_dop_operator_v3 to 2025-04-04 19:29:00+00:00, run_after=2025-04-04 19:30:00+00:00
[2025-04-04T19:30:25.858+0000] {processor.py:208} INFO - Processing /home/airflow/.local/lib/python3.12/site-packages/airflow/example_dags/example_branch_python_dop_operator_3.py took 0.085 seconds
[2025-04-04T19:30:56.450+0000] {processor.py:186} INFO - Started process (PID=5152) to work on /home/airflow/.local/lib/python3.12/site-packages/airflow/example_dags/example_branch_python_dop_operator_3.py
[2025-04-04T19:30:56.451+0000] {processor.py:914} INFO - Processing file /home/airflow/.local/lib/python3.12/site-packages/airflow/example_dags/example_branch_python_dop_operator_3.py for tasks to queue
[2025-04-04T19:30:56.454+0000] {logging_mixin.py:190} INFO - [2025-04-04T19:30:56.454+0000] {dagbag.py:588} INFO - Filling up the DagBag from /home/airflow/.local/lib/python3.12/site-packages/airflow/example_dags/example_branch_python_dop_operator_3.py
[2025-04-04T19:30:56.467+0000] {processor.py:925} INFO - DAG(s) 'example_branch_dop_operator_v3' retrieved from /home/airflow/.local/lib/python3.12/site-packages/airflow/example_dags/example_branch_python_dop_operator_3.py
[2025-04-04T19:30:56.488+0000] {logging_mixin.py:190} INFO - [2025-04-04T19:30:56.488+0000] {dag.py:3239} INFO - Sync 1 DAGs
[2025-04-04T19:30:56.515+0000] {logging_mixin.py:190} INFO - [2025-04-04T19:30:56.514+0000] {dag.py:4180} INFO - Setting next_dagrun for example_branch_dop_operator_v3 to 2025-04-04 19:29:00+00:00, run_after=2025-04-04 19:30:00+00:00
[2025-04-04T19:30:56.534+0000] {processor.py:208} INFO - Processing /home/airflow/.local/lib/python3.12/site-packages/airflow/example_dags/example_branch_python_dop_operator_3.py took 0.089 seconds
[2025-04-04T19:31:26.946+0000] {processor.py:186} INFO - Started process (PID=5217) to work on /home/airflow/.local/lib/python3.12/site-packages/airflow/example_dags/example_branch_python_dop_operator_3.py
[2025-04-04T19:31:26.947+0000] {processor.py:914} INFO - Processing file /home/airflow/.local/lib/python3.12/site-packages/airflow/example_dags/example_branch_python_dop_operator_3.py for tasks to queue
[2025-04-04T19:31:26.950+0000] {logging_mixin.py:190} INFO - [2025-04-04T19:31:26.949+0000] {dagbag.py:588} INFO - Filling up the DagBag from /home/airflow/.local/lib/python3.12/site-packages/airflow/example_dags/example_branch_python_dop_operator_3.py
[2025-04-04T19:31:26.959+0000] {processor.py:925} INFO - DAG(s) 'example_branch_dop_operator_v3' retrieved from /home/airflow/.local/lib/python3.12/site-packages/airflow/example_dags/example_branch_python_dop_operator_3.py
[2025-04-04T19:31:26.982+0000] {logging_mixin.py:190} INFO - [2025-04-04T19:31:26.981+0000] {dag.py:3239} INFO - Sync 1 DAGs
[2025-04-04T19:31:27.011+0000] {logging_mixin.py:190} INFO - [2025-04-04T19:31:27.011+0000] {dag.py:4180} INFO - Setting next_dagrun for example_branch_dop_operator_v3 to 2025-04-04 19:30:00+00:00, run_after=2025-04-04 19:31:00+00:00
[2025-04-04T19:31:27.029+0000] {processor.py:208} INFO - Processing /home/airflow/.local/lib/python3.12/site-packages/airflow/example_dags/example_branch_python_dop_operator_3.py took 0.089 seconds
[2025-04-04T19:31:57.142+0000] {processor.py:186} INFO - Started process (PID=5283) to work on /home/airflow/.local/lib/python3.12/site-packages/airflow/example_dags/example_branch_python_dop_operator_3.py
[2025-04-04T19:31:57.143+0000] {processor.py:914} INFO - Processing file /home/airflow/.local/lib/python3.12/site-packages/airflow/example_dags/example_branch_python_dop_operator_3.py for tasks to queue
[2025-04-04T19:31:57.145+0000] {logging_mixin.py:190} INFO - [2025-04-04T19:31:57.145+0000] {dagbag.py:588} INFO - Filling up the DagBag from /home/airflow/.local/lib/python3.12/site-packages/airflow/example_dags/example_branch_python_dop_operator_3.py
[2025-04-04T19:31:57.155+0000] {processor.py:925} INFO - DAG(s) 'example_branch_dop_operator_v3' retrieved from /home/airflow/.local/lib/python3.12/site-packages/airflow/example_dags/example_branch_python_dop_operator_3.py
[2025-04-04T19:31:57.174+0000] {logging_mixin.py:190} INFO - [2025-04-04T19:31:57.174+0000] {dag.py:3239} INFO - Sync 1 DAGs
[2025-04-04T19:31:57.199+0000] {logging_mixin.py:190} INFO - [2025-04-04T19:31:57.198+0000] {dag.py:4180} INFO - Setting next_dagrun for example_branch_dop_operator_v3 to 2025-04-04 19:30:00+00:00, run_after=2025-04-04 19:31:00+00:00
[2025-04-04T19:31:57.218+0000] {processor.py:208} INFO - Processing /home/airflow/.local/lib/python3.12/site-packages/airflow/example_dags/example_branch_python_dop_operator_3.py took 0.081 seconds
[2025-04-04T19:32:27.634+0000] {processor.py:186} INFO - Started process (PID=5348) to work on /home/airflow/.local/lib/python3.12/site-packages/airflow/example_dags/example_branch_python_dop_operator_3.py
[2025-04-04T19:32:27.635+0000] {processor.py:914} INFO - Processing file /home/airflow/.local/lib/python3.12/site-packages/airflow/example_dags/example_branch_python_dop_operator_3.py for tasks to queue
[2025-04-04T19:32:27.638+0000] {logging_mixin.py:190} INFO - [2025-04-04T19:32:27.638+0000] {dagbag.py:588} INFO - Filling up the DagBag from /home/airflow/.local/lib/python3.12/site-packages/airflow/example_dags/example_branch_python_dop_operator_3.py
[2025-04-04T19:32:27.648+0000] {processor.py:925} INFO - DAG(s) 'example_branch_dop_operator_v3' retrieved from /home/airflow/.local/lib/python3.12/site-packages/airflow/example_dags/example_branch_python_dop_operator_3.py
[2025-04-04T19:32:27.668+0000] {logging_mixin.py:190} INFO - [2025-04-04T19:32:27.667+0000] {dag.py:3239} INFO - Sync 1 DAGs
[2025-04-04T19:32:27.692+0000] {logging_mixin.py:190} INFO - [2025-04-04T19:32:27.692+0000] {dag.py:4180} INFO - Setting next_dagrun for example_branch_dop_operator_v3 to 2025-04-04 19:31:00+00:00, run_after=2025-04-04 19:32:00+00:00
[2025-04-04T19:32:27.708+0000] {processor.py:208} INFO - Processing /home/airflow/.local/lib/python3.12/site-packages/airflow/example_dags/example_branch_python_dop_operator_3.py took 0.079 seconds
[2025-04-04T19:32:58.401+0000] {processor.py:186} INFO - Started process (PID=5413) to work on /home/airflow/.local/lib/python3.12/site-packages/airflow/example_dags/example_branch_python_dop_operator_3.py
[2025-04-04T19:32:58.402+0000] {processor.py:914} INFO - Processing file /home/airflow/.local/lib/python3.12/site-packages/airflow/example_dags/example_branch_python_dop_operator_3.py for tasks to queue
[2025-04-04T19:32:58.404+0000] {logging_mixin.py:190} INFO - [2025-04-04T19:32:58.404+0000] {dagbag.py:588} INFO - Filling up the DagBag from /home/airflow/.local/lib/python3.12/site-packages/airflow/example_dags/example_branch_python_dop_operator_3.py
[2025-04-04T19:32:58.414+0000] {processor.py:925} INFO - DAG(s) 'example_branch_dop_operator_v3' retrieved from /home/airflow/.local/lib/python3.12/site-packages/airflow/example_dags/example_branch_python_dop_operator_3.py
[2025-04-04T19:32:58.433+0000] {logging_mixin.py:190} INFO - [2025-04-04T19:32:58.433+0000] {dag.py:3239} INFO - Sync 1 DAGs
[2025-04-04T19:32:58.460+0000] {logging_mixin.py:190} INFO - [2025-04-04T19:32:58.460+0000] {dag.py:4180} INFO - Setting next_dagrun for example_branch_dop_operator_v3 to 2025-04-04 19:31:00+00:00, run_after=2025-04-04 19:32:00+00:00
[2025-04-04T19:32:58.479+0000] {processor.py:208} INFO - Processing /home/airflow/.local/lib/python3.12/site-packages/airflow/example_dags/example_branch_python_dop_operator_3.py took 0.084 seconds
[2025-04-04T19:33:28.650+0000] {processor.py:186} INFO - Started process (PID=5478) to work on /home/airflow/.local/lib/python3.12/site-packages/airflow/example_dags/example_branch_python_dop_operator_3.py
[2025-04-04T19:33:28.651+0000] {processor.py:914} INFO - Processing file /home/airflow/.local/lib/python3.12/site-packages/airflow/example_dags/example_branch_python_dop_operator_3.py for tasks to queue
[2025-04-04T19:33:28.653+0000] {logging_mixin.py:190} INFO - [2025-04-04T19:33:28.653+0000] {dagbag.py:588} INFO - Filling up the DagBag from /home/airflow/.local/lib/python3.12/site-packages/airflow/example_dags/example_branch_python_dop_operator_3.py
[2025-04-04T19:33:28.662+0000] {processor.py:925} INFO - DAG(s) 'example_branch_dop_operator_v3' retrieved from /home/airflow/.local/lib/python3.12/site-packages/airflow/example_dags/example_branch_python_dop_operator_3.py
[2025-04-04T19:33:28.681+0000] {logging_mixin.py:190} INFO - [2025-04-04T19:33:28.681+0000] {dag.py:3239} INFO - Sync 1 DAGs
[2025-04-04T19:33:28.707+0000] {logging_mixin.py:190} INFO - [2025-04-04T19:33:28.707+0000] {dag.py:4180} INFO - Setting next_dagrun for example_branch_dop_operator_v3 to 2025-04-04 19:32:00+00:00, run_after=2025-04-04 19:33:00+00:00
[2025-04-04T19:33:28.723+0000] {processor.py:208} INFO - Processing /home/airflow/.local/lib/python3.12/site-packages/airflow/example_dags/example_branch_python_dop_operator_3.py took 0.079 seconds
[2025-04-04T19:33:58.864+0000] {processor.py:186} INFO - Started process (PID=5543) to work on /home/airflow/.local/lib/python3.12/site-packages/airflow/example_dags/example_branch_python_dop_operator_3.py
[2025-04-04T19:33:58.865+0000] {processor.py:914} INFO - Processing file /home/airflow/.local/lib/python3.12/site-packages/airflow/example_dags/example_branch_python_dop_operator_3.py for tasks to queue
[2025-04-04T19:33:58.867+0000] {logging_mixin.py:190} INFO - [2025-04-04T19:33:58.867+0000] {dagbag.py:588} INFO - Filling up the DagBag from /home/airflow/.local/lib/python3.12/site-packages/airflow/example_dags/example_branch_python_dop_operator_3.py
[2025-04-04T19:33:58.876+0000] {processor.py:925} INFO - DAG(s) 'example_branch_dop_operator_v3' retrieved from /home/airflow/.local/lib/python3.12/site-packages/airflow/example_dags/example_branch_python_dop_operator_3.py
[2025-04-04T19:33:58.895+0000] {logging_mixin.py:190} INFO - [2025-04-04T19:33:58.894+0000] {dag.py:3239} INFO - Sync 1 DAGs
[2025-04-04T19:33:58.918+0000] {logging_mixin.py:190} INFO - [2025-04-04T19:33:58.918+0000] {dag.py:4180} INFO - Setting next_dagrun for example_branch_dop_operator_v3 to 2025-04-04 19:32:00+00:00, run_after=2025-04-04 19:33:00+00:00
[2025-04-04T19:33:58.935+0000] {processor.py:208} INFO - Processing /home/airflow/.local/lib/python3.12/site-packages/airflow/example_dags/example_branch_python_dop_operator_3.py took 0.076 seconds
[2025-04-04T19:34:29.378+0000] {processor.py:186} INFO - Started process (PID=5608) to work on /home/airflow/.local/lib/python3.12/site-packages/airflow/example_dags/example_branch_python_dop_operator_3.py
[2025-04-04T19:34:29.380+0000] {processor.py:914} INFO - Processing file /home/airflow/.local/lib/python3.12/site-packages/airflow/example_dags/example_branch_python_dop_operator_3.py for tasks to queue
[2025-04-04T19:34:29.383+0000] {logging_mixin.py:190} INFO - [2025-04-04T19:34:29.382+0000] {dagbag.py:588} INFO - Filling up the DagBag from /home/airflow/.local/lib/python3.12/site-packages/airflow/example_dags/example_branch_python_dop_operator_3.py
[2025-04-04T19:34:29.397+0000] {processor.py:925} INFO - DAG(s) 'example_branch_dop_operator_v3' retrieved from /home/airflow/.local/lib/python3.12/site-packages/airflow/example_dags/example_branch_python_dop_operator_3.py
[2025-04-04T19:34:29.422+0000] {logging_mixin.py:190} INFO - [2025-04-04T19:34:29.421+0000] {dag.py:3239} INFO - Sync 1 DAGs
[2025-04-04T19:34:29.456+0000] {logging_mixin.py:190} INFO - [2025-04-04T19:34:29.456+0000] {dag.py:4180} INFO - Setting next_dagrun for example_branch_dop_operator_v3 to 2025-04-04 19:33:00+00:00, run_after=2025-04-04 19:34:00+00:00
[2025-04-04T19:34:29.479+0000] {processor.py:208} INFO - Processing /home/airflow/.local/lib/python3.12/site-packages/airflow/example_dags/example_branch_python_dop_operator_3.py took 0.109 seconds
[2025-04-04T19:34:59.788+0000] {processor.py:186} INFO - Started process (PID=5673) to work on /home/airflow/.local/lib/python3.12/site-packages/airflow/example_dags/example_branch_python_dop_operator_3.py
[2025-04-04T19:34:59.789+0000] {processor.py:914} INFO - Processing file /home/airflow/.local/lib/python3.12/site-packages/airflow/example_dags/example_branch_python_dop_operator_3.py for tasks to queue
[2025-04-04T19:34:59.791+0000] {logging_mixin.py:190} INFO - [2025-04-04T19:34:59.791+0000] {dagbag.py:588} INFO - Filling up the DagBag from /home/airflow/.local/lib/python3.12/site-packages/airflow/example_dags/example_branch_python_dop_operator_3.py
[2025-04-04T19:34:59.801+0000] {processor.py:925} INFO - DAG(s) 'example_branch_dop_operator_v3' retrieved from /home/airflow/.local/lib/python3.12/site-packages/airflow/example_dags/example_branch_python_dop_operator_3.py
[2025-04-04T19:34:59.820+0000] {logging_mixin.py:190} INFO - [2025-04-04T19:34:59.819+0000] {dag.py:3239} INFO - Sync 1 DAGs
[2025-04-04T19:34:59.843+0000] {logging_mixin.py:190} INFO - [2025-04-04T19:34:59.843+0000] {dag.py:4180} INFO - Setting next_dagrun for example_branch_dop_operator_v3 to 2025-04-04 19:33:00+00:00, run_after=2025-04-04 19:34:00+00:00
[2025-04-04T19:34:59.859+0000] {processor.py:208} INFO - Processing /home/airflow/.local/lib/python3.12/site-packages/airflow/example_dags/example_branch_python_dop_operator_3.py took 0.076 seconds
[2025-04-04T19:35:30.590+0000] {processor.py:186} INFO - Started process (PID=5738) to work on /home/airflow/.local/lib/python3.12/site-packages/airflow/example_dags/example_branch_python_dop_operator_3.py
[2025-04-04T19:35:30.591+0000] {processor.py:914} INFO - Processing file /home/airflow/.local/lib/python3.12/site-packages/airflow/example_dags/example_branch_python_dop_operator_3.py for tasks to queue
[2025-04-04T19:35:30.593+0000] {logging_mixin.py:190} INFO - [2025-04-04T19:35:30.593+0000] {dagbag.py:588} INFO - Filling up the DagBag from /home/airflow/.local/lib/python3.12/site-packages/airflow/example_dags/example_branch_python_dop_operator_3.py
[2025-04-04T19:35:30.603+0000] {processor.py:925} INFO - DAG(s) 'example_branch_dop_operator_v3' retrieved from /home/airflow/.local/lib/python3.12/site-packages/airflow/example_dags/example_branch_python_dop_operator_3.py
[2025-04-04T19:35:30.622+0000] {logging_mixin.py:190} INFO - [2025-04-04T19:35:30.622+0000] {dag.py:3239} INFO - Sync 1 DAGs
[2025-04-04T19:35:30.648+0000] {logging_mixin.py:190} INFO - [2025-04-04T19:35:30.647+0000] {dag.py:4180} INFO - Setting next_dagrun for example_branch_dop_operator_v3 to 2025-04-04 19:34:00+00:00, run_after=2025-04-04 19:35:00+00:00
[2025-04-04T19:35:30.667+0000] {processor.py:208} INFO - Processing /home/airflow/.local/lib/python3.12/site-packages/airflow/example_dags/example_branch_python_dop_operator_3.py took 0.082 seconds
[2025-04-04T19:36:01.185+0000] {processor.py:186} INFO - Started process (PID=5803) to work on /home/airflow/.local/lib/python3.12/site-packages/airflow/example_dags/example_branch_python_dop_operator_3.py
[2025-04-04T19:36:01.186+0000] {processor.py:914} INFO - Processing file /home/airflow/.local/lib/python3.12/site-packages/airflow/example_dags/example_branch_python_dop_operator_3.py for tasks to queue
[2025-04-04T19:36:01.188+0000] {logging_mixin.py:190} INFO - [2025-04-04T19:36:01.188+0000] {dagbag.py:588} INFO - Filling up the DagBag from /home/airflow/.local/lib/python3.12/site-packages/airflow/example_dags/example_branch_python_dop_operator_3.py
[2025-04-04T19:36:01.200+0000] {processor.py:925} INFO - DAG(s) 'example_branch_dop_operator_v3' retrieved from /home/airflow/.local/lib/python3.12/site-packages/airflow/example_dags/example_branch_python_dop_operator_3.py
[2025-04-04T19:36:01.220+0000] {logging_mixin.py:190} INFO - [2025-04-04T19:36:01.220+0000] {dag.py:3239} INFO - Sync 1 DAGs
[2025-04-04T19:36:01.247+0000] {logging_mixin.py:190} INFO - [2025-04-04T19:36:01.247+0000] {dag.py:4180} INFO - Setting next_dagrun for example_branch_dop_operator_v3 to 2025-04-04 19:35:00+00:00, run_after=2025-04-04 19:36:00+00:00
[2025-04-04T19:36:01.264+0000] {processor.py:208} INFO - Processing /home/airflow/.local/lib/python3.12/site-packages/airflow/example_dags/example_branch_python_dop_operator_3.py took 0.084 seconds
[2025-04-04T19:36:31.545+0000] {processor.py:186} INFO - Started process (PID=5868) to work on /home/airflow/.local/lib/python3.12/site-packages/airflow/example_dags/example_branch_python_dop_operator_3.py
[2025-04-04T19:36:31.546+0000] {processor.py:914} INFO - Processing file /home/airflow/.local/lib/python3.12/site-packages/airflow/example_dags/example_branch_python_dop_operator_3.py for tasks to queue
[2025-04-04T19:36:31.548+0000] {logging_mixin.py:190} INFO - [2025-04-04T19:36:31.548+0000] {dagbag.py:588} INFO - Filling up the DagBag from /home/airflow/.local/lib/python3.12/site-packages/airflow/example_dags/example_branch_python_dop_operator_3.py
[2025-04-04T19:36:31.558+0000] {processor.py:925} INFO - DAG(s) 'example_branch_dop_operator_v3' retrieved from /home/airflow/.local/lib/python3.12/site-packages/airflow/example_dags/example_branch_python_dop_operator_3.py
[2025-04-04T19:36:31.579+0000] {logging_mixin.py:190} INFO - [2025-04-04T19:36:31.579+0000] {dag.py:3239} INFO - Sync 1 DAGs
[2025-04-04T19:36:31.606+0000] {logging_mixin.py:190} INFO - [2025-04-04T19:36:31.606+0000] {dag.py:4180} INFO - Setting next_dagrun for example_branch_dop_operator_v3 to 2025-04-04 19:35:00+00:00, run_after=2025-04-04 19:36:00+00:00
[2025-04-04T19:36:31.622+0000] {processor.py:208} INFO - Processing /home/airflow/.local/lib/python3.12/site-packages/airflow/example_dags/example_branch_python_dop_operator_3.py took 0.082 seconds
[2025-04-04T19:37:02.533+0000] {processor.py:186} INFO - Started process (PID=5933) to work on /home/airflow/.local/lib/python3.12/site-packages/airflow/example_dags/example_branch_python_dop_operator_3.py
[2025-04-04T19:37:02.533+0000] {processor.py:914} INFO - Processing file /home/airflow/.local/lib/python3.12/site-packages/airflow/example_dags/example_branch_python_dop_operator_3.py for tasks to queue
[2025-04-04T19:37:02.535+0000] {logging_mixin.py:190} INFO - [2025-04-04T19:37:02.535+0000] {dagbag.py:588} INFO - Filling up the DagBag from /home/airflow/.local/lib/python3.12/site-packages/airflow/example_dags/example_branch_python_dop_operator_3.py
[2025-04-04T19:37:02.545+0000] {processor.py:925} INFO - DAG(s) 'example_branch_dop_operator_v3' retrieved from /home/airflow/.local/lib/python3.12/site-packages/airflow/example_dags/example_branch_python_dop_operator_3.py
[2025-04-04T19:37:02.565+0000] {logging_mixin.py:190} INFO - [2025-04-04T19:37:02.564+0000] {dag.py:3239} INFO - Sync 1 DAGs
[2025-04-04T19:37:02.588+0000] {logging_mixin.py:190} INFO - [2025-04-04T19:37:02.588+0000] {dag.py:4180} INFO - Setting next_dagrun for example_branch_dop_operator_v3 to 2025-04-04 19:36:00+00:00, run_after=2025-04-04 19:37:00+00:00
[2025-04-04T19:37:02.604+0000] {processor.py:208} INFO - Processing /home/airflow/.local/lib/python3.12/site-packages/airflow/example_dags/example_branch_python_dop_operator_3.py took 0.076 seconds
[2025-04-04T19:40:01.497+0000] {processor.py:186} INFO - Started process (PID=65) to work on /home/airflow/.local/lib/python3.12/site-packages/airflow/example_dags/example_branch_python_dop_operator_3.py
[2025-04-04T19:40:01.498+0000] {processor.py:914} INFO - Processing file /home/airflow/.local/lib/python3.12/site-packages/airflow/example_dags/example_branch_python_dop_operator_3.py for tasks to queue
[2025-04-04T19:40:01.501+0000] {logging_mixin.py:190} INFO - [2025-04-04T19:40:01.500+0000] {dagbag.py:588} INFO - Filling up the DagBag from /home/airflow/.local/lib/python3.12/site-packages/airflow/example_dags/example_branch_python_dop_operator_3.py
[2025-04-04T19:40:01.513+0000] {processor.py:925} INFO - DAG(s) 'example_branch_dop_operator_v3' retrieved from /home/airflow/.local/lib/python3.12/site-packages/airflow/example_dags/example_branch_python_dop_operator_3.py
[2025-04-04T19:40:01.546+0000] {logging_mixin.py:190} INFO - [2025-04-04T19:40:01.545+0000] {dag.py:3239} INFO - Sync 1 DAGs
[2025-04-04T19:40:01.578+0000] {logging_mixin.py:190} INFO - [2025-04-04T19:40:01.578+0000] {dag.py:4180} INFO - Setting next_dagrun for example_branch_dop_operator_v3 to 2025-04-04 19:39:00+00:00, run_after=2025-04-04 19:40:00+00:00
[2025-04-04T19:40:01.603+0000] {processor.py:208} INFO - Processing /home/airflow/.local/lib/python3.12/site-packages/airflow/example_dags/example_branch_python_dop_operator_3.py took 0.112 seconds
[2025-04-04T19:40:32.697+0000] {processor.py:186} INFO - Started process (PID=130) to work on /home/airflow/.local/lib/python3.12/site-packages/airflow/example_dags/example_branch_python_dop_operator_3.py
[2025-04-04T19:40:32.698+0000] {processor.py:914} INFO - Processing file /home/airflow/.local/lib/python3.12/site-packages/airflow/example_dags/example_branch_python_dop_operator_3.py for tasks to queue
[2025-04-04T19:40:32.700+0000] {logging_mixin.py:190} INFO - [2025-04-04T19:40:32.700+0000] {dagbag.py:588} INFO - Filling up the DagBag from /home/airflow/.local/lib/python3.12/site-packages/airflow/example_dags/example_branch_python_dop_operator_3.py
[2025-04-04T19:40:32.712+0000] {processor.py:925} INFO - DAG(s) 'example_branch_dop_operator_v3' retrieved from /home/airflow/.local/lib/python3.12/site-packages/airflow/example_dags/example_branch_python_dop_operator_3.py
[2025-04-04T19:40:32.738+0000] {logging_mixin.py:190} INFO - [2025-04-04T19:40:32.738+0000] {dag.py:3239} INFO - Sync 1 DAGs
[2025-04-04T19:40:32.787+0000] {logging_mixin.py:190} INFO - [2025-04-04T19:40:32.787+0000] {dag.py:4180} INFO - Setting next_dagrun for example_branch_dop_operator_v3 to 2025-04-04 19:39:00+00:00, run_after=2025-04-04 19:40:00+00:00
[2025-04-04T19:40:32.811+0000] {processor.py:208} INFO - Processing /home/airflow/.local/lib/python3.12/site-packages/airflow/example_dags/example_branch_python_dop_operator_3.py took 0.121 seconds
[2025-04-04T19:41:03.804+0000] {processor.py:186} INFO - Started process (PID=202) to work on /home/airflow/.local/lib/python3.12/site-packages/airflow/example_dags/example_branch_python_dop_operator_3.py
[2025-04-04T19:41:03.805+0000] {processor.py:914} INFO - Processing file /home/airflow/.local/lib/python3.12/site-packages/airflow/example_dags/example_branch_python_dop_operator_3.py for tasks to queue
[2025-04-04T19:41:03.807+0000] {logging_mixin.py:190} INFO - [2025-04-04T19:41:03.807+0000] {dagbag.py:588} INFO - Filling up the DagBag from /home/airflow/.local/lib/python3.12/site-packages/airflow/example_dags/example_branch_python_dop_operator_3.py
[2025-04-04T19:41:03.817+0000] {processor.py:925} INFO - DAG(s) 'example_branch_dop_operator_v3' retrieved from /home/airflow/.local/lib/python3.12/site-packages/airflow/example_dags/example_branch_python_dop_operator_3.py
[2025-04-04T19:41:03.836+0000] {logging_mixin.py:190} INFO - [2025-04-04T19:41:03.835+0000] {dag.py:3239} INFO - Sync 1 DAGs
[2025-04-04T19:41:03.866+0000] {logging_mixin.py:190} INFO - [2025-04-04T19:41:03.866+0000] {dag.py:4180} INFO - Setting next_dagrun for example_branch_dop_operator_v3 to 2025-04-04 19:40:00+00:00, run_after=2025-04-04 19:41:00+00:00
[2025-04-04T19:41:03.893+0000] {processor.py:208} INFO - Processing /home/airflow/.local/lib/python3.12/site-packages/airflow/example_dags/example_branch_python_dop_operator_3.py took 0.094 seconds
