[2025-04-04T19:07:24.440+0000] {processor.py:186} INFO - Started process (PID=2218) to work on /home/airflow/.local/lib/python3.12/site-packages/airflow/example_dags/example_latest_only.py
[2025-04-04T19:07:24.441+0000] {processor.py:914} INFO - Processing file /home/airflow/.local/lib/python3.12/site-packages/airflow/example_dags/example_latest_only.py for tasks to queue
[2025-04-04T19:07:24.443+0000] {logging_mixin.py:190} INFO - [2025-04-04T19:07:24.443+0000] {dagbag.py:588} INFO - Filling up the DagBag from /home/airflow/.local/lib/python3.12/site-packages/airflow/example_dags/example_latest_only.py
[2025-04-04T19:07:24.449+0000] {processor.py:925} INFO - DAG(s) 'latest_only' retrieved from /home/airflow/.local/lib/python3.12/site-packages/airflow/example_dags/example_latest_only.py
[2025-04-04T19:07:24.468+0000] {logging_mixin.py:190} INFO - [2025-04-04T19:07:24.468+0000] {dag.py:3239} INFO - Sync 1 DAGs
[2025-04-04T19:07:24.489+0000] {logging_mixin.py:190} INFO - [2025-04-04T19:07:24.489+0000] {dag.py:4180} INFO - Setting next_dagrun for latest_only to 2025-04-04 12:00:00+00:00, run_after=2025-04-04 16:00:00+00:00
[2025-04-04T19:07:24.504+0000] {processor.py:208} INFO - Processing /home/airflow/.local/lib/python3.12/site-packages/airflow/example_dags/example_latest_only.py took 0.069 seconds
[2025-04-04T19:07:55.421+0000] {processor.py:186} INFO - Started process (PID=2282) to work on /home/airflow/.local/lib/python3.12/site-packages/airflow/example_dags/example_latest_only.py
[2025-04-04T19:07:55.422+0000] {processor.py:914} INFO - Processing file /home/airflow/.local/lib/python3.12/site-packages/airflow/example_dags/example_latest_only.py for tasks to queue
[2025-04-04T19:07:55.426+0000] {logging_mixin.py:190} INFO - [2025-04-04T19:07:55.425+0000] {dagbag.py:588} INFO - Filling up the DagBag from /home/airflow/.local/lib/python3.12/site-packages/airflow/example_dags/example_latest_only.py
[2025-04-04T19:07:55.434+0000] {processor.py:925} INFO - DAG(s) 'latest_only' retrieved from /home/airflow/.local/lib/python3.12/site-packages/airflow/example_dags/example_latest_only.py
[2025-04-04T19:07:55.458+0000] {logging_mixin.py:190} INFO - [2025-04-04T19:07:55.457+0000] {dag.py:3239} INFO - Sync 1 DAGs
[2025-04-04T19:07:55.488+0000] {logging_mixin.py:190} INFO - [2025-04-04T19:07:55.487+0000] {dag.py:4180} INFO - Setting next_dagrun for latest_only to 2025-04-04 12:00:00+00:00, run_after=2025-04-04 16:00:00+00:00
[2025-04-04T19:07:55.509+0000] {processor.py:208} INFO - Processing /home/airflow/.local/lib/python3.12/site-packages/airflow/example_dags/example_latest_only.py took 0.094 seconds
[2025-04-04T19:08:25.806+0000] {processor.py:186} INFO - Started process (PID=2340) to work on /home/airflow/.local/lib/python3.12/site-packages/airflow/example_dags/example_latest_only.py
[2025-04-04T19:08:25.807+0000] {processor.py:914} INFO - Processing file /home/airflow/.local/lib/python3.12/site-packages/airflow/example_dags/example_latest_only.py for tasks to queue
[2025-04-04T19:08:25.810+0000] {logging_mixin.py:190} INFO - [2025-04-04T19:08:25.809+0000] {dagbag.py:588} INFO - Filling up the DagBag from /home/airflow/.local/lib/python3.12/site-packages/airflow/example_dags/example_latest_only.py
[2025-04-04T19:08:25.819+0000] {processor.py:925} INFO - DAG(s) 'latest_only' retrieved from /home/airflow/.local/lib/python3.12/site-packages/airflow/example_dags/example_latest_only.py
[2025-04-04T19:08:25.839+0000] {logging_mixin.py:190} INFO - [2025-04-04T19:08:25.839+0000] {dag.py:3239} INFO - Sync 1 DAGs
[2025-04-04T19:08:25.863+0000] {logging_mixin.py:190} INFO - [2025-04-04T19:08:25.863+0000] {dag.py:4180} INFO - Setting next_dagrun for latest_only to 2025-04-04 12:00:00+00:00, run_after=2025-04-04 16:00:00+00:00
[2025-04-04T19:08:25.882+0000] {processor.py:208} INFO - Processing /home/airflow/.local/lib/python3.12/site-packages/airflow/example_dags/example_latest_only.py took 0.082 seconds
[2025-04-04T19:08:57.072+0000] {processor.py:186} INFO - Started process (PID=2397) to work on /home/airflow/.local/lib/python3.12/site-packages/airflow/example_dags/example_latest_only.py
[2025-04-04T19:08:57.073+0000] {processor.py:914} INFO - Processing file /home/airflow/.local/lib/python3.12/site-packages/airflow/example_dags/example_latest_only.py for tasks to queue
[2025-04-04T19:08:57.075+0000] {logging_mixin.py:190} INFO - [2025-04-04T19:08:57.075+0000] {dagbag.py:588} INFO - Filling up the DagBag from /home/airflow/.local/lib/python3.12/site-packages/airflow/example_dags/example_latest_only.py
[2025-04-04T19:08:57.083+0000] {processor.py:925} INFO - DAG(s) 'latest_only' retrieved from /home/airflow/.local/lib/python3.12/site-packages/airflow/example_dags/example_latest_only.py
[2025-04-04T19:08:57.103+0000] {logging_mixin.py:190} INFO - [2025-04-04T19:08:57.102+0000] {dag.py:3239} INFO - Sync 1 DAGs
[2025-04-04T19:08:57.129+0000] {logging_mixin.py:190} INFO - [2025-04-04T19:08:57.129+0000] {dag.py:4180} INFO - Setting next_dagrun for latest_only to 2025-04-04 12:00:00+00:00, run_after=2025-04-04 16:00:00+00:00
[2025-04-04T19:08:57.147+0000] {processor.py:208} INFO - Processing /home/airflow/.local/lib/python3.12/site-packages/airflow/example_dags/example_latest_only.py took 0.080 seconds
[2025-04-04T19:09:27.607+0000] {processor.py:186} INFO - Started process (PID=2461) to work on /home/airflow/.local/lib/python3.12/site-packages/airflow/example_dags/example_latest_only.py
[2025-04-04T19:09:27.608+0000] {processor.py:914} INFO - Processing file /home/airflow/.local/lib/python3.12/site-packages/airflow/example_dags/example_latest_only.py for tasks to queue
[2025-04-04T19:09:27.610+0000] {logging_mixin.py:190} INFO - [2025-04-04T19:09:27.610+0000] {dagbag.py:588} INFO - Filling up the DagBag from /home/airflow/.local/lib/python3.12/site-packages/airflow/example_dags/example_latest_only.py
[2025-04-04T19:09:27.617+0000] {processor.py:925} INFO - DAG(s) 'latest_only' retrieved from /home/airflow/.local/lib/python3.12/site-packages/airflow/example_dags/example_latest_only.py
[2025-04-04T19:09:27.636+0000] {logging_mixin.py:190} INFO - [2025-04-04T19:09:27.636+0000] {dag.py:3239} INFO - Sync 1 DAGs
[2025-04-04T19:09:27.659+0000] {logging_mixin.py:190} INFO - [2025-04-04T19:09:27.659+0000] {dag.py:4180} INFO - Setting next_dagrun for latest_only to 2025-04-04 12:00:00+00:00, run_after=2025-04-04 16:00:00+00:00
[2025-04-04T19:09:27.677+0000] {processor.py:208} INFO - Processing /home/airflow/.local/lib/python3.12/site-packages/airflow/example_dags/example_latest_only.py took 0.075 seconds
[2025-04-04T19:09:58.055+0000] {processor.py:186} INFO - Started process (PID=2519) to work on /home/airflow/.local/lib/python3.12/site-packages/airflow/example_dags/example_latest_only.py
[2025-04-04T19:09:58.056+0000] {processor.py:914} INFO - Processing file /home/airflow/.local/lib/python3.12/site-packages/airflow/example_dags/example_latest_only.py for tasks to queue
[2025-04-04T19:09:58.059+0000] {logging_mixin.py:190} INFO - [2025-04-04T19:09:58.058+0000] {dagbag.py:588} INFO - Filling up the DagBag from /home/airflow/.local/lib/python3.12/site-packages/airflow/example_dags/example_latest_only.py
[2025-04-04T19:09:58.065+0000] {processor.py:925} INFO - DAG(s) 'latest_only' retrieved from /home/airflow/.local/lib/python3.12/site-packages/airflow/example_dags/example_latest_only.py
[2025-04-04T19:09:58.084+0000] {logging_mixin.py:190} INFO - [2025-04-04T19:09:58.084+0000] {dag.py:3239} INFO - Sync 1 DAGs
[2025-04-04T19:09:58.107+0000] {logging_mixin.py:190} INFO - [2025-04-04T19:09:58.107+0000] {dag.py:4180} INFO - Setting next_dagrun for latest_only to 2025-04-04 12:00:00+00:00, run_after=2025-04-04 16:00:00+00:00
[2025-04-04T19:09:58.124+0000] {processor.py:208} INFO - Processing /home/airflow/.local/lib/python3.12/site-packages/airflow/example_dags/example_latest_only.py took 0.074 seconds
[2025-04-04T19:10:29.097+0000] {processor.py:186} INFO - Started process (PID=2581) to work on /home/airflow/.local/lib/python3.12/site-packages/airflow/example_dags/example_latest_only.py
[2025-04-04T19:10:29.098+0000] {processor.py:914} INFO - Processing file /home/airflow/.local/lib/python3.12/site-packages/airflow/example_dags/example_latest_only.py for tasks to queue
[2025-04-04T19:10:29.101+0000] {logging_mixin.py:190} INFO - [2025-04-04T19:10:29.100+0000] {dagbag.py:588} INFO - Filling up the DagBag from /home/airflow/.local/lib/python3.12/site-packages/airflow/example_dags/example_latest_only.py
[2025-04-04T19:10:29.109+0000] {processor.py:925} INFO - DAG(s) 'latest_only' retrieved from /home/airflow/.local/lib/python3.12/site-packages/airflow/example_dags/example_latest_only.py
[2025-04-04T19:10:29.130+0000] {logging_mixin.py:190} INFO - [2025-04-04T19:10:29.130+0000] {dag.py:3239} INFO - Sync 1 DAGs
[2025-04-04T19:10:29.154+0000] {logging_mixin.py:190} INFO - [2025-04-04T19:10:29.154+0000] {dag.py:4180} INFO - Setting next_dagrun for latest_only to 2025-04-04 12:00:00+00:00, run_after=2025-04-04 16:00:00+00:00
[2025-04-04T19:10:29.171+0000] {processor.py:208} INFO - Processing /home/airflow/.local/lib/python3.12/site-packages/airflow/example_dags/example_latest_only.py took 0.079 seconds
[2025-04-04T19:10:59.710+0000] {processor.py:186} INFO - Started process (PID=2643) to work on /home/airflow/.local/lib/python3.12/site-packages/airflow/example_dags/example_latest_only.py
[2025-04-04T19:10:59.711+0000] {processor.py:914} INFO - Processing file /home/airflow/.local/lib/python3.12/site-packages/airflow/example_dags/example_latest_only.py for tasks to queue
[2025-04-04T19:10:59.713+0000] {logging_mixin.py:190} INFO - [2025-04-04T19:10:59.713+0000] {dagbag.py:588} INFO - Filling up the DagBag from /home/airflow/.local/lib/python3.12/site-packages/airflow/example_dags/example_latest_only.py
[2025-04-04T19:10:59.720+0000] {processor.py:925} INFO - DAG(s) 'latest_only' retrieved from /home/airflow/.local/lib/python3.12/site-packages/airflow/example_dags/example_latest_only.py
[2025-04-04T19:10:59.737+0000] {logging_mixin.py:190} INFO - [2025-04-04T19:10:59.737+0000] {dag.py:3239} INFO - Sync 1 DAGs
[2025-04-04T19:10:59.757+0000] {logging_mixin.py:190} INFO - [2025-04-04T19:10:59.757+0000] {dag.py:4180} INFO - Setting next_dagrun for latest_only to 2025-04-04 12:00:00+00:00, run_after=2025-04-04 16:00:00+00:00
[2025-04-04T19:10:59.774+0000] {processor.py:208} INFO - Processing /home/airflow/.local/lib/python3.12/site-packages/airflow/example_dags/example_latest_only.py took 0.068 seconds
[2025-04-04T19:11:30.708+0000] {processor.py:186} INFO - Started process (PID=2707) to work on /home/airflow/.local/lib/python3.12/site-packages/airflow/example_dags/example_latest_only.py
[2025-04-04T19:11:30.709+0000] {processor.py:914} INFO - Processing file /home/airflow/.local/lib/python3.12/site-packages/airflow/example_dags/example_latest_only.py for tasks to queue
[2025-04-04T19:11:30.711+0000] {logging_mixin.py:190} INFO - [2025-04-04T19:11:30.711+0000] {dagbag.py:588} INFO - Filling up the DagBag from /home/airflow/.local/lib/python3.12/site-packages/airflow/example_dags/example_latest_only.py
[2025-04-04T19:11:30.719+0000] {processor.py:925} INFO - DAG(s) 'latest_only' retrieved from /home/airflow/.local/lib/python3.12/site-packages/airflow/example_dags/example_latest_only.py
[2025-04-04T19:11:30.737+0000] {logging_mixin.py:190} INFO - [2025-04-04T19:11:30.736+0000] {dag.py:3239} INFO - Sync 1 DAGs
[2025-04-04T19:11:30.760+0000] {logging_mixin.py:190} INFO - [2025-04-04T19:11:30.760+0000] {dag.py:4180} INFO - Setting next_dagrun for latest_only to 2025-04-04 12:00:00+00:00, run_after=2025-04-04 16:00:00+00:00
[2025-04-04T19:11:30.777+0000] {processor.py:208} INFO - Processing /home/airflow/.local/lib/python3.12/site-packages/airflow/example_dags/example_latest_only.py took 0.075 seconds
[2025-04-04T19:12:00.830+0000] {processor.py:186} INFO - Started process (PID=2771) to work on /home/airflow/.local/lib/python3.12/site-packages/airflow/example_dags/example_latest_only.py
[2025-04-04T19:12:00.831+0000] {processor.py:914} INFO - Processing file /home/airflow/.local/lib/python3.12/site-packages/airflow/example_dags/example_latest_only.py for tasks to queue
[2025-04-04T19:12:00.834+0000] {logging_mixin.py:190} INFO - [2025-04-04T19:12:00.834+0000] {dagbag.py:588} INFO - Filling up the DagBag from /home/airflow/.local/lib/python3.12/site-packages/airflow/example_dags/example_latest_only.py
[2025-04-04T19:12:00.845+0000] {processor.py:925} INFO - DAG(s) 'latest_only' retrieved from /home/airflow/.local/lib/python3.12/site-packages/airflow/example_dags/example_latest_only.py
[2025-04-04T19:12:00.869+0000] {logging_mixin.py:190} INFO - [2025-04-04T19:12:00.868+0000] {dag.py:3239} INFO - Sync 1 DAGs
[2025-04-04T19:12:00.892+0000] {logging_mixin.py:190} INFO - [2025-04-04T19:12:00.892+0000] {dag.py:4180} INFO - Setting next_dagrun for latest_only to 2025-04-04 12:00:00+00:00, run_after=2025-04-04 16:00:00+00:00
[2025-04-04T19:12:00.910+0000] {processor.py:208} INFO - Processing /home/airflow/.local/lib/python3.12/site-packages/airflow/example_dags/example_latest_only.py took 0.088 seconds
[2025-04-04T19:12:31.064+0000] {processor.py:186} INFO - Started process (PID=2835) to work on /home/airflow/.local/lib/python3.12/site-packages/airflow/example_dags/example_latest_only.py
[2025-04-04T19:12:31.065+0000] {processor.py:914} INFO - Processing file /home/airflow/.local/lib/python3.12/site-packages/airflow/example_dags/example_latest_only.py for tasks to queue
[2025-04-04T19:12:31.067+0000] {logging_mixin.py:190} INFO - [2025-04-04T19:12:31.066+0000] {dagbag.py:588} INFO - Filling up the DagBag from /home/airflow/.local/lib/python3.12/site-packages/airflow/example_dags/example_latest_only.py
[2025-04-04T19:12:31.074+0000] {processor.py:925} INFO - DAG(s) 'latest_only' retrieved from /home/airflow/.local/lib/python3.12/site-packages/airflow/example_dags/example_latest_only.py
[2025-04-04T19:12:31.094+0000] {logging_mixin.py:190} INFO - [2025-04-04T19:12:31.094+0000] {dag.py:3239} INFO - Sync 1 DAGs
[2025-04-04T19:12:31.118+0000] {logging_mixin.py:190} INFO - [2025-04-04T19:12:31.117+0000] {dag.py:4180} INFO - Setting next_dagrun for latest_only to 2025-04-04 12:00:00+00:00, run_after=2025-04-04 16:00:00+00:00
[2025-04-04T19:12:31.135+0000] {processor.py:208} INFO - Processing /home/airflow/.local/lib/python3.12/site-packages/airflow/example_dags/example_latest_only.py took 0.078 seconds
[2025-04-04T19:13:02.263+0000] {processor.py:186} INFO - Started process (PID=2898) to work on /home/airflow/.local/lib/python3.12/site-packages/airflow/example_dags/example_latest_only.py
[2025-04-04T19:13:02.264+0000] {processor.py:914} INFO - Processing file /home/airflow/.local/lib/python3.12/site-packages/airflow/example_dags/example_latest_only.py for tasks to queue
[2025-04-04T19:13:02.266+0000] {logging_mixin.py:190} INFO - [2025-04-04T19:13:02.266+0000] {dagbag.py:588} INFO - Filling up the DagBag from /home/airflow/.local/lib/python3.12/site-packages/airflow/example_dags/example_latest_only.py
[2025-04-04T19:13:02.272+0000] {processor.py:925} INFO - DAG(s) 'latest_only' retrieved from /home/airflow/.local/lib/python3.12/site-packages/airflow/example_dags/example_latest_only.py
[2025-04-04T19:13:02.291+0000] {logging_mixin.py:190} INFO - [2025-04-04T19:13:02.290+0000] {dag.py:3239} INFO - Sync 1 DAGs
[2025-04-04T19:13:02.313+0000] {logging_mixin.py:190} INFO - [2025-04-04T19:13:02.313+0000] {dag.py:4180} INFO - Setting next_dagrun for latest_only to 2025-04-04 12:00:00+00:00, run_after=2025-04-04 16:00:00+00:00
[2025-04-04T19:13:02.329+0000] {processor.py:208} INFO - Processing /home/airflow/.local/lib/python3.12/site-packages/airflow/example_dags/example_latest_only.py took 0.073 seconds
[2025-04-04T19:13:34.858+0000] {processor.py:186} INFO - Started process (PID=2959) to work on /home/airflow/.local/lib/python3.12/site-packages/airflow/example_dags/example_latest_only.py
[2025-04-04T19:13:34.859+0000] {processor.py:914} INFO - Processing file /home/airflow/.local/lib/python3.12/site-packages/airflow/example_dags/example_latest_only.py for tasks to queue
[2025-04-04T19:13:34.861+0000] {logging_mixin.py:190} INFO - [2025-04-04T19:13:34.861+0000] {dagbag.py:588} INFO - Filling up the DagBag from /home/airflow/.local/lib/python3.12/site-packages/airflow/example_dags/example_latest_only.py
[2025-04-04T19:13:34.868+0000] {processor.py:925} INFO - DAG(s) 'latest_only' retrieved from /home/airflow/.local/lib/python3.12/site-packages/airflow/example_dags/example_latest_only.py
[2025-04-04T19:13:34.888+0000] {logging_mixin.py:190} INFO - [2025-04-04T19:13:34.888+0000] {dag.py:3239} INFO - Sync 1 DAGs
[2025-04-04T19:13:34.911+0000] {logging_mixin.py:190} INFO - [2025-04-04T19:13:34.910+0000] {dag.py:4180} INFO - Setting next_dagrun for latest_only to 2025-04-04 12:00:00+00:00, run_after=2025-04-04 16:00:00+00:00
[2025-04-04T19:13:34.928+0000] {processor.py:208} INFO - Processing /home/airflow/.local/lib/python3.12/site-packages/airflow/example_dags/example_latest_only.py took 0.075 seconds
[2025-04-04T19:14:05.906+0000] {processor.py:186} INFO - Started process (PID=3023) to work on /home/airflow/.local/lib/python3.12/site-packages/airflow/example_dags/example_latest_only.py
[2025-04-04T19:14:05.907+0000] {processor.py:914} INFO - Processing file /home/airflow/.local/lib/python3.12/site-packages/airflow/example_dags/example_latest_only.py for tasks to queue
[2025-04-04T19:14:05.911+0000] {logging_mixin.py:190} INFO - [2025-04-04T19:14:05.910+0000] {dagbag.py:588} INFO - Filling up the DagBag from /home/airflow/.local/lib/python3.12/site-packages/airflow/example_dags/example_latest_only.py
[2025-04-04T19:14:05.918+0000] {processor.py:925} INFO - DAG(s) 'latest_only' retrieved from /home/airflow/.local/lib/python3.12/site-packages/airflow/example_dags/example_latest_only.py
[2025-04-04T19:14:06.159+0000] {logging_mixin.py:190} INFO - [2025-04-04T19:14:06.159+0000] {dag.py:3239} INFO - Sync 1 DAGs
[2025-04-04T19:14:06.189+0000] {logging_mixin.py:190} INFO - [2025-04-04T19:14:06.189+0000] {dag.py:4180} INFO - Setting next_dagrun for latest_only to 2025-04-04 12:00:00+00:00, run_after=2025-04-04 16:00:00+00:00
[2025-04-04T19:14:06.209+0000] {processor.py:208} INFO - Processing /home/airflow/.local/lib/python3.12/site-packages/airflow/example_dags/example_latest_only.py took 0.309 seconds
[2025-04-04T19:14:36.892+0000] {processor.py:186} INFO - Started process (PID=3087) to work on /home/airflow/.local/lib/python3.12/site-packages/airflow/example_dags/example_latest_only.py
[2025-04-04T19:14:36.893+0000] {processor.py:914} INFO - Processing file /home/airflow/.local/lib/python3.12/site-packages/airflow/example_dags/example_latest_only.py for tasks to queue
[2025-04-04T19:14:36.896+0000] {logging_mixin.py:190} INFO - [2025-04-04T19:14:36.896+0000] {dagbag.py:588} INFO - Filling up the DagBag from /home/airflow/.local/lib/python3.12/site-packages/airflow/example_dags/example_latest_only.py
[2025-04-04T19:14:36.904+0000] {processor.py:925} INFO - DAG(s) 'latest_only' retrieved from /home/airflow/.local/lib/python3.12/site-packages/airflow/example_dags/example_latest_only.py
[2025-04-04T19:14:36.923+0000] {logging_mixin.py:190} INFO - [2025-04-04T19:14:36.923+0000] {dag.py:3239} INFO - Sync 1 DAGs
[2025-04-04T19:14:36.946+0000] {logging_mixin.py:190} INFO - [2025-04-04T19:14:36.945+0000] {dag.py:4180} INFO - Setting next_dagrun for latest_only to 2025-04-04 12:00:00+00:00, run_after=2025-04-04 16:00:00+00:00
[2025-04-04T19:14:36.961+0000] {processor.py:208} INFO - Processing /home/airflow/.local/lib/python3.12/site-packages/airflow/example_dags/example_latest_only.py took 0.075 seconds
[2025-04-04T19:15:07.124+0000] {processor.py:186} INFO - Started process (PID=3151) to work on /home/airflow/.local/lib/python3.12/site-packages/airflow/example_dags/example_latest_only.py
[2025-04-04T19:15:07.125+0000] {processor.py:914} INFO - Processing file /home/airflow/.local/lib/python3.12/site-packages/airflow/example_dags/example_latest_only.py for tasks to queue
[2025-04-04T19:15:07.128+0000] {logging_mixin.py:190} INFO - [2025-04-04T19:15:07.128+0000] {dagbag.py:588} INFO - Filling up the DagBag from /home/airflow/.local/lib/python3.12/site-packages/airflow/example_dags/example_latest_only.py
[2025-04-04T19:15:07.136+0000] {processor.py:925} INFO - DAG(s) 'latest_only' retrieved from /home/airflow/.local/lib/python3.12/site-packages/airflow/example_dags/example_latest_only.py
[2025-04-04T19:15:07.156+0000] {logging_mixin.py:190} INFO - [2025-04-04T19:15:07.155+0000] {dag.py:3239} INFO - Sync 1 DAGs
[2025-04-04T19:15:07.181+0000] {logging_mixin.py:190} INFO - [2025-04-04T19:15:07.181+0000] {dag.py:4180} INFO - Setting next_dagrun for latest_only to 2025-04-04 12:00:00+00:00, run_after=2025-04-04 16:00:00+00:00
[2025-04-04T19:15:07.199+0000] {processor.py:208} INFO - Processing /home/airflow/.local/lib/python3.12/site-packages/airflow/example_dags/example_latest_only.py took 0.080 seconds
[2025-04-04T19:15:37.983+0000] {processor.py:186} INFO - Started process (PID=3213) to work on /home/airflow/.local/lib/python3.12/site-packages/airflow/example_dags/example_latest_only.py
[2025-04-04T19:15:37.984+0000] {processor.py:914} INFO - Processing file /home/airflow/.local/lib/python3.12/site-packages/airflow/example_dags/example_latest_only.py for tasks to queue
[2025-04-04T19:15:37.987+0000] {logging_mixin.py:190} INFO - [2025-04-04T19:15:37.987+0000] {dagbag.py:588} INFO - Filling up the DagBag from /home/airflow/.local/lib/python3.12/site-packages/airflow/example_dags/example_latest_only.py
[2025-04-04T19:15:37.995+0000] {processor.py:925} INFO - DAG(s) 'latest_only' retrieved from /home/airflow/.local/lib/python3.12/site-packages/airflow/example_dags/example_latest_only.py
[2025-04-04T19:15:38.014+0000] {logging_mixin.py:190} INFO - [2025-04-04T19:15:38.014+0000] {dag.py:3239} INFO - Sync 1 DAGs
[2025-04-04T19:15:38.041+0000] {logging_mixin.py:190} INFO - [2025-04-04T19:15:38.040+0000] {dag.py:4180} INFO - Setting next_dagrun for latest_only to 2025-04-04 12:00:00+00:00, run_after=2025-04-04 16:00:00+00:00
[2025-04-04T19:15:38.058+0000] {processor.py:208} INFO - Processing /home/airflow/.local/lib/python3.12/site-packages/airflow/example_dags/example_latest_only.py took 0.080 seconds
[2025-04-04T19:16:08.371+0000] {processor.py:186} INFO - Started process (PID=3272) to work on /home/airflow/.local/lib/python3.12/site-packages/airflow/example_dags/example_latest_only.py
[2025-04-04T19:16:08.372+0000] {processor.py:914} INFO - Processing file /home/airflow/.local/lib/python3.12/site-packages/airflow/example_dags/example_latest_only.py for tasks to queue
[2025-04-04T19:16:08.375+0000] {logging_mixin.py:190} INFO - [2025-04-04T19:16:08.374+0000] {dagbag.py:588} INFO - Filling up the DagBag from /home/airflow/.local/lib/python3.12/site-packages/airflow/example_dags/example_latest_only.py
[2025-04-04T19:16:08.383+0000] {processor.py:925} INFO - DAG(s) 'latest_only' retrieved from /home/airflow/.local/lib/python3.12/site-packages/airflow/example_dags/example_latest_only.py
[2025-04-04T19:16:08.405+0000] {logging_mixin.py:190} INFO - [2025-04-04T19:16:08.404+0000] {dag.py:3239} INFO - Sync 1 DAGs
[2025-04-04T19:16:08.434+0000] {logging_mixin.py:190} INFO - [2025-04-04T19:16:08.433+0000] {dag.py:4180} INFO - Setting next_dagrun for latest_only to 2025-04-04 12:00:00+00:00, run_after=2025-04-04 16:00:00+00:00
[2025-04-04T19:16:08.452+0000] {processor.py:208} INFO - Processing /home/airflow/.local/lib/python3.12/site-packages/airflow/example_dags/example_latest_only.py took 0.089 seconds
[2025-04-04T19:16:39.116+0000] {processor.py:186} INFO - Started process (PID=3333) to work on /home/airflow/.local/lib/python3.12/site-packages/airflow/example_dags/example_latest_only.py
[2025-04-04T19:16:39.117+0000] {processor.py:914} INFO - Processing file /home/airflow/.local/lib/python3.12/site-packages/airflow/example_dags/example_latest_only.py for tasks to queue
[2025-04-04T19:16:39.120+0000] {logging_mixin.py:190} INFO - [2025-04-04T19:16:39.119+0000] {dagbag.py:588} INFO - Filling up the DagBag from /home/airflow/.local/lib/python3.12/site-packages/airflow/example_dags/example_latest_only.py
[2025-04-04T19:16:39.126+0000] {processor.py:925} INFO - DAG(s) 'latest_only' retrieved from /home/airflow/.local/lib/python3.12/site-packages/airflow/example_dags/example_latest_only.py
[2025-04-04T19:16:39.144+0000] {logging_mixin.py:190} INFO - [2025-04-04T19:16:39.144+0000] {dag.py:3239} INFO - Sync 1 DAGs
[2025-04-04T19:16:39.166+0000] {logging_mixin.py:190} INFO - [2025-04-04T19:16:39.166+0000] {dag.py:4180} INFO - Setting next_dagrun for latest_only to 2025-04-04 12:00:00+00:00, run_after=2025-04-04 16:00:00+00:00
[2025-04-04T19:16:39.184+0000] {processor.py:208} INFO - Processing /home/airflow/.local/lib/python3.12/site-packages/airflow/example_dags/example_latest_only.py took 0.074 seconds
[2025-04-04T19:17:09.367+0000] {processor.py:186} INFO - Started process (PID=3397) to work on /home/airflow/.local/lib/python3.12/site-packages/airflow/example_dags/example_latest_only.py
[2025-04-04T19:17:09.368+0000] {processor.py:914} INFO - Processing file /home/airflow/.local/lib/python3.12/site-packages/airflow/example_dags/example_latest_only.py for tasks to queue
[2025-04-04T19:17:09.370+0000] {logging_mixin.py:190} INFO - [2025-04-04T19:17:09.370+0000] {dagbag.py:588} INFO - Filling up the DagBag from /home/airflow/.local/lib/python3.12/site-packages/airflow/example_dags/example_latest_only.py
[2025-04-04T19:17:09.376+0000] {processor.py:925} INFO - DAG(s) 'latest_only' retrieved from /home/airflow/.local/lib/python3.12/site-packages/airflow/example_dags/example_latest_only.py
[2025-04-04T19:17:09.396+0000] {logging_mixin.py:190} INFO - [2025-04-04T19:17:09.396+0000] {dag.py:3239} INFO - Sync 1 DAGs
[2025-04-04T19:17:09.420+0000] {logging_mixin.py:190} INFO - [2025-04-04T19:17:09.420+0000] {dag.py:4180} INFO - Setting next_dagrun for latest_only to 2025-04-04 12:00:00+00:00, run_after=2025-04-04 16:00:00+00:00
[2025-04-04T19:17:09.438+0000] {processor.py:208} INFO - Processing /home/airflow/.local/lib/python3.12/site-packages/airflow/example_dags/example_latest_only.py took 0.077 seconds
[2025-04-04T19:17:39.895+0000] {processor.py:186} INFO - Started process (PID=3462) to work on /home/airflow/.local/lib/python3.12/site-packages/airflow/example_dags/example_latest_only.py
[2025-04-04T19:17:39.896+0000] {processor.py:914} INFO - Processing file /home/airflow/.local/lib/python3.12/site-packages/airflow/example_dags/example_latest_only.py for tasks to queue
[2025-04-04T19:17:39.898+0000] {logging_mixin.py:190} INFO - [2025-04-04T19:17:39.898+0000] {dagbag.py:588} INFO - Filling up the DagBag from /home/airflow/.local/lib/python3.12/site-packages/airflow/example_dags/example_latest_only.py
[2025-04-04T19:17:39.907+0000] {processor.py:925} INFO - DAG(s) 'latest_only' retrieved from /home/airflow/.local/lib/python3.12/site-packages/airflow/example_dags/example_latest_only.py
[2025-04-04T19:17:39.928+0000] {logging_mixin.py:190} INFO - [2025-04-04T19:17:39.928+0000] {dag.py:3239} INFO - Sync 1 DAGs
[2025-04-04T19:17:39.956+0000] {logging_mixin.py:190} INFO - [2025-04-04T19:17:39.955+0000] {dag.py:4180} INFO - Setting next_dagrun for latest_only to 2025-04-04 12:00:00+00:00, run_after=2025-04-04 16:00:00+00:00
[2025-04-04T19:17:39.975+0000] {processor.py:208} INFO - Processing /home/airflow/.local/lib/python3.12/site-packages/airflow/example_dags/example_latest_only.py took 0.084 seconds
[2025-04-04T19:18:10.791+0000] {processor.py:186} INFO - Started process (PID=3526) to work on /home/airflow/.local/lib/python3.12/site-packages/airflow/example_dags/example_latest_only.py
[2025-04-04T19:18:10.792+0000] {processor.py:914} INFO - Processing file /home/airflow/.local/lib/python3.12/site-packages/airflow/example_dags/example_latest_only.py for tasks to queue
[2025-04-04T19:18:10.794+0000] {logging_mixin.py:190} INFO - [2025-04-04T19:18:10.794+0000] {dagbag.py:588} INFO - Filling up the DagBag from /home/airflow/.local/lib/python3.12/site-packages/airflow/example_dags/example_latest_only.py
[2025-04-04T19:18:10.801+0000] {processor.py:925} INFO - DAG(s) 'latest_only' retrieved from /home/airflow/.local/lib/python3.12/site-packages/airflow/example_dags/example_latest_only.py
[2025-04-04T19:18:10.824+0000] {logging_mixin.py:190} INFO - [2025-04-04T19:18:10.824+0000] {dag.py:3239} INFO - Sync 1 DAGs
[2025-04-04T19:18:10.851+0000] {logging_mixin.py:190} INFO - [2025-04-04T19:18:10.851+0000] {dag.py:4180} INFO - Setting next_dagrun for latest_only to 2025-04-04 12:00:00+00:00, run_after=2025-04-04 16:00:00+00:00
[2025-04-04T19:18:10.870+0000] {processor.py:208} INFO - Processing /home/airflow/.local/lib/python3.12/site-packages/airflow/example_dags/example_latest_only.py took 0.085 seconds
[2025-04-04T19:18:41.068+0000] {processor.py:186} INFO - Started process (PID=3590) to work on /home/airflow/.local/lib/python3.12/site-packages/airflow/example_dags/example_latest_only.py
[2025-04-04T19:18:41.069+0000] {processor.py:914} INFO - Processing file /home/airflow/.local/lib/python3.12/site-packages/airflow/example_dags/example_latest_only.py for tasks to queue
[2025-04-04T19:18:41.071+0000] {logging_mixin.py:190} INFO - [2025-04-04T19:18:41.071+0000] {dagbag.py:588} INFO - Filling up the DagBag from /home/airflow/.local/lib/python3.12/site-packages/airflow/example_dags/example_latest_only.py
[2025-04-04T19:18:41.078+0000] {processor.py:925} INFO - DAG(s) 'latest_only' retrieved from /home/airflow/.local/lib/python3.12/site-packages/airflow/example_dags/example_latest_only.py
[2025-04-04T19:18:41.098+0000] {logging_mixin.py:190} INFO - [2025-04-04T19:18:41.098+0000] {dag.py:3239} INFO - Sync 1 DAGs
[2025-04-04T19:18:41.121+0000] {logging_mixin.py:190} INFO - [2025-04-04T19:18:41.121+0000] {dag.py:4180} INFO - Setting next_dagrun for latest_only to 2025-04-04 12:00:00+00:00, run_after=2025-04-04 16:00:00+00:00
[2025-04-04T19:18:41.143+0000] {processor.py:208} INFO - Processing /home/airflow/.local/lib/python3.12/site-packages/airflow/example_dags/example_latest_only.py took 0.080 seconds
[2025-04-04T19:19:12.105+0000] {processor.py:186} INFO - Started process (PID=3654) to work on /home/airflow/.local/lib/python3.12/site-packages/airflow/example_dags/example_latest_only.py
[2025-04-04T19:19:12.106+0000] {processor.py:914} INFO - Processing file /home/airflow/.local/lib/python3.12/site-packages/airflow/example_dags/example_latest_only.py for tasks to queue
[2025-04-04T19:19:12.109+0000] {logging_mixin.py:190} INFO - [2025-04-04T19:19:12.108+0000] {dagbag.py:588} INFO - Filling up the DagBag from /home/airflow/.local/lib/python3.12/site-packages/airflow/example_dags/example_latest_only.py
[2025-04-04T19:19:12.116+0000] {processor.py:925} INFO - DAG(s) 'latest_only' retrieved from /home/airflow/.local/lib/python3.12/site-packages/airflow/example_dags/example_latest_only.py
[2025-04-04T19:19:12.136+0000] {logging_mixin.py:190} INFO - [2025-04-04T19:19:12.136+0000] {dag.py:3239} INFO - Sync 1 DAGs
[2025-04-04T19:19:12.160+0000] {logging_mixin.py:190} INFO - [2025-04-04T19:19:12.160+0000] {dag.py:4180} INFO - Setting next_dagrun for latest_only to 2025-04-04 12:00:00+00:00, run_after=2025-04-04 16:00:00+00:00
[2025-04-04T19:19:12.181+0000] {processor.py:208} INFO - Processing /home/airflow/.local/lib/python3.12/site-packages/airflow/example_dags/example_latest_only.py took 0.083 seconds
[2025-04-04T19:19:43.142+0000] {processor.py:186} INFO - Started process (PID=3718) to work on /home/airflow/.local/lib/python3.12/site-packages/airflow/example_dags/example_latest_only.py
[2025-04-04T19:19:43.143+0000] {processor.py:914} INFO - Processing file /home/airflow/.local/lib/python3.12/site-packages/airflow/example_dags/example_latest_only.py for tasks to queue
[2025-04-04T19:19:43.147+0000] {logging_mixin.py:190} INFO - [2025-04-04T19:19:43.146+0000] {dagbag.py:588} INFO - Filling up the DagBag from /home/airflow/.local/lib/python3.12/site-packages/airflow/example_dags/example_latest_only.py
[2025-04-04T19:19:43.155+0000] {processor.py:925} INFO - DAG(s) 'latest_only' retrieved from /home/airflow/.local/lib/python3.12/site-packages/airflow/example_dags/example_latest_only.py
[2025-04-04T19:19:43.182+0000] {logging_mixin.py:190} INFO - [2025-04-04T19:19:43.182+0000] {dag.py:3239} INFO - Sync 1 DAGs
[2025-04-04T19:19:43.215+0000] {logging_mixin.py:190} INFO - [2025-04-04T19:19:43.215+0000] {dag.py:4180} INFO - Setting next_dagrun for latest_only to 2025-04-04 12:00:00+00:00, run_after=2025-04-04 16:00:00+00:00
[2025-04-04T19:19:43.235+0000] {processor.py:208} INFO - Processing /home/airflow/.local/lib/python3.12/site-packages/airflow/example_dags/example_latest_only.py took 0.102 seconds
[2025-04-04T19:20:13.561+0000] {processor.py:186} INFO - Started process (PID=3782) to work on /home/airflow/.local/lib/python3.12/site-packages/airflow/example_dags/example_latest_only.py
[2025-04-04T19:20:13.562+0000] {processor.py:914} INFO - Processing file /home/airflow/.local/lib/python3.12/site-packages/airflow/example_dags/example_latest_only.py for tasks to queue
[2025-04-04T19:20:13.564+0000] {logging_mixin.py:190} INFO - [2025-04-04T19:20:13.564+0000] {dagbag.py:588} INFO - Filling up the DagBag from /home/airflow/.local/lib/python3.12/site-packages/airflow/example_dags/example_latest_only.py
[2025-04-04T19:20:13.572+0000] {processor.py:925} INFO - DAG(s) 'latest_only' retrieved from /home/airflow/.local/lib/python3.12/site-packages/airflow/example_dags/example_latest_only.py
[2025-04-04T19:20:13.592+0000] {logging_mixin.py:190} INFO - [2025-04-04T19:20:13.592+0000] {dag.py:3239} INFO - Sync 1 DAGs
[2025-04-04T19:20:13.615+0000] {logging_mixin.py:190} INFO - [2025-04-04T19:20:13.615+0000] {dag.py:4180} INFO - Setting next_dagrun for latest_only to 2025-04-04 12:00:00+00:00, run_after=2025-04-04 16:00:00+00:00
[2025-04-04T19:20:13.632+0000] {processor.py:208} INFO - Processing /home/airflow/.local/lib/python3.12/site-packages/airflow/example_dags/example_latest_only.py took 0.077 seconds
[2025-04-04T19:20:44.074+0000] {processor.py:186} INFO - Started process (PID=3846) to work on /home/airflow/.local/lib/python3.12/site-packages/airflow/example_dags/example_latest_only.py
[2025-04-04T19:20:44.075+0000] {processor.py:914} INFO - Processing file /home/airflow/.local/lib/python3.12/site-packages/airflow/example_dags/example_latest_only.py for tasks to queue
[2025-04-04T19:20:44.077+0000] {logging_mixin.py:190} INFO - [2025-04-04T19:20:44.077+0000] {dagbag.py:588} INFO - Filling up the DagBag from /home/airflow/.local/lib/python3.12/site-packages/airflow/example_dags/example_latest_only.py
[2025-04-04T19:20:44.084+0000] {processor.py:925} INFO - DAG(s) 'latest_only' retrieved from /home/airflow/.local/lib/python3.12/site-packages/airflow/example_dags/example_latest_only.py
[2025-04-04T19:20:44.103+0000] {logging_mixin.py:190} INFO - [2025-04-04T19:20:44.103+0000] {dag.py:3239} INFO - Sync 1 DAGs
[2025-04-04T19:20:44.127+0000] {logging_mixin.py:190} INFO - [2025-04-04T19:20:44.127+0000] {dag.py:4180} INFO - Setting next_dagrun for latest_only to 2025-04-04 12:00:00+00:00, run_after=2025-04-04 16:00:00+00:00
[2025-04-04T19:20:44.145+0000] {processor.py:208} INFO - Processing /home/airflow/.local/lib/python3.12/site-packages/airflow/example_dags/example_latest_only.py took 0.078 seconds
[2025-04-04T19:21:14.605+0000] {processor.py:186} INFO - Started process (PID=3916) to work on /home/airflow/.local/lib/python3.12/site-packages/airflow/example_dags/example_latest_only.py
[2025-04-04T19:21:14.606+0000] {processor.py:914} INFO - Processing file /home/airflow/.local/lib/python3.12/site-packages/airflow/example_dags/example_latest_only.py for tasks to queue
[2025-04-04T19:21:14.608+0000] {logging_mixin.py:190} INFO - [2025-04-04T19:21:14.608+0000] {dagbag.py:588} INFO - Filling up the DagBag from /home/airflow/.local/lib/python3.12/site-packages/airflow/example_dags/example_latest_only.py
[2025-04-04T19:21:14.616+0000] {processor.py:925} INFO - DAG(s) 'latest_only' retrieved from /home/airflow/.local/lib/python3.12/site-packages/airflow/example_dags/example_latest_only.py
[2025-04-04T19:21:14.645+0000] {logging_mixin.py:190} INFO - [2025-04-04T19:21:14.645+0000] {dag.py:3239} INFO - Sync 1 DAGs
[2025-04-04T19:21:14.678+0000] {logging_mixin.py:190} INFO - [2025-04-04T19:21:14.677+0000] {dag.py:4180} INFO - Setting next_dagrun for latest_only to 2025-04-04 12:00:00+00:00, run_after=2025-04-04 16:00:00+00:00
[2025-04-04T19:21:14.708+0000] {processor.py:208} INFO - Processing /home/airflow/.local/lib/python3.12/site-packages/airflow/example_dags/example_latest_only.py took 0.111 seconds
[2025-04-04T19:21:45.392+0000] {processor.py:186} INFO - Started process (PID=3980) to work on /home/airflow/.local/lib/python3.12/site-packages/airflow/example_dags/example_latest_only.py
[2025-04-04T19:21:45.393+0000] {processor.py:914} INFO - Processing file /home/airflow/.local/lib/python3.12/site-packages/airflow/example_dags/example_latest_only.py for tasks to queue
[2025-04-04T19:21:45.395+0000] {logging_mixin.py:190} INFO - [2025-04-04T19:21:45.395+0000] {dagbag.py:588} INFO - Filling up the DagBag from /home/airflow/.local/lib/python3.12/site-packages/airflow/example_dags/example_latest_only.py
[2025-04-04T19:21:45.401+0000] {processor.py:925} INFO - DAG(s) 'latest_only' retrieved from /home/airflow/.local/lib/python3.12/site-packages/airflow/example_dags/example_latest_only.py
[2025-04-04T19:21:45.419+0000] {logging_mixin.py:190} INFO - [2025-04-04T19:21:45.419+0000] {dag.py:3239} INFO - Sync 1 DAGs
[2025-04-04T19:21:45.439+0000] {logging_mixin.py:190} INFO - [2025-04-04T19:21:45.439+0000] {dag.py:4180} INFO - Setting next_dagrun for latest_only to 2025-04-04 12:00:00+00:00, run_after=2025-04-04 16:00:00+00:00
[2025-04-04T19:21:45.454+0000] {processor.py:208} INFO - Processing /home/airflow/.local/lib/python3.12/site-packages/airflow/example_dags/example_latest_only.py took 0.069 seconds
[2025-04-04T19:22:16.082+0000] {processor.py:186} INFO - Started process (PID=4044) to work on /home/airflow/.local/lib/python3.12/site-packages/airflow/example_dags/example_latest_only.py
[2025-04-04T19:22:16.083+0000] {processor.py:914} INFO - Processing file /home/airflow/.local/lib/python3.12/site-packages/airflow/example_dags/example_latest_only.py for tasks to queue
[2025-04-04T19:22:16.085+0000] {logging_mixin.py:190} INFO - [2025-04-04T19:22:16.084+0000] {dagbag.py:588} INFO - Filling up the DagBag from /home/airflow/.local/lib/python3.12/site-packages/airflow/example_dags/example_latest_only.py
[2025-04-04T19:22:16.091+0000] {processor.py:925} INFO - DAG(s) 'latest_only' retrieved from /home/airflow/.local/lib/python3.12/site-packages/airflow/example_dags/example_latest_only.py
[2025-04-04T19:22:16.110+0000] {logging_mixin.py:190} INFO - [2025-04-04T19:22:16.110+0000] {dag.py:3239} INFO - Sync 1 DAGs
[2025-04-04T19:22:16.132+0000] {logging_mixin.py:190} INFO - [2025-04-04T19:22:16.132+0000] {dag.py:4180} INFO - Setting next_dagrun for latest_only to 2025-04-04 12:00:00+00:00, run_after=2025-04-04 16:00:00+00:00
[2025-04-04T19:22:16.148+0000] {processor.py:208} INFO - Processing /home/airflow/.local/lib/python3.12/site-packages/airflow/example_dags/example_latest_only.py took 0.071 seconds
[2025-04-04T19:22:46.388+0000] {processor.py:186} INFO - Started process (PID=4108) to work on /home/airflow/.local/lib/python3.12/site-packages/airflow/example_dags/example_latest_only.py
[2025-04-04T19:22:46.389+0000] {processor.py:914} INFO - Processing file /home/airflow/.local/lib/python3.12/site-packages/airflow/example_dags/example_latest_only.py for tasks to queue
[2025-04-04T19:22:46.391+0000] {logging_mixin.py:190} INFO - [2025-04-04T19:22:46.391+0000] {dagbag.py:588} INFO - Filling up the DagBag from /home/airflow/.local/lib/python3.12/site-packages/airflow/example_dags/example_latest_only.py
[2025-04-04T19:22:46.397+0000] {processor.py:925} INFO - DAG(s) 'latest_only' retrieved from /home/airflow/.local/lib/python3.12/site-packages/airflow/example_dags/example_latest_only.py
[2025-04-04T19:22:46.415+0000] {logging_mixin.py:190} INFO - [2025-04-04T19:22:46.415+0000] {dag.py:3239} INFO - Sync 1 DAGs
[2025-04-04T19:22:46.436+0000] {logging_mixin.py:190} INFO - [2025-04-04T19:22:46.436+0000] {dag.py:4180} INFO - Setting next_dagrun for latest_only to 2025-04-04 12:00:00+00:00, run_after=2025-04-04 16:00:00+00:00
[2025-04-04T19:22:46.452+0000] {processor.py:208} INFO - Processing /home/airflow/.local/lib/python3.12/site-packages/airflow/example_dags/example_latest_only.py took 0.069 seconds
[2025-04-04T19:23:16.793+0000] {processor.py:186} INFO - Started process (PID=4172) to work on /home/airflow/.local/lib/python3.12/site-packages/airflow/example_dags/example_latest_only.py
[2025-04-04T19:23:16.794+0000] {processor.py:914} INFO - Processing file /home/airflow/.local/lib/python3.12/site-packages/airflow/example_dags/example_latest_only.py for tasks to queue
[2025-04-04T19:23:16.796+0000] {logging_mixin.py:190} INFO - [2025-04-04T19:23:16.796+0000] {dagbag.py:588} INFO - Filling up the DagBag from /home/airflow/.local/lib/python3.12/site-packages/airflow/example_dags/example_latest_only.py
[2025-04-04T19:23:16.803+0000] {processor.py:925} INFO - DAG(s) 'latest_only' retrieved from /home/airflow/.local/lib/python3.12/site-packages/airflow/example_dags/example_latest_only.py
[2025-04-04T19:23:16.822+0000] {logging_mixin.py:190} INFO - [2025-04-04T19:23:16.822+0000] {dag.py:3239} INFO - Sync 1 DAGs
[2025-04-04T19:23:16.844+0000] {logging_mixin.py:190} INFO - [2025-04-04T19:23:16.844+0000] {dag.py:4180} INFO - Setting next_dagrun for latest_only to 2025-04-04 12:00:00+00:00, run_after=2025-04-04 16:00:00+00:00
[2025-04-04T19:23:16.860+0000] {processor.py:208} INFO - Processing /home/airflow/.local/lib/python3.12/site-packages/airflow/example_dags/example_latest_only.py took 0.072 seconds
[2025-04-04T19:23:47.372+0000] {processor.py:186} INFO - Started process (PID=4236) to work on /home/airflow/.local/lib/python3.12/site-packages/airflow/example_dags/example_latest_only.py
[2025-04-04T19:23:47.373+0000] {processor.py:914} INFO - Processing file /home/airflow/.local/lib/python3.12/site-packages/airflow/example_dags/example_latest_only.py for tasks to queue
[2025-04-04T19:23:47.375+0000] {logging_mixin.py:190} INFO - [2025-04-04T19:23:47.374+0000] {dagbag.py:588} INFO - Filling up the DagBag from /home/airflow/.local/lib/python3.12/site-packages/airflow/example_dags/example_latest_only.py
[2025-04-04T19:23:47.382+0000] {processor.py:925} INFO - DAG(s) 'latest_only' retrieved from /home/airflow/.local/lib/python3.12/site-packages/airflow/example_dags/example_latest_only.py
[2025-04-04T19:23:47.401+0000] {logging_mixin.py:190} INFO - [2025-04-04T19:23:47.401+0000] {dag.py:3239} INFO - Sync 1 DAGs
[2025-04-04T19:23:47.422+0000] {logging_mixin.py:190} INFO - [2025-04-04T19:23:47.421+0000] {dag.py:4180} INFO - Setting next_dagrun for latest_only to 2025-04-04 12:00:00+00:00, run_after=2025-04-04 16:00:00+00:00
[2025-04-04T19:23:47.438+0000] {processor.py:208} INFO - Processing /home/airflow/.local/lib/python3.12/site-packages/airflow/example_dags/example_latest_only.py took 0.072 seconds
[2025-04-04T19:24:17.958+0000] {processor.py:186} INFO - Started process (PID=4300) to work on /home/airflow/.local/lib/python3.12/site-packages/airflow/example_dags/example_latest_only.py
[2025-04-04T19:24:17.959+0000] {processor.py:914} INFO - Processing file /home/airflow/.local/lib/python3.12/site-packages/airflow/example_dags/example_latest_only.py for tasks to queue
[2025-04-04T19:24:17.962+0000] {logging_mixin.py:190} INFO - [2025-04-04T19:24:17.961+0000] {dagbag.py:588} INFO - Filling up the DagBag from /home/airflow/.local/lib/python3.12/site-packages/airflow/example_dags/example_latest_only.py
[2025-04-04T19:24:17.968+0000] {processor.py:925} INFO - DAG(s) 'latest_only' retrieved from /home/airflow/.local/lib/python3.12/site-packages/airflow/example_dags/example_latest_only.py
[2025-04-04T19:24:17.989+0000] {logging_mixin.py:190} INFO - [2025-04-04T19:24:17.988+0000] {dag.py:3239} INFO - Sync 1 DAGs
[2025-04-04T19:24:18.011+0000] {logging_mixin.py:190} INFO - [2025-04-04T19:24:18.011+0000] {dag.py:4180} INFO - Setting next_dagrun for latest_only to 2025-04-04 12:00:00+00:00, run_after=2025-04-04 16:00:00+00:00
[2025-04-04T19:24:18.028+0000] {processor.py:208} INFO - Processing /home/airflow/.local/lib/python3.12/site-packages/airflow/example_dags/example_latest_only.py took 0.076 seconds
[2025-04-04T19:24:48.917+0000] {processor.py:186} INFO - Started process (PID=4364) to work on /home/airflow/.local/lib/python3.12/site-packages/airflow/example_dags/example_latest_only.py
[2025-04-04T19:24:48.918+0000] {processor.py:914} INFO - Processing file /home/airflow/.local/lib/python3.12/site-packages/airflow/example_dags/example_latest_only.py for tasks to queue
[2025-04-04T19:24:48.921+0000] {logging_mixin.py:190} INFO - [2025-04-04T19:24:48.920+0000] {dagbag.py:588} INFO - Filling up the DagBag from /home/airflow/.local/lib/python3.12/site-packages/airflow/example_dags/example_latest_only.py
[2025-04-04T19:24:48.927+0000] {processor.py:925} INFO - DAG(s) 'latest_only' retrieved from /home/airflow/.local/lib/python3.12/site-packages/airflow/example_dags/example_latest_only.py
[2025-04-04T19:24:48.944+0000] {logging_mixin.py:190} INFO - [2025-04-04T19:24:48.944+0000] {dag.py:3239} INFO - Sync 1 DAGs
[2025-04-04T19:24:48.965+0000] {logging_mixin.py:190} INFO - [2025-04-04T19:24:48.964+0000] {dag.py:4180} INFO - Setting next_dagrun for latest_only to 2025-04-04 12:00:00+00:00, run_after=2025-04-04 16:00:00+00:00
[2025-04-04T19:24:48.980+0000] {processor.py:208} INFO - Processing /home/airflow/.local/lib/python3.12/site-packages/airflow/example_dags/example_latest_only.py took 0.068 seconds
[2025-04-04T19:25:19.319+0000] {processor.py:186} INFO - Started process (PID=4429) to work on /home/airflow/.local/lib/python3.12/site-packages/airflow/example_dags/example_latest_only.py
[2025-04-04T19:25:19.320+0000] {processor.py:914} INFO - Processing file /home/airflow/.local/lib/python3.12/site-packages/airflow/example_dags/example_latest_only.py for tasks to queue
[2025-04-04T19:25:19.322+0000] {logging_mixin.py:190} INFO - [2025-04-04T19:25:19.322+0000] {dagbag.py:588} INFO - Filling up the DagBag from /home/airflow/.local/lib/python3.12/site-packages/airflow/example_dags/example_latest_only.py
[2025-04-04T19:25:19.328+0000] {processor.py:925} INFO - DAG(s) 'latest_only' retrieved from /home/airflow/.local/lib/python3.12/site-packages/airflow/example_dags/example_latest_only.py
[2025-04-04T19:25:19.346+0000] {logging_mixin.py:190} INFO - [2025-04-04T19:25:19.345+0000] {dag.py:3239} INFO - Sync 1 DAGs
[2025-04-04T19:25:19.368+0000] {logging_mixin.py:190} INFO - [2025-04-04T19:25:19.368+0000] {dag.py:4180} INFO - Setting next_dagrun for latest_only to 2025-04-04 12:00:00+00:00, run_after=2025-04-04 16:00:00+00:00
[2025-04-04T19:25:19.386+0000] {processor.py:208} INFO - Processing /home/airflow/.local/lib/python3.12/site-packages/airflow/example_dags/example_latest_only.py took 0.071 seconds
[2025-04-04T19:25:49.789+0000] {processor.py:186} INFO - Started process (PID=4494) to work on /home/airflow/.local/lib/python3.12/site-packages/airflow/example_dags/example_latest_only.py
[2025-04-04T19:25:49.790+0000] {processor.py:914} INFO - Processing file /home/airflow/.local/lib/python3.12/site-packages/airflow/example_dags/example_latest_only.py for tasks to queue
[2025-04-04T19:25:49.792+0000] {logging_mixin.py:190} INFO - [2025-04-04T19:25:49.792+0000] {dagbag.py:588} INFO - Filling up the DagBag from /home/airflow/.local/lib/python3.12/site-packages/airflow/example_dags/example_latest_only.py
[2025-04-04T19:25:49.799+0000] {processor.py:925} INFO - DAG(s) 'latest_only' retrieved from /home/airflow/.local/lib/python3.12/site-packages/airflow/example_dags/example_latest_only.py
[2025-04-04T19:25:49.821+0000] {logging_mixin.py:190} INFO - [2025-04-04T19:25:49.820+0000] {dag.py:3239} INFO - Sync 1 DAGs
[2025-04-04T19:25:49.846+0000] {logging_mixin.py:190} INFO - [2025-04-04T19:25:49.845+0000] {dag.py:4180} INFO - Setting next_dagrun for latest_only to 2025-04-04 12:00:00+00:00, run_after=2025-04-04 16:00:00+00:00
[2025-04-04T19:25:49.864+0000] {processor.py:208} INFO - Processing /home/airflow/.local/lib/python3.12/site-packages/airflow/example_dags/example_latest_only.py took 0.083 seconds
[2025-04-04T19:26:20.275+0000] {processor.py:186} INFO - Started process (PID=4559) to work on /home/airflow/.local/lib/python3.12/site-packages/airflow/example_dags/example_latest_only.py
[2025-04-04T19:26:20.276+0000] {processor.py:914} INFO - Processing file /home/airflow/.local/lib/python3.12/site-packages/airflow/example_dags/example_latest_only.py for tasks to queue
[2025-04-04T19:26:20.279+0000] {logging_mixin.py:190} INFO - [2025-04-04T19:26:20.278+0000] {dagbag.py:588} INFO - Filling up the DagBag from /home/airflow/.local/lib/python3.12/site-packages/airflow/example_dags/example_latest_only.py
[2025-04-04T19:26:20.285+0000] {processor.py:925} INFO - DAG(s) 'latest_only' retrieved from /home/airflow/.local/lib/python3.12/site-packages/airflow/example_dags/example_latest_only.py
[2025-04-04T19:26:20.306+0000] {logging_mixin.py:190} INFO - [2025-04-04T19:26:20.306+0000] {dag.py:3239} INFO - Sync 1 DAGs
[2025-04-04T19:26:20.333+0000] {logging_mixin.py:190} INFO - [2025-04-04T19:26:20.332+0000] {dag.py:4180} INFO - Setting next_dagrun for latest_only to 2025-04-04 12:00:00+00:00, run_after=2025-04-04 16:00:00+00:00
[2025-04-04T19:26:20.353+0000] {processor.py:208} INFO - Processing /home/airflow/.local/lib/python3.12/site-packages/airflow/example_dags/example_latest_only.py took 0.084 seconds
[2025-04-04T19:26:50.560+0000] {processor.py:186} INFO - Started process (PID=4624) to work on /home/airflow/.local/lib/python3.12/site-packages/airflow/example_dags/example_latest_only.py
[2025-04-04T19:26:50.561+0000] {processor.py:914} INFO - Processing file /home/airflow/.local/lib/python3.12/site-packages/airflow/example_dags/example_latest_only.py for tasks to queue
[2025-04-04T19:26:50.564+0000] {logging_mixin.py:190} INFO - [2025-04-04T19:26:50.564+0000] {dagbag.py:588} INFO - Filling up the DagBag from /home/airflow/.local/lib/python3.12/site-packages/airflow/example_dags/example_latest_only.py
[2025-04-04T19:26:50.573+0000] {processor.py:925} INFO - DAG(s) 'latest_only' retrieved from /home/airflow/.local/lib/python3.12/site-packages/airflow/example_dags/example_latest_only.py
[2025-04-04T19:26:50.593+0000] {logging_mixin.py:190} INFO - [2025-04-04T19:26:50.593+0000] {dag.py:3239} INFO - Sync 1 DAGs
[2025-04-04T19:26:50.615+0000] {logging_mixin.py:190} INFO - [2025-04-04T19:26:50.615+0000] {dag.py:4180} INFO - Setting next_dagrun for latest_only to 2025-04-04 12:00:00+00:00, run_after=2025-04-04 16:00:00+00:00
[2025-04-04T19:26:50.634+0000] {processor.py:208} INFO - Processing /home/airflow/.local/lib/python3.12/site-packages/airflow/example_dags/example_latest_only.py took 0.079 seconds
[2025-04-04T19:27:21.205+0000] {processor.py:186} INFO - Started process (PID=4689) to work on /home/airflow/.local/lib/python3.12/site-packages/airflow/example_dags/example_latest_only.py
[2025-04-04T19:27:21.206+0000] {processor.py:914} INFO - Processing file /home/airflow/.local/lib/python3.12/site-packages/airflow/example_dags/example_latest_only.py for tasks to queue
[2025-04-04T19:27:21.209+0000] {logging_mixin.py:190} INFO - [2025-04-04T19:27:21.208+0000] {dagbag.py:588} INFO - Filling up the DagBag from /home/airflow/.local/lib/python3.12/site-packages/airflow/example_dags/example_latest_only.py
[2025-04-04T19:27:21.219+0000] {processor.py:925} INFO - DAG(s) 'latest_only' retrieved from /home/airflow/.local/lib/python3.12/site-packages/airflow/example_dags/example_latest_only.py
[2025-04-04T19:27:21.246+0000] {logging_mixin.py:190} INFO - [2025-04-04T19:27:21.246+0000] {dag.py:3239} INFO - Sync 1 DAGs
[2025-04-04T19:27:21.281+0000] {logging_mixin.py:190} INFO - [2025-04-04T19:27:21.281+0000] {dag.py:4180} INFO - Setting next_dagrun for latest_only to 2025-04-04 12:00:00+00:00, run_after=2025-04-04 16:00:00+00:00
[2025-04-04T19:27:21.308+0000] {processor.py:208} INFO - Processing /home/airflow/.local/lib/python3.12/site-packages/airflow/example_dags/example_latest_only.py took 0.110 seconds
[2025-04-04T19:27:52.446+0000] {processor.py:186} INFO - Started process (PID=4755) to work on /home/airflow/.local/lib/python3.12/site-packages/airflow/example_dags/example_latest_only.py
[2025-04-04T19:27:52.447+0000] {processor.py:914} INFO - Processing file /home/airflow/.local/lib/python3.12/site-packages/airflow/example_dags/example_latest_only.py for tasks to queue
[2025-04-04T19:27:52.451+0000] {logging_mixin.py:190} INFO - [2025-04-04T19:27:52.450+0000] {dagbag.py:588} INFO - Filling up the DagBag from /home/airflow/.local/lib/python3.12/site-packages/airflow/example_dags/example_latest_only.py
[2025-04-04T19:27:52.460+0000] {processor.py:925} INFO - DAG(s) 'latest_only' retrieved from /home/airflow/.local/lib/python3.12/site-packages/airflow/example_dags/example_latest_only.py
[2025-04-04T19:27:52.482+0000] {logging_mixin.py:190} INFO - [2025-04-04T19:27:52.482+0000] {dag.py:3239} INFO - Sync 1 DAGs
[2025-04-04T19:27:52.509+0000] {logging_mixin.py:190} INFO - [2025-04-04T19:27:52.508+0000] {dag.py:4180} INFO - Setting next_dagrun for latest_only to 2025-04-04 12:00:00+00:00, run_after=2025-04-04 16:00:00+00:00
[2025-04-04T19:27:52.532+0000] {processor.py:208} INFO - Processing /home/airflow/.local/lib/python3.12/site-packages/airflow/example_dags/example_latest_only.py took 0.093 seconds
[2025-04-04T19:28:23.016+0000] {processor.py:186} INFO - Started process (PID=4820) to work on /home/airflow/.local/lib/python3.12/site-packages/airflow/example_dags/example_latest_only.py
[2025-04-04T19:28:23.017+0000] {processor.py:914} INFO - Processing file /home/airflow/.local/lib/python3.12/site-packages/airflow/example_dags/example_latest_only.py for tasks to queue
[2025-04-04T19:28:23.019+0000] {logging_mixin.py:190} INFO - [2025-04-04T19:28:23.019+0000] {dagbag.py:588} INFO - Filling up the DagBag from /home/airflow/.local/lib/python3.12/site-packages/airflow/example_dags/example_latest_only.py
[2025-04-04T19:28:23.026+0000] {processor.py:925} INFO - DAG(s) 'latest_only' retrieved from /home/airflow/.local/lib/python3.12/site-packages/airflow/example_dags/example_latest_only.py
[2025-04-04T19:28:23.044+0000] {logging_mixin.py:190} INFO - [2025-04-04T19:28:23.044+0000] {dag.py:3239} INFO - Sync 1 DAGs
[2025-04-04T19:28:23.066+0000] {logging_mixin.py:190} INFO - [2025-04-04T19:28:23.066+0000] {dag.py:4180} INFO - Setting next_dagrun for latest_only to 2025-04-04 12:00:00+00:00, run_after=2025-04-04 16:00:00+00:00
[2025-04-04T19:28:23.083+0000] {processor.py:208} INFO - Processing /home/airflow/.local/lib/python3.12/site-packages/airflow/example_dags/example_latest_only.py took 0.073 seconds
[2025-04-04T19:28:53.276+0000] {processor.py:186} INFO - Started process (PID=4885) to work on /home/airflow/.local/lib/python3.12/site-packages/airflow/example_dags/example_latest_only.py
[2025-04-04T19:28:53.278+0000] {processor.py:914} INFO - Processing file /home/airflow/.local/lib/python3.12/site-packages/airflow/example_dags/example_latest_only.py for tasks to queue
[2025-04-04T19:28:53.280+0000] {logging_mixin.py:190} INFO - [2025-04-04T19:28:53.280+0000] {dagbag.py:588} INFO - Filling up the DagBag from /home/airflow/.local/lib/python3.12/site-packages/airflow/example_dags/example_latest_only.py
[2025-04-04T19:28:53.287+0000] {processor.py:925} INFO - DAG(s) 'latest_only' retrieved from /home/airflow/.local/lib/python3.12/site-packages/airflow/example_dags/example_latest_only.py
[2025-04-04T19:28:53.308+0000] {logging_mixin.py:190} INFO - [2025-04-04T19:28:53.308+0000] {dag.py:3239} INFO - Sync 1 DAGs
[2025-04-04T19:28:53.331+0000] {logging_mixin.py:190} INFO - [2025-04-04T19:28:53.330+0000] {dag.py:4180} INFO - Setting next_dagrun for latest_only to 2025-04-04 12:00:00+00:00, run_after=2025-04-04 16:00:00+00:00
[2025-04-04T19:28:53.347+0000] {processor.py:208} INFO - Processing /home/airflow/.local/lib/python3.12/site-packages/airflow/example_dags/example_latest_only.py took 0.076 seconds
[2025-04-04T19:29:23.473+0000] {processor.py:186} INFO - Started process (PID=4950) to work on /home/airflow/.local/lib/python3.12/site-packages/airflow/example_dags/example_latest_only.py
[2025-04-04T19:29:23.474+0000] {processor.py:914} INFO - Processing file /home/airflow/.local/lib/python3.12/site-packages/airflow/example_dags/example_latest_only.py for tasks to queue
[2025-04-04T19:29:23.476+0000] {logging_mixin.py:190} INFO - [2025-04-04T19:29:23.476+0000] {dagbag.py:588} INFO - Filling up the DagBag from /home/airflow/.local/lib/python3.12/site-packages/airflow/example_dags/example_latest_only.py
[2025-04-04T19:29:23.485+0000] {processor.py:925} INFO - DAG(s) 'latest_only' retrieved from /home/airflow/.local/lib/python3.12/site-packages/airflow/example_dags/example_latest_only.py
[2025-04-04T19:29:23.506+0000] {logging_mixin.py:190} INFO - [2025-04-04T19:29:23.506+0000] {dag.py:3239} INFO - Sync 1 DAGs
[2025-04-04T19:29:23.537+0000] {logging_mixin.py:190} INFO - [2025-04-04T19:29:23.536+0000] {dag.py:4180} INFO - Setting next_dagrun for latest_only to 2025-04-04 12:00:00+00:00, run_after=2025-04-04 16:00:00+00:00
[2025-04-04T19:29:23.559+0000] {processor.py:208} INFO - Processing /home/airflow/.local/lib/python3.12/site-packages/airflow/example_dags/example_latest_only.py took 0.091 seconds
[2025-04-04T19:29:53.799+0000] {processor.py:186} INFO - Started process (PID=5015) to work on /home/airflow/.local/lib/python3.12/site-packages/airflow/example_dags/example_latest_only.py
[2025-04-04T19:29:53.799+0000] {processor.py:914} INFO - Processing file /home/airflow/.local/lib/python3.12/site-packages/airflow/example_dags/example_latest_only.py for tasks to queue
[2025-04-04T19:29:53.802+0000] {logging_mixin.py:190} INFO - [2025-04-04T19:29:53.801+0000] {dagbag.py:588} INFO - Filling up the DagBag from /home/airflow/.local/lib/python3.12/site-packages/airflow/example_dags/example_latest_only.py
[2025-04-04T19:29:53.808+0000] {processor.py:925} INFO - DAG(s) 'latest_only' retrieved from /home/airflow/.local/lib/python3.12/site-packages/airflow/example_dags/example_latest_only.py
[2025-04-04T19:29:53.828+0000] {logging_mixin.py:190} INFO - [2025-04-04T19:29:53.827+0000] {dag.py:3239} INFO - Sync 1 DAGs
[2025-04-04T19:29:53.854+0000] {logging_mixin.py:190} INFO - [2025-04-04T19:29:53.854+0000] {dag.py:4180} INFO - Setting next_dagrun for latest_only to 2025-04-04 12:00:00+00:00, run_after=2025-04-04 16:00:00+00:00
[2025-04-04T19:29:53.874+0000] {processor.py:208} INFO - Processing /home/airflow/.local/lib/python3.12/site-packages/airflow/example_dags/example_latest_only.py took 0.080 seconds
[2025-04-04T19:30:24.289+0000] {processor.py:186} INFO - Started process (PID=5080) to work on /home/airflow/.local/lib/python3.12/site-packages/airflow/example_dags/example_latest_only.py
[2025-04-04T19:30:24.290+0000] {processor.py:914} INFO - Processing file /home/airflow/.local/lib/python3.12/site-packages/airflow/example_dags/example_latest_only.py for tasks to queue
[2025-04-04T19:30:24.293+0000] {logging_mixin.py:190} INFO - [2025-04-04T19:30:24.292+0000] {dagbag.py:588} INFO - Filling up the DagBag from /home/airflow/.local/lib/python3.12/site-packages/airflow/example_dags/example_latest_only.py
[2025-04-04T19:30:24.300+0000] {processor.py:925} INFO - DAG(s) 'latest_only' retrieved from /home/airflow/.local/lib/python3.12/site-packages/airflow/example_dags/example_latest_only.py
[2025-04-04T19:30:24.319+0000] {logging_mixin.py:190} INFO - [2025-04-04T19:30:24.319+0000] {dag.py:3239} INFO - Sync 1 DAGs
[2025-04-04T19:30:24.339+0000] {logging_mixin.py:190} INFO - [2025-04-04T19:30:24.339+0000] {dag.py:4180} INFO - Setting next_dagrun for latest_only to 2025-04-04 12:00:00+00:00, run_after=2025-04-04 16:00:00+00:00
[2025-04-04T19:30:24.354+0000] {processor.py:208} INFO - Processing /home/airflow/.local/lib/python3.12/site-packages/airflow/example_dags/example_latest_only.py took 0.070 seconds
[2025-04-04T19:30:55.004+0000] {processor.py:186} INFO - Started process (PID=5145) to work on /home/airflow/.local/lib/python3.12/site-packages/airflow/example_dags/example_latest_only.py
[2025-04-04T19:30:55.005+0000] {processor.py:914} INFO - Processing file /home/airflow/.local/lib/python3.12/site-packages/airflow/example_dags/example_latest_only.py for tasks to queue
[2025-04-04T19:30:55.008+0000] {logging_mixin.py:190} INFO - [2025-04-04T19:30:55.007+0000] {dagbag.py:588} INFO - Filling up the DagBag from /home/airflow/.local/lib/python3.12/site-packages/airflow/example_dags/example_latest_only.py
[2025-04-04T19:30:55.014+0000] {processor.py:925} INFO - DAG(s) 'latest_only' retrieved from /home/airflow/.local/lib/python3.12/site-packages/airflow/example_dags/example_latest_only.py
[2025-04-04T19:30:55.034+0000] {logging_mixin.py:190} INFO - [2025-04-04T19:30:55.034+0000] {dag.py:3239} INFO - Sync 1 DAGs
[2025-04-04T19:30:55.057+0000] {logging_mixin.py:190} INFO - [2025-04-04T19:30:55.057+0000] {dag.py:4180} INFO - Setting next_dagrun for latest_only to 2025-04-04 12:00:00+00:00, run_after=2025-04-04 16:00:00+00:00
[2025-04-04T19:30:55.074+0000] {processor.py:208} INFO - Processing /home/airflow/.local/lib/python3.12/site-packages/airflow/example_dags/example_latest_only.py took 0.076 seconds
[2025-04-04T19:31:25.516+0000] {processor.py:186} INFO - Started process (PID=5210) to work on /home/airflow/.local/lib/python3.12/site-packages/airflow/example_dags/example_latest_only.py
[2025-04-04T19:31:25.517+0000] {processor.py:914} INFO - Processing file /home/airflow/.local/lib/python3.12/site-packages/airflow/example_dags/example_latest_only.py for tasks to queue
[2025-04-04T19:31:25.519+0000] {logging_mixin.py:190} INFO - [2025-04-04T19:31:25.519+0000] {dagbag.py:588} INFO - Filling up the DagBag from /home/airflow/.local/lib/python3.12/site-packages/airflow/example_dags/example_latest_only.py
[2025-04-04T19:31:25.525+0000] {processor.py:925} INFO - DAG(s) 'latest_only' retrieved from /home/airflow/.local/lib/python3.12/site-packages/airflow/example_dags/example_latest_only.py
[2025-04-04T19:31:25.543+0000] {logging_mixin.py:190} INFO - [2025-04-04T19:31:25.543+0000] {dag.py:3239} INFO - Sync 1 DAGs
[2025-04-04T19:31:25.564+0000] {logging_mixin.py:190} INFO - [2025-04-04T19:31:25.564+0000] {dag.py:4180} INFO - Setting next_dagrun for latest_only to 2025-04-04 12:00:00+00:00, run_after=2025-04-04 16:00:00+00:00
[2025-04-04T19:31:25.580+0000] {processor.py:208} INFO - Processing /home/airflow/.local/lib/python3.12/site-packages/airflow/example_dags/example_latest_only.py took 0.069 seconds
[2025-04-04T19:31:55.708+0000] {processor.py:186} INFO - Started process (PID=5276) to work on /home/airflow/.local/lib/python3.12/site-packages/airflow/example_dags/example_latest_only.py
[2025-04-04T19:31:55.709+0000] {processor.py:914} INFO - Processing file /home/airflow/.local/lib/python3.12/site-packages/airflow/example_dags/example_latest_only.py for tasks to queue
[2025-04-04T19:31:55.711+0000] {logging_mixin.py:190} INFO - [2025-04-04T19:31:55.711+0000] {dagbag.py:588} INFO - Filling up the DagBag from /home/airflow/.local/lib/python3.12/site-packages/airflow/example_dags/example_latest_only.py
[2025-04-04T19:31:55.718+0000] {processor.py:925} INFO - DAG(s) 'latest_only' retrieved from /home/airflow/.local/lib/python3.12/site-packages/airflow/example_dags/example_latest_only.py
[2025-04-04T19:31:55.739+0000] {logging_mixin.py:190} INFO - [2025-04-04T19:31:55.739+0000] {dag.py:3239} INFO - Sync 1 DAGs
[2025-04-04T19:31:55.761+0000] {logging_mixin.py:190} INFO - [2025-04-04T19:31:55.761+0000] {dag.py:4180} INFO - Setting next_dagrun for latest_only to 2025-04-04 12:00:00+00:00, run_after=2025-04-04 16:00:00+00:00
[2025-04-04T19:31:55.777+0000] {processor.py:208} INFO - Processing /home/airflow/.local/lib/python3.12/site-packages/airflow/example_dags/example_latest_only.py took 0.074 seconds
[2025-04-04T19:32:26.188+0000] {processor.py:186} INFO - Started process (PID=5341) to work on /home/airflow/.local/lib/python3.12/site-packages/airflow/example_dags/example_latest_only.py
[2025-04-04T19:32:26.189+0000] {processor.py:914} INFO - Processing file /home/airflow/.local/lib/python3.12/site-packages/airflow/example_dags/example_latest_only.py for tasks to queue
[2025-04-04T19:32:26.192+0000] {logging_mixin.py:190} INFO - [2025-04-04T19:32:26.192+0000] {dagbag.py:588} INFO - Filling up the DagBag from /home/airflow/.local/lib/python3.12/site-packages/airflow/example_dags/example_latest_only.py
[2025-04-04T19:32:26.199+0000] {processor.py:925} INFO - DAG(s) 'latest_only' retrieved from /home/airflow/.local/lib/python3.12/site-packages/airflow/example_dags/example_latest_only.py
[2025-04-04T19:32:26.217+0000] {logging_mixin.py:190} INFO - [2025-04-04T19:32:26.217+0000] {dag.py:3239} INFO - Sync 1 DAGs
[2025-04-04T19:32:26.238+0000] {logging_mixin.py:190} INFO - [2025-04-04T19:32:26.238+0000] {dag.py:4180} INFO - Setting next_dagrun for latest_only to 2025-04-04 12:00:00+00:00, run_after=2025-04-04 16:00:00+00:00
[2025-04-04T19:32:26.254+0000] {processor.py:208} INFO - Processing /home/airflow/.local/lib/python3.12/site-packages/airflow/example_dags/example_latest_only.py took 0.071 seconds
[2025-04-04T19:32:56.900+0000] {processor.py:186} INFO - Started process (PID=5406) to work on /home/airflow/.local/lib/python3.12/site-packages/airflow/example_dags/example_latest_only.py
[2025-04-04T19:32:56.901+0000] {processor.py:914} INFO - Processing file /home/airflow/.local/lib/python3.12/site-packages/airflow/example_dags/example_latest_only.py for tasks to queue
[2025-04-04T19:32:56.904+0000] {logging_mixin.py:190} INFO - [2025-04-04T19:32:56.904+0000] {dagbag.py:588} INFO - Filling up the DagBag from /home/airflow/.local/lib/python3.12/site-packages/airflow/example_dags/example_latest_only.py
[2025-04-04T19:32:56.912+0000] {processor.py:925} INFO - DAG(s) 'latest_only' retrieved from /home/airflow/.local/lib/python3.12/site-packages/airflow/example_dags/example_latest_only.py
[2025-04-04T19:32:56.938+0000] {logging_mixin.py:190} INFO - [2025-04-04T19:32:56.938+0000] {dag.py:3239} INFO - Sync 1 DAGs
[2025-04-04T19:32:56.965+0000] {logging_mixin.py:190} INFO - [2025-04-04T19:32:56.964+0000] {dag.py:4180} INFO - Setting next_dagrun for latest_only to 2025-04-04 12:00:00+00:00, run_after=2025-04-04 16:00:00+00:00
[2025-04-04T19:32:56.985+0000] {processor.py:208} INFO - Processing /home/airflow/.local/lib/python3.12/site-packages/airflow/example_dags/example_latest_only.py took 0.091 seconds
[2025-04-04T19:33:27.190+0000] {processor.py:186} INFO - Started process (PID=5471) to work on /home/airflow/.local/lib/python3.12/site-packages/airflow/example_dags/example_latest_only.py
[2025-04-04T19:33:27.191+0000] {processor.py:914} INFO - Processing file /home/airflow/.local/lib/python3.12/site-packages/airflow/example_dags/example_latest_only.py for tasks to queue
[2025-04-04T19:33:27.193+0000] {logging_mixin.py:190} INFO - [2025-04-04T19:33:27.193+0000] {dagbag.py:588} INFO - Filling up the DagBag from /home/airflow/.local/lib/python3.12/site-packages/airflow/example_dags/example_latest_only.py
[2025-04-04T19:33:27.200+0000] {processor.py:925} INFO - DAG(s) 'latest_only' retrieved from /home/airflow/.local/lib/python3.12/site-packages/airflow/example_dags/example_latest_only.py
[2025-04-04T19:33:27.221+0000] {logging_mixin.py:190} INFO - [2025-04-04T19:33:27.220+0000] {dag.py:3239} INFO - Sync 1 DAGs
[2025-04-04T19:33:27.243+0000] {logging_mixin.py:190} INFO - [2025-04-04T19:33:27.243+0000] {dag.py:4180} INFO - Setting next_dagrun for latest_only to 2025-04-04 12:00:00+00:00, run_after=2025-04-04 16:00:00+00:00
[2025-04-04T19:33:27.261+0000] {processor.py:208} INFO - Processing /home/airflow/.local/lib/python3.12/site-packages/airflow/example_dags/example_latest_only.py took 0.076 seconds
[2025-04-04T19:33:57.431+0000] {processor.py:186} INFO - Started process (PID=5536) to work on /home/airflow/.local/lib/python3.12/site-packages/airflow/example_dags/example_latest_only.py
[2025-04-04T19:33:57.432+0000] {processor.py:914} INFO - Processing file /home/airflow/.local/lib/python3.12/site-packages/airflow/example_dags/example_latest_only.py for tasks to queue
[2025-04-04T19:33:57.434+0000] {logging_mixin.py:190} INFO - [2025-04-04T19:33:57.434+0000] {dagbag.py:588} INFO - Filling up the DagBag from /home/airflow/.local/lib/python3.12/site-packages/airflow/example_dags/example_latest_only.py
[2025-04-04T19:33:57.441+0000] {processor.py:925} INFO - DAG(s) 'latest_only' retrieved from /home/airflow/.local/lib/python3.12/site-packages/airflow/example_dags/example_latest_only.py
[2025-04-04T19:33:57.459+0000] {logging_mixin.py:190} INFO - [2025-04-04T19:33:57.458+0000] {dag.py:3239} INFO - Sync 1 DAGs
[2025-04-04T19:33:57.481+0000] {logging_mixin.py:190} INFO - [2025-04-04T19:33:57.481+0000] {dag.py:4180} INFO - Setting next_dagrun for latest_only to 2025-04-04 12:00:00+00:00, run_after=2025-04-04 16:00:00+00:00
[2025-04-04T19:33:57.499+0000] {processor.py:208} INFO - Processing /home/airflow/.local/lib/python3.12/site-packages/airflow/example_dags/example_latest_only.py took 0.073 seconds
[2025-04-04T19:34:27.892+0000] {processor.py:186} INFO - Started process (PID=5601) to work on /home/airflow/.local/lib/python3.12/site-packages/airflow/example_dags/example_latest_only.py
[2025-04-04T19:34:27.893+0000] {processor.py:914} INFO - Processing file /home/airflow/.local/lib/python3.12/site-packages/airflow/example_dags/example_latest_only.py for tasks to queue
[2025-04-04T19:34:27.895+0000] {logging_mixin.py:190} INFO - [2025-04-04T19:34:27.895+0000] {dagbag.py:588} INFO - Filling up the DagBag from /home/airflow/.local/lib/python3.12/site-packages/airflow/example_dags/example_latest_only.py
[2025-04-04T19:34:27.902+0000] {processor.py:925} INFO - DAG(s) 'latest_only' retrieved from /home/airflow/.local/lib/python3.12/site-packages/airflow/example_dags/example_latest_only.py
[2025-04-04T19:34:27.923+0000] {logging_mixin.py:190} INFO - [2025-04-04T19:34:27.922+0000] {dag.py:3239} INFO - Sync 1 DAGs
[2025-04-04T19:34:27.944+0000] {logging_mixin.py:190} INFO - [2025-04-04T19:34:27.943+0000] {dag.py:4180} INFO - Setting next_dagrun for latest_only to 2025-04-04 12:00:00+00:00, run_after=2025-04-04 16:00:00+00:00
[2025-04-04T19:34:27.960+0000] {processor.py:208} INFO - Processing /home/airflow/.local/lib/python3.12/site-packages/airflow/example_dags/example_latest_only.py took 0.074 seconds
[2025-04-04T19:34:58.313+0000] {processor.py:186} INFO - Started process (PID=5666) to work on /home/airflow/.local/lib/python3.12/site-packages/airflow/example_dags/example_latest_only.py
[2025-04-04T19:34:58.314+0000] {processor.py:914} INFO - Processing file /home/airflow/.local/lib/python3.12/site-packages/airflow/example_dags/example_latest_only.py for tasks to queue
[2025-04-04T19:34:58.317+0000] {logging_mixin.py:190} INFO - [2025-04-04T19:34:58.316+0000] {dagbag.py:588} INFO - Filling up the DagBag from /home/airflow/.local/lib/python3.12/site-packages/airflow/example_dags/example_latest_only.py
[2025-04-04T19:34:58.325+0000] {processor.py:925} INFO - DAG(s) 'latest_only' retrieved from /home/airflow/.local/lib/python3.12/site-packages/airflow/example_dags/example_latest_only.py
[2025-04-04T19:34:58.348+0000] {logging_mixin.py:190} INFO - [2025-04-04T19:34:58.347+0000] {dag.py:3239} INFO - Sync 1 DAGs
[2025-04-04T19:34:58.372+0000] {logging_mixin.py:190} INFO - [2025-04-04T19:34:58.372+0000] {dag.py:4180} INFO - Setting next_dagrun for latest_only to 2025-04-04 12:00:00+00:00, run_after=2025-04-04 16:00:00+00:00
[2025-04-04T19:34:58.389+0000] {processor.py:208} INFO - Processing /home/airflow/.local/lib/python3.12/site-packages/airflow/example_dags/example_latest_only.py took 0.083 seconds
[2025-04-04T19:35:29.109+0000] {processor.py:186} INFO - Started process (PID=5731) to work on /home/airflow/.local/lib/python3.12/site-packages/airflow/example_dags/example_latest_only.py
[2025-04-04T19:35:29.110+0000] {processor.py:914} INFO - Processing file /home/airflow/.local/lib/python3.12/site-packages/airflow/example_dags/example_latest_only.py for tasks to queue
[2025-04-04T19:35:29.113+0000] {logging_mixin.py:190} INFO - [2025-04-04T19:35:29.113+0000] {dagbag.py:588} INFO - Filling up the DagBag from /home/airflow/.local/lib/python3.12/site-packages/airflow/example_dags/example_latest_only.py
[2025-04-04T19:35:29.123+0000] {processor.py:925} INFO - DAG(s) 'latest_only' retrieved from /home/airflow/.local/lib/python3.12/site-packages/airflow/example_dags/example_latest_only.py
[2025-04-04T19:35:29.153+0000] {logging_mixin.py:190} INFO - [2025-04-04T19:35:29.153+0000] {dag.py:3239} INFO - Sync 1 DAGs
[2025-04-04T19:35:29.181+0000] {logging_mixin.py:190} INFO - [2025-04-04T19:35:29.180+0000] {dag.py:4180} INFO - Setting next_dagrun for latest_only to 2025-04-04 12:00:00+00:00, run_after=2025-04-04 16:00:00+00:00
[2025-04-04T19:35:29.202+0000] {processor.py:208} INFO - Processing /home/airflow/.local/lib/python3.12/site-packages/airflow/example_dags/example_latest_only.py took 0.100 seconds
[2025-04-04T19:35:59.728+0000] {processor.py:186} INFO - Started process (PID=5796) to work on /home/airflow/.local/lib/python3.12/site-packages/airflow/example_dags/example_latest_only.py
[2025-04-04T19:35:59.729+0000] {processor.py:914} INFO - Processing file /home/airflow/.local/lib/python3.12/site-packages/airflow/example_dags/example_latest_only.py for tasks to queue
[2025-04-04T19:35:59.731+0000] {logging_mixin.py:190} INFO - [2025-04-04T19:35:59.731+0000] {dagbag.py:588} INFO - Filling up the DagBag from /home/airflow/.local/lib/python3.12/site-packages/airflow/example_dags/example_latest_only.py
[2025-04-04T19:35:59.738+0000] {processor.py:925} INFO - DAG(s) 'latest_only' retrieved from /home/airflow/.local/lib/python3.12/site-packages/airflow/example_dags/example_latest_only.py
[2025-04-04T19:35:59.760+0000] {logging_mixin.py:190} INFO - [2025-04-04T19:35:59.760+0000] {dag.py:3239} INFO - Sync 1 DAGs
[2025-04-04T19:35:59.786+0000] {logging_mixin.py:190} INFO - [2025-04-04T19:35:59.785+0000] {dag.py:4180} INFO - Setting next_dagrun for latest_only to 2025-04-04 12:00:00+00:00, run_after=2025-04-04 16:00:00+00:00
[2025-04-04T19:35:59.803+0000] {processor.py:208} INFO - Processing /home/airflow/.local/lib/python3.12/site-packages/airflow/example_dags/example_latest_only.py took 0.082 seconds
[2025-04-04T19:36:30.075+0000] {processor.py:186} INFO - Started process (PID=5861) to work on /home/airflow/.local/lib/python3.12/site-packages/airflow/example_dags/example_latest_only.py
[2025-04-04T19:36:30.076+0000] {processor.py:914} INFO - Processing file /home/airflow/.local/lib/python3.12/site-packages/airflow/example_dags/example_latest_only.py for tasks to queue
[2025-04-04T19:36:30.078+0000] {logging_mixin.py:190} INFO - [2025-04-04T19:36:30.078+0000] {dagbag.py:588} INFO - Filling up the DagBag from /home/airflow/.local/lib/python3.12/site-packages/airflow/example_dags/example_latest_only.py
[2025-04-04T19:36:30.085+0000] {processor.py:925} INFO - DAG(s) 'latest_only' retrieved from /home/airflow/.local/lib/python3.12/site-packages/airflow/example_dags/example_latest_only.py
[2025-04-04T19:36:30.105+0000] {logging_mixin.py:190} INFO - [2025-04-04T19:36:30.104+0000] {dag.py:3239} INFO - Sync 1 DAGs
[2025-04-04T19:36:30.129+0000] {logging_mixin.py:190} INFO - [2025-04-04T19:36:30.129+0000] {dag.py:4180} INFO - Setting next_dagrun for latest_only to 2025-04-04 12:00:00+00:00, run_after=2025-04-04 16:00:00+00:00
[2025-04-04T19:36:30.146+0000] {processor.py:208} INFO - Processing /home/airflow/.local/lib/python3.12/site-packages/airflow/example_dags/example_latest_only.py took 0.077 seconds
[2025-04-04T19:37:00.208+0000] {processor.py:186} INFO - Started process (PID=5926) to work on /home/airflow/.local/lib/python3.12/site-packages/airflow/example_dags/example_latest_only.py
[2025-04-04T19:37:00.209+0000] {processor.py:914} INFO - Processing file /home/airflow/.local/lib/python3.12/site-packages/airflow/example_dags/example_latest_only.py for tasks to queue
[2025-04-04T19:37:00.211+0000] {logging_mixin.py:190} INFO - [2025-04-04T19:37:00.210+0000] {dagbag.py:588} INFO - Filling up the DagBag from /home/airflow/.local/lib/python3.12/site-packages/airflow/example_dags/example_latest_only.py
[2025-04-04T19:37:00.218+0000] {processor.py:925} INFO - DAG(s) 'latest_only' retrieved from /home/airflow/.local/lib/python3.12/site-packages/airflow/example_dags/example_latest_only.py
[2025-04-04T19:37:00.236+0000] {logging_mixin.py:190} INFO - [2025-04-04T19:37:00.236+0000] {dag.py:3239} INFO - Sync 1 DAGs
[2025-04-04T19:37:00.258+0000] {logging_mixin.py:190} INFO - [2025-04-04T19:37:00.258+0000] {dag.py:4180} INFO - Setting next_dagrun for latest_only to 2025-04-04 12:00:00+00:00, run_after=2025-04-04 16:00:00+00:00
[2025-04-04T19:37:00.273+0000] {processor.py:208} INFO - Processing /home/airflow/.local/lib/python3.12/site-packages/airflow/example_dags/example_latest_only.py took 0.071 seconds
[2025-04-04T19:39:57.975+0000] {processor.py:186} INFO - Started process (PID=46) to work on /home/airflow/.local/lib/python3.12/site-packages/airflow/example_dags/example_latest_only.py
[2025-04-04T19:39:57.976+0000] {processor.py:914} INFO - Processing file /home/airflow/.local/lib/python3.12/site-packages/airflow/example_dags/example_latest_only.py for tasks to queue
[2025-04-04T19:39:57.978+0000] {logging_mixin.py:190} INFO - [2025-04-04T19:39:57.978+0000] {dagbag.py:588} INFO - Filling up the DagBag from /home/airflow/.local/lib/python3.12/site-packages/airflow/example_dags/example_latest_only.py
[2025-04-04T19:39:57.986+0000] {processor.py:925} INFO - DAG(s) 'latest_only' retrieved from /home/airflow/.local/lib/python3.12/site-packages/airflow/example_dags/example_latest_only.py
[2025-04-04T19:39:58.015+0000] {logging_mixin.py:190} INFO - [2025-04-04T19:39:58.015+0000] {dag.py:3239} INFO - Sync 1 DAGs
[2025-04-04T19:39:58.041+0000] {logging_mixin.py:190} INFO - [2025-04-04T19:39:58.041+0000] {dag.py:4180} INFO - Setting next_dagrun for latest_only to 2025-04-04 12:00:00+00:00, run_after=2025-04-04 16:00:00+00:00
[2025-04-04T19:39:58.064+0000] {processor.py:208} INFO - Processing /home/airflow/.local/lib/python3.12/site-packages/airflow/example_dags/example_latest_only.py took 0.095 seconds
[2025-04-04T19:40:28.445+0000] {processor.py:186} INFO - Started process (PID=110) to work on /home/airflow/.local/lib/python3.12/site-packages/airflow/example_dags/example_latest_only.py
[2025-04-04T19:40:28.446+0000] {processor.py:914} INFO - Processing file /home/airflow/.local/lib/python3.12/site-packages/airflow/example_dags/example_latest_only.py for tasks to queue
[2025-04-04T19:40:28.448+0000] {logging_mixin.py:190} INFO - [2025-04-04T19:40:28.447+0000] {dagbag.py:588} INFO - Filling up the DagBag from /home/airflow/.local/lib/python3.12/site-packages/airflow/example_dags/example_latest_only.py
[2025-04-04T19:40:28.454+0000] {processor.py:925} INFO - DAG(s) 'latest_only' retrieved from /home/airflow/.local/lib/python3.12/site-packages/airflow/example_dags/example_latest_only.py
[2025-04-04T19:40:28.473+0000] {logging_mixin.py:190} INFO - [2025-04-04T19:40:28.472+0000] {dag.py:3239} INFO - Sync 1 DAGs
[2025-04-04T19:40:28.494+0000] {logging_mixin.py:190} INFO - [2025-04-04T19:40:28.494+0000] {dag.py:4180} INFO - Setting next_dagrun for latest_only to 2025-04-04 12:00:00+00:00, run_after=2025-04-04 16:00:00+00:00
[2025-04-04T19:40:28.511+0000] {processor.py:208} INFO - Processing /home/airflow/.local/lib/python3.12/site-packages/airflow/example_dags/example_latest_only.py took 0.071 seconds
[2025-04-04T19:40:58.553+0000] {processor.py:186} INFO - Started process (PID=176) to work on /home/airflow/.local/lib/python3.12/site-packages/airflow/example_dags/example_latest_only.py
[2025-04-04T19:40:58.554+0000] {processor.py:914} INFO - Processing file /home/airflow/.local/lib/python3.12/site-packages/airflow/example_dags/example_latest_only.py for tasks to queue
[2025-04-04T19:40:58.557+0000] {logging_mixin.py:190} INFO - [2025-04-04T19:40:58.556+0000] {dagbag.py:588} INFO - Filling up the DagBag from /home/airflow/.local/lib/python3.12/site-packages/airflow/example_dags/example_latest_only.py
[2025-04-04T19:40:58.565+0000] {processor.py:925} INFO - DAG(s) 'latest_only' retrieved from /home/airflow/.local/lib/python3.12/site-packages/airflow/example_dags/example_latest_only.py
[2025-04-04T19:40:58.585+0000] {logging_mixin.py:190} INFO - [2025-04-04T19:40:58.584+0000] {dag.py:3239} INFO - Sync 1 DAGs
[2025-04-04T19:40:58.609+0000] {logging_mixin.py:190} INFO - [2025-04-04T19:40:58.609+0000] {dag.py:4180} INFO - Setting next_dagrun for latest_only to 2025-04-04 12:00:00+00:00, run_after=2025-04-04 16:00:00+00:00
[2025-04-04T19:40:58.626+0000] {processor.py:208} INFO - Processing /home/airflow/.local/lib/python3.12/site-packages/airflow/example_dags/example_latest_only.py took 0.077 seconds
