[2025-04-04T19:07:20.084+0000] {processor.py:186} INFO - Started process (PID=2173) to work on /home/airflow/.local/lib/python3.12/site-packages/airflow/example_dags/example_latest_only_with_trigger.py
[2025-04-04T19:07:20.085+0000] {processor.py:914} INFO - Processing file /home/airflow/.local/lib/python3.12/site-packages/airflow/example_dags/example_latest_only_with_trigger.py for tasks to queue
[2025-04-04T19:07:20.087+0000] {logging_mixin.py:190} INFO - [2025-04-04T19:07:20.087+0000] {dagbag.py:588} INFO - Filling up the DagBag from /home/airflow/.local/lib/python3.12/site-packages/airflow/example_dags/example_latest_only_with_trigger.py
[2025-04-04T19:07:20.095+0000] {processor.py:925} INFO - DAG(s) 'latest_only_with_trigger' retrieved from /home/airflow/.local/lib/python3.12/site-packages/airflow/example_dags/example_latest_only_with_trigger.py
[2025-04-04T19:07:20.119+0000] {logging_mixin.py:190} INFO - [2025-04-04T19:07:20.118+0000] {dag.py:3239} INFO - Sync 1 DAGs
[2025-04-04T19:07:20.143+0000] {logging_mixin.py:190} INFO - [2025-04-04T19:07:20.143+0000] {dag.py:4180} INFO - Setting next_dagrun for latest_only_with_trigger to 2025-04-04 12:00:00+00:00, run_after=2025-04-04 16:00:00+00:00
[2025-04-04T19:07:20.162+0000] {processor.py:208} INFO - Processing /home/airflow/.local/lib/python3.12/site-packages/airflow/example_dags/example_latest_only_with_trigger.py took 0.084 seconds
[2025-04-04T19:07:51.302+0000] {processor.py:186} INFO - Started process (PID=2238) to work on /home/airflow/.local/lib/python3.12/site-packages/airflow/example_dags/example_latest_only_with_trigger.py
[2025-04-04T19:07:51.303+0000] {processor.py:914} INFO - Processing file /home/airflow/.local/lib/python3.12/site-packages/airflow/example_dags/example_latest_only_with_trigger.py for tasks to queue
[2025-04-04T19:07:51.305+0000] {logging_mixin.py:190} INFO - [2025-04-04T19:07:51.304+0000] {dagbag.py:588} INFO - Filling up the DagBag from /home/airflow/.local/lib/python3.12/site-packages/airflow/example_dags/example_latest_only_with_trigger.py
[2025-04-04T19:07:51.313+0000] {processor.py:925} INFO - DAG(s) 'latest_only_with_trigger' retrieved from /home/airflow/.local/lib/python3.12/site-packages/airflow/example_dags/example_latest_only_with_trigger.py
[2025-04-04T19:07:51.334+0000] {logging_mixin.py:190} INFO - [2025-04-04T19:07:51.333+0000] {dag.py:3239} INFO - Sync 1 DAGs
[2025-04-04T19:07:51.358+0000] {logging_mixin.py:190} INFO - [2025-04-04T19:07:51.358+0000] {dag.py:4180} INFO - Setting next_dagrun for latest_only_with_trigger to 2025-04-04 12:00:00+00:00, run_after=2025-04-04 16:00:00+00:00
[2025-04-04T19:07:51.380+0000] {processor.py:208} INFO - Processing /home/airflow/.local/lib/python3.12/site-packages/airflow/example_dags/example_latest_only_with_trigger.py took 0.083 seconds
[2025-04-04T19:08:22.308+0000] {processor.py:186} INFO - Started process (PID=2302) to work on /home/airflow/.local/lib/python3.12/site-packages/airflow/example_dags/example_latest_only_with_trigger.py
[2025-04-04T19:08:22.309+0000] {processor.py:914} INFO - Processing file /home/airflow/.local/lib/python3.12/site-packages/airflow/example_dags/example_latest_only_with_trigger.py for tasks to queue
[2025-04-04T19:08:22.311+0000] {logging_mixin.py:190} INFO - [2025-04-04T19:08:22.311+0000] {dagbag.py:588} INFO - Filling up the DagBag from /home/airflow/.local/lib/python3.12/site-packages/airflow/example_dags/example_latest_only_with_trigger.py
[2025-04-04T19:08:22.319+0000] {processor.py:925} INFO - DAG(s) 'latest_only_with_trigger' retrieved from /home/airflow/.local/lib/python3.12/site-packages/airflow/example_dags/example_latest_only_with_trigger.py
[2025-04-04T19:08:22.340+0000] {logging_mixin.py:190} INFO - [2025-04-04T19:08:22.340+0000] {dag.py:3239} INFO - Sync 1 DAGs
[2025-04-04T19:08:22.364+0000] {logging_mixin.py:190} INFO - [2025-04-04T19:08:22.364+0000] {dag.py:4180} INFO - Setting next_dagrun for latest_only_with_trigger to 2025-04-04 12:00:00+00:00, run_after=2025-04-04 16:00:00+00:00
[2025-04-04T19:08:22.382+0000] {processor.py:208} INFO - Processing /home/airflow/.local/lib/python3.12/site-packages/airflow/example_dags/example_latest_only_with_trigger.py took 0.079 seconds
[2025-04-04T19:08:53.754+0000] {processor.py:186} INFO - Started process (PID=2366) to work on /home/airflow/.local/lib/python3.12/site-packages/airflow/example_dags/example_latest_only_with_trigger.py
[2025-04-04T19:08:53.755+0000] {processor.py:914} INFO - Processing file /home/airflow/.local/lib/python3.12/site-packages/airflow/example_dags/example_latest_only_with_trigger.py for tasks to queue
[2025-04-04T19:08:53.758+0000] {logging_mixin.py:190} INFO - [2025-04-04T19:08:53.757+0000] {dagbag.py:588} INFO - Filling up the DagBag from /home/airflow/.local/lib/python3.12/site-packages/airflow/example_dags/example_latest_only_with_trigger.py
[2025-04-04T19:08:53.765+0000] {processor.py:925} INFO - DAG(s) 'latest_only_with_trigger' retrieved from /home/airflow/.local/lib/python3.12/site-packages/airflow/example_dags/example_latest_only_with_trigger.py
[2025-04-04T19:08:53.784+0000] {logging_mixin.py:190} INFO - [2025-04-04T19:08:53.784+0000] {dag.py:3239} INFO - Sync 1 DAGs
[2025-04-04T19:08:53.806+0000] {logging_mixin.py:190} INFO - [2025-04-04T19:08:53.806+0000] {dag.py:4180} INFO - Setting next_dagrun for latest_only_with_trigger to 2025-04-04 12:00:00+00:00, run_after=2025-04-04 16:00:00+00:00
[2025-04-04T19:08:53.824+0000] {processor.py:208} INFO - Processing /home/airflow/.local/lib/python3.12/site-packages/airflow/example_dags/example_latest_only_with_trigger.py took 0.075 seconds
[2025-04-04T19:09:24.906+0000] {processor.py:186} INFO - Started process (PID=2430) to work on /home/airflow/.local/lib/python3.12/site-packages/airflow/example_dags/example_latest_only_with_trigger.py
[2025-04-04T19:09:24.907+0000] {processor.py:914} INFO - Processing file /home/airflow/.local/lib/python3.12/site-packages/airflow/example_dags/example_latest_only_with_trigger.py for tasks to queue
[2025-04-04T19:09:24.909+0000] {logging_mixin.py:190} INFO - [2025-04-04T19:09:24.909+0000] {dagbag.py:588} INFO - Filling up the DagBag from /home/airflow/.local/lib/python3.12/site-packages/airflow/example_dags/example_latest_only_with_trigger.py
[2025-04-04T19:09:24.918+0000] {processor.py:925} INFO - DAG(s) 'latest_only_with_trigger' retrieved from /home/airflow/.local/lib/python3.12/site-packages/airflow/example_dags/example_latest_only_with_trigger.py
[2025-04-04T19:09:24.939+0000] {logging_mixin.py:190} INFO - [2025-04-04T19:09:24.939+0000] {dag.py:3239} INFO - Sync 1 DAGs
[2025-04-04T19:09:24.961+0000] {logging_mixin.py:190} INFO - [2025-04-04T19:09:24.961+0000] {dag.py:4180} INFO - Setting next_dagrun for latest_only_with_trigger to 2025-04-04 12:00:00+00:00, run_after=2025-04-04 16:00:00+00:00
[2025-04-04T19:09:24.979+0000] {processor.py:208} INFO - Processing /home/airflow/.local/lib/python3.12/site-packages/airflow/example_dags/example_latest_only_with_trigger.py took 0.079 seconds
[2025-04-04T19:09:55.826+0000] {processor.py:186} INFO - Started process (PID=2494) to work on /home/airflow/.local/lib/python3.12/site-packages/airflow/example_dags/example_latest_only_with_trigger.py
[2025-04-04T19:09:55.828+0000] {processor.py:914} INFO - Processing file /home/airflow/.local/lib/python3.12/site-packages/airflow/example_dags/example_latest_only_with_trigger.py for tasks to queue
[2025-04-04T19:09:55.831+0000] {logging_mixin.py:190} INFO - [2025-04-04T19:09:55.830+0000] {dagbag.py:588} INFO - Filling up the DagBag from /home/airflow/.local/lib/python3.12/site-packages/airflow/example_dags/example_latest_only_with_trigger.py
[2025-04-04T19:09:55.839+0000] {processor.py:925} INFO - DAG(s) 'latest_only_with_trigger' retrieved from /home/airflow/.local/lib/python3.12/site-packages/airflow/example_dags/example_latest_only_with_trigger.py
[2025-04-04T19:09:55.863+0000] {logging_mixin.py:190} INFO - [2025-04-04T19:09:55.863+0000] {dag.py:3239} INFO - Sync 1 DAGs
[2025-04-04T19:09:55.892+0000] {logging_mixin.py:190} INFO - [2025-04-04T19:09:55.892+0000] {dag.py:4180} INFO - Setting next_dagrun for latest_only_with_trigger to 2025-04-04 12:00:00+00:00, run_after=2025-04-04 16:00:00+00:00
[2025-04-04T19:09:55.914+0000] {processor.py:208} INFO - Processing /home/airflow/.local/lib/python3.12/site-packages/airflow/example_dags/example_latest_only_with_trigger.py took 0.094 seconds
[2025-04-04T19:10:26.644+0000] {processor.py:186} INFO - Started process (PID=2558) to work on /home/airflow/.local/lib/python3.12/site-packages/airflow/example_dags/example_latest_only_with_trigger.py
[2025-04-04T19:10:26.645+0000] {processor.py:914} INFO - Processing file /home/airflow/.local/lib/python3.12/site-packages/airflow/example_dags/example_latest_only_with_trigger.py for tasks to queue
[2025-04-04T19:10:26.647+0000] {logging_mixin.py:190} INFO - [2025-04-04T19:10:26.647+0000] {dagbag.py:588} INFO - Filling up the DagBag from /home/airflow/.local/lib/python3.12/site-packages/airflow/example_dags/example_latest_only_with_trigger.py
[2025-04-04T19:10:26.654+0000] {processor.py:925} INFO - DAG(s) 'latest_only_with_trigger' retrieved from /home/airflow/.local/lib/python3.12/site-packages/airflow/example_dags/example_latest_only_with_trigger.py
[2025-04-04T19:10:26.676+0000] {logging_mixin.py:190} INFO - [2025-04-04T19:10:26.676+0000] {dag.py:3239} INFO - Sync 1 DAGs
[2025-04-04T19:10:26.700+0000] {logging_mixin.py:190} INFO - [2025-04-04T19:10:26.699+0000] {dag.py:4180} INFO - Setting next_dagrun for latest_only_with_trigger to 2025-04-04 12:00:00+00:00, run_after=2025-04-04 16:00:00+00:00
[2025-04-04T19:10:26.718+0000] {processor.py:208} INFO - Processing /home/airflow/.local/lib/python3.12/site-packages/airflow/example_dags/example_latest_only_with_trigger.py took 0.081 seconds
[2025-04-04T19:10:57.459+0000] {processor.py:186} INFO - Started process (PID=2623) to work on /home/airflow/.local/lib/python3.12/site-packages/airflow/example_dags/example_latest_only_with_trigger.py
[2025-04-04T19:10:57.460+0000] {processor.py:914} INFO - Processing file /home/airflow/.local/lib/python3.12/site-packages/airflow/example_dags/example_latest_only_with_trigger.py for tasks to queue
[2025-04-04T19:10:57.462+0000] {logging_mixin.py:190} INFO - [2025-04-04T19:10:57.461+0000] {dagbag.py:588} INFO - Filling up the DagBag from /home/airflow/.local/lib/python3.12/site-packages/airflow/example_dags/example_latest_only_with_trigger.py
[2025-04-04T19:10:57.468+0000] {processor.py:925} INFO - DAG(s) 'latest_only_with_trigger' retrieved from /home/airflow/.local/lib/python3.12/site-packages/airflow/example_dags/example_latest_only_with_trigger.py
[2025-04-04T19:10:57.487+0000] {logging_mixin.py:190} INFO - [2025-04-04T19:10:57.487+0000] {dag.py:3239} INFO - Sync 1 DAGs
[2025-04-04T19:10:57.509+0000] {logging_mixin.py:190} INFO - [2025-04-04T19:10:57.508+0000] {dag.py:4180} INFO - Setting next_dagrun for latest_only_with_trigger to 2025-04-04 12:00:00+00:00, run_after=2025-04-04 16:00:00+00:00
[2025-04-04T19:10:57.524+0000] {processor.py:208} INFO - Processing /home/airflow/.local/lib/python3.12/site-packages/airflow/example_dags/example_latest_only_with_trigger.py took 0.071 seconds
[2025-04-04T19:11:28.305+0000] {processor.py:186} INFO - Started process (PID=2688) to work on /home/airflow/.local/lib/python3.12/site-packages/airflow/example_dags/example_latest_only_with_trigger.py
[2025-04-04T19:11:28.306+0000] {processor.py:914} INFO - Processing file /home/airflow/.local/lib/python3.12/site-packages/airflow/example_dags/example_latest_only_with_trigger.py for tasks to queue
[2025-04-04T19:11:28.309+0000] {logging_mixin.py:190} INFO - [2025-04-04T19:11:28.308+0000] {dagbag.py:588} INFO - Filling up the DagBag from /home/airflow/.local/lib/python3.12/site-packages/airflow/example_dags/example_latest_only_with_trigger.py
[2025-04-04T19:11:28.317+0000] {processor.py:925} INFO - DAG(s) 'latest_only_with_trigger' retrieved from /home/airflow/.local/lib/python3.12/site-packages/airflow/example_dags/example_latest_only_with_trigger.py
[2025-04-04T19:11:28.338+0000] {logging_mixin.py:190} INFO - [2025-04-04T19:11:28.338+0000] {dag.py:3239} INFO - Sync 1 DAGs
[2025-04-04T19:11:28.361+0000] {logging_mixin.py:190} INFO - [2025-04-04T19:11:28.361+0000] {dag.py:4180} INFO - Setting next_dagrun for latest_only_with_trigger to 2025-04-04 12:00:00+00:00, run_after=2025-04-04 16:00:00+00:00
[2025-04-04T19:11:28.379+0000] {processor.py:208} INFO - Processing /home/airflow/.local/lib/python3.12/site-packages/airflow/example_dags/example_latest_only_with_trigger.py took 0.079 seconds
[2025-04-04T19:11:59.197+0000] {processor.py:186} INFO - Started process (PID=2752) to work on /home/airflow/.local/lib/python3.12/site-packages/airflow/example_dags/example_latest_only_with_trigger.py
[2025-04-04T19:11:59.198+0000] {processor.py:914} INFO - Processing file /home/airflow/.local/lib/python3.12/site-packages/airflow/example_dags/example_latest_only_with_trigger.py for tasks to queue
[2025-04-04T19:11:59.201+0000] {logging_mixin.py:190} INFO - [2025-04-04T19:11:59.200+0000] {dagbag.py:588} INFO - Filling up the DagBag from /home/airflow/.local/lib/python3.12/site-packages/airflow/example_dags/example_latest_only_with_trigger.py
[2025-04-04T19:11:59.208+0000] {processor.py:925} INFO - DAG(s) 'latest_only_with_trigger' retrieved from /home/airflow/.local/lib/python3.12/site-packages/airflow/example_dags/example_latest_only_with_trigger.py
[2025-04-04T19:11:59.231+0000] {logging_mixin.py:190} INFO - [2025-04-04T19:11:59.230+0000] {dag.py:3239} INFO - Sync 1 DAGs
[2025-04-04T19:11:59.258+0000] {logging_mixin.py:190} INFO - [2025-04-04T19:11:59.258+0000] {dag.py:4180} INFO - Setting next_dagrun for latest_only_with_trigger to 2025-04-04 12:00:00+00:00, run_after=2025-04-04 16:00:00+00:00
[2025-04-04T19:11:59.279+0000] {processor.py:208} INFO - Processing /home/airflow/.local/lib/python3.12/site-packages/airflow/example_dags/example_latest_only_with_trigger.py took 0.089 seconds
[2025-04-04T19:12:29.378+0000] {processor.py:186} INFO - Started process (PID=2815) to work on /home/airflow/.local/lib/python3.12/site-packages/airflow/example_dags/example_latest_only_with_trigger.py
[2025-04-04T19:12:29.379+0000] {processor.py:914} INFO - Processing file /home/airflow/.local/lib/python3.12/site-packages/airflow/example_dags/example_latest_only_with_trigger.py for tasks to queue
[2025-04-04T19:12:29.381+0000] {logging_mixin.py:190} INFO - [2025-04-04T19:12:29.380+0000] {dagbag.py:588} INFO - Filling up the DagBag from /home/airflow/.local/lib/python3.12/site-packages/airflow/example_dags/example_latest_only_with_trigger.py
[2025-04-04T19:12:29.387+0000] {processor.py:925} INFO - DAG(s) 'latest_only_with_trigger' retrieved from /home/airflow/.local/lib/python3.12/site-packages/airflow/example_dags/example_latest_only_with_trigger.py
[2025-04-04T19:12:29.405+0000] {logging_mixin.py:190} INFO - [2025-04-04T19:12:29.405+0000] {dag.py:3239} INFO - Sync 1 DAGs
[2025-04-04T19:12:29.426+0000] {logging_mixin.py:190} INFO - [2025-04-04T19:12:29.426+0000] {dag.py:4180} INFO - Setting next_dagrun for latest_only_with_trigger to 2025-04-04 12:00:00+00:00, run_after=2025-04-04 16:00:00+00:00
[2025-04-04T19:12:29.442+0000] {processor.py:208} INFO - Processing /home/airflow/.local/lib/python3.12/site-packages/airflow/example_dags/example_latest_only_with_trigger.py took 0.069 seconds
[2025-04-04T19:13:00.189+0000] {processor.py:186} INFO - Started process (PID=2878) to work on /home/airflow/.local/lib/python3.12/site-packages/airflow/example_dags/example_latest_only_with_trigger.py
[2025-04-04T19:13:00.190+0000] {processor.py:914} INFO - Processing file /home/airflow/.local/lib/python3.12/site-packages/airflow/example_dags/example_latest_only_with_trigger.py for tasks to queue
[2025-04-04T19:13:00.194+0000] {logging_mixin.py:190} INFO - [2025-04-04T19:13:00.194+0000] {dagbag.py:588} INFO - Filling up the DagBag from /home/airflow/.local/lib/python3.12/site-packages/airflow/example_dags/example_latest_only_with_trigger.py
[2025-04-04T19:13:00.204+0000] {processor.py:925} INFO - DAG(s) 'latest_only_with_trigger' retrieved from /home/airflow/.local/lib/python3.12/site-packages/airflow/example_dags/example_latest_only_with_trigger.py
[2025-04-04T19:13:00.227+0000] {logging_mixin.py:190} INFO - [2025-04-04T19:13:00.227+0000] {dag.py:3239} INFO - Sync 1 DAGs
[2025-04-04T19:13:00.256+0000] {logging_mixin.py:190} INFO - [2025-04-04T19:13:00.255+0000] {dag.py:4180} INFO - Setting next_dagrun for latest_only_with_trigger to 2025-04-04 12:00:00+00:00, run_after=2025-04-04 16:00:00+00:00
[2025-04-04T19:13:00.285+0000] {processor.py:208} INFO - Processing /home/airflow/.local/lib/python3.12/site-packages/airflow/example_dags/example_latest_only_with_trigger.py took 0.103 seconds
[2025-04-04T19:13:31.305+0000] {processor.py:186} INFO - Started process (PID=2942) to work on /home/airflow/.local/lib/python3.12/site-packages/airflow/example_dags/example_latest_only_with_trigger.py
[2025-04-04T19:13:31.306+0000] {processor.py:914} INFO - Processing file /home/airflow/.local/lib/python3.12/site-packages/airflow/example_dags/example_latest_only_with_trigger.py for tasks to queue
[2025-04-04T19:13:31.308+0000] {logging_mixin.py:190} INFO - [2025-04-04T19:13:31.308+0000] {dagbag.py:588} INFO - Filling up the DagBag from /home/airflow/.local/lib/python3.12/site-packages/airflow/example_dags/example_latest_only_with_trigger.py
[2025-04-04T19:13:31.315+0000] {processor.py:925} INFO - DAG(s) 'latest_only_with_trigger' retrieved from /home/airflow/.local/lib/python3.12/site-packages/airflow/example_dags/example_latest_only_with_trigger.py
[2025-04-04T19:13:31.336+0000] {logging_mixin.py:190} INFO - [2025-04-04T19:13:31.336+0000] {dag.py:3239} INFO - Sync 1 DAGs
[2025-04-04T19:13:31.565+0000] {logging_mixin.py:190} INFO - [2025-04-04T19:13:31.564+0000] {dag.py:4180} INFO - Setting next_dagrun for latest_only_with_trigger to 2025-04-04 12:00:00+00:00, run_after=2025-04-04 16:00:00+00:00
[2025-04-04T19:13:31.583+0000] {processor.py:208} INFO - Processing /home/airflow/.local/lib/python3.12/site-packages/airflow/example_dags/example_latest_only_with_trigger.py took 0.283 seconds
[2025-04-04T19:14:01.874+0000] {processor.py:186} INFO - Started process (PID=3006) to work on /home/airflow/.local/lib/python3.12/site-packages/airflow/example_dags/example_latest_only_with_trigger.py
[2025-04-04T19:14:01.875+0000] {processor.py:914} INFO - Processing file /home/airflow/.local/lib/python3.12/site-packages/airflow/example_dags/example_latest_only_with_trigger.py for tasks to queue
[2025-04-04T19:14:01.877+0000] {logging_mixin.py:190} INFO - [2025-04-04T19:14:01.876+0000] {dagbag.py:588} INFO - Filling up the DagBag from /home/airflow/.local/lib/python3.12/site-packages/airflow/example_dags/example_latest_only_with_trigger.py
[2025-04-04T19:14:01.883+0000] {processor.py:925} INFO - DAG(s) 'latest_only_with_trigger' retrieved from /home/airflow/.local/lib/python3.12/site-packages/airflow/example_dags/example_latest_only_with_trigger.py
[2025-04-04T19:14:01.901+0000] {logging_mixin.py:190} INFO - [2025-04-04T19:14:01.901+0000] {dag.py:3239} INFO - Sync 1 DAGs
[2025-04-04T19:14:02.113+0000] {logging_mixin.py:190} INFO - [2025-04-04T19:14:02.113+0000] {dag.py:4180} INFO - Setting next_dagrun for latest_only_with_trigger to 2025-04-04 12:00:00+00:00, run_after=2025-04-04 16:00:00+00:00
[2025-04-04T19:14:02.129+0000] {processor.py:208} INFO - Processing /home/airflow/.local/lib/python3.12/site-packages/airflow/example_dags/example_latest_only_with_trigger.py took 0.260 seconds
[2025-04-04T19:14:32.222+0000] {processor.py:186} INFO - Started process (PID=3070) to work on /home/airflow/.local/lib/python3.12/site-packages/airflow/example_dags/example_latest_only_with_trigger.py
[2025-04-04T19:14:32.223+0000] {processor.py:914} INFO - Processing file /home/airflow/.local/lib/python3.12/site-packages/airflow/example_dags/example_latest_only_with_trigger.py for tasks to queue
[2025-04-04T19:14:32.226+0000] {logging_mixin.py:190} INFO - [2025-04-04T19:14:32.226+0000] {dagbag.py:588} INFO - Filling up the DagBag from /home/airflow/.local/lib/python3.12/site-packages/airflow/example_dags/example_latest_only_with_trigger.py
[2025-04-04T19:14:32.233+0000] {processor.py:925} INFO - DAG(s) 'latest_only_with_trigger' retrieved from /home/airflow/.local/lib/python3.12/site-packages/airflow/example_dags/example_latest_only_with_trigger.py
[2025-04-04T19:14:32.256+0000] {logging_mixin.py:190} INFO - [2025-04-04T19:14:32.255+0000] {dag.py:3239} INFO - Sync 1 DAGs
[2025-04-04T19:14:32.280+0000] {logging_mixin.py:190} INFO - [2025-04-04T19:14:32.280+0000] {dag.py:4180} INFO - Setting next_dagrun for latest_only_with_trigger to 2025-04-04 12:00:00+00:00, run_after=2025-04-04 16:00:00+00:00
[2025-04-04T19:14:32.299+0000] {processor.py:208} INFO - Processing /home/airflow/.local/lib/python3.12/site-packages/airflow/example_dags/example_latest_only_with_trigger.py took 0.083 seconds
[2025-04-04T19:15:02.417+0000] {processor.py:186} INFO - Started process (PID=3134) to work on /home/airflow/.local/lib/python3.12/site-packages/airflow/example_dags/example_latest_only_with_trigger.py
[2025-04-04T19:15:02.418+0000] {processor.py:914} INFO - Processing file /home/airflow/.local/lib/python3.12/site-packages/airflow/example_dags/example_latest_only_with_trigger.py for tasks to queue
[2025-04-04T19:15:02.420+0000] {logging_mixin.py:190} INFO - [2025-04-04T19:15:02.420+0000] {dagbag.py:588} INFO - Filling up the DagBag from /home/airflow/.local/lib/python3.12/site-packages/airflow/example_dags/example_latest_only_with_trigger.py
[2025-04-04T19:15:02.428+0000] {processor.py:925} INFO - DAG(s) 'latest_only_with_trigger' retrieved from /home/airflow/.local/lib/python3.12/site-packages/airflow/example_dags/example_latest_only_with_trigger.py
[2025-04-04T19:15:02.449+0000] {logging_mixin.py:190} INFO - [2025-04-04T19:15:02.448+0000] {dag.py:3239} INFO - Sync 1 DAGs
[2025-04-04T19:15:02.474+0000] {logging_mixin.py:190} INFO - [2025-04-04T19:15:02.474+0000] {dag.py:4180} INFO - Setting next_dagrun for latest_only_with_trigger to 2025-04-04 12:00:00+00:00, run_after=2025-04-04 16:00:00+00:00
[2025-04-04T19:15:02.490+0000] {processor.py:208} INFO - Processing /home/airflow/.local/lib/python3.12/site-packages/airflow/example_dags/example_latest_only_with_trigger.py took 0.080 seconds
[2025-04-04T19:15:33.626+0000] {processor.py:186} INFO - Started process (PID=3198) to work on /home/airflow/.local/lib/python3.12/site-packages/airflow/example_dags/example_latest_only_with_trigger.py
[2025-04-04T19:15:33.628+0000] {processor.py:914} INFO - Processing file /home/airflow/.local/lib/python3.12/site-packages/airflow/example_dags/example_latest_only_with_trigger.py for tasks to queue
[2025-04-04T19:15:33.631+0000] {logging_mixin.py:190} INFO - [2025-04-04T19:15:33.630+0000] {dagbag.py:588} INFO - Filling up the DagBag from /home/airflow/.local/lib/python3.12/site-packages/airflow/example_dags/example_latest_only_with_trigger.py
[2025-04-04T19:15:33.640+0000] {processor.py:925} INFO - DAG(s) 'latest_only_with_trigger' retrieved from /home/airflow/.local/lib/python3.12/site-packages/airflow/example_dags/example_latest_only_with_trigger.py
[2025-04-04T19:15:33.665+0000] {logging_mixin.py:190} INFO - [2025-04-04T19:15:33.664+0000] {dag.py:3239} INFO - Sync 1 DAGs
[2025-04-04T19:15:33.692+0000] {logging_mixin.py:190} INFO - [2025-04-04T19:15:33.692+0000] {dag.py:4180} INFO - Setting next_dagrun for latest_only_with_trigger to 2025-04-04 12:00:00+00:00, run_after=2025-04-04 16:00:00+00:00
[2025-04-04T19:15:33.712+0000] {processor.py:208} INFO - Processing /home/airflow/.local/lib/python3.12/site-packages/airflow/example_dags/example_latest_only_with_trigger.py took 0.093 seconds
[2025-04-04T19:16:04.332+0000] {processor.py:186} INFO - Started process (PID=3262) to work on /home/airflow/.local/lib/python3.12/site-packages/airflow/example_dags/example_latest_only_with_trigger.py
[2025-04-04T19:16:04.333+0000] {processor.py:914} INFO - Processing file /home/airflow/.local/lib/python3.12/site-packages/airflow/example_dags/example_latest_only_with_trigger.py for tasks to queue
[2025-04-04T19:16:04.337+0000] {logging_mixin.py:190} INFO - [2025-04-04T19:16:04.336+0000] {dagbag.py:588} INFO - Filling up the DagBag from /home/airflow/.local/lib/python3.12/site-packages/airflow/example_dags/example_latest_only_with_trigger.py
[2025-04-04T19:16:04.345+0000] {processor.py:925} INFO - DAG(s) 'latest_only_with_trigger' retrieved from /home/airflow/.local/lib/python3.12/site-packages/airflow/example_dags/example_latest_only_with_trigger.py
[2025-04-04T19:16:04.366+0000] {logging_mixin.py:190} INFO - [2025-04-04T19:16:04.365+0000] {dag.py:3239} INFO - Sync 1 DAGs
[2025-04-04T19:16:04.393+0000] {logging_mixin.py:190} INFO - [2025-04-04T19:16:04.393+0000] {dag.py:4180} INFO - Setting next_dagrun for latest_only_with_trigger to 2025-04-04 12:00:00+00:00, run_after=2025-04-04 16:00:00+00:00
[2025-04-04T19:16:04.412+0000] {processor.py:208} INFO - Processing /home/airflow/.local/lib/python3.12/site-packages/airflow/example_dags/example_latest_only_with_trigger.py took 0.085 seconds
[2025-04-04T19:16:35.619+0000] {processor.py:186} INFO - Started process (PID=3327) to work on /home/airflow/.local/lib/python3.12/site-packages/airflow/example_dags/example_latest_only_with_trigger.py
[2025-04-04T19:16:35.620+0000] {processor.py:914} INFO - Processing file /home/airflow/.local/lib/python3.12/site-packages/airflow/example_dags/example_latest_only_with_trigger.py for tasks to queue
[2025-04-04T19:16:35.623+0000] {logging_mixin.py:190} INFO - [2025-04-04T19:16:35.622+0000] {dagbag.py:588} INFO - Filling up the DagBag from /home/airflow/.local/lib/python3.12/site-packages/airflow/example_dags/example_latest_only_with_trigger.py
[2025-04-04T19:16:35.630+0000] {processor.py:925} INFO - DAG(s) 'latest_only_with_trigger' retrieved from /home/airflow/.local/lib/python3.12/site-packages/airflow/example_dags/example_latest_only_with_trigger.py
[2025-04-04T19:16:35.649+0000] {logging_mixin.py:190} INFO - [2025-04-04T19:16:35.649+0000] {dag.py:3239} INFO - Sync 1 DAGs
[2025-04-04T19:16:35.672+0000] {logging_mixin.py:190} INFO - [2025-04-04T19:16:35.672+0000] {dag.py:4180} INFO - Setting next_dagrun for latest_only_with_trigger to 2025-04-04 12:00:00+00:00, run_after=2025-04-04 16:00:00+00:00
[2025-04-04T19:16:35.690+0000] {processor.py:208} INFO - Processing /home/airflow/.local/lib/python3.12/site-packages/airflow/example_dags/example_latest_only_with_trigger.py took 0.076 seconds
[2025-04-04T19:17:05.860+0000] {processor.py:186} INFO - Started process (PID=3391) to work on /home/airflow/.local/lib/python3.12/site-packages/airflow/example_dags/example_latest_only_with_trigger.py
[2025-04-04T19:17:05.861+0000] {processor.py:914} INFO - Processing file /home/airflow/.local/lib/python3.12/site-packages/airflow/example_dags/example_latest_only_with_trigger.py for tasks to queue
[2025-04-04T19:17:05.863+0000] {logging_mixin.py:190} INFO - [2025-04-04T19:17:05.863+0000] {dagbag.py:588} INFO - Filling up the DagBag from /home/airflow/.local/lib/python3.12/site-packages/airflow/example_dags/example_latest_only_with_trigger.py
[2025-04-04T19:17:05.871+0000] {processor.py:925} INFO - DAG(s) 'latest_only_with_trigger' retrieved from /home/airflow/.local/lib/python3.12/site-packages/airflow/example_dags/example_latest_only_with_trigger.py
[2025-04-04T19:17:05.892+0000] {logging_mixin.py:190} INFO - [2025-04-04T19:17:05.892+0000] {dag.py:3239} INFO - Sync 1 DAGs
[2025-04-04T19:17:05.914+0000] {logging_mixin.py:190} INFO - [2025-04-04T19:17:05.914+0000] {dag.py:4180} INFO - Setting next_dagrun for latest_only_with_trigger to 2025-04-04 12:00:00+00:00, run_after=2025-04-04 16:00:00+00:00
[2025-04-04T19:17:05.930+0000] {processor.py:208} INFO - Processing /home/airflow/.local/lib/python3.12/site-packages/airflow/example_dags/example_latest_only_with_trigger.py took 0.075 seconds
[2025-04-04T19:17:36.512+0000] {processor.py:186} INFO - Started process (PID=3456) to work on /home/airflow/.local/lib/python3.12/site-packages/airflow/example_dags/example_latest_only_with_trigger.py
[2025-04-04T19:17:36.514+0000] {processor.py:914} INFO - Processing file /home/airflow/.local/lib/python3.12/site-packages/airflow/example_dags/example_latest_only_with_trigger.py for tasks to queue
[2025-04-04T19:17:36.517+0000] {logging_mixin.py:190} INFO - [2025-04-04T19:17:36.516+0000] {dagbag.py:588} INFO - Filling up the DagBag from /home/airflow/.local/lib/python3.12/site-packages/airflow/example_dags/example_latest_only_with_trigger.py
[2025-04-04T19:17:36.524+0000] {processor.py:925} INFO - DAG(s) 'latest_only_with_trigger' retrieved from /home/airflow/.local/lib/python3.12/site-packages/airflow/example_dags/example_latest_only_with_trigger.py
[2025-04-04T19:17:36.544+0000] {logging_mixin.py:190} INFO - [2025-04-04T19:17:36.544+0000] {dag.py:3239} INFO - Sync 1 DAGs
[2025-04-04T19:17:36.565+0000] {logging_mixin.py:190} INFO - [2025-04-04T19:17:36.565+0000] {dag.py:4180} INFO - Setting next_dagrun for latest_only_with_trigger to 2025-04-04 12:00:00+00:00, run_after=2025-04-04 16:00:00+00:00
[2025-04-04T19:17:36.581+0000] {processor.py:208} INFO - Processing /home/airflow/.local/lib/python3.12/site-packages/airflow/example_dags/example_latest_only_with_trigger.py took 0.076 seconds
[2025-04-04T19:18:07.295+0000] {processor.py:186} INFO - Started process (PID=3520) to work on /home/airflow/.local/lib/python3.12/site-packages/airflow/example_dags/example_latest_only_with_trigger.py
[2025-04-04T19:18:07.296+0000] {processor.py:914} INFO - Processing file /home/airflow/.local/lib/python3.12/site-packages/airflow/example_dags/example_latest_only_with_trigger.py for tasks to queue
[2025-04-04T19:18:07.298+0000] {logging_mixin.py:190} INFO - [2025-04-04T19:18:07.298+0000] {dagbag.py:588} INFO - Filling up the DagBag from /home/airflow/.local/lib/python3.12/site-packages/airflow/example_dags/example_latest_only_with_trigger.py
[2025-04-04T19:18:07.305+0000] {processor.py:925} INFO - DAG(s) 'latest_only_with_trigger' retrieved from /home/airflow/.local/lib/python3.12/site-packages/airflow/example_dags/example_latest_only_with_trigger.py
[2025-04-04T19:18:07.326+0000] {logging_mixin.py:190} INFO - [2025-04-04T19:18:07.325+0000] {dag.py:3239} INFO - Sync 1 DAGs
[2025-04-04T19:18:07.350+0000] {logging_mixin.py:190} INFO - [2025-04-04T19:18:07.349+0000] {dag.py:4180} INFO - Setting next_dagrun for latest_only_with_trigger to 2025-04-04 12:00:00+00:00, run_after=2025-04-04 16:00:00+00:00
[2025-04-04T19:18:07.368+0000] {processor.py:208} INFO - Processing /home/airflow/.local/lib/python3.12/site-packages/airflow/example_dags/example_latest_only_with_trigger.py took 0.078 seconds
[2025-04-04T19:18:37.623+0000] {processor.py:186} INFO - Started process (PID=3584) to work on /home/airflow/.local/lib/python3.12/site-packages/airflow/example_dags/example_latest_only_with_trigger.py
[2025-04-04T19:18:37.624+0000] {processor.py:914} INFO - Processing file /home/airflow/.local/lib/python3.12/site-packages/airflow/example_dags/example_latest_only_with_trigger.py for tasks to queue
[2025-04-04T19:18:37.627+0000] {logging_mixin.py:190} INFO - [2025-04-04T19:18:37.626+0000] {dagbag.py:588} INFO - Filling up the DagBag from /home/airflow/.local/lib/python3.12/site-packages/airflow/example_dags/example_latest_only_with_trigger.py
[2025-04-04T19:18:37.634+0000] {processor.py:925} INFO - DAG(s) 'latest_only_with_trigger' retrieved from /home/airflow/.local/lib/python3.12/site-packages/airflow/example_dags/example_latest_only_with_trigger.py
[2025-04-04T19:18:37.654+0000] {logging_mixin.py:190} INFO - [2025-04-04T19:18:37.654+0000] {dag.py:3239} INFO - Sync 1 DAGs
[2025-04-04T19:18:37.681+0000] {logging_mixin.py:190} INFO - [2025-04-04T19:18:37.681+0000] {dag.py:4180} INFO - Setting next_dagrun for latest_only_with_trigger to 2025-04-04 12:00:00+00:00, run_after=2025-04-04 16:00:00+00:00
[2025-04-04T19:18:37.700+0000] {processor.py:208} INFO - Processing /home/airflow/.local/lib/python3.12/site-packages/airflow/example_dags/example_latest_only_with_trigger.py took 0.082 seconds
[2025-04-04T19:19:08.464+0000] {processor.py:186} INFO - Started process (PID=3648) to work on /home/airflow/.local/lib/python3.12/site-packages/airflow/example_dags/example_latest_only_with_trigger.py
[2025-04-04T19:19:08.465+0000] {processor.py:914} INFO - Processing file /home/airflow/.local/lib/python3.12/site-packages/airflow/example_dags/example_latest_only_with_trigger.py for tasks to queue
[2025-04-04T19:19:08.468+0000] {logging_mixin.py:190} INFO - [2025-04-04T19:19:08.468+0000] {dagbag.py:588} INFO - Filling up the DagBag from /home/airflow/.local/lib/python3.12/site-packages/airflow/example_dags/example_latest_only_with_trigger.py
[2025-04-04T19:19:08.476+0000] {processor.py:925} INFO - DAG(s) 'latest_only_with_trigger' retrieved from /home/airflow/.local/lib/python3.12/site-packages/airflow/example_dags/example_latest_only_with_trigger.py
[2025-04-04T19:19:08.502+0000] {logging_mixin.py:190} INFO - [2025-04-04T19:19:08.501+0000] {dag.py:3239} INFO - Sync 1 DAGs
[2025-04-04T19:19:08.540+0000] {logging_mixin.py:190} INFO - [2025-04-04T19:19:08.539+0000] {dag.py:4180} INFO - Setting next_dagrun for latest_only_with_trigger to 2025-04-04 12:00:00+00:00, run_after=2025-04-04 16:00:00+00:00
[2025-04-04T19:19:08.562+0000] {processor.py:208} INFO - Processing /home/airflow/.local/lib/python3.12/site-packages/airflow/example_dags/example_latest_only_with_trigger.py took 0.104 seconds
[2025-04-04T19:19:39.544+0000] {processor.py:186} INFO - Started process (PID=3712) to work on /home/airflow/.local/lib/python3.12/site-packages/airflow/example_dags/example_latest_only_with_trigger.py
[2025-04-04T19:19:39.545+0000] {processor.py:914} INFO - Processing file /home/airflow/.local/lib/python3.12/site-packages/airflow/example_dags/example_latest_only_with_trigger.py for tasks to queue
[2025-04-04T19:19:39.548+0000] {logging_mixin.py:190} INFO - [2025-04-04T19:19:39.548+0000] {dagbag.py:588} INFO - Filling up the DagBag from /home/airflow/.local/lib/python3.12/site-packages/airflow/example_dags/example_latest_only_with_trigger.py
[2025-04-04T19:19:39.558+0000] {processor.py:925} INFO - DAG(s) 'latest_only_with_trigger' retrieved from /home/airflow/.local/lib/python3.12/site-packages/airflow/example_dags/example_latest_only_with_trigger.py
[2025-04-04T19:19:39.586+0000] {logging_mixin.py:190} INFO - [2025-04-04T19:19:39.586+0000] {dag.py:3239} INFO - Sync 1 DAGs
[2025-04-04T19:19:39.623+0000] {logging_mixin.py:190} INFO - [2025-04-04T19:19:39.622+0000] {dag.py:4180} INFO - Setting next_dagrun for latest_only_with_trigger to 2025-04-04 12:00:00+00:00, run_after=2025-04-04 16:00:00+00:00
[2025-04-04T19:19:39.655+0000] {processor.py:208} INFO - Processing /home/airflow/.local/lib/python3.12/site-packages/airflow/example_dags/example_latest_only_with_trigger.py took 0.118 seconds
[2025-04-04T19:20:10.138+0000] {processor.py:186} INFO - Started process (PID=3776) to work on /home/airflow/.local/lib/python3.12/site-packages/airflow/example_dags/example_latest_only_with_trigger.py
[2025-04-04T19:20:10.139+0000] {processor.py:914} INFO - Processing file /home/airflow/.local/lib/python3.12/site-packages/airflow/example_dags/example_latest_only_with_trigger.py for tasks to queue
[2025-04-04T19:20:10.141+0000] {logging_mixin.py:190} INFO - [2025-04-04T19:20:10.141+0000] {dagbag.py:588} INFO - Filling up the DagBag from /home/airflow/.local/lib/python3.12/site-packages/airflow/example_dags/example_latest_only_with_trigger.py
[2025-04-04T19:20:10.147+0000] {processor.py:925} INFO - DAG(s) 'latest_only_with_trigger' retrieved from /home/airflow/.local/lib/python3.12/site-packages/airflow/example_dags/example_latest_only_with_trigger.py
[2025-04-04T19:20:10.167+0000] {logging_mixin.py:190} INFO - [2025-04-04T19:20:10.167+0000] {dag.py:3239} INFO - Sync 1 DAGs
[2025-04-04T19:20:10.190+0000] {logging_mixin.py:190} INFO - [2025-04-04T19:20:10.190+0000] {dag.py:4180} INFO - Setting next_dagrun for latest_only_with_trigger to 2025-04-04 12:00:00+00:00, run_after=2025-04-04 16:00:00+00:00
[2025-04-04T19:20:10.207+0000] {processor.py:208} INFO - Processing /home/airflow/.local/lib/python3.12/site-packages/airflow/example_dags/example_latest_only_with_trigger.py took 0.074 seconds
[2025-04-04T19:20:40.763+0000] {processor.py:186} INFO - Started process (PID=3840) to work on /home/airflow/.local/lib/python3.12/site-packages/airflow/example_dags/example_latest_only_with_trigger.py
[2025-04-04T19:20:40.764+0000] {processor.py:914} INFO - Processing file /home/airflow/.local/lib/python3.12/site-packages/airflow/example_dags/example_latest_only_with_trigger.py for tasks to queue
[2025-04-04T19:20:40.766+0000] {logging_mixin.py:190} INFO - [2025-04-04T19:20:40.766+0000] {dagbag.py:588} INFO - Filling up the DagBag from /home/airflow/.local/lib/python3.12/site-packages/airflow/example_dags/example_latest_only_with_trigger.py
[2025-04-04T19:20:40.773+0000] {processor.py:925} INFO - DAG(s) 'latest_only_with_trigger' retrieved from /home/airflow/.local/lib/python3.12/site-packages/airflow/example_dags/example_latest_only_with_trigger.py
[2025-04-04T19:20:40.793+0000] {logging_mixin.py:190} INFO - [2025-04-04T19:20:40.793+0000] {dag.py:3239} INFO - Sync 1 DAGs
[2025-04-04T19:20:40.816+0000] {logging_mixin.py:190} INFO - [2025-04-04T19:20:40.816+0000] {dag.py:4180} INFO - Setting next_dagrun for latest_only_with_trigger to 2025-04-04 12:00:00+00:00, run_after=2025-04-04 16:00:00+00:00
[2025-04-04T19:20:40.833+0000] {processor.py:208} INFO - Processing /home/airflow/.local/lib/python3.12/site-packages/airflow/example_dags/example_latest_only_with_trigger.py took 0.076 seconds
[2025-04-04T19:21:11.030+0000] {processor.py:186} INFO - Started process (PID=3904) to work on /home/airflow/.local/lib/python3.12/site-packages/airflow/example_dags/example_latest_only_with_trigger.py
[2025-04-04T19:21:11.031+0000] {processor.py:914} INFO - Processing file /home/airflow/.local/lib/python3.12/site-packages/airflow/example_dags/example_latest_only_with_trigger.py for tasks to queue
[2025-04-04T19:21:11.033+0000] {logging_mixin.py:190} INFO - [2025-04-04T19:21:11.033+0000] {dagbag.py:588} INFO - Filling up the DagBag from /home/airflow/.local/lib/python3.12/site-packages/airflow/example_dags/example_latest_only_with_trigger.py
[2025-04-04T19:21:11.042+0000] {processor.py:925} INFO - DAG(s) 'latest_only_with_trigger' retrieved from /home/airflow/.local/lib/python3.12/site-packages/airflow/example_dags/example_latest_only_with_trigger.py
[2025-04-04T19:21:11.063+0000] {logging_mixin.py:190} INFO - [2025-04-04T19:21:11.063+0000] {dag.py:3239} INFO - Sync 1 DAGs
[2025-04-04T19:21:11.087+0000] {logging_mixin.py:190} INFO - [2025-04-04T19:21:11.087+0000] {dag.py:4180} INFO - Setting next_dagrun for latest_only_with_trigger to 2025-04-04 12:00:00+00:00, run_after=2025-04-04 16:00:00+00:00
[2025-04-04T19:21:11.106+0000] {processor.py:208} INFO - Processing /home/airflow/.local/lib/python3.12/site-packages/airflow/example_dags/example_latest_only_with_trigger.py took 0.082 seconds
[2025-04-04T19:21:41.949+0000] {processor.py:186} INFO - Started process (PID=3968) to work on /home/airflow/.local/lib/python3.12/site-packages/airflow/example_dags/example_latest_only_with_trigger.py
[2025-04-04T19:21:41.950+0000] {processor.py:914} INFO - Processing file /home/airflow/.local/lib/python3.12/site-packages/airflow/example_dags/example_latest_only_with_trigger.py for tasks to queue
[2025-04-04T19:21:41.952+0000] {logging_mixin.py:190} INFO - [2025-04-04T19:21:41.951+0000] {dagbag.py:588} INFO - Filling up the DagBag from /home/airflow/.local/lib/python3.12/site-packages/airflow/example_dags/example_latest_only_with_trigger.py
[2025-04-04T19:21:41.959+0000] {processor.py:925} INFO - DAG(s) 'latest_only_with_trigger' retrieved from /home/airflow/.local/lib/python3.12/site-packages/airflow/example_dags/example_latest_only_with_trigger.py
[2025-04-04T19:21:41.977+0000] {logging_mixin.py:190} INFO - [2025-04-04T19:21:41.977+0000] {dag.py:3239} INFO - Sync 1 DAGs
[2025-04-04T19:21:42.000+0000] {logging_mixin.py:190} INFO - [2025-04-04T19:21:42.000+0000] {dag.py:4180} INFO - Setting next_dagrun for latest_only_with_trigger to 2025-04-04 12:00:00+00:00, run_after=2025-04-04 16:00:00+00:00
[2025-04-04T19:21:42.016+0000] {processor.py:208} INFO - Processing /home/airflow/.local/lib/python3.12/site-packages/airflow/example_dags/example_latest_only_with_trigger.py took 0.073 seconds
[2025-04-04T19:22:12.644+0000] {processor.py:186} INFO - Started process (PID=4032) to work on /home/airflow/.local/lib/python3.12/site-packages/airflow/example_dags/example_latest_only_with_trigger.py
[2025-04-04T19:22:12.645+0000] {processor.py:914} INFO - Processing file /home/airflow/.local/lib/python3.12/site-packages/airflow/example_dags/example_latest_only_with_trigger.py for tasks to queue
[2025-04-04T19:22:12.648+0000] {logging_mixin.py:190} INFO - [2025-04-04T19:22:12.647+0000] {dagbag.py:588} INFO - Filling up the DagBag from /home/airflow/.local/lib/python3.12/site-packages/airflow/example_dags/example_latest_only_with_trigger.py
[2025-04-04T19:22:12.658+0000] {processor.py:925} INFO - DAG(s) 'latest_only_with_trigger' retrieved from /home/airflow/.local/lib/python3.12/site-packages/airflow/example_dags/example_latest_only_with_trigger.py
[2025-04-04T19:22:12.687+0000] {logging_mixin.py:190} INFO - [2025-04-04T19:22:12.686+0000] {dag.py:3239} INFO - Sync 1 DAGs
[2025-04-04T19:22:12.714+0000] {logging_mixin.py:190} INFO - [2025-04-04T19:22:12.713+0000] {dag.py:4180} INFO - Setting next_dagrun for latest_only_with_trigger to 2025-04-04 12:00:00+00:00, run_after=2025-04-04 16:00:00+00:00
[2025-04-04T19:22:12.734+0000] {processor.py:208} INFO - Processing /home/airflow/.local/lib/python3.12/site-packages/airflow/example_dags/example_latest_only_with_trigger.py took 0.096 seconds
[2025-04-04T19:22:43.093+0000] {processor.py:186} INFO - Started process (PID=4096) to work on /home/airflow/.local/lib/python3.12/site-packages/airflow/example_dags/example_latest_only_with_trigger.py
[2025-04-04T19:22:43.094+0000] {processor.py:914} INFO - Processing file /home/airflow/.local/lib/python3.12/site-packages/airflow/example_dags/example_latest_only_with_trigger.py for tasks to queue
[2025-04-04T19:22:43.096+0000] {logging_mixin.py:190} INFO - [2025-04-04T19:22:43.096+0000] {dagbag.py:588} INFO - Filling up the DagBag from /home/airflow/.local/lib/python3.12/site-packages/airflow/example_dags/example_latest_only_with_trigger.py
[2025-04-04T19:22:43.103+0000] {processor.py:925} INFO - DAG(s) 'latest_only_with_trigger' retrieved from /home/airflow/.local/lib/python3.12/site-packages/airflow/example_dags/example_latest_only_with_trigger.py
[2025-04-04T19:22:43.123+0000] {logging_mixin.py:190} INFO - [2025-04-04T19:22:43.123+0000] {dag.py:3239} INFO - Sync 1 DAGs
[2025-04-04T19:22:43.146+0000] {logging_mixin.py:190} INFO - [2025-04-04T19:22:43.146+0000] {dag.py:4180} INFO - Setting next_dagrun for latest_only_with_trigger to 2025-04-04 12:00:00+00:00, run_after=2025-04-04 16:00:00+00:00
[2025-04-04T19:22:43.163+0000] {processor.py:208} INFO - Processing /home/airflow/.local/lib/python3.12/site-packages/airflow/example_dags/example_latest_only_with_trigger.py took 0.076 seconds
[2025-04-04T19:23:13.350+0000] {processor.py:186} INFO - Started process (PID=4160) to work on /home/airflow/.local/lib/python3.12/site-packages/airflow/example_dags/example_latest_only_with_trigger.py
[2025-04-04T19:23:13.350+0000] {processor.py:914} INFO - Processing file /home/airflow/.local/lib/python3.12/site-packages/airflow/example_dags/example_latest_only_with_trigger.py for tasks to queue
[2025-04-04T19:23:13.353+0000] {logging_mixin.py:190} INFO - [2025-04-04T19:23:13.352+0000] {dagbag.py:588} INFO - Filling up the DagBag from /home/airflow/.local/lib/python3.12/site-packages/airflow/example_dags/example_latest_only_with_trigger.py
[2025-04-04T19:23:13.359+0000] {processor.py:925} INFO - DAG(s) 'latest_only_with_trigger' retrieved from /home/airflow/.local/lib/python3.12/site-packages/airflow/example_dags/example_latest_only_with_trigger.py
[2025-04-04T19:23:13.379+0000] {logging_mixin.py:190} INFO - [2025-04-04T19:23:13.378+0000] {dag.py:3239} INFO - Sync 1 DAGs
[2025-04-04T19:23:13.402+0000] {logging_mixin.py:190} INFO - [2025-04-04T19:23:13.402+0000] {dag.py:4180} INFO - Setting next_dagrun for latest_only_with_trigger to 2025-04-04 12:00:00+00:00, run_after=2025-04-04 16:00:00+00:00
[2025-04-04T19:23:13.420+0000] {processor.py:208} INFO - Processing /home/airflow/.local/lib/python3.12/site-packages/airflow/example_dags/example_latest_only_with_trigger.py took 0.075 seconds
[2025-04-04T19:23:43.952+0000] {processor.py:186} INFO - Started process (PID=4224) to work on /home/airflow/.local/lib/python3.12/site-packages/airflow/example_dags/example_latest_only_with_trigger.py
[2025-04-04T19:23:43.953+0000] {processor.py:914} INFO - Processing file /home/airflow/.local/lib/python3.12/site-packages/airflow/example_dags/example_latest_only_with_trigger.py for tasks to queue
[2025-04-04T19:23:43.956+0000] {logging_mixin.py:190} INFO - [2025-04-04T19:23:43.955+0000] {dagbag.py:588} INFO - Filling up the DagBag from /home/airflow/.local/lib/python3.12/site-packages/airflow/example_dags/example_latest_only_with_trigger.py
[2025-04-04T19:23:43.963+0000] {processor.py:925} INFO - DAG(s) 'latest_only_with_trigger' retrieved from /home/airflow/.local/lib/python3.12/site-packages/airflow/example_dags/example_latest_only_with_trigger.py
[2025-04-04T19:23:43.984+0000] {logging_mixin.py:190} INFO - [2025-04-04T19:23:43.984+0000] {dag.py:3239} INFO - Sync 1 DAGs
[2025-04-04T19:23:44.006+0000] {logging_mixin.py:190} INFO - [2025-04-04T19:23:44.006+0000] {dag.py:4180} INFO - Setting next_dagrun for latest_only_with_trigger to 2025-04-04 12:00:00+00:00, run_after=2025-04-04 16:00:00+00:00
[2025-04-04T19:23:44.023+0000] {processor.py:208} INFO - Processing /home/airflow/.local/lib/python3.12/site-packages/airflow/example_dags/example_latest_only_with_trigger.py took 0.076 seconds
[2025-04-04T19:24:14.513+0000] {processor.py:186} INFO - Started process (PID=4294) to work on /home/airflow/.local/lib/python3.12/site-packages/airflow/example_dags/example_latest_only_with_trigger.py
[2025-04-04T19:24:14.514+0000] {processor.py:914} INFO - Processing file /home/airflow/.local/lib/python3.12/site-packages/airflow/example_dags/example_latest_only_with_trigger.py for tasks to queue
[2025-04-04T19:24:14.516+0000] {logging_mixin.py:190} INFO - [2025-04-04T19:24:14.516+0000] {dagbag.py:588} INFO - Filling up the DagBag from /home/airflow/.local/lib/python3.12/site-packages/airflow/example_dags/example_latest_only_with_trigger.py
[2025-04-04T19:24:14.523+0000] {processor.py:925} INFO - DAG(s) 'latest_only_with_trigger' retrieved from /home/airflow/.local/lib/python3.12/site-packages/airflow/example_dags/example_latest_only_with_trigger.py
[2025-04-04T19:24:14.542+0000] {logging_mixin.py:190} INFO - [2025-04-04T19:24:14.541+0000] {dag.py:3239} INFO - Sync 1 DAGs
[2025-04-04T19:24:14.564+0000] {logging_mixin.py:190} INFO - [2025-04-04T19:24:14.564+0000] {dag.py:4180} INFO - Setting next_dagrun for latest_only_with_trigger to 2025-04-04 12:00:00+00:00, run_after=2025-04-04 16:00:00+00:00
[2025-04-04T19:24:14.581+0000] {processor.py:208} INFO - Processing /home/airflow/.local/lib/python3.12/site-packages/airflow/example_dags/example_latest_only_with_trigger.py took 0.074 seconds
[2025-04-04T19:24:45.498+0000] {processor.py:186} INFO - Started process (PID=4358) to work on /home/airflow/.local/lib/python3.12/site-packages/airflow/example_dags/example_latest_only_with_trigger.py
[2025-04-04T19:24:45.500+0000] {processor.py:914} INFO - Processing file /home/airflow/.local/lib/python3.12/site-packages/airflow/example_dags/example_latest_only_with_trigger.py for tasks to queue
[2025-04-04T19:24:45.502+0000] {logging_mixin.py:190} INFO - [2025-04-04T19:24:45.502+0000] {dagbag.py:588} INFO - Filling up the DagBag from /home/airflow/.local/lib/python3.12/site-packages/airflow/example_dags/example_latest_only_with_trigger.py
[2025-04-04T19:24:45.512+0000] {processor.py:925} INFO - DAG(s) 'latest_only_with_trigger' retrieved from /home/airflow/.local/lib/python3.12/site-packages/airflow/example_dags/example_latest_only_with_trigger.py
[2025-04-04T19:24:45.532+0000] {logging_mixin.py:190} INFO - [2025-04-04T19:24:45.532+0000] {dag.py:3239} INFO - Sync 1 DAGs
[2025-04-04T19:24:45.558+0000] {logging_mixin.py:190} INFO - [2025-04-04T19:24:45.558+0000] {dag.py:4180} INFO - Setting next_dagrun for latest_only_with_trigger to 2025-04-04 12:00:00+00:00, run_after=2025-04-04 16:00:00+00:00
[2025-04-04T19:24:45.576+0000] {processor.py:208} INFO - Processing /home/airflow/.local/lib/python3.12/site-packages/airflow/example_dags/example_latest_only_with_trigger.py took 0.083 seconds
[2025-04-04T19:25:15.883+0000] {processor.py:186} INFO - Started process (PID=4423) to work on /home/airflow/.local/lib/python3.12/site-packages/airflow/example_dags/example_latest_only_with_trigger.py
[2025-04-04T19:25:15.884+0000] {processor.py:914} INFO - Processing file /home/airflow/.local/lib/python3.12/site-packages/airflow/example_dags/example_latest_only_with_trigger.py for tasks to queue
[2025-04-04T19:25:15.886+0000] {logging_mixin.py:190} INFO - [2025-04-04T19:25:15.885+0000] {dagbag.py:588} INFO - Filling up the DagBag from /home/airflow/.local/lib/python3.12/site-packages/airflow/example_dags/example_latest_only_with_trigger.py
[2025-04-04T19:25:15.892+0000] {processor.py:925} INFO - DAG(s) 'latest_only_with_trigger' retrieved from /home/airflow/.local/lib/python3.12/site-packages/airflow/example_dags/example_latest_only_with_trigger.py
[2025-04-04T19:25:15.911+0000] {logging_mixin.py:190} INFO - [2025-04-04T19:25:15.911+0000] {dag.py:3239} INFO - Sync 1 DAGs
[2025-04-04T19:25:15.933+0000] {logging_mixin.py:190} INFO - [2025-04-04T19:25:15.933+0000] {dag.py:4180} INFO - Setting next_dagrun for latest_only_with_trigger to 2025-04-04 12:00:00+00:00, run_after=2025-04-04 16:00:00+00:00
[2025-04-04T19:25:15.949+0000] {processor.py:208} INFO - Processing /home/airflow/.local/lib/python3.12/site-packages/airflow/example_dags/example_latest_only_with_trigger.py took 0.071 seconds
[2025-04-04T19:25:46.394+0000] {processor.py:186} INFO - Started process (PID=4488) to work on /home/airflow/.local/lib/python3.12/site-packages/airflow/example_dags/example_latest_only_with_trigger.py
[2025-04-04T19:25:46.395+0000] {processor.py:914} INFO - Processing file /home/airflow/.local/lib/python3.12/site-packages/airflow/example_dags/example_latest_only_with_trigger.py for tasks to queue
[2025-04-04T19:25:46.398+0000] {logging_mixin.py:190} INFO - [2025-04-04T19:25:46.397+0000] {dagbag.py:588} INFO - Filling up the DagBag from /home/airflow/.local/lib/python3.12/site-packages/airflow/example_dags/example_latest_only_with_trigger.py
[2025-04-04T19:25:46.406+0000] {processor.py:925} INFO - DAG(s) 'latest_only_with_trigger' retrieved from /home/airflow/.local/lib/python3.12/site-packages/airflow/example_dags/example_latest_only_with_trigger.py
[2025-04-04T19:25:46.427+0000] {logging_mixin.py:190} INFO - [2025-04-04T19:25:46.426+0000] {dag.py:3239} INFO - Sync 1 DAGs
[2025-04-04T19:25:46.453+0000] {logging_mixin.py:190} INFO - [2025-04-04T19:25:46.453+0000] {dag.py:4180} INFO - Setting next_dagrun for latest_only_with_trigger to 2025-04-04 12:00:00+00:00, run_after=2025-04-04 16:00:00+00:00
[2025-04-04T19:25:46.469+0000] {processor.py:208} INFO - Processing /home/airflow/.local/lib/python3.12/site-packages/airflow/example_dags/example_latest_only_with_trigger.py took 0.081 seconds
[2025-04-04T19:26:16.861+0000] {processor.py:186} INFO - Started process (PID=4553) to work on /home/airflow/.local/lib/python3.12/site-packages/airflow/example_dags/example_latest_only_with_trigger.py
[2025-04-04T19:26:16.862+0000] {processor.py:914} INFO - Processing file /home/airflow/.local/lib/python3.12/site-packages/airflow/example_dags/example_latest_only_with_trigger.py for tasks to queue
[2025-04-04T19:26:16.865+0000] {logging_mixin.py:190} INFO - [2025-04-04T19:26:16.865+0000] {dagbag.py:588} INFO - Filling up the DagBag from /home/airflow/.local/lib/python3.12/site-packages/airflow/example_dags/example_latest_only_with_trigger.py
[2025-04-04T19:26:16.872+0000] {processor.py:925} INFO - DAG(s) 'latest_only_with_trigger' retrieved from /home/airflow/.local/lib/python3.12/site-packages/airflow/example_dags/example_latest_only_with_trigger.py
[2025-04-04T19:26:16.893+0000] {logging_mixin.py:190} INFO - [2025-04-04T19:26:16.893+0000] {dag.py:3239} INFO - Sync 1 DAGs
[2025-04-04T19:26:16.918+0000] {logging_mixin.py:190} INFO - [2025-04-04T19:26:16.918+0000] {dag.py:4180} INFO - Setting next_dagrun for latest_only_with_trigger to 2025-04-04 12:00:00+00:00, run_after=2025-04-04 16:00:00+00:00
[2025-04-04T19:26:16.938+0000] {processor.py:208} INFO - Processing /home/airflow/.local/lib/python3.12/site-packages/airflow/example_dags/example_latest_only_with_trigger.py took 0.083 seconds
[2025-04-04T19:26:47.160+0000] {processor.py:186} INFO - Started process (PID=4618) to work on /home/airflow/.local/lib/python3.12/site-packages/airflow/example_dags/example_latest_only_with_trigger.py
[2025-04-04T19:26:47.162+0000] {processor.py:914} INFO - Processing file /home/airflow/.local/lib/python3.12/site-packages/airflow/example_dags/example_latest_only_with_trigger.py for tasks to queue
[2025-04-04T19:26:47.166+0000] {logging_mixin.py:190} INFO - [2025-04-04T19:26:47.165+0000] {dagbag.py:588} INFO - Filling up the DagBag from /home/airflow/.local/lib/python3.12/site-packages/airflow/example_dags/example_latest_only_with_trigger.py
[2025-04-04T19:26:47.176+0000] {processor.py:925} INFO - DAG(s) 'latest_only_with_trigger' retrieved from /home/airflow/.local/lib/python3.12/site-packages/airflow/example_dags/example_latest_only_with_trigger.py
[2025-04-04T19:26:47.198+0000] {logging_mixin.py:190} INFO - [2025-04-04T19:26:47.198+0000] {dag.py:3239} INFO - Sync 1 DAGs
[2025-04-04T19:26:47.224+0000] {logging_mixin.py:190} INFO - [2025-04-04T19:26:47.223+0000] {dag.py:4180} INFO - Setting next_dagrun for latest_only_with_trigger to 2025-04-04 12:00:00+00:00, run_after=2025-04-04 16:00:00+00:00
[2025-04-04T19:26:47.243+0000] {processor.py:208} INFO - Processing /home/airflow/.local/lib/python3.12/site-packages/airflow/example_dags/example_latest_only_with_trigger.py took 0.091 seconds
[2025-04-04T19:27:17.855+0000] {processor.py:186} INFO - Started process (PID=4683) to work on /home/airflow/.local/lib/python3.12/site-packages/airflow/example_dags/example_latest_only_with_trigger.py
[2025-04-04T19:27:17.856+0000] {processor.py:914} INFO - Processing file /home/airflow/.local/lib/python3.12/site-packages/airflow/example_dags/example_latest_only_with_trigger.py for tasks to queue
[2025-04-04T19:27:17.858+0000] {logging_mixin.py:190} INFO - [2025-04-04T19:27:17.858+0000] {dagbag.py:588} INFO - Filling up the DagBag from /home/airflow/.local/lib/python3.12/site-packages/airflow/example_dags/example_latest_only_with_trigger.py
[2025-04-04T19:27:17.865+0000] {processor.py:925} INFO - DAG(s) 'latest_only_with_trigger' retrieved from /home/airflow/.local/lib/python3.12/site-packages/airflow/example_dags/example_latest_only_with_trigger.py
[2025-04-04T19:27:17.887+0000] {logging_mixin.py:190} INFO - [2025-04-04T19:27:17.887+0000] {dag.py:3239} INFO - Sync 1 DAGs
[2025-04-04T19:27:17.914+0000] {logging_mixin.py:190} INFO - [2025-04-04T19:27:17.914+0000] {dag.py:4180} INFO - Setting next_dagrun for latest_only_with_trigger to 2025-04-04 12:00:00+00:00, run_after=2025-04-04 16:00:00+00:00
[2025-04-04T19:27:17.943+0000] {processor.py:208} INFO - Processing /home/airflow/.local/lib/python3.12/site-packages/airflow/example_dags/example_latest_only_with_trigger.py took 0.094 seconds
[2025-04-04T19:27:48.893+0000] {processor.py:186} INFO - Started process (PID=4749) to work on /home/airflow/.local/lib/python3.12/site-packages/airflow/example_dags/example_latest_only_with_trigger.py
[2025-04-04T19:27:48.894+0000] {processor.py:914} INFO - Processing file /home/airflow/.local/lib/python3.12/site-packages/airflow/example_dags/example_latest_only_with_trigger.py for tasks to queue
[2025-04-04T19:27:48.897+0000] {logging_mixin.py:190} INFO - [2025-04-04T19:27:48.896+0000] {dagbag.py:588} INFO - Filling up the DagBag from /home/airflow/.local/lib/python3.12/site-packages/airflow/example_dags/example_latest_only_with_trigger.py
[2025-04-04T19:27:48.905+0000] {processor.py:925} INFO - DAG(s) 'latest_only_with_trigger' retrieved from /home/airflow/.local/lib/python3.12/site-packages/airflow/example_dags/example_latest_only_with_trigger.py
[2025-04-04T19:27:48.928+0000] {logging_mixin.py:190} INFO - [2025-04-04T19:27:48.928+0000] {dag.py:3239} INFO - Sync 1 DAGs
[2025-04-04T19:27:48.953+0000] {logging_mixin.py:190} INFO - [2025-04-04T19:27:48.953+0000] {dag.py:4180} INFO - Setting next_dagrun for latest_only_with_trigger to 2025-04-04 12:00:00+00:00, run_after=2025-04-04 16:00:00+00:00
[2025-04-04T19:27:48.973+0000] {processor.py:208} INFO - Processing /home/airflow/.local/lib/python3.12/site-packages/airflow/example_dags/example_latest_only_with_trigger.py took 0.090 seconds
[2025-04-04T19:28:19.587+0000] {processor.py:186} INFO - Started process (PID=4814) to work on /home/airflow/.local/lib/python3.12/site-packages/airflow/example_dags/example_latest_only_with_trigger.py
[2025-04-04T19:28:19.588+0000] {processor.py:914} INFO - Processing file /home/airflow/.local/lib/python3.12/site-packages/airflow/example_dags/example_latest_only_with_trigger.py for tasks to queue
[2025-04-04T19:28:19.590+0000] {logging_mixin.py:190} INFO - [2025-04-04T19:28:19.590+0000] {dagbag.py:588} INFO - Filling up the DagBag from /home/airflow/.local/lib/python3.12/site-packages/airflow/example_dags/example_latest_only_with_trigger.py
[2025-04-04T19:28:19.600+0000] {processor.py:925} INFO - DAG(s) 'latest_only_with_trigger' retrieved from /home/airflow/.local/lib/python3.12/site-packages/airflow/example_dags/example_latest_only_with_trigger.py
[2025-04-04T19:28:19.622+0000] {logging_mixin.py:190} INFO - [2025-04-04T19:28:19.622+0000] {dag.py:3239} INFO - Sync 1 DAGs
[2025-04-04T19:28:19.643+0000] {logging_mixin.py:190} INFO - [2025-04-04T19:28:19.643+0000] {dag.py:4180} INFO - Setting next_dagrun for latest_only_with_trigger to 2025-04-04 12:00:00+00:00, run_after=2025-04-04 16:00:00+00:00
[2025-04-04T19:28:19.660+0000] {processor.py:208} INFO - Processing /home/airflow/.local/lib/python3.12/site-packages/airflow/example_dags/example_latest_only_with_trigger.py took 0.078 seconds
[2025-04-04T19:28:49.842+0000] {processor.py:186} INFO - Started process (PID=4879) to work on /home/airflow/.local/lib/python3.12/site-packages/airflow/example_dags/example_latest_only_with_trigger.py
[2025-04-04T19:28:49.843+0000] {processor.py:914} INFO - Processing file /home/airflow/.local/lib/python3.12/site-packages/airflow/example_dags/example_latest_only_with_trigger.py for tasks to queue
[2025-04-04T19:28:49.846+0000] {logging_mixin.py:190} INFO - [2025-04-04T19:28:49.845+0000] {dagbag.py:588} INFO - Filling up the DagBag from /home/airflow/.local/lib/python3.12/site-packages/airflow/example_dags/example_latest_only_with_trigger.py
[2025-04-04T19:28:49.853+0000] {processor.py:925} INFO - DAG(s) 'latest_only_with_trigger' retrieved from /home/airflow/.local/lib/python3.12/site-packages/airflow/example_dags/example_latest_only_with_trigger.py
[2025-04-04T19:28:49.874+0000] {logging_mixin.py:190} INFO - [2025-04-04T19:28:49.873+0000] {dag.py:3239} INFO - Sync 1 DAGs
[2025-04-04T19:28:49.897+0000] {logging_mixin.py:190} INFO - [2025-04-04T19:28:49.897+0000] {dag.py:4180} INFO - Setting next_dagrun for latest_only_with_trigger to 2025-04-04 12:00:00+00:00, run_after=2025-04-04 16:00:00+00:00
[2025-04-04T19:28:49.913+0000] {processor.py:208} INFO - Processing /home/airflow/.local/lib/python3.12/site-packages/airflow/example_dags/example_latest_only_with_trigger.py took 0.076 seconds
[2025-04-04T19:29:20.903+0000] {processor.py:186} INFO - Started process (PID=4944) to work on /home/airflow/.local/lib/python3.12/site-packages/airflow/example_dags/example_latest_only_with_trigger.py
[2025-04-04T19:29:20.905+0000] {processor.py:914} INFO - Processing file /home/airflow/.local/lib/python3.12/site-packages/airflow/example_dags/example_latest_only_with_trigger.py for tasks to queue
[2025-04-04T19:29:20.907+0000] {logging_mixin.py:190} INFO - [2025-04-04T19:29:20.906+0000] {dagbag.py:588} INFO - Filling up the DagBag from /home/airflow/.local/lib/python3.12/site-packages/airflow/example_dags/example_latest_only_with_trigger.py
[2025-04-04T19:29:20.914+0000] {processor.py:925} INFO - DAG(s) 'latest_only_with_trigger' retrieved from /home/airflow/.local/lib/python3.12/site-packages/airflow/example_dags/example_latest_only_with_trigger.py
[2025-04-04T19:29:20.936+0000] {logging_mixin.py:190} INFO - [2025-04-04T19:29:20.936+0000] {dag.py:3239} INFO - Sync 1 DAGs
[2025-04-04T19:29:20.959+0000] {logging_mixin.py:190} INFO - [2025-04-04T19:29:20.959+0000] {dag.py:4180} INFO - Setting next_dagrun for latest_only_with_trigger to 2025-04-04 12:00:00+00:00, run_after=2025-04-04 16:00:00+00:00
[2025-04-04T19:29:20.978+0000] {processor.py:208} INFO - Processing /home/airflow/.local/lib/python3.12/site-packages/airflow/example_dags/example_latest_only_with_trigger.py took 0.082 seconds
[2025-04-04T19:29:51.389+0000] {processor.py:186} INFO - Started process (PID=5009) to work on /home/airflow/.local/lib/python3.12/site-packages/airflow/example_dags/example_latest_only_with_trigger.py
[2025-04-04T19:29:51.390+0000] {processor.py:914} INFO - Processing file /home/airflow/.local/lib/python3.12/site-packages/airflow/example_dags/example_latest_only_with_trigger.py for tasks to queue
[2025-04-04T19:29:51.393+0000] {logging_mixin.py:190} INFO - [2025-04-04T19:29:51.392+0000] {dagbag.py:588} INFO - Filling up the DagBag from /home/airflow/.local/lib/python3.12/site-packages/airflow/example_dags/example_latest_only_with_trigger.py
[2025-04-04T19:29:51.399+0000] {processor.py:925} INFO - DAG(s) 'latest_only_with_trigger' retrieved from /home/airflow/.local/lib/python3.12/site-packages/airflow/example_dags/example_latest_only_with_trigger.py
[2025-04-04T19:29:51.420+0000] {logging_mixin.py:190} INFO - [2025-04-04T19:29:51.419+0000] {dag.py:3239} INFO - Sync 1 DAGs
[2025-04-04T19:29:51.443+0000] {logging_mixin.py:190} INFO - [2025-04-04T19:29:51.443+0000] {dag.py:4180} INFO - Setting next_dagrun for latest_only_with_trigger to 2025-04-04 12:00:00+00:00, run_after=2025-04-04 16:00:00+00:00
[2025-04-04T19:29:51.460+0000] {processor.py:208} INFO - Processing /home/airflow/.local/lib/python3.12/site-packages/airflow/example_dags/example_latest_only_with_trigger.py took 0.077 seconds
[2025-04-04T19:30:21.864+0000] {processor.py:186} INFO - Started process (PID=5074) to work on /home/airflow/.local/lib/python3.12/site-packages/airflow/example_dags/example_latest_only_with_trigger.py
[2025-04-04T19:30:21.865+0000] {processor.py:914} INFO - Processing file /home/airflow/.local/lib/python3.12/site-packages/airflow/example_dags/example_latest_only_with_trigger.py for tasks to queue
[2025-04-04T19:30:21.867+0000] {logging_mixin.py:190} INFO - [2025-04-04T19:30:21.867+0000] {dagbag.py:588} INFO - Filling up the DagBag from /home/airflow/.local/lib/python3.12/site-packages/airflow/example_dags/example_latest_only_with_trigger.py
[2025-04-04T19:30:21.874+0000] {processor.py:925} INFO - DAG(s) 'latest_only_with_trigger' retrieved from /home/airflow/.local/lib/python3.12/site-packages/airflow/example_dags/example_latest_only_with_trigger.py
[2025-04-04T19:30:21.893+0000] {logging_mixin.py:190} INFO - [2025-04-04T19:30:21.893+0000] {dag.py:3239} INFO - Sync 1 DAGs
[2025-04-04T19:30:21.916+0000] {logging_mixin.py:190} INFO - [2025-04-04T19:30:21.915+0000] {dag.py:4180} INFO - Setting next_dagrun for latest_only_with_trigger to 2025-04-04 12:00:00+00:00, run_after=2025-04-04 16:00:00+00:00
[2025-04-04T19:30:21.932+0000] {processor.py:208} INFO - Processing /home/airflow/.local/lib/python3.12/site-packages/airflow/example_dags/example_latest_only_with_trigger.py took 0.073 seconds
[2025-04-04T19:30:52.499+0000] {processor.py:186} INFO - Started process (PID=5139) to work on /home/airflow/.local/lib/python3.12/site-packages/airflow/example_dags/example_latest_only_with_trigger.py
[2025-04-04T19:30:52.500+0000] {processor.py:914} INFO - Processing file /home/airflow/.local/lib/python3.12/site-packages/airflow/example_dags/example_latest_only_with_trigger.py for tasks to queue
[2025-04-04T19:30:52.502+0000] {logging_mixin.py:190} INFO - [2025-04-04T19:30:52.502+0000] {dagbag.py:588} INFO - Filling up the DagBag from /home/airflow/.local/lib/python3.12/site-packages/airflow/example_dags/example_latest_only_with_trigger.py
[2025-04-04T19:30:52.510+0000] {processor.py:925} INFO - DAG(s) 'latest_only_with_trigger' retrieved from /home/airflow/.local/lib/python3.12/site-packages/airflow/example_dags/example_latest_only_with_trigger.py
[2025-04-04T19:30:52.532+0000] {logging_mixin.py:190} INFO - [2025-04-04T19:30:52.532+0000] {dag.py:3239} INFO - Sync 1 DAGs
[2025-04-04T19:30:52.554+0000] {logging_mixin.py:190} INFO - [2025-04-04T19:30:52.554+0000] {dag.py:4180} INFO - Setting next_dagrun for latest_only_with_trigger to 2025-04-04 12:00:00+00:00, run_after=2025-04-04 16:00:00+00:00
[2025-04-04T19:30:52.570+0000] {processor.py:208} INFO - Processing /home/airflow/.local/lib/python3.12/site-packages/airflow/example_dags/example_latest_only_with_trigger.py took 0.077 seconds
[2025-04-04T19:31:23.066+0000] {processor.py:186} INFO - Started process (PID=5204) to work on /home/airflow/.local/lib/python3.12/site-packages/airflow/example_dags/example_latest_only_with_trigger.py
[2025-04-04T19:31:23.067+0000] {processor.py:914} INFO - Processing file /home/airflow/.local/lib/python3.12/site-packages/airflow/example_dags/example_latest_only_with_trigger.py for tasks to queue
[2025-04-04T19:31:23.069+0000] {logging_mixin.py:190} INFO - [2025-04-04T19:31:23.069+0000] {dagbag.py:588} INFO - Filling up the DagBag from /home/airflow/.local/lib/python3.12/site-packages/airflow/example_dags/example_latest_only_with_trigger.py
[2025-04-04T19:31:23.078+0000] {processor.py:925} INFO - DAG(s) 'latest_only_with_trigger' retrieved from /home/airflow/.local/lib/python3.12/site-packages/airflow/example_dags/example_latest_only_with_trigger.py
[2025-04-04T19:31:23.098+0000] {logging_mixin.py:190} INFO - [2025-04-04T19:31:23.098+0000] {dag.py:3239} INFO - Sync 1 DAGs
[2025-04-04T19:31:23.123+0000] {logging_mixin.py:190} INFO - [2025-04-04T19:31:23.123+0000] {dag.py:4180} INFO - Setting next_dagrun for latest_only_with_trigger to 2025-04-04 12:00:00+00:00, run_after=2025-04-04 16:00:00+00:00
[2025-04-04T19:31:23.145+0000] {processor.py:208} INFO - Processing /home/airflow/.local/lib/python3.12/site-packages/airflow/example_dags/example_latest_only_with_trigger.py took 0.084 seconds
[2025-04-04T19:31:54.106+0000] {processor.py:186} INFO - Started process (PID=5270) to work on /home/airflow/.local/lib/python3.12/site-packages/airflow/example_dags/example_latest_only_with_trigger.py
[2025-04-04T19:31:54.107+0000] {processor.py:914} INFO - Processing file /home/airflow/.local/lib/python3.12/site-packages/airflow/example_dags/example_latest_only_with_trigger.py for tasks to queue
[2025-04-04T19:31:54.109+0000] {logging_mixin.py:190} INFO - [2025-04-04T19:31:54.108+0000] {dagbag.py:588} INFO - Filling up the DagBag from /home/airflow/.local/lib/python3.12/site-packages/airflow/example_dags/example_latest_only_with_trigger.py
[2025-04-04T19:31:54.115+0000] {processor.py:925} INFO - DAG(s) 'latest_only_with_trigger' retrieved from /home/airflow/.local/lib/python3.12/site-packages/airflow/example_dags/example_latest_only_with_trigger.py
[2025-04-04T19:31:54.133+0000] {logging_mixin.py:190} INFO - [2025-04-04T19:31:54.133+0000] {dag.py:3239} INFO - Sync 1 DAGs
[2025-04-04T19:31:54.153+0000] {logging_mixin.py:190} INFO - [2025-04-04T19:31:54.153+0000] {dag.py:4180} INFO - Setting next_dagrun for latest_only_with_trigger to 2025-04-04 12:00:00+00:00, run_after=2025-04-04 16:00:00+00:00
[2025-04-04T19:31:54.170+0000] {processor.py:208} INFO - Processing /home/airflow/.local/lib/python3.12/site-packages/airflow/example_dags/example_latest_only_with_trigger.py took 0.069 seconds
[2025-04-04T19:32:24.781+0000] {processor.py:186} INFO - Started process (PID=5335) to work on /home/airflow/.local/lib/python3.12/site-packages/airflow/example_dags/example_latest_only_with_trigger.py
[2025-04-04T19:32:24.782+0000] {processor.py:914} INFO - Processing file /home/airflow/.local/lib/python3.12/site-packages/airflow/example_dags/example_latest_only_with_trigger.py for tasks to queue
[2025-04-04T19:32:24.784+0000] {logging_mixin.py:190} INFO - [2025-04-04T19:32:24.784+0000] {dagbag.py:588} INFO - Filling up the DagBag from /home/airflow/.local/lib/python3.12/site-packages/airflow/example_dags/example_latest_only_with_trigger.py
[2025-04-04T19:32:24.796+0000] {processor.py:925} INFO - DAG(s) 'latest_only_with_trigger' retrieved from /home/airflow/.local/lib/python3.12/site-packages/airflow/example_dags/example_latest_only_with_trigger.py
[2025-04-04T19:32:24.817+0000] {logging_mixin.py:190} INFO - [2025-04-04T19:32:24.817+0000] {dag.py:3239} INFO - Sync 1 DAGs
[2025-04-04T19:32:24.840+0000] {logging_mixin.py:190} INFO - [2025-04-04T19:32:24.840+0000] {dag.py:4180} INFO - Setting next_dagrun for latest_only_with_trigger to 2025-04-04 12:00:00+00:00, run_after=2025-04-04 16:00:00+00:00
[2025-04-04T19:32:24.857+0000] {processor.py:208} INFO - Processing /home/airflow/.local/lib/python3.12/site-packages/airflow/example_dags/example_latest_only_with_trigger.py took 0.082 seconds
[2025-04-04T19:32:55.336+0000] {processor.py:186} INFO - Started process (PID=5400) to work on /home/airflow/.local/lib/python3.12/site-packages/airflow/example_dags/example_latest_only_with_trigger.py
[2025-04-04T19:32:55.337+0000] {processor.py:914} INFO - Processing file /home/airflow/.local/lib/python3.12/site-packages/airflow/example_dags/example_latest_only_with_trigger.py for tasks to queue
[2025-04-04T19:32:55.340+0000] {logging_mixin.py:190} INFO - [2025-04-04T19:32:55.339+0000] {dagbag.py:588} INFO - Filling up the DagBag from /home/airflow/.local/lib/python3.12/site-packages/airflow/example_dags/example_latest_only_with_trigger.py
[2025-04-04T19:32:55.347+0000] {processor.py:925} INFO - DAG(s) 'latest_only_with_trigger' retrieved from /home/airflow/.local/lib/python3.12/site-packages/airflow/example_dags/example_latest_only_with_trigger.py
[2025-04-04T19:32:55.372+0000] {logging_mixin.py:190} INFO - [2025-04-04T19:32:55.371+0000] {dag.py:3239} INFO - Sync 1 DAGs
[2025-04-04T19:32:55.393+0000] {logging_mixin.py:190} INFO - [2025-04-04T19:32:55.393+0000] {dag.py:4180} INFO - Setting next_dagrun for latest_only_with_trigger to 2025-04-04 12:00:00+00:00, run_after=2025-04-04 16:00:00+00:00
[2025-04-04T19:32:55.411+0000] {processor.py:208} INFO - Processing /home/airflow/.local/lib/python3.12/site-packages/airflow/example_dags/example_latest_only_with_trigger.py took 0.082 seconds
[2025-04-04T19:33:25.730+0000] {processor.py:186} INFO - Started process (PID=5465) to work on /home/airflow/.local/lib/python3.12/site-packages/airflow/example_dags/example_latest_only_with_trigger.py
[2025-04-04T19:33:25.731+0000] {processor.py:914} INFO - Processing file /home/airflow/.local/lib/python3.12/site-packages/airflow/example_dags/example_latest_only_with_trigger.py for tasks to queue
[2025-04-04T19:33:25.734+0000] {logging_mixin.py:190} INFO - [2025-04-04T19:33:25.733+0000] {dagbag.py:588} INFO - Filling up the DagBag from /home/airflow/.local/lib/python3.12/site-packages/airflow/example_dags/example_latest_only_with_trigger.py
[2025-04-04T19:33:25.741+0000] {processor.py:925} INFO - DAG(s) 'latest_only_with_trigger' retrieved from /home/airflow/.local/lib/python3.12/site-packages/airflow/example_dags/example_latest_only_with_trigger.py
[2025-04-04T19:33:25.762+0000] {logging_mixin.py:190} INFO - [2025-04-04T19:33:25.762+0000] {dag.py:3239} INFO - Sync 1 DAGs
[2025-04-04T19:33:25.789+0000] {logging_mixin.py:190} INFO - [2025-04-04T19:33:25.788+0000] {dag.py:4180} INFO - Setting next_dagrun for latest_only_with_trigger to 2025-04-04 12:00:00+00:00, run_after=2025-04-04 16:00:00+00:00
[2025-04-04T19:33:25.809+0000] {processor.py:208} INFO - Processing /home/airflow/.local/lib/python3.12/site-packages/airflow/example_dags/example_latest_only_with_trigger.py took 0.085 seconds
[2025-04-04T19:33:55.878+0000] {processor.py:186} INFO - Started process (PID=5530) to work on /home/airflow/.local/lib/python3.12/site-packages/airflow/example_dags/example_latest_only_with_trigger.py
[2025-04-04T19:33:55.879+0000] {processor.py:914} INFO - Processing file /home/airflow/.local/lib/python3.12/site-packages/airflow/example_dags/example_latest_only_with_trigger.py for tasks to queue
[2025-04-04T19:33:55.882+0000] {logging_mixin.py:190} INFO - [2025-04-04T19:33:55.881+0000] {dagbag.py:588} INFO - Filling up the DagBag from /home/airflow/.local/lib/python3.12/site-packages/airflow/example_dags/example_latest_only_with_trigger.py
[2025-04-04T19:33:55.892+0000] {processor.py:925} INFO - DAG(s) 'latest_only_with_trigger' retrieved from /home/airflow/.local/lib/python3.12/site-packages/airflow/example_dags/example_latest_only_with_trigger.py
[2025-04-04T19:33:55.913+0000] {logging_mixin.py:190} INFO - [2025-04-04T19:33:55.913+0000] {dag.py:3239} INFO - Sync 1 DAGs
[2025-04-04T19:33:55.935+0000] {logging_mixin.py:190} INFO - [2025-04-04T19:33:55.935+0000] {dag.py:4180} INFO - Setting next_dagrun for latest_only_with_trigger to 2025-04-04 12:00:00+00:00, run_after=2025-04-04 16:00:00+00:00
[2025-04-04T19:33:55.953+0000] {processor.py:208} INFO - Processing /home/airflow/.local/lib/python3.12/site-packages/airflow/example_dags/example_latest_only_with_trigger.py took 0.082 seconds
[2025-04-04T19:34:26.250+0000] {processor.py:186} INFO - Started process (PID=5594) to work on /home/airflow/.local/lib/python3.12/site-packages/airflow/example_dags/example_latest_only_with_trigger.py
[2025-04-04T19:34:26.250+0000] {processor.py:914} INFO - Processing file /home/airflow/.local/lib/python3.12/site-packages/airflow/example_dags/example_latest_only_with_trigger.py for tasks to queue
[2025-04-04T19:34:26.253+0000] {logging_mixin.py:190} INFO - [2025-04-04T19:34:26.252+0000] {dagbag.py:588} INFO - Filling up the DagBag from /home/airflow/.local/lib/python3.12/site-packages/airflow/example_dags/example_latest_only_with_trigger.py
[2025-04-04T19:34:26.260+0000] {processor.py:925} INFO - DAG(s) 'latest_only_with_trigger' retrieved from /home/airflow/.local/lib/python3.12/site-packages/airflow/example_dags/example_latest_only_with_trigger.py
[2025-04-04T19:34:26.281+0000] {logging_mixin.py:190} INFO - [2025-04-04T19:34:26.281+0000] {dag.py:3239} INFO - Sync 1 DAGs
[2025-04-04T19:34:26.305+0000] {logging_mixin.py:190} INFO - [2025-04-04T19:34:26.305+0000] {dag.py:4180} INFO - Setting next_dagrun for latest_only_with_trigger to 2025-04-04 12:00:00+00:00, run_after=2025-04-04 16:00:00+00:00
[2025-04-04T19:34:26.321+0000] {processor.py:208} INFO - Processing /home/airflow/.local/lib/python3.12/site-packages/airflow/example_dags/example_latest_only_with_trigger.py took 0.078 seconds
[2025-04-04T19:34:56.506+0000] {processor.py:186} INFO - Started process (PID=5659) to work on /home/airflow/.local/lib/python3.12/site-packages/airflow/example_dags/example_latest_only_with_trigger.py
[2025-04-04T19:34:56.507+0000] {processor.py:914} INFO - Processing file /home/airflow/.local/lib/python3.12/site-packages/airflow/example_dags/example_latest_only_with_trigger.py for tasks to queue
[2025-04-04T19:34:56.510+0000] {logging_mixin.py:190} INFO - [2025-04-04T19:34:56.510+0000] {dagbag.py:588} INFO - Filling up the DagBag from /home/airflow/.local/lib/python3.12/site-packages/airflow/example_dags/example_latest_only_with_trigger.py
[2025-04-04T19:34:56.518+0000] {processor.py:925} INFO - DAG(s) 'latest_only_with_trigger' retrieved from /home/airflow/.local/lib/python3.12/site-packages/airflow/example_dags/example_latest_only_with_trigger.py
[2025-04-04T19:34:56.540+0000] {logging_mixin.py:190} INFO - [2025-04-04T19:34:56.539+0000] {dag.py:3239} INFO - Sync 1 DAGs
[2025-04-04T19:34:56.562+0000] {logging_mixin.py:190} INFO - [2025-04-04T19:34:56.561+0000] {dag.py:4180} INFO - Setting next_dagrun for latest_only_with_trigger to 2025-04-04 12:00:00+00:00, run_after=2025-04-04 16:00:00+00:00
[2025-04-04T19:34:56.579+0000] {processor.py:208} INFO - Processing /home/airflow/.local/lib/python3.12/site-packages/airflow/example_dags/example_latest_only_with_trigger.py took 0.079 seconds
[2025-04-04T19:35:27.558+0000] {processor.py:186} INFO - Started process (PID=5725) to work on /home/airflow/.local/lib/python3.12/site-packages/airflow/example_dags/example_latest_only_with_trigger.py
[2025-04-04T19:35:27.559+0000] {processor.py:914} INFO - Processing file /home/airflow/.local/lib/python3.12/site-packages/airflow/example_dags/example_latest_only_with_trigger.py for tasks to queue
[2025-04-04T19:35:27.562+0000] {logging_mixin.py:190} INFO - [2025-04-04T19:35:27.562+0000] {dagbag.py:588} INFO - Filling up the DagBag from /home/airflow/.local/lib/python3.12/site-packages/airflow/example_dags/example_latest_only_with_trigger.py
[2025-04-04T19:35:27.569+0000] {processor.py:925} INFO - DAG(s) 'latest_only_with_trigger' retrieved from /home/airflow/.local/lib/python3.12/site-packages/airflow/example_dags/example_latest_only_with_trigger.py
[2025-04-04T19:35:27.591+0000] {logging_mixin.py:190} INFO - [2025-04-04T19:35:27.591+0000] {dag.py:3239} INFO - Sync 1 DAGs
[2025-04-04T19:35:27.614+0000] {logging_mixin.py:190} INFO - [2025-04-04T19:35:27.614+0000] {dag.py:4180} INFO - Setting next_dagrun for latest_only_with_trigger to 2025-04-04 12:00:00+00:00, run_after=2025-04-04 16:00:00+00:00
[2025-04-04T19:35:27.633+0000] {processor.py:208} INFO - Processing /home/airflow/.local/lib/python3.12/site-packages/airflow/example_dags/example_latest_only_with_trigger.py took 0.081 seconds
[2025-04-04T19:35:58.248+0000] {processor.py:186} INFO - Started process (PID=5790) to work on /home/airflow/.local/lib/python3.12/site-packages/airflow/example_dags/example_latest_only_with_trigger.py
[2025-04-04T19:35:58.250+0000] {processor.py:914} INFO - Processing file /home/airflow/.local/lib/python3.12/site-packages/airflow/example_dags/example_latest_only_with_trigger.py for tasks to queue
[2025-04-04T19:35:58.252+0000] {logging_mixin.py:190} INFO - [2025-04-04T19:35:58.252+0000] {dagbag.py:588} INFO - Filling up the DagBag from /home/airflow/.local/lib/python3.12/site-packages/airflow/example_dags/example_latest_only_with_trigger.py
[2025-04-04T19:35:58.261+0000] {processor.py:925} INFO - DAG(s) 'latest_only_with_trigger' retrieved from /home/airflow/.local/lib/python3.12/site-packages/airflow/example_dags/example_latest_only_with_trigger.py
[2025-04-04T19:35:58.282+0000] {logging_mixin.py:190} INFO - [2025-04-04T19:35:58.281+0000] {dag.py:3239} INFO - Sync 1 DAGs
[2025-04-04T19:35:58.308+0000] {logging_mixin.py:190} INFO - [2025-04-04T19:35:58.308+0000] {dag.py:4180} INFO - Setting next_dagrun for latest_only_with_trigger to 2025-04-04 12:00:00+00:00, run_after=2025-04-04 16:00:00+00:00
[2025-04-04T19:35:58.327+0000] {processor.py:208} INFO - Processing /home/airflow/.local/lib/python3.12/site-packages/airflow/example_dags/example_latest_only_with_trigger.py took 0.085 seconds
[2025-04-04T19:36:28.661+0000] {processor.py:186} INFO - Started process (PID=5855) to work on /home/airflow/.local/lib/python3.12/site-packages/airflow/example_dags/example_latest_only_with_trigger.py
[2025-04-04T19:36:28.662+0000] {processor.py:914} INFO - Processing file /home/airflow/.local/lib/python3.12/site-packages/airflow/example_dags/example_latest_only_with_trigger.py for tasks to queue
[2025-04-04T19:36:28.664+0000] {logging_mixin.py:190} INFO - [2025-04-04T19:36:28.664+0000] {dagbag.py:588} INFO - Filling up the DagBag from /home/airflow/.local/lib/python3.12/site-packages/airflow/example_dags/example_latest_only_with_trigger.py
[2025-04-04T19:36:28.671+0000] {processor.py:925} INFO - DAG(s) 'latest_only_with_trigger' retrieved from /home/airflow/.local/lib/python3.12/site-packages/airflow/example_dags/example_latest_only_with_trigger.py
[2025-04-04T19:36:28.691+0000] {logging_mixin.py:190} INFO - [2025-04-04T19:36:28.691+0000] {dag.py:3239} INFO - Sync 1 DAGs
[2025-04-04T19:36:28.716+0000] {logging_mixin.py:190} INFO - [2025-04-04T19:36:28.716+0000] {dag.py:4180} INFO - Setting next_dagrun for latest_only_with_trigger to 2025-04-04 12:00:00+00:00, run_after=2025-04-04 16:00:00+00:00
[2025-04-04T19:36:28.739+0000] {processor.py:208} INFO - Processing /home/airflow/.local/lib/python3.12/site-packages/airflow/example_dags/example_latest_only_with_trigger.py took 0.083 seconds
[2025-04-04T19:36:59.605+0000] {processor.py:186} INFO - Started process (PID=5920) to work on /home/airflow/.local/lib/python3.12/site-packages/airflow/example_dags/example_latest_only_with_trigger.py
[2025-04-04T19:36:59.606+0000] {processor.py:914} INFO - Processing file /home/airflow/.local/lib/python3.12/site-packages/airflow/example_dags/example_latest_only_with_trigger.py for tasks to queue
[2025-04-04T19:36:59.608+0000] {logging_mixin.py:190} INFO - [2025-04-04T19:36:59.608+0000] {dagbag.py:588} INFO - Filling up the DagBag from /home/airflow/.local/lib/python3.12/site-packages/airflow/example_dags/example_latest_only_with_trigger.py
[2025-04-04T19:36:59.615+0000] {processor.py:925} INFO - DAG(s) 'latest_only_with_trigger' retrieved from /home/airflow/.local/lib/python3.12/site-packages/airflow/example_dags/example_latest_only_with_trigger.py
[2025-04-04T19:36:59.635+0000] {logging_mixin.py:190} INFO - [2025-04-04T19:36:59.634+0000] {dag.py:3239} INFO - Sync 1 DAGs
[2025-04-04T19:36:59.656+0000] {logging_mixin.py:190} INFO - [2025-04-04T19:36:59.656+0000] {dag.py:4180} INFO - Setting next_dagrun for latest_only_with_trigger to 2025-04-04 12:00:00+00:00, run_after=2025-04-04 16:00:00+00:00
[2025-04-04T19:36:59.672+0000] {processor.py:208} INFO - Processing /home/airflow/.local/lib/python3.12/site-packages/airflow/example_dags/example_latest_only_with_trigger.py took 0.072 seconds
[2025-04-04T19:40:00.980+0000] {processor.py:186} INFO - Started process (PID=59) to work on /home/airflow/.local/lib/python3.12/site-packages/airflow/example_dags/example_latest_only_with_trigger.py
[2025-04-04T19:40:00.981+0000] {processor.py:914} INFO - Processing file /home/airflow/.local/lib/python3.12/site-packages/airflow/example_dags/example_latest_only_with_trigger.py for tasks to queue
[2025-04-04T19:40:00.983+0000] {logging_mixin.py:190} INFO - [2025-04-04T19:40:00.983+0000] {dagbag.py:588} INFO - Filling up the DagBag from /home/airflow/.local/lib/python3.12/site-packages/airflow/example_dags/example_latest_only_with_trigger.py
[2025-04-04T19:40:00.994+0000] {processor.py:925} INFO - DAG(s) 'latest_only_with_trigger' retrieved from /home/airflow/.local/lib/python3.12/site-packages/airflow/example_dags/example_latest_only_with_trigger.py
[2025-04-04T19:40:01.024+0000] {logging_mixin.py:190} INFO - [2025-04-04T19:40:01.023+0000] {dag.py:3239} INFO - Sync 1 DAGs
[2025-04-04T19:40:01.057+0000] {logging_mixin.py:190} INFO - [2025-04-04T19:40:01.056+0000] {dag.py:4180} INFO - Setting next_dagrun for latest_only_with_trigger to 2025-04-04 12:00:00+00:00, run_after=2025-04-04 16:00:00+00:00
[2025-04-04T19:40:01.075+0000] {processor.py:208} INFO - Processing /home/airflow/.local/lib/python3.12/site-packages/airflow/example_dags/example_latest_only_with_trigger.py took 0.100 seconds
[2025-04-04T19:40:32.240+0000] {processor.py:186} INFO - Started process (PID=124) to work on /home/airflow/.local/lib/python3.12/site-packages/airflow/example_dags/example_latest_only_with_trigger.py
[2025-04-04T19:40:32.241+0000] {processor.py:914} INFO - Processing file /home/airflow/.local/lib/python3.12/site-packages/airflow/example_dags/example_latest_only_with_trigger.py for tasks to queue
[2025-04-04T19:40:32.244+0000] {logging_mixin.py:190} INFO - [2025-04-04T19:40:32.243+0000] {dagbag.py:588} INFO - Filling up the DagBag from /home/airflow/.local/lib/python3.12/site-packages/airflow/example_dags/example_latest_only_with_trigger.py
[2025-04-04T19:40:32.257+0000] {processor.py:925} INFO - DAG(s) 'latest_only_with_trigger' retrieved from /home/airflow/.local/lib/python3.12/site-packages/airflow/example_dags/example_latest_only_with_trigger.py
[2025-04-04T19:40:32.291+0000] {logging_mixin.py:190} INFO - [2025-04-04T19:40:32.290+0000] {dag.py:3239} INFO - Sync 1 DAGs
[2025-04-04T19:40:32.327+0000] {logging_mixin.py:190} INFO - [2025-04-04T19:40:32.327+0000] {dag.py:4180} INFO - Setting next_dagrun for latest_only_with_trigger to 2025-04-04 12:00:00+00:00, run_after=2025-04-04 16:00:00+00:00
[2025-04-04T19:40:32.351+0000] {processor.py:208} INFO - Processing /home/airflow/.local/lib/python3.12/site-packages/airflow/example_dags/example_latest_only_with_trigger.py took 0.118 seconds
[2025-04-04T19:41:03.428+0000] {processor.py:186} INFO - Started process (PID=196) to work on /home/airflow/.local/lib/python3.12/site-packages/airflow/example_dags/example_latest_only_with_trigger.py
[2025-04-04T19:41:03.429+0000] {processor.py:914} INFO - Processing file /home/airflow/.local/lib/python3.12/site-packages/airflow/example_dags/example_latest_only_with_trigger.py for tasks to queue
[2025-04-04T19:41:03.431+0000] {logging_mixin.py:190} INFO - [2025-04-04T19:41:03.431+0000] {dagbag.py:588} INFO - Filling up the DagBag from /home/airflow/.local/lib/python3.12/site-packages/airflow/example_dags/example_latest_only_with_trigger.py
[2025-04-04T19:41:03.439+0000] {processor.py:925} INFO - DAG(s) 'latest_only_with_trigger' retrieved from /home/airflow/.local/lib/python3.12/site-packages/airflow/example_dags/example_latest_only_with_trigger.py
[2025-04-04T19:41:03.466+0000] {logging_mixin.py:190} INFO - [2025-04-04T19:41:03.465+0000] {dag.py:3239} INFO - Sync 1 DAGs
[2025-04-04T19:41:03.489+0000] {logging_mixin.py:190} INFO - [2025-04-04T19:41:03.488+0000] {dag.py:4180} INFO - Setting next_dagrun for latest_only_with_trigger to 2025-04-04 12:00:00+00:00, run_after=2025-04-04 16:00:00+00:00
[2025-04-04T19:41:03.506+0000] {processor.py:208} INFO - Processing /home/airflow/.local/lib/python3.12/site-packages/airflow/example_dags/example_latest_only_with_trigger.py took 0.083 seconds
