[2025-04-04T19:07:22.182+0000] {processor.py:186} INFO - Started process (PID=2194) to work on /home/airflow/.local/lib/python3.12/site-packages/airflow/example_dags/example_trigger_target_dag.py
[2025-04-04T19:07:22.183+0000] {processor.py:914} INFO - Processing file /home/airflow/.local/lib/python3.12/site-packages/airflow/example_dags/example_trigger_target_dag.py for tasks to queue
[2025-04-04T19:07:22.185+0000] {logging_mixin.py:190} INFO - [2025-04-04T19:07:22.184+0000] {dagbag.py:588} INFO - Filling up the DagBag from /home/airflow/.local/lib/python3.12/site-packages/airflow/example_dags/example_trigger_target_dag.py
[2025-04-04T19:07:22.192+0000] {processor.py:925} INFO - DAG(s) 'example_trigger_target_dag' retrieved from /home/airflow/.local/lib/python3.12/site-packages/airflow/example_dags/example_trigger_target_dag.py
[2025-04-04T19:07:22.209+0000] {logging_mixin.py:190} INFO - [2025-04-04T19:07:22.209+0000] {dag.py:3239} INFO - Sync 1 DAGs
[2025-04-04T19:07:22.222+0000] {logging_mixin.py:190} INFO - [2025-04-04T19:07:22.222+0000] {dag.py:4180} INFO - Setting next_dagrun for example_trigger_target_dag to None, run_after=None
[2025-04-04T19:07:22.239+0000] {processor.py:208} INFO - Processing /home/airflow/.local/lib/python3.12/site-packages/airflow/example_dags/example_trigger_target_dag.py took 0.062 seconds
[2025-04-04T19:07:53.736+0000] {processor.py:186} INFO - Started process (PID=2258) to work on /home/airflow/.local/lib/python3.12/site-packages/airflow/example_dags/example_trigger_target_dag.py
[2025-04-04T19:07:53.736+0000] {processor.py:914} INFO - Processing file /home/airflow/.local/lib/python3.12/site-packages/airflow/example_dags/example_trigger_target_dag.py for tasks to queue
[2025-04-04T19:07:53.738+0000] {logging_mixin.py:190} INFO - [2025-04-04T19:07:53.738+0000] {dagbag.py:588} INFO - Filling up the DagBag from /home/airflow/.local/lib/python3.12/site-packages/airflow/example_dags/example_trigger_target_dag.py
[2025-04-04T19:07:53.746+0000] {processor.py:925} INFO - DAG(s) 'example_trigger_target_dag' retrieved from /home/airflow/.local/lib/python3.12/site-packages/airflow/example_dags/example_trigger_target_dag.py
[2025-04-04T19:07:53.764+0000] {logging_mixin.py:190} INFO - [2025-04-04T19:07:53.764+0000] {dag.py:3239} INFO - Sync 1 DAGs
[2025-04-04T19:07:53.779+0000] {logging_mixin.py:190} INFO - [2025-04-04T19:07:53.779+0000] {dag.py:4180} INFO - Setting next_dagrun for example_trigger_target_dag to None, run_after=None
[2025-04-04T19:07:53.797+0000] {processor.py:208} INFO - Processing /home/airflow/.local/lib/python3.12/site-packages/airflow/example_dags/example_trigger_target_dag.py took 0.067 seconds
[2025-04-04T19:08:24.849+0000] {processor.py:186} INFO - Started process (PID=2322) to work on /home/airflow/.local/lib/python3.12/site-packages/airflow/example_dags/example_trigger_target_dag.py
[2025-04-04T19:08:24.850+0000] {processor.py:914} INFO - Processing file /home/airflow/.local/lib/python3.12/site-packages/airflow/example_dags/example_trigger_target_dag.py for tasks to queue
[2025-04-04T19:08:24.853+0000] {logging_mixin.py:190} INFO - [2025-04-04T19:08:24.853+0000] {dagbag.py:588} INFO - Filling up the DagBag from /home/airflow/.local/lib/python3.12/site-packages/airflow/example_dags/example_trigger_target_dag.py
[2025-04-04T19:08:24.863+0000] {processor.py:925} INFO - DAG(s) 'example_trigger_target_dag' retrieved from /home/airflow/.local/lib/python3.12/site-packages/airflow/example_dags/example_trigger_target_dag.py
[2025-04-04T19:08:24.883+0000] {logging_mixin.py:190} INFO - [2025-04-04T19:08:24.883+0000] {dag.py:3239} INFO - Sync 1 DAGs
[2025-04-04T19:08:24.898+0000] {logging_mixin.py:190} INFO - [2025-04-04T19:08:24.898+0000] {dag.py:4180} INFO - Setting next_dagrun for example_trigger_target_dag to None, run_after=None
[2025-04-04T19:08:24.916+0000] {processor.py:208} INFO - Processing /home/airflow/.local/lib/python3.12/site-packages/airflow/example_dags/example_trigger_target_dag.py took 0.072 seconds
[2025-04-04T19:08:56.231+0000] {processor.py:186} INFO - Started process (PID=2388) to work on /home/airflow/.local/lib/python3.12/site-packages/airflow/example_dags/example_trigger_target_dag.py
[2025-04-04T19:08:56.232+0000] {processor.py:914} INFO - Processing file /home/airflow/.local/lib/python3.12/site-packages/airflow/example_dags/example_trigger_target_dag.py for tasks to queue
[2025-04-04T19:08:56.234+0000] {logging_mixin.py:190} INFO - [2025-04-04T19:08:56.234+0000] {dagbag.py:588} INFO - Filling up the DagBag from /home/airflow/.local/lib/python3.12/site-packages/airflow/example_dags/example_trigger_target_dag.py
[2025-04-04T19:08:56.244+0000] {processor.py:925} INFO - DAG(s) 'example_trigger_target_dag' retrieved from /home/airflow/.local/lib/python3.12/site-packages/airflow/example_dags/example_trigger_target_dag.py
[2025-04-04T19:08:56.266+0000] {logging_mixin.py:190} INFO - [2025-04-04T19:08:56.265+0000] {dag.py:3239} INFO - Sync 1 DAGs
[2025-04-04T19:08:56.280+0000] {logging_mixin.py:190} INFO - [2025-04-04T19:08:56.280+0000] {dag.py:4180} INFO - Setting next_dagrun for example_trigger_target_dag to None, run_after=None
[2025-04-04T19:08:56.298+0000] {processor.py:208} INFO - Processing /home/airflow/.local/lib/python3.12/site-packages/airflow/example_dags/example_trigger_target_dag.py took 0.073 seconds
[2025-04-04T19:09:26.808+0000] {processor.py:186} INFO - Started process (PID=2451) to work on /home/airflow/.local/lib/python3.12/site-packages/airflow/example_dags/example_trigger_target_dag.py
[2025-04-04T19:09:26.809+0000] {processor.py:914} INFO - Processing file /home/airflow/.local/lib/python3.12/site-packages/airflow/example_dags/example_trigger_target_dag.py for tasks to queue
[2025-04-04T19:09:26.811+0000] {logging_mixin.py:190} INFO - [2025-04-04T19:09:26.811+0000] {dagbag.py:588} INFO - Filling up the DagBag from /home/airflow/.local/lib/python3.12/site-packages/airflow/example_dags/example_trigger_target_dag.py
[2025-04-04T19:09:26.819+0000] {processor.py:925} INFO - DAG(s) 'example_trigger_target_dag' retrieved from /home/airflow/.local/lib/python3.12/site-packages/airflow/example_dags/example_trigger_target_dag.py
[2025-04-04T19:09:26.836+0000] {logging_mixin.py:190} INFO - [2025-04-04T19:09:26.836+0000] {dag.py:3239} INFO - Sync 1 DAGs
[2025-04-04T19:09:26.849+0000] {logging_mixin.py:190} INFO - [2025-04-04T19:09:26.848+0000] {dag.py:4180} INFO - Setting next_dagrun for example_trigger_target_dag to None, run_after=None
[2025-04-04T19:09:26.865+0000] {processor.py:208} INFO - Processing /home/airflow/.local/lib/python3.12/site-packages/airflow/example_dags/example_trigger_target_dag.py took 0.061 seconds
[2025-04-04T19:09:57.727+0000] {processor.py:186} INFO - Started process (PID=2515) to work on /home/airflow/.local/lib/python3.12/site-packages/airflow/example_dags/example_trigger_target_dag.py
[2025-04-04T19:09:57.728+0000] {processor.py:914} INFO - Processing file /home/airflow/.local/lib/python3.12/site-packages/airflow/example_dags/example_trigger_target_dag.py for tasks to queue
[2025-04-04T19:09:57.730+0000] {logging_mixin.py:190} INFO - [2025-04-04T19:09:57.730+0000] {dagbag.py:588} INFO - Filling up the DagBag from /home/airflow/.local/lib/python3.12/site-packages/airflow/example_dags/example_trigger_target_dag.py
[2025-04-04T19:09:57.738+0000] {processor.py:925} INFO - DAG(s) 'example_trigger_target_dag' retrieved from /home/airflow/.local/lib/python3.12/site-packages/airflow/example_dags/example_trigger_target_dag.py
[2025-04-04T19:09:57.756+0000] {logging_mixin.py:190} INFO - [2025-04-04T19:09:57.756+0000] {dag.py:3239} INFO - Sync 1 DAGs
[2025-04-04T19:09:57.770+0000] {logging_mixin.py:190} INFO - [2025-04-04T19:09:57.770+0000] {dag.py:4180} INFO - Setting next_dagrun for example_trigger_target_dag to None, run_after=None
[2025-04-04T19:09:57.785+0000] {processor.py:208} INFO - Processing /home/airflow/.local/lib/python3.12/site-packages/airflow/example_dags/example_trigger_target_dag.py took 0.064 seconds
[2025-04-04T19:10:29.561+0000] {processor.py:186} INFO - Started process (PID=2586) to work on /home/airflow/.local/lib/python3.12/site-packages/airflow/example_dags/example_trigger_target_dag.py
[2025-04-04T19:10:29.562+0000] {processor.py:914} INFO - Processing file /home/airflow/.local/lib/python3.12/site-packages/airflow/example_dags/example_trigger_target_dag.py for tasks to queue
[2025-04-04T19:10:29.564+0000] {logging_mixin.py:190} INFO - [2025-04-04T19:10:29.564+0000] {dagbag.py:588} INFO - Filling up the DagBag from /home/airflow/.local/lib/python3.12/site-packages/airflow/example_dags/example_trigger_target_dag.py
[2025-04-04T19:10:29.572+0000] {processor.py:925} INFO - DAG(s) 'example_trigger_target_dag' retrieved from /home/airflow/.local/lib/python3.12/site-packages/airflow/example_dags/example_trigger_target_dag.py
[2025-04-04T19:10:29.590+0000] {logging_mixin.py:190} INFO - [2025-04-04T19:10:29.589+0000] {dag.py:3239} INFO - Sync 1 DAGs
[2025-04-04T19:10:29.603+0000] {logging_mixin.py:190} INFO - [2025-04-04T19:10:29.602+0000] {dag.py:4180} INFO - Setting next_dagrun for example_trigger_target_dag to None, run_after=None
[2025-04-04T19:10:29.619+0000] {processor.py:208} INFO - Processing /home/airflow/.local/lib/python3.12/site-packages/airflow/example_dags/example_trigger_target_dag.py took 0.064 seconds
[2025-04-04T19:11:00.699+0000] {processor.py:186} INFO - Started process (PID=2650) to work on /home/airflow/.local/lib/python3.12/site-packages/airflow/example_dags/example_trigger_target_dag.py
[2025-04-04T19:11:00.700+0000] {processor.py:914} INFO - Processing file /home/airflow/.local/lib/python3.12/site-packages/airflow/example_dags/example_trigger_target_dag.py for tasks to queue
[2025-04-04T19:11:00.702+0000] {logging_mixin.py:190} INFO - [2025-04-04T19:11:00.702+0000] {dagbag.py:588} INFO - Filling up the DagBag from /home/airflow/.local/lib/python3.12/site-packages/airflow/example_dags/example_trigger_target_dag.py
[2025-04-04T19:11:00.709+0000] {processor.py:925} INFO - DAG(s) 'example_trigger_target_dag' retrieved from /home/airflow/.local/lib/python3.12/site-packages/airflow/example_dags/example_trigger_target_dag.py
[2025-04-04T19:11:00.726+0000] {logging_mixin.py:190} INFO - [2025-04-04T19:11:00.726+0000] {dag.py:3239} INFO - Sync 1 DAGs
[2025-04-04T19:11:00.740+0000] {logging_mixin.py:190} INFO - [2025-04-04T19:11:00.740+0000] {dag.py:4180} INFO - Setting next_dagrun for example_trigger_target_dag to None, run_after=None
[2025-04-04T19:11:00.756+0000] {processor.py:208} INFO - Processing /home/airflow/.local/lib/python3.12/site-packages/airflow/example_dags/example_trigger_target_dag.py took 0.062 seconds
[2025-04-04T19:11:31.828+0000] {processor.py:186} INFO - Started process (PID=2714) to work on /home/airflow/.local/lib/python3.12/site-packages/airflow/example_dags/example_trigger_target_dag.py
[2025-04-04T19:11:31.829+0000] {processor.py:914} INFO - Processing file /home/airflow/.local/lib/python3.12/site-packages/airflow/example_dags/example_trigger_target_dag.py for tasks to queue
[2025-04-04T19:11:31.831+0000] {logging_mixin.py:190} INFO - [2025-04-04T19:11:31.831+0000] {dagbag.py:588} INFO - Filling up the DagBag from /home/airflow/.local/lib/python3.12/site-packages/airflow/example_dags/example_trigger_target_dag.py
[2025-04-04T19:11:31.839+0000] {processor.py:925} INFO - DAG(s) 'example_trigger_target_dag' retrieved from /home/airflow/.local/lib/python3.12/site-packages/airflow/example_dags/example_trigger_target_dag.py
[2025-04-04T19:11:31.857+0000] {logging_mixin.py:190} INFO - [2025-04-04T19:11:31.857+0000] {dag.py:3239} INFO - Sync 1 DAGs
[2025-04-04T19:11:31.871+0000] {logging_mixin.py:190} INFO - [2025-04-04T19:11:31.871+0000] {dag.py:4180} INFO - Setting next_dagrun for example_trigger_target_dag to None, run_after=None
[2025-04-04T19:11:31.889+0000] {processor.py:208} INFO - Processing /home/airflow/.local/lib/python3.12/site-packages/airflow/example_dags/example_trigger_target_dag.py took 0.067 seconds
[2025-04-04T19:12:02.849+0000] {processor.py:186} INFO - Started process (PID=2778) to work on /home/airflow/.local/lib/python3.12/site-packages/airflow/example_dags/example_trigger_target_dag.py
[2025-04-04T19:12:02.850+0000] {processor.py:914} INFO - Processing file /home/airflow/.local/lib/python3.12/site-packages/airflow/example_dags/example_trigger_target_dag.py for tasks to queue
[2025-04-04T19:12:02.853+0000] {logging_mixin.py:190} INFO - [2025-04-04T19:12:02.852+0000] {dagbag.py:588} INFO - Filling up the DagBag from /home/airflow/.local/lib/python3.12/site-packages/airflow/example_dags/example_trigger_target_dag.py
[2025-04-04T19:12:02.861+0000] {processor.py:925} INFO - DAG(s) 'example_trigger_target_dag' retrieved from /home/airflow/.local/lib/python3.12/site-packages/airflow/example_dags/example_trigger_target_dag.py
[2025-04-04T19:12:02.884+0000] {logging_mixin.py:190} INFO - [2025-04-04T19:12:02.883+0000] {dag.py:3239} INFO - Sync 1 DAGs
[2025-04-04T19:12:02.900+0000] {logging_mixin.py:190} INFO - [2025-04-04T19:12:02.899+0000] {dag.py:4180} INFO - Setting next_dagrun for example_trigger_target_dag to None, run_after=None
[2025-04-04T19:12:02.918+0000] {processor.py:208} INFO - Processing /home/airflow/.local/lib/python3.12/site-packages/airflow/example_dags/example_trigger_target_dag.py took 0.075 seconds
[2025-04-04T19:12:34.021+0000] {processor.py:186} INFO - Started process (PID=2842) to work on /home/airflow/.local/lib/python3.12/site-packages/airflow/example_dags/example_trigger_target_dag.py
[2025-04-04T19:12:34.022+0000] {processor.py:914} INFO - Processing file /home/airflow/.local/lib/python3.12/site-packages/airflow/example_dags/example_trigger_target_dag.py for tasks to queue
[2025-04-04T19:12:34.024+0000] {logging_mixin.py:190} INFO - [2025-04-04T19:12:34.024+0000] {dagbag.py:588} INFO - Filling up the DagBag from /home/airflow/.local/lib/python3.12/site-packages/airflow/example_dags/example_trigger_target_dag.py
[2025-04-04T19:12:34.031+0000] {processor.py:925} INFO - DAG(s) 'example_trigger_target_dag' retrieved from /home/airflow/.local/lib/python3.12/site-packages/airflow/example_dags/example_trigger_target_dag.py
[2025-04-04T19:12:34.050+0000] {logging_mixin.py:190} INFO - [2025-04-04T19:12:34.049+0000] {dag.py:3239} INFO - Sync 1 DAGs
[2025-04-04T19:12:34.063+0000] {logging_mixin.py:190} INFO - [2025-04-04T19:12:34.063+0000] {dag.py:4180} INFO - Setting next_dagrun for example_trigger_target_dag to None, run_after=None
[2025-04-04T19:12:34.078+0000] {processor.py:208} INFO - Processing /home/airflow/.local/lib/python3.12/site-packages/airflow/example_dags/example_trigger_target_dag.py took 0.063 seconds
[2025-04-04T19:13:05.364+0000] {processor.py:186} INFO - Started process (PID=2906) to work on /home/airflow/.local/lib/python3.12/site-packages/airflow/example_dags/example_trigger_target_dag.py
[2025-04-04T19:13:05.365+0000] {processor.py:914} INFO - Processing file /home/airflow/.local/lib/python3.12/site-packages/airflow/example_dags/example_trigger_target_dag.py for tasks to queue
[2025-04-04T19:13:05.368+0000] {logging_mixin.py:190} INFO - [2025-04-04T19:13:05.367+0000] {dagbag.py:588} INFO - Filling up the DagBag from /home/airflow/.local/lib/python3.12/site-packages/airflow/example_dags/example_trigger_target_dag.py
[2025-04-04T19:13:05.377+0000] {processor.py:925} INFO - DAG(s) 'example_trigger_target_dag' retrieved from /home/airflow/.local/lib/python3.12/site-packages/airflow/example_dags/example_trigger_target_dag.py
[2025-04-04T19:13:05.405+0000] {logging_mixin.py:190} INFO - [2025-04-04T19:13:05.405+0000] {dag.py:3239} INFO - Sync 1 DAGs
[2025-04-04T19:13:05.421+0000] {logging_mixin.py:190} INFO - [2025-04-04T19:13:05.421+0000] {dag.py:4180} INFO - Setting next_dagrun for example_trigger_target_dag to None, run_after=None
[2025-04-04T19:13:05.441+0000] {processor.py:208} INFO - Processing /home/airflow/.local/lib/python3.12/site-packages/airflow/example_dags/example_trigger_target_dag.py took 0.085 seconds
[2025-04-04T19:13:36.347+0000] {processor.py:186} INFO - Started process (PID=2970) to work on /home/airflow/.local/lib/python3.12/site-packages/airflow/example_dags/example_trigger_target_dag.py
[2025-04-04T19:13:36.348+0000] {processor.py:914} INFO - Processing file /home/airflow/.local/lib/python3.12/site-packages/airflow/example_dags/example_trigger_target_dag.py for tasks to queue
[2025-04-04T19:13:36.350+0000] {logging_mixin.py:190} INFO - [2025-04-04T19:13:36.350+0000] {dagbag.py:588} INFO - Filling up the DagBag from /home/airflow/.local/lib/python3.12/site-packages/airflow/example_dags/example_trigger_target_dag.py
[2025-04-04T19:13:36.357+0000] {processor.py:925} INFO - DAG(s) 'example_trigger_target_dag' retrieved from /home/airflow/.local/lib/python3.12/site-packages/airflow/example_dags/example_trigger_target_dag.py
[2025-04-04T19:13:36.376+0000] {logging_mixin.py:190} INFO - [2025-04-04T19:13:36.376+0000] {dag.py:3239} INFO - Sync 1 DAGs
[2025-04-04T19:13:36.391+0000] {logging_mixin.py:190} INFO - [2025-04-04T19:13:36.391+0000] {dag.py:4180} INFO - Setting next_dagrun for example_trigger_target_dag to None, run_after=None
[2025-04-04T19:13:36.407+0000] {processor.py:208} INFO - Processing /home/airflow/.local/lib/python3.12/site-packages/airflow/example_dags/example_trigger_target_dag.py took 0.065 seconds
[2025-04-04T19:14:08.160+0000] {processor.py:186} INFO - Started process (PID=3034) to work on /home/airflow/.local/lib/python3.12/site-packages/airflow/example_dags/example_trigger_target_dag.py
[2025-04-04T19:14:08.162+0000] {processor.py:914} INFO - Processing file /home/airflow/.local/lib/python3.12/site-packages/airflow/example_dags/example_trigger_target_dag.py for tasks to queue
[2025-04-04T19:14:08.164+0000] {logging_mixin.py:190} INFO - [2025-04-04T19:14:08.164+0000] {dagbag.py:588} INFO - Filling up the DagBag from /home/airflow/.local/lib/python3.12/site-packages/airflow/example_dags/example_trigger_target_dag.py
[2025-04-04T19:14:08.171+0000] {processor.py:925} INFO - DAG(s) 'example_trigger_target_dag' retrieved from /home/airflow/.local/lib/python3.12/site-packages/airflow/example_dags/example_trigger_target_dag.py
[2025-04-04T19:14:08.191+0000] {logging_mixin.py:190} INFO - [2025-04-04T19:14:08.191+0000] {dag.py:3239} INFO - Sync 1 DAGs
[2025-04-04T19:14:08.207+0000] {logging_mixin.py:190} INFO - [2025-04-04T19:14:08.206+0000] {dag.py:4180} INFO - Setting next_dagrun for example_trigger_target_dag to None, run_after=None
[2025-04-04T19:14:08.226+0000] {processor.py:208} INFO - Processing /home/airflow/.local/lib/python3.12/site-packages/airflow/example_dags/example_trigger_target_dag.py took 0.071 seconds
[2025-04-04T19:14:39.001+0000] {processor.py:186} INFO - Started process (PID=3098) to work on /home/airflow/.local/lib/python3.12/site-packages/airflow/example_dags/example_trigger_target_dag.py
[2025-04-04T19:14:39.003+0000] {processor.py:914} INFO - Processing file /home/airflow/.local/lib/python3.12/site-packages/airflow/example_dags/example_trigger_target_dag.py for tasks to queue
[2025-04-04T19:14:39.008+0000] {logging_mixin.py:190} INFO - [2025-04-04T19:14:39.007+0000] {dagbag.py:588} INFO - Filling up the DagBag from /home/airflow/.local/lib/python3.12/site-packages/airflow/example_dags/example_trigger_target_dag.py
[2025-04-04T19:14:39.022+0000] {processor.py:925} INFO - DAG(s) 'example_trigger_target_dag' retrieved from /home/airflow/.local/lib/python3.12/site-packages/airflow/example_dags/example_trigger_target_dag.py
[2025-04-04T19:14:39.048+0000] {logging_mixin.py:190} INFO - [2025-04-04T19:14:39.048+0000] {dag.py:3239} INFO - Sync 1 DAGs
[2025-04-04T19:14:39.064+0000] {logging_mixin.py:190} INFO - [2025-04-04T19:14:39.064+0000] {dag.py:4180} INFO - Setting next_dagrun for example_trigger_target_dag to None, run_after=None
[2025-04-04T19:14:39.092+0000] {processor.py:208} INFO - Processing /home/airflow/.local/lib/python3.12/site-packages/airflow/example_dags/example_trigger_target_dag.py took 0.103 seconds
[2025-04-04T19:15:10.158+0000] {processor.py:186} INFO - Started process (PID=3162) to work on /home/airflow/.local/lib/python3.12/site-packages/airflow/example_dags/example_trigger_target_dag.py
[2025-04-04T19:15:10.159+0000] {processor.py:914} INFO - Processing file /home/airflow/.local/lib/python3.12/site-packages/airflow/example_dags/example_trigger_target_dag.py for tasks to queue
[2025-04-04T19:15:10.162+0000] {logging_mixin.py:190} INFO - [2025-04-04T19:15:10.161+0000] {dagbag.py:588} INFO - Filling up the DagBag from /home/airflow/.local/lib/python3.12/site-packages/airflow/example_dags/example_trigger_target_dag.py
[2025-04-04T19:15:10.169+0000] {processor.py:925} INFO - DAG(s) 'example_trigger_target_dag' retrieved from /home/airflow/.local/lib/python3.12/site-packages/airflow/example_dags/example_trigger_target_dag.py
[2025-04-04T19:15:10.188+0000] {logging_mixin.py:190} INFO - [2025-04-04T19:15:10.188+0000] {dag.py:3239} INFO - Sync 1 DAGs
[2025-04-04T19:15:10.201+0000] {logging_mixin.py:190} INFO - [2025-04-04T19:15:10.201+0000] {dag.py:4180} INFO - Setting next_dagrun for example_trigger_target_dag to None, run_after=None
[2025-04-04T19:15:10.219+0000] {processor.py:208} INFO - Processing /home/airflow/.local/lib/python3.12/site-packages/airflow/example_dags/example_trigger_target_dag.py took 0.066 seconds
[2025-04-04T19:15:41.183+0000] {processor.py:186} INFO - Started process (PID=3226) to work on /home/airflow/.local/lib/python3.12/site-packages/airflow/example_dags/example_trigger_target_dag.py
[2025-04-04T19:15:41.184+0000] {processor.py:914} INFO - Processing file /home/airflow/.local/lib/python3.12/site-packages/airflow/example_dags/example_trigger_target_dag.py for tasks to queue
[2025-04-04T19:15:41.186+0000] {logging_mixin.py:190} INFO - [2025-04-04T19:15:41.186+0000] {dagbag.py:588} INFO - Filling up the DagBag from /home/airflow/.local/lib/python3.12/site-packages/airflow/example_dags/example_trigger_target_dag.py
[2025-04-04T19:15:41.194+0000] {processor.py:925} INFO - DAG(s) 'example_trigger_target_dag' retrieved from /home/airflow/.local/lib/python3.12/site-packages/airflow/example_dags/example_trigger_target_dag.py
[2025-04-04T19:15:41.214+0000] {logging_mixin.py:190} INFO - [2025-04-04T19:15:41.214+0000] {dag.py:3239} INFO - Sync 1 DAGs
[2025-04-04T19:15:41.230+0000] {logging_mixin.py:190} INFO - [2025-04-04T19:15:41.230+0000] {dag.py:4180} INFO - Setting next_dagrun for example_trigger_target_dag to None, run_after=None
[2025-04-04T19:15:41.252+0000] {processor.py:208} INFO - Processing /home/airflow/.local/lib/python3.12/site-packages/airflow/example_dags/example_trigger_target_dag.py took 0.075 seconds
[2025-04-04T19:16:12.061+0000] {processor.py:186} INFO - Started process (PID=3290) to work on /home/airflow/.local/lib/python3.12/site-packages/airflow/example_dags/example_trigger_target_dag.py
[2025-04-04T19:16:12.062+0000] {processor.py:914} INFO - Processing file /home/airflow/.local/lib/python3.12/site-packages/airflow/example_dags/example_trigger_target_dag.py for tasks to queue
[2025-04-04T19:16:12.064+0000] {logging_mixin.py:190} INFO - [2025-04-04T19:16:12.064+0000] {dagbag.py:588} INFO - Filling up the DagBag from /home/airflow/.local/lib/python3.12/site-packages/airflow/example_dags/example_trigger_target_dag.py
[2025-04-04T19:16:12.071+0000] {processor.py:925} INFO - DAG(s) 'example_trigger_target_dag' retrieved from /home/airflow/.local/lib/python3.12/site-packages/airflow/example_dags/example_trigger_target_dag.py
[2025-04-04T19:16:12.089+0000] {logging_mixin.py:190} INFO - [2025-04-04T19:16:12.089+0000] {dag.py:3239} INFO - Sync 1 DAGs
[2025-04-04T19:16:12.103+0000] {logging_mixin.py:190} INFO - [2025-04-04T19:16:12.102+0000] {dag.py:4180} INFO - Setting next_dagrun for example_trigger_target_dag to None, run_after=None
[2025-04-04T19:16:12.120+0000] {processor.py:208} INFO - Processing /home/airflow/.local/lib/python3.12/site-packages/airflow/example_dags/example_trigger_target_dag.py took 0.065 seconds
[2025-04-04T19:16:43.620+0000] {processor.py:186} INFO - Started process (PID=3362) to work on /home/airflow/.local/lib/python3.12/site-packages/airflow/example_dags/example_trigger_target_dag.py
[2025-04-04T19:16:43.621+0000] {processor.py:914} INFO - Processing file /home/airflow/.local/lib/python3.12/site-packages/airflow/example_dags/example_trigger_target_dag.py for tasks to queue
[2025-04-04T19:16:43.623+0000] {logging_mixin.py:190} INFO - [2025-04-04T19:16:43.622+0000] {dagbag.py:588} INFO - Filling up the DagBag from /home/airflow/.local/lib/python3.12/site-packages/airflow/example_dags/example_trigger_target_dag.py
[2025-04-04T19:16:43.631+0000] {processor.py:925} INFO - DAG(s) 'example_trigger_target_dag' retrieved from /home/airflow/.local/lib/python3.12/site-packages/airflow/example_dags/example_trigger_target_dag.py
[2025-04-04T19:16:43.658+0000] {logging_mixin.py:190} INFO - [2025-04-04T19:16:43.657+0000] {dag.py:3239} INFO - Sync 1 DAGs
[2025-04-04T19:16:43.677+0000] {logging_mixin.py:190} INFO - [2025-04-04T19:16:43.677+0000] {dag.py:4180} INFO - Setting next_dagrun for example_trigger_target_dag to None, run_after=None
[2025-04-04T19:16:43.699+0000] {processor.py:208} INFO - Processing /home/airflow/.local/lib/python3.12/site-packages/airflow/example_dags/example_trigger_target_dag.py took 0.087 seconds
[2025-04-04T19:17:15.111+0000] {processor.py:186} INFO - Started process (PID=3427) to work on /home/airflow/.local/lib/python3.12/site-packages/airflow/example_dags/example_trigger_target_dag.py
[2025-04-04T19:17:15.112+0000] {processor.py:914} INFO - Processing file /home/airflow/.local/lib/python3.12/site-packages/airflow/example_dags/example_trigger_target_dag.py for tasks to queue
[2025-04-04T19:17:15.115+0000] {logging_mixin.py:190} INFO - [2025-04-04T19:17:15.115+0000] {dagbag.py:588} INFO - Filling up the DagBag from /home/airflow/.local/lib/python3.12/site-packages/airflow/example_dags/example_trigger_target_dag.py
[2025-04-04T19:17:15.126+0000] {processor.py:925} INFO - DAG(s) 'example_trigger_target_dag' retrieved from /home/airflow/.local/lib/python3.12/site-packages/airflow/example_dags/example_trigger_target_dag.py
[2025-04-04T19:17:15.160+0000] {logging_mixin.py:190} INFO - [2025-04-04T19:17:15.159+0000] {dag.py:3239} INFO - Sync 1 DAGs
[2025-04-04T19:17:15.179+0000] {logging_mixin.py:190} INFO - [2025-04-04T19:17:15.178+0000] {dag.py:4180} INFO - Setting next_dagrun for example_trigger_target_dag to None, run_after=None
[2025-04-04T19:17:15.202+0000] {processor.py:208} INFO - Processing /home/airflow/.local/lib/python3.12/site-packages/airflow/example_dags/example_trigger_target_dag.py took 0.098 seconds
[2025-04-04T19:17:46.036+0000] {processor.py:186} INFO - Started process (PID=3490) to work on /home/airflow/.local/lib/python3.12/site-packages/airflow/example_dags/example_trigger_target_dag.py
[2025-04-04T19:17:46.037+0000] {processor.py:914} INFO - Processing file /home/airflow/.local/lib/python3.12/site-packages/airflow/example_dags/example_trigger_target_dag.py for tasks to queue
[2025-04-04T19:17:46.040+0000] {logging_mixin.py:190} INFO - [2025-04-04T19:17:46.039+0000] {dagbag.py:588} INFO - Filling up the DagBag from /home/airflow/.local/lib/python3.12/site-packages/airflow/example_dags/example_trigger_target_dag.py
[2025-04-04T19:17:46.048+0000] {processor.py:925} INFO - DAG(s) 'example_trigger_target_dag' retrieved from /home/airflow/.local/lib/python3.12/site-packages/airflow/example_dags/example_trigger_target_dag.py
[2025-04-04T19:17:46.068+0000] {logging_mixin.py:190} INFO - [2025-04-04T19:17:46.068+0000] {dag.py:3239} INFO - Sync 1 DAGs
[2025-04-04T19:17:46.085+0000] {logging_mixin.py:190} INFO - [2025-04-04T19:17:46.085+0000] {dag.py:4180} INFO - Setting next_dagrun for example_trigger_target_dag to None, run_after=None
[2025-04-04T19:17:46.105+0000] {processor.py:208} INFO - Processing /home/airflow/.local/lib/python3.12/site-packages/airflow/example_dags/example_trigger_target_dag.py took 0.075 seconds
[2025-04-04T19:18:17.534+0000] {processor.py:186} INFO - Started process (PID=3555) to work on /home/airflow/.local/lib/python3.12/site-packages/airflow/example_dags/example_trigger_target_dag.py
[2025-04-04T19:18:17.535+0000] {processor.py:914} INFO - Processing file /home/airflow/.local/lib/python3.12/site-packages/airflow/example_dags/example_trigger_target_dag.py for tasks to queue
[2025-04-04T19:18:17.537+0000] {logging_mixin.py:190} INFO - [2025-04-04T19:18:17.537+0000] {dagbag.py:588} INFO - Filling up the DagBag from /home/airflow/.local/lib/python3.12/site-packages/airflow/example_dags/example_trigger_target_dag.py
[2025-04-04T19:18:17.544+0000] {processor.py:925} INFO - DAG(s) 'example_trigger_target_dag' retrieved from /home/airflow/.local/lib/python3.12/site-packages/airflow/example_dags/example_trigger_target_dag.py
[2025-04-04T19:18:17.563+0000] {logging_mixin.py:190} INFO - [2025-04-04T19:18:17.563+0000] {dag.py:3239} INFO - Sync 1 DAGs
[2025-04-04T19:18:17.576+0000] {logging_mixin.py:190} INFO - [2025-04-04T19:18:17.576+0000] {dag.py:4180} INFO - Setting next_dagrun for example_trigger_target_dag to None, run_after=None
[2025-04-04T19:18:17.592+0000] {processor.py:208} INFO - Processing /home/airflow/.local/lib/python3.12/site-packages/airflow/example_dags/example_trigger_target_dag.py took 0.063 seconds
[2025-04-04T19:18:48.207+0000] {processor.py:186} INFO - Started process (PID=3619) to work on /home/airflow/.local/lib/python3.12/site-packages/airflow/example_dags/example_trigger_target_dag.py
[2025-04-04T19:18:48.208+0000] {processor.py:914} INFO - Processing file /home/airflow/.local/lib/python3.12/site-packages/airflow/example_dags/example_trigger_target_dag.py for tasks to queue
[2025-04-04T19:18:48.210+0000] {logging_mixin.py:190} INFO - [2025-04-04T19:18:48.210+0000] {dagbag.py:588} INFO - Filling up the DagBag from /home/airflow/.local/lib/python3.12/site-packages/airflow/example_dags/example_trigger_target_dag.py
[2025-04-04T19:18:48.218+0000] {processor.py:925} INFO - DAG(s) 'example_trigger_target_dag' retrieved from /home/airflow/.local/lib/python3.12/site-packages/airflow/example_dags/example_trigger_target_dag.py
[2025-04-04T19:18:48.237+0000] {logging_mixin.py:190} INFO - [2025-04-04T19:18:48.236+0000] {dag.py:3239} INFO - Sync 1 DAGs
[2025-04-04T19:18:48.250+0000] {logging_mixin.py:190} INFO - [2025-04-04T19:18:48.250+0000] {dag.py:4180} INFO - Setting next_dagrun for example_trigger_target_dag to None, run_after=None
[2025-04-04T19:18:48.267+0000] {processor.py:208} INFO - Processing /home/airflow/.local/lib/python3.12/site-packages/airflow/example_dags/example_trigger_target_dag.py took 0.065 seconds
[2025-04-04T19:19:19.440+0000] {processor.py:186} INFO - Started process (PID=3683) to work on /home/airflow/.local/lib/python3.12/site-packages/airflow/example_dags/example_trigger_target_dag.py
[2025-04-04T19:19:19.441+0000] {processor.py:914} INFO - Processing file /home/airflow/.local/lib/python3.12/site-packages/airflow/example_dags/example_trigger_target_dag.py for tasks to queue
[2025-04-04T19:19:19.443+0000] {logging_mixin.py:190} INFO - [2025-04-04T19:19:19.443+0000] {dagbag.py:588} INFO - Filling up the DagBag from /home/airflow/.local/lib/python3.12/site-packages/airflow/example_dags/example_trigger_target_dag.py
[2025-04-04T19:19:19.451+0000] {processor.py:925} INFO - DAG(s) 'example_trigger_target_dag' retrieved from /home/airflow/.local/lib/python3.12/site-packages/airflow/example_dags/example_trigger_target_dag.py
[2025-04-04T19:19:19.472+0000] {logging_mixin.py:190} INFO - [2025-04-04T19:19:19.472+0000] {dag.py:3239} INFO - Sync 1 DAGs
[2025-04-04T19:19:19.487+0000] {logging_mixin.py:190} INFO - [2025-04-04T19:19:19.487+0000] {dag.py:4180} INFO - Setting next_dagrun for example_trigger_target_dag to None, run_after=None
[2025-04-04T19:19:19.508+0000] {processor.py:208} INFO - Processing /home/airflow/.local/lib/python3.12/site-packages/airflow/example_dags/example_trigger_target_dag.py took 0.074 seconds
[2025-04-04T19:19:50.139+0000] {processor.py:186} INFO - Started process (PID=3746) to work on /home/airflow/.local/lib/python3.12/site-packages/airflow/example_dags/example_trigger_target_dag.py
[2025-04-04T19:19:50.140+0000] {processor.py:914} INFO - Processing file /home/airflow/.local/lib/python3.12/site-packages/airflow/example_dags/example_trigger_target_dag.py for tasks to queue
[2025-04-04T19:19:50.142+0000] {logging_mixin.py:190} INFO - [2025-04-04T19:19:50.141+0000] {dagbag.py:588} INFO - Filling up the DagBag from /home/airflow/.local/lib/python3.12/site-packages/airflow/example_dags/example_trigger_target_dag.py
[2025-04-04T19:19:50.148+0000] {processor.py:925} INFO - DAG(s) 'example_trigger_target_dag' retrieved from /home/airflow/.local/lib/python3.12/site-packages/airflow/example_dags/example_trigger_target_dag.py
[2025-04-04T19:19:50.166+0000] {logging_mixin.py:190} INFO - [2025-04-04T19:19:50.166+0000] {dag.py:3239} INFO - Sync 1 DAGs
[2025-04-04T19:19:50.180+0000] {logging_mixin.py:190} INFO - [2025-04-04T19:19:50.180+0000] {dag.py:4180} INFO - Setting next_dagrun for example_trigger_target_dag to None, run_after=None
[2025-04-04T19:19:50.197+0000] {processor.py:208} INFO - Processing /home/airflow/.local/lib/python3.12/site-packages/airflow/example_dags/example_trigger_target_dag.py took 0.064 seconds
[2025-04-04T19:20:20.895+0000] {processor.py:186} INFO - Started process (PID=3810) to work on /home/airflow/.local/lib/python3.12/site-packages/airflow/example_dags/example_trigger_target_dag.py
[2025-04-04T19:20:20.896+0000] {processor.py:914} INFO - Processing file /home/airflow/.local/lib/python3.12/site-packages/airflow/example_dags/example_trigger_target_dag.py for tasks to queue
[2025-04-04T19:20:20.899+0000] {logging_mixin.py:190} INFO - [2025-04-04T19:20:20.898+0000] {dagbag.py:588} INFO - Filling up the DagBag from /home/airflow/.local/lib/python3.12/site-packages/airflow/example_dags/example_trigger_target_dag.py
[2025-04-04T19:20:20.906+0000] {processor.py:925} INFO - DAG(s) 'example_trigger_target_dag' retrieved from /home/airflow/.local/lib/python3.12/site-packages/airflow/example_dags/example_trigger_target_dag.py
[2025-04-04T19:20:20.924+0000] {logging_mixin.py:190} INFO - [2025-04-04T19:20:20.924+0000] {dag.py:3239} INFO - Sync 1 DAGs
[2025-04-04T19:20:20.937+0000] {logging_mixin.py:190} INFO - [2025-04-04T19:20:20.937+0000] {dag.py:4180} INFO - Setting next_dagrun for example_trigger_target_dag to None, run_after=None
[2025-04-04T19:20:20.953+0000] {processor.py:208} INFO - Processing /home/airflow/.local/lib/python3.12/site-packages/airflow/example_dags/example_trigger_target_dag.py took 0.064 seconds
[2025-04-04T19:20:51.591+0000] {processor.py:186} INFO - Started process (PID=3874) to work on /home/airflow/.local/lib/python3.12/site-packages/airflow/example_dags/example_trigger_target_dag.py
[2025-04-04T19:20:51.591+0000] {processor.py:914} INFO - Processing file /home/airflow/.local/lib/python3.12/site-packages/airflow/example_dags/example_trigger_target_dag.py for tasks to queue
[2025-04-04T19:20:51.594+0000] {logging_mixin.py:190} INFO - [2025-04-04T19:20:51.593+0000] {dagbag.py:588} INFO - Filling up the DagBag from /home/airflow/.local/lib/python3.12/site-packages/airflow/example_dags/example_trigger_target_dag.py
[2025-04-04T19:20:51.601+0000] {processor.py:925} INFO - DAG(s) 'example_trigger_target_dag' retrieved from /home/airflow/.local/lib/python3.12/site-packages/airflow/example_dags/example_trigger_target_dag.py
[2025-04-04T19:20:51.618+0000] {logging_mixin.py:190} INFO - [2025-04-04T19:20:51.618+0000] {dag.py:3239} INFO - Sync 1 DAGs
[2025-04-04T19:20:51.631+0000] {logging_mixin.py:190} INFO - [2025-04-04T19:20:51.631+0000] {dag.py:4180} INFO - Setting next_dagrun for example_trigger_target_dag to None, run_after=None
[2025-04-04T19:20:51.648+0000] {processor.py:208} INFO - Processing /home/airflow/.local/lib/python3.12/site-packages/airflow/example_dags/example_trigger_target_dag.py took 0.063 seconds
[2025-04-04T19:21:22.648+0000] {processor.py:186} INFO - Started process (PID=3938) to work on /home/airflow/.local/lib/python3.12/site-packages/airflow/example_dags/example_trigger_target_dag.py
[2025-04-04T19:21:22.649+0000] {processor.py:914} INFO - Processing file /home/airflow/.local/lib/python3.12/site-packages/airflow/example_dags/example_trigger_target_dag.py for tasks to queue
[2025-04-04T19:21:22.652+0000] {logging_mixin.py:190} INFO - [2025-04-04T19:21:22.651+0000] {dagbag.py:588} INFO - Filling up the DagBag from /home/airflow/.local/lib/python3.12/site-packages/airflow/example_dags/example_trigger_target_dag.py
[2025-04-04T19:21:22.659+0000] {processor.py:925} INFO - DAG(s) 'example_trigger_target_dag' retrieved from /home/airflow/.local/lib/python3.12/site-packages/airflow/example_dags/example_trigger_target_dag.py
[2025-04-04T19:21:22.678+0000] {logging_mixin.py:190} INFO - [2025-04-04T19:21:22.678+0000] {dag.py:3239} INFO - Sync 1 DAGs
[2025-04-04T19:21:22.692+0000] {logging_mixin.py:190} INFO - [2025-04-04T19:21:22.692+0000] {dag.py:4180} INFO - Setting next_dagrun for example_trigger_target_dag to None, run_after=None
[2025-04-04T19:21:22.711+0000] {processor.py:208} INFO - Processing /home/airflow/.local/lib/python3.12/site-packages/airflow/example_dags/example_trigger_target_dag.py took 0.069 seconds
[2025-04-04T19:21:53.451+0000] {processor.py:186} INFO - Started process (PID=4002) to work on /home/airflow/.local/lib/python3.12/site-packages/airflow/example_dags/example_trigger_target_dag.py
[2025-04-04T19:21:53.452+0000] {processor.py:914} INFO - Processing file /home/airflow/.local/lib/python3.12/site-packages/airflow/example_dags/example_trigger_target_dag.py for tasks to queue
[2025-04-04T19:21:53.455+0000] {logging_mixin.py:190} INFO - [2025-04-04T19:21:53.455+0000] {dagbag.py:588} INFO - Filling up the DagBag from /home/airflow/.local/lib/python3.12/site-packages/airflow/example_dags/example_trigger_target_dag.py
[2025-04-04T19:21:53.464+0000] {processor.py:925} INFO - DAG(s) 'example_trigger_target_dag' retrieved from /home/airflow/.local/lib/python3.12/site-packages/airflow/example_dags/example_trigger_target_dag.py
[2025-04-04T19:21:53.485+0000] {logging_mixin.py:190} INFO - [2025-04-04T19:21:53.484+0000] {dag.py:3239} INFO - Sync 1 DAGs
[2025-04-04T19:21:53.505+0000] {logging_mixin.py:190} INFO - [2025-04-04T19:21:53.505+0000] {dag.py:4180} INFO - Setting next_dagrun for example_trigger_target_dag to None, run_after=None
[2025-04-04T19:21:53.526+0000] {processor.py:208} INFO - Processing /home/airflow/.local/lib/python3.12/site-packages/airflow/example_dags/example_trigger_target_dag.py took 0.080 seconds
[2025-04-04T19:22:23.992+0000] {processor.py:186} INFO - Started process (PID=4066) to work on /home/airflow/.local/lib/python3.12/site-packages/airflow/example_dags/example_trigger_target_dag.py
[2025-04-04T19:22:23.993+0000] {processor.py:914} INFO - Processing file /home/airflow/.local/lib/python3.12/site-packages/airflow/example_dags/example_trigger_target_dag.py for tasks to queue
[2025-04-04T19:22:23.995+0000] {logging_mixin.py:190} INFO - [2025-04-04T19:22:23.994+0000] {dagbag.py:588} INFO - Filling up the DagBag from /home/airflow/.local/lib/python3.12/site-packages/airflow/example_dags/example_trigger_target_dag.py
[2025-04-04T19:22:24.003+0000] {processor.py:925} INFO - DAG(s) 'example_trigger_target_dag' retrieved from /home/airflow/.local/lib/python3.12/site-packages/airflow/example_dags/example_trigger_target_dag.py
[2025-04-04T19:22:24.021+0000] {logging_mixin.py:190} INFO - [2025-04-04T19:22:24.021+0000] {dag.py:3239} INFO - Sync 1 DAGs
[2025-04-04T19:22:24.034+0000] {logging_mixin.py:190} INFO - [2025-04-04T19:22:24.034+0000] {dag.py:4180} INFO - Setting next_dagrun for example_trigger_target_dag to None, run_after=None
[2025-04-04T19:22:24.051+0000] {processor.py:208} INFO - Processing /home/airflow/.local/lib/python3.12/site-packages/airflow/example_dags/example_trigger_target_dag.py took 0.064 seconds
[2025-04-04T19:22:55.349+0000] {processor.py:186} INFO - Started process (PID=4130) to work on /home/airflow/.local/lib/python3.12/site-packages/airflow/example_dags/example_trigger_target_dag.py
[2025-04-04T19:22:55.350+0000] {processor.py:914} INFO - Processing file /home/airflow/.local/lib/python3.12/site-packages/airflow/example_dags/example_trigger_target_dag.py for tasks to queue
[2025-04-04T19:22:55.352+0000] {logging_mixin.py:190} INFO - [2025-04-04T19:22:55.352+0000] {dagbag.py:588} INFO - Filling up the DagBag from /home/airflow/.local/lib/python3.12/site-packages/airflow/example_dags/example_trigger_target_dag.py
[2025-04-04T19:22:55.359+0000] {processor.py:925} INFO - DAG(s) 'example_trigger_target_dag' retrieved from /home/airflow/.local/lib/python3.12/site-packages/airflow/example_dags/example_trigger_target_dag.py
[2025-04-04T19:22:55.378+0000] {logging_mixin.py:190} INFO - [2025-04-04T19:22:55.377+0000] {dag.py:3239} INFO - Sync 1 DAGs
[2025-04-04T19:22:55.391+0000] {logging_mixin.py:190} INFO - [2025-04-04T19:22:55.391+0000] {dag.py:4180} INFO - Setting next_dagrun for example_trigger_target_dag to None, run_after=None
[2025-04-04T19:22:55.407+0000] {processor.py:208} INFO - Processing /home/airflow/.local/lib/python3.12/site-packages/airflow/example_dags/example_trigger_target_dag.py took 0.064 seconds
[2025-04-04T19:23:25.966+0000] {processor.py:186} INFO - Started process (PID=4194) to work on /home/airflow/.local/lib/python3.12/site-packages/airflow/example_dags/example_trigger_target_dag.py
[2025-04-04T19:23:25.967+0000] {processor.py:914} INFO - Processing file /home/airflow/.local/lib/python3.12/site-packages/airflow/example_dags/example_trigger_target_dag.py for tasks to queue
[2025-04-04T19:23:25.969+0000] {logging_mixin.py:190} INFO - [2025-04-04T19:23:25.969+0000] {dagbag.py:588} INFO - Filling up the DagBag from /home/airflow/.local/lib/python3.12/site-packages/airflow/example_dags/example_trigger_target_dag.py
[2025-04-04T19:23:25.977+0000] {processor.py:925} INFO - DAG(s) 'example_trigger_target_dag' retrieved from /home/airflow/.local/lib/python3.12/site-packages/airflow/example_dags/example_trigger_target_dag.py
[2025-04-04T19:23:25.996+0000] {logging_mixin.py:190} INFO - [2025-04-04T19:23:25.996+0000] {dag.py:3239} INFO - Sync 1 DAGs
[2025-04-04T19:23:26.012+0000] {logging_mixin.py:190} INFO - [2025-04-04T19:23:26.012+0000] {dag.py:4180} INFO - Setting next_dagrun for example_trigger_target_dag to None, run_after=None
[2025-04-04T19:23:26.030+0000] {processor.py:208} INFO - Processing /home/airflow/.local/lib/python3.12/site-packages/airflow/example_dags/example_trigger_target_dag.py took 0.070 seconds
[2025-04-04T19:23:56.494+0000] {processor.py:186} INFO - Started process (PID=4258) to work on /home/airflow/.local/lib/python3.12/site-packages/airflow/example_dags/example_trigger_target_dag.py
[2025-04-04T19:23:56.495+0000] {processor.py:914} INFO - Processing file /home/airflow/.local/lib/python3.12/site-packages/airflow/example_dags/example_trigger_target_dag.py for tasks to queue
[2025-04-04T19:23:56.497+0000] {logging_mixin.py:190} INFO - [2025-04-04T19:23:56.497+0000] {dagbag.py:588} INFO - Filling up the DagBag from /home/airflow/.local/lib/python3.12/site-packages/airflow/example_dags/example_trigger_target_dag.py
[2025-04-04T19:23:56.504+0000] {processor.py:925} INFO - DAG(s) 'example_trigger_target_dag' retrieved from /home/airflow/.local/lib/python3.12/site-packages/airflow/example_dags/example_trigger_target_dag.py
[2025-04-04T19:23:56.526+0000] {logging_mixin.py:190} INFO - [2025-04-04T19:23:56.525+0000] {dag.py:3239} INFO - Sync 1 DAGs
[2025-04-04T19:23:56.543+0000] {logging_mixin.py:190} INFO - [2025-04-04T19:23:56.543+0000] {dag.py:4180} INFO - Setting next_dagrun for example_trigger_target_dag to None, run_after=None
[2025-04-04T19:23:56.564+0000] {processor.py:208} INFO - Processing /home/airflow/.local/lib/python3.12/site-packages/airflow/example_dags/example_trigger_target_dag.py took 0.077 seconds
[2025-04-04T19:24:27.220+0000] {processor.py:186} INFO - Started process (PID=4322) to work on /home/airflow/.local/lib/python3.12/site-packages/airflow/example_dags/example_trigger_target_dag.py
[2025-04-04T19:24:27.221+0000] {processor.py:914} INFO - Processing file /home/airflow/.local/lib/python3.12/site-packages/airflow/example_dags/example_trigger_target_dag.py for tasks to queue
[2025-04-04T19:24:27.222+0000] {logging_mixin.py:190} INFO - [2025-04-04T19:24:27.222+0000] {dagbag.py:588} INFO - Filling up the DagBag from /home/airflow/.local/lib/python3.12/site-packages/airflow/example_dags/example_trigger_target_dag.py
[2025-04-04T19:24:27.229+0000] {processor.py:925} INFO - DAG(s) 'example_trigger_target_dag' retrieved from /home/airflow/.local/lib/python3.12/site-packages/airflow/example_dags/example_trigger_target_dag.py
[2025-04-04T19:24:27.248+0000] {logging_mixin.py:190} INFO - [2025-04-04T19:24:27.248+0000] {dag.py:3239} INFO - Sync 1 DAGs
[2025-04-04T19:24:27.261+0000] {logging_mixin.py:190} INFO - [2025-04-04T19:24:27.261+0000] {dag.py:4180} INFO - Setting next_dagrun for example_trigger_target_dag to None, run_after=None
[2025-04-04T19:24:27.277+0000] {processor.py:208} INFO - Processing /home/airflow/.local/lib/python3.12/site-packages/airflow/example_dags/example_trigger_target_dag.py took 0.063 seconds
[2025-04-04T19:24:58.823+0000] {processor.py:186} INFO - Started process (PID=4386) to work on /home/airflow/.local/lib/python3.12/site-packages/airflow/example_dags/example_trigger_target_dag.py
[2025-04-04T19:24:58.824+0000] {processor.py:914} INFO - Processing file /home/airflow/.local/lib/python3.12/site-packages/airflow/example_dags/example_trigger_target_dag.py for tasks to queue
[2025-04-04T19:24:58.826+0000] {logging_mixin.py:190} INFO - [2025-04-04T19:24:58.826+0000] {dagbag.py:588} INFO - Filling up the DagBag from /home/airflow/.local/lib/python3.12/site-packages/airflow/example_dags/example_trigger_target_dag.py
[2025-04-04T19:24:58.834+0000] {processor.py:925} INFO - DAG(s) 'example_trigger_target_dag' retrieved from /home/airflow/.local/lib/python3.12/site-packages/airflow/example_dags/example_trigger_target_dag.py
[2025-04-04T19:24:58.852+0000] {logging_mixin.py:190} INFO - [2025-04-04T19:24:58.852+0000] {dag.py:3239} INFO - Sync 1 DAGs
[2025-04-04T19:24:58.866+0000] {logging_mixin.py:190} INFO - [2025-04-04T19:24:58.865+0000] {dag.py:4180} INFO - Setting next_dagrun for example_trigger_target_dag to None, run_after=None
[2025-04-04T19:24:58.883+0000] {processor.py:208} INFO - Processing /home/airflow/.local/lib/python3.12/site-packages/airflow/example_dags/example_trigger_target_dag.py took 0.065 seconds
[2025-04-04T19:25:30.235+0000] {processor.py:186} INFO - Started process (PID=4451) to work on /home/airflow/.local/lib/python3.12/site-packages/airflow/example_dags/example_trigger_target_dag.py
[2025-04-04T19:25:30.236+0000] {processor.py:914} INFO - Processing file /home/airflow/.local/lib/python3.12/site-packages/airflow/example_dags/example_trigger_target_dag.py for tasks to queue
[2025-04-04T19:25:30.238+0000] {logging_mixin.py:190} INFO - [2025-04-04T19:25:30.238+0000] {dagbag.py:588} INFO - Filling up the DagBag from /home/airflow/.local/lib/python3.12/site-packages/airflow/example_dags/example_trigger_target_dag.py
[2025-04-04T19:25:30.245+0000] {processor.py:925} INFO - DAG(s) 'example_trigger_target_dag' retrieved from /home/airflow/.local/lib/python3.12/site-packages/airflow/example_dags/example_trigger_target_dag.py
[2025-04-04T19:25:30.264+0000] {logging_mixin.py:190} INFO - [2025-04-04T19:25:30.263+0000] {dag.py:3239} INFO - Sync 1 DAGs
[2025-04-04T19:25:30.276+0000] {logging_mixin.py:190} INFO - [2025-04-04T19:25:30.276+0000] {dag.py:4180} INFO - Setting next_dagrun for example_trigger_target_dag to None, run_after=None
[2025-04-04T19:25:30.299+0000] {processor.py:208} INFO - Processing /home/airflow/.local/lib/python3.12/site-packages/airflow/example_dags/example_trigger_target_dag.py took 0.069 seconds
[2025-04-04T19:26:01.415+0000] {processor.py:186} INFO - Started process (PID=4516) to work on /home/airflow/.local/lib/python3.12/site-packages/airflow/example_dags/example_trigger_target_dag.py
[2025-04-04T19:26:01.416+0000] {processor.py:914} INFO - Processing file /home/airflow/.local/lib/python3.12/site-packages/airflow/example_dags/example_trigger_target_dag.py for tasks to queue
[2025-04-04T19:26:01.418+0000] {logging_mixin.py:190} INFO - [2025-04-04T19:26:01.418+0000] {dagbag.py:588} INFO - Filling up the DagBag from /home/airflow/.local/lib/python3.12/site-packages/airflow/example_dags/example_trigger_target_dag.py
[2025-04-04T19:26:01.427+0000] {processor.py:925} INFO - DAG(s) 'example_trigger_target_dag' retrieved from /home/airflow/.local/lib/python3.12/site-packages/airflow/example_dags/example_trigger_target_dag.py
[2025-04-04T19:26:01.447+0000] {logging_mixin.py:190} INFO - [2025-04-04T19:26:01.446+0000] {dag.py:3239} INFO - Sync 1 DAGs
[2025-04-04T19:26:01.463+0000] {logging_mixin.py:190} INFO - [2025-04-04T19:26:01.462+0000] {dag.py:4180} INFO - Setting next_dagrun for example_trigger_target_dag to None, run_after=None
[2025-04-04T19:26:01.482+0000] {processor.py:208} INFO - Processing /home/airflow/.local/lib/python3.12/site-packages/airflow/example_dags/example_trigger_target_dag.py took 0.072 seconds
[2025-04-04T19:26:32.617+0000] {processor.py:186} INFO - Started process (PID=4581) to work on /home/airflow/.local/lib/python3.12/site-packages/airflow/example_dags/example_trigger_target_dag.py
[2025-04-04T19:26:32.618+0000] {processor.py:914} INFO - Processing file /home/airflow/.local/lib/python3.12/site-packages/airflow/example_dags/example_trigger_target_dag.py for tasks to queue
[2025-04-04T19:26:32.620+0000] {logging_mixin.py:190} INFO - [2025-04-04T19:26:32.620+0000] {dagbag.py:588} INFO - Filling up the DagBag from /home/airflow/.local/lib/python3.12/site-packages/airflow/example_dags/example_trigger_target_dag.py
[2025-04-04T19:26:32.627+0000] {processor.py:925} INFO - DAG(s) 'example_trigger_target_dag' retrieved from /home/airflow/.local/lib/python3.12/site-packages/airflow/example_dags/example_trigger_target_dag.py
[2025-04-04T19:26:32.645+0000] {logging_mixin.py:190} INFO - [2025-04-04T19:26:32.645+0000] {dag.py:3239} INFO - Sync 1 DAGs
[2025-04-04T19:26:32.658+0000] {logging_mixin.py:190} INFO - [2025-04-04T19:26:32.658+0000] {dag.py:4180} INFO - Setting next_dagrun for example_trigger_target_dag to None, run_after=None
[2025-04-04T19:26:32.674+0000] {processor.py:208} INFO - Processing /home/airflow/.local/lib/python3.12/site-packages/airflow/example_dags/example_trigger_target_dag.py took 0.063 seconds
[2025-04-04T19:27:03.649+0000] {processor.py:186} INFO - Started process (PID=4647) to work on /home/airflow/.local/lib/python3.12/site-packages/airflow/example_dags/example_trigger_target_dag.py
[2025-04-04T19:27:03.650+0000] {processor.py:914} INFO - Processing file /home/airflow/.local/lib/python3.12/site-packages/airflow/example_dags/example_trigger_target_dag.py for tasks to queue
[2025-04-04T19:27:03.652+0000] {logging_mixin.py:190} INFO - [2025-04-04T19:27:03.652+0000] {dagbag.py:588} INFO - Filling up the DagBag from /home/airflow/.local/lib/python3.12/site-packages/airflow/example_dags/example_trigger_target_dag.py
[2025-04-04T19:27:03.662+0000] {processor.py:925} INFO - DAG(s) 'example_trigger_target_dag' retrieved from /home/airflow/.local/lib/python3.12/site-packages/airflow/example_dags/example_trigger_target_dag.py
[2025-04-04T19:27:03.684+0000] {logging_mixin.py:190} INFO - [2025-04-04T19:27:03.684+0000] {dag.py:3239} INFO - Sync 1 DAGs
[2025-04-04T19:27:03.701+0000] {logging_mixin.py:190} INFO - [2025-04-04T19:27:03.701+0000] {dag.py:4180} INFO - Setting next_dagrun for example_trigger_target_dag to None, run_after=None
[2025-04-04T19:27:03.725+0000] {processor.py:208} INFO - Processing /home/airflow/.local/lib/python3.12/site-packages/airflow/example_dags/example_trigger_target_dag.py took 0.084 seconds
[2025-04-04T19:27:34.716+0000] {processor.py:186} INFO - Started process (PID=4712) to work on /home/airflow/.local/lib/python3.12/site-packages/airflow/example_dags/example_trigger_target_dag.py
[2025-04-04T19:27:34.717+0000] {processor.py:914} INFO - Processing file /home/airflow/.local/lib/python3.12/site-packages/airflow/example_dags/example_trigger_target_dag.py for tasks to queue
[2025-04-04T19:27:34.720+0000] {logging_mixin.py:190} INFO - [2025-04-04T19:27:34.719+0000] {dagbag.py:588} INFO - Filling up the DagBag from /home/airflow/.local/lib/python3.12/site-packages/airflow/example_dags/example_trigger_target_dag.py
[2025-04-04T19:27:34.728+0000] {processor.py:925} INFO - DAG(s) 'example_trigger_target_dag' retrieved from /home/airflow/.local/lib/python3.12/site-packages/airflow/example_dags/example_trigger_target_dag.py
[2025-04-04T19:27:34.749+0000] {logging_mixin.py:190} INFO - [2025-04-04T19:27:34.749+0000] {dag.py:3239} INFO - Sync 1 DAGs
[2025-04-04T19:27:34.766+0000] {logging_mixin.py:190} INFO - [2025-04-04T19:27:34.765+0000] {dag.py:4180} INFO - Setting next_dagrun for example_trigger_target_dag to None, run_after=None
[2025-04-04T19:27:34.787+0000] {processor.py:208} INFO - Processing /home/airflow/.local/lib/python3.12/site-packages/airflow/example_dags/example_trigger_target_dag.py took 0.078 seconds
[2025-04-04T19:28:05.528+0000] {processor.py:186} INFO - Started process (PID=4777) to work on /home/airflow/.local/lib/python3.12/site-packages/airflow/example_dags/example_trigger_target_dag.py
[2025-04-04T19:28:05.529+0000] {processor.py:914} INFO - Processing file /home/airflow/.local/lib/python3.12/site-packages/airflow/example_dags/example_trigger_target_dag.py for tasks to queue
[2025-04-04T19:28:05.531+0000] {logging_mixin.py:190} INFO - [2025-04-04T19:28:05.531+0000] {dagbag.py:588} INFO - Filling up the DagBag from /home/airflow/.local/lib/python3.12/site-packages/airflow/example_dags/example_trigger_target_dag.py
[2025-04-04T19:28:05.538+0000] {processor.py:925} INFO - DAG(s) 'example_trigger_target_dag' retrieved from /home/airflow/.local/lib/python3.12/site-packages/airflow/example_dags/example_trigger_target_dag.py
[2025-04-04T19:28:05.555+0000] {logging_mixin.py:190} INFO - [2025-04-04T19:28:05.555+0000] {dag.py:3239} INFO - Sync 1 DAGs
[2025-04-04T19:28:05.569+0000] {logging_mixin.py:190} INFO - [2025-04-04T19:28:05.569+0000] {dag.py:4180} INFO - Setting next_dagrun for example_trigger_target_dag to None, run_after=None
[2025-04-04T19:28:05.584+0000] {processor.py:208} INFO - Processing /home/airflow/.local/lib/python3.12/site-packages/airflow/example_dags/example_trigger_target_dag.py took 0.062 seconds
[2025-04-04T19:28:36.639+0000] {processor.py:186} INFO - Started process (PID=4842) to work on /home/airflow/.local/lib/python3.12/site-packages/airflow/example_dags/example_trigger_target_dag.py
[2025-04-04T19:28:36.640+0000] {processor.py:914} INFO - Processing file /home/airflow/.local/lib/python3.12/site-packages/airflow/example_dags/example_trigger_target_dag.py for tasks to queue
[2025-04-04T19:28:36.642+0000] {logging_mixin.py:190} INFO - [2025-04-04T19:28:36.642+0000] {dagbag.py:588} INFO - Filling up the DagBag from /home/airflow/.local/lib/python3.12/site-packages/airflow/example_dags/example_trigger_target_dag.py
[2025-04-04T19:28:36.649+0000] {processor.py:925} INFO - DAG(s) 'example_trigger_target_dag' retrieved from /home/airflow/.local/lib/python3.12/site-packages/airflow/example_dags/example_trigger_target_dag.py
[2025-04-04T19:28:36.668+0000] {logging_mixin.py:190} INFO - [2025-04-04T19:28:36.668+0000] {dag.py:3239} INFO - Sync 1 DAGs
[2025-04-04T19:28:36.682+0000] {logging_mixin.py:190} INFO - [2025-04-04T19:28:36.682+0000] {dag.py:4180} INFO - Setting next_dagrun for example_trigger_target_dag to None, run_after=None
[2025-04-04T19:28:36.699+0000] {processor.py:208} INFO - Processing /home/airflow/.local/lib/python3.12/site-packages/airflow/example_dags/example_trigger_target_dag.py took 0.066 seconds
[2025-04-04T19:29:07.699+0000] {processor.py:186} INFO - Started process (PID=4907) to work on /home/airflow/.local/lib/python3.12/site-packages/airflow/example_dags/example_trigger_target_dag.py
[2025-04-04T19:29:07.700+0000] {processor.py:914} INFO - Processing file /home/airflow/.local/lib/python3.12/site-packages/airflow/example_dags/example_trigger_target_dag.py for tasks to queue
[2025-04-04T19:29:07.702+0000] {logging_mixin.py:190} INFO - [2025-04-04T19:29:07.702+0000] {dagbag.py:588} INFO - Filling up the DagBag from /home/airflow/.local/lib/python3.12/site-packages/airflow/example_dags/example_trigger_target_dag.py
[2025-04-04T19:29:07.711+0000] {processor.py:925} INFO - DAG(s) 'example_trigger_target_dag' retrieved from /home/airflow/.local/lib/python3.12/site-packages/airflow/example_dags/example_trigger_target_dag.py
[2025-04-04T19:29:07.732+0000] {logging_mixin.py:190} INFO - [2025-04-04T19:29:07.731+0000] {dag.py:3239} INFO - Sync 1 DAGs
[2025-04-04T19:29:07.747+0000] {logging_mixin.py:190} INFO - [2025-04-04T19:29:07.747+0000] {dag.py:4180} INFO - Setting next_dagrun for example_trigger_target_dag to None, run_after=None
[2025-04-04T19:29:07.768+0000] {processor.py:208} INFO - Processing /home/airflow/.local/lib/python3.12/site-packages/airflow/example_dags/example_trigger_target_dag.py took 0.075 seconds
[2025-04-04T19:29:38.735+0000] {processor.py:186} INFO - Started process (PID=4972) to work on /home/airflow/.local/lib/python3.12/site-packages/airflow/example_dags/example_trigger_target_dag.py
[2025-04-04T19:29:38.737+0000] {processor.py:914} INFO - Processing file /home/airflow/.local/lib/python3.12/site-packages/airflow/example_dags/example_trigger_target_dag.py for tasks to queue
[2025-04-04T19:29:38.739+0000] {logging_mixin.py:190} INFO - [2025-04-04T19:29:38.739+0000] {dagbag.py:588} INFO - Filling up the DagBag from /home/airflow/.local/lib/python3.12/site-packages/airflow/example_dags/example_trigger_target_dag.py
[2025-04-04T19:29:38.758+0000] {processor.py:925} INFO - DAG(s) 'example_trigger_target_dag' retrieved from /home/airflow/.local/lib/python3.12/site-packages/airflow/example_dags/example_trigger_target_dag.py
[2025-04-04T19:29:38.786+0000] {logging_mixin.py:190} INFO - [2025-04-04T19:29:38.786+0000] {dag.py:3239} INFO - Sync 1 DAGs
[2025-04-04T19:29:38.806+0000] {logging_mixin.py:190} INFO - [2025-04-04T19:29:38.806+0000] {dag.py:4180} INFO - Setting next_dagrun for example_trigger_target_dag to None, run_after=None
[2025-04-04T19:29:38.830+0000] {processor.py:208} INFO - Processing /home/airflow/.local/lib/python3.12/site-packages/airflow/example_dags/example_trigger_target_dag.py took 0.101 seconds
[2025-04-04T19:30:09.952+0000] {processor.py:186} INFO - Started process (PID=5038) to work on /home/airflow/.local/lib/python3.12/site-packages/airflow/example_dags/example_trigger_target_dag.py
[2025-04-04T19:30:09.953+0000] {processor.py:914} INFO - Processing file /home/airflow/.local/lib/python3.12/site-packages/airflow/example_dags/example_trigger_target_dag.py for tasks to queue
[2025-04-04T19:30:09.955+0000] {logging_mixin.py:190} INFO - [2025-04-04T19:30:09.955+0000] {dagbag.py:588} INFO - Filling up the DagBag from /home/airflow/.local/lib/python3.12/site-packages/airflow/example_dags/example_trigger_target_dag.py
[2025-04-04T19:30:09.963+0000] {processor.py:925} INFO - DAG(s) 'example_trigger_target_dag' retrieved from /home/airflow/.local/lib/python3.12/site-packages/airflow/example_dags/example_trigger_target_dag.py
[2025-04-04T19:30:09.984+0000] {logging_mixin.py:190} INFO - [2025-04-04T19:30:09.983+0000] {dag.py:3239} INFO - Sync 1 DAGs
[2025-04-04T19:30:09.998+0000] {logging_mixin.py:190} INFO - [2025-04-04T19:30:09.998+0000] {dag.py:4180} INFO - Setting next_dagrun for example_trigger_target_dag to None, run_after=None
[2025-04-04T19:30:10.015+0000] {processor.py:208} INFO - Processing /home/airflow/.local/lib/python3.12/site-packages/airflow/example_dags/example_trigger_target_dag.py took 0.069 seconds
[2025-04-04T19:30:41.178+0000] {processor.py:186} INFO - Started process (PID=5103) to work on /home/airflow/.local/lib/python3.12/site-packages/airflow/example_dags/example_trigger_target_dag.py
[2025-04-04T19:30:41.179+0000] {processor.py:914} INFO - Processing file /home/airflow/.local/lib/python3.12/site-packages/airflow/example_dags/example_trigger_target_dag.py for tasks to queue
[2025-04-04T19:30:41.182+0000] {logging_mixin.py:190} INFO - [2025-04-04T19:30:41.181+0000] {dagbag.py:588} INFO - Filling up the DagBag from /home/airflow/.local/lib/python3.12/site-packages/airflow/example_dags/example_trigger_target_dag.py
[2025-04-04T19:30:41.188+0000] {processor.py:925} INFO - DAG(s) 'example_trigger_target_dag' retrieved from /home/airflow/.local/lib/python3.12/site-packages/airflow/example_dags/example_trigger_target_dag.py
[2025-04-04T19:30:41.207+0000] {logging_mixin.py:190} INFO - [2025-04-04T19:30:41.206+0000] {dag.py:3239} INFO - Sync 1 DAGs
[2025-04-04T19:30:41.219+0000] {logging_mixin.py:190} INFO - [2025-04-04T19:30:41.219+0000] {dag.py:4180} INFO - Setting next_dagrun for example_trigger_target_dag to None, run_after=None
[2025-04-04T19:30:41.237+0000] {processor.py:208} INFO - Processing /home/airflow/.local/lib/python3.12/site-packages/airflow/example_dags/example_trigger_target_dag.py took 0.064 seconds
[2025-04-04T19:31:11.930+0000] {processor.py:186} INFO - Started process (PID=5168) to work on /home/airflow/.local/lib/python3.12/site-packages/airflow/example_dags/example_trigger_target_dag.py
[2025-04-04T19:31:11.931+0000] {processor.py:914} INFO - Processing file /home/airflow/.local/lib/python3.12/site-packages/airflow/example_dags/example_trigger_target_dag.py for tasks to queue
[2025-04-04T19:31:11.934+0000] {logging_mixin.py:190} INFO - [2025-04-04T19:31:11.934+0000] {dagbag.py:588} INFO - Filling up the DagBag from /home/airflow/.local/lib/python3.12/site-packages/airflow/example_dags/example_trigger_target_dag.py
[2025-04-04T19:31:11.943+0000] {processor.py:925} INFO - DAG(s) 'example_trigger_target_dag' retrieved from /home/airflow/.local/lib/python3.12/site-packages/airflow/example_dags/example_trigger_target_dag.py
[2025-04-04T19:31:11.961+0000] {logging_mixin.py:190} INFO - [2025-04-04T19:31:11.960+0000] {dag.py:3239} INFO - Sync 1 DAGs
[2025-04-04T19:31:11.973+0000] {logging_mixin.py:190} INFO - [2025-04-04T19:31:11.973+0000] {dag.py:4180} INFO - Setting next_dagrun for example_trigger_target_dag to None, run_after=None
[2025-04-04T19:31:11.989+0000] {processor.py:208} INFO - Processing /home/airflow/.local/lib/python3.12/site-packages/airflow/example_dags/example_trigger_target_dag.py took 0.065 seconds
[2025-04-04T19:31:43.031+0000] {processor.py:186} INFO - Started process (PID=5234) to work on /home/airflow/.local/lib/python3.12/site-packages/airflow/example_dags/example_trigger_target_dag.py
[2025-04-04T19:31:43.032+0000] {processor.py:914} INFO - Processing file /home/airflow/.local/lib/python3.12/site-packages/airflow/example_dags/example_trigger_target_dag.py for tasks to queue
[2025-04-04T19:31:43.035+0000] {logging_mixin.py:190} INFO - [2025-04-04T19:31:43.034+0000] {dagbag.py:588} INFO - Filling up the DagBag from /home/airflow/.local/lib/python3.12/site-packages/airflow/example_dags/example_trigger_target_dag.py
[2025-04-04T19:31:43.042+0000] {processor.py:925} INFO - DAG(s) 'example_trigger_target_dag' retrieved from /home/airflow/.local/lib/python3.12/site-packages/airflow/example_dags/example_trigger_target_dag.py
[2025-04-04T19:31:43.062+0000] {logging_mixin.py:190} INFO - [2025-04-04T19:31:43.062+0000] {dag.py:3239} INFO - Sync 1 DAGs
[2025-04-04T19:31:43.079+0000] {logging_mixin.py:190} INFO - [2025-04-04T19:31:43.079+0000] {dag.py:4180} INFO - Setting next_dagrun for example_trigger_target_dag to None, run_after=None
[2025-04-04T19:31:43.097+0000] {processor.py:208} INFO - Processing /home/airflow/.local/lib/python3.12/site-packages/airflow/example_dags/example_trigger_target_dag.py took 0.072 seconds
[2025-04-04T19:32:13.914+0000] {processor.py:186} INFO - Started process (PID=5299) to work on /home/airflow/.local/lib/python3.12/site-packages/airflow/example_dags/example_trigger_target_dag.py
[2025-04-04T19:32:13.915+0000] {processor.py:914} INFO - Processing file /home/airflow/.local/lib/python3.12/site-packages/airflow/example_dags/example_trigger_target_dag.py for tasks to queue
[2025-04-04T19:32:13.917+0000] {logging_mixin.py:190} INFO - [2025-04-04T19:32:13.917+0000] {dagbag.py:588} INFO - Filling up the DagBag from /home/airflow/.local/lib/python3.12/site-packages/airflow/example_dags/example_trigger_target_dag.py
[2025-04-04T19:32:13.926+0000] {processor.py:925} INFO - DAG(s) 'example_trigger_target_dag' retrieved from /home/airflow/.local/lib/python3.12/site-packages/airflow/example_dags/example_trigger_target_dag.py
[2025-04-04T19:32:13.945+0000] {logging_mixin.py:190} INFO - [2025-04-04T19:32:13.945+0000] {dag.py:3239} INFO - Sync 1 DAGs
[2025-04-04T19:32:13.962+0000] {logging_mixin.py:190} INFO - [2025-04-04T19:32:13.961+0000] {dag.py:4180} INFO - Setting next_dagrun for example_trigger_target_dag to None, run_after=None
[2025-04-04T19:32:13.981+0000] {processor.py:208} INFO - Processing /home/airflow/.local/lib/python3.12/site-packages/airflow/example_dags/example_trigger_target_dag.py took 0.073 seconds
[2025-04-04T19:32:45.272+0000] {processor.py:186} INFO - Started process (PID=5364) to work on /home/airflow/.local/lib/python3.12/site-packages/airflow/example_dags/example_trigger_target_dag.py
[2025-04-04T19:32:45.274+0000] {processor.py:914} INFO - Processing file /home/airflow/.local/lib/python3.12/site-packages/airflow/example_dags/example_trigger_target_dag.py for tasks to queue
[2025-04-04T19:32:45.277+0000] {logging_mixin.py:190} INFO - [2025-04-04T19:32:45.277+0000] {dagbag.py:588} INFO - Filling up the DagBag from /home/airflow/.local/lib/python3.12/site-packages/airflow/example_dags/example_trigger_target_dag.py
[2025-04-04T19:32:45.285+0000] {processor.py:925} INFO - DAG(s) 'example_trigger_target_dag' retrieved from /home/airflow/.local/lib/python3.12/site-packages/airflow/example_dags/example_trigger_target_dag.py
[2025-04-04T19:32:45.307+0000] {logging_mixin.py:190} INFO - [2025-04-04T19:32:45.307+0000] {dag.py:3239} INFO - Sync 1 DAGs
[2025-04-04T19:32:45.321+0000] {logging_mixin.py:190} INFO - [2025-04-04T19:32:45.321+0000] {dag.py:4180} INFO - Setting next_dagrun for example_trigger_target_dag to None, run_after=None
[2025-04-04T19:32:45.337+0000] {processor.py:208} INFO - Processing /home/airflow/.local/lib/python3.12/site-packages/airflow/example_dags/example_trigger_target_dag.py took 0.071 seconds
[2025-04-04T19:33:16.021+0000] {processor.py:186} INFO - Started process (PID=5435) to work on /home/airflow/.local/lib/python3.12/site-packages/airflow/example_dags/example_trigger_target_dag.py
[2025-04-04T19:33:16.022+0000] {processor.py:914} INFO - Processing file /home/airflow/.local/lib/python3.12/site-packages/airflow/example_dags/example_trigger_target_dag.py for tasks to queue
[2025-04-04T19:33:16.024+0000] {logging_mixin.py:190} INFO - [2025-04-04T19:33:16.024+0000] {dagbag.py:588} INFO - Filling up the DagBag from /home/airflow/.local/lib/python3.12/site-packages/airflow/example_dags/example_trigger_target_dag.py
[2025-04-04T19:33:16.031+0000] {processor.py:925} INFO - DAG(s) 'example_trigger_target_dag' retrieved from /home/airflow/.local/lib/python3.12/site-packages/airflow/example_dags/example_trigger_target_dag.py
[2025-04-04T19:33:16.049+0000] {logging_mixin.py:190} INFO - [2025-04-04T19:33:16.048+0000] {dag.py:3239} INFO - Sync 1 DAGs
[2025-04-04T19:33:16.062+0000] {logging_mixin.py:190} INFO - [2025-04-04T19:33:16.062+0000] {dag.py:4180} INFO - Setting next_dagrun for example_trigger_target_dag to None, run_after=None
[2025-04-04T19:33:16.080+0000] {processor.py:208} INFO - Processing /home/airflow/.local/lib/python3.12/site-packages/airflow/example_dags/example_trigger_target_dag.py took 0.065 seconds
[2025-04-04T19:33:47.378+0000] {processor.py:186} INFO - Started process (PID=5500) to work on /home/airflow/.local/lib/python3.12/site-packages/airflow/example_dags/example_trigger_target_dag.py
[2025-04-04T19:33:47.380+0000] {processor.py:914} INFO - Processing file /home/airflow/.local/lib/python3.12/site-packages/airflow/example_dags/example_trigger_target_dag.py for tasks to queue
[2025-04-04T19:33:47.384+0000] {logging_mixin.py:190} INFO - [2025-04-04T19:33:47.383+0000] {dagbag.py:588} INFO - Filling up the DagBag from /home/airflow/.local/lib/python3.12/site-packages/airflow/example_dags/example_trigger_target_dag.py
[2025-04-04T19:33:47.393+0000] {processor.py:925} INFO - DAG(s) 'example_trigger_target_dag' retrieved from /home/airflow/.local/lib/python3.12/site-packages/airflow/example_dags/example_trigger_target_dag.py
[2025-04-04T19:33:47.422+0000] {logging_mixin.py:190} INFO - [2025-04-04T19:33:47.421+0000] {dag.py:3239} INFO - Sync 1 DAGs
[2025-04-04T19:33:47.442+0000] {logging_mixin.py:190} INFO - [2025-04-04T19:33:47.442+0000] {dag.py:4180} INFO - Setting next_dagrun for example_trigger_target_dag to None, run_after=None
[2025-04-04T19:33:47.470+0000] {processor.py:208} INFO - Processing /home/airflow/.local/lib/python3.12/site-packages/airflow/example_dags/example_trigger_target_dag.py took 0.101 seconds
[2025-04-04T19:34:18.259+0000] {processor.py:186} INFO - Started process (PID=5565) to work on /home/airflow/.local/lib/python3.12/site-packages/airflow/example_dags/example_trigger_target_dag.py
[2025-04-04T19:34:18.260+0000] {processor.py:914} INFO - Processing file /home/airflow/.local/lib/python3.12/site-packages/airflow/example_dags/example_trigger_target_dag.py for tasks to queue
[2025-04-04T19:34:18.262+0000] {logging_mixin.py:190} INFO - [2025-04-04T19:34:18.262+0000] {dagbag.py:588} INFO - Filling up the DagBag from /home/airflow/.local/lib/python3.12/site-packages/airflow/example_dags/example_trigger_target_dag.py
[2025-04-04T19:34:18.278+0000] {processor.py:925} INFO - DAG(s) 'example_trigger_target_dag' retrieved from /home/airflow/.local/lib/python3.12/site-packages/airflow/example_dags/example_trigger_target_dag.py
[2025-04-04T19:34:18.298+0000] {logging_mixin.py:190} INFO - [2025-04-04T19:34:18.298+0000] {dag.py:3239} INFO - Sync 1 DAGs
[2025-04-04T19:34:18.313+0000] {logging_mixin.py:190} INFO - [2025-04-04T19:34:18.313+0000] {dag.py:4180} INFO - Setting next_dagrun for example_trigger_target_dag to None, run_after=None
[2025-04-04T19:34:18.348+0000] {processor.py:208} INFO - Processing /home/airflow/.local/lib/python3.12/site-packages/airflow/example_dags/example_trigger_target_dag.py took 0.097 seconds
[2025-04-04T19:34:49.345+0000] {processor.py:186} INFO - Started process (PID=5630) to work on /home/airflow/.local/lib/python3.12/site-packages/airflow/example_dags/example_trigger_target_dag.py
[2025-04-04T19:34:49.346+0000] {processor.py:914} INFO - Processing file /home/airflow/.local/lib/python3.12/site-packages/airflow/example_dags/example_trigger_target_dag.py for tasks to queue
[2025-04-04T19:34:49.349+0000] {logging_mixin.py:190} INFO - [2025-04-04T19:34:49.348+0000] {dagbag.py:588} INFO - Filling up the DagBag from /home/airflow/.local/lib/python3.12/site-packages/airflow/example_dags/example_trigger_target_dag.py
[2025-04-04T19:34:49.357+0000] {processor.py:925} INFO - DAG(s) 'example_trigger_target_dag' retrieved from /home/airflow/.local/lib/python3.12/site-packages/airflow/example_dags/example_trigger_target_dag.py
[2025-04-04T19:34:49.381+0000] {logging_mixin.py:190} INFO - [2025-04-04T19:34:49.381+0000] {dag.py:3239} INFO - Sync 1 DAGs
[2025-04-04T19:34:49.399+0000] {logging_mixin.py:190} INFO - [2025-04-04T19:34:49.399+0000] {dag.py:4180} INFO - Setting next_dagrun for example_trigger_target_dag to None, run_after=None
[2025-04-04T19:34:49.423+0000] {processor.py:208} INFO - Processing /home/airflow/.local/lib/python3.12/site-packages/airflow/example_dags/example_trigger_target_dag.py took 0.084 seconds
[2025-04-04T19:35:20.674+0000] {processor.py:186} INFO - Started process (PID=5695) to work on /home/airflow/.local/lib/python3.12/site-packages/airflow/example_dags/example_trigger_target_dag.py
[2025-04-04T19:35:20.676+0000] {processor.py:914} INFO - Processing file /home/airflow/.local/lib/python3.12/site-packages/airflow/example_dags/example_trigger_target_dag.py for tasks to queue
[2025-04-04T19:35:20.679+0000] {logging_mixin.py:190} INFO - [2025-04-04T19:35:20.679+0000] {dagbag.py:588} INFO - Filling up the DagBag from /home/airflow/.local/lib/python3.12/site-packages/airflow/example_dags/example_trigger_target_dag.py
[2025-04-04T19:35:20.688+0000] {processor.py:925} INFO - DAG(s) 'example_trigger_target_dag' retrieved from /home/airflow/.local/lib/python3.12/site-packages/airflow/example_dags/example_trigger_target_dag.py
[2025-04-04T19:35:20.713+0000] {logging_mixin.py:190} INFO - [2025-04-04T19:35:20.713+0000] {dag.py:3239} INFO - Sync 1 DAGs
[2025-04-04T19:35:20.729+0000] {logging_mixin.py:190} INFO - [2025-04-04T19:35:20.729+0000] {dag.py:4180} INFO - Setting next_dagrun for example_trigger_target_dag to None, run_after=None
[2025-04-04T19:35:20.749+0000] {processor.py:208} INFO - Processing /home/airflow/.local/lib/python3.12/site-packages/airflow/example_dags/example_trigger_target_dag.py took 0.082 seconds
[2025-04-04T19:35:51.859+0000] {processor.py:186} INFO - Started process (PID=5760) to work on /home/airflow/.local/lib/python3.12/site-packages/airflow/example_dags/example_trigger_target_dag.py
[2025-04-04T19:35:51.860+0000] {processor.py:914} INFO - Processing file /home/airflow/.local/lib/python3.12/site-packages/airflow/example_dags/example_trigger_target_dag.py for tasks to queue
[2025-04-04T19:35:51.862+0000] {logging_mixin.py:190} INFO - [2025-04-04T19:35:51.862+0000] {dagbag.py:588} INFO - Filling up the DagBag from /home/airflow/.local/lib/python3.12/site-packages/airflow/example_dags/example_trigger_target_dag.py
[2025-04-04T19:35:51.869+0000] {processor.py:925} INFO - DAG(s) 'example_trigger_target_dag' retrieved from /home/airflow/.local/lib/python3.12/site-packages/airflow/example_dags/example_trigger_target_dag.py
[2025-04-04T19:35:51.889+0000] {logging_mixin.py:190} INFO - [2025-04-04T19:35:51.889+0000] {dag.py:3239} INFO - Sync 1 DAGs
[2025-04-04T19:35:51.903+0000] {logging_mixin.py:190} INFO - [2025-04-04T19:35:51.903+0000] {dag.py:4180} INFO - Setting next_dagrun for example_trigger_target_dag to None, run_after=None
[2025-04-04T19:35:51.920+0000] {processor.py:208} INFO - Processing /home/airflow/.local/lib/python3.12/site-packages/airflow/example_dags/example_trigger_target_dag.py took 0.067 seconds
[2025-04-04T19:36:22.776+0000] {processor.py:186} INFO - Started process (PID=5825) to work on /home/airflow/.local/lib/python3.12/site-packages/airflow/example_dags/example_trigger_target_dag.py
[2025-04-04T19:36:22.777+0000] {processor.py:914} INFO - Processing file /home/airflow/.local/lib/python3.12/site-packages/airflow/example_dags/example_trigger_target_dag.py for tasks to queue
[2025-04-04T19:36:22.779+0000] {logging_mixin.py:190} INFO - [2025-04-04T19:36:22.779+0000] {dagbag.py:588} INFO - Filling up the DagBag from /home/airflow/.local/lib/python3.12/site-packages/airflow/example_dags/example_trigger_target_dag.py
[2025-04-04T19:36:22.788+0000] {processor.py:925} INFO - DAG(s) 'example_trigger_target_dag' retrieved from /home/airflow/.local/lib/python3.12/site-packages/airflow/example_dags/example_trigger_target_dag.py
[2025-04-04T19:36:22.813+0000] {logging_mixin.py:190} INFO - [2025-04-04T19:36:22.813+0000] {dag.py:3239} INFO - Sync 1 DAGs
[2025-04-04T19:36:22.832+0000] {logging_mixin.py:190} INFO - [2025-04-04T19:36:22.832+0000] {dag.py:4180} INFO - Setting next_dagrun for example_trigger_target_dag to None, run_after=None
[2025-04-04T19:36:22.850+0000] {processor.py:208} INFO - Processing /home/airflow/.local/lib/python3.12/site-packages/airflow/example_dags/example_trigger_target_dag.py took 0.080 seconds
[2025-04-04T19:36:53.785+0000] {processor.py:186} INFO - Started process (PID=5890) to work on /home/airflow/.local/lib/python3.12/site-packages/airflow/example_dags/example_trigger_target_dag.py
[2025-04-04T19:36:53.786+0000] {processor.py:914} INFO - Processing file /home/airflow/.local/lib/python3.12/site-packages/airflow/example_dags/example_trigger_target_dag.py for tasks to queue
[2025-04-04T19:36:53.792+0000] {logging_mixin.py:190} INFO - [2025-04-04T19:36:53.790+0000] {dagbag.py:588} INFO - Filling up the DagBag from /home/airflow/.local/lib/python3.12/site-packages/airflow/example_dags/example_trigger_target_dag.py
[2025-04-04T19:36:53.821+0000] {processor.py:925} INFO - DAG(s) 'example_trigger_target_dag' retrieved from /home/airflow/.local/lib/python3.12/site-packages/airflow/example_dags/example_trigger_target_dag.py
[2025-04-04T19:36:53.852+0000] {logging_mixin.py:190} INFO - [2025-04-04T19:36:53.851+0000] {dag.py:3239} INFO - Sync 1 DAGs
[2025-04-04T19:36:53.867+0000] {logging_mixin.py:190} INFO - [2025-04-04T19:36:53.867+0000] {dag.py:4180} INFO - Setting next_dagrun for example_trigger_target_dag to None, run_after=None
[2025-04-04T19:36:53.886+0000] {processor.py:208} INFO - Processing /home/airflow/.local/lib/python3.12/site-packages/airflow/example_dags/example_trigger_target_dag.py took 0.108 seconds
[2025-04-04T19:40:03.791+0000] {processor.py:186} INFO - Started process (PID=85) to work on /home/airflow/.local/lib/python3.12/site-packages/airflow/example_dags/example_trigger_target_dag.py
[2025-04-04T19:40:03.792+0000] {processor.py:914} INFO - Processing file /home/airflow/.local/lib/python3.12/site-packages/airflow/example_dags/example_trigger_target_dag.py for tasks to queue
[2025-04-04T19:40:03.795+0000] {logging_mixin.py:190} INFO - [2025-04-04T19:40:03.795+0000] {dagbag.py:588} INFO - Filling up the DagBag from /home/airflow/.local/lib/python3.12/site-packages/airflow/example_dags/example_trigger_target_dag.py
[2025-04-04T19:40:03.805+0000] {processor.py:925} INFO - DAG(s) 'example_trigger_target_dag' retrieved from /home/airflow/.local/lib/python3.12/site-packages/airflow/example_dags/example_trigger_target_dag.py
[2025-04-04T19:40:03.832+0000] {logging_mixin.py:190} INFO - [2025-04-04T19:40:03.831+0000] {dag.py:3239} INFO - Sync 1 DAGs
[2025-04-04T19:40:03.848+0000] {logging_mixin.py:190} INFO - [2025-04-04T19:40:03.847+0000] {dag.py:4180} INFO - Setting next_dagrun for example_trigger_target_dag to None, run_after=None
[2025-04-04T19:40:03.867+0000] {processor.py:208} INFO - Processing /home/airflow/.local/lib/python3.12/site-packages/airflow/example_dags/example_trigger_target_dag.py took 0.082 seconds
[2025-04-04T19:40:34.877+0000] {processor.py:186} INFO - Started process (PID=151) to work on /home/airflow/.local/lib/python3.12/site-packages/airflow/example_dags/example_trigger_target_dag.py
[2025-04-04T19:40:34.878+0000] {processor.py:914} INFO - Processing file /home/airflow/.local/lib/python3.12/site-packages/airflow/example_dags/example_trigger_target_dag.py for tasks to queue
[2025-04-04T19:40:34.881+0000] {logging_mixin.py:190} INFO - [2025-04-04T19:40:34.881+0000] {dagbag.py:588} INFO - Filling up the DagBag from /home/airflow/.local/lib/python3.12/site-packages/airflow/example_dags/example_trigger_target_dag.py
[2025-04-04T19:40:34.891+0000] {processor.py:925} INFO - DAG(s) 'example_trigger_target_dag' retrieved from /home/airflow/.local/lib/python3.12/site-packages/airflow/example_dags/example_trigger_target_dag.py
[2025-04-04T19:40:34.919+0000] {logging_mixin.py:190} INFO - [2025-04-04T19:40:34.918+0000] {dag.py:3239} INFO - Sync 1 DAGs
[2025-04-04T19:40:34.941+0000] {logging_mixin.py:190} INFO - [2025-04-04T19:40:34.941+0000] {dag.py:4180} INFO - Setting next_dagrun for example_trigger_target_dag to None, run_after=None
[2025-04-04T19:40:34.968+0000] {processor.py:208} INFO - Processing /home/airflow/.local/lib/python3.12/site-packages/airflow/example_dags/example_trigger_target_dag.py took 0.098 seconds
[2025-04-04T19:41:06.022+0000] {processor.py:186} INFO - Started process (PID=216) to work on /home/airflow/.local/lib/python3.12/site-packages/airflow/example_dags/example_trigger_target_dag.py
[2025-04-04T19:41:06.023+0000] {processor.py:914} INFO - Processing file /home/airflow/.local/lib/python3.12/site-packages/airflow/example_dags/example_trigger_target_dag.py for tasks to queue
[2025-04-04T19:41:06.026+0000] {logging_mixin.py:190} INFO - [2025-04-04T19:41:06.025+0000] {dagbag.py:588} INFO - Filling up the DagBag from /home/airflow/.local/lib/python3.12/site-packages/airflow/example_dags/example_trigger_target_dag.py
[2025-04-04T19:41:06.035+0000] {processor.py:925} INFO - DAG(s) 'example_trigger_target_dag' retrieved from /home/airflow/.local/lib/python3.12/site-packages/airflow/example_dags/example_trigger_target_dag.py
[2025-04-04T19:41:06.056+0000] {logging_mixin.py:190} INFO - [2025-04-04T19:41:06.056+0000] {dag.py:3239} INFO - Sync 1 DAGs
[2025-04-04T19:41:06.072+0000] {logging_mixin.py:190} INFO - [2025-04-04T19:41:06.071+0000] {dag.py:4180} INFO - Setting next_dagrun for example_trigger_target_dag to None, run_after=None
[2025-04-04T19:41:06.089+0000] {processor.py:208} INFO - Processing /home/airflow/.local/lib/python3.12/site-packages/airflow/example_dags/example_trigger_target_dag.py took 0.073 seconds
