[2025-04-04T19:07:18.703+0000] {processor.py:186} INFO - Started process (PID=2164) to work on /home/airflow/.local/lib/python3.12/site-packages/airflow/example_dags/example_inlet_event_extra.py
[2025-04-04T19:07:18.705+0000] {processor.py:914} INFO - Processing file /home/airflow/.local/lib/python3.12/site-packages/airflow/example_dags/example_inlet_event_extra.py for tasks to queue
[2025-04-04T19:07:18.708+0000] {logging_mixin.py:190} INFO - [2025-04-04T19:07:18.707+0000] {dagbag.py:588} INFO - Filling up the DagBag from /home/airflow/.local/lib/python3.12/site-packages/airflow/example_dags/example_inlet_event_extra.py
[2025-04-04T19:07:19.310+0000] {processor.py:925} INFO - DAG(s) 'read_dataset_event_from_classic', 'read_dataset_event' retrieved from /home/airflow/.local/lib/python3.12/site-packages/airflow/example_dags/example_inlet_event_extra.py
[2025-04-04T19:07:19.358+0000] {logging_mixin.py:190} INFO - [2025-04-04T19:07:19.358+0000] {dag.py:3239} INFO - Sync 2 DAGs
[2025-04-04T19:07:19.390+0000] {logging_mixin.py:190} INFO - [2025-04-04T19:07:19.390+0000] {dag.py:4180} INFO - Setting next_dagrun for read_dataset_event to 2025-04-03 00:00:00+00:00, run_after=2025-04-04 00:00:00+00:00
[2025-04-04T19:07:19.396+0000] {logging_mixin.py:190} INFO - [2025-04-04T19:07:19.395+0000] {dag.py:4180} INFO - Setting next_dagrun for read_dataset_event_from_classic to 2025-04-03 00:00:00+00:00, run_after=2025-04-04 00:00:00+00:00
[2025-04-04T19:07:19.414+0000] {processor.py:208} INFO - Processing /home/airflow/.local/lib/python3.12/site-packages/airflow/example_dags/example_inlet_event_extra.py took 0.717 seconds
[2025-04-04T19:07:49.870+0000] {processor.py:186} INFO - Started process (PID=2228) to work on /home/airflow/.local/lib/python3.12/site-packages/airflow/example_dags/example_inlet_event_extra.py
[2025-04-04T19:07:49.871+0000] {processor.py:914} INFO - Processing file /home/airflow/.local/lib/python3.12/site-packages/airflow/example_dags/example_inlet_event_extra.py for tasks to queue
[2025-04-04T19:07:49.874+0000] {logging_mixin.py:190} INFO - [2025-04-04T19:07:49.874+0000] {dagbag.py:588} INFO - Filling up the DagBag from /home/airflow/.local/lib/python3.12/site-packages/airflow/example_dags/example_inlet_event_extra.py
[2025-04-04T19:07:50.562+0000] {processor.py:925} INFO - DAG(s) 'read_dataset_event_from_classic', 'read_dataset_event' retrieved from /home/airflow/.local/lib/python3.12/site-packages/airflow/example_dags/example_inlet_event_extra.py
[2025-04-04T19:07:50.583+0000] {logging_mixin.py:190} INFO - [2025-04-04T19:07:50.582+0000] {dag.py:3239} INFO - Sync 2 DAGs
[2025-04-04T19:07:50.607+0000] {logging_mixin.py:190} INFO - [2025-04-04T19:07:50.607+0000] {dag.py:4180} INFO - Setting next_dagrun for read_dataset_event to 2025-04-03 00:00:00+00:00, run_after=2025-04-04 00:00:00+00:00
[2025-04-04T19:07:50.613+0000] {logging_mixin.py:190} INFO - [2025-04-04T19:07:50.612+0000] {dag.py:4180} INFO - Setting next_dagrun for read_dataset_event_from_classic to 2025-04-03 00:00:00+00:00, run_after=2025-04-04 00:00:00+00:00
[2025-04-04T19:07:50.630+0000] {processor.py:208} INFO - Processing /home/airflow/.local/lib/python3.12/site-packages/airflow/example_dags/example_inlet_event_extra.py took 0.769 seconds
[2025-04-04T19:08:20.870+0000] {processor.py:186} INFO - Started process (PID=2292) to work on /home/airflow/.local/lib/python3.12/site-packages/airflow/example_dags/example_inlet_event_extra.py
[2025-04-04T19:08:20.872+0000] {processor.py:914} INFO - Processing file /home/airflow/.local/lib/python3.12/site-packages/airflow/example_dags/example_inlet_event_extra.py for tasks to queue
[2025-04-04T19:08:20.875+0000] {logging_mixin.py:190} INFO - [2025-04-04T19:08:20.874+0000] {dagbag.py:588} INFO - Filling up the DagBag from /home/airflow/.local/lib/python3.12/site-packages/airflow/example_dags/example_inlet_event_extra.py
[2025-04-04T19:08:21.532+0000] {processor.py:925} INFO - DAG(s) 'read_dataset_event', 'read_dataset_event_from_classic' retrieved from /home/airflow/.local/lib/python3.12/site-packages/airflow/example_dags/example_inlet_event_extra.py
[2025-04-04T19:08:21.552+0000] {logging_mixin.py:190} INFO - [2025-04-04T19:08:21.551+0000] {dag.py:3239} INFO - Sync 2 DAGs
[2025-04-04T19:08:21.575+0000] {logging_mixin.py:190} INFO - [2025-04-04T19:08:21.574+0000] {dag.py:4180} INFO - Setting next_dagrun for read_dataset_event to 2025-04-03 00:00:00+00:00, run_after=2025-04-04 00:00:00+00:00
[2025-04-04T19:08:21.579+0000] {logging_mixin.py:190} INFO - [2025-04-04T19:08:21.579+0000] {dag.py:4180} INFO - Setting next_dagrun for read_dataset_event_from_classic to 2025-04-03 00:00:00+00:00, run_after=2025-04-04 00:00:00+00:00
[2025-04-04T19:08:21.605+0000] {processor.py:208} INFO - Processing /home/airflow/.local/lib/python3.12/site-packages/airflow/example_dags/example_inlet_event_extra.py took 0.743 seconds
[2025-04-04T19:08:52.461+0000] {processor.py:186} INFO - Started process (PID=2357) to work on /home/airflow/.local/lib/python3.12/site-packages/airflow/example_dags/example_inlet_event_extra.py
[2025-04-04T19:08:52.462+0000] {processor.py:914} INFO - Processing file /home/airflow/.local/lib/python3.12/site-packages/airflow/example_dags/example_inlet_event_extra.py for tasks to queue
[2025-04-04T19:08:52.464+0000] {logging_mixin.py:190} INFO - [2025-04-04T19:08:52.464+0000] {dagbag.py:588} INFO - Filling up the DagBag from /home/airflow/.local/lib/python3.12/site-packages/airflow/example_dags/example_inlet_event_extra.py
[2025-04-04T19:08:53.049+0000] {processor.py:925} INFO - DAG(s) 'read_dataset_event_from_classic', 'read_dataset_event' retrieved from /home/airflow/.local/lib/python3.12/site-packages/airflow/example_dags/example_inlet_event_extra.py
[2025-04-04T19:08:53.070+0000] {logging_mixin.py:190} INFO - [2025-04-04T19:08:53.070+0000] {dag.py:3239} INFO - Sync 2 DAGs
[2025-04-04T19:08:53.095+0000] {logging_mixin.py:190} INFO - [2025-04-04T19:08:53.095+0000] {dag.py:4180} INFO - Setting next_dagrun for read_dataset_event to 2025-04-03 00:00:00+00:00, run_after=2025-04-04 00:00:00+00:00
[2025-04-04T19:08:53.100+0000] {logging_mixin.py:190} INFO - [2025-04-04T19:08:53.100+0000] {dag.py:4180} INFO - Setting next_dagrun for read_dataset_event_from_classic to 2025-04-03 00:00:00+00:00, run_after=2025-04-04 00:00:00+00:00
[2025-04-04T19:08:53.116+0000] {processor.py:208} INFO - Processing /home/airflow/.local/lib/python3.12/site-packages/airflow/example_dags/example_inlet_event_extra.py took 0.661 seconds
[2025-04-04T19:09:23.187+0000] {processor.py:186} INFO - Started process (PID=2421) to work on /home/airflow/.local/lib/python3.12/site-packages/airflow/example_dags/example_inlet_event_extra.py
[2025-04-04T19:09:23.188+0000] {processor.py:914} INFO - Processing file /home/airflow/.local/lib/python3.12/site-packages/airflow/example_dags/example_inlet_event_extra.py for tasks to queue
[2025-04-04T19:09:23.190+0000] {logging_mixin.py:190} INFO - [2025-04-04T19:09:23.190+0000] {dagbag.py:588} INFO - Filling up the DagBag from /home/airflow/.local/lib/python3.12/site-packages/airflow/example_dags/example_inlet_event_extra.py
[2025-04-04T19:09:23.817+0000] {processor.py:925} INFO - DAG(s) 'read_dataset_event', 'read_dataset_event_from_classic' retrieved from /home/airflow/.local/lib/python3.12/site-packages/airflow/example_dags/example_inlet_event_extra.py
[2025-04-04T19:09:23.841+0000] {logging_mixin.py:190} INFO - [2025-04-04T19:09:23.841+0000] {dag.py:3239} INFO - Sync 2 DAGs
[2025-04-04T19:09:23.869+0000] {logging_mixin.py:190} INFO - [2025-04-04T19:09:23.868+0000] {dag.py:4180} INFO - Setting next_dagrun for read_dataset_event to 2025-04-03 00:00:00+00:00, run_after=2025-04-04 00:00:00+00:00
[2025-04-04T19:09:23.875+0000] {logging_mixin.py:190} INFO - [2025-04-04T19:09:23.875+0000] {dag.py:4180} INFO - Setting next_dagrun for read_dataset_event_from_classic to 2025-04-03 00:00:00+00:00, run_after=2025-04-04 00:00:00+00:00
[2025-04-04T19:09:23.892+0000] {processor.py:208} INFO - Processing /home/airflow/.local/lib/python3.12/site-packages/airflow/example_dags/example_inlet_event_extra.py took 0.711 seconds
[2025-04-04T19:09:54.037+0000] {processor.py:186} INFO - Started process (PID=2485) to work on /home/airflow/.local/lib/python3.12/site-packages/airflow/example_dags/example_inlet_event_extra.py
[2025-04-04T19:09:54.037+0000] {processor.py:914} INFO - Processing file /home/airflow/.local/lib/python3.12/site-packages/airflow/example_dags/example_inlet_event_extra.py for tasks to queue
[2025-04-04T19:09:54.039+0000] {logging_mixin.py:190} INFO - [2025-04-04T19:09:54.039+0000] {dagbag.py:588} INFO - Filling up the DagBag from /home/airflow/.local/lib/python3.12/site-packages/airflow/example_dags/example_inlet_event_extra.py
[2025-04-04T19:09:54.662+0000] {processor.py:925} INFO - DAG(s) 'read_dataset_event_from_classic', 'read_dataset_event' retrieved from /home/airflow/.local/lib/python3.12/site-packages/airflow/example_dags/example_inlet_event_extra.py
[2025-04-04T19:09:54.682+0000] {logging_mixin.py:190} INFO - [2025-04-04T19:09:54.682+0000] {dag.py:3239} INFO - Sync 2 DAGs
[2025-04-04T19:09:54.704+0000] {logging_mixin.py:190} INFO - [2025-04-04T19:09:54.704+0000] {dag.py:4180} INFO - Setting next_dagrun for read_dataset_event to 2025-04-03 00:00:00+00:00, run_after=2025-04-04 00:00:00+00:00
[2025-04-04T19:09:54.710+0000] {logging_mixin.py:190} INFO - [2025-04-04T19:09:54.710+0000] {dag.py:4180} INFO - Setting next_dagrun for read_dataset_event_from_classic to 2025-04-03 00:00:00+00:00, run_after=2025-04-04 00:00:00+00:00
[2025-04-04T19:09:54.725+0000] {processor.py:208} INFO - Processing /home/airflow/.local/lib/python3.12/site-packages/airflow/example_dags/example_inlet_event_extra.py took 0.694 seconds
[2025-04-04T19:10:25.348+0000] {processor.py:186} INFO - Started process (PID=2550) to work on /home/airflow/.local/lib/python3.12/site-packages/airflow/example_dags/example_inlet_event_extra.py
[2025-04-04T19:10:25.349+0000] {processor.py:914} INFO - Processing file /home/airflow/.local/lib/python3.12/site-packages/airflow/example_dags/example_inlet_event_extra.py for tasks to queue
[2025-04-04T19:10:25.351+0000] {logging_mixin.py:190} INFO - [2025-04-04T19:10:25.351+0000] {dagbag.py:588} INFO - Filling up the DagBag from /home/airflow/.local/lib/python3.12/site-packages/airflow/example_dags/example_inlet_event_extra.py
[2025-04-04T19:10:25.990+0000] {processor.py:925} INFO - DAG(s) 'read_dataset_event_from_classic', 'read_dataset_event' retrieved from /home/airflow/.local/lib/python3.12/site-packages/airflow/example_dags/example_inlet_event_extra.py
[2025-04-04T19:10:26.010+0000] {logging_mixin.py:190} INFO - [2025-04-04T19:10:26.010+0000] {dag.py:3239} INFO - Sync 2 DAGs
[2025-04-04T19:10:26.032+0000] {logging_mixin.py:190} INFO - [2025-04-04T19:10:26.032+0000] {dag.py:4180} INFO - Setting next_dagrun for read_dataset_event to 2025-04-03 00:00:00+00:00, run_after=2025-04-04 00:00:00+00:00
[2025-04-04T19:10:26.037+0000] {logging_mixin.py:190} INFO - [2025-04-04T19:10:26.037+0000] {dag.py:4180} INFO - Setting next_dagrun for read_dataset_event_from_classic to 2025-04-03 00:00:00+00:00, run_after=2025-04-04 00:00:00+00:00
[2025-04-04T19:10:26.052+0000] {processor.py:208} INFO - Processing /home/airflow/.local/lib/python3.12/site-packages/airflow/example_dags/example_inlet_event_extra.py took 0.709 seconds
[2025-04-04T19:10:56.227+0000] {processor.py:186} INFO - Started process (PID=2614) to work on /home/airflow/.local/lib/python3.12/site-packages/airflow/example_dags/example_inlet_event_extra.py
[2025-04-04T19:10:56.228+0000] {processor.py:914} INFO - Processing file /home/airflow/.local/lib/python3.12/site-packages/airflow/example_dags/example_inlet_event_extra.py for tasks to queue
[2025-04-04T19:10:56.231+0000] {logging_mixin.py:190} INFO - [2025-04-04T19:10:56.231+0000] {dagbag.py:588} INFO - Filling up the DagBag from /home/airflow/.local/lib/python3.12/site-packages/airflow/example_dags/example_inlet_event_extra.py
[2025-04-04T19:10:56.869+0000] {processor.py:925} INFO - DAG(s) 'read_dataset_event_from_classic', 'read_dataset_event' retrieved from /home/airflow/.local/lib/python3.12/site-packages/airflow/example_dags/example_inlet_event_extra.py
[2025-04-04T19:10:56.889+0000] {logging_mixin.py:190} INFO - [2025-04-04T19:10:56.889+0000] {dag.py:3239} INFO - Sync 2 DAGs
[2025-04-04T19:10:56.912+0000] {logging_mixin.py:190} INFO - [2025-04-04T19:10:56.911+0000] {dag.py:4180} INFO - Setting next_dagrun for read_dataset_event to 2025-04-03 00:00:00+00:00, run_after=2025-04-04 00:00:00+00:00
[2025-04-04T19:10:56.918+0000] {logging_mixin.py:190} INFO - [2025-04-04T19:10:56.917+0000] {dag.py:4180} INFO - Setting next_dagrun for read_dataset_event_from_classic to 2025-04-03 00:00:00+00:00, run_after=2025-04-04 00:00:00+00:00
[2025-04-04T19:10:56.935+0000] {processor.py:208} INFO - Processing /home/airflow/.local/lib/python3.12/site-packages/airflow/example_dags/example_inlet_event_extra.py took 0.716 seconds
[2025-04-04T19:11:27.293+0000] {processor.py:186} INFO - Started process (PID=2680) to work on /home/airflow/.local/lib/python3.12/site-packages/airflow/example_dags/example_inlet_event_extra.py
[2025-04-04T19:11:27.294+0000] {processor.py:914} INFO - Processing file /home/airflow/.local/lib/python3.12/site-packages/airflow/example_dags/example_inlet_event_extra.py for tasks to queue
[2025-04-04T19:11:27.296+0000] {logging_mixin.py:190} INFO - [2025-04-04T19:11:27.295+0000] {dagbag.py:588} INFO - Filling up the DagBag from /home/airflow/.local/lib/python3.12/site-packages/airflow/example_dags/example_inlet_event_extra.py
[2025-04-04T19:11:27.946+0000] {processor.py:925} INFO - DAG(s) 'read_dataset_event', 'read_dataset_event_from_classic' retrieved from /home/airflow/.local/lib/python3.12/site-packages/airflow/example_dags/example_inlet_event_extra.py
[2025-04-04T19:11:27.971+0000] {logging_mixin.py:190} INFO - [2025-04-04T19:11:27.971+0000] {dag.py:3239} INFO - Sync 2 DAGs
[2025-04-04T19:11:28.000+0000] {logging_mixin.py:190} INFO - [2025-04-04T19:11:28.000+0000] {dag.py:4180} INFO - Setting next_dagrun for read_dataset_event to 2025-04-03 00:00:00+00:00, run_after=2025-04-04 00:00:00+00:00
[2025-04-04T19:11:28.008+0000] {logging_mixin.py:190} INFO - [2025-04-04T19:11:28.007+0000] {dag.py:4180} INFO - Setting next_dagrun for read_dataset_event_from_classic to 2025-04-03 00:00:00+00:00, run_after=2025-04-04 00:00:00+00:00
[2025-04-04T19:11:28.029+0000] {processor.py:208} INFO - Processing /home/airflow/.local/lib/python3.12/site-packages/airflow/example_dags/example_inlet_event_extra.py took 0.742 seconds
[2025-04-04T19:11:58.120+0000] {processor.py:186} INFO - Started process (PID=2748) to work on /home/airflow/.local/lib/python3.12/site-packages/airflow/example_dags/example_inlet_event_extra.py
[2025-04-04T19:11:58.122+0000] {processor.py:914} INFO - Processing file /home/airflow/.local/lib/python3.12/site-packages/airflow/example_dags/example_inlet_event_extra.py for tasks to queue
[2025-04-04T19:11:58.125+0000] {logging_mixin.py:190} INFO - [2025-04-04T19:11:58.124+0000] {dagbag.py:588} INFO - Filling up the DagBag from /home/airflow/.local/lib/python3.12/site-packages/airflow/example_dags/example_inlet_event_extra.py
[2025-04-04T19:11:58.837+0000] {processor.py:925} INFO - DAG(s) 'read_dataset_event', 'read_dataset_event_from_classic' retrieved from /home/airflow/.local/lib/python3.12/site-packages/airflow/example_dags/example_inlet_event_extra.py
[2025-04-04T19:11:58.856+0000] {logging_mixin.py:190} INFO - [2025-04-04T19:11:58.856+0000] {dag.py:3239} INFO - Sync 2 DAGs
[2025-04-04T19:11:58.884+0000] {logging_mixin.py:190} INFO - [2025-04-04T19:11:58.883+0000] {dag.py:4180} INFO - Setting next_dagrun for read_dataset_event to 2025-04-03 00:00:00+00:00, run_after=2025-04-04 00:00:00+00:00
[2025-04-04T19:11:58.890+0000] {logging_mixin.py:190} INFO - [2025-04-04T19:11:58.890+0000] {dag.py:4180} INFO - Setting next_dagrun for read_dataset_event_from_classic to 2025-04-03 00:00:00+00:00, run_after=2025-04-04 00:00:00+00:00
[2025-04-04T19:11:58.906+0000] {processor.py:208} INFO - Processing /home/airflow/.local/lib/python3.12/site-packages/airflow/example_dags/example_inlet_event_extra.py took 0.793 seconds
[2025-04-04T19:12:29.179+0000] {processor.py:186} INFO - Started process (PID=2812) to work on /home/airflow/.local/lib/python3.12/site-packages/airflow/example_dags/example_inlet_event_extra.py
[2025-04-04T19:12:29.179+0000] {processor.py:914} INFO - Processing file /home/airflow/.local/lib/python3.12/site-packages/airflow/example_dags/example_inlet_event_extra.py for tasks to queue
[2025-04-04T19:12:29.182+0000] {logging_mixin.py:190} INFO - [2025-04-04T19:12:29.181+0000] {dagbag.py:588} INFO - Filling up the DagBag from /home/airflow/.local/lib/python3.12/site-packages/airflow/example_dags/example_inlet_event_extra.py
[2025-04-04T19:12:29.734+0000] {processor.py:925} INFO - DAG(s) 'read_dataset_event', 'read_dataset_event_from_classic' retrieved from /home/airflow/.local/lib/python3.12/site-packages/airflow/example_dags/example_inlet_event_extra.py
[2025-04-04T19:12:29.753+0000] {logging_mixin.py:190} INFO - [2025-04-04T19:12:29.753+0000] {dag.py:3239} INFO - Sync 2 DAGs
[2025-04-04T19:12:29.775+0000] {logging_mixin.py:190} INFO - [2025-04-04T19:12:29.775+0000] {dag.py:4180} INFO - Setting next_dagrun for read_dataset_event to 2025-04-03 00:00:00+00:00, run_after=2025-04-04 00:00:00+00:00
[2025-04-04T19:12:29.780+0000] {logging_mixin.py:190} INFO - [2025-04-04T19:12:29.780+0000] {dag.py:4180} INFO - Setting next_dagrun for read_dataset_event_from_classic to 2025-04-03 00:00:00+00:00, run_after=2025-04-04 00:00:00+00:00
[2025-04-04T19:12:29.793+0000] {processor.py:208} INFO - Processing /home/airflow/.local/lib/python3.12/site-packages/airflow/example_dags/example_inlet_event_extra.py took 0.619 seconds
[2025-04-04T19:13:00.334+0000] {processor.py:186} INFO - Started process (PID=2880) to work on /home/airflow/.local/lib/python3.12/site-packages/airflow/example_dags/example_inlet_event_extra.py
[2025-04-04T19:13:00.335+0000] {processor.py:914} INFO - Processing file /home/airflow/.local/lib/python3.12/site-packages/airflow/example_dags/example_inlet_event_extra.py for tasks to queue
[2025-04-04T19:13:00.338+0000] {logging_mixin.py:190} INFO - [2025-04-04T19:13:00.337+0000] {dagbag.py:588} INFO - Filling up the DagBag from /home/airflow/.local/lib/python3.12/site-packages/airflow/example_dags/example_inlet_event_extra.py
[2025-04-04T19:13:00.991+0000] {processor.py:925} INFO - DAG(s) 'read_dataset_event', 'read_dataset_event_from_classic' retrieved from /home/airflow/.local/lib/python3.12/site-packages/airflow/example_dags/example_inlet_event_extra.py
[2025-04-04T19:13:01.013+0000] {logging_mixin.py:190} INFO - [2025-04-04T19:13:01.013+0000] {dag.py:3239} INFO - Sync 2 DAGs
[2025-04-04T19:13:01.041+0000] {logging_mixin.py:190} INFO - [2025-04-04T19:13:01.041+0000] {dag.py:4180} INFO - Setting next_dagrun for read_dataset_event to 2025-04-03 00:00:00+00:00, run_after=2025-04-04 00:00:00+00:00
[2025-04-04T19:13:01.047+0000] {logging_mixin.py:190} INFO - [2025-04-04T19:13:01.047+0000] {dag.py:4180} INFO - Setting next_dagrun for read_dataset_event_from_classic to 2025-04-03 00:00:00+00:00, run_after=2025-04-04 00:00:00+00:00
[2025-04-04T19:13:01.065+0000] {processor.py:208} INFO - Processing /home/airflow/.local/lib/python3.12/site-packages/airflow/example_dags/example_inlet_event_extra.py took 0.739 seconds
[2025-04-04T19:13:31.878+0000] {processor.py:186} INFO - Started process (PID=2945) to work on /home/airflow/.local/lib/python3.12/site-packages/airflow/example_dags/example_inlet_event_extra.py
[2025-04-04T19:13:31.879+0000] {processor.py:914} INFO - Processing file /home/airflow/.local/lib/python3.12/site-packages/airflow/example_dags/example_inlet_event_extra.py for tasks to queue
[2025-04-04T19:13:31.884+0000] {logging_mixin.py:190} INFO - [2025-04-04T19:13:31.883+0000] {dagbag.py:588} INFO - Filling up the DagBag from /home/airflow/.local/lib/python3.12/site-packages/airflow/example_dags/example_inlet_event_extra.py
[2025-04-04T19:13:32.565+0000] {processor.py:925} INFO - DAG(s) 'read_dataset_event', 'read_dataset_event_from_classic' retrieved from /home/airflow/.local/lib/python3.12/site-packages/airflow/example_dags/example_inlet_event_extra.py
[2025-04-04T19:13:32.604+0000] {logging_mixin.py:190} INFO - [2025-04-04T19:13:32.604+0000] {dag.py:3239} INFO - Sync 2 DAGs
[2025-04-04T19:13:32.641+0000] {logging_mixin.py:190} INFO - [2025-04-04T19:13:32.641+0000] {dag.py:4180} INFO - Setting next_dagrun for read_dataset_event to 2025-04-03 00:00:00+00:00, run_after=2025-04-04 00:00:00+00:00
[2025-04-04T19:13:32.650+0000] {logging_mixin.py:190} INFO - [2025-04-04T19:13:32.649+0000] {dag.py:4180} INFO - Setting next_dagrun for read_dataset_event_from_classic to 2025-04-03 00:00:00+00:00, run_after=2025-04-04 00:00:00+00:00
[2025-04-04T19:13:32.673+0000] {processor.py:208} INFO - Processing /home/airflow/.local/lib/python3.12/site-packages/airflow/example_dags/example_inlet_event_extra.py took 0.805 seconds
[2025-04-04T19:14:03.312+0000] {processor.py:186} INFO - Started process (PID=3009) to work on /home/airflow/.local/lib/python3.12/site-packages/airflow/example_dags/example_inlet_event_extra.py
[2025-04-04T19:14:03.314+0000] {processor.py:914} INFO - Processing file /home/airflow/.local/lib/python3.12/site-packages/airflow/example_dags/example_inlet_event_extra.py for tasks to queue
[2025-04-04T19:14:03.316+0000] {logging_mixin.py:190} INFO - [2025-04-04T19:14:03.316+0000] {dagbag.py:588} INFO - Filling up the DagBag from /home/airflow/.local/lib/python3.12/site-packages/airflow/example_dags/example_inlet_event_extra.py
[2025-04-04T19:14:03.901+0000] {processor.py:925} INFO - DAG(s) 'read_dataset_event_from_classic', 'read_dataset_event' retrieved from /home/airflow/.local/lib/python3.12/site-packages/airflow/example_dags/example_inlet_event_extra.py
[2025-04-04T19:14:03.922+0000] {logging_mixin.py:190} INFO - [2025-04-04T19:14:03.921+0000] {dag.py:3239} INFO - Sync 2 DAGs
[2025-04-04T19:14:03.945+0000] {logging_mixin.py:190} INFO - [2025-04-04T19:14:03.945+0000] {dag.py:4180} INFO - Setting next_dagrun for read_dataset_event to 2025-04-03 00:00:00+00:00, run_after=2025-04-04 00:00:00+00:00
[2025-04-04T19:14:03.950+0000] {logging_mixin.py:190} INFO - [2025-04-04T19:14:03.949+0000] {dag.py:4180} INFO - Setting next_dagrun for read_dataset_event_from_classic to 2025-04-03 00:00:00+00:00, run_after=2025-04-04 00:00:00+00:00
[2025-04-04T19:14:03.964+0000] {processor.py:208} INFO - Processing /home/airflow/.local/lib/python3.12/site-packages/airflow/example_dags/example_inlet_event_extra.py took 0.657 seconds
[2025-04-04T19:14:34.521+0000] {processor.py:186} INFO - Started process (PID=3073) to work on /home/airflow/.local/lib/python3.12/site-packages/airflow/example_dags/example_inlet_event_extra.py
[2025-04-04T19:14:34.522+0000] {processor.py:914} INFO - Processing file /home/airflow/.local/lib/python3.12/site-packages/airflow/example_dags/example_inlet_event_extra.py for tasks to queue
[2025-04-04T19:14:34.525+0000] {logging_mixin.py:190} INFO - [2025-04-04T19:14:34.525+0000] {dagbag.py:588} INFO - Filling up the DagBag from /home/airflow/.local/lib/python3.12/site-packages/airflow/example_dags/example_inlet_event_extra.py
[2025-04-04T19:14:34.962+0000] {processor.py:925} INFO - DAG(s) 'read_dataset_event_from_classic', 'read_dataset_event' retrieved from /home/airflow/.local/lib/python3.12/site-packages/airflow/example_dags/example_inlet_event_extra.py
[2025-04-04T19:14:34.991+0000] {logging_mixin.py:190} INFO - [2025-04-04T19:14:34.991+0000] {dag.py:3239} INFO - Sync 2 DAGs
[2025-04-04T19:14:35.023+0000] {logging_mixin.py:190} INFO - [2025-04-04T19:14:35.022+0000] {dag.py:4180} INFO - Setting next_dagrun for read_dataset_event to 2025-04-03 00:00:00+00:00, run_after=2025-04-04 00:00:00+00:00
[2025-04-04T19:14:35.030+0000] {logging_mixin.py:190} INFO - [2025-04-04T19:14:35.030+0000] {dag.py:4180} INFO - Setting next_dagrun for read_dataset_event_from_classic to 2025-04-03 00:00:00+00:00, run_after=2025-04-04 00:00:00+00:00
[2025-04-04T19:14:35.050+0000] {processor.py:208} INFO - Processing /home/airflow/.local/lib/python3.12/site-packages/airflow/example_dags/example_inlet_event_extra.py took 0.535 seconds
[2025-04-04T19:15:05.681+0000] {processor.py:186} INFO - Started process (PID=3137) to work on /home/airflow/.local/lib/python3.12/site-packages/airflow/example_dags/example_inlet_event_extra.py
[2025-04-04T19:15:05.682+0000] {processor.py:914} INFO - Processing file /home/airflow/.local/lib/python3.12/site-packages/airflow/example_dags/example_inlet_event_extra.py for tasks to queue
[2025-04-04T19:15:05.684+0000] {logging_mixin.py:190} INFO - [2025-04-04T19:15:05.684+0000] {dagbag.py:588} INFO - Filling up the DagBag from /home/airflow/.local/lib/python3.12/site-packages/airflow/example_dags/example_inlet_event_extra.py
[2025-04-04T19:15:06.146+0000] {processor.py:925} INFO - DAG(s) 'read_dataset_event_from_classic', 'read_dataset_event' retrieved from /home/airflow/.local/lib/python3.12/site-packages/airflow/example_dags/example_inlet_event_extra.py
[2025-04-04T19:15:06.168+0000] {logging_mixin.py:190} INFO - [2025-04-04T19:15:06.168+0000] {dag.py:3239} INFO - Sync 2 DAGs
[2025-04-04T19:15:06.194+0000] {logging_mixin.py:190} INFO - [2025-04-04T19:15:06.194+0000] {dag.py:4180} INFO - Setting next_dagrun for read_dataset_event to 2025-04-03 00:00:00+00:00, run_after=2025-04-04 00:00:00+00:00
[2025-04-04T19:15:06.200+0000] {logging_mixin.py:190} INFO - [2025-04-04T19:15:06.200+0000] {dag.py:4180} INFO - Setting next_dagrun for read_dataset_event_from_classic to 2025-04-03 00:00:00+00:00, run_after=2025-04-04 00:00:00+00:00
[2025-04-04T19:15:06.215+0000] {processor.py:208} INFO - Processing /home/airflow/.local/lib/python3.12/site-packages/airflow/example_dags/example_inlet_event_extra.py took 0.542 seconds
[2025-04-04T19:15:36.894+0000] {processor.py:186} INFO - Started process (PID=3201) to work on /home/airflow/.local/lib/python3.12/site-packages/airflow/example_dags/example_inlet_event_extra.py
[2025-04-04T19:15:36.895+0000] {processor.py:914} INFO - Processing file /home/airflow/.local/lib/python3.12/site-packages/airflow/example_dags/example_inlet_event_extra.py for tasks to queue
[2025-04-04T19:15:36.897+0000] {logging_mixin.py:190} INFO - [2025-04-04T19:15:36.897+0000] {dagbag.py:588} INFO - Filling up the DagBag from /home/airflow/.local/lib/python3.12/site-packages/airflow/example_dags/example_inlet_event_extra.py
[2025-04-04T19:15:37.277+0000] {processor.py:925} INFO - DAG(s) 'read_dataset_event_from_classic', 'read_dataset_event' retrieved from /home/airflow/.local/lib/python3.12/site-packages/airflow/example_dags/example_inlet_event_extra.py
[2025-04-04T19:15:37.299+0000] {logging_mixin.py:190} INFO - [2025-04-04T19:15:37.299+0000] {dag.py:3239} INFO - Sync 2 DAGs
[2025-04-04T19:15:37.330+0000] {logging_mixin.py:190} INFO - [2025-04-04T19:15:37.330+0000] {dag.py:4180} INFO - Setting next_dagrun for read_dataset_event to 2025-04-03 00:00:00+00:00, run_after=2025-04-04 00:00:00+00:00
[2025-04-04T19:15:37.337+0000] {logging_mixin.py:190} INFO - [2025-04-04T19:15:37.337+0000] {dag.py:4180} INFO - Setting next_dagrun for read_dataset_event_from_classic to 2025-04-03 00:00:00+00:00, run_after=2025-04-04 00:00:00+00:00
[2025-04-04T19:15:37.355+0000] {processor.py:208} INFO - Processing /home/airflow/.local/lib/python3.12/site-packages/airflow/example_dags/example_inlet_event_extra.py took 0.465 seconds
[2025-04-04T19:16:07.553+0000] {processor.py:186} INFO - Started process (PID=3265) to work on /home/airflow/.local/lib/python3.12/site-packages/airflow/example_dags/example_inlet_event_extra.py
[2025-04-04T19:16:07.554+0000] {processor.py:914} INFO - Processing file /home/airflow/.local/lib/python3.12/site-packages/airflow/example_dags/example_inlet_event_extra.py for tasks to queue
[2025-04-04T19:16:07.556+0000] {logging_mixin.py:190} INFO - [2025-04-04T19:16:07.556+0000] {dagbag.py:588} INFO - Filling up the DagBag from /home/airflow/.local/lib/python3.12/site-packages/airflow/example_dags/example_inlet_event_extra.py
[2025-04-04T19:16:07.971+0000] {processor.py:925} INFO - DAG(s) 'read_dataset_event_from_classic', 'read_dataset_event' retrieved from /home/airflow/.local/lib/python3.12/site-packages/airflow/example_dags/example_inlet_event_extra.py
[2025-04-04T19:16:07.999+0000] {logging_mixin.py:190} INFO - [2025-04-04T19:16:07.999+0000] {dag.py:3239} INFO - Sync 2 DAGs
[2025-04-04T19:16:08.027+0000] {logging_mixin.py:190} INFO - [2025-04-04T19:16:08.026+0000] {dag.py:4180} INFO - Setting next_dagrun for read_dataset_event to 2025-04-03 00:00:00+00:00, run_after=2025-04-04 00:00:00+00:00
[2025-04-04T19:16:08.033+0000] {logging_mixin.py:190} INFO - [2025-04-04T19:16:08.033+0000] {dag.py:4180} INFO - Setting next_dagrun for read_dataset_event_from_classic to 2025-04-03 00:00:00+00:00, run_after=2025-04-04 00:00:00+00:00
[2025-04-04T19:16:08.049+0000] {processor.py:208} INFO - Processing /home/airflow/.local/lib/python3.12/site-packages/airflow/example_dags/example_inlet_event_extra.py took 0.502 seconds
[2025-04-04T19:16:39.226+0000] {processor.py:186} INFO - Started process (PID=3335) to work on /home/airflow/.local/lib/python3.12/site-packages/airflow/example_dags/example_inlet_event_extra.py
[2025-04-04T19:16:39.227+0000] {processor.py:914} INFO - Processing file /home/airflow/.local/lib/python3.12/site-packages/airflow/example_dags/example_inlet_event_extra.py for tasks to queue
[2025-04-04T19:16:39.229+0000] {logging_mixin.py:190} INFO - [2025-04-04T19:16:39.229+0000] {dagbag.py:588} INFO - Filling up the DagBag from /home/airflow/.local/lib/python3.12/site-packages/airflow/example_dags/example_inlet_event_extra.py
[2025-04-04T19:16:39.642+0000] {processor.py:925} INFO - DAG(s) 'read_dataset_event_from_classic', 'read_dataset_event' retrieved from /home/airflow/.local/lib/python3.12/site-packages/airflow/example_dags/example_inlet_event_extra.py
[2025-04-04T19:16:39.667+0000] {logging_mixin.py:190} INFO - [2025-04-04T19:16:39.666+0000] {dag.py:3239} INFO - Sync 2 DAGs
[2025-04-04T19:16:39.693+0000] {logging_mixin.py:190} INFO - [2025-04-04T19:16:39.693+0000] {dag.py:4180} INFO - Setting next_dagrun for read_dataset_event to 2025-04-03 00:00:00+00:00, run_after=2025-04-04 00:00:00+00:00
[2025-04-04T19:16:39.699+0000] {logging_mixin.py:190} INFO - [2025-04-04T19:16:39.698+0000] {dag.py:4180} INFO - Setting next_dagrun for read_dataset_event_from_classic to 2025-04-03 00:00:00+00:00, run_after=2025-04-04 00:00:00+00:00
[2025-04-04T19:16:39.713+0000] {processor.py:208} INFO - Processing /home/airflow/.local/lib/python3.12/site-packages/airflow/example_dags/example_inlet_event_extra.py took 0.492 seconds
[2025-04-04T19:17:10.492+0000] {processor.py:186} INFO - Started process (PID=3399) to work on /home/airflow/.local/lib/python3.12/site-packages/airflow/example_dags/example_inlet_event_extra.py
[2025-04-04T19:17:10.493+0000] {processor.py:914} INFO - Processing file /home/airflow/.local/lib/python3.12/site-packages/airflow/example_dags/example_inlet_event_extra.py for tasks to queue
[2025-04-04T19:17:10.496+0000] {logging_mixin.py:190} INFO - [2025-04-04T19:17:10.495+0000] {dagbag.py:588} INFO - Filling up the DagBag from /home/airflow/.local/lib/python3.12/site-packages/airflow/example_dags/example_inlet_event_extra.py
[2025-04-04T19:17:10.910+0000] {processor.py:925} INFO - DAG(s) 'read_dataset_event_from_classic', 'read_dataset_event' retrieved from /home/airflow/.local/lib/python3.12/site-packages/airflow/example_dags/example_inlet_event_extra.py
[2025-04-04T19:17:10.931+0000] {logging_mixin.py:190} INFO - [2025-04-04T19:17:10.931+0000] {dag.py:3239} INFO - Sync 2 DAGs
[2025-04-04T19:17:10.956+0000] {logging_mixin.py:190} INFO - [2025-04-04T19:17:10.955+0000] {dag.py:4180} INFO - Setting next_dagrun for read_dataset_event to 2025-04-03 00:00:00+00:00, run_after=2025-04-04 00:00:00+00:00
[2025-04-04T19:17:10.960+0000] {logging_mixin.py:190} INFO - [2025-04-04T19:17:10.960+0000] {dag.py:4180} INFO - Setting next_dagrun for read_dataset_event_from_classic to 2025-04-03 00:00:00+00:00, run_after=2025-04-04 00:00:00+00:00
[2025-04-04T19:17:10.977+0000] {processor.py:208} INFO - Processing /home/airflow/.local/lib/python3.12/site-packages/airflow/example_dags/example_inlet_event_extra.py took 0.492 seconds
[2025-04-04T19:17:41.036+0000] {processor.py:186} INFO - Started process (PID=3464) to work on /home/airflow/.local/lib/python3.12/site-packages/airflow/example_dags/example_inlet_event_extra.py
[2025-04-04T19:17:41.037+0000] {processor.py:914} INFO - Processing file /home/airflow/.local/lib/python3.12/site-packages/airflow/example_dags/example_inlet_event_extra.py for tasks to queue
[2025-04-04T19:17:41.039+0000] {logging_mixin.py:190} INFO - [2025-04-04T19:17:41.039+0000] {dagbag.py:588} INFO - Filling up the DagBag from /home/airflow/.local/lib/python3.12/site-packages/airflow/example_dags/example_inlet_event_extra.py
[2025-04-04T19:17:41.439+0000] {processor.py:925} INFO - DAG(s) 'read_dataset_event_from_classic', 'read_dataset_event' retrieved from /home/airflow/.local/lib/python3.12/site-packages/airflow/example_dags/example_inlet_event_extra.py
[2025-04-04T19:17:41.461+0000] {logging_mixin.py:190} INFO - [2025-04-04T19:17:41.461+0000] {dag.py:3239} INFO - Sync 2 DAGs
[2025-04-04T19:17:41.487+0000] {logging_mixin.py:190} INFO - [2025-04-04T19:17:41.487+0000] {dag.py:4180} INFO - Setting next_dagrun for read_dataset_event to 2025-04-03 00:00:00+00:00, run_after=2025-04-04 00:00:00+00:00
[2025-04-04T19:17:41.493+0000] {logging_mixin.py:190} INFO - [2025-04-04T19:17:41.493+0000] {dag.py:4180} INFO - Setting next_dagrun for read_dataset_event_from_classic to 2025-04-03 00:00:00+00:00, run_after=2025-04-04 00:00:00+00:00
[2025-04-04T19:17:41.508+0000] {processor.py:208} INFO - Processing /home/airflow/.local/lib/python3.12/site-packages/airflow/example_dags/example_inlet_event_extra.py took 0.479 seconds
[2025-04-04T19:18:11.927+0000] {processor.py:186} INFO - Started process (PID=3528) to work on /home/airflow/.local/lib/python3.12/site-packages/airflow/example_dags/example_inlet_event_extra.py
[2025-04-04T19:18:11.929+0000] {processor.py:914} INFO - Processing file /home/airflow/.local/lib/python3.12/site-packages/airflow/example_dags/example_inlet_event_extra.py for tasks to queue
[2025-04-04T19:18:11.933+0000] {logging_mixin.py:190} INFO - [2025-04-04T19:18:11.933+0000] {dagbag.py:588} INFO - Filling up the DagBag from /home/airflow/.local/lib/python3.12/site-packages/airflow/example_dags/example_inlet_event_extra.py
[2025-04-04T19:18:12.463+0000] {processor.py:925} INFO - DAG(s) 'read_dataset_event', 'read_dataset_event_from_classic' retrieved from /home/airflow/.local/lib/python3.12/site-packages/airflow/example_dags/example_inlet_event_extra.py
[2025-04-04T19:18:12.493+0000] {logging_mixin.py:190} INFO - [2025-04-04T19:18:12.493+0000] {dag.py:3239} INFO - Sync 2 DAGs
[2025-04-04T19:18:12.534+0000] {logging_mixin.py:190} INFO - [2025-04-04T19:18:12.533+0000] {dag.py:4180} INFO - Setting next_dagrun for read_dataset_event to 2025-04-03 00:00:00+00:00, run_after=2025-04-04 00:00:00+00:00
[2025-04-04T19:18:12.541+0000] {logging_mixin.py:190} INFO - [2025-04-04T19:18:12.541+0000] {dag.py:4180} INFO - Setting next_dagrun for read_dataset_event_from_classic to 2025-04-03 00:00:00+00:00, run_after=2025-04-04 00:00:00+00:00
[2025-04-04T19:18:12.564+0000] {processor.py:208} INFO - Processing /home/airflow/.local/lib/python3.12/site-packages/airflow/example_dags/example_inlet_event_extra.py took 0.644 seconds
[2025-04-04T19:18:43.214+0000] {processor.py:186} INFO - Started process (PID=3594) to work on /home/airflow/.local/lib/python3.12/site-packages/airflow/example_dags/example_inlet_event_extra.py
[2025-04-04T19:18:43.215+0000] {processor.py:914} INFO - Processing file /home/airflow/.local/lib/python3.12/site-packages/airflow/example_dags/example_inlet_event_extra.py for tasks to queue
[2025-04-04T19:18:43.217+0000] {logging_mixin.py:190} INFO - [2025-04-04T19:18:43.217+0000] {dagbag.py:588} INFO - Filling up the DagBag from /home/airflow/.local/lib/python3.12/site-packages/airflow/example_dags/example_inlet_event_extra.py
[2025-04-04T19:18:43.595+0000] {processor.py:925} INFO - DAG(s) 'read_dataset_event', 'read_dataset_event_from_classic' retrieved from /home/airflow/.local/lib/python3.12/site-packages/airflow/example_dags/example_inlet_event_extra.py
[2025-04-04T19:18:43.617+0000] {logging_mixin.py:190} INFO - [2025-04-04T19:18:43.617+0000] {dag.py:3239} INFO - Sync 2 DAGs
[2025-04-04T19:18:43.646+0000] {logging_mixin.py:190} INFO - [2025-04-04T19:18:43.645+0000] {dag.py:4180} INFO - Setting next_dagrun for read_dataset_event to 2025-04-03 00:00:00+00:00, run_after=2025-04-04 00:00:00+00:00
[2025-04-04T19:18:43.651+0000] {logging_mixin.py:190} INFO - [2025-04-04T19:18:43.650+0000] {dag.py:4180} INFO - Setting next_dagrun for read_dataset_event_from_classic to 2025-04-03 00:00:00+00:00, run_after=2025-04-04 00:00:00+00:00
[2025-04-04T19:18:43.667+0000] {processor.py:208} INFO - Processing /home/airflow/.local/lib/python3.12/site-packages/airflow/example_dags/example_inlet_event_extra.py took 0.458 seconds
[2025-04-04T19:19:14.367+0000] {processor.py:186} INFO - Started process (PID=3664) to work on /home/airflow/.local/lib/python3.12/site-packages/airflow/example_dags/example_inlet_event_extra.py
[2025-04-04T19:19:14.368+0000] {processor.py:914} INFO - Processing file /home/airflow/.local/lib/python3.12/site-packages/airflow/example_dags/example_inlet_event_extra.py for tasks to queue
[2025-04-04T19:19:14.370+0000] {logging_mixin.py:190} INFO - [2025-04-04T19:19:14.370+0000] {dagbag.py:588} INFO - Filling up the DagBag from /home/airflow/.local/lib/python3.12/site-packages/airflow/example_dags/example_inlet_event_extra.py
[2025-04-04T19:19:14.797+0000] {processor.py:925} INFO - DAG(s) 'read_dataset_event_from_classic', 'read_dataset_event' retrieved from /home/airflow/.local/lib/python3.12/site-packages/airflow/example_dags/example_inlet_event_extra.py
[2025-04-04T19:19:14.821+0000] {logging_mixin.py:190} INFO - [2025-04-04T19:19:14.820+0000] {dag.py:3239} INFO - Sync 2 DAGs
[2025-04-04T19:19:14.846+0000] {logging_mixin.py:190} INFO - [2025-04-04T19:19:14.845+0000] {dag.py:4180} INFO - Setting next_dagrun for read_dataset_event to 2025-04-03 00:00:00+00:00, run_after=2025-04-04 00:00:00+00:00
[2025-04-04T19:19:14.851+0000] {logging_mixin.py:190} INFO - [2025-04-04T19:19:14.851+0000] {dag.py:4180} INFO - Setting next_dagrun for read_dataset_event_from_classic to 2025-04-03 00:00:00+00:00, run_after=2025-04-04 00:00:00+00:00
[2025-04-04T19:19:14.870+0000] {processor.py:208} INFO - Processing /home/airflow/.local/lib/python3.12/site-packages/airflow/example_dags/example_inlet_event_extra.py took 0.508 seconds
[2025-04-04T19:19:45.395+0000] {processor.py:186} INFO - Started process (PID=3728) to work on /home/airflow/.local/lib/python3.12/site-packages/airflow/example_dags/example_inlet_event_extra.py
[2025-04-04T19:19:45.396+0000] {processor.py:914} INFO - Processing file /home/airflow/.local/lib/python3.12/site-packages/airflow/example_dags/example_inlet_event_extra.py for tasks to queue
[2025-04-04T19:19:45.398+0000] {logging_mixin.py:190} INFO - [2025-04-04T19:19:45.398+0000] {dagbag.py:588} INFO - Filling up the DagBag from /home/airflow/.local/lib/python3.12/site-packages/airflow/example_dags/example_inlet_event_extra.py
[2025-04-04T19:19:45.769+0000] {processor.py:925} INFO - DAG(s) 'read_dataset_event_from_classic', 'read_dataset_event' retrieved from /home/airflow/.local/lib/python3.12/site-packages/airflow/example_dags/example_inlet_event_extra.py
[2025-04-04T19:19:45.790+0000] {logging_mixin.py:190} INFO - [2025-04-04T19:19:45.790+0000] {dag.py:3239} INFO - Sync 2 DAGs
[2025-04-04T19:19:45.813+0000] {logging_mixin.py:190} INFO - [2025-04-04T19:19:45.813+0000] {dag.py:4180} INFO - Setting next_dagrun for read_dataset_event to 2025-04-03 00:00:00+00:00, run_after=2025-04-04 00:00:00+00:00
[2025-04-04T19:19:45.818+0000] {logging_mixin.py:190} INFO - [2025-04-04T19:19:45.818+0000] {dag.py:4180} INFO - Setting next_dagrun for read_dataset_event_from_classic to 2025-04-03 00:00:00+00:00, run_after=2025-04-04 00:00:00+00:00
[2025-04-04T19:19:45.832+0000] {processor.py:208} INFO - Processing /home/airflow/.local/lib/python3.12/site-packages/airflow/example_dags/example_inlet_event_extra.py took 0.443 seconds
[2025-04-04T19:20:15.901+0000] {processor.py:186} INFO - Started process (PID=3792) to work on /home/airflow/.local/lib/python3.12/site-packages/airflow/example_dags/example_inlet_event_extra.py
[2025-04-04T19:20:15.902+0000] {processor.py:914} INFO - Processing file /home/airflow/.local/lib/python3.12/site-packages/airflow/example_dags/example_inlet_event_extra.py for tasks to queue
[2025-04-04T19:20:15.904+0000] {logging_mixin.py:190} INFO - [2025-04-04T19:20:15.903+0000] {dagbag.py:588} INFO - Filling up the DagBag from /home/airflow/.local/lib/python3.12/site-packages/airflow/example_dags/example_inlet_event_extra.py
[2025-04-04T19:20:16.272+0000] {processor.py:925} INFO - DAG(s) 'read_dataset_event', 'read_dataset_event_from_classic' retrieved from /home/airflow/.local/lib/python3.12/site-packages/airflow/example_dags/example_inlet_event_extra.py
[2025-04-04T19:20:16.293+0000] {logging_mixin.py:190} INFO - [2025-04-04T19:20:16.293+0000] {dag.py:3239} INFO - Sync 2 DAGs
[2025-04-04T19:20:16.315+0000] {logging_mixin.py:190} INFO - [2025-04-04T19:20:16.315+0000] {dag.py:4180} INFO - Setting next_dagrun for read_dataset_event to 2025-04-03 00:00:00+00:00, run_after=2025-04-04 00:00:00+00:00
[2025-04-04T19:20:16.320+0000] {logging_mixin.py:190} INFO - [2025-04-04T19:20:16.320+0000] {dag.py:4180} INFO - Setting next_dagrun for read_dataset_event_from_classic to 2025-04-03 00:00:00+00:00, run_after=2025-04-04 00:00:00+00:00
[2025-04-04T19:20:16.335+0000] {processor.py:208} INFO - Processing /home/airflow/.local/lib/python3.12/site-packages/airflow/example_dags/example_inlet_event_extra.py took 0.440 seconds
[2025-04-04T19:20:46.425+0000] {processor.py:186} INFO - Started process (PID=3856) to work on /home/airflow/.local/lib/python3.12/site-packages/airflow/example_dags/example_inlet_event_extra.py
[2025-04-04T19:20:46.427+0000] {processor.py:914} INFO - Processing file /home/airflow/.local/lib/python3.12/site-packages/airflow/example_dags/example_inlet_event_extra.py for tasks to queue
[2025-04-04T19:20:46.430+0000] {logging_mixin.py:190} INFO - [2025-04-04T19:20:46.429+0000] {dagbag.py:588} INFO - Filling up the DagBag from /home/airflow/.local/lib/python3.12/site-packages/airflow/example_dags/example_inlet_event_extra.py
[2025-04-04T19:20:46.864+0000] {processor.py:925} INFO - DAG(s) 'read_dataset_event', 'read_dataset_event_from_classic' retrieved from /home/airflow/.local/lib/python3.12/site-packages/airflow/example_dags/example_inlet_event_extra.py
[2025-04-04T19:20:46.889+0000] {logging_mixin.py:190} INFO - [2025-04-04T19:20:46.888+0000] {dag.py:3239} INFO - Sync 2 DAGs
[2025-04-04T19:20:46.917+0000] {logging_mixin.py:190} INFO - [2025-04-04T19:20:46.917+0000] {dag.py:4180} INFO - Setting next_dagrun for read_dataset_event to 2025-04-03 00:00:00+00:00, run_after=2025-04-04 00:00:00+00:00
[2025-04-04T19:20:46.922+0000] {logging_mixin.py:190} INFO - [2025-04-04T19:20:46.922+0000] {dag.py:4180} INFO - Setting next_dagrun for read_dataset_event_from_classic to 2025-04-03 00:00:00+00:00, run_after=2025-04-04 00:00:00+00:00
[2025-04-04T19:20:46.940+0000] {processor.py:208} INFO - Processing /home/airflow/.local/lib/python3.12/site-packages/airflow/example_dags/example_inlet_event_extra.py took 0.522 seconds
[2025-04-04T19:21:17.012+0000] {processor.py:186} INFO - Started process (PID=3920) to work on /home/airflow/.local/lib/python3.12/site-packages/airflow/example_dags/example_inlet_event_extra.py
[2025-04-04T19:21:17.013+0000] {processor.py:914} INFO - Processing file /home/airflow/.local/lib/python3.12/site-packages/airflow/example_dags/example_inlet_event_extra.py for tasks to queue
[2025-04-04T19:21:17.015+0000] {logging_mixin.py:190} INFO - [2025-04-04T19:21:17.015+0000] {dagbag.py:588} INFO - Filling up the DagBag from /home/airflow/.local/lib/python3.12/site-packages/airflow/example_dags/example_inlet_event_extra.py
[2025-04-04T19:21:17.381+0000] {processor.py:925} INFO - DAG(s) 'read_dataset_event_from_classic', 'read_dataset_event' retrieved from /home/airflow/.local/lib/python3.12/site-packages/airflow/example_dags/example_inlet_event_extra.py
[2025-04-04T19:21:17.405+0000] {logging_mixin.py:190} INFO - [2025-04-04T19:21:17.404+0000] {dag.py:3239} INFO - Sync 2 DAGs
[2025-04-04T19:21:17.431+0000] {logging_mixin.py:190} INFO - [2025-04-04T19:21:17.430+0000] {dag.py:4180} INFO - Setting next_dagrun for read_dataset_event to 2025-04-03 00:00:00+00:00, run_after=2025-04-04 00:00:00+00:00
[2025-04-04T19:21:17.437+0000] {logging_mixin.py:190} INFO - [2025-04-04T19:21:17.437+0000] {dag.py:4180} INFO - Setting next_dagrun for read_dataset_event_from_classic to 2025-04-03 00:00:00+00:00, run_after=2025-04-04 00:00:00+00:00
[2025-04-04T19:21:17.455+0000] {processor.py:208} INFO - Processing /home/airflow/.local/lib/python3.12/site-packages/airflow/example_dags/example_inlet_event_extra.py took 0.449 seconds
[2025-04-04T19:21:47.622+0000] {processor.py:186} INFO - Started process (PID=3984) to work on /home/airflow/.local/lib/python3.12/site-packages/airflow/example_dags/example_inlet_event_extra.py
[2025-04-04T19:21:47.623+0000] {processor.py:914} INFO - Processing file /home/airflow/.local/lib/python3.12/site-packages/airflow/example_dags/example_inlet_event_extra.py for tasks to queue
[2025-04-04T19:21:47.625+0000] {logging_mixin.py:190} INFO - [2025-04-04T19:21:47.625+0000] {dagbag.py:588} INFO - Filling up the DagBag from /home/airflow/.local/lib/python3.12/site-packages/airflow/example_dags/example_inlet_event_extra.py
[2025-04-04T19:21:48.016+0000] {processor.py:925} INFO - DAG(s) 'read_dataset_event', 'read_dataset_event_from_classic' retrieved from /home/airflow/.local/lib/python3.12/site-packages/airflow/example_dags/example_inlet_event_extra.py
[2025-04-04T19:21:48.039+0000] {logging_mixin.py:190} INFO - [2025-04-04T19:21:48.038+0000] {dag.py:3239} INFO - Sync 2 DAGs
[2025-04-04T19:21:48.066+0000] {logging_mixin.py:190} INFO - [2025-04-04T19:21:48.065+0000] {dag.py:4180} INFO - Setting next_dagrun for read_dataset_event to 2025-04-03 00:00:00+00:00, run_after=2025-04-04 00:00:00+00:00
[2025-04-04T19:21:48.071+0000] {logging_mixin.py:190} INFO - [2025-04-04T19:21:48.071+0000] {dag.py:4180} INFO - Setting next_dagrun for read_dataset_event_from_classic to 2025-04-03 00:00:00+00:00, run_after=2025-04-04 00:00:00+00:00
[2025-04-04T19:21:48.087+0000] {processor.py:208} INFO - Processing /home/airflow/.local/lib/python3.12/site-packages/airflow/example_dags/example_inlet_event_extra.py took 0.471 seconds
[2025-04-04T19:22:18.311+0000] {processor.py:186} INFO - Started process (PID=4048) to work on /home/airflow/.local/lib/python3.12/site-packages/airflow/example_dags/example_inlet_event_extra.py
[2025-04-04T19:22:18.312+0000] {processor.py:914} INFO - Processing file /home/airflow/.local/lib/python3.12/site-packages/airflow/example_dags/example_inlet_event_extra.py for tasks to queue
[2025-04-04T19:22:18.314+0000] {logging_mixin.py:190} INFO - [2025-04-04T19:22:18.314+0000] {dagbag.py:588} INFO - Filling up the DagBag from /home/airflow/.local/lib/python3.12/site-packages/airflow/example_dags/example_inlet_event_extra.py
[2025-04-04T19:22:18.695+0000] {processor.py:925} INFO - DAG(s) 'read_dataset_event', 'read_dataset_event_from_classic' retrieved from /home/airflow/.local/lib/python3.12/site-packages/airflow/example_dags/example_inlet_event_extra.py
[2025-04-04T19:22:18.716+0000] {logging_mixin.py:190} INFO - [2025-04-04T19:22:18.716+0000] {dag.py:3239} INFO - Sync 2 DAGs
[2025-04-04T19:22:18.742+0000] {logging_mixin.py:190} INFO - [2025-04-04T19:22:18.742+0000] {dag.py:4180} INFO - Setting next_dagrun for read_dataset_event to 2025-04-03 00:00:00+00:00, run_after=2025-04-04 00:00:00+00:00
[2025-04-04T19:22:18.747+0000] {logging_mixin.py:190} INFO - [2025-04-04T19:22:18.747+0000] {dag.py:4180} INFO - Setting next_dagrun for read_dataset_event_from_classic to 2025-04-03 00:00:00+00:00, run_after=2025-04-04 00:00:00+00:00
[2025-04-04T19:22:18.762+0000] {processor.py:208} INFO - Processing /home/airflow/.local/lib/python3.12/site-packages/airflow/example_dags/example_inlet_event_extra.py took 0.456 seconds
[2025-04-04T19:22:48.834+0000] {processor.py:186} INFO - Started process (PID=4115) to work on /home/airflow/.local/lib/python3.12/site-packages/airflow/example_dags/example_inlet_event_extra.py
[2025-04-04T19:22:48.835+0000] {processor.py:914} INFO - Processing file /home/airflow/.local/lib/python3.12/site-packages/airflow/example_dags/example_inlet_event_extra.py for tasks to queue
[2025-04-04T19:22:48.837+0000] {logging_mixin.py:190} INFO - [2025-04-04T19:22:48.837+0000] {dagbag.py:588} INFO - Filling up the DagBag from /home/airflow/.local/lib/python3.12/site-packages/airflow/example_dags/example_inlet_event_extra.py
[2025-04-04T19:22:49.210+0000] {processor.py:925} INFO - DAG(s) 'read_dataset_event', 'read_dataset_event_from_classic' retrieved from /home/airflow/.local/lib/python3.12/site-packages/airflow/example_dags/example_inlet_event_extra.py
[2025-04-04T19:22:49.232+0000] {logging_mixin.py:190} INFO - [2025-04-04T19:22:49.232+0000] {dag.py:3239} INFO - Sync 2 DAGs
[2025-04-04T19:22:49.261+0000] {logging_mixin.py:190} INFO - [2025-04-04T19:22:49.261+0000] {dag.py:4180} INFO - Setting next_dagrun for read_dataset_event to 2025-04-03 00:00:00+00:00, run_after=2025-04-04 00:00:00+00:00
[2025-04-04T19:22:49.266+0000] {logging_mixin.py:190} INFO - [2025-04-04T19:22:49.265+0000] {dag.py:4180} INFO - Setting next_dagrun for read_dataset_event_from_classic to 2025-04-03 00:00:00+00:00, run_after=2025-04-04 00:00:00+00:00
[2025-04-04T19:22:49.279+0000] {processor.py:208} INFO - Processing /home/airflow/.local/lib/python3.12/site-packages/airflow/example_dags/example_inlet_event_extra.py took 0.450 seconds
[2025-04-04T19:23:20.276+0000] {processor.py:186} INFO - Started process (PID=4180) to work on /home/airflow/.local/lib/python3.12/site-packages/airflow/example_dags/example_inlet_event_extra.py
[2025-04-04T19:23:20.277+0000] {processor.py:914} INFO - Processing file /home/airflow/.local/lib/python3.12/site-packages/airflow/example_dags/example_inlet_event_extra.py for tasks to queue
[2025-04-04T19:23:20.280+0000] {logging_mixin.py:190} INFO - [2025-04-04T19:23:20.280+0000] {dagbag.py:588} INFO - Filling up the DagBag from /home/airflow/.local/lib/python3.12/site-packages/airflow/example_dags/example_inlet_event_extra.py
[2025-04-04T19:23:20.673+0000] {processor.py:925} INFO - DAG(s) 'read_dataset_event', 'read_dataset_event_from_classic' retrieved from /home/airflow/.local/lib/python3.12/site-packages/airflow/example_dags/example_inlet_event_extra.py
[2025-04-04T19:23:20.694+0000] {logging_mixin.py:190} INFO - [2025-04-04T19:23:20.693+0000] {dag.py:3239} INFO - Sync 2 DAGs
[2025-04-04T19:23:20.932+0000] {logging_mixin.py:190} INFO - [2025-04-04T19:23:20.931+0000] {dag.py:4180} INFO - Setting next_dagrun for read_dataset_event to 2025-04-03 00:00:00+00:00, run_after=2025-04-04 00:00:00+00:00
[2025-04-04T19:23:20.937+0000] {logging_mixin.py:190} INFO - [2025-04-04T19:23:20.937+0000] {dag.py:4180} INFO - Setting next_dagrun for read_dataset_event_from_classic to 2025-04-03 00:00:00+00:00, run_after=2025-04-04 00:00:00+00:00
[2025-04-04T19:23:20.952+0000] {processor.py:208} INFO - Processing /home/airflow/.local/lib/python3.12/site-packages/airflow/example_dags/example_inlet_event_extra.py took 0.682 seconds
[2025-04-04T19:23:51.154+0000] {processor.py:186} INFO - Started process (PID=4249) to work on /home/airflow/.local/lib/python3.12/site-packages/airflow/example_dags/example_inlet_event_extra.py
[2025-04-04T19:23:51.155+0000] {processor.py:914} INFO - Processing file /home/airflow/.local/lib/python3.12/site-packages/airflow/example_dags/example_inlet_event_extra.py for tasks to queue
[2025-04-04T19:23:51.157+0000] {logging_mixin.py:190} INFO - [2025-04-04T19:23:51.157+0000] {dagbag.py:588} INFO - Filling up the DagBag from /home/airflow/.local/lib/python3.12/site-packages/airflow/example_dags/example_inlet_event_extra.py
[2025-04-04T19:23:51.623+0000] {processor.py:925} INFO - DAG(s) 'read_dataset_event', 'read_dataset_event_from_classic' retrieved from /home/airflow/.local/lib/python3.12/site-packages/airflow/example_dags/example_inlet_event_extra.py
[2025-04-04T19:23:51.650+0000] {logging_mixin.py:190} INFO - [2025-04-04T19:23:51.650+0000] {dag.py:3239} INFO - Sync 2 DAGs
[2025-04-04T19:23:51.897+0000] {logging_mixin.py:190} INFO - [2025-04-04T19:23:51.897+0000] {dag.py:4180} INFO - Setting next_dagrun for read_dataset_event to 2025-04-03 00:00:00+00:00, run_after=2025-04-04 00:00:00+00:00
[2025-04-04T19:23:51.904+0000] {logging_mixin.py:190} INFO - [2025-04-04T19:23:51.904+0000] {dag.py:4180} INFO - Setting next_dagrun for read_dataset_event_from_classic to 2025-04-03 00:00:00+00:00, run_after=2025-04-04 00:00:00+00:00
[2025-04-04T19:23:51.920+0000] {processor.py:208} INFO - Processing /home/airflow/.local/lib/python3.12/site-packages/airflow/example_dags/example_inlet_event_extra.py took 0.771 seconds
[2025-04-04T19:24:22.015+0000] {processor.py:186} INFO - Started process (PID=4314) to work on /home/airflow/.local/lib/python3.12/site-packages/airflow/example_dags/example_inlet_event_extra.py
[2025-04-04T19:24:22.016+0000] {processor.py:914} INFO - Processing file /home/airflow/.local/lib/python3.12/site-packages/airflow/example_dags/example_inlet_event_extra.py for tasks to queue
[2025-04-04T19:24:22.018+0000] {logging_mixin.py:190} INFO - [2025-04-04T19:24:22.018+0000] {dagbag.py:588} INFO - Filling up the DagBag from /home/airflow/.local/lib/python3.12/site-packages/airflow/example_dags/example_inlet_event_extra.py
[2025-04-04T19:24:22.407+0000] {processor.py:925} INFO - DAG(s) 'read_dataset_event_from_classic', 'read_dataset_event' retrieved from /home/airflow/.local/lib/python3.12/site-packages/airflow/example_dags/example_inlet_event_extra.py
[2025-04-04T19:24:22.430+0000] {logging_mixin.py:190} INFO - [2025-04-04T19:24:22.429+0000] {dag.py:3239} INFO - Sync 2 DAGs
[2025-04-04T19:24:22.681+0000] {logging_mixin.py:190} INFO - [2025-04-04T19:24:22.680+0000] {dag.py:4180} INFO - Setting next_dagrun for read_dataset_event to 2025-04-03 00:00:00+00:00, run_after=2025-04-04 00:00:00+00:00
[2025-04-04T19:24:22.686+0000] {logging_mixin.py:190} INFO - [2025-04-04T19:24:22.686+0000] {dag.py:4180} INFO - Setting next_dagrun for read_dataset_event_from_classic to 2025-04-03 00:00:00+00:00, run_after=2025-04-04 00:00:00+00:00
[2025-04-04T19:24:22.701+0000] {processor.py:208} INFO - Processing /home/airflow/.local/lib/python3.12/site-packages/airflow/example_dags/example_inlet_event_extra.py took 0.691 seconds
[2025-04-04T19:24:53.007+0000] {processor.py:186} INFO - Started process (PID=4381) to work on /home/airflow/.local/lib/python3.12/site-packages/airflow/example_dags/example_inlet_event_extra.py
[2025-04-04T19:24:53.008+0000] {processor.py:914} INFO - Processing file /home/airflow/.local/lib/python3.12/site-packages/airflow/example_dags/example_inlet_event_extra.py for tasks to queue
[2025-04-04T19:24:53.010+0000] {logging_mixin.py:190} INFO - [2025-04-04T19:24:53.010+0000] {dagbag.py:588} INFO - Filling up the DagBag from /home/airflow/.local/lib/python3.12/site-packages/airflow/example_dags/example_inlet_event_extra.py
[2025-04-04T19:24:53.386+0000] {processor.py:925} INFO - DAG(s) 'read_dataset_event', 'read_dataset_event_from_classic' retrieved from /home/airflow/.local/lib/python3.12/site-packages/airflow/example_dags/example_inlet_event_extra.py
[2025-04-04T19:24:53.407+0000] {logging_mixin.py:190} INFO - [2025-04-04T19:24:53.407+0000] {dag.py:3239} INFO - Sync 2 DAGs
[2025-04-04T19:24:53.626+0000] {logging_mixin.py:190} INFO - [2025-04-04T19:24:53.626+0000] {dag.py:4180} INFO - Setting next_dagrun for read_dataset_event to 2025-04-03 00:00:00+00:00, run_after=2025-04-04 00:00:00+00:00
[2025-04-04T19:24:53.633+0000] {logging_mixin.py:190} INFO - [2025-04-04T19:24:53.632+0000] {dag.py:4180} INFO - Setting next_dagrun for read_dataset_event_from_classic to 2025-04-03 00:00:00+00:00, run_after=2025-04-04 00:00:00+00:00
[2025-04-04T19:24:53.649+0000] {processor.py:208} INFO - Processing /home/airflow/.local/lib/python3.12/site-packages/airflow/example_dags/example_inlet_event_extra.py took 0.648 seconds
[2025-04-04T19:25:24.343+0000] {processor.py:186} INFO - Started process (PID=4446) to work on /home/airflow/.local/lib/python3.12/site-packages/airflow/example_dags/example_inlet_event_extra.py
[2025-04-04T19:25:24.344+0000] {processor.py:914} INFO - Processing file /home/airflow/.local/lib/python3.12/site-packages/airflow/example_dags/example_inlet_event_extra.py for tasks to queue
[2025-04-04T19:25:24.345+0000] {logging_mixin.py:190} INFO - [2025-04-04T19:25:24.345+0000] {dagbag.py:588} INFO - Filling up the DagBag from /home/airflow/.local/lib/python3.12/site-packages/airflow/example_dags/example_inlet_event_extra.py
[2025-04-04T19:25:24.719+0000] {processor.py:925} INFO - DAG(s) 'read_dataset_event_from_classic', 'read_dataset_event' retrieved from /home/airflow/.local/lib/python3.12/site-packages/airflow/example_dags/example_inlet_event_extra.py
[2025-04-04T19:25:24.740+0000] {logging_mixin.py:190} INFO - [2025-04-04T19:25:24.740+0000] {dag.py:3239} INFO - Sync 2 DAGs
[2025-04-04T19:25:24.985+0000] {logging_mixin.py:190} INFO - [2025-04-04T19:25:24.985+0000] {dag.py:4180} INFO - Setting next_dagrun for read_dataset_event to 2025-04-03 00:00:00+00:00, run_after=2025-04-04 00:00:00+00:00
[2025-04-04T19:25:24.991+0000] {logging_mixin.py:190} INFO - [2025-04-04T19:25:24.990+0000] {dag.py:4180} INFO - Setting next_dagrun for read_dataset_event_from_classic to 2025-04-03 00:00:00+00:00, run_after=2025-04-04 00:00:00+00:00
[2025-04-04T19:25:25.007+0000] {processor.py:208} INFO - Processing /home/airflow/.local/lib/python3.12/site-packages/airflow/example_dags/example_inlet_event_extra.py took 0.669 seconds
[2025-04-04T19:25:55.070+0000] {processor.py:186} INFO - Started process (PID=4511) to work on /home/airflow/.local/lib/python3.12/site-packages/airflow/example_dags/example_inlet_event_extra.py
[2025-04-04T19:25:55.071+0000] {processor.py:914} INFO - Processing file /home/airflow/.local/lib/python3.12/site-packages/airflow/example_dags/example_inlet_event_extra.py for tasks to queue
[2025-04-04T19:25:55.073+0000] {logging_mixin.py:190} INFO - [2025-04-04T19:25:55.073+0000] {dagbag.py:588} INFO - Filling up the DagBag from /home/airflow/.local/lib/python3.12/site-packages/airflow/example_dags/example_inlet_event_extra.py
[2025-04-04T19:25:55.466+0000] {processor.py:925} INFO - DAG(s) 'read_dataset_event', 'read_dataset_event_from_classic' retrieved from /home/airflow/.local/lib/python3.12/site-packages/airflow/example_dags/example_inlet_event_extra.py
[2025-04-04T19:25:55.490+0000] {logging_mixin.py:190} INFO - [2025-04-04T19:25:55.490+0000] {dag.py:3239} INFO - Sync 2 DAGs
[2025-04-04T19:25:55.723+0000] {logging_mixin.py:190} INFO - [2025-04-04T19:25:55.723+0000] {dag.py:4180} INFO - Setting next_dagrun for read_dataset_event to 2025-04-03 00:00:00+00:00, run_after=2025-04-04 00:00:00+00:00
[2025-04-04T19:25:55.729+0000] {logging_mixin.py:190} INFO - [2025-04-04T19:25:55.729+0000] {dag.py:4180} INFO - Setting next_dagrun for read_dataset_event_from_classic to 2025-04-03 00:00:00+00:00, run_after=2025-04-04 00:00:00+00:00
[2025-04-04T19:25:55.746+0000] {processor.py:208} INFO - Processing /home/airflow/.local/lib/python3.12/site-packages/airflow/example_dags/example_inlet_event_extra.py took 0.682 seconds
[2025-04-04T19:26:26.385+0000] {processor.py:186} INFO - Started process (PID=4576) to work on /home/airflow/.local/lib/python3.12/site-packages/airflow/example_dags/example_inlet_event_extra.py
[2025-04-04T19:26:26.387+0000] {processor.py:914} INFO - Processing file /home/airflow/.local/lib/python3.12/site-packages/airflow/example_dags/example_inlet_event_extra.py for tasks to queue
[2025-04-04T19:26:26.389+0000] {logging_mixin.py:190} INFO - [2025-04-04T19:26:26.389+0000] {dagbag.py:588} INFO - Filling up the DagBag from /home/airflow/.local/lib/python3.12/site-packages/airflow/example_dags/example_inlet_event_extra.py
[2025-04-04T19:26:26.771+0000] {processor.py:925} INFO - DAG(s) 'read_dataset_event', 'read_dataset_event_from_classic' retrieved from /home/airflow/.local/lib/python3.12/site-packages/airflow/example_dags/example_inlet_event_extra.py
[2025-04-04T19:26:26.793+0000] {logging_mixin.py:190} INFO - [2025-04-04T19:26:26.793+0000] {dag.py:3239} INFO - Sync 2 DAGs
[2025-04-04T19:26:27.052+0000] {logging_mixin.py:190} INFO - [2025-04-04T19:26:27.051+0000] {dag.py:4180} INFO - Setting next_dagrun for read_dataset_event to 2025-04-03 00:00:00+00:00, run_after=2025-04-04 00:00:00+00:00
[2025-04-04T19:26:27.058+0000] {logging_mixin.py:190} INFO - [2025-04-04T19:26:27.058+0000] {dag.py:4180} INFO - Setting next_dagrun for read_dataset_event_from_classic to 2025-04-03 00:00:00+00:00, run_after=2025-04-04 00:00:00+00:00
[2025-04-04T19:26:27.074+0000] {processor.py:208} INFO - Processing /home/airflow/.local/lib/python3.12/site-packages/airflow/example_dags/example_inlet_event_extra.py took 0.694 seconds
[2025-04-04T19:26:57.707+0000] {processor.py:186} INFO - Started process (PID=4642) to work on /home/airflow/.local/lib/python3.12/site-packages/airflow/example_dags/example_inlet_event_extra.py
[2025-04-04T19:26:57.707+0000] {processor.py:914} INFO - Processing file /home/airflow/.local/lib/python3.12/site-packages/airflow/example_dags/example_inlet_event_extra.py for tasks to queue
[2025-04-04T19:26:57.710+0000] {logging_mixin.py:190} INFO - [2025-04-04T19:26:57.710+0000] {dagbag.py:588} INFO - Filling up the DagBag from /home/airflow/.local/lib/python3.12/site-packages/airflow/example_dags/example_inlet_event_extra.py
[2025-04-04T19:26:58.314+0000] {processor.py:925} INFO - DAG(s) 'read_dataset_event_from_classic', 'read_dataset_event' retrieved from /home/airflow/.local/lib/python3.12/site-packages/airflow/example_dags/example_inlet_event_extra.py
[2025-04-04T19:26:58.333+0000] {logging_mixin.py:190} INFO - [2025-04-04T19:26:58.332+0000] {dag.py:3239} INFO - Sync 2 DAGs
[2025-04-04T19:26:58.356+0000] {logging_mixin.py:190} INFO - [2025-04-04T19:26:58.356+0000] {dag.py:4180} INFO - Setting next_dagrun for read_dataset_event to 2025-04-03 00:00:00+00:00, run_after=2025-04-04 00:00:00+00:00
[2025-04-04T19:26:58.363+0000] {logging_mixin.py:190} INFO - [2025-04-04T19:26:58.363+0000] {dag.py:4180} INFO - Setting next_dagrun for read_dataset_event_from_classic to 2025-04-03 00:00:00+00:00, run_after=2025-04-04 00:00:00+00:00
[2025-04-04T19:26:58.380+0000] {processor.py:208} INFO - Processing /home/airflow/.local/lib/python3.12/site-packages/airflow/example_dags/example_inlet_event_extra.py took 0.678 seconds
[2025-04-04T19:27:28.458+0000] {processor.py:186} INFO - Started process (PID=4707) to work on /home/airflow/.local/lib/python3.12/site-packages/airflow/example_dags/example_inlet_event_extra.py
[2025-04-04T19:27:28.459+0000] {processor.py:914} INFO - Processing file /home/airflow/.local/lib/python3.12/site-packages/airflow/example_dags/example_inlet_event_extra.py for tasks to queue
[2025-04-04T19:27:28.461+0000] {logging_mixin.py:190} INFO - [2025-04-04T19:27:28.461+0000] {dagbag.py:588} INFO - Filling up the DagBag from /home/airflow/.local/lib/python3.12/site-packages/airflow/example_dags/example_inlet_event_extra.py
[2025-04-04T19:27:29.075+0000] {processor.py:925} INFO - DAG(s) 'read_dataset_event_from_classic', 'read_dataset_event' retrieved from /home/airflow/.local/lib/python3.12/site-packages/airflow/example_dags/example_inlet_event_extra.py
[2025-04-04T19:27:29.099+0000] {logging_mixin.py:190} INFO - [2025-04-04T19:27:29.098+0000] {dag.py:3239} INFO - Sync 2 DAGs
[2025-04-04T19:27:29.125+0000] {logging_mixin.py:190} INFO - [2025-04-04T19:27:29.125+0000] {dag.py:4180} INFO - Setting next_dagrun for read_dataset_event to 2025-04-03 00:00:00+00:00, run_after=2025-04-04 00:00:00+00:00
[2025-04-04T19:27:29.131+0000] {logging_mixin.py:190} INFO - [2025-04-04T19:27:29.131+0000] {dag.py:4180} INFO - Setting next_dagrun for read_dataset_event_from_classic to 2025-04-03 00:00:00+00:00, run_after=2025-04-04 00:00:00+00:00
[2025-04-04T19:27:29.148+0000] {processor.py:208} INFO - Processing /home/airflow/.local/lib/python3.12/site-packages/airflow/example_dags/example_inlet_event_extra.py took 0.695 seconds
[2025-04-04T19:27:59.734+0000] {processor.py:186} INFO - Started process (PID=4773) to work on /home/airflow/.local/lib/python3.12/site-packages/airflow/example_dags/example_inlet_event_extra.py
[2025-04-04T19:27:59.735+0000] {processor.py:914} INFO - Processing file /home/airflow/.local/lib/python3.12/site-packages/airflow/example_dags/example_inlet_event_extra.py for tasks to queue
[2025-04-04T19:27:59.737+0000] {logging_mixin.py:190} INFO - [2025-04-04T19:27:59.737+0000] {dagbag.py:588} INFO - Filling up the DagBag from /home/airflow/.local/lib/python3.12/site-packages/airflow/example_dags/example_inlet_event_extra.py
[2025-04-04T19:28:00.440+0000] {processor.py:925} INFO - DAG(s) 'read_dataset_event_from_classic', 'read_dataset_event' retrieved from /home/airflow/.local/lib/python3.12/site-packages/airflow/example_dags/example_inlet_event_extra.py
[2025-04-04T19:28:00.462+0000] {logging_mixin.py:190} INFO - [2025-04-04T19:28:00.462+0000] {dag.py:3239} INFO - Sync 2 DAGs
[2025-04-04T19:28:00.487+0000] {logging_mixin.py:190} INFO - [2025-04-04T19:28:00.487+0000] {dag.py:4180} INFO - Setting next_dagrun for read_dataset_event to 2025-04-03 00:00:00+00:00, run_after=2025-04-04 00:00:00+00:00
[2025-04-04T19:28:00.493+0000] {logging_mixin.py:190} INFO - [2025-04-04T19:28:00.493+0000] {dag.py:4180} INFO - Setting next_dagrun for read_dataset_event_from_classic to 2025-04-03 00:00:00+00:00, run_after=2025-04-04 00:00:00+00:00
[2025-04-04T19:28:00.509+0000] {processor.py:208} INFO - Processing /home/airflow/.local/lib/python3.12/site-packages/airflow/example_dags/example_inlet_event_extra.py took 0.781 seconds
[2025-04-04T19:28:31.266+0000] {processor.py:186} INFO - Started process (PID=4838) to work on /home/airflow/.local/lib/python3.12/site-packages/airflow/example_dags/example_inlet_event_extra.py
[2025-04-04T19:28:31.268+0000] {processor.py:914} INFO - Processing file /home/airflow/.local/lib/python3.12/site-packages/airflow/example_dags/example_inlet_event_extra.py for tasks to queue
[2025-04-04T19:28:31.270+0000] {logging_mixin.py:190} INFO - [2025-04-04T19:28:31.270+0000] {dagbag.py:588} INFO - Filling up the DagBag from /home/airflow/.local/lib/python3.12/site-packages/airflow/example_dags/example_inlet_event_extra.py
[2025-04-04T19:28:31.968+0000] {processor.py:925} INFO - DAG(s) 'read_dataset_event_from_classic', 'read_dataset_event' retrieved from /home/airflow/.local/lib/python3.12/site-packages/airflow/example_dags/example_inlet_event_extra.py
[2025-04-04T19:28:31.994+0000] {logging_mixin.py:190} INFO - [2025-04-04T19:28:31.994+0000] {dag.py:3239} INFO - Sync 2 DAGs
[2025-04-04T19:28:32.018+0000] {logging_mixin.py:190} INFO - [2025-04-04T19:28:32.018+0000] {dag.py:4180} INFO - Setting next_dagrun for read_dataset_event to 2025-04-03 00:00:00+00:00, run_after=2025-04-04 00:00:00+00:00
[2025-04-04T19:28:32.024+0000] {logging_mixin.py:190} INFO - [2025-04-04T19:28:32.024+0000] {dag.py:4180} INFO - Setting next_dagrun for read_dataset_event_from_classic to 2025-04-03 00:00:00+00:00, run_after=2025-04-04 00:00:00+00:00
[2025-04-04T19:28:32.042+0000] {processor.py:208} INFO - Processing /home/airflow/.local/lib/python3.12/site-packages/airflow/example_dags/example_inlet_event_extra.py took 0.781 seconds
[2025-04-04T19:29:02.491+0000] {processor.py:186} INFO - Started process (PID=4903) to work on /home/airflow/.local/lib/python3.12/site-packages/airflow/example_dags/example_inlet_event_extra.py
[2025-04-04T19:29:02.492+0000] {processor.py:914} INFO - Processing file /home/airflow/.local/lib/python3.12/site-packages/airflow/example_dags/example_inlet_event_extra.py for tasks to queue
[2025-04-04T19:29:02.495+0000] {logging_mixin.py:190} INFO - [2025-04-04T19:29:02.494+0000] {dagbag.py:588} INFO - Filling up the DagBag from /home/airflow/.local/lib/python3.12/site-packages/airflow/example_dags/example_inlet_event_extra.py
[2025-04-04T19:29:03.060+0000] {processor.py:925} INFO - DAG(s) 'read_dataset_event', 'read_dataset_event_from_classic' retrieved from /home/airflow/.local/lib/python3.12/site-packages/airflow/example_dags/example_inlet_event_extra.py
[2025-04-04T19:29:03.084+0000] {logging_mixin.py:190} INFO - [2025-04-04T19:29:03.084+0000] {dag.py:3239} INFO - Sync 2 DAGs
[2025-04-04T19:29:03.107+0000] {logging_mixin.py:190} INFO - [2025-04-04T19:29:03.107+0000] {dag.py:4180} INFO - Setting next_dagrun for read_dataset_event to 2025-04-03 00:00:00+00:00, run_after=2025-04-04 00:00:00+00:00
[2025-04-04T19:29:03.112+0000] {logging_mixin.py:190} INFO - [2025-04-04T19:29:03.112+0000] {dag.py:4180} INFO - Setting next_dagrun for read_dataset_event_from_classic to 2025-04-03 00:00:00+00:00, run_after=2025-04-04 00:00:00+00:00
[2025-04-04T19:29:03.127+0000] {processor.py:208} INFO - Processing /home/airflow/.local/lib/python3.12/site-packages/airflow/example_dags/example_inlet_event_extra.py took 0.641 seconds
[2025-04-04T19:29:33.816+0000] {processor.py:186} INFO - Started process (PID=4968) to work on /home/airflow/.local/lib/python3.12/site-packages/airflow/example_dags/example_inlet_event_extra.py
[2025-04-04T19:29:33.817+0000] {processor.py:914} INFO - Processing file /home/airflow/.local/lib/python3.12/site-packages/airflow/example_dags/example_inlet_event_extra.py for tasks to queue
[2025-04-04T19:29:33.820+0000] {logging_mixin.py:190} INFO - [2025-04-04T19:29:33.819+0000] {dagbag.py:588} INFO - Filling up the DagBag from /home/airflow/.local/lib/python3.12/site-packages/airflow/example_dags/example_inlet_event_extra.py
[2025-04-04T19:29:34.377+0000] {processor.py:925} INFO - DAG(s) 'read_dataset_event', 'read_dataset_event_from_classic' retrieved from /home/airflow/.local/lib/python3.12/site-packages/airflow/example_dags/example_inlet_event_extra.py
[2025-04-04T19:29:34.399+0000] {logging_mixin.py:190} INFO - [2025-04-04T19:29:34.399+0000] {dag.py:3239} INFO - Sync 2 DAGs
[2025-04-04T19:29:34.422+0000] {logging_mixin.py:190} INFO - [2025-04-04T19:29:34.422+0000] {dag.py:4180} INFO - Setting next_dagrun for read_dataset_event to 2025-04-03 00:00:00+00:00, run_after=2025-04-04 00:00:00+00:00
[2025-04-04T19:29:34.427+0000] {logging_mixin.py:190} INFO - [2025-04-04T19:29:34.427+0000] {dag.py:4180} INFO - Setting next_dagrun for read_dataset_event_from_classic to 2025-04-03 00:00:00+00:00, run_after=2025-04-04 00:00:00+00:00
[2025-04-04T19:29:34.442+0000] {processor.py:208} INFO - Processing /home/airflow/.local/lib/python3.12/site-packages/airflow/example_dags/example_inlet_event_extra.py took 0.631 seconds
[2025-04-04T19:30:05.065+0000] {processor.py:186} INFO - Started process (PID=5034) to work on /home/airflow/.local/lib/python3.12/site-packages/airflow/example_dags/example_inlet_event_extra.py
[2025-04-04T19:30:05.065+0000] {processor.py:914} INFO - Processing file /home/airflow/.local/lib/python3.12/site-packages/airflow/example_dags/example_inlet_event_extra.py for tasks to queue
[2025-04-04T19:30:05.067+0000] {logging_mixin.py:190} INFO - [2025-04-04T19:30:05.067+0000] {dagbag.py:588} INFO - Filling up the DagBag from /home/airflow/.local/lib/python3.12/site-packages/airflow/example_dags/example_inlet_event_extra.py
[2025-04-04T19:30:05.626+0000] {processor.py:925} INFO - DAG(s) 'read_dataset_event', 'read_dataset_event_from_classic' retrieved from /home/airflow/.local/lib/python3.12/site-packages/airflow/example_dags/example_inlet_event_extra.py
[2025-04-04T19:30:05.647+0000] {logging_mixin.py:190} INFO - [2025-04-04T19:30:05.647+0000] {dag.py:3239} INFO - Sync 2 DAGs
[2025-04-04T19:30:05.668+0000] {logging_mixin.py:190} INFO - [2025-04-04T19:30:05.667+0000] {dag.py:4180} INFO - Setting next_dagrun for read_dataset_event to 2025-04-03 00:00:00+00:00, run_after=2025-04-04 00:00:00+00:00
[2025-04-04T19:30:05.672+0000] {logging_mixin.py:190} INFO - [2025-04-04T19:30:05.672+0000] {dag.py:4180} INFO - Setting next_dagrun for read_dataset_event_from_classic to 2025-04-03 00:00:00+00:00, run_after=2025-04-04 00:00:00+00:00
[2025-04-04T19:30:05.687+0000] {processor.py:208} INFO - Processing /home/airflow/.local/lib/python3.12/site-packages/airflow/example_dags/example_inlet_event_extra.py took 0.627 seconds
[2025-04-04T19:30:35.745+0000] {processor.py:186} INFO - Started process (PID=5099) to work on /home/airflow/.local/lib/python3.12/site-packages/airflow/example_dags/example_inlet_event_extra.py
[2025-04-04T19:30:35.746+0000] {processor.py:914} INFO - Processing file /home/airflow/.local/lib/python3.12/site-packages/airflow/example_dags/example_inlet_event_extra.py for tasks to queue
[2025-04-04T19:30:35.748+0000] {logging_mixin.py:190} INFO - [2025-04-04T19:30:35.748+0000] {dagbag.py:588} INFO - Filling up the DagBag from /home/airflow/.local/lib/python3.12/site-packages/airflow/example_dags/example_inlet_event_extra.py
[2025-04-04T19:30:36.302+0000] {processor.py:925} INFO - DAG(s) 'read_dataset_event_from_classic', 'read_dataset_event' retrieved from /home/airflow/.local/lib/python3.12/site-packages/airflow/example_dags/example_inlet_event_extra.py
[2025-04-04T19:30:36.325+0000] {logging_mixin.py:190} INFO - [2025-04-04T19:30:36.325+0000] {dag.py:3239} INFO - Sync 2 DAGs
[2025-04-04T19:30:36.348+0000] {logging_mixin.py:190} INFO - [2025-04-04T19:30:36.347+0000] {dag.py:4180} INFO - Setting next_dagrun for read_dataset_event to 2025-04-03 00:00:00+00:00, run_after=2025-04-04 00:00:00+00:00
[2025-04-04T19:30:36.353+0000] {logging_mixin.py:190} INFO - [2025-04-04T19:30:36.352+0000] {dag.py:4180} INFO - Setting next_dagrun for read_dataset_event_from_classic to 2025-04-03 00:00:00+00:00, run_after=2025-04-04 00:00:00+00:00
[2025-04-04T19:30:36.366+0000] {processor.py:208} INFO - Processing /home/airflow/.local/lib/python3.12/site-packages/airflow/example_dags/example_inlet_event_extra.py took 0.626 seconds
[2025-04-04T19:31:06.455+0000] {processor.py:186} INFO - Started process (PID=5164) to work on /home/airflow/.local/lib/python3.12/site-packages/airflow/example_dags/example_inlet_event_extra.py
[2025-04-04T19:31:06.456+0000] {processor.py:914} INFO - Processing file /home/airflow/.local/lib/python3.12/site-packages/airflow/example_dags/example_inlet_event_extra.py for tasks to queue
[2025-04-04T19:31:06.459+0000] {logging_mixin.py:190} INFO - [2025-04-04T19:31:06.458+0000] {dagbag.py:588} INFO - Filling up the DagBag from /home/airflow/.local/lib/python3.12/site-packages/airflow/example_dags/example_inlet_event_extra.py
[2025-04-04T19:31:07.036+0000] {processor.py:925} INFO - DAG(s) 'read_dataset_event', 'read_dataset_event_from_classic' retrieved from /home/airflow/.local/lib/python3.12/site-packages/airflow/example_dags/example_inlet_event_extra.py
[2025-04-04T19:31:07.057+0000] {logging_mixin.py:190} INFO - [2025-04-04T19:31:07.057+0000] {dag.py:3239} INFO - Sync 2 DAGs
[2025-04-04T19:31:07.085+0000] {logging_mixin.py:190} INFO - [2025-04-04T19:31:07.085+0000] {dag.py:4180} INFO - Setting next_dagrun for read_dataset_event to 2025-04-03 00:00:00+00:00, run_after=2025-04-04 00:00:00+00:00
[2025-04-04T19:31:07.090+0000] {logging_mixin.py:190} INFO - [2025-04-04T19:31:07.090+0000] {dag.py:4180} INFO - Setting next_dagrun for read_dataset_event_from_classic to 2025-04-03 00:00:00+00:00, run_after=2025-04-04 00:00:00+00:00
[2025-04-04T19:31:07.107+0000] {processor.py:208} INFO - Processing /home/airflow/.local/lib/python3.12/site-packages/airflow/example_dags/example_inlet_event_extra.py took 0.658 seconds
[2025-04-04T19:31:37.790+0000] {processor.py:186} INFO - Started process (PID=5230) to work on /home/airflow/.local/lib/python3.12/site-packages/airflow/example_dags/example_inlet_event_extra.py
[2025-04-04T19:31:37.791+0000] {processor.py:914} INFO - Processing file /home/airflow/.local/lib/python3.12/site-packages/airflow/example_dags/example_inlet_event_extra.py for tasks to queue
[2025-04-04T19:31:37.794+0000] {logging_mixin.py:190} INFO - [2025-04-04T19:31:37.793+0000] {dagbag.py:588} INFO - Filling up the DagBag from /home/airflow/.local/lib/python3.12/site-packages/airflow/example_dags/example_inlet_event_extra.py
[2025-04-04T19:31:38.389+0000] {processor.py:925} INFO - DAG(s) 'read_dataset_event', 'read_dataset_event_from_classic' retrieved from /home/airflow/.local/lib/python3.12/site-packages/airflow/example_dags/example_inlet_event_extra.py
[2025-04-04T19:31:38.409+0000] {logging_mixin.py:190} INFO - [2025-04-04T19:31:38.409+0000] {dag.py:3239} INFO - Sync 2 DAGs
[2025-04-04T19:31:38.434+0000] {logging_mixin.py:190} INFO - [2025-04-04T19:31:38.434+0000] {dag.py:4180} INFO - Setting next_dagrun for read_dataset_event to 2025-04-03 00:00:00+00:00, run_after=2025-04-04 00:00:00+00:00
[2025-04-04T19:31:38.440+0000] {logging_mixin.py:190} INFO - [2025-04-04T19:31:38.440+0000] {dag.py:4180} INFO - Setting next_dagrun for read_dataset_event_from_classic to 2025-04-03 00:00:00+00:00, run_after=2025-04-04 00:00:00+00:00
[2025-04-04T19:31:38.455+0000] {processor.py:208} INFO - Processing /home/airflow/.local/lib/python3.12/site-packages/airflow/example_dags/example_inlet_event_extra.py took 0.671 seconds
[2025-04-04T19:32:09.080+0000] {processor.py:186} INFO - Started process (PID=5295) to work on /home/airflow/.local/lib/python3.12/site-packages/airflow/example_dags/example_inlet_event_extra.py
[2025-04-04T19:32:09.081+0000] {processor.py:914} INFO - Processing file /home/airflow/.local/lib/python3.12/site-packages/airflow/example_dags/example_inlet_event_extra.py for tasks to queue
[2025-04-04T19:32:09.083+0000] {logging_mixin.py:190} INFO - [2025-04-04T19:32:09.083+0000] {dagbag.py:588} INFO - Filling up the DagBag from /home/airflow/.local/lib/python3.12/site-packages/airflow/example_dags/example_inlet_event_extra.py
[2025-04-04T19:32:09.642+0000] {processor.py:925} INFO - DAG(s) 'read_dataset_event_from_classic', 'read_dataset_event' retrieved from /home/airflow/.local/lib/python3.12/site-packages/airflow/example_dags/example_inlet_event_extra.py
[2025-04-04T19:32:09.662+0000] {logging_mixin.py:190} INFO - [2025-04-04T19:32:09.661+0000] {dag.py:3239} INFO - Sync 2 DAGs
[2025-04-04T19:32:09.684+0000] {logging_mixin.py:190} INFO - [2025-04-04T19:32:09.683+0000] {dag.py:4180} INFO - Setting next_dagrun for read_dataset_event to 2025-04-03 00:00:00+00:00, run_after=2025-04-04 00:00:00+00:00
[2025-04-04T19:32:09.688+0000] {logging_mixin.py:190} INFO - [2025-04-04T19:32:09.688+0000] {dag.py:4180} INFO - Setting next_dagrun for read_dataset_event_from_classic to 2025-04-03 00:00:00+00:00, run_after=2025-04-04 00:00:00+00:00
[2025-04-04T19:32:09.702+0000] {processor.py:208} INFO - Processing /home/airflow/.local/lib/python3.12/site-packages/airflow/example_dags/example_inlet_event_extra.py took 0.628 seconds
[2025-04-04T19:32:40.452+0000] {processor.py:186} INFO - Started process (PID=5360) to work on /home/airflow/.local/lib/python3.12/site-packages/airflow/example_dags/example_inlet_event_extra.py
[2025-04-04T19:32:40.453+0000] {processor.py:914} INFO - Processing file /home/airflow/.local/lib/python3.12/site-packages/airflow/example_dags/example_inlet_event_extra.py for tasks to queue
[2025-04-04T19:32:40.456+0000] {logging_mixin.py:190} INFO - [2025-04-04T19:32:40.456+0000] {dagbag.py:588} INFO - Filling up the DagBag from /home/airflow/.local/lib/python3.12/site-packages/airflow/example_dags/example_inlet_event_extra.py
[2025-04-04T19:32:40.994+0000] {processor.py:925} INFO - DAG(s) 'read_dataset_event', 'read_dataset_event_from_classic' retrieved from /home/airflow/.local/lib/python3.12/site-packages/airflow/example_dags/example_inlet_event_extra.py
[2025-04-04T19:32:41.016+0000] {logging_mixin.py:190} INFO - [2025-04-04T19:32:41.016+0000] {dag.py:3239} INFO - Sync 2 DAGs
[2025-04-04T19:32:41.039+0000] {logging_mixin.py:190} INFO - [2025-04-04T19:32:41.039+0000] {dag.py:4180} INFO - Setting next_dagrun for read_dataset_event to 2025-04-03 00:00:00+00:00, run_after=2025-04-04 00:00:00+00:00
[2025-04-04T19:32:41.044+0000] {logging_mixin.py:190} INFO - [2025-04-04T19:32:41.044+0000] {dag.py:4180} INFO - Setting next_dagrun for read_dataset_event_from_classic to 2025-04-03 00:00:00+00:00, run_after=2025-04-04 00:00:00+00:00
[2025-04-04T19:32:41.057+0000] {processor.py:208} INFO - Processing /home/airflow/.local/lib/python3.12/site-packages/airflow/example_dags/example_inlet_event_extra.py took 0.610 seconds
[2025-04-04T19:33:11.219+0000] {processor.py:186} INFO - Started process (PID=5425) to work on /home/airflow/.local/lib/python3.12/site-packages/airflow/example_dags/example_inlet_event_extra.py
[2025-04-04T19:33:11.220+0000] {processor.py:914} INFO - Processing file /home/airflow/.local/lib/python3.12/site-packages/airflow/example_dags/example_inlet_event_extra.py for tasks to queue
[2025-04-04T19:33:11.223+0000] {logging_mixin.py:190} INFO - [2025-04-04T19:33:11.223+0000] {dagbag.py:588} INFO - Filling up the DagBag from /home/airflow/.local/lib/python3.12/site-packages/airflow/example_dags/example_inlet_event_extra.py
[2025-04-04T19:33:11.818+0000] {processor.py:925} INFO - DAG(s) 'read_dataset_event_from_classic', 'read_dataset_event' retrieved from /home/airflow/.local/lib/python3.12/site-packages/airflow/example_dags/example_inlet_event_extra.py
[2025-04-04T19:33:11.838+0000] {logging_mixin.py:190} INFO - [2025-04-04T19:33:11.837+0000] {dag.py:3239} INFO - Sync 2 DAGs
[2025-04-04T19:33:11.860+0000] {logging_mixin.py:190} INFO - [2025-04-04T19:33:11.860+0000] {dag.py:4180} INFO - Setting next_dagrun for read_dataset_event to 2025-04-03 00:00:00+00:00, run_after=2025-04-04 00:00:00+00:00
[2025-04-04T19:33:11.865+0000] {logging_mixin.py:190} INFO - [2025-04-04T19:33:11.865+0000] {dag.py:4180} INFO - Setting next_dagrun for read_dataset_event_from_classic to 2025-04-03 00:00:00+00:00, run_after=2025-04-04 00:00:00+00:00
[2025-04-04T19:33:11.878+0000] {processor.py:208} INFO - Processing /home/airflow/.local/lib/python3.12/site-packages/airflow/example_dags/example_inlet_event_extra.py took 0.664 seconds
[2025-04-04T19:33:42.464+0000] {processor.py:186} INFO - Started process (PID=5490) to work on /home/airflow/.local/lib/python3.12/site-packages/airflow/example_dags/example_inlet_event_extra.py
[2025-04-04T19:33:42.465+0000] {processor.py:914} INFO - Processing file /home/airflow/.local/lib/python3.12/site-packages/airflow/example_dags/example_inlet_event_extra.py for tasks to queue
[2025-04-04T19:33:42.469+0000] {logging_mixin.py:190} INFO - [2025-04-04T19:33:42.468+0000] {dagbag.py:588} INFO - Filling up the DagBag from /home/airflow/.local/lib/python3.12/site-packages/airflow/example_dags/example_inlet_event_extra.py
[2025-04-04T19:33:43.451+0000] {processor.py:925} INFO - DAG(s) 'read_dataset_event', 'read_dataset_event_from_classic' retrieved from /home/airflow/.local/lib/python3.12/site-packages/airflow/example_dags/example_inlet_event_extra.py
[2025-04-04T19:33:43.497+0000] {logging_mixin.py:190} INFO - [2025-04-04T19:33:43.497+0000] {dag.py:3239} INFO - Sync 2 DAGs
[2025-04-04T19:33:43.549+0000] {logging_mixin.py:190} INFO - [2025-04-04T19:33:43.548+0000] {dag.py:4180} INFO - Setting next_dagrun for read_dataset_event to 2025-04-03 00:00:00+00:00, run_after=2025-04-04 00:00:00+00:00
[2025-04-04T19:33:43.560+0000] {logging_mixin.py:190} INFO - [2025-04-04T19:33:43.559+0000] {dag.py:4180} INFO - Setting next_dagrun for read_dataset_event_from_classic to 2025-04-03 00:00:00+00:00, run_after=2025-04-04 00:00:00+00:00
[2025-04-04T19:33:43.592+0000] {processor.py:208} INFO - Processing /home/airflow/.local/lib/python3.12/site-packages/airflow/example_dags/example_inlet_event_extra.py took 1.135 seconds
[2025-04-04T19:34:13.728+0000] {processor.py:186} INFO - Started process (PID=5555) to work on /home/airflow/.local/lib/python3.12/site-packages/airflow/example_dags/example_inlet_event_extra.py
[2025-04-04T19:34:13.729+0000] {processor.py:914} INFO - Processing file /home/airflow/.local/lib/python3.12/site-packages/airflow/example_dags/example_inlet_event_extra.py for tasks to queue
[2025-04-04T19:34:13.731+0000] {logging_mixin.py:190} INFO - [2025-04-04T19:34:13.731+0000] {dagbag.py:588} INFO - Filling up the DagBag from /home/airflow/.local/lib/python3.12/site-packages/airflow/example_dags/example_inlet_event_extra.py
[2025-04-04T19:34:14.289+0000] {processor.py:925} INFO - DAG(s) 'read_dataset_event_from_classic', 'read_dataset_event' retrieved from /home/airflow/.local/lib/python3.12/site-packages/airflow/example_dags/example_inlet_event_extra.py
[2025-04-04T19:34:14.312+0000] {logging_mixin.py:190} INFO - [2025-04-04T19:34:14.312+0000] {dag.py:3239} INFO - Sync 2 DAGs
[2025-04-04T19:34:14.338+0000] {logging_mixin.py:190} INFO - [2025-04-04T19:34:14.337+0000] {dag.py:4180} INFO - Setting next_dagrun for read_dataset_event to 2025-04-03 00:00:00+00:00, run_after=2025-04-04 00:00:00+00:00
[2025-04-04T19:34:14.344+0000] {logging_mixin.py:190} INFO - [2025-04-04T19:34:14.343+0000] {dag.py:4180} INFO - Setting next_dagrun for read_dataset_event_from_classic to 2025-04-03 00:00:00+00:00, run_after=2025-04-04 00:00:00+00:00
[2025-04-04T19:34:14.359+0000] {processor.py:208} INFO - Processing /home/airflow/.local/lib/python3.12/site-packages/airflow/example_dags/example_inlet_event_extra.py took 0.637 seconds
[2025-04-04T19:34:44.460+0000] {processor.py:186} INFO - Started process (PID=5620) to work on /home/airflow/.local/lib/python3.12/site-packages/airflow/example_dags/example_inlet_event_extra.py
[2025-04-04T19:34:44.461+0000] {processor.py:914} INFO - Processing file /home/airflow/.local/lib/python3.12/site-packages/airflow/example_dags/example_inlet_event_extra.py for tasks to queue
[2025-04-04T19:34:44.464+0000] {logging_mixin.py:190} INFO - [2025-04-04T19:34:44.464+0000] {dagbag.py:588} INFO - Filling up the DagBag from /home/airflow/.local/lib/python3.12/site-packages/airflow/example_dags/example_inlet_event_extra.py
[2025-04-04T19:34:45.148+0000] {processor.py:925} INFO - DAG(s) 'read_dataset_event', 'read_dataset_event_from_classic' retrieved from /home/airflow/.local/lib/python3.12/site-packages/airflow/example_dags/example_inlet_event_extra.py
[2025-04-04T19:34:45.170+0000] {logging_mixin.py:190} INFO - [2025-04-04T19:34:45.170+0000] {dag.py:3239} INFO - Sync 2 DAGs
[2025-04-04T19:34:45.198+0000] {logging_mixin.py:190} INFO - [2025-04-04T19:34:45.198+0000] {dag.py:4180} INFO - Setting next_dagrun for read_dataset_event to 2025-04-03 00:00:00+00:00, run_after=2025-04-04 00:00:00+00:00
[2025-04-04T19:34:45.205+0000] {logging_mixin.py:190} INFO - [2025-04-04T19:34:45.205+0000] {dag.py:4180} INFO - Setting next_dagrun for read_dataset_event_from_classic to 2025-04-03 00:00:00+00:00, run_after=2025-04-04 00:00:00+00:00
[2025-04-04T19:34:45.224+0000] {processor.py:208} INFO - Processing /home/airflow/.local/lib/python3.12/site-packages/airflow/example_dags/example_inlet_event_extra.py took 0.775 seconds
[2025-04-04T19:35:15.766+0000] {processor.py:186} INFO - Started process (PID=5691) to work on /home/airflow/.local/lib/python3.12/site-packages/airflow/example_dags/example_inlet_event_extra.py
[2025-04-04T19:35:15.767+0000] {processor.py:914} INFO - Processing file /home/airflow/.local/lib/python3.12/site-packages/airflow/example_dags/example_inlet_event_extra.py for tasks to queue
[2025-04-04T19:35:15.770+0000] {logging_mixin.py:190} INFO - [2025-04-04T19:35:15.770+0000] {dagbag.py:588} INFO - Filling up the DagBag from /home/airflow/.local/lib/python3.12/site-packages/airflow/example_dags/example_inlet_event_extra.py
[2025-04-04T19:35:16.407+0000] {processor.py:925} INFO - DAG(s) 'read_dataset_event_from_classic', 'read_dataset_event' retrieved from /home/airflow/.local/lib/python3.12/site-packages/airflow/example_dags/example_inlet_event_extra.py
[2025-04-04T19:35:16.430+0000] {logging_mixin.py:190} INFO - [2025-04-04T19:35:16.429+0000] {dag.py:3239} INFO - Sync 2 DAGs
[2025-04-04T19:35:16.454+0000] {logging_mixin.py:190} INFO - [2025-04-04T19:35:16.454+0000] {dag.py:4180} INFO - Setting next_dagrun for read_dataset_event to 2025-04-03 00:00:00+00:00, run_after=2025-04-04 00:00:00+00:00
[2025-04-04T19:35:16.459+0000] {logging_mixin.py:190} INFO - [2025-04-04T19:35:16.459+0000] {dag.py:4180} INFO - Setting next_dagrun for read_dataset_event_from_classic to 2025-04-03 00:00:00+00:00, run_after=2025-04-04 00:00:00+00:00
[2025-04-04T19:35:16.474+0000] {processor.py:208} INFO - Processing /home/airflow/.local/lib/python3.12/site-packages/airflow/example_dags/example_inlet_event_extra.py took 0.715 seconds
[2025-04-04T19:35:47.356+0000] {processor.py:186} INFO - Started process (PID=5756) to work on /home/airflow/.local/lib/python3.12/site-packages/airflow/example_dags/example_inlet_event_extra.py
[2025-04-04T19:35:47.357+0000] {processor.py:914} INFO - Processing file /home/airflow/.local/lib/python3.12/site-packages/airflow/example_dags/example_inlet_event_extra.py for tasks to queue
[2025-04-04T19:35:47.359+0000] {logging_mixin.py:190} INFO - [2025-04-04T19:35:47.359+0000] {dagbag.py:588} INFO - Filling up the DagBag from /home/airflow/.local/lib/python3.12/site-packages/airflow/example_dags/example_inlet_event_extra.py
[2025-04-04T19:35:47.953+0000] {processor.py:925} INFO - DAG(s) 'read_dataset_event', 'read_dataset_event_from_classic' retrieved from /home/airflow/.local/lib/python3.12/site-packages/airflow/example_dags/example_inlet_event_extra.py
[2025-04-04T19:35:47.980+0000] {logging_mixin.py:190} INFO - [2025-04-04T19:35:47.979+0000] {dag.py:3239} INFO - Sync 2 DAGs
[2025-04-04T19:35:48.002+0000] {logging_mixin.py:190} INFO - [2025-04-04T19:35:48.002+0000] {dag.py:4180} INFO - Setting next_dagrun for read_dataset_event to 2025-04-03 00:00:00+00:00, run_after=2025-04-04 00:00:00+00:00
[2025-04-04T19:35:48.008+0000] {logging_mixin.py:190} INFO - [2025-04-04T19:35:48.008+0000] {dag.py:4180} INFO - Setting next_dagrun for read_dataset_event_from_classic to 2025-04-03 00:00:00+00:00, run_after=2025-04-04 00:00:00+00:00
[2025-04-04T19:35:48.022+0000] {processor.py:208} INFO - Processing /home/airflow/.local/lib/python3.12/site-packages/airflow/example_dags/example_inlet_event_extra.py took 0.671 seconds
[2025-04-04T19:36:18.156+0000] {processor.py:186} INFO - Started process (PID=5821) to work on /home/airflow/.local/lib/python3.12/site-packages/airflow/example_dags/example_inlet_event_extra.py
[2025-04-04T19:36:18.158+0000] {processor.py:914} INFO - Processing file /home/airflow/.local/lib/python3.12/site-packages/airflow/example_dags/example_inlet_event_extra.py for tasks to queue
[2025-04-04T19:36:18.161+0000] {logging_mixin.py:190} INFO - [2025-04-04T19:36:18.160+0000] {dagbag.py:588} INFO - Filling up the DagBag from /home/airflow/.local/lib/python3.12/site-packages/airflow/example_dags/example_inlet_event_extra.py
[2025-04-04T19:36:18.845+0000] {processor.py:925} INFO - DAG(s) 'read_dataset_event', 'read_dataset_event_from_classic' retrieved from /home/airflow/.local/lib/python3.12/site-packages/airflow/example_dags/example_inlet_event_extra.py
[2025-04-04T19:36:18.869+0000] {logging_mixin.py:190} INFO - [2025-04-04T19:36:18.869+0000] {dag.py:3239} INFO - Sync 2 DAGs
[2025-04-04T19:36:18.899+0000] {logging_mixin.py:190} INFO - [2025-04-04T19:36:18.898+0000] {dag.py:4180} INFO - Setting next_dagrun for read_dataset_event to 2025-04-03 00:00:00+00:00, run_after=2025-04-04 00:00:00+00:00
[2025-04-04T19:36:18.904+0000] {logging_mixin.py:190} INFO - [2025-04-04T19:36:18.904+0000] {dag.py:4180} INFO - Setting next_dagrun for read_dataset_event_from_classic to 2025-04-03 00:00:00+00:00, run_after=2025-04-04 00:00:00+00:00
[2025-04-04T19:36:18.919+0000] {processor.py:208} INFO - Processing /home/airflow/.local/lib/python3.12/site-packages/airflow/example_dags/example_inlet_event_extra.py took 0.774 seconds
[2025-04-04T19:36:49.430+0000] {processor.py:186} INFO - Started process (PID=5886) to work on /home/airflow/.local/lib/python3.12/site-packages/airflow/example_dags/example_inlet_event_extra.py
[2025-04-04T19:36:49.431+0000] {processor.py:914} INFO - Processing file /home/airflow/.local/lib/python3.12/site-packages/airflow/example_dags/example_inlet_event_extra.py for tasks to queue
[2025-04-04T19:36:49.433+0000] {logging_mixin.py:190} INFO - [2025-04-04T19:36:49.433+0000] {dagbag.py:588} INFO - Filling up the DagBag from /home/airflow/.local/lib/python3.12/site-packages/airflow/example_dags/example_inlet_event_extra.py
[2025-04-04T19:36:50.003+0000] {processor.py:925} INFO - DAG(s) 'read_dataset_event_from_classic', 'read_dataset_event' retrieved from /home/airflow/.local/lib/python3.12/site-packages/airflow/example_dags/example_inlet_event_extra.py
[2025-04-04T19:36:50.025+0000] {logging_mixin.py:190} INFO - [2025-04-04T19:36:50.024+0000] {dag.py:3239} INFO - Sync 2 DAGs
[2025-04-04T19:36:50.047+0000] {logging_mixin.py:190} INFO - [2025-04-04T19:36:50.047+0000] {dag.py:4180} INFO - Setting next_dagrun for read_dataset_event to 2025-04-03 00:00:00+00:00, run_after=2025-04-04 00:00:00+00:00
[2025-04-04T19:36:50.052+0000] {logging_mixin.py:190} INFO - [2025-04-04T19:36:50.052+0000] {dag.py:4180} INFO - Setting next_dagrun for read_dataset_event_from_classic to 2025-04-03 00:00:00+00:00, run_after=2025-04-04 00:00:00+00:00
[2025-04-04T19:36:50.066+0000] {processor.py:208} INFO - Processing /home/airflow/.local/lib/python3.12/site-packages/airflow/example_dags/example_inlet_event_extra.py took 0.641 seconds
[2025-04-04T19:39:58.227+0000] {processor.py:186} INFO - Started process (PID=48) to work on /home/airflow/.local/lib/python3.12/site-packages/airflow/example_dags/example_inlet_event_extra.py
[2025-04-04T19:39:58.228+0000] {processor.py:914} INFO - Processing file /home/airflow/.local/lib/python3.12/site-packages/airflow/example_dags/example_inlet_event_extra.py for tasks to queue
[2025-04-04T19:39:58.231+0000] {logging_mixin.py:190} INFO - [2025-04-04T19:39:58.230+0000] {dagbag.py:588} INFO - Filling up the DagBag from /home/airflow/.local/lib/python3.12/site-packages/airflow/example_dags/example_inlet_event_extra.py
[2025-04-04T19:40:00.039+0000] {processor.py:925} INFO - DAG(s) 'read_dataset_event_from_classic', 'read_dataset_event' retrieved from /home/airflow/.local/lib/python3.12/site-packages/airflow/example_dags/example_inlet_event_extra.py
[2025-04-04T19:40:00.074+0000] {logging_mixin.py:190} INFO - [2025-04-04T19:40:00.073+0000] {dag.py:3239} INFO - Sync 2 DAGs
[2025-04-04T19:40:00.112+0000] {logging_mixin.py:190} INFO - [2025-04-04T19:40:00.112+0000] {dag.py:4180} INFO - Setting next_dagrun for read_dataset_event to 2025-04-03 00:00:00+00:00, run_after=2025-04-04 00:00:00+00:00
[2025-04-04T19:40:00.119+0000] {logging_mixin.py:190} INFO - [2025-04-04T19:40:00.119+0000] {dag.py:4180} INFO - Setting next_dagrun for read_dataset_event_from_classic to 2025-04-03 00:00:00+00:00, run_after=2025-04-04 00:00:00+00:00
[2025-04-04T19:40:00.138+0000] {processor.py:208} INFO - Processing /home/airflow/.local/lib/python3.12/site-packages/airflow/example_dags/example_inlet_event_extra.py took 1.916 seconds
[2025-04-04T19:40:30.780+0000] {processor.py:186} INFO - Started process (PID=115) to work on /home/airflow/.local/lib/python3.12/site-packages/airflow/example_dags/example_inlet_event_extra.py
[2025-04-04T19:40:30.781+0000] {processor.py:914} INFO - Processing file /home/airflow/.local/lib/python3.12/site-packages/airflow/example_dags/example_inlet_event_extra.py for tasks to queue
[2025-04-04T19:40:30.783+0000] {logging_mixin.py:190} INFO - [2025-04-04T19:40:30.783+0000] {dagbag.py:588} INFO - Filling up the DagBag from /home/airflow/.local/lib/python3.12/site-packages/airflow/example_dags/example_inlet_event_extra.py
[2025-04-04T19:40:31.488+0000] {processor.py:925} INFO - DAG(s) 'read_dataset_event_from_classic', 'read_dataset_event' retrieved from /home/airflow/.local/lib/python3.12/site-packages/airflow/example_dags/example_inlet_event_extra.py
[2025-04-04T19:40:31.513+0000] {logging_mixin.py:190} INFO - [2025-04-04T19:40:31.513+0000] {dag.py:3239} INFO - Sync 2 DAGs
[2025-04-04T19:40:31.543+0000] {logging_mixin.py:190} INFO - [2025-04-04T19:40:31.542+0000] {dag.py:4180} INFO - Setting next_dagrun for read_dataset_event to 2025-04-03 00:00:00+00:00, run_after=2025-04-04 00:00:00+00:00
[2025-04-04T19:40:31.549+0000] {logging_mixin.py:190} INFO - [2025-04-04T19:40:31.548+0000] {dag.py:4180} INFO - Setting next_dagrun for read_dataset_event_from_classic to 2025-04-03 00:00:00+00:00, run_after=2025-04-04 00:00:00+00:00
[2025-04-04T19:40:31.568+0000] {processor.py:208} INFO - Processing /home/airflow/.local/lib/python3.12/site-packages/airflow/example_dags/example_inlet_event_extra.py took 0.793 seconds
[2025-04-04T19:41:02.009+0000] {processor.py:186} INFO - Started process (PID=181) to work on /home/airflow/.local/lib/python3.12/site-packages/airflow/example_dags/example_inlet_event_extra.py
[2025-04-04T19:41:02.011+0000] {processor.py:914} INFO - Processing file /home/airflow/.local/lib/python3.12/site-packages/airflow/example_dags/example_inlet_event_extra.py for tasks to queue
[2025-04-04T19:41:02.013+0000] {logging_mixin.py:190} INFO - [2025-04-04T19:41:02.013+0000] {dagbag.py:588} INFO - Filling up the DagBag from /home/airflow/.local/lib/python3.12/site-packages/airflow/example_dags/example_inlet_event_extra.py
[2025-04-04T19:41:02.757+0000] {processor.py:925} INFO - DAG(s) 'read_dataset_event_from_classic', 'read_dataset_event' retrieved from /home/airflow/.local/lib/python3.12/site-packages/airflow/example_dags/example_inlet_event_extra.py
[2025-04-04T19:41:02.776+0000] {logging_mixin.py:190} INFO - [2025-04-04T19:41:02.776+0000] {dag.py:3239} INFO - Sync 2 DAGs
[2025-04-04T19:41:02.798+0000] {logging_mixin.py:190} INFO - [2025-04-04T19:41:02.798+0000] {dag.py:4180} INFO - Setting next_dagrun for read_dataset_event to 2025-04-03 00:00:00+00:00, run_after=2025-04-04 00:00:00+00:00
[2025-04-04T19:41:02.803+0000] {logging_mixin.py:190} INFO - [2025-04-04T19:41:02.803+0000] {dag.py:4180} INFO - Setting next_dagrun for read_dataset_event_from_classic to 2025-04-03 00:00:00+00:00, run_after=2025-04-04 00:00:00+00:00
[2025-04-04T19:41:02.818+0000] {processor.py:208} INFO - Processing /home/airflow/.local/lib/python3.12/site-packages/airflow/example_dags/example_inlet_event_extra.py took 0.816 seconds
