[2025-04-04T19:07:19.482+0000] {processor.py:186} INFO - Started process (PID=2167) to work on /home/airflow/.local/lib/python3.12/site-packages/airflow/example_dags/example_bash_operator.py
[2025-04-04T19:07:19.483+0000] {processor.py:914} INFO - Processing file /home/airflow/.local/lib/python3.12/site-packages/airflow/example_dags/example_bash_operator.py for tasks to queue
[2025-04-04T19:07:19.489+0000] {logging_mixin.py:190} INFO - [2025-04-04T19:07:19.489+0000] {dagbag.py:588} INFO - Filling up the DagBag from /home/airflow/.local/lib/python3.12/site-packages/airflow/example_dags/example_bash_operator.py
[2025-04-04T19:07:19.523+0000] {processor.py:925} INFO - DAG(s) 'example_bash_operator' retrieved from /home/airflow/.local/lib/python3.12/site-packages/airflow/example_dags/example_bash_operator.py
[2025-04-04T19:07:19.562+0000] {logging_mixin.py:190} INFO - [2025-04-04T19:07:19.561+0000] {dag.py:3239} INFO - Sync 1 DAGs
[2025-04-04T19:07:19.588+0000] {logging_mixin.py:190} INFO - [2025-04-04T19:07:19.588+0000] {dag.py:4180} INFO - Setting next_dagrun for example_bash_operator to 2025-04-03 00:00:00+00:00, run_after=2025-04-04 00:00:00+00:00
[2025-04-04T19:07:19.606+0000] {processor.py:208} INFO - Processing /home/airflow/.local/lib/python3.12/site-packages/airflow/example_dags/example_bash_operator.py took 0.130 seconds
[2025-04-04T19:07:50.830+0000] {processor.py:186} INFO - Started process (PID=2231) to work on /home/airflow/.local/lib/python3.12/site-packages/airflow/example_dags/example_bash_operator.py
[2025-04-04T19:07:50.831+0000] {processor.py:914} INFO - Processing file /home/airflow/.local/lib/python3.12/site-packages/airflow/example_dags/example_bash_operator.py for tasks to queue
[2025-04-04T19:07:50.833+0000] {logging_mixin.py:190} INFO - [2025-04-04T19:07:50.833+0000] {dagbag.py:588} INFO - Filling up the DagBag from /home/airflow/.local/lib/python3.12/site-packages/airflow/example_dags/example_bash_operator.py
[2025-04-04T19:07:50.849+0000] {processor.py:925} INFO - DAG(s) 'example_bash_operator' retrieved from /home/airflow/.local/lib/python3.12/site-packages/airflow/example_dags/example_bash_operator.py
[2025-04-04T19:07:50.883+0000] {logging_mixin.py:190} INFO - [2025-04-04T19:07:50.882+0000] {dag.py:3239} INFO - Sync 1 DAGs
[2025-04-04T19:07:50.908+0000] {logging_mixin.py:190} INFO - [2025-04-04T19:07:50.907+0000] {dag.py:4180} INFO - Setting next_dagrun for example_bash_operator to 2025-04-03 00:00:00+00:00, run_after=2025-04-04 00:00:00+00:00
[2025-04-04T19:07:50.931+0000] {processor.py:208} INFO - Processing /home/airflow/.local/lib/python3.12/site-packages/airflow/example_dags/example_bash_operator.py took 0.108 seconds
[2025-04-04T19:08:21.878+0000] {processor.py:186} INFO - Started process (PID=2297) to work on /home/airflow/.local/lib/python3.12/site-packages/airflow/example_dags/example_bash_operator.py
[2025-04-04T19:08:21.879+0000] {processor.py:914} INFO - Processing file /home/airflow/.local/lib/python3.12/site-packages/airflow/example_dags/example_bash_operator.py for tasks to queue
[2025-04-04T19:08:21.882+0000] {logging_mixin.py:190} INFO - [2025-04-04T19:08:21.881+0000] {dagbag.py:588} INFO - Filling up the DagBag from /home/airflow/.local/lib/python3.12/site-packages/airflow/example_dags/example_bash_operator.py
[2025-04-04T19:08:21.897+0000] {processor.py:925} INFO - DAG(s) 'example_bash_operator' retrieved from /home/airflow/.local/lib/python3.12/site-packages/airflow/example_dags/example_bash_operator.py
[2025-04-04T19:08:21.924+0000] {logging_mixin.py:190} INFO - [2025-04-04T19:08:21.924+0000] {dag.py:3239} INFO - Sync 1 DAGs
[2025-04-04T19:08:21.949+0000] {logging_mixin.py:190} INFO - [2025-04-04T19:08:21.948+0000] {dag.py:4180} INFO - Setting next_dagrun for example_bash_operator to 2025-04-03 00:00:00+00:00, run_after=2025-04-04 00:00:00+00:00
[2025-04-04T19:08:21.966+0000] {processor.py:208} INFO - Processing /home/airflow/.local/lib/python3.12/site-packages/airflow/example_dags/example_bash_operator.py took 0.093 seconds
[2025-04-04T19:08:53.287+0000] {processor.py:186} INFO - Started process (PID=2361) to work on /home/airflow/.local/lib/python3.12/site-packages/airflow/example_dags/example_bash_operator.py
[2025-04-04T19:08:53.288+0000] {processor.py:914} INFO - Processing file /home/airflow/.local/lib/python3.12/site-packages/airflow/example_dags/example_bash_operator.py for tasks to queue
[2025-04-04T19:08:53.290+0000] {logging_mixin.py:190} INFO - [2025-04-04T19:08:53.290+0000] {dagbag.py:588} INFO - Filling up the DagBag from /home/airflow/.local/lib/python3.12/site-packages/airflow/example_dags/example_bash_operator.py
[2025-04-04T19:08:53.302+0000] {processor.py:925} INFO - DAG(s) 'example_bash_operator' retrieved from /home/airflow/.local/lib/python3.12/site-packages/airflow/example_dags/example_bash_operator.py
[2025-04-04T19:08:53.330+0000] {logging_mixin.py:190} INFO - [2025-04-04T19:08:53.330+0000] {dag.py:3239} INFO - Sync 1 DAGs
[2025-04-04T19:08:53.357+0000] {logging_mixin.py:190} INFO - [2025-04-04T19:08:53.357+0000] {dag.py:4180} INFO - Setting next_dagrun for example_bash_operator to 2025-04-03 00:00:00+00:00, run_after=2025-04-04 00:00:00+00:00
[2025-04-04T19:08:53.375+0000] {processor.py:208} INFO - Processing /home/airflow/.local/lib/python3.12/site-packages/airflow/example_dags/example_bash_operator.py took 0.093 seconds
[2025-04-04T19:09:24.592+0000] {processor.py:186} INFO - Started process (PID=2425) to work on /home/airflow/.local/lib/python3.12/site-packages/airflow/example_dags/example_bash_operator.py
[2025-04-04T19:09:24.593+0000] {processor.py:914} INFO - Processing file /home/airflow/.local/lib/python3.12/site-packages/airflow/example_dags/example_bash_operator.py for tasks to queue
[2025-04-04T19:09:24.596+0000] {logging_mixin.py:190} INFO - [2025-04-04T19:09:24.595+0000] {dagbag.py:588} INFO - Filling up the DagBag from /home/airflow/.local/lib/python3.12/site-packages/airflow/example_dags/example_bash_operator.py
[2025-04-04T19:09:24.610+0000] {processor.py:925} INFO - DAG(s) 'example_bash_operator' retrieved from /home/airflow/.local/lib/python3.12/site-packages/airflow/example_dags/example_bash_operator.py
[2025-04-04T19:09:24.638+0000] {logging_mixin.py:190} INFO - [2025-04-04T19:09:24.637+0000] {dag.py:3239} INFO - Sync 1 DAGs
[2025-04-04T19:09:24.661+0000] {logging_mixin.py:190} INFO - [2025-04-04T19:09:24.661+0000] {dag.py:4180} INFO - Setting next_dagrun for example_bash_operator to 2025-04-03 00:00:00+00:00, run_after=2025-04-04 00:00:00+00:00
[2025-04-04T19:09:24.680+0000] {processor.py:208} INFO - Processing /home/airflow/.local/lib/python3.12/site-packages/airflow/example_dags/example_bash_operator.py took 0.094 seconds
[2025-04-04T19:09:55.391+0000] {processor.py:186} INFO - Started process (PID=2489) to work on /home/airflow/.local/lib/python3.12/site-packages/airflow/example_dags/example_bash_operator.py
[2025-04-04T19:09:55.393+0000] {processor.py:914} INFO - Processing file /home/airflow/.local/lib/python3.12/site-packages/airflow/example_dags/example_bash_operator.py for tasks to queue
[2025-04-04T19:09:55.395+0000] {logging_mixin.py:190} INFO - [2025-04-04T19:09:55.395+0000] {dagbag.py:588} INFO - Filling up the DagBag from /home/airflow/.local/lib/python3.12/site-packages/airflow/example_dags/example_bash_operator.py
[2025-04-04T19:09:55.412+0000] {processor.py:925} INFO - DAG(s) 'example_bash_operator' retrieved from /home/airflow/.local/lib/python3.12/site-packages/airflow/example_dags/example_bash_operator.py
[2025-04-04T19:09:55.444+0000] {logging_mixin.py:190} INFO - [2025-04-04T19:09:55.443+0000] {dag.py:3239} INFO - Sync 1 DAGs
[2025-04-04T19:09:55.476+0000] {logging_mixin.py:190} INFO - [2025-04-04T19:09:55.475+0000] {dag.py:4180} INFO - Setting next_dagrun for example_bash_operator to 2025-04-03 00:00:00+00:00, run_after=2025-04-04 00:00:00+00:00
[2025-04-04T19:09:55.500+0000] {processor.py:208} INFO - Processing /home/airflow/.local/lib/python3.12/site-packages/airflow/example_dags/example_bash_operator.py took 0.114 seconds
[2025-04-04T19:10:26.092+0000] {processor.py:186} INFO - Started process (PID=2553) to work on /home/airflow/.local/lib/python3.12/site-packages/airflow/example_dags/example_bash_operator.py
[2025-04-04T19:10:26.093+0000] {processor.py:914} INFO - Processing file /home/airflow/.local/lib/python3.12/site-packages/airflow/example_dags/example_bash_operator.py for tasks to queue
[2025-04-04T19:10:26.095+0000] {logging_mixin.py:190} INFO - [2025-04-04T19:10:26.095+0000] {dagbag.py:588} INFO - Filling up the DagBag from /home/airflow/.local/lib/python3.12/site-packages/airflow/example_dags/example_bash_operator.py
[2025-04-04T19:10:26.107+0000] {processor.py:925} INFO - DAG(s) 'example_bash_operator' retrieved from /home/airflow/.local/lib/python3.12/site-packages/airflow/example_dags/example_bash_operator.py
[2025-04-04T19:10:26.134+0000] {logging_mixin.py:190} INFO - [2025-04-04T19:10:26.134+0000] {dag.py:3239} INFO - Sync 1 DAGs
[2025-04-04T19:10:26.159+0000] {logging_mixin.py:190} INFO - [2025-04-04T19:10:26.159+0000] {dag.py:4180} INFO - Setting next_dagrun for example_bash_operator to 2025-04-03 00:00:00+00:00, run_after=2025-04-04 00:00:00+00:00
[2025-04-04T19:10:26.176+0000] {processor.py:208} INFO - Processing /home/airflow/.local/lib/python3.12/site-packages/airflow/example_dags/example_bash_operator.py took 0.089 seconds
[2025-04-04T19:10:56.709+0000] {processor.py:186} INFO - Started process (PID=2616) to work on /home/airflow/.local/lib/python3.12/site-packages/airflow/example_dags/example_bash_operator.py
[2025-04-04T19:10:56.710+0000] {processor.py:914} INFO - Processing file /home/airflow/.local/lib/python3.12/site-packages/airflow/example_dags/example_bash_operator.py for tasks to queue
[2025-04-04T19:10:56.712+0000] {logging_mixin.py:190} INFO - [2025-04-04T19:10:56.712+0000] {dagbag.py:588} INFO - Filling up the DagBag from /home/airflow/.local/lib/python3.12/site-packages/airflow/example_dags/example_bash_operator.py
[2025-04-04T19:10:56.724+0000] {processor.py:925} INFO - DAG(s) 'example_bash_operator' retrieved from /home/airflow/.local/lib/python3.12/site-packages/airflow/example_dags/example_bash_operator.py
[2025-04-04T19:10:56.752+0000] {logging_mixin.py:190} INFO - [2025-04-04T19:10:56.751+0000] {dag.py:3239} INFO - Sync 1 DAGs
[2025-04-04T19:10:56.774+0000] {logging_mixin.py:190} INFO - [2025-04-04T19:10:56.774+0000] {dag.py:4180} INFO - Setting next_dagrun for example_bash_operator to 2025-04-03 00:00:00+00:00, run_after=2025-04-04 00:00:00+00:00
[2025-04-04T19:10:56.791+0000] {processor.py:208} INFO - Processing /home/airflow/.local/lib/python3.12/site-packages/airflow/example_dags/example_bash_operator.py took 0.088 seconds
[2025-04-04T19:11:27.398+0000] {processor.py:186} INFO - Started process (PID=2681) to work on /home/airflow/.local/lib/python3.12/site-packages/airflow/example_dags/example_bash_operator.py
[2025-04-04T19:11:27.399+0000] {processor.py:914} INFO - Processing file /home/airflow/.local/lib/python3.12/site-packages/airflow/example_dags/example_bash_operator.py for tasks to queue
[2025-04-04T19:11:27.401+0000] {logging_mixin.py:190} INFO - [2025-04-04T19:11:27.401+0000] {dagbag.py:588} INFO - Filling up the DagBag from /home/airflow/.local/lib/python3.12/site-packages/airflow/example_dags/example_bash_operator.py
[2025-04-04T19:11:27.414+0000] {processor.py:925} INFO - DAG(s) 'example_bash_operator' retrieved from /home/airflow/.local/lib/python3.12/site-packages/airflow/example_dags/example_bash_operator.py
[2025-04-04T19:11:27.448+0000] {logging_mixin.py:190} INFO - [2025-04-04T19:11:27.448+0000] {dag.py:3239} INFO - Sync 1 DAGs
[2025-04-04T19:11:27.476+0000] {logging_mixin.py:190} INFO - [2025-04-04T19:11:27.476+0000] {dag.py:4180} INFO - Setting next_dagrun for example_bash_operator to 2025-04-03 00:00:00+00:00, run_after=2025-04-04 00:00:00+00:00
[2025-04-04T19:11:27.494+0000] {processor.py:208} INFO - Processing /home/airflow/.local/lib/python3.12/site-packages/airflow/example_dags/example_bash_operator.py took 0.101 seconds
[2025-04-04T19:11:57.825+0000] {processor.py:186} INFO - Started process (PID=2744) to work on /home/airflow/.local/lib/python3.12/site-packages/airflow/example_dags/example_bash_operator.py
[2025-04-04T19:11:57.826+0000] {processor.py:914} INFO - Processing file /home/airflow/.local/lib/python3.12/site-packages/airflow/example_dags/example_bash_operator.py for tasks to queue
[2025-04-04T19:11:57.828+0000] {logging_mixin.py:190} INFO - [2025-04-04T19:11:57.828+0000] {dagbag.py:588} INFO - Filling up the DagBag from /home/airflow/.local/lib/python3.12/site-packages/airflow/example_dags/example_bash_operator.py
[2025-04-04T19:11:57.839+0000] {processor.py:925} INFO - DAG(s) 'example_bash_operator' retrieved from /home/airflow/.local/lib/python3.12/site-packages/airflow/example_dags/example_bash_operator.py
[2025-04-04T19:11:57.864+0000] {logging_mixin.py:190} INFO - [2025-04-04T19:11:57.863+0000] {dag.py:3239} INFO - Sync 1 DAGs
[2025-04-04T19:11:57.886+0000] {logging_mixin.py:190} INFO - [2025-04-04T19:11:57.886+0000] {dag.py:4180} INFO - Setting next_dagrun for example_bash_operator to 2025-04-03 00:00:00+00:00, run_after=2025-04-04 00:00:00+00:00
[2025-04-04T19:11:57.903+0000] {processor.py:208} INFO - Processing /home/airflow/.local/lib/python3.12/site-packages/airflow/example_dags/example_bash_operator.py took 0.082 seconds
[2025-04-04T19:12:28.963+0000] {processor.py:186} INFO - Started process (PID=2809) to work on /home/airflow/.local/lib/python3.12/site-packages/airflow/example_dags/example_bash_operator.py
[2025-04-04T19:12:28.964+0000] {processor.py:914} INFO - Processing file /home/airflow/.local/lib/python3.12/site-packages/airflow/example_dags/example_bash_operator.py for tasks to queue
[2025-04-04T19:12:28.966+0000] {logging_mixin.py:190} INFO - [2025-04-04T19:12:28.965+0000] {dagbag.py:588} INFO - Filling up the DagBag from /home/airflow/.local/lib/python3.12/site-packages/airflow/example_dags/example_bash_operator.py
[2025-04-04T19:12:28.979+0000] {processor.py:925} INFO - DAG(s) 'example_bash_operator' retrieved from /home/airflow/.local/lib/python3.12/site-packages/airflow/example_dags/example_bash_operator.py
[2025-04-04T19:12:29.006+0000] {logging_mixin.py:190} INFO - [2025-04-04T19:12:29.006+0000] {dag.py:3239} INFO - Sync 1 DAGs
[2025-04-04T19:12:29.029+0000] {logging_mixin.py:190} INFO - [2025-04-04T19:12:29.028+0000] {dag.py:4180} INFO - Setting next_dagrun for example_bash_operator to 2025-04-03 00:00:00+00:00, run_after=2025-04-04 00:00:00+00:00
[2025-04-04T19:12:29.045+0000] {processor.py:208} INFO - Processing /home/airflow/.local/lib/python3.12/site-packages/airflow/example_dags/example_bash_operator.py took 0.087 seconds
[2025-04-04T19:12:59.701+0000] {processor.py:186} INFO - Started process (PID=2873) to work on /home/airflow/.local/lib/python3.12/site-packages/airflow/example_dags/example_bash_operator.py
[2025-04-04T19:12:59.701+0000] {processor.py:914} INFO - Processing file /home/airflow/.local/lib/python3.12/site-packages/airflow/example_dags/example_bash_operator.py for tasks to queue
[2025-04-04T19:12:59.703+0000] {logging_mixin.py:190} INFO - [2025-04-04T19:12:59.703+0000] {dagbag.py:588} INFO - Filling up the DagBag from /home/airflow/.local/lib/python3.12/site-packages/airflow/example_dags/example_bash_operator.py
[2025-04-04T19:12:59.715+0000] {processor.py:925} INFO - DAG(s) 'example_bash_operator' retrieved from /home/airflow/.local/lib/python3.12/site-packages/airflow/example_dags/example_bash_operator.py
[2025-04-04T19:12:59.743+0000] {logging_mixin.py:190} INFO - [2025-04-04T19:12:59.743+0000] {dag.py:3239} INFO - Sync 1 DAGs
[2025-04-04T19:12:59.769+0000] {logging_mixin.py:190} INFO - [2025-04-04T19:12:59.769+0000] {dag.py:4180} INFO - Setting next_dagrun for example_bash_operator to 2025-04-03 00:00:00+00:00, run_after=2025-04-04 00:00:00+00:00
[2025-04-04T19:12:59.787+0000] {processor.py:208} INFO - Processing /home/airflow/.local/lib/python3.12/site-packages/airflow/example_dags/example_bash_operator.py took 0.092 seconds
[2025-04-04T19:13:29.964+0000] {processor.py:186} INFO - Started process (PID=2936) to work on /home/airflow/.local/lib/python3.12/site-packages/airflow/example_dags/example_bash_operator.py
[2025-04-04T19:13:29.965+0000] {processor.py:914} INFO - Processing file /home/airflow/.local/lib/python3.12/site-packages/airflow/example_dags/example_bash_operator.py for tasks to queue
[2025-04-04T19:13:29.968+0000] {logging_mixin.py:190} INFO - [2025-04-04T19:13:29.968+0000] {dagbag.py:588} INFO - Filling up the DagBag from /home/airflow/.local/lib/python3.12/site-packages/airflow/example_dags/example_bash_operator.py
[2025-04-04T19:13:29.982+0000] {processor.py:925} INFO - DAG(s) 'example_bash_operator' retrieved from /home/airflow/.local/lib/python3.12/site-packages/airflow/example_dags/example_bash_operator.py
[2025-04-04T19:13:30.008+0000] {logging_mixin.py:190} INFO - [2025-04-04T19:13:30.008+0000] {dag.py:3239} INFO - Sync 1 DAGs
[2025-04-04T19:13:30.225+0000] {logging_mixin.py:190} INFO - [2025-04-04T19:13:30.225+0000] {dag.py:4180} INFO - Setting next_dagrun for example_bash_operator to 2025-04-03 00:00:00+00:00, run_after=2025-04-04 00:00:00+00:00
[2025-04-04T19:13:30.241+0000] {processor.py:208} INFO - Processing /home/airflow/.local/lib/python3.12/site-packages/airflow/example_dags/example_bash_operator.py took 0.283 seconds
[2025-04-04T19:14:00.672+0000] {processor.py:186} INFO - Started process (PID=3000) to work on /home/airflow/.local/lib/python3.12/site-packages/airflow/example_dags/example_bash_operator.py
[2025-04-04T19:14:00.673+0000] {processor.py:914} INFO - Processing file /home/airflow/.local/lib/python3.12/site-packages/airflow/example_dags/example_bash_operator.py for tasks to queue
[2025-04-04T19:14:00.675+0000] {logging_mixin.py:190} INFO - [2025-04-04T19:14:00.675+0000] {dagbag.py:588} INFO - Filling up the DagBag from /home/airflow/.local/lib/python3.12/site-packages/airflow/example_dags/example_bash_operator.py
[2025-04-04T19:14:00.687+0000] {processor.py:925} INFO - DAG(s) 'example_bash_operator' retrieved from /home/airflow/.local/lib/python3.12/site-packages/airflow/example_dags/example_bash_operator.py
[2025-04-04T19:14:00.712+0000] {logging_mixin.py:190} INFO - [2025-04-04T19:14:00.712+0000] {dag.py:3239} INFO - Sync 1 DAGs
[2025-04-04T19:14:00.908+0000] {logging_mixin.py:190} INFO - [2025-04-04T19:14:00.908+0000] {dag.py:4180} INFO - Setting next_dagrun for example_bash_operator to 2025-04-03 00:00:00+00:00, run_after=2025-04-04 00:00:00+00:00
[2025-04-04T19:14:00.923+0000] {processor.py:208} INFO - Processing /home/airflow/.local/lib/python3.12/site-packages/airflow/example_dags/example_bash_operator.py took 0.257 seconds
[2025-04-04T19:14:31.762+0000] {processor.py:186} INFO - Started process (PID=3065) to work on /home/airflow/.local/lib/python3.12/site-packages/airflow/example_dags/example_bash_operator.py
[2025-04-04T19:14:31.763+0000] {processor.py:914} INFO - Processing file /home/airflow/.local/lib/python3.12/site-packages/airflow/example_dags/example_bash_operator.py for tasks to queue
[2025-04-04T19:14:31.766+0000] {logging_mixin.py:190} INFO - [2025-04-04T19:14:31.765+0000] {dagbag.py:588} INFO - Filling up the DagBag from /home/airflow/.local/lib/python3.12/site-packages/airflow/example_dags/example_bash_operator.py
[2025-04-04T19:14:31.779+0000] {processor.py:925} INFO - DAG(s) 'example_bash_operator' retrieved from /home/airflow/.local/lib/python3.12/site-packages/airflow/example_dags/example_bash_operator.py
[2025-04-04T19:14:31.804+0000] {logging_mixin.py:190} INFO - [2025-04-04T19:14:31.804+0000] {dag.py:3239} INFO - Sync 1 DAGs
[2025-04-04T19:14:31.826+0000] {logging_mixin.py:190} INFO - [2025-04-04T19:14:31.826+0000] {dag.py:4180} INFO - Setting next_dagrun for example_bash_operator to 2025-04-03 00:00:00+00:00, run_after=2025-04-04 00:00:00+00:00
[2025-04-04T19:14:31.844+0000] {processor.py:208} INFO - Processing /home/airflow/.local/lib/python3.12/site-packages/airflow/example_dags/example_bash_operator.py took 0.087 seconds
[2025-04-04T19:15:01.893+0000] {processor.py:186} INFO - Started process (PID=3128) to work on /home/airflow/.local/lib/python3.12/site-packages/airflow/example_dags/example_bash_operator.py
[2025-04-04T19:15:01.894+0000] {processor.py:914} INFO - Processing file /home/airflow/.local/lib/python3.12/site-packages/airflow/example_dags/example_bash_operator.py for tasks to queue
[2025-04-04T19:15:01.897+0000] {logging_mixin.py:190} INFO - [2025-04-04T19:15:01.896+0000] {dagbag.py:588} INFO - Filling up the DagBag from /home/airflow/.local/lib/python3.12/site-packages/airflow/example_dags/example_bash_operator.py
[2025-04-04T19:15:01.908+0000] {processor.py:925} INFO - DAG(s) 'example_bash_operator' retrieved from /home/airflow/.local/lib/python3.12/site-packages/airflow/example_dags/example_bash_operator.py
[2025-04-04T19:15:01.933+0000] {logging_mixin.py:190} INFO - [2025-04-04T19:15:01.933+0000] {dag.py:3239} INFO - Sync 1 DAGs
[2025-04-04T19:15:01.957+0000] {logging_mixin.py:190} INFO - [2025-04-04T19:15:01.957+0000] {dag.py:4180} INFO - Setting next_dagrun for example_bash_operator to 2025-04-03 00:00:00+00:00, run_after=2025-04-04 00:00:00+00:00
[2025-04-04T19:15:01.974+0000] {processor.py:208} INFO - Processing /home/airflow/.local/lib/python3.12/site-packages/airflow/example_dags/example_bash_operator.py took 0.085 seconds
[2025-04-04T19:15:33.240+0000] {processor.py:186} INFO - Started process (PID=3193) to work on /home/airflow/.local/lib/python3.12/site-packages/airflow/example_dags/example_bash_operator.py
[2025-04-04T19:15:33.241+0000] {processor.py:914} INFO - Processing file /home/airflow/.local/lib/python3.12/site-packages/airflow/example_dags/example_bash_operator.py for tasks to queue
[2025-04-04T19:15:33.244+0000] {logging_mixin.py:190} INFO - [2025-04-04T19:15:33.243+0000] {dagbag.py:588} INFO - Filling up the DagBag from /home/airflow/.local/lib/python3.12/site-packages/airflow/example_dags/example_bash_operator.py
[2025-04-04T19:15:33.256+0000] {processor.py:925} INFO - DAG(s) 'example_bash_operator' retrieved from /home/airflow/.local/lib/python3.12/site-packages/airflow/example_dags/example_bash_operator.py
[2025-04-04T19:15:33.282+0000] {logging_mixin.py:190} INFO - [2025-04-04T19:15:33.281+0000] {dag.py:3239} INFO - Sync 1 DAGs
[2025-04-04T19:15:33.304+0000] {logging_mixin.py:190} INFO - [2025-04-04T19:15:33.304+0000] {dag.py:4180} INFO - Setting next_dagrun for example_bash_operator to 2025-04-03 00:00:00+00:00, run_after=2025-04-04 00:00:00+00:00
[2025-04-04T19:15:33.322+0000] {processor.py:208} INFO - Processing /home/airflow/.local/lib/python3.12/site-packages/airflow/example_dags/example_bash_operator.py took 0.088 seconds
[2025-04-04T19:16:03.954+0000] {processor.py:186} INFO - Started process (PID=3257) to work on /home/airflow/.local/lib/python3.12/site-packages/airflow/example_dags/example_bash_operator.py
[2025-04-04T19:16:03.955+0000] {processor.py:914} INFO - Processing file /home/airflow/.local/lib/python3.12/site-packages/airflow/example_dags/example_bash_operator.py for tasks to queue
[2025-04-04T19:16:03.957+0000] {logging_mixin.py:190} INFO - [2025-04-04T19:16:03.957+0000] {dagbag.py:588} INFO - Filling up the DagBag from /home/airflow/.local/lib/python3.12/site-packages/airflow/example_dags/example_bash_operator.py
[2025-04-04T19:16:03.970+0000] {processor.py:925} INFO - DAG(s) 'example_bash_operator' retrieved from /home/airflow/.local/lib/python3.12/site-packages/airflow/example_dags/example_bash_operator.py
[2025-04-04T19:16:03.995+0000] {logging_mixin.py:190} INFO - [2025-04-04T19:16:03.995+0000] {dag.py:3239} INFO - Sync 1 DAGs
[2025-04-04T19:16:04.020+0000] {logging_mixin.py:190} INFO - [2025-04-04T19:16:04.020+0000] {dag.py:4180} INFO - Setting next_dagrun for example_bash_operator to 2025-04-03 00:00:00+00:00, run_after=2025-04-04 00:00:00+00:00
[2025-04-04T19:16:04.036+0000] {processor.py:208} INFO - Processing /home/airflow/.local/lib/python3.12/site-packages/airflow/example_dags/example_bash_operator.py took 0.088 seconds
[2025-04-04T19:16:35.292+0000] {processor.py:186} INFO - Started process (PID=3322) to work on /home/airflow/.local/lib/python3.12/site-packages/airflow/example_dags/example_bash_operator.py
[2025-04-04T19:16:35.293+0000] {processor.py:914} INFO - Processing file /home/airflow/.local/lib/python3.12/site-packages/airflow/example_dags/example_bash_operator.py for tasks to queue
[2025-04-04T19:16:35.295+0000] {logging_mixin.py:190} INFO - [2025-04-04T19:16:35.295+0000] {dagbag.py:588} INFO - Filling up the DagBag from /home/airflow/.local/lib/python3.12/site-packages/airflow/example_dags/example_bash_operator.py
[2025-04-04T19:16:35.306+0000] {processor.py:925} INFO - DAG(s) 'example_bash_operator' retrieved from /home/airflow/.local/lib/python3.12/site-packages/airflow/example_dags/example_bash_operator.py
[2025-04-04T19:16:35.331+0000] {logging_mixin.py:190} INFO - [2025-04-04T19:16:35.330+0000] {dag.py:3239} INFO - Sync 1 DAGs
[2025-04-04T19:16:35.353+0000] {logging_mixin.py:190} INFO - [2025-04-04T19:16:35.352+0000] {dag.py:4180} INFO - Setting next_dagrun for example_bash_operator to 2025-04-03 00:00:00+00:00, run_after=2025-04-04 00:00:00+00:00
[2025-04-04T19:16:35.370+0000] {processor.py:208} INFO - Processing /home/airflow/.local/lib/python3.12/site-packages/airflow/example_dags/example_bash_operator.py took 0.083 seconds
[2025-04-04T19:17:05.494+0000] {processor.py:186} INFO - Started process (PID=3386) to work on /home/airflow/.local/lib/python3.12/site-packages/airflow/example_dags/example_bash_operator.py
[2025-04-04T19:17:05.495+0000] {processor.py:914} INFO - Processing file /home/airflow/.local/lib/python3.12/site-packages/airflow/example_dags/example_bash_operator.py for tasks to queue
[2025-04-04T19:17:05.497+0000] {logging_mixin.py:190} INFO - [2025-04-04T19:17:05.497+0000] {dagbag.py:588} INFO - Filling up the DagBag from /home/airflow/.local/lib/python3.12/site-packages/airflow/example_dags/example_bash_operator.py
[2025-04-04T19:17:05.510+0000] {processor.py:925} INFO - DAG(s) 'example_bash_operator' retrieved from /home/airflow/.local/lib/python3.12/site-packages/airflow/example_dags/example_bash_operator.py
[2025-04-04T19:17:05.537+0000] {logging_mixin.py:190} INFO - [2025-04-04T19:17:05.537+0000] {dag.py:3239} INFO - Sync 1 DAGs
[2025-04-04T19:17:05.562+0000] {logging_mixin.py:190} INFO - [2025-04-04T19:17:05.562+0000] {dag.py:4180} INFO - Setting next_dagrun for example_bash_operator to 2025-04-03 00:00:00+00:00, run_after=2025-04-04 00:00:00+00:00
[2025-04-04T19:17:05.579+0000] {processor.py:208} INFO - Processing /home/airflow/.local/lib/python3.12/site-packages/airflow/example_dags/example_bash_operator.py took 0.090 seconds
[2025-04-04T19:17:36.173+0000] {processor.py:186} INFO - Started process (PID=3451) to work on /home/airflow/.local/lib/python3.12/site-packages/airflow/example_dags/example_bash_operator.py
[2025-04-04T19:17:36.174+0000] {processor.py:914} INFO - Processing file /home/airflow/.local/lib/python3.12/site-packages/airflow/example_dags/example_bash_operator.py for tasks to queue
[2025-04-04T19:17:36.176+0000] {logging_mixin.py:190} INFO - [2025-04-04T19:17:36.176+0000] {dagbag.py:588} INFO - Filling up the DagBag from /home/airflow/.local/lib/python3.12/site-packages/airflow/example_dags/example_bash_operator.py
[2025-04-04T19:17:36.188+0000] {processor.py:925} INFO - DAG(s) 'example_bash_operator' retrieved from /home/airflow/.local/lib/python3.12/site-packages/airflow/example_dags/example_bash_operator.py
[2025-04-04T19:17:36.213+0000] {logging_mixin.py:190} INFO - [2025-04-04T19:17:36.213+0000] {dag.py:3239} INFO - Sync 1 DAGs
[2025-04-04T19:17:36.238+0000] {logging_mixin.py:190} INFO - [2025-04-04T19:17:36.238+0000] {dag.py:4180} INFO - Setting next_dagrun for example_bash_operator to 2025-04-03 00:00:00+00:00, run_after=2025-04-04 00:00:00+00:00
[2025-04-04T19:17:36.255+0000] {processor.py:208} INFO - Processing /home/airflow/.local/lib/python3.12/site-packages/airflow/example_dags/example_bash_operator.py took 0.087 seconds
[2025-04-04T19:18:06.918+0000] {processor.py:186} INFO - Started process (PID=3515) to work on /home/airflow/.local/lib/python3.12/site-packages/airflow/example_dags/example_bash_operator.py
[2025-04-04T19:18:06.919+0000] {processor.py:914} INFO - Processing file /home/airflow/.local/lib/python3.12/site-packages/airflow/example_dags/example_bash_operator.py for tasks to queue
[2025-04-04T19:18:06.921+0000] {logging_mixin.py:190} INFO - [2025-04-04T19:18:06.921+0000] {dagbag.py:588} INFO - Filling up the DagBag from /home/airflow/.local/lib/python3.12/site-packages/airflow/example_dags/example_bash_operator.py
[2025-04-04T19:18:06.933+0000] {processor.py:925} INFO - DAG(s) 'example_bash_operator' retrieved from /home/airflow/.local/lib/python3.12/site-packages/airflow/example_dags/example_bash_operator.py
[2025-04-04T19:18:06.959+0000] {logging_mixin.py:190} INFO - [2025-04-04T19:18:06.958+0000] {dag.py:3239} INFO - Sync 1 DAGs
[2025-04-04T19:18:06.982+0000] {logging_mixin.py:190} INFO - [2025-04-04T19:18:06.982+0000] {dag.py:4180} INFO - Setting next_dagrun for example_bash_operator to 2025-04-03 00:00:00+00:00, run_after=2025-04-04 00:00:00+00:00
[2025-04-04T19:18:06.999+0000] {processor.py:208} INFO - Processing /home/airflow/.local/lib/python3.12/site-packages/airflow/example_dags/example_bash_operator.py took 0.086 seconds
[2025-04-04T19:18:37.155+0000] {processor.py:186} INFO - Started process (PID=3578) to work on /home/airflow/.local/lib/python3.12/site-packages/airflow/example_dags/example_bash_operator.py
[2025-04-04T19:18:37.156+0000] {processor.py:914} INFO - Processing file /home/airflow/.local/lib/python3.12/site-packages/airflow/example_dags/example_bash_operator.py for tasks to queue
[2025-04-04T19:18:37.159+0000] {logging_mixin.py:190} INFO - [2025-04-04T19:18:37.158+0000] {dagbag.py:588} INFO - Filling up the DagBag from /home/airflow/.local/lib/python3.12/site-packages/airflow/example_dags/example_bash_operator.py
[2025-04-04T19:18:37.174+0000] {processor.py:925} INFO - DAG(s) 'example_bash_operator' retrieved from /home/airflow/.local/lib/python3.12/site-packages/airflow/example_dags/example_bash_operator.py
[2025-04-04T19:18:37.202+0000] {logging_mixin.py:190} INFO - [2025-04-04T19:18:37.202+0000] {dag.py:3239} INFO - Sync 1 DAGs
[2025-04-04T19:18:37.227+0000] {logging_mixin.py:190} INFO - [2025-04-04T19:18:37.226+0000] {dag.py:4180} INFO - Setting next_dagrun for example_bash_operator to 2025-04-03 00:00:00+00:00, run_after=2025-04-04 00:00:00+00:00
[2025-04-04T19:18:37.244+0000] {processor.py:208} INFO - Processing /home/airflow/.local/lib/python3.12/site-packages/airflow/example_dags/example_bash_operator.py took 0.094 seconds
[2025-04-04T19:19:08.056+0000] {processor.py:186} INFO - Started process (PID=3643) to work on /home/airflow/.local/lib/python3.12/site-packages/airflow/example_dags/example_bash_operator.py
[2025-04-04T19:19:08.057+0000] {processor.py:914} INFO - Processing file /home/airflow/.local/lib/python3.12/site-packages/airflow/example_dags/example_bash_operator.py for tasks to queue
[2025-04-04T19:19:08.060+0000] {logging_mixin.py:190} INFO - [2025-04-04T19:19:08.059+0000] {dagbag.py:588} INFO - Filling up the DagBag from /home/airflow/.local/lib/python3.12/site-packages/airflow/example_dags/example_bash_operator.py
[2025-04-04T19:19:08.075+0000] {processor.py:925} INFO - DAG(s) 'example_bash_operator' retrieved from /home/airflow/.local/lib/python3.12/site-packages/airflow/example_dags/example_bash_operator.py
[2025-04-04T19:19:08.107+0000] {logging_mixin.py:190} INFO - [2025-04-04T19:19:08.106+0000] {dag.py:3239} INFO - Sync 1 DAGs
[2025-04-04T19:19:08.133+0000] {logging_mixin.py:190} INFO - [2025-04-04T19:19:08.133+0000] {dag.py:4180} INFO - Setting next_dagrun for example_bash_operator to 2025-04-03 00:00:00+00:00, run_after=2025-04-04 00:00:00+00:00
[2025-04-04T19:19:08.155+0000] {processor.py:208} INFO - Processing /home/airflow/.local/lib/python3.12/site-packages/airflow/example_dags/example_bash_operator.py took 0.107 seconds
[2025-04-04T19:19:38.971+0000] {processor.py:186} INFO - Started process (PID=3707) to work on /home/airflow/.local/lib/python3.12/site-packages/airflow/example_dags/example_bash_operator.py
[2025-04-04T19:19:38.972+0000] {processor.py:914} INFO - Processing file /home/airflow/.local/lib/python3.12/site-packages/airflow/example_dags/example_bash_operator.py for tasks to queue
[2025-04-04T19:19:38.977+0000] {logging_mixin.py:190} INFO - [2025-04-04T19:19:38.976+0000] {dagbag.py:588} INFO - Filling up the DagBag from /home/airflow/.local/lib/python3.12/site-packages/airflow/example_dags/example_bash_operator.py
[2025-04-04T19:19:38.995+0000] {processor.py:925} INFO - DAG(s) 'example_bash_operator' retrieved from /home/airflow/.local/lib/python3.12/site-packages/airflow/example_dags/example_bash_operator.py
[2025-04-04T19:19:39.035+0000] {logging_mixin.py:190} INFO - [2025-04-04T19:19:39.035+0000] {dag.py:3239} INFO - Sync 1 DAGs
[2025-04-04T19:19:39.072+0000] {logging_mixin.py:190} INFO - [2025-04-04T19:19:39.072+0000] {dag.py:4180} INFO - Setting next_dagrun for example_bash_operator to 2025-04-03 00:00:00+00:00, run_after=2025-04-04 00:00:00+00:00
[2025-04-04T19:19:39.103+0000] {processor.py:208} INFO - Processing /home/airflow/.local/lib/python3.12/site-packages/airflow/example_dags/example_bash_operator.py took 0.140 seconds
[2025-04-04T19:20:09.785+0000] {processor.py:186} INFO - Started process (PID=3771) to work on /home/airflow/.local/lib/python3.12/site-packages/airflow/example_dags/example_bash_operator.py
[2025-04-04T19:20:09.786+0000] {processor.py:914} INFO - Processing file /home/airflow/.local/lib/python3.12/site-packages/airflow/example_dags/example_bash_operator.py for tasks to queue
[2025-04-04T19:20:09.788+0000] {logging_mixin.py:190} INFO - [2025-04-04T19:20:09.788+0000] {dagbag.py:588} INFO - Filling up the DagBag from /home/airflow/.local/lib/python3.12/site-packages/airflow/example_dags/example_bash_operator.py
[2025-04-04T19:20:09.800+0000] {processor.py:925} INFO - DAG(s) 'example_bash_operator' retrieved from /home/airflow/.local/lib/python3.12/site-packages/airflow/example_dags/example_bash_operator.py
[2025-04-04T19:20:09.825+0000] {logging_mixin.py:190} INFO - [2025-04-04T19:20:09.825+0000] {dag.py:3239} INFO - Sync 1 DAGs
[2025-04-04T19:20:09.846+0000] {logging_mixin.py:190} INFO - [2025-04-04T19:20:09.846+0000] {dag.py:4180} INFO - Setting next_dagrun for example_bash_operator to 2025-04-03 00:00:00+00:00, run_after=2025-04-04 00:00:00+00:00
[2025-04-04T19:20:09.863+0000] {processor.py:208} INFO - Processing /home/airflow/.local/lib/python3.12/site-packages/airflow/example_dags/example_bash_operator.py took 0.083 seconds
[2025-04-04T19:20:40.407+0000] {processor.py:186} INFO - Started process (PID=3835) to work on /home/airflow/.local/lib/python3.12/site-packages/airflow/example_dags/example_bash_operator.py
[2025-04-04T19:20:40.408+0000] {processor.py:914} INFO - Processing file /home/airflow/.local/lib/python3.12/site-packages/airflow/example_dags/example_bash_operator.py for tasks to queue
[2025-04-04T19:20:40.410+0000] {logging_mixin.py:190} INFO - [2025-04-04T19:20:40.410+0000] {dagbag.py:588} INFO - Filling up the DagBag from /home/airflow/.local/lib/python3.12/site-packages/airflow/example_dags/example_bash_operator.py
[2025-04-04T19:20:40.422+0000] {processor.py:925} INFO - DAG(s) 'example_bash_operator' retrieved from /home/airflow/.local/lib/python3.12/site-packages/airflow/example_dags/example_bash_operator.py
[2025-04-04T19:20:40.447+0000] {logging_mixin.py:190} INFO - [2025-04-04T19:20:40.446+0000] {dag.py:3239} INFO - Sync 1 DAGs
[2025-04-04T19:20:40.468+0000] {logging_mixin.py:190} INFO - [2025-04-04T19:20:40.467+0000] {dag.py:4180} INFO - Setting next_dagrun for example_bash_operator to 2025-04-03 00:00:00+00:00, run_after=2025-04-04 00:00:00+00:00
[2025-04-04T19:20:40.483+0000] {processor.py:208} INFO - Processing /home/airflow/.local/lib/python3.12/site-packages/airflow/example_dags/example_bash_operator.py took 0.081 seconds
[2025-04-04T19:21:10.587+0000] {processor.py:186} INFO - Started process (PID=3898) to work on /home/airflow/.local/lib/python3.12/site-packages/airflow/example_dags/example_bash_operator.py
[2025-04-04T19:21:10.588+0000] {processor.py:914} INFO - Processing file /home/airflow/.local/lib/python3.12/site-packages/airflow/example_dags/example_bash_operator.py for tasks to queue
[2025-04-04T19:21:10.591+0000] {logging_mixin.py:190} INFO - [2025-04-04T19:21:10.591+0000] {dagbag.py:588} INFO - Filling up the DagBag from /home/airflow/.local/lib/python3.12/site-packages/airflow/example_dags/example_bash_operator.py
[2025-04-04T19:21:10.603+0000] {processor.py:925} INFO - DAG(s) 'example_bash_operator' retrieved from /home/airflow/.local/lib/python3.12/site-packages/airflow/example_dags/example_bash_operator.py
[2025-04-04T19:21:10.629+0000] {logging_mixin.py:190} INFO - [2025-04-04T19:21:10.629+0000] {dag.py:3239} INFO - Sync 1 DAGs
[2025-04-04T19:21:10.653+0000] {logging_mixin.py:190} INFO - [2025-04-04T19:21:10.653+0000] {dag.py:4180} INFO - Setting next_dagrun for example_bash_operator to 2025-04-03 00:00:00+00:00, run_after=2025-04-04 00:00:00+00:00
[2025-04-04T19:21:10.672+0000] {processor.py:208} INFO - Processing /home/airflow/.local/lib/python3.12/site-packages/airflow/example_dags/example_bash_operator.py took 0.090 seconds
[2025-04-04T19:21:41.572+0000] {processor.py:186} INFO - Started process (PID=3963) to work on /home/airflow/.local/lib/python3.12/site-packages/airflow/example_dags/example_bash_operator.py
[2025-04-04T19:21:41.572+0000] {processor.py:914} INFO - Processing file /home/airflow/.local/lib/python3.12/site-packages/airflow/example_dags/example_bash_operator.py for tasks to queue
[2025-04-04T19:21:41.575+0000] {logging_mixin.py:190} INFO - [2025-04-04T19:21:41.575+0000] {dagbag.py:588} INFO - Filling up the DagBag from /home/airflow/.local/lib/python3.12/site-packages/airflow/example_dags/example_bash_operator.py
[2025-04-04T19:21:41.588+0000] {processor.py:925} INFO - DAG(s) 'example_bash_operator' retrieved from /home/airflow/.local/lib/python3.12/site-packages/airflow/example_dags/example_bash_operator.py
[2025-04-04T19:21:41.613+0000] {logging_mixin.py:190} INFO - [2025-04-04T19:21:41.613+0000] {dag.py:3239} INFO - Sync 1 DAGs
[2025-04-04T19:21:41.637+0000] {logging_mixin.py:190} INFO - [2025-04-04T19:21:41.637+0000] {dag.py:4180} INFO - Setting next_dagrun for example_bash_operator to 2025-04-03 00:00:00+00:00, run_after=2025-04-04 00:00:00+00:00
[2025-04-04T19:21:41.654+0000] {processor.py:208} INFO - Processing /home/airflow/.local/lib/python3.12/site-packages/airflow/example_dags/example_bash_operator.py took 0.087 seconds
[2025-04-04T19:22:12.242+0000] {processor.py:186} INFO - Started process (PID=4027) to work on /home/airflow/.local/lib/python3.12/site-packages/airflow/example_dags/example_bash_operator.py
[2025-04-04T19:22:12.243+0000] {processor.py:914} INFO - Processing file /home/airflow/.local/lib/python3.12/site-packages/airflow/example_dags/example_bash_operator.py for tasks to queue
[2025-04-04T19:22:12.246+0000] {logging_mixin.py:190} INFO - [2025-04-04T19:22:12.245+0000] {dagbag.py:588} INFO - Filling up the DagBag from /home/airflow/.local/lib/python3.12/site-packages/airflow/example_dags/example_bash_operator.py
[2025-04-04T19:22:12.262+0000] {processor.py:925} INFO - DAG(s) 'example_bash_operator' retrieved from /home/airflow/.local/lib/python3.12/site-packages/airflow/example_dags/example_bash_operator.py
[2025-04-04T19:22:12.289+0000] {logging_mixin.py:190} INFO - [2025-04-04T19:22:12.289+0000] {dag.py:3239} INFO - Sync 1 DAGs
[2025-04-04T19:22:12.312+0000] {logging_mixin.py:190} INFO - [2025-04-04T19:22:12.312+0000] {dag.py:4180} INFO - Setting next_dagrun for example_bash_operator to 2025-04-03 00:00:00+00:00, run_after=2025-04-04 00:00:00+00:00
[2025-04-04T19:22:12.329+0000] {processor.py:208} INFO - Processing /home/airflow/.local/lib/python3.12/site-packages/airflow/example_dags/example_bash_operator.py took 0.092 seconds
[2025-04-04T19:22:42.714+0000] {processor.py:186} INFO - Started process (PID=4091) to work on /home/airflow/.local/lib/python3.12/site-packages/airflow/example_dags/example_bash_operator.py
[2025-04-04T19:22:42.715+0000] {processor.py:914} INFO - Processing file /home/airflow/.local/lib/python3.12/site-packages/airflow/example_dags/example_bash_operator.py for tasks to queue
[2025-04-04T19:22:42.717+0000] {logging_mixin.py:190} INFO - [2025-04-04T19:22:42.716+0000] {dagbag.py:588} INFO - Filling up the DagBag from /home/airflow/.local/lib/python3.12/site-packages/airflow/example_dags/example_bash_operator.py
[2025-04-04T19:22:42.729+0000] {processor.py:925} INFO - DAG(s) 'example_bash_operator' retrieved from /home/airflow/.local/lib/python3.12/site-packages/airflow/example_dags/example_bash_operator.py
[2025-04-04T19:22:42.754+0000] {logging_mixin.py:190} INFO - [2025-04-04T19:22:42.754+0000] {dag.py:3239} INFO - Sync 1 DAGs
[2025-04-04T19:22:42.779+0000] {logging_mixin.py:190} INFO - [2025-04-04T19:22:42.779+0000] {dag.py:4180} INFO - Setting next_dagrun for example_bash_operator to 2025-04-03 00:00:00+00:00, run_after=2025-04-04 00:00:00+00:00
[2025-04-04T19:22:42.796+0000] {processor.py:208} INFO - Processing /home/airflow/.local/lib/python3.12/site-packages/airflow/example_dags/example_bash_operator.py took 0.088 seconds
[2025-04-04T19:23:12.893+0000] {processor.py:186} INFO - Started process (PID=4154) to work on /home/airflow/.local/lib/python3.12/site-packages/airflow/example_dags/example_bash_operator.py
[2025-04-04T19:23:12.894+0000] {processor.py:914} INFO - Processing file /home/airflow/.local/lib/python3.12/site-packages/airflow/example_dags/example_bash_operator.py for tasks to queue
[2025-04-04T19:23:12.896+0000] {logging_mixin.py:190} INFO - [2025-04-04T19:23:12.896+0000] {dagbag.py:588} INFO - Filling up the DagBag from /home/airflow/.local/lib/python3.12/site-packages/airflow/example_dags/example_bash_operator.py
[2025-04-04T19:23:12.908+0000] {processor.py:925} INFO - DAG(s) 'example_bash_operator' retrieved from /home/airflow/.local/lib/python3.12/site-packages/airflow/example_dags/example_bash_operator.py
[2025-04-04T19:23:12.934+0000] {logging_mixin.py:190} INFO - [2025-04-04T19:23:12.934+0000] {dag.py:3239} INFO - Sync 1 DAGs
[2025-04-04T19:23:12.955+0000] {logging_mixin.py:190} INFO - [2025-04-04T19:23:12.955+0000] {dag.py:4180} INFO - Setting next_dagrun for example_bash_operator to 2025-04-03 00:00:00+00:00, run_after=2025-04-04 00:00:00+00:00
[2025-04-04T19:23:12.973+0000] {processor.py:208} INFO - Processing /home/airflow/.local/lib/python3.12/site-packages/airflow/example_dags/example_bash_operator.py took 0.085 seconds
[2025-04-04T19:23:43.574+0000] {processor.py:186} INFO - Started process (PID=4219) to work on /home/airflow/.local/lib/python3.12/site-packages/airflow/example_dags/example_bash_operator.py
[2025-04-04T19:23:43.574+0000] {processor.py:914} INFO - Processing file /home/airflow/.local/lib/python3.12/site-packages/airflow/example_dags/example_bash_operator.py for tasks to queue
[2025-04-04T19:23:43.577+0000] {logging_mixin.py:190} INFO - [2025-04-04T19:23:43.576+0000] {dagbag.py:588} INFO - Filling up the DagBag from /home/airflow/.local/lib/python3.12/site-packages/airflow/example_dags/example_bash_operator.py
[2025-04-04T19:23:43.588+0000] {processor.py:925} INFO - DAG(s) 'example_bash_operator' retrieved from /home/airflow/.local/lib/python3.12/site-packages/airflow/example_dags/example_bash_operator.py
[2025-04-04T19:23:43.613+0000] {logging_mixin.py:190} INFO - [2025-04-04T19:23:43.613+0000] {dag.py:3239} INFO - Sync 1 DAGs
[2025-04-04T19:23:43.634+0000] {logging_mixin.py:190} INFO - [2025-04-04T19:23:43.633+0000] {dag.py:4180} INFO - Setting next_dagrun for example_bash_operator to 2025-04-03 00:00:00+00:00, run_after=2025-04-04 00:00:00+00:00
[2025-04-04T19:23:43.650+0000] {processor.py:208} INFO - Processing /home/airflow/.local/lib/python3.12/site-packages/airflow/example_dags/example_bash_operator.py took 0.081 seconds
[2025-04-04T19:24:14.127+0000] {processor.py:186} INFO - Started process (PID=4283) to work on /home/airflow/.local/lib/python3.12/site-packages/airflow/example_dags/example_bash_operator.py
[2025-04-04T19:24:14.127+0000] {processor.py:914} INFO - Processing file /home/airflow/.local/lib/python3.12/site-packages/airflow/example_dags/example_bash_operator.py for tasks to queue
[2025-04-04T19:24:14.130+0000] {logging_mixin.py:190} INFO - [2025-04-04T19:24:14.129+0000] {dagbag.py:588} INFO - Filling up the DagBag from /home/airflow/.local/lib/python3.12/site-packages/airflow/example_dags/example_bash_operator.py
[2025-04-04T19:24:14.142+0000] {processor.py:925} INFO - DAG(s) 'example_bash_operator' retrieved from /home/airflow/.local/lib/python3.12/site-packages/airflow/example_dags/example_bash_operator.py
[2025-04-04T19:24:14.173+0000] {logging_mixin.py:190} INFO - [2025-04-04T19:24:14.173+0000] {dag.py:3239} INFO - Sync 1 DAGs
[2025-04-04T19:24:14.197+0000] {logging_mixin.py:190} INFO - [2025-04-04T19:24:14.196+0000] {dag.py:4180} INFO - Setting next_dagrun for example_bash_operator to 2025-04-03 00:00:00+00:00, run_after=2025-04-04 00:00:00+00:00
[2025-04-04T19:24:14.214+0000] {processor.py:208} INFO - Processing /home/airflow/.local/lib/python3.12/site-packages/airflow/example_dags/example_bash_operator.py took 0.092 seconds
[2025-04-04T19:24:45.138+0000] {processor.py:186} INFO - Started process (PID=4353) to work on /home/airflow/.local/lib/python3.12/site-packages/airflow/example_dags/example_bash_operator.py
[2025-04-04T19:24:45.138+0000] {processor.py:914} INFO - Processing file /home/airflow/.local/lib/python3.12/site-packages/airflow/example_dags/example_bash_operator.py for tasks to queue
[2025-04-04T19:24:45.141+0000] {logging_mixin.py:190} INFO - [2025-04-04T19:24:45.140+0000] {dagbag.py:588} INFO - Filling up the DagBag from /home/airflow/.local/lib/python3.12/site-packages/airflow/example_dags/example_bash_operator.py
[2025-04-04T19:24:45.152+0000] {processor.py:925} INFO - DAG(s) 'example_bash_operator' retrieved from /home/airflow/.local/lib/python3.12/site-packages/airflow/example_dags/example_bash_operator.py
[2025-04-04T19:24:45.180+0000] {logging_mixin.py:190} INFO - [2025-04-04T19:24:45.180+0000] {dag.py:3239} INFO - Sync 1 DAGs
[2025-04-04T19:24:45.203+0000] {logging_mixin.py:190} INFO - [2025-04-04T19:24:45.203+0000] {dag.py:4180} INFO - Setting next_dagrun for example_bash_operator to 2025-04-03 00:00:00+00:00, run_after=2025-04-04 00:00:00+00:00
[2025-04-04T19:24:45.220+0000] {processor.py:208} INFO - Processing /home/airflow/.local/lib/python3.12/site-packages/airflow/example_dags/example_bash_operator.py took 0.088 seconds
[2025-04-04T19:25:15.516+0000] {processor.py:186} INFO - Started process (PID=4418) to work on /home/airflow/.local/lib/python3.12/site-packages/airflow/example_dags/example_bash_operator.py
[2025-04-04T19:25:15.517+0000] {processor.py:914} INFO - Processing file /home/airflow/.local/lib/python3.12/site-packages/airflow/example_dags/example_bash_operator.py for tasks to queue
[2025-04-04T19:25:15.519+0000] {logging_mixin.py:190} INFO - [2025-04-04T19:25:15.519+0000] {dagbag.py:588} INFO - Filling up the DagBag from /home/airflow/.local/lib/python3.12/site-packages/airflow/example_dags/example_bash_operator.py
[2025-04-04T19:25:15.530+0000] {processor.py:925} INFO - DAG(s) 'example_bash_operator' retrieved from /home/airflow/.local/lib/python3.12/site-packages/airflow/example_dags/example_bash_operator.py
[2025-04-04T19:25:15.555+0000] {logging_mixin.py:190} INFO - [2025-04-04T19:25:15.555+0000] {dag.py:3239} INFO - Sync 1 DAGs
[2025-04-04T19:25:15.577+0000] {logging_mixin.py:190} INFO - [2025-04-04T19:25:15.577+0000] {dag.py:4180} INFO - Setting next_dagrun for example_bash_operator to 2025-04-03 00:00:00+00:00, run_after=2025-04-04 00:00:00+00:00
[2025-04-04T19:25:15.593+0000] {processor.py:208} INFO - Processing /home/airflow/.local/lib/python3.12/site-packages/airflow/example_dags/example_bash_operator.py took 0.081 seconds
[2025-04-04T19:25:45.980+0000] {processor.py:186} INFO - Started process (PID=4483) to work on /home/airflow/.local/lib/python3.12/site-packages/airflow/example_dags/example_bash_operator.py
[2025-04-04T19:25:45.981+0000] {processor.py:914} INFO - Processing file /home/airflow/.local/lib/python3.12/site-packages/airflow/example_dags/example_bash_operator.py for tasks to queue
[2025-04-04T19:25:45.984+0000] {logging_mixin.py:190} INFO - [2025-04-04T19:25:45.983+0000] {dagbag.py:588} INFO - Filling up the DagBag from /home/airflow/.local/lib/python3.12/site-packages/airflow/example_dags/example_bash_operator.py
[2025-04-04T19:25:45.998+0000] {processor.py:925} INFO - DAG(s) 'example_bash_operator' retrieved from /home/airflow/.local/lib/python3.12/site-packages/airflow/example_dags/example_bash_operator.py
[2025-04-04T19:25:46.027+0000] {logging_mixin.py:190} INFO - [2025-04-04T19:25:46.026+0000] {dag.py:3239} INFO - Sync 1 DAGs
[2025-04-04T19:25:46.051+0000] {logging_mixin.py:190} INFO - [2025-04-04T19:25:46.051+0000] {dag.py:4180} INFO - Setting next_dagrun for example_bash_operator to 2025-04-03 00:00:00+00:00, run_after=2025-04-04 00:00:00+00:00
[2025-04-04T19:25:46.068+0000] {processor.py:208} INFO - Processing /home/airflow/.local/lib/python3.12/site-packages/airflow/example_dags/example_bash_operator.py took 0.094 seconds
[2025-04-04T19:26:16.248+0000] {processor.py:186} INFO - Started process (PID=4547) to work on /home/airflow/.local/lib/python3.12/site-packages/airflow/example_dags/example_bash_operator.py
[2025-04-04T19:26:16.249+0000] {processor.py:914} INFO - Processing file /home/airflow/.local/lib/python3.12/site-packages/airflow/example_dags/example_bash_operator.py for tasks to queue
[2025-04-04T19:26:16.251+0000] {logging_mixin.py:190} INFO - [2025-04-04T19:26:16.251+0000] {dagbag.py:588} INFO - Filling up the DagBag from /home/airflow/.local/lib/python3.12/site-packages/airflow/example_dags/example_bash_operator.py
[2025-04-04T19:26:16.262+0000] {processor.py:925} INFO - DAG(s) 'example_bash_operator' retrieved from /home/airflow/.local/lib/python3.12/site-packages/airflow/example_dags/example_bash_operator.py
[2025-04-04T19:26:16.286+0000] {logging_mixin.py:190} INFO - [2025-04-04T19:26:16.286+0000] {dag.py:3239} INFO - Sync 1 DAGs
[2025-04-04T19:26:16.308+0000] {logging_mixin.py:190} INFO - [2025-04-04T19:26:16.308+0000] {dag.py:4180} INFO - Setting next_dagrun for example_bash_operator to 2025-04-03 00:00:00+00:00, run_after=2025-04-04 00:00:00+00:00
[2025-04-04T19:26:16.324+0000] {processor.py:208} INFO - Processing /home/airflow/.local/lib/python3.12/site-packages/airflow/example_dags/example_bash_operator.py took 0.081 seconds
[2025-04-04T19:26:46.522+0000] {processor.py:186} INFO - Started process (PID=4612) to work on /home/airflow/.local/lib/python3.12/site-packages/airflow/example_dags/example_bash_operator.py
[2025-04-04T19:26:46.524+0000] {processor.py:914} INFO - Processing file /home/airflow/.local/lib/python3.12/site-packages/airflow/example_dags/example_bash_operator.py for tasks to queue
[2025-04-04T19:26:46.526+0000] {logging_mixin.py:190} INFO - [2025-04-04T19:26:46.526+0000] {dagbag.py:588} INFO - Filling up the DagBag from /home/airflow/.local/lib/python3.12/site-packages/airflow/example_dags/example_bash_operator.py
[2025-04-04T19:26:46.538+0000] {processor.py:925} INFO - DAG(s) 'example_bash_operator' retrieved from /home/airflow/.local/lib/python3.12/site-packages/airflow/example_dags/example_bash_operator.py
[2025-04-04T19:26:46.564+0000] {logging_mixin.py:190} INFO - [2025-04-04T19:26:46.564+0000] {dag.py:3239} INFO - Sync 1 DAGs
[2025-04-04T19:26:46.588+0000] {logging_mixin.py:190} INFO - [2025-04-04T19:26:46.587+0000] {dag.py:4180} INFO - Setting next_dagrun for example_bash_operator to 2025-04-03 00:00:00+00:00, run_after=2025-04-04 00:00:00+00:00
[2025-04-04T19:26:46.612+0000] {processor.py:208} INFO - Processing /home/airflow/.local/lib/python3.12/site-packages/airflow/example_dags/example_bash_operator.py took 0.097 seconds
[2025-04-04T19:27:17.451+0000] {processor.py:186} INFO - Started process (PID=4678) to work on /home/airflow/.local/lib/python3.12/site-packages/airflow/example_dags/example_bash_operator.py
[2025-04-04T19:27:17.452+0000] {processor.py:914} INFO - Processing file /home/airflow/.local/lib/python3.12/site-packages/airflow/example_dags/example_bash_operator.py for tasks to queue
[2025-04-04T19:27:17.454+0000] {logging_mixin.py:190} INFO - [2025-04-04T19:27:17.454+0000] {dagbag.py:588} INFO - Filling up the DagBag from /home/airflow/.local/lib/python3.12/site-packages/airflow/example_dags/example_bash_operator.py
[2025-04-04T19:27:17.465+0000] {processor.py:925} INFO - DAG(s) 'example_bash_operator' retrieved from /home/airflow/.local/lib/python3.12/site-packages/airflow/example_dags/example_bash_operator.py
[2025-04-04T19:27:17.490+0000] {logging_mixin.py:190} INFO - [2025-04-04T19:27:17.490+0000] {dag.py:3239} INFO - Sync 1 DAGs
[2025-04-04T19:27:17.511+0000] {logging_mixin.py:190} INFO - [2025-04-04T19:27:17.511+0000] {dag.py:4180} INFO - Setting next_dagrun for example_bash_operator to 2025-04-03 00:00:00+00:00, run_after=2025-04-04 00:00:00+00:00
[2025-04-04T19:27:17.527+0000] {processor.py:208} INFO - Processing /home/airflow/.local/lib/python3.12/site-packages/airflow/example_dags/example_bash_operator.py took 0.080 seconds
[2025-04-04T19:27:48.392+0000] {processor.py:186} INFO - Started process (PID=4744) to work on /home/airflow/.local/lib/python3.12/site-packages/airflow/example_dags/example_bash_operator.py
[2025-04-04T19:27:48.393+0000] {processor.py:914} INFO - Processing file /home/airflow/.local/lib/python3.12/site-packages/airflow/example_dags/example_bash_operator.py for tasks to queue
[2025-04-04T19:27:48.395+0000] {logging_mixin.py:190} INFO - [2025-04-04T19:27:48.395+0000] {dagbag.py:588} INFO - Filling up the DagBag from /home/airflow/.local/lib/python3.12/site-packages/airflow/example_dags/example_bash_operator.py
[2025-04-04T19:27:48.412+0000] {processor.py:925} INFO - DAG(s) 'example_bash_operator' retrieved from /home/airflow/.local/lib/python3.12/site-packages/airflow/example_dags/example_bash_operator.py
[2025-04-04T19:27:48.446+0000] {logging_mixin.py:190} INFO - [2025-04-04T19:27:48.445+0000] {dag.py:3239} INFO - Sync 1 DAGs
[2025-04-04T19:27:48.478+0000] {logging_mixin.py:190} INFO - [2025-04-04T19:27:48.478+0000] {dag.py:4180} INFO - Setting next_dagrun for example_bash_operator to 2025-04-03 00:00:00+00:00, run_after=2025-04-04 00:00:00+00:00
[2025-04-04T19:27:48.500+0000] {processor.py:208} INFO - Processing /home/airflow/.local/lib/python3.12/site-packages/airflow/example_dags/example_bash_operator.py took 0.114 seconds
[2025-04-04T19:28:19.148+0000] {processor.py:186} INFO - Started process (PID=4809) to work on /home/airflow/.local/lib/python3.12/site-packages/airflow/example_dags/example_bash_operator.py
[2025-04-04T19:28:19.150+0000] {processor.py:914} INFO - Processing file /home/airflow/.local/lib/python3.12/site-packages/airflow/example_dags/example_bash_operator.py for tasks to queue
[2025-04-04T19:28:19.153+0000] {logging_mixin.py:190} INFO - [2025-04-04T19:28:19.153+0000] {dagbag.py:588} INFO - Filling up the DagBag from /home/airflow/.local/lib/python3.12/site-packages/airflow/example_dags/example_bash_operator.py
[2025-04-04T19:28:19.171+0000] {processor.py:925} INFO - DAG(s) 'example_bash_operator' retrieved from /home/airflow/.local/lib/python3.12/site-packages/airflow/example_dags/example_bash_operator.py
[2025-04-04T19:28:19.200+0000] {logging_mixin.py:190} INFO - [2025-04-04T19:28:19.200+0000] {dag.py:3239} INFO - Sync 1 DAGs
[2025-04-04T19:28:19.225+0000] {logging_mixin.py:190} INFO - [2025-04-04T19:28:19.225+0000] {dag.py:4180} INFO - Setting next_dagrun for example_bash_operator to 2025-04-03 00:00:00+00:00, run_after=2025-04-04 00:00:00+00:00
[2025-04-04T19:28:19.244+0000] {processor.py:208} INFO - Processing /home/airflow/.local/lib/python3.12/site-packages/airflow/example_dags/example_bash_operator.py took 0.102 seconds
[2025-04-04T19:28:49.297+0000] {processor.py:186} INFO - Started process (PID=4873) to work on /home/airflow/.local/lib/python3.12/site-packages/airflow/example_dags/example_bash_operator.py
[2025-04-04T19:28:49.298+0000] {processor.py:914} INFO - Processing file /home/airflow/.local/lib/python3.12/site-packages/airflow/example_dags/example_bash_operator.py for tasks to queue
[2025-04-04T19:28:49.301+0000] {logging_mixin.py:190} INFO - [2025-04-04T19:28:49.300+0000] {dagbag.py:588} INFO - Filling up the DagBag from /home/airflow/.local/lib/python3.12/site-packages/airflow/example_dags/example_bash_operator.py
[2025-04-04T19:28:49.312+0000] {processor.py:925} INFO - DAG(s) 'example_bash_operator' retrieved from /home/airflow/.local/lib/python3.12/site-packages/airflow/example_dags/example_bash_operator.py
[2025-04-04T19:28:49.339+0000] {logging_mixin.py:190} INFO - [2025-04-04T19:28:49.338+0000] {dag.py:3239} INFO - Sync 1 DAGs
[2025-04-04T19:28:49.360+0000] {logging_mixin.py:190} INFO - [2025-04-04T19:28:49.360+0000] {dag.py:4180} INFO - Setting next_dagrun for example_bash_operator to 2025-04-03 00:00:00+00:00, run_after=2025-04-04 00:00:00+00:00
[2025-04-04T19:28:49.377+0000] {processor.py:208} INFO - Processing /home/airflow/.local/lib/python3.12/site-packages/airflow/example_dags/example_bash_operator.py took 0.085 seconds
[2025-04-04T19:29:19.424+0000] {processor.py:186} INFO - Started process (PID=4938) to work on /home/airflow/.local/lib/python3.12/site-packages/airflow/example_dags/example_bash_operator.py
[2025-04-04T19:29:19.425+0000] {processor.py:914} INFO - Processing file /home/airflow/.local/lib/python3.12/site-packages/airflow/example_dags/example_bash_operator.py for tasks to queue
[2025-04-04T19:29:19.427+0000] {logging_mixin.py:190} INFO - [2025-04-04T19:29:19.427+0000] {dagbag.py:588} INFO - Filling up the DagBag from /home/airflow/.local/lib/python3.12/site-packages/airflow/example_dags/example_bash_operator.py
[2025-04-04T19:29:19.442+0000] {processor.py:925} INFO - DAG(s) 'example_bash_operator' retrieved from /home/airflow/.local/lib/python3.12/site-packages/airflow/example_dags/example_bash_operator.py
[2025-04-04T19:29:19.468+0000] {logging_mixin.py:190} INFO - [2025-04-04T19:29:19.468+0000] {dag.py:3239} INFO - Sync 1 DAGs
[2025-04-04T19:29:19.493+0000] {logging_mixin.py:190} INFO - [2025-04-04T19:29:19.493+0000] {dag.py:4180} INFO - Setting next_dagrun for example_bash_operator to 2025-04-03 00:00:00+00:00, run_after=2025-04-04 00:00:00+00:00
[2025-04-04T19:29:19.510+0000] {processor.py:208} INFO - Processing /home/airflow/.local/lib/python3.12/site-packages/airflow/example_dags/example_bash_operator.py took 0.092 seconds
[2025-04-04T19:29:49.625+0000] {processor.py:186} INFO - Started process (PID=5003) to work on /home/airflow/.local/lib/python3.12/site-packages/airflow/example_dags/example_bash_operator.py
[2025-04-04T19:29:49.626+0000] {processor.py:914} INFO - Processing file /home/airflow/.local/lib/python3.12/site-packages/airflow/example_dags/example_bash_operator.py for tasks to queue
[2025-04-04T19:29:49.629+0000] {logging_mixin.py:190} INFO - [2025-04-04T19:29:49.628+0000] {dagbag.py:588} INFO - Filling up the DagBag from /home/airflow/.local/lib/python3.12/site-packages/airflow/example_dags/example_bash_operator.py
[2025-04-04T19:29:49.641+0000] {processor.py:925} INFO - DAG(s) 'example_bash_operator' retrieved from /home/airflow/.local/lib/python3.12/site-packages/airflow/example_dags/example_bash_operator.py
[2025-04-04T19:29:49.665+0000] {logging_mixin.py:190} INFO - [2025-04-04T19:29:49.665+0000] {dag.py:3239} INFO - Sync 1 DAGs
[2025-04-04T19:29:49.691+0000] {logging_mixin.py:190} INFO - [2025-04-04T19:29:49.691+0000] {dag.py:4180} INFO - Setting next_dagrun for example_bash_operator to 2025-04-03 00:00:00+00:00, run_after=2025-04-04 00:00:00+00:00
[2025-04-04T19:29:49.709+0000] {processor.py:208} INFO - Processing /home/airflow/.local/lib/python3.12/site-packages/airflow/example_dags/example_bash_operator.py took 0.091 seconds
[2025-04-04T19:30:20.473+0000] {processor.py:186} INFO - Started process (PID=5068) to work on /home/airflow/.local/lib/python3.12/site-packages/airflow/example_dags/example_bash_operator.py
[2025-04-04T19:30:20.473+0000] {processor.py:914} INFO - Processing file /home/airflow/.local/lib/python3.12/site-packages/airflow/example_dags/example_bash_operator.py for tasks to queue
[2025-04-04T19:30:20.475+0000] {logging_mixin.py:190} INFO - [2025-04-04T19:30:20.475+0000] {dagbag.py:588} INFO - Filling up the DagBag from /home/airflow/.local/lib/python3.12/site-packages/airflow/example_dags/example_bash_operator.py
[2025-04-04T19:30:20.487+0000] {processor.py:925} INFO - DAG(s) 'example_bash_operator' retrieved from /home/airflow/.local/lib/python3.12/site-packages/airflow/example_dags/example_bash_operator.py
[2025-04-04T19:30:20.519+0000] {logging_mixin.py:190} INFO - [2025-04-04T19:30:20.519+0000] {dag.py:3239} INFO - Sync 1 DAGs
[2025-04-04T19:30:20.544+0000] {logging_mixin.py:190} INFO - [2025-04-04T19:30:20.544+0000] {dag.py:4180} INFO - Setting next_dagrun for example_bash_operator to 2025-04-03 00:00:00+00:00, run_after=2025-04-04 00:00:00+00:00
[2025-04-04T19:30:20.578+0000] {processor.py:208} INFO - Processing /home/airflow/.local/lib/python3.12/site-packages/airflow/example_dags/example_bash_operator.py took 0.111 seconds
[2025-04-04T19:30:50.969+0000] {processor.py:186} INFO - Started process (PID=5133) to work on /home/airflow/.local/lib/python3.12/site-packages/airflow/example_dags/example_bash_operator.py
[2025-04-04T19:30:50.970+0000] {processor.py:914} INFO - Processing file /home/airflow/.local/lib/python3.12/site-packages/airflow/example_dags/example_bash_operator.py for tasks to queue
[2025-04-04T19:30:50.972+0000] {logging_mixin.py:190} INFO - [2025-04-04T19:30:50.972+0000] {dagbag.py:588} INFO - Filling up the DagBag from /home/airflow/.local/lib/python3.12/site-packages/airflow/example_dags/example_bash_operator.py
[2025-04-04T19:30:50.982+0000] {processor.py:925} INFO - DAG(s) 'example_bash_operator' retrieved from /home/airflow/.local/lib/python3.12/site-packages/airflow/example_dags/example_bash_operator.py
[2025-04-04T19:30:51.007+0000] {logging_mixin.py:190} INFO - [2025-04-04T19:30:51.007+0000] {dag.py:3239} INFO - Sync 1 DAGs
[2025-04-04T19:30:51.028+0000] {logging_mixin.py:190} INFO - [2025-04-04T19:30:51.028+0000] {dag.py:4180} INFO - Setting next_dagrun for example_bash_operator to 2025-04-03 00:00:00+00:00, run_after=2025-04-04 00:00:00+00:00
[2025-04-04T19:30:51.043+0000] {processor.py:208} INFO - Processing /home/airflow/.local/lib/python3.12/site-packages/airflow/example_dags/example_bash_operator.py took 0.079 seconds
[2025-04-04T19:31:21.572+0000] {processor.py:186} INFO - Started process (PID=5198) to work on /home/airflow/.local/lib/python3.12/site-packages/airflow/example_dags/example_bash_operator.py
[2025-04-04T19:31:21.572+0000] {processor.py:914} INFO - Processing file /home/airflow/.local/lib/python3.12/site-packages/airflow/example_dags/example_bash_operator.py for tasks to queue
[2025-04-04T19:31:21.574+0000] {logging_mixin.py:190} INFO - [2025-04-04T19:31:21.574+0000] {dagbag.py:588} INFO - Filling up the DagBag from /home/airflow/.local/lib/python3.12/site-packages/airflow/example_dags/example_bash_operator.py
[2025-04-04T19:31:21.585+0000] {processor.py:925} INFO - DAG(s) 'example_bash_operator' retrieved from /home/airflow/.local/lib/python3.12/site-packages/airflow/example_dags/example_bash_operator.py
[2025-04-04T19:31:21.611+0000] {logging_mixin.py:190} INFO - [2025-04-04T19:31:21.610+0000] {dag.py:3239} INFO - Sync 1 DAGs
[2025-04-04T19:31:21.632+0000] {logging_mixin.py:190} INFO - [2025-04-04T19:31:21.632+0000] {dag.py:4180} INFO - Setting next_dagrun for example_bash_operator to 2025-04-03 00:00:00+00:00, run_after=2025-04-04 00:00:00+00:00
[2025-04-04T19:31:21.649+0000] {processor.py:208} INFO - Processing /home/airflow/.local/lib/python3.12/site-packages/airflow/example_dags/example_bash_operator.py took 0.083 seconds
[2025-04-04T19:31:52.584+0000] {processor.py:186} INFO - Started process (PID=5264) to work on /home/airflow/.local/lib/python3.12/site-packages/airflow/example_dags/example_bash_operator.py
[2025-04-04T19:31:52.585+0000] {processor.py:914} INFO - Processing file /home/airflow/.local/lib/python3.12/site-packages/airflow/example_dags/example_bash_operator.py for tasks to queue
[2025-04-04T19:31:52.587+0000] {logging_mixin.py:190} INFO - [2025-04-04T19:31:52.587+0000] {dagbag.py:588} INFO - Filling up the DagBag from /home/airflow/.local/lib/python3.12/site-packages/airflow/example_dags/example_bash_operator.py
[2025-04-04T19:31:52.598+0000] {processor.py:925} INFO - DAG(s) 'example_bash_operator' retrieved from /home/airflow/.local/lib/python3.12/site-packages/airflow/example_dags/example_bash_operator.py
[2025-04-04T19:31:52.622+0000] {logging_mixin.py:190} INFO - [2025-04-04T19:31:52.622+0000] {dag.py:3239} INFO - Sync 1 DAGs
[2025-04-04T19:31:52.644+0000] {logging_mixin.py:190} INFO - [2025-04-04T19:31:52.643+0000] {dag.py:4180} INFO - Setting next_dagrun for example_bash_operator to 2025-04-03 00:00:00+00:00, run_after=2025-04-04 00:00:00+00:00
[2025-04-04T19:31:52.660+0000] {processor.py:208} INFO - Processing /home/airflow/.local/lib/python3.12/site-packages/airflow/example_dags/example_bash_operator.py took 0.081 seconds
[2025-04-04T19:32:23.385+0000] {processor.py:186} INFO - Started process (PID=5329) to work on /home/airflow/.local/lib/python3.12/site-packages/airflow/example_dags/example_bash_operator.py
[2025-04-04T19:32:23.385+0000] {processor.py:914} INFO - Processing file /home/airflow/.local/lib/python3.12/site-packages/airflow/example_dags/example_bash_operator.py for tasks to queue
[2025-04-04T19:32:23.387+0000] {logging_mixin.py:190} INFO - [2025-04-04T19:32:23.387+0000] {dagbag.py:588} INFO - Filling up the DagBag from /home/airflow/.local/lib/python3.12/site-packages/airflow/example_dags/example_bash_operator.py
[2025-04-04T19:32:23.402+0000] {processor.py:925} INFO - DAG(s) 'example_bash_operator' retrieved from /home/airflow/.local/lib/python3.12/site-packages/airflow/example_dags/example_bash_operator.py
[2025-04-04T19:32:23.433+0000] {logging_mixin.py:190} INFO - [2025-04-04T19:32:23.433+0000] {dag.py:3239} INFO - Sync 1 DAGs
[2025-04-04T19:32:23.458+0000] {logging_mixin.py:190} INFO - [2025-04-04T19:32:23.458+0000] {dag.py:4180} INFO - Setting next_dagrun for example_bash_operator to 2025-04-03 00:00:00+00:00, run_after=2025-04-04 00:00:00+00:00
[2025-04-04T19:32:23.474+0000] {processor.py:208} INFO - Processing /home/airflow/.local/lib/python3.12/site-packages/airflow/example_dags/example_bash_operator.py took 0.095 seconds
[2025-04-04T19:32:53.774+0000] {processor.py:186} INFO - Started process (PID=5394) to work on /home/airflow/.local/lib/python3.12/site-packages/airflow/example_dags/example_bash_operator.py
[2025-04-04T19:32:53.775+0000] {processor.py:914} INFO - Processing file /home/airflow/.local/lib/python3.12/site-packages/airflow/example_dags/example_bash_operator.py for tasks to queue
[2025-04-04T19:32:53.779+0000] {logging_mixin.py:190} INFO - [2025-04-04T19:32:53.778+0000] {dagbag.py:588} INFO - Filling up the DagBag from /home/airflow/.local/lib/python3.12/site-packages/airflow/example_dags/example_bash_operator.py
[2025-04-04T19:32:53.796+0000] {processor.py:925} INFO - DAG(s) 'example_bash_operator' retrieved from /home/airflow/.local/lib/python3.12/site-packages/airflow/example_dags/example_bash_operator.py
[2025-04-04T19:32:53.832+0000] {logging_mixin.py:190} INFO - [2025-04-04T19:32:53.832+0000] {dag.py:3239} INFO - Sync 1 DAGs
[2025-04-04T19:32:53.862+0000] {logging_mixin.py:190} INFO - [2025-04-04T19:32:53.862+0000] {dag.py:4180} INFO - Setting next_dagrun for example_bash_operator to 2025-04-03 00:00:00+00:00, run_after=2025-04-04 00:00:00+00:00
[2025-04-04T19:32:53.884+0000] {processor.py:208} INFO - Processing /home/airflow/.local/lib/python3.12/site-packages/airflow/example_dags/example_bash_operator.py took 0.117 seconds
[2025-04-04T19:33:24.173+0000] {processor.py:186} INFO - Started process (PID=5459) to work on /home/airflow/.local/lib/python3.12/site-packages/airflow/example_dags/example_bash_operator.py
[2025-04-04T19:33:24.174+0000] {processor.py:914} INFO - Processing file /home/airflow/.local/lib/python3.12/site-packages/airflow/example_dags/example_bash_operator.py for tasks to queue
[2025-04-04T19:33:24.177+0000] {logging_mixin.py:190} INFO - [2025-04-04T19:33:24.177+0000] {dagbag.py:588} INFO - Filling up the DagBag from /home/airflow/.local/lib/python3.12/site-packages/airflow/example_dags/example_bash_operator.py
[2025-04-04T19:33:24.190+0000] {processor.py:925} INFO - DAG(s) 'example_bash_operator' retrieved from /home/airflow/.local/lib/python3.12/site-packages/airflow/example_dags/example_bash_operator.py
[2025-04-04T19:33:24.218+0000] {logging_mixin.py:190} INFO - [2025-04-04T19:33:24.217+0000] {dag.py:3239} INFO - Sync 1 DAGs
[2025-04-04T19:33:24.245+0000] {logging_mixin.py:190} INFO - [2025-04-04T19:33:24.245+0000] {dag.py:4180} INFO - Setting next_dagrun for example_bash_operator to 2025-04-03 00:00:00+00:00, run_after=2025-04-04 00:00:00+00:00
[2025-04-04T19:33:24.265+0000] {processor.py:208} INFO - Processing /home/airflow/.local/lib/python3.12/site-packages/airflow/example_dags/example_bash_operator.py took 0.099 seconds
[2025-04-04T19:33:54.403+0000] {processor.py:186} INFO - Started process (PID=5524) to work on /home/airflow/.local/lib/python3.12/site-packages/airflow/example_dags/example_bash_operator.py
[2025-04-04T19:33:54.404+0000] {processor.py:914} INFO - Processing file /home/airflow/.local/lib/python3.12/site-packages/airflow/example_dags/example_bash_operator.py for tasks to queue
[2025-04-04T19:33:54.406+0000] {logging_mixin.py:190} INFO - [2025-04-04T19:33:54.406+0000] {dagbag.py:588} INFO - Filling up the DagBag from /home/airflow/.local/lib/python3.12/site-packages/airflow/example_dags/example_bash_operator.py
[2025-04-04T19:33:54.422+0000] {processor.py:925} INFO - DAG(s) 'example_bash_operator' retrieved from /home/airflow/.local/lib/python3.12/site-packages/airflow/example_dags/example_bash_operator.py
[2025-04-04T19:33:54.450+0000] {logging_mixin.py:190} INFO - [2025-04-04T19:33:54.450+0000] {dag.py:3239} INFO - Sync 1 DAGs
[2025-04-04T19:33:54.474+0000] {logging_mixin.py:190} INFO - [2025-04-04T19:33:54.473+0000] {dag.py:4180} INFO - Setting next_dagrun for example_bash_operator to 2025-04-03 00:00:00+00:00, run_after=2025-04-04 00:00:00+00:00
[2025-04-04T19:33:54.492+0000] {processor.py:208} INFO - Processing /home/airflow/.local/lib/python3.12/site-packages/airflow/example_dags/example_bash_operator.py took 0.095 seconds
[2025-04-04T19:34:24.821+0000] {processor.py:186} INFO - Started process (PID=5589) to work on /home/airflow/.local/lib/python3.12/site-packages/airflow/example_dags/example_bash_operator.py
[2025-04-04T19:34:24.823+0000] {processor.py:914} INFO - Processing file /home/airflow/.local/lib/python3.12/site-packages/airflow/example_dags/example_bash_operator.py for tasks to queue
[2025-04-04T19:34:24.826+0000] {logging_mixin.py:190} INFO - [2025-04-04T19:34:24.826+0000] {dagbag.py:588} INFO - Filling up the DagBag from /home/airflow/.local/lib/python3.12/site-packages/airflow/example_dags/example_bash_operator.py
[2025-04-04T19:34:24.849+0000] {processor.py:925} INFO - DAG(s) 'example_bash_operator' retrieved from /home/airflow/.local/lib/python3.12/site-packages/airflow/example_dags/example_bash_operator.py
[2025-04-04T19:34:24.880+0000] {logging_mixin.py:190} INFO - [2025-04-04T19:34:24.880+0000] {dag.py:3239} INFO - Sync 1 DAGs
[2025-04-04T19:34:24.911+0000] {logging_mixin.py:190} INFO - [2025-04-04T19:34:24.910+0000] {dag.py:4180} INFO - Setting next_dagrun for example_bash_operator to 2025-04-03 00:00:00+00:00, run_after=2025-04-04 00:00:00+00:00
[2025-04-04T19:34:24.931+0000] {processor.py:208} INFO - Processing /home/airflow/.local/lib/python3.12/site-packages/airflow/example_dags/example_bash_operator.py took 0.118 seconds
[2025-04-04T19:34:55.110+0000] {processor.py:186} INFO - Started process (PID=5654) to work on /home/airflow/.local/lib/python3.12/site-packages/airflow/example_dags/example_bash_operator.py
[2025-04-04T19:34:55.111+0000] {processor.py:914} INFO - Processing file /home/airflow/.local/lib/python3.12/site-packages/airflow/example_dags/example_bash_operator.py for tasks to queue
[2025-04-04T19:34:55.114+0000] {logging_mixin.py:190} INFO - [2025-04-04T19:34:55.113+0000] {dagbag.py:588} INFO - Filling up the DagBag from /home/airflow/.local/lib/python3.12/site-packages/airflow/example_dags/example_bash_operator.py
[2025-04-04T19:34:55.126+0000] {processor.py:925} INFO - DAG(s) 'example_bash_operator' retrieved from /home/airflow/.local/lib/python3.12/site-packages/airflow/example_dags/example_bash_operator.py
[2025-04-04T19:34:55.151+0000] {logging_mixin.py:190} INFO - [2025-04-04T19:34:55.151+0000] {dag.py:3239} INFO - Sync 1 DAGs
[2025-04-04T19:34:55.173+0000] {logging_mixin.py:190} INFO - [2025-04-04T19:34:55.173+0000] {dag.py:4180} INFO - Setting next_dagrun for example_bash_operator to 2025-04-03 00:00:00+00:00, run_after=2025-04-04 00:00:00+00:00
[2025-04-04T19:34:55.201+0000] {processor.py:208} INFO - Processing /home/airflow/.local/lib/python3.12/site-packages/airflow/example_dags/example_bash_operator.py took 0.096 seconds
[2025-04-04T19:35:25.965+0000] {processor.py:186} INFO - Started process (PID=5719) to work on /home/airflow/.local/lib/python3.12/site-packages/airflow/example_dags/example_bash_operator.py
[2025-04-04T19:35:25.966+0000] {processor.py:914} INFO - Processing file /home/airflow/.local/lib/python3.12/site-packages/airflow/example_dags/example_bash_operator.py for tasks to queue
[2025-04-04T19:35:25.969+0000] {logging_mixin.py:190} INFO - [2025-04-04T19:35:25.968+0000] {dagbag.py:588} INFO - Filling up the DagBag from /home/airflow/.local/lib/python3.12/site-packages/airflow/example_dags/example_bash_operator.py
[2025-04-04T19:35:25.981+0000] {processor.py:925} INFO - DAG(s) 'example_bash_operator' retrieved from /home/airflow/.local/lib/python3.12/site-packages/airflow/example_dags/example_bash_operator.py
[2025-04-04T19:35:26.010+0000] {logging_mixin.py:190} INFO - [2025-04-04T19:35:26.010+0000] {dag.py:3239} INFO - Sync 1 DAGs
[2025-04-04T19:35:26.037+0000] {logging_mixin.py:190} INFO - [2025-04-04T19:35:26.036+0000] {dag.py:4180} INFO - Setting next_dagrun for example_bash_operator to 2025-04-03 00:00:00+00:00, run_after=2025-04-04 00:00:00+00:00
[2025-04-04T19:35:26.057+0000] {processor.py:208} INFO - Processing /home/airflow/.local/lib/python3.12/site-packages/airflow/example_dags/example_bash_operator.py took 0.098 seconds
[2025-04-04T19:35:56.738+0000] {processor.py:186} INFO - Started process (PID=5784) to work on /home/airflow/.local/lib/python3.12/site-packages/airflow/example_dags/example_bash_operator.py
[2025-04-04T19:35:56.738+0000] {processor.py:914} INFO - Processing file /home/airflow/.local/lib/python3.12/site-packages/airflow/example_dags/example_bash_operator.py for tasks to queue
[2025-04-04T19:35:56.741+0000] {logging_mixin.py:190} INFO - [2025-04-04T19:35:56.740+0000] {dagbag.py:588} INFO - Filling up the DagBag from /home/airflow/.local/lib/python3.12/site-packages/airflow/example_dags/example_bash_operator.py
[2025-04-04T19:35:56.753+0000] {processor.py:925} INFO - DAG(s) 'example_bash_operator' retrieved from /home/airflow/.local/lib/python3.12/site-packages/airflow/example_dags/example_bash_operator.py
[2025-04-04T19:35:56.790+0000] {logging_mixin.py:190} INFO - [2025-04-04T19:35:56.789+0000] {dag.py:3239} INFO - Sync 1 DAGs
[2025-04-04T19:35:56.814+0000] {logging_mixin.py:190} INFO - [2025-04-04T19:35:56.814+0000] {dag.py:4180} INFO - Setting next_dagrun for example_bash_operator to 2025-04-03 00:00:00+00:00, run_after=2025-04-04 00:00:00+00:00
[2025-04-04T19:35:56.831+0000] {processor.py:208} INFO - Processing /home/airflow/.local/lib/python3.12/site-packages/airflow/example_dags/example_bash_operator.py took 0.099 seconds
[2025-04-04T19:36:26.994+0000] {processor.py:186} INFO - Started process (PID=5849) to work on /home/airflow/.local/lib/python3.12/site-packages/airflow/example_dags/example_bash_operator.py
[2025-04-04T19:36:26.995+0000] {processor.py:914} INFO - Processing file /home/airflow/.local/lib/python3.12/site-packages/airflow/example_dags/example_bash_operator.py for tasks to queue
[2025-04-04T19:36:26.998+0000] {logging_mixin.py:190} INFO - [2025-04-04T19:36:26.998+0000] {dagbag.py:588} INFO - Filling up the DagBag from /home/airflow/.local/lib/python3.12/site-packages/airflow/example_dags/example_bash_operator.py
[2025-04-04T19:36:27.021+0000] {processor.py:925} INFO - DAG(s) 'example_bash_operator' retrieved from /home/airflow/.local/lib/python3.12/site-packages/airflow/example_dags/example_bash_operator.py
[2025-04-04T19:36:27.051+0000] {logging_mixin.py:190} INFO - [2025-04-04T19:36:27.050+0000] {dag.py:3239} INFO - Sync 1 DAGs
[2025-04-04T19:36:27.075+0000] {logging_mixin.py:190} INFO - [2025-04-04T19:36:27.074+0000] {dag.py:4180} INFO - Setting next_dagrun for example_bash_operator to 2025-04-03 00:00:00+00:00, run_after=2025-04-04 00:00:00+00:00
[2025-04-04T19:36:27.092+0000] {processor.py:208} INFO - Processing /home/airflow/.local/lib/python3.12/site-packages/airflow/example_dags/example_bash_operator.py took 0.106 seconds
[2025-04-04T19:36:57.215+0000] {processor.py:186} INFO - Started process (PID=5914) to work on /home/airflow/.local/lib/python3.12/site-packages/airflow/example_dags/example_bash_operator.py
[2025-04-04T19:36:57.216+0000] {processor.py:914} INFO - Processing file /home/airflow/.local/lib/python3.12/site-packages/airflow/example_dags/example_bash_operator.py for tasks to queue
[2025-04-04T19:36:57.218+0000] {logging_mixin.py:190} INFO - [2025-04-04T19:36:57.218+0000] {dagbag.py:588} INFO - Filling up the DagBag from /home/airflow/.local/lib/python3.12/site-packages/airflow/example_dags/example_bash_operator.py
[2025-04-04T19:36:57.229+0000] {processor.py:925} INFO - DAG(s) 'example_bash_operator' retrieved from /home/airflow/.local/lib/python3.12/site-packages/airflow/example_dags/example_bash_operator.py
[2025-04-04T19:36:57.254+0000] {logging_mixin.py:190} INFO - [2025-04-04T19:36:57.253+0000] {dag.py:3239} INFO - Sync 1 DAGs
[2025-04-04T19:36:57.274+0000] {logging_mixin.py:190} INFO - [2025-04-04T19:36:57.274+0000] {dag.py:4180} INFO - Setting next_dagrun for example_bash_operator to 2025-04-03 00:00:00+00:00, run_after=2025-04-04 00:00:00+00:00
[2025-04-04T19:36:57.291+0000] {processor.py:208} INFO - Processing /home/airflow/.local/lib/python3.12/site-packages/airflow/example_dags/example_bash_operator.py took 0.081 seconds
[2025-04-04T19:40:00.393+0000] {processor.py:186} INFO - Started process (PID=54) to work on /home/airflow/.local/lib/python3.12/site-packages/airflow/example_dags/example_bash_operator.py
[2025-04-04T19:40:00.395+0000] {processor.py:914} INFO - Processing file /home/airflow/.local/lib/python3.12/site-packages/airflow/example_dags/example_bash_operator.py for tasks to queue
[2025-04-04T19:40:00.398+0000] {logging_mixin.py:190} INFO - [2025-04-04T19:40:00.398+0000] {dagbag.py:588} INFO - Filling up the DagBag from /home/airflow/.local/lib/python3.12/site-packages/airflow/example_dags/example_bash_operator.py
[2025-04-04T19:40:00.419+0000] {processor.py:925} INFO - DAG(s) 'example_bash_operator' retrieved from /home/airflow/.local/lib/python3.12/site-packages/airflow/example_dags/example_bash_operator.py
[2025-04-04T19:40:00.462+0000] {logging_mixin.py:190} INFO - [2025-04-04T19:40:00.462+0000] {dag.py:3239} INFO - Sync 1 DAGs
[2025-04-04T19:40:00.497+0000] {logging_mixin.py:190} INFO - [2025-04-04T19:40:00.497+0000] {dag.py:4180} INFO - Setting next_dagrun for example_bash_operator to 2025-04-03 00:00:00+00:00, run_after=2025-04-04 00:00:00+00:00
[2025-04-04T19:40:00.527+0000] {processor.py:208} INFO - Processing /home/airflow/.local/lib/python3.12/site-packages/airflow/example_dags/example_bash_operator.py took 0.143 seconds
[2025-04-04T19:40:31.668+0000] {processor.py:186} INFO - Started process (PID=118) to work on /home/airflow/.local/lib/python3.12/site-packages/airflow/example_dags/example_bash_operator.py
[2025-04-04T19:40:31.670+0000] {processor.py:914} INFO - Processing file /home/airflow/.local/lib/python3.12/site-packages/airflow/example_dags/example_bash_operator.py for tasks to queue
[2025-04-04T19:40:31.673+0000] {logging_mixin.py:190} INFO - [2025-04-04T19:40:31.672+0000] {dagbag.py:588} INFO - Filling up the DagBag from /home/airflow/.local/lib/python3.12/site-packages/airflow/example_dags/example_bash_operator.py
[2025-04-04T19:40:31.695+0000] {processor.py:925} INFO - DAG(s) 'example_bash_operator' retrieved from /home/airflow/.local/lib/python3.12/site-packages/airflow/example_dags/example_bash_operator.py
[2025-04-04T19:40:31.738+0000] {logging_mixin.py:190} INFO - [2025-04-04T19:40:31.737+0000] {dag.py:3239} INFO - Sync 1 DAGs
[2025-04-04T19:40:31.774+0000] {logging_mixin.py:190} INFO - [2025-04-04T19:40:31.773+0000] {dag.py:4180} INFO - Setting next_dagrun for example_bash_operator to 2025-04-03 00:00:00+00:00, run_after=2025-04-04 00:00:00+00:00
[2025-04-04T19:40:31.806+0000] {processor.py:208} INFO - Processing /home/airflow/.local/lib/python3.12/site-packages/airflow/example_dags/example_bash_operator.py took 0.145 seconds
[2025-04-04T19:41:02.889+0000] {processor.py:186} INFO - Started process (PID=184) to work on /home/airflow/.local/lib/python3.12/site-packages/airflow/example_dags/example_bash_operator.py
[2025-04-04T19:41:02.891+0000] {processor.py:914} INFO - Processing file /home/airflow/.local/lib/python3.12/site-packages/airflow/example_dags/example_bash_operator.py for tasks to queue
[2025-04-04T19:41:02.893+0000] {logging_mixin.py:190} INFO - [2025-04-04T19:41:02.893+0000] {dagbag.py:588} INFO - Filling up the DagBag from /home/airflow/.local/lib/python3.12/site-packages/airflow/example_dags/example_bash_operator.py
[2025-04-04T19:41:02.909+0000] {processor.py:925} INFO - DAG(s) 'example_bash_operator' retrieved from /home/airflow/.local/lib/python3.12/site-packages/airflow/example_dags/example_bash_operator.py
[2025-04-04T19:41:02.940+0000] {logging_mixin.py:190} INFO - [2025-04-04T19:41:02.940+0000] {dag.py:3239} INFO - Sync 1 DAGs
[2025-04-04T19:41:02.968+0000] {logging_mixin.py:190} INFO - [2025-04-04T19:41:02.968+0000] {dag.py:4180} INFO - Setting next_dagrun for example_bash_operator to 2025-04-03 00:00:00+00:00, run_after=2025-04-04 00:00:00+00:00
[2025-04-04T19:41:02.990+0000] {processor.py:208} INFO - Processing /home/airflow/.local/lib/python3.12/site-packages/airflow/example_dags/example_bash_operator.py took 0.107 seconds
