[2025-04-04T19:07:24.221+0000] {processor.py:186} INFO - Started process (PID=2215) to work on /home/airflow/.local/lib/python3.12/site-packages/airflow/example_dags/example_sla_dag.py
[2025-04-04T19:07:24.222+0000] {processor.py:914} INFO - Processing file /home/airflow/.local/lib/python3.12/site-packages/airflow/example_dags/example_sla_dag.py for tasks to queue
[2025-04-04T19:07:24.224+0000] {logging_mixin.py:190} INFO - [2025-04-04T19:07:24.224+0000] {dagbag.py:588} INFO - Filling up the DagBag from /home/airflow/.local/lib/python3.12/site-packages/airflow/example_dags/example_sla_dag.py
[2025-04-04T19:07:24.233+0000] {processor.py:925} INFO - DAG(s) 'example_sla_dag' retrieved from /home/airflow/.local/lib/python3.12/site-packages/airflow/example_dags/example_sla_dag.py
[2025-04-04T19:07:24.251+0000] {logging_mixin.py:190} INFO - [2025-04-04T19:07:24.251+0000] {dag.py:3239} INFO - Sync 1 DAGs
[2025-04-04T19:07:24.275+0000] {logging_mixin.py:190} INFO - [2025-04-04T19:07:24.275+0000] {dag.py:4180} INFO - Setting next_dagrun for example_sla_dag to 2025-04-04 19:04:00+00:00, run_after=2025-04-04 19:06:00+00:00
[2025-04-04T19:07:24.293+0000] {processor.py:208} INFO - Processing /home/airflow/.local/lib/python3.12/site-packages/airflow/example_dags/example_sla_dag.py took 0.077 seconds
[2025-04-04T19:07:55.147+0000] {processor.py:186} INFO - Started process (PID=2279) to work on /home/airflow/.local/lib/python3.12/site-packages/airflow/example_dags/example_sla_dag.py
[2025-04-04T19:07:55.148+0000] {processor.py:914} INFO - Processing file /home/airflow/.local/lib/python3.12/site-packages/airflow/example_dags/example_sla_dag.py for tasks to queue
[2025-04-04T19:07:55.150+0000] {logging_mixin.py:190} INFO - [2025-04-04T19:07:55.150+0000] {dagbag.py:588} INFO - Filling up the DagBag from /home/airflow/.local/lib/python3.12/site-packages/airflow/example_dags/example_sla_dag.py
[2025-04-04T19:07:55.162+0000] {processor.py:925} INFO - DAG(s) 'example_sla_dag' retrieved from /home/airflow/.local/lib/python3.12/site-packages/airflow/example_dags/example_sla_dag.py
[2025-04-04T19:07:55.181+0000] {logging_mixin.py:190} INFO - [2025-04-04T19:07:55.181+0000] {dag.py:3239} INFO - Sync 1 DAGs
[2025-04-04T19:07:55.206+0000] {logging_mixin.py:190} INFO - [2025-04-04T19:07:55.206+0000] {dag.py:4180} INFO - Setting next_dagrun for example_sla_dag to 2025-04-04 19:04:00+00:00, run_after=2025-04-04 19:06:00+00:00
[2025-04-04T19:07:55.225+0000] {processor.py:208} INFO - Processing /home/airflow/.local/lib/python3.12/site-packages/airflow/example_dags/example_sla_dag.py took 0.084 seconds
[2025-04-04T19:08:25.664+0000] {processor.py:186} INFO - Started process (PID=2337) to work on /home/airflow/.local/lib/python3.12/site-packages/airflow/example_dags/example_sla_dag.py
[2025-04-04T19:08:25.665+0000] {processor.py:914} INFO - Processing file /home/airflow/.local/lib/python3.12/site-packages/airflow/example_dags/example_sla_dag.py for tasks to queue
[2025-04-04T19:08:25.667+0000] {logging_mixin.py:190} INFO - [2025-04-04T19:08:25.666+0000] {dagbag.py:588} INFO - Filling up the DagBag from /home/airflow/.local/lib/python3.12/site-packages/airflow/example_dags/example_sla_dag.py
[2025-04-04T19:08:25.676+0000] {processor.py:925} INFO - DAG(s) 'example_sla_dag' retrieved from /home/airflow/.local/lib/python3.12/site-packages/airflow/example_dags/example_sla_dag.py
[2025-04-04T19:08:25.694+0000] {logging_mixin.py:190} INFO - [2025-04-04T19:08:25.694+0000] {dag.py:3239} INFO - Sync 1 DAGs
[2025-04-04T19:08:25.719+0000] {logging_mixin.py:190} INFO - [2025-04-04T19:08:25.719+0000] {dag.py:4180} INFO - Setting next_dagrun for example_sla_dag to 2025-04-04 19:06:00+00:00, run_after=2025-04-04 19:08:00+00:00
[2025-04-04T19:08:25.738+0000] {processor.py:208} INFO - Processing /home/airflow/.local/lib/python3.12/site-packages/airflow/example_dags/example_sla_dag.py took 0.079 seconds
[2025-04-04T19:08:56.854+0000] {processor.py:186} INFO - Started process (PID=2394) to work on /home/airflow/.local/lib/python3.12/site-packages/airflow/example_dags/example_sla_dag.py
[2025-04-04T19:08:56.855+0000] {processor.py:914} INFO - Processing file /home/airflow/.local/lib/python3.12/site-packages/airflow/example_dags/example_sla_dag.py for tasks to queue
[2025-04-04T19:08:56.857+0000] {logging_mixin.py:190} INFO - [2025-04-04T19:08:56.857+0000] {dagbag.py:588} INFO - Filling up the DagBag from /home/airflow/.local/lib/python3.12/site-packages/airflow/example_dags/example_sla_dag.py
[2025-04-04T19:08:56.868+0000] {processor.py:925} INFO - DAG(s) 'example_sla_dag' retrieved from /home/airflow/.local/lib/python3.12/site-packages/airflow/example_dags/example_sla_dag.py
[2025-04-04T19:08:56.886+0000] {logging_mixin.py:190} INFO - [2025-04-04T19:08:56.886+0000] {dag.py:3239} INFO - Sync 1 DAGs
[2025-04-04T19:08:56.916+0000] {logging_mixin.py:190} INFO - [2025-04-04T19:08:56.915+0000] {dag.py:4180} INFO - Setting next_dagrun for example_sla_dag to 2025-04-04 19:06:00+00:00, run_after=2025-04-04 19:08:00+00:00
[2025-04-04T19:08:56.933+0000] {processor.py:208} INFO - Processing /home/airflow/.local/lib/python3.12/site-packages/airflow/example_dags/example_sla_dag.py took 0.085 seconds
[2025-04-04T19:09:27.151+0000] {processor.py:186} INFO - Started process (PID=2456) to work on /home/airflow/.local/lib/python3.12/site-packages/airflow/example_dags/example_sla_dag.py
[2025-04-04T19:09:27.153+0000] {processor.py:914} INFO - Processing file /home/airflow/.local/lib/python3.12/site-packages/airflow/example_dags/example_sla_dag.py for tasks to queue
[2025-04-04T19:09:27.155+0000] {logging_mixin.py:190} INFO - [2025-04-04T19:09:27.155+0000] {dagbag.py:588} INFO - Filling up the DagBag from /home/airflow/.local/lib/python3.12/site-packages/airflow/example_dags/example_sla_dag.py
[2025-04-04T19:09:27.171+0000] {processor.py:925} INFO - DAG(s) 'example_sla_dag' retrieved from /home/airflow/.local/lib/python3.12/site-packages/airflow/example_dags/example_sla_dag.py
[2025-04-04T19:09:27.195+0000] {logging_mixin.py:190} INFO - [2025-04-04T19:09:27.195+0000] {dag.py:3239} INFO - Sync 1 DAGs
[2025-04-04T19:09:27.225+0000] {logging_mixin.py:190} INFO - [2025-04-04T19:09:27.225+0000] {dag.py:4180} INFO - Setting next_dagrun for example_sla_dag to 2025-04-04 19:06:00+00:00, run_after=2025-04-04 19:08:00+00:00
[2025-04-04T19:09:27.248+0000] {processor.py:208} INFO - Processing /home/airflow/.local/lib/python3.12/site-packages/airflow/example_dags/example_sla_dag.py took 0.103 seconds
[2025-04-04T19:09:57.824+0000] {processor.py:186} INFO - Started process (PID=2516) to work on /home/airflow/.local/lib/python3.12/site-packages/airflow/example_dags/example_sla_dag.py
[2025-04-04T19:09:57.825+0000] {processor.py:914} INFO - Processing file /home/airflow/.local/lib/python3.12/site-packages/airflow/example_dags/example_sla_dag.py for tasks to queue
[2025-04-04T19:09:57.827+0000] {logging_mixin.py:190} INFO - [2025-04-04T19:09:57.827+0000] {dagbag.py:588} INFO - Filling up the DagBag from /home/airflow/.local/lib/python3.12/site-packages/airflow/example_dags/example_sla_dag.py
[2025-04-04T19:09:57.836+0000] {processor.py:925} INFO - DAG(s) 'example_sla_dag' retrieved from /home/airflow/.local/lib/python3.12/site-packages/airflow/example_dags/example_sla_dag.py
[2025-04-04T19:09:57.854+0000] {logging_mixin.py:190} INFO - [2025-04-04T19:09:57.854+0000] {dag.py:3239} INFO - Sync 1 DAGs
[2025-04-04T19:09:57.878+0000] {logging_mixin.py:190} INFO - [2025-04-04T19:09:57.878+0000] {dag.py:4180} INFO - Setting next_dagrun for example_sla_dag to 2025-04-04 19:06:00+00:00, run_after=2025-04-04 19:08:00+00:00
[2025-04-04T19:09:57.894+0000] {processor.py:208} INFO - Processing /home/airflow/.local/lib/python3.12/site-packages/airflow/example_dags/example_sla_dag.py took 0.075 seconds
[2025-04-04T19:10:28.925+0000] {processor.py:186} INFO - Started process (PID=2578) to work on /home/airflow/.local/lib/python3.12/site-packages/airflow/example_dags/example_sla_dag.py
[2025-04-04T19:10:28.927+0000] {processor.py:914} INFO - Processing file /home/airflow/.local/lib/python3.12/site-packages/airflow/example_dags/example_sla_dag.py for tasks to queue
[2025-04-04T19:10:28.930+0000] {logging_mixin.py:190} INFO - [2025-04-04T19:10:28.929+0000] {dagbag.py:588} INFO - Filling up the DagBag from /home/airflow/.local/lib/python3.12/site-packages/airflow/example_dags/example_sla_dag.py
[2025-04-04T19:10:28.943+0000] {processor.py:925} INFO - DAG(s) 'example_sla_dag' retrieved from /home/airflow/.local/lib/python3.12/site-packages/airflow/example_dags/example_sla_dag.py
[2025-04-04T19:10:28.966+0000] {logging_mixin.py:190} INFO - [2025-04-04T19:10:28.966+0000] {dag.py:3239} INFO - Sync 1 DAGs
[2025-04-04T19:10:29.003+0000] {logging_mixin.py:190} INFO - [2025-04-04T19:10:29.002+0000] {dag.py:4180} INFO - Setting next_dagrun for example_sla_dag to 2025-04-04 19:08:00+00:00, run_after=2025-04-04 19:10:00+00:00
[2025-04-04T19:10:29.026+0000] {processor.py:208} INFO - Processing /home/airflow/.local/lib/python3.12/site-packages/airflow/example_dags/example_sla_dag.py took 0.107 seconds
[2025-04-04T19:10:59.493+0000] {processor.py:186} INFO - Started process (PID=2640) to work on /home/airflow/.local/lib/python3.12/site-packages/airflow/example_dags/example_sla_dag.py
[2025-04-04T19:10:59.494+0000] {processor.py:914} INFO - Processing file /home/airflow/.local/lib/python3.12/site-packages/airflow/example_dags/example_sla_dag.py for tasks to queue
[2025-04-04T19:10:59.496+0000] {logging_mixin.py:190} INFO - [2025-04-04T19:10:59.496+0000] {dagbag.py:588} INFO - Filling up the DagBag from /home/airflow/.local/lib/python3.12/site-packages/airflow/example_dags/example_sla_dag.py
[2025-04-04T19:10:59.505+0000] {processor.py:925} INFO - DAG(s) 'example_sla_dag' retrieved from /home/airflow/.local/lib/python3.12/site-packages/airflow/example_dags/example_sla_dag.py
[2025-04-04T19:10:59.523+0000] {logging_mixin.py:190} INFO - [2025-04-04T19:10:59.523+0000] {dag.py:3239} INFO - Sync 1 DAGs
[2025-04-04T19:10:59.547+0000] {logging_mixin.py:190} INFO - [2025-04-04T19:10:59.547+0000] {dag.py:4180} INFO - Setting next_dagrun for example_sla_dag to 2025-04-04 19:08:00+00:00, run_after=2025-04-04 19:10:00+00:00
[2025-04-04T19:10:59.563+0000] {processor.py:208} INFO - Processing /home/airflow/.local/lib/python3.12/site-packages/airflow/example_dags/example_sla_dag.py took 0.076 seconds
[2025-04-04T19:11:30.459+0000] {processor.py:186} INFO - Started process (PID=2704) to work on /home/airflow/.local/lib/python3.12/site-packages/airflow/example_dags/example_sla_dag.py
[2025-04-04T19:11:30.461+0000] {processor.py:914} INFO - Processing file /home/airflow/.local/lib/python3.12/site-packages/airflow/example_dags/example_sla_dag.py for tasks to queue
[2025-04-04T19:11:30.463+0000] {logging_mixin.py:190} INFO - [2025-04-04T19:11:30.463+0000] {dagbag.py:588} INFO - Filling up the DagBag from /home/airflow/.local/lib/python3.12/site-packages/airflow/example_dags/example_sla_dag.py
[2025-04-04T19:11:30.474+0000] {processor.py:925} INFO - DAG(s) 'example_sla_dag' retrieved from /home/airflow/.local/lib/python3.12/site-packages/airflow/example_dags/example_sla_dag.py
[2025-04-04T19:11:30.497+0000] {logging_mixin.py:190} INFO - [2025-04-04T19:11:30.497+0000] {dag.py:3239} INFO - Sync 1 DAGs
[2025-04-04T19:11:30.527+0000] {logging_mixin.py:190} INFO - [2025-04-04T19:11:30.526+0000] {dag.py:4180} INFO - Setting next_dagrun for example_sla_dag to 2025-04-04 19:08:00+00:00, run_after=2025-04-04 19:10:00+00:00
[2025-04-04T19:11:30.545+0000] {processor.py:208} INFO - Processing /home/airflow/.local/lib/python3.12/site-packages/airflow/example_dags/example_sla_dag.py took 0.091 seconds
[2025-04-04T19:12:00.690+0000] {processor.py:186} INFO - Started process (PID=2768) to work on /home/airflow/.local/lib/python3.12/site-packages/airflow/example_dags/example_sla_dag.py
[2025-04-04T19:12:00.691+0000] {processor.py:914} INFO - Processing file /home/airflow/.local/lib/python3.12/site-packages/airflow/example_dags/example_sla_dag.py for tasks to queue
[2025-04-04T19:12:00.694+0000] {logging_mixin.py:190} INFO - [2025-04-04T19:12:00.694+0000] {dagbag.py:588} INFO - Filling up the DagBag from /home/airflow/.local/lib/python3.12/site-packages/airflow/example_dags/example_sla_dag.py
[2025-04-04T19:12:00.709+0000] {processor.py:925} INFO - DAG(s) 'example_sla_dag' retrieved from /home/airflow/.local/lib/python3.12/site-packages/airflow/example_dags/example_sla_dag.py
[2025-04-04T19:12:00.732+0000] {logging_mixin.py:190} INFO - [2025-04-04T19:12:00.732+0000] {dag.py:3239} INFO - Sync 1 DAGs
[2025-04-04T19:12:00.764+0000] {logging_mixin.py:190} INFO - [2025-04-04T19:12:00.764+0000] {dag.py:4180} INFO - Setting next_dagrun for example_sla_dag to 2025-04-04 19:10:00+00:00, run_after=2025-04-04 19:12:00+00:00
[2025-04-04T19:12:00.785+0000] {processor.py:208} INFO - Processing /home/airflow/.local/lib/python3.12/site-packages/airflow/example_dags/example_sla_dag.py took 0.102 seconds
[2025-04-04T19:12:30.904+0000] {processor.py:186} INFO - Started process (PID=2832) to work on /home/airflow/.local/lib/python3.12/site-packages/airflow/example_dags/example_sla_dag.py
[2025-04-04T19:12:30.905+0000] {processor.py:914} INFO - Processing file /home/airflow/.local/lib/python3.12/site-packages/airflow/example_dags/example_sla_dag.py for tasks to queue
[2025-04-04T19:12:30.907+0000] {logging_mixin.py:190} INFO - [2025-04-04T19:12:30.907+0000] {dagbag.py:588} INFO - Filling up the DagBag from /home/airflow/.local/lib/python3.12/site-packages/airflow/example_dags/example_sla_dag.py
[2025-04-04T19:12:30.917+0000] {processor.py:925} INFO - DAG(s) 'example_sla_dag' retrieved from /home/airflow/.local/lib/python3.12/site-packages/airflow/example_dags/example_sla_dag.py
[2025-04-04T19:12:30.940+0000] {logging_mixin.py:190} INFO - [2025-04-04T19:12:30.940+0000] {dag.py:3239} INFO - Sync 1 DAGs
[2025-04-04T19:12:30.966+0000] {logging_mixin.py:190} INFO - [2025-04-04T19:12:30.966+0000] {dag.py:4180} INFO - Setting next_dagrun for example_sla_dag to 2025-04-04 19:10:00+00:00, run_after=2025-04-04 19:12:00+00:00
[2025-04-04T19:12:30.983+0000] {processor.py:208} INFO - Processing /home/airflow/.local/lib/python3.12/site-packages/airflow/example_dags/example_sla_dag.py took 0.086 seconds
[2025-04-04T19:13:02.017+0000] {processor.py:186} INFO - Started process (PID=2895) to work on /home/airflow/.local/lib/python3.12/site-packages/airflow/example_dags/example_sla_dag.py
[2025-04-04T19:13:02.018+0000] {processor.py:914} INFO - Processing file /home/airflow/.local/lib/python3.12/site-packages/airflow/example_dags/example_sla_dag.py for tasks to queue
[2025-04-04T19:13:02.019+0000] {logging_mixin.py:190} INFO - [2025-04-04T19:13:02.019+0000] {dagbag.py:588} INFO - Filling up the DagBag from /home/airflow/.local/lib/python3.12/site-packages/airflow/example_dags/example_sla_dag.py
[2025-04-04T19:13:02.029+0000] {processor.py:925} INFO - DAG(s) 'example_sla_dag' retrieved from /home/airflow/.local/lib/python3.12/site-packages/airflow/example_dags/example_sla_dag.py
[2025-04-04T19:13:02.047+0000] {logging_mixin.py:190} INFO - [2025-04-04T19:13:02.046+0000] {dag.py:3239} INFO - Sync 1 DAGs
[2025-04-04T19:13:02.076+0000] {logging_mixin.py:190} INFO - [2025-04-04T19:13:02.076+0000] {dag.py:4180} INFO - Setting next_dagrun for example_sla_dag to 2025-04-04 19:10:00+00:00, run_after=2025-04-04 19:12:00+00:00
[2025-04-04T19:13:02.095+0000] {processor.py:208} INFO - Processing /home/airflow/.local/lib/python3.12/site-packages/airflow/example_dags/example_sla_dag.py took 0.084 seconds
[2025-04-04T19:13:34.485+0000] {processor.py:186} INFO - Started process (PID=2956) to work on /home/airflow/.local/lib/python3.12/site-packages/airflow/example_dags/example_sla_dag.py
[2025-04-04T19:13:34.486+0000] {processor.py:914} INFO - Processing file /home/airflow/.local/lib/python3.12/site-packages/airflow/example_dags/example_sla_dag.py for tasks to queue
[2025-04-04T19:13:34.488+0000] {logging_mixin.py:190} INFO - [2025-04-04T19:13:34.488+0000] {dagbag.py:588} INFO - Filling up the DagBag from /home/airflow/.local/lib/python3.12/site-packages/airflow/example_dags/example_sla_dag.py
[2025-04-04T19:13:34.497+0000] {processor.py:925} INFO - DAG(s) 'example_sla_dag' retrieved from /home/airflow/.local/lib/python3.12/site-packages/airflow/example_dags/example_sla_dag.py
[2025-04-04T19:13:34.735+0000] {logging_mixin.py:190} INFO - [2025-04-04T19:13:34.734+0000] {dag.py:3239} INFO - Sync 1 DAGs
[2025-04-04T19:13:34.760+0000] {logging_mixin.py:190} INFO - [2025-04-04T19:13:34.759+0000] {dag.py:4180} INFO - Setting next_dagrun for example_sla_dag to 2025-04-04 19:10:00+00:00, run_after=2025-04-04 19:12:00+00:00
[2025-04-04T19:13:34.776+0000] {processor.py:208} INFO - Processing /home/airflow/.local/lib/python3.12/site-packages/airflow/example_dags/example_sla_dag.py took 0.296 seconds
[2025-04-04T19:14:05.309+0000] {processor.py:186} INFO - Started process (PID=3020) to work on /home/airflow/.local/lib/python3.12/site-packages/airflow/example_dags/example_sla_dag.py
[2025-04-04T19:14:05.310+0000] {processor.py:914} INFO - Processing file /home/airflow/.local/lib/python3.12/site-packages/airflow/example_dags/example_sla_dag.py for tasks to queue
[2025-04-04T19:14:05.312+0000] {logging_mixin.py:190} INFO - [2025-04-04T19:14:05.312+0000] {dagbag.py:588} INFO - Filling up the DagBag from /home/airflow/.local/lib/python3.12/site-packages/airflow/example_dags/example_sla_dag.py
[2025-04-04T19:14:05.322+0000] {processor.py:925} INFO - DAG(s) 'example_sla_dag' retrieved from /home/airflow/.local/lib/python3.12/site-packages/airflow/example_dags/example_sla_dag.py
[2025-04-04T19:14:05.563+0000] {logging_mixin.py:190} INFO - [2025-04-04T19:14:05.563+0000] {dag.py:3239} INFO - Sync 1 DAGs
[2025-04-04T19:14:05.596+0000] {logging_mixin.py:190} INFO - [2025-04-04T19:14:05.596+0000] {dag.py:4180} INFO - Setting next_dagrun for example_sla_dag to 2025-04-04 19:12:00+00:00, run_after=2025-04-04 19:14:00+00:00
[2025-04-04T19:14:05.618+0000] {processor.py:208} INFO - Processing /home/airflow/.local/lib/python3.12/site-packages/airflow/example_dags/example_sla_dag.py took 0.315 seconds
[2025-04-04T19:14:35.695+0000] {processor.py:186} INFO - Started process (PID=3084) to work on /home/airflow/.local/lib/python3.12/site-packages/airflow/example_dags/example_sla_dag.py
[2025-04-04T19:14:35.696+0000] {processor.py:914} INFO - Processing file /home/airflow/.local/lib/python3.12/site-packages/airflow/example_dags/example_sla_dag.py for tasks to queue
[2025-04-04T19:14:35.699+0000] {logging_mixin.py:190} INFO - [2025-04-04T19:14:35.699+0000] {dagbag.py:588} INFO - Filling up the DagBag from /home/airflow/.local/lib/python3.12/site-packages/airflow/example_dags/example_sla_dag.py
[2025-04-04T19:14:35.711+0000] {processor.py:925} INFO - DAG(s) 'example_sla_dag' retrieved from /home/airflow/.local/lib/python3.12/site-packages/airflow/example_dags/example_sla_dag.py
[2025-04-04T19:14:35.735+0000] {logging_mixin.py:190} INFO - [2025-04-04T19:14:35.735+0000] {dag.py:3239} INFO - Sync 1 DAGs
[2025-04-04T19:14:35.772+0000] {logging_mixin.py:190} INFO - [2025-04-04T19:14:35.772+0000] {dag.py:4180} INFO - Setting next_dagrun for example_sla_dag to 2025-04-04 19:12:00+00:00, run_after=2025-04-04 19:14:00+00:00
[2025-04-04T19:14:35.793+0000] {processor.py:208} INFO - Processing /home/airflow/.local/lib/python3.12/site-packages/airflow/example_dags/example_sla_dag.py took 0.106 seconds
[2025-04-04T19:15:06.793+0000] {processor.py:186} INFO - Started process (PID=3146) to work on /home/airflow/.local/lib/python3.12/site-packages/airflow/example_dags/example_sla_dag.py
[2025-04-04T19:15:06.794+0000] {processor.py:914} INFO - Processing file /home/airflow/.local/lib/python3.12/site-packages/airflow/example_dags/example_sla_dag.py for tasks to queue
[2025-04-04T19:15:06.797+0000] {logging_mixin.py:190} INFO - [2025-04-04T19:15:06.796+0000] {dagbag.py:588} INFO - Filling up the DagBag from /home/airflow/.local/lib/python3.12/site-packages/airflow/example_dags/example_sla_dag.py
[2025-04-04T19:15:06.807+0000] {processor.py:925} INFO - DAG(s) 'example_sla_dag' retrieved from /home/airflow/.local/lib/python3.12/site-packages/airflow/example_dags/example_sla_dag.py
[2025-04-04T19:15:06.826+0000] {logging_mixin.py:190} INFO - [2025-04-04T19:15:06.826+0000] {dag.py:3239} INFO - Sync 1 DAGs
[2025-04-04T19:15:06.853+0000] {logging_mixin.py:190} INFO - [2025-04-04T19:15:06.853+0000] {dag.py:4180} INFO - Setting next_dagrun for example_sla_dag to 2025-04-04 19:12:00+00:00, run_after=2025-04-04 19:14:00+00:00
[2025-04-04T19:15:06.870+0000] {processor.py:208} INFO - Processing /home/airflow/.local/lib/python3.12/site-packages/airflow/example_dags/example_sla_dag.py took 0.083 seconds
[2025-04-04T19:15:37.784+0000] {processor.py:186} INFO - Started process (PID=3210) to work on /home/airflow/.local/lib/python3.12/site-packages/airflow/example_dags/example_sla_dag.py
[2025-04-04T19:15:37.785+0000] {processor.py:914} INFO - Processing file /home/airflow/.local/lib/python3.12/site-packages/airflow/example_dags/example_sla_dag.py for tasks to queue
[2025-04-04T19:15:37.788+0000] {logging_mixin.py:190} INFO - [2025-04-04T19:15:37.787+0000] {dagbag.py:588} INFO - Filling up the DagBag from /home/airflow/.local/lib/python3.12/site-packages/airflow/example_dags/example_sla_dag.py
[2025-04-04T19:15:37.798+0000] {processor.py:925} INFO - DAG(s) 'example_sla_dag' retrieved from /home/airflow/.local/lib/python3.12/site-packages/airflow/example_dags/example_sla_dag.py
[2025-04-04T19:15:37.818+0000] {logging_mixin.py:190} INFO - [2025-04-04T19:15:37.817+0000] {dag.py:3239} INFO - Sync 1 DAGs
[2025-04-04T19:15:37.844+0000] {logging_mixin.py:190} INFO - [2025-04-04T19:15:37.844+0000] {dag.py:4180} INFO - Setting next_dagrun for example_sla_dag to 2025-04-04 19:12:00+00:00, run_after=2025-04-04 19:14:00+00:00
[2025-04-04T19:15:37.862+0000] {processor.py:208} INFO - Processing /home/airflow/.local/lib/python3.12/site-packages/airflow/example_dags/example_sla_dag.py took 0.083 seconds
[2025-04-04T19:16:08.205+0000] {processor.py:186} INFO - Started process (PID=3269) to work on /home/airflow/.local/lib/python3.12/site-packages/airflow/example_dags/example_sla_dag.py
[2025-04-04T19:16:08.206+0000] {processor.py:914} INFO - Processing file /home/airflow/.local/lib/python3.12/site-packages/airflow/example_dags/example_sla_dag.py for tasks to queue
[2025-04-04T19:16:08.209+0000] {logging_mixin.py:190} INFO - [2025-04-04T19:16:08.208+0000] {dagbag.py:588} INFO - Filling up the DagBag from /home/airflow/.local/lib/python3.12/site-packages/airflow/example_dags/example_sla_dag.py
[2025-04-04T19:16:08.219+0000] {processor.py:925} INFO - DAG(s) 'example_sla_dag' retrieved from /home/airflow/.local/lib/python3.12/site-packages/airflow/example_dags/example_sla_dag.py
[2025-04-04T19:16:08.241+0000] {logging_mixin.py:190} INFO - [2025-04-04T19:16:08.241+0000] {dag.py:3239} INFO - Sync 1 DAGs
[2025-04-04T19:16:08.273+0000] {logging_mixin.py:190} INFO - [2025-04-04T19:16:08.273+0000] {dag.py:4180} INFO - Setting next_dagrun for example_sla_dag to 2025-04-04 19:14:00+00:00, run_after=2025-04-04 19:16:00+00:00
[2025-04-04T19:16:08.294+0000] {processor.py:208} INFO - Processing /home/airflow/.local/lib/python3.12/site-packages/airflow/example_dags/example_sla_dag.py took 0.094 seconds
[2025-04-04T19:16:38.880+0000] {processor.py:186} INFO - Started process (PID=3330) to work on /home/airflow/.local/lib/python3.12/site-packages/airflow/example_dags/example_sla_dag.py
[2025-04-04T19:16:38.881+0000] {processor.py:914} INFO - Processing file /home/airflow/.local/lib/python3.12/site-packages/airflow/example_dags/example_sla_dag.py for tasks to queue
[2025-04-04T19:16:38.883+0000] {logging_mixin.py:190} INFO - [2025-04-04T19:16:38.883+0000] {dagbag.py:588} INFO - Filling up the DagBag from /home/airflow/.local/lib/python3.12/site-packages/airflow/example_dags/example_sla_dag.py
[2025-04-04T19:16:38.892+0000] {processor.py:925} INFO - DAG(s) 'example_sla_dag' retrieved from /home/airflow/.local/lib/python3.12/site-packages/airflow/example_dags/example_sla_dag.py
[2025-04-04T19:16:38.911+0000] {logging_mixin.py:190} INFO - [2025-04-04T19:16:38.911+0000] {dag.py:3239} INFO - Sync 1 DAGs
[2025-04-04T19:16:38.935+0000] {logging_mixin.py:190} INFO - [2025-04-04T19:16:38.935+0000] {dag.py:4180} INFO - Setting next_dagrun for example_sla_dag to 2025-04-04 19:14:00+00:00, run_after=2025-04-04 19:16:00+00:00
[2025-04-04T19:16:38.950+0000] {processor.py:208} INFO - Processing /home/airflow/.local/lib/python3.12/site-packages/airflow/example_dags/example_sla_dag.py took 0.076 seconds
[2025-04-04T19:17:09.122+0000] {processor.py:186} INFO - Started process (PID=3394) to work on /home/airflow/.local/lib/python3.12/site-packages/airflow/example_dags/example_sla_dag.py
[2025-04-04T19:17:09.123+0000] {processor.py:914} INFO - Processing file /home/airflow/.local/lib/python3.12/site-packages/airflow/example_dags/example_sla_dag.py for tasks to queue
[2025-04-04T19:17:09.126+0000] {logging_mixin.py:190} INFO - [2025-04-04T19:17:09.125+0000] {dagbag.py:588} INFO - Filling up the DagBag from /home/airflow/.local/lib/python3.12/site-packages/airflow/example_dags/example_sla_dag.py
[2025-04-04T19:17:09.136+0000] {processor.py:925} INFO - DAG(s) 'example_sla_dag' retrieved from /home/airflow/.local/lib/python3.12/site-packages/airflow/example_dags/example_sla_dag.py
[2025-04-04T19:17:09.157+0000] {logging_mixin.py:190} INFO - [2025-04-04T19:17:09.157+0000] {dag.py:3239} INFO - Sync 1 DAGs
[2025-04-04T19:17:09.184+0000] {logging_mixin.py:190} INFO - [2025-04-04T19:17:09.184+0000] {dag.py:4180} INFO - Setting next_dagrun for example_sla_dag to 2025-04-04 19:14:00+00:00, run_after=2025-04-04 19:16:00+00:00
[2025-04-04T19:17:09.202+0000] {processor.py:208} INFO - Processing /home/airflow/.local/lib/python3.12/site-packages/airflow/example_dags/example_sla_dag.py took 0.086 seconds
[2025-04-04T19:17:39.774+0000] {processor.py:186} INFO - Started process (PID=3459) to work on /home/airflow/.local/lib/python3.12/site-packages/airflow/example_dags/example_sla_dag.py
[2025-04-04T19:17:39.775+0000] {processor.py:914} INFO - Processing file /home/airflow/.local/lib/python3.12/site-packages/airflow/example_dags/example_sla_dag.py for tasks to queue
[2025-04-04T19:17:39.777+0000] {logging_mixin.py:190} INFO - [2025-04-04T19:17:39.777+0000] {dagbag.py:588} INFO - Filling up the DagBag from /home/airflow/.local/lib/python3.12/site-packages/airflow/example_dags/example_sla_dag.py
[2025-04-04T19:17:39.787+0000] {processor.py:925} INFO - DAG(s) 'example_sla_dag' retrieved from /home/airflow/.local/lib/python3.12/site-packages/airflow/example_dags/example_sla_dag.py
[2025-04-04T19:17:39.805+0000] {logging_mixin.py:190} INFO - [2025-04-04T19:17:39.805+0000] {dag.py:3239} INFO - Sync 1 DAGs
[2025-04-04T19:17:39.829+0000] {logging_mixin.py:190} INFO - [2025-04-04T19:17:39.828+0000] {dag.py:4180} INFO - Setting next_dagrun for example_sla_dag to 2025-04-04 19:14:00+00:00, run_after=2025-04-04 19:16:00+00:00
[2025-04-04T19:17:39.851+0000] {processor.py:208} INFO - Processing /home/airflow/.local/lib/python3.12/site-packages/airflow/example_dags/example_sla_dag.py took 0.083 seconds
[2025-04-04T19:18:10.523+0000] {processor.py:186} INFO - Started process (PID=3523) to work on /home/airflow/.local/lib/python3.12/site-packages/airflow/example_dags/example_sla_dag.py
[2025-04-04T19:18:10.524+0000] {processor.py:914} INFO - Processing file /home/airflow/.local/lib/python3.12/site-packages/airflow/example_dags/example_sla_dag.py for tasks to queue
[2025-04-04T19:18:10.527+0000] {logging_mixin.py:190} INFO - [2025-04-04T19:18:10.526+0000] {dagbag.py:588} INFO - Filling up the DagBag from /home/airflow/.local/lib/python3.12/site-packages/airflow/example_dags/example_sla_dag.py
[2025-04-04T19:18:10.539+0000] {processor.py:925} INFO - DAG(s) 'example_sla_dag' retrieved from /home/airflow/.local/lib/python3.12/site-packages/airflow/example_dags/example_sla_dag.py
[2025-04-04T19:18:10.559+0000] {logging_mixin.py:190} INFO - [2025-04-04T19:18:10.558+0000] {dag.py:3239} INFO - Sync 1 DAGs
[2025-04-04T19:18:10.589+0000] {logging_mixin.py:190} INFO - [2025-04-04T19:18:10.589+0000] {dag.py:4180} INFO - Setting next_dagrun for example_sla_dag to 2025-04-04 19:16:00+00:00, run_after=2025-04-04 19:18:00+00:00
[2025-04-04T19:18:10.612+0000] {processor.py:208} INFO - Processing /home/airflow/.local/lib/python3.12/site-packages/airflow/example_dags/example_sla_dag.py took 0.097 seconds
[2025-04-04T19:18:40.829+0000] {processor.py:186} INFO - Started process (PID=3587) to work on /home/airflow/.local/lib/python3.12/site-packages/airflow/example_dags/example_sla_dag.py
[2025-04-04T19:18:40.830+0000] {processor.py:914} INFO - Processing file /home/airflow/.local/lib/python3.12/site-packages/airflow/example_dags/example_sla_dag.py for tasks to queue
[2025-04-04T19:18:40.832+0000] {logging_mixin.py:190} INFO - [2025-04-04T19:18:40.832+0000] {dagbag.py:588} INFO - Filling up the DagBag from /home/airflow/.local/lib/python3.12/site-packages/airflow/example_dags/example_sla_dag.py
[2025-04-04T19:18:40.841+0000] {processor.py:925} INFO - DAG(s) 'example_sla_dag' retrieved from /home/airflow/.local/lib/python3.12/site-packages/airflow/example_dags/example_sla_dag.py
[2025-04-04T19:18:40.861+0000] {logging_mixin.py:190} INFO - [2025-04-04T19:18:40.861+0000] {dag.py:3239} INFO - Sync 1 DAGs
[2025-04-04T19:18:40.887+0000] {logging_mixin.py:190} INFO - [2025-04-04T19:18:40.886+0000] {dag.py:4180} INFO - Setting next_dagrun for example_sla_dag to 2025-04-04 19:16:00+00:00, run_after=2025-04-04 19:18:00+00:00
[2025-04-04T19:18:40.902+0000] {processor.py:208} INFO - Processing /home/airflow/.local/lib/python3.12/site-packages/airflow/example_dags/example_sla_dag.py took 0.078 seconds
[2025-04-04T19:19:11.799+0000] {processor.py:186} INFO - Started process (PID=3651) to work on /home/airflow/.local/lib/python3.12/site-packages/airflow/example_dags/example_sla_dag.py
[2025-04-04T19:19:11.800+0000] {processor.py:914} INFO - Processing file /home/airflow/.local/lib/python3.12/site-packages/airflow/example_dags/example_sla_dag.py for tasks to queue
[2025-04-04T19:19:11.802+0000] {logging_mixin.py:190} INFO - [2025-04-04T19:19:11.802+0000] {dagbag.py:588} INFO - Filling up the DagBag from /home/airflow/.local/lib/python3.12/site-packages/airflow/example_dags/example_sla_dag.py
[2025-04-04T19:19:11.815+0000] {processor.py:925} INFO - DAG(s) 'example_sla_dag' retrieved from /home/airflow/.local/lib/python3.12/site-packages/airflow/example_dags/example_sla_dag.py
[2025-04-04T19:19:11.837+0000] {logging_mixin.py:190} INFO - [2025-04-04T19:19:11.837+0000] {dag.py:3239} INFO - Sync 1 DAGs
[2025-04-04T19:19:11.877+0000] {logging_mixin.py:190} INFO - [2025-04-04T19:19:11.876+0000] {dag.py:4180} INFO - Setting next_dagrun for example_sla_dag to 2025-04-04 19:16:00+00:00, run_after=2025-04-04 19:18:00+00:00
[2025-04-04T19:19:11.900+0000] {processor.py:208} INFO - Processing /home/airflow/.local/lib/python3.12/site-packages/airflow/example_dags/example_sla_dag.py took 0.108 seconds
[2025-04-04T19:19:42.821+0000] {processor.py:186} INFO - Started process (PID=3715) to work on /home/airflow/.local/lib/python3.12/site-packages/airflow/example_dags/example_sla_dag.py
[2025-04-04T19:19:42.823+0000] {processor.py:914} INFO - Processing file /home/airflow/.local/lib/python3.12/site-packages/airflow/example_dags/example_sla_dag.py for tasks to queue
[2025-04-04T19:19:42.826+0000] {logging_mixin.py:190} INFO - [2025-04-04T19:19:42.826+0000] {dagbag.py:588} INFO - Filling up the DagBag from /home/airflow/.local/lib/python3.12/site-packages/airflow/example_dags/example_sla_dag.py
[2025-04-04T19:19:42.838+0000] {processor.py:925} INFO - DAG(s) 'example_sla_dag' retrieved from /home/airflow/.local/lib/python3.12/site-packages/airflow/example_dags/example_sla_dag.py
[2025-04-04T19:19:42.866+0000] {logging_mixin.py:190} INFO - [2025-04-04T19:19:42.866+0000] {dag.py:3239} INFO - Sync 1 DAGs
[2025-04-04T19:19:42.900+0000] {logging_mixin.py:190} INFO - [2025-04-04T19:19:42.899+0000] {dag.py:4180} INFO - Setting next_dagrun for example_sla_dag to 2025-04-04 19:16:00+00:00, run_after=2025-04-04 19:18:00+00:00
[2025-04-04T19:19:42.922+0000] {processor.py:208} INFO - Processing /home/airflow/.local/lib/python3.12/site-packages/airflow/example_dags/example_sla_dag.py took 0.107 seconds
[2025-04-04T19:20:13.331+0000] {processor.py:186} INFO - Started process (PID=3779) to work on /home/airflow/.local/lib/python3.12/site-packages/airflow/example_dags/example_sla_dag.py
[2025-04-04T19:20:13.332+0000] {processor.py:914} INFO - Processing file /home/airflow/.local/lib/python3.12/site-packages/airflow/example_dags/example_sla_dag.py for tasks to queue
[2025-04-04T19:20:13.334+0000] {logging_mixin.py:190} INFO - [2025-04-04T19:20:13.333+0000] {dagbag.py:588} INFO - Filling up the DagBag from /home/airflow/.local/lib/python3.12/site-packages/airflow/example_dags/example_sla_dag.py
[2025-04-04T19:20:13.343+0000] {processor.py:925} INFO - DAG(s) 'example_sla_dag' retrieved from /home/airflow/.local/lib/python3.12/site-packages/airflow/example_dags/example_sla_dag.py
[2025-04-04T19:20:13.361+0000] {logging_mixin.py:190} INFO - [2025-04-04T19:20:13.361+0000] {dag.py:3239} INFO - Sync 1 DAGs
[2025-04-04T19:20:13.384+0000] {logging_mixin.py:190} INFO - [2025-04-04T19:20:13.384+0000] {dag.py:4180} INFO - Setting next_dagrun for example_sla_dag to 2025-04-04 19:18:00+00:00, run_after=2025-04-04 19:20:00+00:00
[2025-04-04T19:20:13.400+0000] {processor.py:208} INFO - Processing /home/airflow/.local/lib/python3.12/site-packages/airflow/example_dags/example_sla_dag.py took 0.075 seconds
[2025-04-04T19:20:43.959+0000] {processor.py:186} INFO - Started process (PID=3843) to work on /home/airflow/.local/lib/python3.12/site-packages/airflow/example_dags/example_sla_dag.py
[2025-04-04T19:20:43.960+0000] {processor.py:914} INFO - Processing file /home/airflow/.local/lib/python3.12/site-packages/airflow/example_dags/example_sla_dag.py for tasks to queue
[2025-04-04T19:20:43.962+0000] {logging_mixin.py:190} INFO - [2025-04-04T19:20:43.962+0000] {dagbag.py:588} INFO - Filling up the DagBag from /home/airflow/.local/lib/python3.12/site-packages/airflow/example_dags/example_sla_dag.py
[2025-04-04T19:20:43.971+0000] {processor.py:925} INFO - DAG(s) 'example_sla_dag' retrieved from /home/airflow/.local/lib/python3.12/site-packages/airflow/example_dags/example_sla_dag.py
[2025-04-04T19:20:43.990+0000] {logging_mixin.py:190} INFO - [2025-04-04T19:20:43.990+0000] {dag.py:3239} INFO - Sync 1 DAGs
[2025-04-04T19:20:44.014+0000] {logging_mixin.py:190} INFO - [2025-04-04T19:20:44.014+0000] {dag.py:4180} INFO - Setting next_dagrun for example_sla_dag to 2025-04-04 19:18:00+00:00, run_after=2025-04-04 19:20:00+00:00
[2025-04-04T19:20:44.029+0000] {processor.py:208} INFO - Processing /home/airflow/.local/lib/python3.12/site-packages/airflow/example_dags/example_sla_dag.py took 0.074 seconds
[2025-04-04T19:21:14.268+0000] {processor.py:186} INFO - Started process (PID=3913) to work on /home/airflow/.local/lib/python3.12/site-packages/airflow/example_dags/example_sla_dag.py
[2025-04-04T19:21:14.270+0000] {processor.py:914} INFO - Processing file /home/airflow/.local/lib/python3.12/site-packages/airflow/example_dags/example_sla_dag.py for tasks to queue
[2025-04-04T19:21:14.274+0000] {logging_mixin.py:190} INFO - [2025-04-04T19:21:14.274+0000] {dagbag.py:588} INFO - Filling up the DagBag from /home/airflow/.local/lib/python3.12/site-packages/airflow/example_dags/example_sla_dag.py
[2025-04-04T19:21:14.289+0000] {processor.py:925} INFO - DAG(s) 'example_sla_dag' retrieved from /home/airflow/.local/lib/python3.12/site-packages/airflow/example_dags/example_sla_dag.py
[2025-04-04T19:21:14.316+0000] {logging_mixin.py:190} INFO - [2025-04-04T19:21:14.316+0000] {dag.py:3239} INFO - Sync 1 DAGs
[2025-04-04T19:21:14.349+0000] {logging_mixin.py:190} INFO - [2025-04-04T19:21:14.349+0000] {dag.py:4180} INFO - Setting next_dagrun for example_sla_dag to 2025-04-04 19:18:00+00:00, run_after=2025-04-04 19:20:00+00:00
[2025-04-04T19:21:14.371+0000] {processor.py:208} INFO - Processing /home/airflow/.local/lib/python3.12/site-packages/airflow/example_dags/example_sla_dag.py took 0.110 seconds
[2025-04-04T19:21:45.152+0000] {processor.py:186} INFO - Started process (PID=3977) to work on /home/airflow/.local/lib/python3.12/site-packages/airflow/example_dags/example_sla_dag.py
[2025-04-04T19:21:45.153+0000] {processor.py:914} INFO - Processing file /home/airflow/.local/lib/python3.12/site-packages/airflow/example_dags/example_sla_dag.py for tasks to queue
[2025-04-04T19:21:45.155+0000] {logging_mixin.py:190} INFO - [2025-04-04T19:21:45.155+0000] {dagbag.py:588} INFO - Filling up the DagBag from /home/airflow/.local/lib/python3.12/site-packages/airflow/example_dags/example_sla_dag.py
[2025-04-04T19:21:45.165+0000] {processor.py:925} INFO - DAG(s) 'example_sla_dag' retrieved from /home/airflow/.local/lib/python3.12/site-packages/airflow/example_dags/example_sla_dag.py
[2025-04-04T19:21:45.183+0000] {logging_mixin.py:190} INFO - [2025-04-04T19:21:45.183+0000] {dag.py:3239} INFO - Sync 1 DAGs
[2025-04-04T19:21:45.206+0000] {logging_mixin.py:190} INFO - [2025-04-04T19:21:45.205+0000] {dag.py:4180} INFO - Setting next_dagrun for example_sla_dag to 2025-04-04 19:18:00+00:00, run_after=2025-04-04 19:20:00+00:00
[2025-04-04T19:21:45.227+0000] {processor.py:208} INFO - Processing /home/airflow/.local/lib/python3.12/site-packages/airflow/example_dags/example_sla_dag.py took 0.080 seconds
[2025-04-04T19:22:15.847+0000] {processor.py:186} INFO - Started process (PID=4041) to work on /home/airflow/.local/lib/python3.12/site-packages/airflow/example_dags/example_sla_dag.py
[2025-04-04T19:22:15.848+0000] {processor.py:914} INFO - Processing file /home/airflow/.local/lib/python3.12/site-packages/airflow/example_dags/example_sla_dag.py for tasks to queue
[2025-04-04T19:22:15.850+0000] {logging_mixin.py:190} INFO - [2025-04-04T19:22:15.850+0000] {dagbag.py:588} INFO - Filling up the DagBag from /home/airflow/.local/lib/python3.12/site-packages/airflow/example_dags/example_sla_dag.py
[2025-04-04T19:22:15.859+0000] {processor.py:925} INFO - DAG(s) 'example_sla_dag' retrieved from /home/airflow/.local/lib/python3.12/site-packages/airflow/example_dags/example_sla_dag.py
[2025-04-04T19:22:15.877+0000] {logging_mixin.py:190} INFO - [2025-04-04T19:22:15.876+0000] {dag.py:3239} INFO - Sync 1 DAGs
[2025-04-04T19:22:15.900+0000] {logging_mixin.py:190} INFO - [2025-04-04T19:22:15.900+0000] {dag.py:4180} INFO - Setting next_dagrun for example_sla_dag to 2025-04-04 19:20:00+00:00, run_after=2025-04-04 19:22:00+00:00
[2025-04-04T19:22:15.915+0000] {processor.py:208} INFO - Processing /home/airflow/.local/lib/python3.12/site-packages/airflow/example_dags/example_sla_dag.py took 0.073 seconds
[2025-04-04T19:22:46.276+0000] {processor.py:186} INFO - Started process (PID=4105) to work on /home/airflow/.local/lib/python3.12/site-packages/airflow/example_dags/example_sla_dag.py
[2025-04-04T19:22:46.277+0000] {processor.py:914} INFO - Processing file /home/airflow/.local/lib/python3.12/site-packages/airflow/example_dags/example_sla_dag.py for tasks to queue
[2025-04-04T19:22:46.279+0000] {logging_mixin.py:190} INFO - [2025-04-04T19:22:46.279+0000] {dagbag.py:588} INFO - Filling up the DagBag from /home/airflow/.local/lib/python3.12/site-packages/airflow/example_dags/example_sla_dag.py
[2025-04-04T19:22:46.288+0000] {processor.py:925} INFO - DAG(s) 'example_sla_dag' retrieved from /home/airflow/.local/lib/python3.12/site-packages/airflow/example_dags/example_sla_dag.py
[2025-04-04T19:22:46.306+0000] {logging_mixin.py:190} INFO - [2025-04-04T19:22:46.306+0000] {dag.py:3239} INFO - Sync 1 DAGs
[2025-04-04T19:22:46.329+0000] {logging_mixin.py:190} INFO - [2025-04-04T19:22:46.328+0000] {dag.py:4180} INFO - Setting next_dagrun for example_sla_dag to 2025-04-04 19:20:00+00:00, run_after=2025-04-04 19:22:00+00:00
[2025-04-04T19:22:46.344+0000] {processor.py:208} INFO - Processing /home/airflow/.local/lib/python3.12/site-packages/airflow/example_dags/example_sla_dag.py took 0.073 seconds
[2025-04-04T19:23:16.552+0000] {processor.py:186} INFO - Started process (PID=4169) to work on /home/airflow/.local/lib/python3.12/site-packages/airflow/example_dags/example_sla_dag.py
[2025-04-04T19:23:16.553+0000] {processor.py:914} INFO - Processing file /home/airflow/.local/lib/python3.12/site-packages/airflow/example_dags/example_sla_dag.py for tasks to queue
[2025-04-04T19:23:16.555+0000] {logging_mixin.py:190} INFO - [2025-04-04T19:23:16.554+0000] {dagbag.py:588} INFO - Filling up the DagBag from /home/airflow/.local/lib/python3.12/site-packages/airflow/example_dags/example_sla_dag.py
[2025-04-04T19:23:16.564+0000] {processor.py:925} INFO - DAG(s) 'example_sla_dag' retrieved from /home/airflow/.local/lib/python3.12/site-packages/airflow/example_dags/example_sla_dag.py
[2025-04-04T19:23:16.584+0000] {logging_mixin.py:190} INFO - [2025-04-04T19:23:16.583+0000] {dag.py:3239} INFO - Sync 1 DAGs
[2025-04-04T19:23:16.610+0000] {logging_mixin.py:190} INFO - [2025-04-04T19:23:16.610+0000] {dag.py:4180} INFO - Setting next_dagrun for example_sla_dag to 2025-04-04 19:20:00+00:00, run_after=2025-04-04 19:22:00+00:00
[2025-04-04T19:23:16.627+0000] {processor.py:208} INFO - Processing /home/airflow/.local/lib/python3.12/site-packages/airflow/example_dags/example_sla_dag.py took 0.081 seconds
[2025-04-04T19:23:47.132+0000] {processor.py:186} INFO - Started process (PID=4233) to work on /home/airflow/.local/lib/python3.12/site-packages/airflow/example_dags/example_sla_dag.py
[2025-04-04T19:23:47.133+0000] {processor.py:914} INFO - Processing file /home/airflow/.local/lib/python3.12/site-packages/airflow/example_dags/example_sla_dag.py for tasks to queue
[2025-04-04T19:23:47.135+0000] {logging_mixin.py:190} INFO - [2025-04-04T19:23:47.135+0000] {dagbag.py:588} INFO - Filling up the DagBag from /home/airflow/.local/lib/python3.12/site-packages/airflow/example_dags/example_sla_dag.py
[2025-04-04T19:23:47.145+0000] {processor.py:925} INFO - DAG(s) 'example_sla_dag' retrieved from /home/airflow/.local/lib/python3.12/site-packages/airflow/example_dags/example_sla_dag.py
[2025-04-04T19:23:47.164+0000] {logging_mixin.py:190} INFO - [2025-04-04T19:23:47.164+0000] {dag.py:3239} INFO - Sync 1 DAGs
[2025-04-04T19:23:47.189+0000] {logging_mixin.py:190} INFO - [2025-04-04T19:23:47.189+0000] {dag.py:4180} INFO - Setting next_dagrun for example_sla_dag to 2025-04-04 19:20:00+00:00, run_after=2025-04-04 19:22:00+00:00
[2025-04-04T19:23:47.205+0000] {processor.py:208} INFO - Processing /home/airflow/.local/lib/python3.12/site-packages/airflow/example_dags/example_sla_dag.py took 0.079 seconds
[2025-04-04T19:24:17.701+0000] {processor.py:186} INFO - Started process (PID=4297) to work on /home/airflow/.local/lib/python3.12/site-packages/airflow/example_dags/example_sla_dag.py
[2025-04-04T19:24:17.702+0000] {processor.py:914} INFO - Processing file /home/airflow/.local/lib/python3.12/site-packages/airflow/example_dags/example_sla_dag.py for tasks to queue
[2025-04-04T19:24:17.704+0000] {logging_mixin.py:190} INFO - [2025-04-04T19:24:17.704+0000] {dagbag.py:588} INFO - Filling up the DagBag from /home/airflow/.local/lib/python3.12/site-packages/airflow/example_dags/example_sla_dag.py
[2025-04-04T19:24:17.713+0000] {processor.py:925} INFO - DAG(s) 'example_sla_dag' retrieved from /home/airflow/.local/lib/python3.12/site-packages/airflow/example_dags/example_sla_dag.py
[2025-04-04T19:24:17.737+0000] {logging_mixin.py:190} INFO - [2025-04-04T19:24:17.736+0000] {dag.py:3239} INFO - Sync 1 DAGs
[2025-04-04T19:24:17.771+0000] {logging_mixin.py:190} INFO - [2025-04-04T19:24:17.770+0000] {dag.py:4180} INFO - Setting next_dagrun for example_sla_dag to 2025-04-04 19:22:00+00:00, run_after=2025-04-04 19:24:00+00:00
[2025-04-04T19:24:17.786+0000] {processor.py:208} INFO - Processing /home/airflow/.local/lib/python3.12/site-packages/airflow/example_dags/example_sla_dag.py took 0.090 seconds
[2025-04-04T19:24:48.699+0000] {processor.py:186} INFO - Started process (PID=4361) to work on /home/airflow/.local/lib/python3.12/site-packages/airflow/example_dags/example_sla_dag.py
[2025-04-04T19:24:48.700+0000] {processor.py:914} INFO - Processing file /home/airflow/.local/lib/python3.12/site-packages/airflow/example_dags/example_sla_dag.py for tasks to queue
[2025-04-04T19:24:48.703+0000] {logging_mixin.py:190} INFO - [2025-04-04T19:24:48.702+0000] {dagbag.py:588} INFO - Filling up the DagBag from /home/airflow/.local/lib/python3.12/site-packages/airflow/example_dags/example_sla_dag.py
[2025-04-04T19:24:48.711+0000] {processor.py:925} INFO - DAG(s) 'example_sla_dag' retrieved from /home/airflow/.local/lib/python3.12/site-packages/airflow/example_dags/example_sla_dag.py
[2025-04-04T19:24:48.729+0000] {logging_mixin.py:190} INFO - [2025-04-04T19:24:48.729+0000] {dag.py:3239} INFO - Sync 1 DAGs
[2025-04-04T19:24:48.753+0000] {logging_mixin.py:190} INFO - [2025-04-04T19:24:48.752+0000] {dag.py:4180} INFO - Setting next_dagrun for example_sla_dag to 2025-04-04 19:22:00+00:00, run_after=2025-04-04 19:24:00+00:00
[2025-04-04T19:24:48.768+0000] {processor.py:208} INFO - Processing /home/airflow/.local/lib/python3.12/site-packages/airflow/example_dags/example_sla_dag.py took 0.074 seconds
[2025-04-04T19:25:19.081+0000] {processor.py:186} INFO - Started process (PID=4426) to work on /home/airflow/.local/lib/python3.12/site-packages/airflow/example_dags/example_sla_dag.py
[2025-04-04T19:25:19.082+0000] {processor.py:914} INFO - Processing file /home/airflow/.local/lib/python3.12/site-packages/airflow/example_dags/example_sla_dag.py for tasks to queue
[2025-04-04T19:25:19.084+0000] {logging_mixin.py:190} INFO - [2025-04-04T19:25:19.083+0000] {dagbag.py:588} INFO - Filling up the DagBag from /home/airflow/.local/lib/python3.12/site-packages/airflow/example_dags/example_sla_dag.py
[2025-04-04T19:25:19.092+0000] {processor.py:925} INFO - DAG(s) 'example_sla_dag' retrieved from /home/airflow/.local/lib/python3.12/site-packages/airflow/example_dags/example_sla_dag.py
[2025-04-04T19:25:19.110+0000] {logging_mixin.py:190} INFO - [2025-04-04T19:25:19.110+0000] {dag.py:3239} INFO - Sync 1 DAGs
[2025-04-04T19:25:19.133+0000] {logging_mixin.py:190} INFO - [2025-04-04T19:25:19.133+0000] {dag.py:4180} INFO - Setting next_dagrun for example_sla_dag to 2025-04-04 19:22:00+00:00, run_after=2025-04-04 19:24:00+00:00
[2025-04-04T19:25:19.154+0000] {processor.py:208} INFO - Processing /home/airflow/.local/lib/python3.12/site-packages/airflow/example_dags/example_sla_dag.py took 0.078 seconds
[2025-04-04T19:25:49.611+0000] {processor.py:186} INFO - Started process (PID=4491) to work on /home/airflow/.local/lib/python3.12/site-packages/airflow/example_dags/example_sla_dag.py
[2025-04-04T19:25:49.612+0000] {processor.py:914} INFO - Processing file /home/airflow/.local/lib/python3.12/site-packages/airflow/example_dags/example_sla_dag.py for tasks to queue
[2025-04-04T19:25:49.618+0000] {logging_mixin.py:190} INFO - [2025-04-04T19:25:49.617+0000] {dagbag.py:588} INFO - Filling up the DagBag from /home/airflow/.local/lib/python3.12/site-packages/airflow/example_dags/example_sla_dag.py
[2025-04-04T19:25:49.640+0000] {processor.py:925} INFO - DAG(s) 'example_sla_dag' retrieved from /home/airflow/.local/lib/python3.12/site-packages/airflow/example_dags/example_sla_dag.py
[2025-04-04T19:25:49.674+0000] {logging_mixin.py:190} INFO - [2025-04-04T19:25:49.673+0000] {dag.py:3239} INFO - Sync 1 DAGs
[2025-04-04T19:25:49.715+0000] {logging_mixin.py:190} INFO - [2025-04-04T19:25:49.715+0000] {dag.py:4180} INFO - Setting next_dagrun for example_sla_dag to 2025-04-04 19:22:00+00:00, run_after=2025-04-04 19:24:00+00:00
[2025-04-04T19:25:49.740+0000] {processor.py:208} INFO - Processing /home/airflow/.local/lib/python3.12/site-packages/airflow/example_dags/example_sla_dag.py took 0.139 seconds
[2025-04-04T19:26:20.023+0000] {processor.py:186} INFO - Started process (PID=4556) to work on /home/airflow/.local/lib/python3.12/site-packages/airflow/example_dags/example_sla_dag.py
[2025-04-04T19:26:20.024+0000] {processor.py:914} INFO - Processing file /home/airflow/.local/lib/python3.12/site-packages/airflow/example_dags/example_sla_dag.py for tasks to queue
[2025-04-04T19:26:20.027+0000] {logging_mixin.py:190} INFO - [2025-04-04T19:26:20.027+0000] {dagbag.py:588} INFO - Filling up the DagBag from /home/airflow/.local/lib/python3.12/site-packages/airflow/example_dags/example_sla_dag.py
[2025-04-04T19:26:20.037+0000] {processor.py:925} INFO - DAG(s) 'example_sla_dag' retrieved from /home/airflow/.local/lib/python3.12/site-packages/airflow/example_dags/example_sla_dag.py
[2025-04-04T19:26:20.057+0000] {logging_mixin.py:190} INFO - [2025-04-04T19:26:20.057+0000] {dag.py:3239} INFO - Sync 1 DAGs
[2025-04-04T19:26:20.082+0000] {logging_mixin.py:190} INFO - [2025-04-04T19:26:20.082+0000] {dag.py:4180} INFO - Setting next_dagrun for example_sla_dag to 2025-04-04 19:24:00+00:00, run_after=2025-04-04 19:26:00+00:00
[2025-04-04T19:26:20.101+0000] {processor.py:208} INFO - Processing /home/airflow/.local/lib/python3.12/site-packages/airflow/example_dags/example_sla_dag.py took 0.084 seconds
[2025-04-04T19:26:50.437+0000] {processor.py:186} INFO - Started process (PID=4621) to work on /home/airflow/.local/lib/python3.12/site-packages/airflow/example_dags/example_sla_dag.py
[2025-04-04T19:26:50.438+0000] {processor.py:914} INFO - Processing file /home/airflow/.local/lib/python3.12/site-packages/airflow/example_dags/example_sla_dag.py for tasks to queue
[2025-04-04T19:26:50.440+0000] {logging_mixin.py:190} INFO - [2025-04-04T19:26:50.440+0000] {dagbag.py:588} INFO - Filling up the DagBag from /home/airflow/.local/lib/python3.12/site-packages/airflow/example_dags/example_sla_dag.py
[2025-04-04T19:26:50.451+0000] {processor.py:925} INFO - DAG(s) 'example_sla_dag' retrieved from /home/airflow/.local/lib/python3.12/site-packages/airflow/example_dags/example_sla_dag.py
[2025-04-04T19:26:50.473+0000] {logging_mixin.py:190} INFO - [2025-04-04T19:26:50.473+0000] {dag.py:3239} INFO - Sync 1 DAGs
[2025-04-04T19:26:50.500+0000] {logging_mixin.py:190} INFO - [2025-04-04T19:26:50.499+0000] {dag.py:4180} INFO - Setting next_dagrun for example_sla_dag to 2025-04-04 19:24:00+00:00, run_after=2025-04-04 19:26:00+00:00
[2025-04-04T19:26:50.517+0000] {processor.py:208} INFO - Processing /home/airflow/.local/lib/python3.12/site-packages/airflow/example_dags/example_sla_dag.py took 0.088 seconds
[2025-04-04T19:27:21.074+0000] {processor.py:186} INFO - Started process (PID=4686) to work on /home/airflow/.local/lib/python3.12/site-packages/airflow/example_dags/example_sla_dag.py
[2025-04-04T19:27:21.075+0000] {processor.py:914} INFO - Processing file /home/airflow/.local/lib/python3.12/site-packages/airflow/example_dags/example_sla_dag.py for tasks to queue
[2025-04-04T19:27:21.078+0000] {logging_mixin.py:190} INFO - [2025-04-04T19:27:21.077+0000] {dagbag.py:588} INFO - Filling up the DagBag from /home/airflow/.local/lib/python3.12/site-packages/airflow/example_dags/example_sla_dag.py
[2025-04-04T19:27:21.087+0000] {processor.py:925} INFO - DAG(s) 'example_sla_dag' retrieved from /home/airflow/.local/lib/python3.12/site-packages/airflow/example_dags/example_sla_dag.py
[2025-04-04T19:27:21.104+0000] {logging_mixin.py:190} INFO - [2025-04-04T19:27:21.104+0000] {dag.py:3239} INFO - Sync 1 DAGs
[2025-04-04T19:27:21.130+0000] {logging_mixin.py:190} INFO - [2025-04-04T19:27:21.129+0000] {dag.py:4180} INFO - Setting next_dagrun for example_sla_dag to 2025-04-04 19:24:00+00:00, run_after=2025-04-04 19:26:00+00:00
[2025-04-04T19:27:21.149+0000] {processor.py:208} INFO - Processing /home/airflow/.local/lib/python3.12/site-packages/airflow/example_dags/example_sla_dag.py took 0.080 seconds
[2025-04-04T19:27:52.106+0000] {processor.py:186} INFO - Started process (PID=4752) to work on /home/airflow/.local/lib/python3.12/site-packages/airflow/example_dags/example_sla_dag.py
[2025-04-04T19:27:52.107+0000] {processor.py:914} INFO - Processing file /home/airflow/.local/lib/python3.12/site-packages/airflow/example_dags/example_sla_dag.py for tasks to queue
[2025-04-04T19:27:52.110+0000] {logging_mixin.py:190} INFO - [2025-04-04T19:27:52.110+0000] {dagbag.py:588} INFO - Filling up the DagBag from /home/airflow/.local/lib/python3.12/site-packages/airflow/example_dags/example_sla_dag.py
[2025-04-04T19:27:52.126+0000] {processor.py:925} INFO - DAG(s) 'example_sla_dag' retrieved from /home/airflow/.local/lib/python3.12/site-packages/airflow/example_dags/example_sla_dag.py
[2025-04-04T19:27:52.151+0000] {logging_mixin.py:190} INFO - [2025-04-04T19:27:52.151+0000] {dag.py:3239} INFO - Sync 1 DAGs
[2025-04-04T19:27:52.186+0000] {logging_mixin.py:190} INFO - [2025-04-04T19:27:52.186+0000] {dag.py:4180} INFO - Setting next_dagrun for example_sla_dag to 2025-04-04 19:24:00+00:00, run_after=2025-04-04 19:26:00+00:00
[2025-04-04T19:27:52.208+0000] {processor.py:208} INFO - Processing /home/airflow/.local/lib/python3.12/site-packages/airflow/example_dags/example_sla_dag.py took 0.110 seconds
[2025-04-04T19:28:22.778+0000] {processor.py:186} INFO - Started process (PID=4817) to work on /home/airflow/.local/lib/python3.12/site-packages/airflow/example_dags/example_sla_dag.py
[2025-04-04T19:28:22.779+0000] {processor.py:914} INFO - Processing file /home/airflow/.local/lib/python3.12/site-packages/airflow/example_dags/example_sla_dag.py for tasks to queue
[2025-04-04T19:28:22.781+0000] {logging_mixin.py:190} INFO - [2025-04-04T19:28:22.781+0000] {dagbag.py:588} INFO - Filling up the DagBag from /home/airflow/.local/lib/python3.12/site-packages/airflow/example_dags/example_sla_dag.py
[2025-04-04T19:28:22.790+0000] {processor.py:925} INFO - DAG(s) 'example_sla_dag' retrieved from /home/airflow/.local/lib/python3.12/site-packages/airflow/example_dags/example_sla_dag.py
[2025-04-04T19:28:22.808+0000] {logging_mixin.py:190} INFO - [2025-04-04T19:28:22.808+0000] {dag.py:3239} INFO - Sync 1 DAGs
[2025-04-04T19:28:22.832+0000] {logging_mixin.py:190} INFO - [2025-04-04T19:28:22.832+0000] {dag.py:4180} INFO - Setting next_dagrun for example_sla_dag to 2025-04-04 19:26:00+00:00, run_after=2025-04-04 19:28:00+00:00
[2025-04-04T19:28:22.845+0000] {processor.py:208} INFO - Processing /home/airflow/.local/lib/python3.12/site-packages/airflow/example_dags/example_sla_dag.py took 0.073 seconds
[2025-04-04T19:28:53.047+0000] {processor.py:186} INFO - Started process (PID=4882) to work on /home/airflow/.local/lib/python3.12/site-packages/airflow/example_dags/example_sla_dag.py
[2025-04-04T19:28:53.048+0000] {processor.py:914} INFO - Processing file /home/airflow/.local/lib/python3.12/site-packages/airflow/example_dags/example_sla_dag.py for tasks to queue
[2025-04-04T19:28:53.051+0000] {logging_mixin.py:190} INFO - [2025-04-04T19:28:53.050+0000] {dagbag.py:588} INFO - Filling up the DagBag from /home/airflow/.local/lib/python3.12/site-packages/airflow/example_dags/example_sla_dag.py
[2025-04-04T19:28:53.060+0000] {processor.py:925} INFO - DAG(s) 'example_sla_dag' retrieved from /home/airflow/.local/lib/python3.12/site-packages/airflow/example_dags/example_sla_dag.py
[2025-04-04T19:28:53.077+0000] {logging_mixin.py:190} INFO - [2025-04-04T19:28:53.077+0000] {dag.py:3239} INFO - Sync 1 DAGs
[2025-04-04T19:28:53.100+0000] {logging_mixin.py:190} INFO - [2025-04-04T19:28:53.099+0000] {dag.py:4180} INFO - Setting next_dagrun for example_sla_dag to 2025-04-04 19:26:00+00:00, run_after=2025-04-04 19:28:00+00:00
[2025-04-04T19:28:53.115+0000] {processor.py:208} INFO - Processing /home/airflow/.local/lib/python3.12/site-packages/airflow/example_dags/example_sla_dag.py took 0.074 seconds
[2025-04-04T19:29:23.188+0000] {processor.py:186} INFO - Started process (PID=4947) to work on /home/airflow/.local/lib/python3.12/site-packages/airflow/example_dags/example_sla_dag.py
[2025-04-04T19:29:23.189+0000] {processor.py:914} INFO - Processing file /home/airflow/.local/lib/python3.12/site-packages/airflow/example_dags/example_sla_dag.py for tasks to queue
[2025-04-04T19:29:23.191+0000] {logging_mixin.py:190} INFO - [2025-04-04T19:29:23.191+0000] {dagbag.py:588} INFO - Filling up the DagBag from /home/airflow/.local/lib/python3.12/site-packages/airflow/example_dags/example_sla_dag.py
[2025-04-04T19:29:23.201+0000] {processor.py:925} INFO - DAG(s) 'example_sla_dag' retrieved from /home/airflow/.local/lib/python3.12/site-packages/airflow/example_dags/example_sla_dag.py
[2025-04-04T19:29:23.220+0000] {logging_mixin.py:190} INFO - [2025-04-04T19:29:23.220+0000] {dag.py:3239} INFO - Sync 1 DAGs
[2025-04-04T19:29:23.248+0000] {logging_mixin.py:190} INFO - [2025-04-04T19:29:23.248+0000] {dag.py:4180} INFO - Setting next_dagrun for example_sla_dag to 2025-04-04 19:26:00+00:00, run_after=2025-04-04 19:28:00+00:00
[2025-04-04T19:29:23.265+0000] {processor.py:208} INFO - Processing /home/airflow/.local/lib/python3.12/site-packages/airflow/example_dags/example_sla_dag.py took 0.083 seconds
[2025-04-04T19:29:53.530+0000] {processor.py:186} INFO - Started process (PID=5012) to work on /home/airflow/.local/lib/python3.12/site-packages/airflow/example_dags/example_sla_dag.py
[2025-04-04T19:29:53.531+0000] {processor.py:914} INFO - Processing file /home/airflow/.local/lib/python3.12/site-packages/airflow/example_dags/example_sla_dag.py for tasks to queue
[2025-04-04T19:29:53.533+0000] {logging_mixin.py:190} INFO - [2025-04-04T19:29:53.533+0000] {dagbag.py:588} INFO - Filling up the DagBag from /home/airflow/.local/lib/python3.12/site-packages/airflow/example_dags/example_sla_dag.py
[2025-04-04T19:29:53.544+0000] {processor.py:925} INFO - DAG(s) 'example_sla_dag' retrieved from /home/airflow/.local/lib/python3.12/site-packages/airflow/example_dags/example_sla_dag.py
[2025-04-04T19:29:53.565+0000] {logging_mixin.py:190} INFO - [2025-04-04T19:29:53.565+0000] {dag.py:3239} INFO - Sync 1 DAGs
[2025-04-04T19:29:53.595+0000] {logging_mixin.py:190} INFO - [2025-04-04T19:29:53.595+0000] {dag.py:4180} INFO - Setting next_dagrun for example_sla_dag to 2025-04-04 19:26:00+00:00, run_after=2025-04-04 19:28:00+00:00
[2025-04-04T19:29:53.613+0000] {processor.py:208} INFO - Processing /home/airflow/.local/lib/python3.12/site-packages/airflow/example_dags/example_sla_dag.py took 0.090 seconds
[2025-04-04T19:30:24.065+0000] {processor.py:186} INFO - Started process (PID=5077) to work on /home/airflow/.local/lib/python3.12/site-packages/airflow/example_dags/example_sla_dag.py
[2025-04-04T19:30:24.066+0000] {processor.py:914} INFO - Processing file /home/airflow/.local/lib/python3.12/site-packages/airflow/example_dags/example_sla_dag.py for tasks to queue
[2025-04-04T19:30:24.068+0000] {logging_mixin.py:190} INFO - [2025-04-04T19:30:24.068+0000] {dagbag.py:588} INFO - Filling up the DagBag from /home/airflow/.local/lib/python3.12/site-packages/airflow/example_dags/example_sla_dag.py
[2025-04-04T19:30:24.077+0000] {processor.py:925} INFO - DAG(s) 'example_sla_dag' retrieved from /home/airflow/.local/lib/python3.12/site-packages/airflow/example_dags/example_sla_dag.py
[2025-04-04T19:30:24.095+0000] {logging_mixin.py:190} INFO - [2025-04-04T19:30:24.095+0000] {dag.py:3239} INFO - Sync 1 DAGs
[2025-04-04T19:30:24.117+0000] {logging_mixin.py:190} INFO - [2025-04-04T19:30:24.117+0000] {dag.py:4180} INFO - Setting next_dagrun for example_sla_dag to 2025-04-04 19:28:00+00:00, run_after=2025-04-04 19:30:00+00:00
[2025-04-04T19:30:24.133+0000] {processor.py:208} INFO - Processing /home/airflow/.local/lib/python3.12/site-packages/airflow/example_dags/example_sla_dag.py took 0.073 seconds
[2025-04-04T19:30:54.747+0000] {processor.py:186} INFO - Started process (PID=5142) to work on /home/airflow/.local/lib/python3.12/site-packages/airflow/example_dags/example_sla_dag.py
[2025-04-04T19:30:54.748+0000] {processor.py:914} INFO - Processing file /home/airflow/.local/lib/python3.12/site-packages/airflow/example_dags/example_sla_dag.py for tasks to queue
[2025-04-04T19:30:54.751+0000] {logging_mixin.py:190} INFO - [2025-04-04T19:30:54.751+0000] {dagbag.py:588} INFO - Filling up the DagBag from /home/airflow/.local/lib/python3.12/site-packages/airflow/example_dags/example_sla_dag.py
[2025-04-04T19:30:54.763+0000] {processor.py:925} INFO - DAG(s) 'example_sla_dag' retrieved from /home/airflow/.local/lib/python3.12/site-packages/airflow/example_dags/example_sla_dag.py
[2025-04-04T19:30:54.795+0000] {logging_mixin.py:190} INFO - [2025-04-04T19:30:54.795+0000] {dag.py:3239} INFO - Sync 1 DAGs
[2025-04-04T19:30:54.825+0000] {logging_mixin.py:190} INFO - [2025-04-04T19:30:54.825+0000] {dag.py:4180} INFO - Setting next_dagrun for example_sla_dag to 2025-04-04 19:28:00+00:00, run_after=2025-04-04 19:30:00+00:00
[2025-04-04T19:30:54.843+0000] {processor.py:208} INFO - Processing /home/airflow/.local/lib/python3.12/site-packages/airflow/example_dags/example_sla_dag.py took 0.103 seconds
[2025-04-04T19:31:25.268+0000] {processor.py:186} INFO - Started process (PID=5207) to work on /home/airflow/.local/lib/python3.12/site-packages/airflow/example_dags/example_sla_dag.py
[2025-04-04T19:31:25.274+0000] {processor.py:914} INFO - Processing file /home/airflow/.local/lib/python3.12/site-packages/airflow/example_dags/example_sla_dag.py for tasks to queue
[2025-04-04T19:31:25.276+0000] {logging_mixin.py:190} INFO - [2025-04-04T19:31:25.276+0000] {dagbag.py:588} INFO - Filling up the DagBag from /home/airflow/.local/lib/python3.12/site-packages/airflow/example_dags/example_sla_dag.py
[2025-04-04T19:31:25.286+0000] {processor.py:925} INFO - DAG(s) 'example_sla_dag' retrieved from /home/airflow/.local/lib/python3.12/site-packages/airflow/example_dags/example_sla_dag.py
[2025-04-04T19:31:25.303+0000] {logging_mixin.py:190} INFO - [2025-04-04T19:31:25.303+0000] {dag.py:3239} INFO - Sync 1 DAGs
[2025-04-04T19:31:25.326+0000] {logging_mixin.py:190} INFO - [2025-04-04T19:31:25.326+0000] {dag.py:4180} INFO - Setting next_dagrun for example_sla_dag to 2025-04-04 19:28:00+00:00, run_after=2025-04-04 19:30:00+00:00
[2025-04-04T19:31:25.342+0000] {processor.py:208} INFO - Processing /home/airflow/.local/lib/python3.12/site-packages/airflow/example_dags/example_sla_dag.py took 0.079 seconds
[2025-04-04T19:31:55.457+0000] {processor.py:186} INFO - Started process (PID=5273) to work on /home/airflow/.local/lib/python3.12/site-packages/airflow/example_dags/example_sla_dag.py
[2025-04-04T19:31:55.458+0000] {processor.py:914} INFO - Processing file /home/airflow/.local/lib/python3.12/site-packages/airflow/example_dags/example_sla_dag.py for tasks to queue
[2025-04-04T19:31:55.461+0000] {logging_mixin.py:190} INFO - [2025-04-04T19:31:55.460+0000] {dagbag.py:588} INFO - Filling up the DagBag from /home/airflow/.local/lib/python3.12/site-packages/airflow/example_dags/example_sla_dag.py
[2025-04-04T19:31:55.472+0000] {processor.py:925} INFO - DAG(s) 'example_sla_dag' retrieved from /home/airflow/.local/lib/python3.12/site-packages/airflow/example_dags/example_sla_dag.py
[2025-04-04T19:31:55.494+0000] {logging_mixin.py:190} INFO - [2025-04-04T19:31:55.494+0000] {dag.py:3239} INFO - Sync 1 DAGs
[2025-04-04T19:31:55.518+0000] {logging_mixin.py:190} INFO - [2025-04-04T19:31:55.518+0000] {dag.py:4180} INFO - Setting next_dagrun for example_sla_dag to 2025-04-04 19:28:00+00:00, run_after=2025-04-04 19:30:00+00:00
[2025-04-04T19:31:55.535+0000] {processor.py:208} INFO - Processing /home/airflow/.local/lib/python3.12/site-packages/airflow/example_dags/example_sla_dag.py took 0.083 seconds
[2025-04-04T19:32:25.961+0000] {processor.py:186} INFO - Started process (PID=5338) to work on /home/airflow/.local/lib/python3.12/site-packages/airflow/example_dags/example_sla_dag.py
[2025-04-04T19:32:25.962+0000] {processor.py:914} INFO - Processing file /home/airflow/.local/lib/python3.12/site-packages/airflow/example_dags/example_sla_dag.py for tasks to queue
[2025-04-04T19:32:25.964+0000] {logging_mixin.py:190} INFO - [2025-04-04T19:32:25.963+0000] {dagbag.py:588} INFO - Filling up the DagBag from /home/airflow/.local/lib/python3.12/site-packages/airflow/example_dags/example_sla_dag.py
[2025-04-04T19:32:25.973+0000] {processor.py:925} INFO - DAG(s) 'example_sla_dag' retrieved from /home/airflow/.local/lib/python3.12/site-packages/airflow/example_dags/example_sla_dag.py
[2025-04-04T19:32:25.992+0000] {logging_mixin.py:190} INFO - [2025-04-04T19:32:25.991+0000] {dag.py:3239} INFO - Sync 1 DAGs
[2025-04-04T19:32:26.015+0000] {logging_mixin.py:190} INFO - [2025-04-04T19:32:26.015+0000] {dag.py:4180} INFO - Setting next_dagrun for example_sla_dag to 2025-04-04 19:30:00+00:00, run_after=2025-04-04 19:32:00+00:00
[2025-04-04T19:32:26.031+0000] {processor.py:208} INFO - Processing /home/airflow/.local/lib/python3.12/site-packages/airflow/example_dags/example_sla_dag.py took 0.076 seconds
[2025-04-04T19:32:56.605+0000] {processor.py:186} INFO - Started process (PID=5403) to work on /home/airflow/.local/lib/python3.12/site-packages/airflow/example_dags/example_sla_dag.py
[2025-04-04T19:32:56.607+0000] {processor.py:914} INFO - Processing file /home/airflow/.local/lib/python3.12/site-packages/airflow/example_dags/example_sla_dag.py for tasks to queue
[2025-04-04T19:32:56.611+0000] {logging_mixin.py:190} INFO - [2025-04-04T19:32:56.611+0000] {dagbag.py:588} INFO - Filling up the DagBag from /home/airflow/.local/lib/python3.12/site-packages/airflow/example_dags/example_sla_dag.py
[2025-04-04T19:32:56.623+0000] {processor.py:925} INFO - DAG(s) 'example_sla_dag' retrieved from /home/airflow/.local/lib/python3.12/site-packages/airflow/example_dags/example_sla_dag.py
[2025-04-04T19:32:56.649+0000] {logging_mixin.py:190} INFO - [2025-04-04T19:32:56.648+0000] {dag.py:3239} INFO - Sync 1 DAGs
[2025-04-04T19:32:56.680+0000] {logging_mixin.py:190} INFO - [2025-04-04T19:32:56.680+0000] {dag.py:4180} INFO - Setting next_dagrun for example_sla_dag to 2025-04-04 19:30:00+00:00, run_after=2025-04-04 19:32:00+00:00
[2025-04-04T19:32:56.703+0000] {processor.py:208} INFO - Processing /home/airflow/.local/lib/python3.12/site-packages/airflow/example_dags/example_sla_dag.py took 0.106 seconds
[2025-04-04T19:33:26.932+0000] {processor.py:186} INFO - Started process (PID=5468) to work on /home/airflow/.local/lib/python3.12/site-packages/airflow/example_dags/example_sla_dag.py
[2025-04-04T19:33:26.933+0000] {processor.py:914} INFO - Processing file /home/airflow/.local/lib/python3.12/site-packages/airflow/example_dags/example_sla_dag.py for tasks to queue
[2025-04-04T19:33:26.935+0000] {logging_mixin.py:190} INFO - [2025-04-04T19:33:26.935+0000] {dagbag.py:588} INFO - Filling up the DagBag from /home/airflow/.local/lib/python3.12/site-packages/airflow/example_dags/example_sla_dag.py
[2025-04-04T19:33:26.946+0000] {processor.py:925} INFO - DAG(s) 'example_sla_dag' retrieved from /home/airflow/.local/lib/python3.12/site-packages/airflow/example_dags/example_sla_dag.py
[2025-04-04T19:33:26.967+0000] {logging_mixin.py:190} INFO - [2025-04-04T19:33:26.966+0000] {dag.py:3239} INFO - Sync 1 DAGs
[2025-04-04T19:33:26.995+0000] {logging_mixin.py:190} INFO - [2025-04-04T19:33:26.995+0000] {dag.py:4180} INFO - Setting next_dagrun for example_sla_dag to 2025-04-04 19:30:00+00:00, run_after=2025-04-04 19:32:00+00:00
[2025-04-04T19:33:27.014+0000] {processor.py:208} INFO - Processing /home/airflow/.local/lib/python3.12/site-packages/airflow/example_dags/example_sla_dag.py took 0.088 seconds
[2025-04-04T19:33:57.183+0000] {processor.py:186} INFO - Started process (PID=5533) to work on /home/airflow/.local/lib/python3.12/site-packages/airflow/example_dags/example_sla_dag.py
[2025-04-04T19:33:57.184+0000] {processor.py:914} INFO - Processing file /home/airflow/.local/lib/python3.12/site-packages/airflow/example_dags/example_sla_dag.py for tasks to queue
[2025-04-04T19:33:57.186+0000] {logging_mixin.py:190} INFO - [2025-04-04T19:33:57.186+0000] {dagbag.py:588} INFO - Filling up the DagBag from /home/airflow/.local/lib/python3.12/site-packages/airflow/example_dags/example_sla_dag.py
[2025-04-04T19:33:57.196+0000] {processor.py:925} INFO - DAG(s) 'example_sla_dag' retrieved from /home/airflow/.local/lib/python3.12/site-packages/airflow/example_dags/example_sla_dag.py
[2025-04-04T19:33:57.218+0000] {logging_mixin.py:190} INFO - [2025-04-04T19:33:57.218+0000] {dag.py:3239} INFO - Sync 1 DAGs
[2025-04-04T19:33:57.244+0000] {logging_mixin.py:190} INFO - [2025-04-04T19:33:57.244+0000] {dag.py:4180} INFO - Setting next_dagrun for example_sla_dag to 2025-04-04 19:30:00+00:00, run_after=2025-04-04 19:32:00+00:00
[2025-04-04T19:33:57.260+0000] {processor.py:208} INFO - Processing /home/airflow/.local/lib/python3.12/site-packages/airflow/example_dags/example_sla_dag.py took 0.082 seconds
[2025-04-04T19:34:27.654+0000] {processor.py:186} INFO - Started process (PID=5598) to work on /home/airflow/.local/lib/python3.12/site-packages/airflow/example_dags/example_sla_dag.py
[2025-04-04T19:34:27.654+0000] {processor.py:914} INFO - Processing file /home/airflow/.local/lib/python3.12/site-packages/airflow/example_dags/example_sla_dag.py for tasks to queue
[2025-04-04T19:34:27.657+0000] {logging_mixin.py:190} INFO - [2025-04-04T19:34:27.657+0000] {dagbag.py:588} INFO - Filling up the DagBag from /home/airflow/.local/lib/python3.12/site-packages/airflow/example_dags/example_sla_dag.py
[2025-04-04T19:34:27.668+0000] {processor.py:925} INFO - DAG(s) 'example_sla_dag' retrieved from /home/airflow/.local/lib/python3.12/site-packages/airflow/example_dags/example_sla_dag.py
[2025-04-04T19:34:27.689+0000] {logging_mixin.py:190} INFO - [2025-04-04T19:34:27.688+0000] {dag.py:3239} INFO - Sync 1 DAGs
[2025-04-04T19:34:27.715+0000] {logging_mixin.py:190} INFO - [2025-04-04T19:34:27.714+0000] {dag.py:4180} INFO - Setting next_dagrun for example_sla_dag to 2025-04-04 19:32:00+00:00, run_after=2025-04-04 19:34:00+00:00
[2025-04-04T19:34:27.733+0000] {processor.py:208} INFO - Processing /home/airflow/.local/lib/python3.12/site-packages/airflow/example_dags/example_sla_dag.py took 0.086 seconds
[2025-04-04T19:34:58.057+0000] {processor.py:186} INFO - Started process (PID=5663) to work on /home/airflow/.local/lib/python3.12/site-packages/airflow/example_dags/example_sla_dag.py
[2025-04-04T19:34:58.058+0000] {processor.py:914} INFO - Processing file /home/airflow/.local/lib/python3.12/site-packages/airflow/example_dags/example_sla_dag.py for tasks to queue
[2025-04-04T19:34:58.060+0000] {logging_mixin.py:190} INFO - [2025-04-04T19:34:58.060+0000] {dagbag.py:588} INFO - Filling up the DagBag from /home/airflow/.local/lib/python3.12/site-packages/airflow/example_dags/example_sla_dag.py
[2025-04-04T19:34:58.073+0000] {processor.py:925} INFO - DAG(s) 'example_sla_dag' retrieved from /home/airflow/.local/lib/python3.12/site-packages/airflow/example_dags/example_sla_dag.py
[2025-04-04T19:34:58.095+0000] {logging_mixin.py:190} INFO - [2025-04-04T19:34:58.095+0000] {dag.py:3239} INFO - Sync 1 DAGs
[2025-04-04T19:34:58.122+0000] {logging_mixin.py:190} INFO - [2025-04-04T19:34:58.122+0000] {dag.py:4180} INFO - Setting next_dagrun for example_sla_dag to 2025-04-04 19:32:00+00:00, run_after=2025-04-04 19:34:00+00:00
[2025-04-04T19:34:58.141+0000] {processor.py:208} INFO - Processing /home/airflow/.local/lib/python3.12/site-packages/airflow/example_dags/example_sla_dag.py took 0.089 seconds
[2025-04-04T19:35:28.816+0000] {processor.py:186} INFO - Started process (PID=5728) to work on /home/airflow/.local/lib/python3.12/site-packages/airflow/example_dags/example_sla_dag.py
[2025-04-04T19:35:28.817+0000] {processor.py:914} INFO - Processing file /home/airflow/.local/lib/python3.12/site-packages/airflow/example_dags/example_sla_dag.py for tasks to queue
[2025-04-04T19:35:28.821+0000] {logging_mixin.py:190} INFO - [2025-04-04T19:35:28.820+0000] {dagbag.py:588} INFO - Filling up the DagBag from /home/airflow/.local/lib/python3.12/site-packages/airflow/example_dags/example_sla_dag.py
[2025-04-04T19:35:28.832+0000] {processor.py:925} INFO - DAG(s) 'example_sla_dag' retrieved from /home/airflow/.local/lib/python3.12/site-packages/airflow/example_dags/example_sla_dag.py
[2025-04-04T19:35:28.854+0000] {logging_mixin.py:190} INFO - [2025-04-04T19:35:28.853+0000] {dag.py:3239} INFO - Sync 1 DAGs
[2025-04-04T19:35:28.878+0000] {logging_mixin.py:190} INFO - [2025-04-04T19:35:28.878+0000] {dag.py:4180} INFO - Setting next_dagrun for example_sla_dag to 2025-04-04 19:32:00+00:00, run_after=2025-04-04 19:34:00+00:00
[2025-04-04T19:35:28.898+0000] {processor.py:208} INFO - Processing /home/airflow/.local/lib/python3.12/site-packages/airflow/example_dags/example_sla_dag.py took 0.088 seconds
[2025-04-04T19:35:59.460+0000] {processor.py:186} INFO - Started process (PID=5793) to work on /home/airflow/.local/lib/python3.12/site-packages/airflow/example_dags/example_sla_dag.py
[2025-04-04T19:35:59.462+0000] {processor.py:914} INFO - Processing file /home/airflow/.local/lib/python3.12/site-packages/airflow/example_dags/example_sla_dag.py for tasks to queue
[2025-04-04T19:35:59.464+0000] {logging_mixin.py:190} INFO - [2025-04-04T19:35:59.463+0000] {dagbag.py:588} INFO - Filling up the DagBag from /home/airflow/.local/lib/python3.12/site-packages/airflow/example_dags/example_sla_dag.py
[2025-04-04T19:35:59.476+0000] {processor.py:925} INFO - DAG(s) 'example_sla_dag' retrieved from /home/airflow/.local/lib/python3.12/site-packages/airflow/example_dags/example_sla_dag.py
[2025-04-04T19:35:59.497+0000] {logging_mixin.py:190} INFO - [2025-04-04T19:35:59.497+0000] {dag.py:3239} INFO - Sync 1 DAGs
[2025-04-04T19:35:59.527+0000] {logging_mixin.py:190} INFO - [2025-04-04T19:35:59.527+0000] {dag.py:4180} INFO - Setting next_dagrun for example_sla_dag to 2025-04-04 19:32:00+00:00, run_after=2025-04-04 19:34:00+00:00
[2025-04-04T19:35:59.546+0000] {processor.py:208} INFO - Processing /home/airflow/.local/lib/python3.12/site-packages/airflow/example_dags/example_sla_dag.py took 0.092 seconds
[2025-04-04T19:36:29.815+0000] {processor.py:186} INFO - Started process (PID=5858) to work on /home/airflow/.local/lib/python3.12/site-packages/airflow/example_dags/example_sla_dag.py
[2025-04-04T19:36:29.816+0000] {processor.py:914} INFO - Processing file /home/airflow/.local/lib/python3.12/site-packages/airflow/example_dags/example_sla_dag.py for tasks to queue
[2025-04-04T19:36:29.818+0000] {logging_mixin.py:190} INFO - [2025-04-04T19:36:29.818+0000] {dagbag.py:588} INFO - Filling up the DagBag from /home/airflow/.local/lib/python3.12/site-packages/airflow/example_dags/example_sla_dag.py
[2025-04-04T19:36:29.827+0000] {processor.py:925} INFO - DAG(s) 'example_sla_dag' retrieved from /home/airflow/.local/lib/python3.12/site-packages/airflow/example_dags/example_sla_dag.py
[2025-04-04T19:36:29.847+0000] {logging_mixin.py:190} INFO - [2025-04-04T19:36:29.846+0000] {dag.py:3239} INFO - Sync 1 DAGs
[2025-04-04T19:36:29.872+0000] {logging_mixin.py:190} INFO - [2025-04-04T19:36:29.872+0000] {dag.py:4180} INFO - Setting next_dagrun for example_sla_dag to 2025-04-04 19:34:00+00:00, run_after=2025-04-04 19:36:00+00:00
[2025-04-04T19:36:29.891+0000] {processor.py:208} INFO - Processing /home/airflow/.local/lib/python3.12/site-packages/airflow/example_dags/example_sla_dag.py took 0.082 seconds
[2025-04-04T19:36:59.956+0000] {processor.py:186} INFO - Started process (PID=5923) to work on /home/airflow/.local/lib/python3.12/site-packages/airflow/example_dags/example_sla_dag.py
[2025-04-04T19:36:59.957+0000] {processor.py:914} INFO - Processing file /home/airflow/.local/lib/python3.12/site-packages/airflow/example_dags/example_sla_dag.py for tasks to queue
[2025-04-04T19:36:59.959+0000] {logging_mixin.py:190} INFO - [2025-04-04T19:36:59.959+0000] {dagbag.py:588} INFO - Filling up the DagBag from /home/airflow/.local/lib/python3.12/site-packages/airflow/example_dags/example_sla_dag.py
[2025-04-04T19:36:59.969+0000] {processor.py:925} INFO - DAG(s) 'example_sla_dag' retrieved from /home/airflow/.local/lib/python3.12/site-packages/airflow/example_dags/example_sla_dag.py
[2025-04-04T19:36:59.987+0000] {logging_mixin.py:190} INFO - [2025-04-04T19:36:59.987+0000] {dag.py:3239} INFO - Sync 1 DAGs
[2025-04-04T19:37:00.015+0000] {logging_mixin.py:190} INFO - [2025-04-04T19:37:00.014+0000] {dag.py:4180} INFO - Setting next_dagrun for example_sla_dag to 2025-04-04 19:34:00+00:00, run_after=2025-04-04 19:36:00+00:00
[2025-04-04T19:37:00.040+0000] {processor.py:208} INFO - Processing /home/airflow/.local/lib/python3.12/site-packages/airflow/example_dags/example_sla_dag.py took 0.089 seconds
[2025-04-04T19:39:57.827+0000] {processor.py:186} INFO - Started process (PID=43) to work on /home/airflow/.local/lib/python3.12/site-packages/airflow/example_dags/example_sla_dag.py
[2025-04-04T19:39:57.828+0000] {processor.py:914} INFO - Processing file /home/airflow/.local/lib/python3.12/site-packages/airflow/example_dags/example_sla_dag.py for tasks to queue
[2025-04-04T19:39:57.831+0000] {logging_mixin.py:190} INFO - [2025-04-04T19:39:57.830+0000] {dagbag.py:588} INFO - Filling up the DagBag from /home/airflow/.local/lib/python3.12/site-packages/airflow/example_dags/example_sla_dag.py
[2025-04-04T19:39:57.845+0000] {processor.py:925} INFO - DAG(s) 'example_sla_dag' retrieved from /home/airflow/.local/lib/python3.12/site-packages/airflow/example_dags/example_sla_dag.py
[2025-04-04T19:39:57.870+0000] {logging_mixin.py:190} INFO - [2025-04-04T19:39:57.870+0000] {dag.py:3239} INFO - Sync 1 DAGs
[2025-04-04T19:39:57.897+0000] {logging_mixin.py:190} INFO - [2025-04-04T19:39:57.897+0000] {dag.py:4180} INFO - Setting next_dagrun for example_sla_dag to 2025-04-04 19:36:00+00:00, run_after=2025-04-04 19:38:00+00:00
[2025-04-04T19:39:57.915+0000] {processor.py:208} INFO - Processing /home/airflow/.local/lib/python3.12/site-packages/airflow/example_dags/example_sla_dag.py took 0.093 seconds
[2025-04-04T19:40:28.336+0000] {processor.py:186} INFO - Started process (PID=108) to work on /home/airflow/.local/lib/python3.12/site-packages/airflow/example_dags/example_sla_dag.py
[2025-04-04T19:40:28.337+0000] {processor.py:914} INFO - Processing file /home/airflow/.local/lib/python3.12/site-packages/airflow/example_dags/example_sla_dag.py for tasks to queue
[2025-04-04T19:40:28.339+0000] {logging_mixin.py:190} INFO - [2025-04-04T19:40:28.338+0000] {dagbag.py:588} INFO - Filling up the DagBag from /home/airflow/.local/lib/python3.12/site-packages/airflow/example_dags/example_sla_dag.py
[2025-04-04T19:40:28.348+0000] {processor.py:925} INFO - DAG(s) 'example_sla_dag' retrieved from /home/airflow/.local/lib/python3.12/site-packages/airflow/example_dags/example_sla_dag.py
[2025-04-04T19:40:28.366+0000] {logging_mixin.py:190} INFO - [2025-04-04T19:40:28.365+0000] {dag.py:3239} INFO - Sync 1 DAGs
[2025-04-04T19:40:28.390+0000] {logging_mixin.py:190} INFO - [2025-04-04T19:40:28.390+0000] {dag.py:4180} INFO - Setting next_dagrun for example_sla_dag to 2025-04-04 19:38:00+00:00, run_after=2025-04-04 19:40:00+00:00
[2025-04-04T19:40:28.407+0000] {processor.py:208} INFO - Processing /home/airflow/.local/lib/python3.12/site-packages/airflow/example_dags/example_sla_dag.py took 0.076 seconds
[2025-04-04T19:40:58.486+0000] {processor.py:186} INFO - Started process (PID=175) to work on /home/airflow/.local/lib/python3.12/site-packages/airflow/example_dags/example_sla_dag.py
[2025-04-04T19:40:58.487+0000] {processor.py:914} INFO - Processing file /home/airflow/.local/lib/python3.12/site-packages/airflow/example_dags/example_sla_dag.py for tasks to queue
[2025-04-04T19:40:58.489+0000] {logging_mixin.py:190} INFO - [2025-04-04T19:40:58.489+0000] {dagbag.py:588} INFO - Filling up the DagBag from /home/airflow/.local/lib/python3.12/site-packages/airflow/example_dags/example_sla_dag.py
[2025-04-04T19:40:58.499+0000] {processor.py:925} INFO - DAG(s) 'example_sla_dag' retrieved from /home/airflow/.local/lib/python3.12/site-packages/airflow/example_dags/example_sla_dag.py
[2025-04-04T19:40:58.518+0000] {logging_mixin.py:190} INFO - [2025-04-04T19:40:58.518+0000] {dag.py:3239} INFO - Sync 1 DAGs
[2025-04-04T19:40:58.544+0000] {logging_mixin.py:190} INFO - [2025-04-04T19:40:58.544+0000] {dag.py:4180} INFO - Setting next_dagrun for example_sla_dag to 2025-04-04 19:38:00+00:00, run_after=2025-04-04 19:40:00+00:00
[2025-04-04T19:40:58.562+0000] {processor.py:208} INFO - Processing /home/airflow/.local/lib/python3.12/site-packages/airflow/example_dags/example_sla_dag.py took 0.080 seconds
