[2025-04-04T19:07:20.508+0000] {processor.py:186} INFO - Started process (PID=2180) to work on /home/airflow/.local/lib/python3.12/site-packages/airflow/example_dags/example_skip_dag.py
[2025-04-04T19:07:20.509+0000] {processor.py:914} INFO - Processing file /home/airflow/.local/lib/python3.12/site-packages/airflow/example_dags/example_skip_dag.py for tasks to queue
[2025-04-04T19:07:20.511+0000] {logging_mixin.py:190} INFO - [2025-04-04T19:07:20.511+0000] {dagbag.py:588} INFO - Filling up the DagBag from /home/airflow/.local/lib/python3.12/site-packages/airflow/example_dags/example_skip_dag.py
[2025-04-04T19:07:20.520+0000] {processor.py:925} INFO - DAG(s) 'example_skip_dag' retrieved from /home/airflow/.local/lib/python3.12/site-packages/airflow/example_dags/example_skip_dag.py
[2025-04-04T19:07:20.542+0000] {logging_mixin.py:190} INFO - [2025-04-04T19:07:20.541+0000] {dag.py:3239} INFO - Sync 1 DAGs
[2025-04-04T19:07:20.565+0000] {logging_mixin.py:190} INFO - [2025-04-04T19:07:20.565+0000] {dag.py:4180} INFO - Setting next_dagrun for example_skip_dag to 2025-04-03 00:00:00+00:00, run_after=2025-04-04 00:00:00+00:00
[2025-04-04T19:07:20.582+0000] {processor.py:208} INFO - Processing /home/airflow/.local/lib/python3.12/site-packages/airflow/example_dags/example_skip_dag.py took 0.080 seconds
[2025-04-04T19:07:51.784+0000] {processor.py:186} INFO - Started process (PID=2245) to work on /home/airflow/.local/lib/python3.12/site-packages/airflow/example_dags/example_skip_dag.py
[2025-04-04T19:07:51.785+0000] {processor.py:914} INFO - Processing file /home/airflow/.local/lib/python3.12/site-packages/airflow/example_dags/example_skip_dag.py for tasks to queue
[2025-04-04T19:07:51.787+0000] {logging_mixin.py:190} INFO - [2025-04-04T19:07:51.787+0000] {dagbag.py:588} INFO - Filling up the DagBag from /home/airflow/.local/lib/python3.12/site-packages/airflow/example_dags/example_skip_dag.py
[2025-04-04T19:07:51.795+0000] {processor.py:925} INFO - DAG(s) 'example_skip_dag' retrieved from /home/airflow/.local/lib/python3.12/site-packages/airflow/example_dags/example_skip_dag.py
[2025-04-04T19:07:51.815+0000] {logging_mixin.py:190} INFO - [2025-04-04T19:07:51.815+0000] {dag.py:3239} INFO - Sync 1 DAGs
[2025-04-04T19:07:51.837+0000] {logging_mixin.py:190} INFO - [2025-04-04T19:07:51.836+0000] {dag.py:4180} INFO - Setting next_dagrun for example_skip_dag to 2025-04-03 00:00:00+00:00, run_after=2025-04-04 00:00:00+00:00
[2025-04-04T19:07:51.855+0000] {processor.py:208} INFO - Processing /home/airflow/.local/lib/python3.12/site-packages/airflow/example_dags/example_skip_dag.py took 0.077 seconds
[2025-04-04T19:08:22.668+0000] {processor.py:186} INFO - Started process (PID=2309) to work on /home/airflow/.local/lib/python3.12/site-packages/airflow/example_dags/example_skip_dag.py
[2025-04-04T19:08:22.668+0000] {processor.py:914} INFO - Processing file /home/airflow/.local/lib/python3.12/site-packages/airflow/example_dags/example_skip_dag.py for tasks to queue
[2025-04-04T19:08:22.670+0000] {logging_mixin.py:190} INFO - [2025-04-04T19:08:22.670+0000] {dagbag.py:588} INFO - Filling up the DagBag from /home/airflow/.local/lib/python3.12/site-packages/airflow/example_dags/example_skip_dag.py
[2025-04-04T19:08:22.677+0000] {processor.py:925} INFO - DAG(s) 'example_skip_dag' retrieved from /home/airflow/.local/lib/python3.12/site-packages/airflow/example_dags/example_skip_dag.py
[2025-04-04T19:08:22.697+0000] {logging_mixin.py:190} INFO - [2025-04-04T19:08:22.697+0000] {dag.py:3239} INFO - Sync 1 DAGs
[2025-04-04T19:08:22.718+0000] {logging_mixin.py:190} INFO - [2025-04-04T19:08:22.718+0000] {dag.py:4180} INFO - Setting next_dagrun for example_skip_dag to 2025-04-03 00:00:00+00:00, run_after=2025-04-04 00:00:00+00:00
[2025-04-04T19:08:22.736+0000] {processor.py:208} INFO - Processing /home/airflow/.local/lib/python3.12/site-packages/airflow/example_dags/example_skip_dag.py took 0.074 seconds
[2025-04-04T19:08:54.128+0000] {processor.py:186} INFO - Started process (PID=2373) to work on /home/airflow/.local/lib/python3.12/site-packages/airflow/example_dags/example_skip_dag.py
[2025-04-04T19:08:54.129+0000] {processor.py:914} INFO - Processing file /home/airflow/.local/lib/python3.12/site-packages/airflow/example_dags/example_skip_dag.py for tasks to queue
[2025-04-04T19:08:54.131+0000] {logging_mixin.py:190} INFO - [2025-04-04T19:08:54.131+0000] {dagbag.py:588} INFO - Filling up the DagBag from /home/airflow/.local/lib/python3.12/site-packages/airflow/example_dags/example_skip_dag.py
[2025-04-04T19:08:54.139+0000] {processor.py:925} INFO - DAG(s) 'example_skip_dag' retrieved from /home/airflow/.local/lib/python3.12/site-packages/airflow/example_dags/example_skip_dag.py
[2025-04-04T19:08:54.159+0000] {logging_mixin.py:190} INFO - [2025-04-04T19:08:54.159+0000] {dag.py:3239} INFO - Sync 1 DAGs
[2025-04-04T19:08:54.181+0000] {logging_mixin.py:190} INFO - [2025-04-04T19:08:54.181+0000] {dag.py:4180} INFO - Setting next_dagrun for example_skip_dag to 2025-04-03 00:00:00+00:00, run_after=2025-04-04 00:00:00+00:00
[2025-04-04T19:08:54.198+0000] {processor.py:208} INFO - Processing /home/airflow/.local/lib/python3.12/site-packages/airflow/example_dags/example_skip_dag.py took 0.075 seconds
[2025-04-04T19:09:25.349+0000] {processor.py:186} INFO - Started process (PID=2437) to work on /home/airflow/.local/lib/python3.12/site-packages/airflow/example_dags/example_skip_dag.py
[2025-04-04T19:09:25.350+0000] {processor.py:914} INFO - Processing file /home/airflow/.local/lib/python3.12/site-packages/airflow/example_dags/example_skip_dag.py for tasks to queue
[2025-04-04T19:09:25.352+0000] {logging_mixin.py:190} INFO - [2025-04-04T19:09:25.352+0000] {dagbag.py:588} INFO - Filling up the DagBag from /home/airflow/.local/lib/python3.12/site-packages/airflow/example_dags/example_skip_dag.py
[2025-04-04T19:09:25.359+0000] {processor.py:925} INFO - DAG(s) 'example_skip_dag' retrieved from /home/airflow/.local/lib/python3.12/site-packages/airflow/example_dags/example_skip_dag.py
[2025-04-04T19:09:25.384+0000] {logging_mixin.py:190} INFO - [2025-04-04T19:09:25.384+0000] {dag.py:3239} INFO - Sync 1 DAGs
[2025-04-04T19:09:25.404+0000] {logging_mixin.py:190} INFO - [2025-04-04T19:09:25.404+0000] {dag.py:4180} INFO - Setting next_dagrun for example_skip_dag to 2025-04-03 00:00:00+00:00, run_after=2025-04-04 00:00:00+00:00
[2025-04-04T19:09:25.421+0000] {processor.py:208} INFO - Processing /home/airflow/.local/lib/python3.12/site-packages/airflow/example_dags/example_skip_dag.py took 0.077 seconds
[2025-04-04T19:09:56.320+0000] {processor.py:186} INFO - Started process (PID=2501) to work on /home/airflow/.local/lib/python3.12/site-packages/airflow/example_dags/example_skip_dag.py
[2025-04-04T19:09:56.321+0000] {processor.py:914} INFO - Processing file /home/airflow/.local/lib/python3.12/site-packages/airflow/example_dags/example_skip_dag.py for tasks to queue
[2025-04-04T19:09:56.323+0000] {logging_mixin.py:190} INFO - [2025-04-04T19:09:56.323+0000] {dagbag.py:588} INFO - Filling up the DagBag from /home/airflow/.local/lib/python3.12/site-packages/airflow/example_dags/example_skip_dag.py
[2025-04-04T19:09:56.331+0000] {processor.py:925} INFO - DAG(s) 'example_skip_dag' retrieved from /home/airflow/.local/lib/python3.12/site-packages/airflow/example_dags/example_skip_dag.py
[2025-04-04T19:09:56.355+0000] {logging_mixin.py:190} INFO - [2025-04-04T19:09:56.355+0000] {dag.py:3239} INFO - Sync 1 DAGs
[2025-04-04T19:09:56.386+0000] {logging_mixin.py:190} INFO - [2025-04-04T19:09:56.386+0000] {dag.py:4180} INFO - Setting next_dagrun for example_skip_dag to 2025-04-03 00:00:00+00:00, run_after=2025-04-04 00:00:00+00:00
[2025-04-04T19:09:56.404+0000] {processor.py:208} INFO - Processing /home/airflow/.local/lib/python3.12/site-packages/airflow/example_dags/example_skip_dag.py took 0.090 seconds
[2025-04-04T19:10:27.157+0000] {processor.py:186} INFO - Started process (PID=2567) to work on /home/airflow/.local/lib/python3.12/site-packages/airflow/example_dags/example_skip_dag.py
[2025-04-04T19:10:27.158+0000] {processor.py:914} INFO - Processing file /home/airflow/.local/lib/python3.12/site-packages/airflow/example_dags/example_skip_dag.py for tasks to queue
[2025-04-04T19:10:27.160+0000] {logging_mixin.py:190} INFO - [2025-04-04T19:10:27.160+0000] {dagbag.py:588} INFO - Filling up the DagBag from /home/airflow/.local/lib/python3.12/site-packages/airflow/example_dags/example_skip_dag.py
[2025-04-04T19:10:27.167+0000] {processor.py:925} INFO - DAG(s) 'example_skip_dag' retrieved from /home/airflow/.local/lib/python3.12/site-packages/airflow/example_dags/example_skip_dag.py
[2025-04-04T19:10:27.189+0000] {logging_mixin.py:190} INFO - [2025-04-04T19:10:27.188+0000] {dag.py:3239} INFO - Sync 1 DAGs
[2025-04-04T19:10:27.211+0000] {logging_mixin.py:190} INFO - [2025-04-04T19:10:27.211+0000] {dag.py:4180} INFO - Setting next_dagrun for example_skip_dag to 2025-04-03 00:00:00+00:00, run_after=2025-04-04 00:00:00+00:00
[2025-04-04T19:10:27.228+0000] {processor.py:208} INFO - Processing /home/airflow/.local/lib/python3.12/site-packages/airflow/example_dags/example_skip_dag.py took 0.077 seconds
[2025-04-04T19:10:57.960+0000] {processor.py:186} INFO - Started process (PID=2631) to work on /home/airflow/.local/lib/python3.12/site-packages/airflow/example_dags/example_skip_dag.py
[2025-04-04T19:10:57.961+0000] {processor.py:914} INFO - Processing file /home/airflow/.local/lib/python3.12/site-packages/airflow/example_dags/example_skip_dag.py for tasks to queue
[2025-04-04T19:10:57.964+0000] {logging_mixin.py:190} INFO - [2025-04-04T19:10:57.963+0000] {dagbag.py:588} INFO - Filling up the DagBag from /home/airflow/.local/lib/python3.12/site-packages/airflow/example_dags/example_skip_dag.py
[2025-04-04T19:10:57.974+0000] {processor.py:925} INFO - DAG(s) 'example_skip_dag' retrieved from /home/airflow/.local/lib/python3.12/site-packages/airflow/example_dags/example_skip_dag.py
[2025-04-04T19:10:57.997+0000] {logging_mixin.py:190} INFO - [2025-04-04T19:10:57.997+0000] {dag.py:3239} INFO - Sync 1 DAGs
[2025-04-04T19:10:58.022+0000] {logging_mixin.py:190} INFO - [2025-04-04T19:10:58.022+0000] {dag.py:4180} INFO - Setting next_dagrun for example_skip_dag to 2025-04-03 00:00:00+00:00, run_after=2025-04-04 00:00:00+00:00
[2025-04-04T19:10:58.040+0000] {processor.py:208} INFO - Processing /home/airflow/.local/lib/python3.12/site-packages/airflow/example_dags/example_skip_dag.py took 0.085 seconds
[2025-04-04T19:11:28.860+0000] {processor.py:186} INFO - Started process (PID=2695) to work on /home/airflow/.local/lib/python3.12/site-packages/airflow/example_dags/example_skip_dag.py
[2025-04-04T19:11:28.862+0000] {processor.py:914} INFO - Processing file /home/airflow/.local/lib/python3.12/site-packages/airflow/example_dags/example_skip_dag.py for tasks to queue
[2025-04-04T19:11:28.864+0000] {logging_mixin.py:190} INFO - [2025-04-04T19:11:28.864+0000] {dagbag.py:588} INFO - Filling up the DagBag from /home/airflow/.local/lib/python3.12/site-packages/airflow/example_dags/example_skip_dag.py
[2025-04-04T19:11:28.872+0000] {processor.py:925} INFO - DAG(s) 'example_skip_dag' retrieved from /home/airflow/.local/lib/python3.12/site-packages/airflow/example_dags/example_skip_dag.py
[2025-04-04T19:11:28.897+0000] {logging_mixin.py:190} INFO - [2025-04-04T19:11:28.897+0000] {dag.py:3239} INFO - Sync 1 DAGs
[2025-04-04T19:11:28.928+0000] {logging_mixin.py:190} INFO - [2025-04-04T19:11:28.928+0000] {dag.py:4180} INFO - Setting next_dagrun for example_skip_dag to 2025-04-03 00:00:00+00:00, run_after=2025-04-04 00:00:00+00:00
[2025-04-04T19:11:28.958+0000] {processor.py:208} INFO - Processing /home/airflow/.local/lib/python3.12/site-packages/airflow/example_dags/example_skip_dag.py took 0.104 seconds
[2025-04-04T19:11:59.962+0000] {processor.py:186} INFO - Started process (PID=2759) to work on /home/airflow/.local/lib/python3.12/site-packages/airflow/example_dags/example_skip_dag.py
[2025-04-04T19:11:59.963+0000] {processor.py:914} INFO - Processing file /home/airflow/.local/lib/python3.12/site-packages/airflow/example_dags/example_skip_dag.py for tasks to queue
[2025-04-04T19:11:59.967+0000] {logging_mixin.py:190} INFO - [2025-04-04T19:11:59.967+0000] {dagbag.py:588} INFO - Filling up the DagBag from /home/airflow/.local/lib/python3.12/site-packages/airflow/example_dags/example_skip_dag.py
[2025-04-04T19:11:59.977+0000] {processor.py:925} INFO - DAG(s) 'example_skip_dag' retrieved from /home/airflow/.local/lib/python3.12/site-packages/airflow/example_dags/example_skip_dag.py
[2025-04-04T19:11:59.999+0000] {logging_mixin.py:190} INFO - [2025-04-04T19:11:59.999+0000] {dag.py:3239} INFO - Sync 1 DAGs
[2025-04-04T19:12:00.027+0000] {logging_mixin.py:190} INFO - [2025-04-04T19:12:00.027+0000] {dag.py:4180} INFO - Setting next_dagrun for example_skip_dag to 2025-04-03 00:00:00+00:00, run_after=2025-04-04 00:00:00+00:00
[2025-04-04T19:12:00.044+0000] {processor.py:208} INFO - Processing /home/airflow/.local/lib/python3.12/site-packages/airflow/example_dags/example_skip_dag.py took 0.088 seconds
[2025-04-04T19:12:30.377+0000] {processor.py:186} INFO - Started process (PID=2823) to work on /home/airflow/.local/lib/python3.12/site-packages/airflow/example_dags/example_skip_dag.py
[2025-04-04T19:12:30.378+0000] {processor.py:914} INFO - Processing file /home/airflow/.local/lib/python3.12/site-packages/airflow/example_dags/example_skip_dag.py for tasks to queue
[2025-04-04T19:12:30.380+0000] {logging_mixin.py:190} INFO - [2025-04-04T19:12:30.380+0000] {dagbag.py:588} INFO - Filling up the DagBag from /home/airflow/.local/lib/python3.12/site-packages/airflow/example_dags/example_skip_dag.py
[2025-04-04T19:12:30.387+0000] {processor.py:925} INFO - DAG(s) 'example_skip_dag' retrieved from /home/airflow/.local/lib/python3.12/site-packages/airflow/example_dags/example_skip_dag.py
[2025-04-04T19:12:30.406+0000] {logging_mixin.py:190} INFO - [2025-04-04T19:12:30.406+0000] {dag.py:3239} INFO - Sync 1 DAGs
[2025-04-04T19:12:30.427+0000] {logging_mixin.py:190} INFO - [2025-04-04T19:12:30.427+0000] {dag.py:4180} INFO - Setting next_dagrun for example_skip_dag to 2025-04-03 00:00:00+00:00, run_after=2025-04-04 00:00:00+00:00
[2025-04-04T19:12:30.443+0000] {processor.py:208} INFO - Processing /home/airflow/.local/lib/python3.12/site-packages/airflow/example_dags/example_skip_dag.py took 0.071 seconds
[2025-04-04T19:13:01.218+0000] {processor.py:186} INFO - Started process (PID=2887) to work on /home/airflow/.local/lib/python3.12/site-packages/airflow/example_dags/example_skip_dag.py
[2025-04-04T19:13:01.219+0000] {processor.py:914} INFO - Processing file /home/airflow/.local/lib/python3.12/site-packages/airflow/example_dags/example_skip_dag.py for tasks to queue
[2025-04-04T19:13:01.221+0000] {logging_mixin.py:190} INFO - [2025-04-04T19:13:01.221+0000] {dagbag.py:588} INFO - Filling up the DagBag from /home/airflow/.local/lib/python3.12/site-packages/airflow/example_dags/example_skip_dag.py
[2025-04-04T19:13:01.228+0000] {processor.py:925} INFO - DAG(s) 'example_skip_dag' retrieved from /home/airflow/.local/lib/python3.12/site-packages/airflow/example_dags/example_skip_dag.py
[2025-04-04T19:13:01.253+0000] {logging_mixin.py:190} INFO - [2025-04-04T19:13:01.253+0000] {dag.py:3239} INFO - Sync 1 DAGs
[2025-04-04T19:13:01.283+0000] {logging_mixin.py:190} INFO - [2025-04-04T19:13:01.282+0000] {dag.py:4180} INFO - Setting next_dagrun for example_skip_dag to 2025-04-03 00:00:00+00:00, run_after=2025-04-04 00:00:00+00:00
[2025-04-04T19:13:01.311+0000] {processor.py:208} INFO - Processing /home/airflow/.local/lib/python3.12/site-packages/airflow/example_dags/example_skip_dag.py took 0.099 seconds
[2025-04-04T19:13:33.535+0000] {processor.py:186} INFO - Started process (PID=2951) to work on /home/airflow/.local/lib/python3.12/site-packages/airflow/example_dags/example_skip_dag.py
[2025-04-04T19:13:33.537+0000] {processor.py:914} INFO - Processing file /home/airflow/.local/lib/python3.12/site-packages/airflow/example_dags/example_skip_dag.py for tasks to queue
[2025-04-04T19:13:33.541+0000] {logging_mixin.py:190} INFO - [2025-04-04T19:13:33.541+0000] {dagbag.py:588} INFO - Filling up the DagBag from /home/airflow/.local/lib/python3.12/site-packages/airflow/example_dags/example_skip_dag.py
[2025-04-04T19:13:33.553+0000] {processor.py:925} INFO - DAG(s) 'example_skip_dag' retrieved from /home/airflow/.local/lib/python3.12/site-packages/airflow/example_dags/example_skip_dag.py
[2025-04-04T19:13:33.582+0000] {logging_mixin.py:190} INFO - [2025-04-04T19:13:33.582+0000] {dag.py:3239} INFO - Sync 1 DAGs
[2025-04-04T19:13:33.824+0000] {logging_mixin.py:190} INFO - [2025-04-04T19:13:33.824+0000] {dag.py:4180} INFO - Setting next_dagrun for example_skip_dag to 2025-04-03 00:00:00+00:00, run_after=2025-04-04 00:00:00+00:00
[2025-04-04T19:13:33.844+0000] {processor.py:208} INFO - Processing /home/airflow/.local/lib/python3.12/site-packages/airflow/example_dags/example_skip_dag.py took 0.317 seconds
[2025-04-04T19:14:04.622+0000] {processor.py:186} INFO - Started process (PID=3015) to work on /home/airflow/.local/lib/python3.12/site-packages/airflow/example_dags/example_skip_dag.py
[2025-04-04T19:14:04.622+0000] {processor.py:914} INFO - Processing file /home/airflow/.local/lib/python3.12/site-packages/airflow/example_dags/example_skip_dag.py for tasks to queue
[2025-04-04T19:14:04.625+0000] {logging_mixin.py:190} INFO - [2025-04-04T19:14:04.624+0000] {dagbag.py:588} INFO - Filling up the DagBag from /home/airflow/.local/lib/python3.12/site-packages/airflow/example_dags/example_skip_dag.py
[2025-04-04T19:14:04.633+0000] {processor.py:925} INFO - DAG(s) 'example_skip_dag' retrieved from /home/airflow/.local/lib/python3.12/site-packages/airflow/example_dags/example_skip_dag.py
[2025-04-04T19:14:04.660+0000] {logging_mixin.py:190} INFO - [2025-04-04T19:14:04.659+0000] {dag.py:3239} INFO - Sync 1 DAGs
[2025-04-04T19:14:04.875+0000] {logging_mixin.py:190} INFO - [2025-04-04T19:14:04.874+0000] {dag.py:4180} INFO - Setting next_dagrun for example_skip_dag to 2025-04-03 00:00:00+00:00, run_after=2025-04-04 00:00:00+00:00
[2025-04-04T19:14:04.890+0000] {processor.py:208} INFO - Processing /home/airflow/.local/lib/python3.12/site-packages/airflow/example_dags/example_skip_dag.py took 0.274 seconds
[2025-04-04T19:14:35.330+0000] {processor.py:186} INFO - Started process (PID=3079) to work on /home/airflow/.local/lib/python3.12/site-packages/airflow/example_dags/example_skip_dag.py
[2025-04-04T19:14:35.332+0000] {processor.py:914} INFO - Processing file /home/airflow/.local/lib/python3.12/site-packages/airflow/example_dags/example_skip_dag.py for tasks to queue
[2025-04-04T19:14:35.335+0000] {logging_mixin.py:190} INFO - [2025-04-04T19:14:35.335+0000] {dagbag.py:588} INFO - Filling up the DagBag from /home/airflow/.local/lib/python3.12/site-packages/airflow/example_dags/example_skip_dag.py
[2025-04-04T19:14:35.345+0000] {processor.py:925} INFO - DAG(s) 'example_skip_dag' retrieved from /home/airflow/.local/lib/python3.12/site-packages/airflow/example_dags/example_skip_dag.py
[2025-04-04T19:14:35.378+0000] {logging_mixin.py:190} INFO - [2025-04-04T19:14:35.377+0000] {dag.py:3239} INFO - Sync 1 DAGs
[2025-04-04T19:14:35.435+0000] {logging_mixin.py:190} INFO - [2025-04-04T19:14:35.434+0000] {dag.py:4180} INFO - Setting next_dagrun for example_skip_dag to 2025-04-03 00:00:00+00:00, run_after=2025-04-04 00:00:00+00:00
[2025-04-04T19:14:35.456+0000] {processor.py:208} INFO - Processing /home/airflow/.local/lib/python3.12/site-packages/airflow/example_dags/example_skip_dag.py took 0.133 seconds
[2025-04-04T19:15:06.474+0000] {processor.py:186} INFO - Started process (PID=3143) to work on /home/airflow/.local/lib/python3.12/site-packages/airflow/example_dags/example_skip_dag.py
[2025-04-04T19:15:06.475+0000] {processor.py:914} INFO - Processing file /home/airflow/.local/lib/python3.12/site-packages/airflow/example_dags/example_skip_dag.py for tasks to queue
[2025-04-04T19:15:06.478+0000] {logging_mixin.py:190} INFO - [2025-04-04T19:15:06.478+0000] {dagbag.py:588} INFO - Filling up the DagBag from /home/airflow/.local/lib/python3.12/site-packages/airflow/example_dags/example_skip_dag.py
[2025-04-04T19:15:06.486+0000] {processor.py:925} INFO - DAG(s) 'example_skip_dag' retrieved from /home/airflow/.local/lib/python3.12/site-packages/airflow/example_dags/example_skip_dag.py
[2025-04-04T19:15:06.507+0000] {logging_mixin.py:190} INFO - [2025-04-04T19:15:06.506+0000] {dag.py:3239} INFO - Sync 1 DAGs
[2025-04-04T19:15:06.528+0000] {logging_mixin.py:190} INFO - [2025-04-04T19:15:06.528+0000] {dag.py:4180} INFO - Setting next_dagrun for example_skip_dag to 2025-04-03 00:00:00+00:00, run_after=2025-04-04 00:00:00+00:00
[2025-04-04T19:15:06.545+0000] {processor.py:208} INFO - Processing /home/airflow/.local/lib/python3.12/site-packages/airflow/example_dags/example_skip_dag.py took 0.075 seconds
[2025-04-04T19:15:37.640+0000] {processor.py:186} INFO - Started process (PID=3207) to work on /home/airflow/.local/lib/python3.12/site-packages/airflow/example_dags/example_skip_dag.py
[2025-04-04T19:15:37.641+0000] {processor.py:914} INFO - Processing file /home/airflow/.local/lib/python3.12/site-packages/airflow/example_dags/example_skip_dag.py for tasks to queue
[2025-04-04T19:15:37.644+0000] {logging_mixin.py:190} INFO - [2025-04-04T19:15:37.644+0000] {dagbag.py:588} INFO - Filling up the DagBag from /home/airflow/.local/lib/python3.12/site-packages/airflow/example_dags/example_skip_dag.py
[2025-04-04T19:15:37.652+0000] {processor.py:925} INFO - DAG(s) 'example_skip_dag' retrieved from /home/airflow/.local/lib/python3.12/site-packages/airflow/example_dags/example_skip_dag.py
[2025-04-04T19:15:37.677+0000] {logging_mixin.py:190} INFO - [2025-04-04T19:15:37.676+0000] {dag.py:3239} INFO - Sync 1 DAGs
[2025-04-04T19:15:37.701+0000] {logging_mixin.py:190} INFO - [2025-04-04T19:15:37.701+0000] {dag.py:4180} INFO - Setting next_dagrun for example_skip_dag to 2025-04-03 00:00:00+00:00, run_after=2025-04-04 00:00:00+00:00
[2025-04-04T19:15:37.720+0000] {processor.py:208} INFO - Processing /home/airflow/.local/lib/python3.12/site-packages/airflow/example_dags/example_skip_dag.py took 0.087 seconds
[2025-04-04T19:16:08.877+0000] {processor.py:186} INFO - Started process (PID=3277) to work on /home/airflow/.local/lib/python3.12/site-packages/airflow/example_dags/example_skip_dag.py
[2025-04-04T19:16:08.878+0000] {processor.py:914} INFO - Processing file /home/airflow/.local/lib/python3.12/site-packages/airflow/example_dags/example_skip_dag.py for tasks to queue
[2025-04-04T19:16:08.881+0000] {logging_mixin.py:190} INFO - [2025-04-04T19:16:08.880+0000] {dagbag.py:588} INFO - Filling up the DagBag from /home/airflow/.local/lib/python3.12/site-packages/airflow/example_dags/example_skip_dag.py
[2025-04-04T19:16:08.889+0000] {processor.py:925} INFO - DAG(s) 'example_skip_dag' retrieved from /home/airflow/.local/lib/python3.12/site-packages/airflow/example_dags/example_skip_dag.py
[2025-04-04T19:16:08.909+0000] {logging_mixin.py:190} INFO - [2025-04-04T19:16:08.909+0000] {dag.py:3239} INFO - Sync 1 DAGs
[2025-04-04T19:16:08.937+0000] {logging_mixin.py:190} INFO - [2025-04-04T19:16:08.936+0000] {dag.py:4180} INFO - Setting next_dagrun for example_skip_dag to 2025-04-03 00:00:00+00:00, run_after=2025-04-04 00:00:00+00:00
[2025-04-04T19:16:08.954+0000] {processor.py:208} INFO - Processing /home/airflow/.local/lib/python3.12/site-packages/airflow/example_dags/example_skip_dag.py took 0.083 seconds
[2025-04-04T19:16:40.337+0000] {processor.py:186} INFO - Started process (PID=3343) to work on /home/airflow/.local/lib/python3.12/site-packages/airflow/example_dags/example_skip_dag.py
[2025-04-04T19:16:40.338+0000] {processor.py:914} INFO - Processing file /home/airflow/.local/lib/python3.12/site-packages/airflow/example_dags/example_skip_dag.py for tasks to queue
[2025-04-04T19:16:40.341+0000] {logging_mixin.py:190} INFO - [2025-04-04T19:16:40.340+0000] {dagbag.py:588} INFO - Filling up the DagBag from /home/airflow/.local/lib/python3.12/site-packages/airflow/example_dags/example_skip_dag.py
[2025-04-04T19:16:40.350+0000] {processor.py:925} INFO - DAG(s) 'example_skip_dag' retrieved from /home/airflow/.local/lib/python3.12/site-packages/airflow/example_dags/example_skip_dag.py
[2025-04-04T19:16:40.373+0000] {logging_mixin.py:190} INFO - [2025-04-04T19:16:40.372+0000] {dag.py:3239} INFO - Sync 1 DAGs
[2025-04-04T19:16:40.401+0000] {logging_mixin.py:190} INFO - [2025-04-04T19:16:40.400+0000] {dag.py:4180} INFO - Setting next_dagrun for example_skip_dag to 2025-04-03 00:00:00+00:00, run_after=2025-04-04 00:00:00+00:00
[2025-04-04T19:16:40.425+0000] {processor.py:208} INFO - Processing /home/airflow/.local/lib/python3.12/site-packages/airflow/example_dags/example_skip_dag.py took 0.095 seconds
[2025-04-04T19:17:11.408+0000] {processor.py:186} INFO - Started process (PID=3407) to work on /home/airflow/.local/lib/python3.12/site-packages/airflow/example_dags/example_skip_dag.py
[2025-04-04T19:17:11.409+0000] {processor.py:914} INFO - Processing file /home/airflow/.local/lib/python3.12/site-packages/airflow/example_dags/example_skip_dag.py for tasks to queue
[2025-04-04T19:17:11.412+0000] {logging_mixin.py:190} INFO - [2025-04-04T19:17:11.411+0000] {dagbag.py:588} INFO - Filling up the DagBag from /home/airflow/.local/lib/python3.12/site-packages/airflow/example_dags/example_skip_dag.py
[2025-04-04T19:17:11.421+0000] {processor.py:925} INFO - DAG(s) 'example_skip_dag' retrieved from /home/airflow/.local/lib/python3.12/site-packages/airflow/example_dags/example_skip_dag.py
[2025-04-04T19:17:11.447+0000] {logging_mixin.py:190} INFO - [2025-04-04T19:17:11.447+0000] {dag.py:3239} INFO - Sync 1 DAGs
[2025-04-04T19:17:11.480+0000] {logging_mixin.py:190} INFO - [2025-04-04T19:17:11.480+0000] {dag.py:4180} INFO - Setting next_dagrun for example_skip_dag to 2025-04-03 00:00:00+00:00, run_after=2025-04-04 00:00:00+00:00
[2025-04-04T19:17:11.503+0000] {processor.py:208} INFO - Processing /home/airflow/.local/lib/python3.12/site-packages/airflow/example_dags/example_skip_dag.py took 0.102 seconds
[2025-04-04T19:17:41.856+0000] {processor.py:186} INFO - Started process (PID=3472) to work on /home/airflow/.local/lib/python3.12/site-packages/airflow/example_dags/example_skip_dag.py
[2025-04-04T19:17:41.857+0000] {processor.py:914} INFO - Processing file /home/airflow/.local/lib/python3.12/site-packages/airflow/example_dags/example_skip_dag.py for tasks to queue
[2025-04-04T19:17:41.860+0000] {logging_mixin.py:190} INFO - [2025-04-04T19:17:41.859+0000] {dagbag.py:588} INFO - Filling up the DagBag from /home/airflow/.local/lib/python3.12/site-packages/airflow/example_dags/example_skip_dag.py
[2025-04-04T19:17:41.867+0000] {processor.py:925} INFO - DAG(s) 'example_skip_dag' retrieved from /home/airflow/.local/lib/python3.12/site-packages/airflow/example_dags/example_skip_dag.py
[2025-04-04T19:17:41.892+0000] {logging_mixin.py:190} INFO - [2025-04-04T19:17:41.891+0000] {dag.py:3239} INFO - Sync 1 DAGs
[2025-04-04T19:17:41.914+0000] {logging_mixin.py:190} INFO - [2025-04-04T19:17:41.914+0000] {dag.py:4180} INFO - Setting next_dagrun for example_skip_dag to 2025-04-03 00:00:00+00:00, run_after=2025-04-04 00:00:00+00:00
[2025-04-04T19:17:41.932+0000] {processor.py:208} INFO - Processing /home/airflow/.local/lib/python3.12/site-packages/airflow/example_dags/example_skip_dag.py took 0.082 seconds
[2025-04-04T19:18:13.026+0000] {processor.py:186} INFO - Started process (PID=3536) to work on /home/airflow/.local/lib/python3.12/site-packages/airflow/example_dags/example_skip_dag.py
[2025-04-04T19:18:13.027+0000] {processor.py:914} INFO - Processing file /home/airflow/.local/lib/python3.12/site-packages/airflow/example_dags/example_skip_dag.py for tasks to queue
[2025-04-04T19:18:13.031+0000] {logging_mixin.py:190} INFO - [2025-04-04T19:18:13.031+0000] {dagbag.py:588} INFO - Filling up the DagBag from /home/airflow/.local/lib/python3.12/site-packages/airflow/example_dags/example_skip_dag.py
[2025-04-04T19:18:13.042+0000] {processor.py:925} INFO - DAG(s) 'example_skip_dag' retrieved from /home/airflow/.local/lib/python3.12/site-packages/airflow/example_dags/example_skip_dag.py
[2025-04-04T19:18:13.073+0000] {logging_mixin.py:190} INFO - [2025-04-04T19:18:13.072+0000] {dag.py:3239} INFO - Sync 1 DAGs
[2025-04-04T19:18:13.106+0000] {logging_mixin.py:190} INFO - [2025-04-04T19:18:13.106+0000] {dag.py:4180} INFO - Setting next_dagrun for example_skip_dag to 2025-04-03 00:00:00+00:00, run_after=2025-04-04 00:00:00+00:00
[2025-04-04T19:18:13.135+0000] {processor.py:208} INFO - Processing /home/airflow/.local/lib/python3.12/site-packages/airflow/example_dags/example_skip_dag.py took 0.116 seconds
[2025-04-04T19:18:43.946+0000] {processor.py:186} INFO - Started process (PID=3606) to work on /home/airflow/.local/lib/python3.12/site-packages/airflow/example_dags/example_skip_dag.py
[2025-04-04T19:18:43.947+0000] {processor.py:914} INFO - Processing file /home/airflow/.local/lib/python3.12/site-packages/airflow/example_dags/example_skip_dag.py for tasks to queue
[2025-04-04T19:18:43.950+0000] {logging_mixin.py:190} INFO - [2025-04-04T19:18:43.949+0000] {dagbag.py:588} INFO - Filling up the DagBag from /home/airflow/.local/lib/python3.12/site-packages/airflow/example_dags/example_skip_dag.py
[2025-04-04T19:18:43.958+0000] {processor.py:925} INFO - DAG(s) 'example_skip_dag' retrieved from /home/airflow/.local/lib/python3.12/site-packages/airflow/example_dags/example_skip_dag.py
[2025-04-04T19:18:43.982+0000] {logging_mixin.py:190} INFO - [2025-04-04T19:18:43.982+0000] {dag.py:3239} INFO - Sync 1 DAGs
[2025-04-04T19:18:44.010+0000] {logging_mixin.py:190} INFO - [2025-04-04T19:18:44.010+0000] {dag.py:4180} INFO - Setting next_dagrun for example_skip_dag to 2025-04-03 00:00:00+00:00, run_after=2025-04-04 00:00:00+00:00
[2025-04-04T19:18:44.028+0000] {processor.py:208} INFO - Processing /home/airflow/.local/lib/python3.12/site-packages/airflow/example_dags/example_skip_dag.py took 0.089 seconds
[2025-04-04T19:19:15.139+0000] {processor.py:186} INFO - Started process (PID=3670) to work on /home/airflow/.local/lib/python3.12/site-packages/airflow/example_dags/example_skip_dag.py
[2025-04-04T19:19:15.140+0000] {processor.py:914} INFO - Processing file /home/airflow/.local/lib/python3.12/site-packages/airflow/example_dags/example_skip_dag.py for tasks to queue
[2025-04-04T19:19:15.143+0000] {logging_mixin.py:190} INFO - [2025-04-04T19:19:15.142+0000] {dagbag.py:588} INFO - Filling up the DagBag from /home/airflow/.local/lib/python3.12/site-packages/airflow/example_dags/example_skip_dag.py
[2025-04-04T19:19:15.151+0000] {processor.py:925} INFO - DAG(s) 'example_skip_dag' retrieved from /home/airflow/.local/lib/python3.12/site-packages/airflow/example_dags/example_skip_dag.py
[2025-04-04T19:19:15.175+0000] {logging_mixin.py:190} INFO - [2025-04-04T19:19:15.175+0000] {dag.py:3239} INFO - Sync 1 DAGs
[2025-04-04T19:19:15.202+0000] {logging_mixin.py:190} INFO - [2025-04-04T19:19:15.202+0000] {dag.py:4180} INFO - Setting next_dagrun for example_skip_dag to 2025-04-03 00:00:00+00:00, run_after=2025-04-04 00:00:00+00:00
[2025-04-04T19:19:15.220+0000] {processor.py:208} INFO - Processing /home/airflow/.local/lib/python3.12/site-packages/airflow/example_dags/example_skip_dag.py took 0.086 seconds
[2025-04-04T19:19:46.077+0000] {processor.py:186} INFO - Started process (PID=3734) to work on /home/airflow/.local/lib/python3.12/site-packages/airflow/example_dags/example_skip_dag.py
[2025-04-04T19:19:46.078+0000] {processor.py:914} INFO - Processing file /home/airflow/.local/lib/python3.12/site-packages/airflow/example_dags/example_skip_dag.py for tasks to queue
[2025-04-04T19:19:46.081+0000] {logging_mixin.py:190} INFO - [2025-04-04T19:19:46.080+0000] {dagbag.py:588} INFO - Filling up the DagBag from /home/airflow/.local/lib/python3.12/site-packages/airflow/example_dags/example_skip_dag.py
[2025-04-04T19:19:46.088+0000] {processor.py:925} INFO - DAG(s) 'example_skip_dag' retrieved from /home/airflow/.local/lib/python3.12/site-packages/airflow/example_dags/example_skip_dag.py
[2025-04-04T19:19:46.108+0000] {logging_mixin.py:190} INFO - [2025-04-04T19:19:46.108+0000] {dag.py:3239} INFO - Sync 1 DAGs
[2025-04-04T19:19:46.131+0000] {logging_mixin.py:190} INFO - [2025-04-04T19:19:46.130+0000] {dag.py:4180} INFO - Setting next_dagrun for example_skip_dag to 2025-04-03 00:00:00+00:00, run_after=2025-04-04 00:00:00+00:00
[2025-04-04T19:19:46.147+0000] {processor.py:208} INFO - Processing /home/airflow/.local/lib/python3.12/site-packages/airflow/example_dags/example_skip_dag.py took 0.075 seconds
[2025-04-04T19:20:16.813+0000] {processor.py:186} INFO - Started process (PID=3798) to work on /home/airflow/.local/lib/python3.12/site-packages/airflow/example_dags/example_skip_dag.py
[2025-04-04T19:20:16.814+0000] {processor.py:914} INFO - Processing file /home/airflow/.local/lib/python3.12/site-packages/airflow/example_dags/example_skip_dag.py for tasks to queue
[2025-04-04T19:20:16.816+0000] {logging_mixin.py:190} INFO - [2025-04-04T19:20:16.816+0000] {dagbag.py:588} INFO - Filling up the DagBag from /home/airflow/.local/lib/python3.12/site-packages/airflow/example_dags/example_skip_dag.py
[2025-04-04T19:20:16.823+0000] {processor.py:925} INFO - DAG(s) 'example_skip_dag' retrieved from /home/airflow/.local/lib/python3.12/site-packages/airflow/example_dags/example_skip_dag.py
[2025-04-04T19:20:16.843+0000] {logging_mixin.py:190} INFO - [2025-04-04T19:20:16.843+0000] {dag.py:3239} INFO - Sync 1 DAGs
[2025-04-04T19:20:16.866+0000] {logging_mixin.py:190} INFO - [2025-04-04T19:20:16.865+0000] {dag.py:4180} INFO - Setting next_dagrun for example_skip_dag to 2025-04-03 00:00:00+00:00, run_after=2025-04-04 00:00:00+00:00
[2025-04-04T19:20:16.882+0000] {processor.py:208} INFO - Processing /home/airflow/.local/lib/python3.12/site-packages/airflow/example_dags/example_skip_dag.py took 0.075 seconds
[2025-04-04T19:20:47.436+0000] {processor.py:186} INFO - Started process (PID=3862) to work on /home/airflow/.local/lib/python3.12/site-packages/airflow/example_dags/example_skip_dag.py
[2025-04-04T19:20:47.437+0000] {processor.py:914} INFO - Processing file /home/airflow/.local/lib/python3.12/site-packages/airflow/example_dags/example_skip_dag.py for tasks to queue
[2025-04-04T19:20:47.440+0000] {logging_mixin.py:190} INFO - [2025-04-04T19:20:47.440+0000] {dagbag.py:588} INFO - Filling up the DagBag from /home/airflow/.local/lib/python3.12/site-packages/airflow/example_dags/example_skip_dag.py
[2025-04-04T19:20:47.448+0000] {processor.py:925} INFO - DAG(s) 'example_skip_dag' retrieved from /home/airflow/.local/lib/python3.12/site-packages/airflow/example_dags/example_skip_dag.py
[2025-04-04T19:20:47.475+0000] {logging_mixin.py:190} INFO - [2025-04-04T19:20:47.474+0000] {dag.py:3239} INFO - Sync 1 DAGs
[2025-04-04T19:20:47.500+0000] {logging_mixin.py:190} INFO - [2025-04-04T19:20:47.500+0000] {dag.py:4180} INFO - Setting next_dagrun for example_skip_dag to 2025-04-03 00:00:00+00:00, run_after=2025-04-04 00:00:00+00:00
[2025-04-04T19:20:47.519+0000] {processor.py:208} INFO - Processing /home/airflow/.local/lib/python3.12/site-packages/airflow/example_dags/example_skip_dag.py took 0.088 seconds
[2025-04-04T19:21:18.161+0000] {processor.py:186} INFO - Started process (PID=3926) to work on /home/airflow/.local/lib/python3.12/site-packages/airflow/example_dags/example_skip_dag.py
[2025-04-04T19:21:18.162+0000] {processor.py:914} INFO - Processing file /home/airflow/.local/lib/python3.12/site-packages/airflow/example_dags/example_skip_dag.py for tasks to queue
[2025-04-04T19:21:18.165+0000] {logging_mixin.py:190} INFO - [2025-04-04T19:21:18.165+0000] {dagbag.py:588} INFO - Filling up the DagBag from /home/airflow/.local/lib/python3.12/site-packages/airflow/example_dags/example_skip_dag.py
[2025-04-04T19:21:18.173+0000] {processor.py:925} INFO - DAG(s) 'example_skip_dag' retrieved from /home/airflow/.local/lib/python3.12/site-packages/airflow/example_dags/example_skip_dag.py
[2025-04-04T19:21:18.194+0000] {logging_mixin.py:190} INFO - [2025-04-04T19:21:18.194+0000] {dag.py:3239} INFO - Sync 1 DAGs
[2025-04-04T19:21:18.219+0000] {logging_mixin.py:190} INFO - [2025-04-04T19:21:18.218+0000] {dag.py:4180} INFO - Setting next_dagrun for example_skip_dag to 2025-04-03 00:00:00+00:00, run_after=2025-04-04 00:00:00+00:00
[2025-04-04T19:21:18.236+0000] {processor.py:208} INFO - Processing /home/airflow/.local/lib/python3.12/site-packages/airflow/example_dags/example_skip_dag.py took 0.080 seconds
[2025-04-04T19:21:49.051+0000] {processor.py:186} INFO - Started process (PID=3990) to work on /home/airflow/.local/lib/python3.12/site-packages/airflow/example_dags/example_skip_dag.py
[2025-04-04T19:21:49.052+0000] {processor.py:914} INFO - Processing file /home/airflow/.local/lib/python3.12/site-packages/airflow/example_dags/example_skip_dag.py for tasks to queue
[2025-04-04T19:21:49.054+0000] {logging_mixin.py:190} INFO - [2025-04-04T19:21:49.054+0000] {dagbag.py:588} INFO - Filling up the DagBag from /home/airflow/.local/lib/python3.12/site-packages/airflow/example_dags/example_skip_dag.py
[2025-04-04T19:21:49.061+0000] {processor.py:925} INFO - DAG(s) 'example_skip_dag' retrieved from /home/airflow/.local/lib/python3.12/site-packages/airflow/example_dags/example_skip_dag.py
[2025-04-04T19:21:49.081+0000] {logging_mixin.py:190} INFO - [2025-04-04T19:21:49.080+0000] {dag.py:3239} INFO - Sync 1 DAGs
[2025-04-04T19:21:49.103+0000] {logging_mixin.py:190} INFO - [2025-04-04T19:21:49.103+0000] {dag.py:4180} INFO - Setting next_dagrun for example_skip_dag to 2025-04-03 00:00:00+00:00, run_after=2025-04-04 00:00:00+00:00
[2025-04-04T19:21:49.119+0000] {processor.py:208} INFO - Processing /home/airflow/.local/lib/python3.12/site-packages/airflow/example_dags/example_skip_dag.py took 0.073 seconds
[2025-04-04T19:22:19.718+0000] {processor.py:186} INFO - Started process (PID=4054) to work on /home/airflow/.local/lib/python3.12/site-packages/airflow/example_dags/example_skip_dag.py
[2025-04-04T19:22:19.719+0000] {processor.py:914} INFO - Processing file /home/airflow/.local/lib/python3.12/site-packages/airflow/example_dags/example_skip_dag.py for tasks to queue
[2025-04-04T19:22:19.721+0000] {logging_mixin.py:190} INFO - [2025-04-04T19:22:19.721+0000] {dagbag.py:588} INFO - Filling up the DagBag from /home/airflow/.local/lib/python3.12/site-packages/airflow/example_dags/example_skip_dag.py
[2025-04-04T19:22:19.727+0000] {processor.py:925} INFO - DAG(s) 'example_skip_dag' retrieved from /home/airflow/.local/lib/python3.12/site-packages/airflow/example_dags/example_skip_dag.py
[2025-04-04T19:22:19.747+0000] {logging_mixin.py:190} INFO - [2025-04-04T19:22:19.747+0000] {dag.py:3239} INFO - Sync 1 DAGs
[2025-04-04T19:22:19.769+0000] {logging_mixin.py:190} INFO - [2025-04-04T19:22:19.768+0000] {dag.py:4180} INFO - Setting next_dagrun for example_skip_dag to 2025-04-03 00:00:00+00:00, run_after=2025-04-04 00:00:00+00:00
[2025-04-04T19:22:19.795+0000] {processor.py:208} INFO - Processing /home/airflow/.local/lib/python3.12/site-packages/airflow/example_dags/example_skip_dag.py took 0.082 seconds
[2025-04-04T19:22:49.959+0000] {processor.py:186} INFO - Started process (PID=4117) to work on /home/airflow/.local/lib/python3.12/site-packages/airflow/example_dags/example_skip_dag.py
[2025-04-04T19:22:49.960+0000] {processor.py:914} INFO - Processing file /home/airflow/.local/lib/python3.12/site-packages/airflow/example_dags/example_skip_dag.py for tasks to queue
[2025-04-04T19:22:49.962+0000] {logging_mixin.py:190} INFO - [2025-04-04T19:22:49.962+0000] {dagbag.py:588} INFO - Filling up the DagBag from /home/airflow/.local/lib/python3.12/site-packages/airflow/example_dags/example_skip_dag.py
[2025-04-04T19:22:49.969+0000] {processor.py:925} INFO - DAG(s) 'example_skip_dag' retrieved from /home/airflow/.local/lib/python3.12/site-packages/airflow/example_dags/example_skip_dag.py
[2025-04-04T19:22:49.989+0000] {logging_mixin.py:190} INFO - [2025-04-04T19:22:49.988+0000] {dag.py:3239} INFO - Sync 1 DAGs
[2025-04-04T19:22:50.010+0000] {logging_mixin.py:190} INFO - [2025-04-04T19:22:50.009+0000] {dag.py:4180} INFO - Setting next_dagrun for example_skip_dag to 2025-04-03 00:00:00+00:00, run_after=2025-04-04 00:00:00+00:00
[2025-04-04T19:22:50.026+0000] {processor.py:208} INFO - Processing /home/airflow/.local/lib/python3.12/site-packages/airflow/example_dags/example_skip_dag.py took 0.072 seconds
[2025-04-04T19:23:20.278+0000] {processor.py:186} INFO - Started process (PID=4181) to work on /home/airflow/.local/lib/python3.12/site-packages/airflow/example_dags/example_skip_dag.py
[2025-04-04T19:23:20.279+0000] {processor.py:914} INFO - Processing file /home/airflow/.local/lib/python3.12/site-packages/airflow/example_dags/example_skip_dag.py for tasks to queue
[2025-04-04T19:23:20.281+0000] {logging_mixin.py:190} INFO - [2025-04-04T19:23:20.281+0000] {dagbag.py:588} INFO - Filling up the DagBag from /home/airflow/.local/lib/python3.12/site-packages/airflow/example_dags/example_skip_dag.py
[2025-04-04T19:23:20.288+0000] {processor.py:925} INFO - DAG(s) 'example_skip_dag' retrieved from /home/airflow/.local/lib/python3.12/site-packages/airflow/example_dags/example_skip_dag.py
[2025-04-04T19:23:20.311+0000] {logging_mixin.py:190} INFO - [2025-04-04T19:23:20.311+0000] {dag.py:3239} INFO - Sync 1 DAGs
[2025-04-04T19:23:20.334+0000] {logging_mixin.py:190} INFO - [2025-04-04T19:23:20.334+0000] {dag.py:4180} INFO - Setting next_dagrun for example_skip_dag to 2025-04-03 00:00:00+00:00, run_after=2025-04-04 00:00:00+00:00
[2025-04-04T19:23:20.351+0000] {processor.py:208} INFO - Processing /home/airflow/.local/lib/python3.12/site-packages/airflow/example_dags/example_skip_dag.py took 0.079 seconds
[2025-04-04T19:23:50.829+0000] {processor.py:186} INFO - Started process (PID=4244) to work on /home/airflow/.local/lib/python3.12/site-packages/airflow/example_dags/example_skip_dag.py
[2025-04-04T19:23:50.830+0000] {processor.py:914} INFO - Processing file /home/airflow/.local/lib/python3.12/site-packages/airflow/example_dags/example_skip_dag.py for tasks to queue
[2025-04-04T19:23:50.833+0000] {logging_mixin.py:190} INFO - [2025-04-04T19:23:50.833+0000] {dagbag.py:588} INFO - Filling up the DagBag from /home/airflow/.local/lib/python3.12/site-packages/airflow/example_dags/example_skip_dag.py
[2025-04-04T19:23:50.841+0000] {processor.py:925} INFO - DAG(s) 'example_skip_dag' retrieved from /home/airflow/.local/lib/python3.12/site-packages/airflow/example_dags/example_skip_dag.py
[2025-04-04T19:23:50.864+0000] {logging_mixin.py:190} INFO - [2025-04-04T19:23:50.863+0000] {dag.py:3239} INFO - Sync 1 DAGs
[2025-04-04T19:23:50.886+0000] {logging_mixin.py:190} INFO - [2025-04-04T19:23:50.886+0000] {dag.py:4180} INFO - Setting next_dagrun for example_skip_dag to 2025-04-03 00:00:00+00:00, run_after=2025-04-04 00:00:00+00:00
[2025-04-04T19:23:50.904+0000] {processor.py:208} INFO - Processing /home/airflow/.local/lib/python3.12/site-packages/airflow/example_dags/example_skip_dag.py took 0.081 seconds
[2025-04-04T19:24:21.424+0000] {processor.py:186} INFO - Started process (PID=4308) to work on /home/airflow/.local/lib/python3.12/site-packages/airflow/example_dags/example_skip_dag.py
[2025-04-04T19:24:21.426+0000] {processor.py:914} INFO - Processing file /home/airflow/.local/lib/python3.12/site-packages/airflow/example_dags/example_skip_dag.py for tasks to queue
[2025-04-04T19:24:21.430+0000] {logging_mixin.py:190} INFO - [2025-04-04T19:24:21.430+0000] {dagbag.py:588} INFO - Filling up the DagBag from /home/airflow/.local/lib/python3.12/site-packages/airflow/example_dags/example_skip_dag.py
[2025-04-04T19:24:21.442+0000] {processor.py:925} INFO - DAG(s) 'example_skip_dag' retrieved from /home/airflow/.local/lib/python3.12/site-packages/airflow/example_dags/example_skip_dag.py
[2025-04-04T19:24:21.483+0000] {logging_mixin.py:190} INFO - [2025-04-04T19:24:21.482+0000] {dag.py:3239} INFO - Sync 1 DAGs
[2025-04-04T19:24:21.527+0000] {logging_mixin.py:190} INFO - [2025-04-04T19:24:21.526+0000] {dag.py:4180} INFO - Setting next_dagrun for example_skip_dag to 2025-04-03 00:00:00+00:00, run_after=2025-04-04 00:00:00+00:00
[2025-04-04T19:24:21.560+0000] {processor.py:208} INFO - Processing /home/airflow/.local/lib/python3.12/site-packages/airflow/example_dags/example_skip_dag.py took 0.145 seconds
[2025-04-04T19:24:52.358+0000] {processor.py:186} INFO - Started process (PID=4372) to work on /home/airflow/.local/lib/python3.12/site-packages/airflow/example_dags/example_skip_dag.py
[2025-04-04T19:24:52.359+0000] {processor.py:914} INFO - Processing file /home/airflow/.local/lib/python3.12/site-packages/airflow/example_dags/example_skip_dag.py for tasks to queue
[2025-04-04T19:24:52.361+0000] {logging_mixin.py:190} INFO - [2025-04-04T19:24:52.361+0000] {dagbag.py:588} INFO - Filling up the DagBag from /home/airflow/.local/lib/python3.12/site-packages/airflow/example_dags/example_skip_dag.py
[2025-04-04T19:24:52.368+0000] {processor.py:925} INFO - DAG(s) 'example_skip_dag' retrieved from /home/airflow/.local/lib/python3.12/site-packages/airflow/example_dags/example_skip_dag.py
[2025-04-04T19:24:52.388+0000] {logging_mixin.py:190} INFO - [2025-04-04T19:24:52.387+0000] {dag.py:3239} INFO - Sync 1 DAGs
[2025-04-04T19:24:52.408+0000] {logging_mixin.py:190} INFO - [2025-04-04T19:24:52.408+0000] {dag.py:4180} INFO - Setting next_dagrun for example_skip_dag to 2025-04-03 00:00:00+00:00, run_after=2025-04-04 00:00:00+00:00
[2025-04-04T19:24:52.425+0000] {processor.py:208} INFO - Processing /home/airflow/.local/lib/python3.12/site-packages/airflow/example_dags/example_skip_dag.py took 0.074 seconds
[2025-04-04T19:25:22.765+0000] {processor.py:186} INFO - Started process (PID=4437) to work on /home/airflow/.local/lib/python3.12/site-packages/airflow/example_dags/example_skip_dag.py
[2025-04-04T19:25:22.766+0000] {processor.py:914} INFO - Processing file /home/airflow/.local/lib/python3.12/site-packages/airflow/example_dags/example_skip_dag.py for tasks to queue
[2025-04-04T19:25:22.768+0000] {logging_mixin.py:190} INFO - [2025-04-04T19:25:22.767+0000] {dagbag.py:588} INFO - Filling up the DagBag from /home/airflow/.local/lib/python3.12/site-packages/airflow/example_dags/example_skip_dag.py
[2025-04-04T19:25:22.775+0000] {processor.py:925} INFO - DAG(s) 'example_skip_dag' retrieved from /home/airflow/.local/lib/python3.12/site-packages/airflow/example_dags/example_skip_dag.py
[2025-04-04T19:25:22.795+0000] {logging_mixin.py:190} INFO - [2025-04-04T19:25:22.794+0000] {dag.py:3239} INFO - Sync 1 DAGs
[2025-04-04T19:25:22.816+0000] {logging_mixin.py:190} INFO - [2025-04-04T19:25:22.815+0000] {dag.py:4180} INFO - Setting next_dagrun for example_skip_dag to 2025-04-03 00:00:00+00:00, run_after=2025-04-04 00:00:00+00:00
[2025-04-04T19:25:22.831+0000] {processor.py:208} INFO - Processing /home/airflow/.local/lib/python3.12/site-packages/airflow/example_dags/example_skip_dag.py took 0.072 seconds
[2025-04-04T19:25:53.385+0000] {processor.py:186} INFO - Started process (PID=4502) to work on /home/airflow/.local/lib/python3.12/site-packages/airflow/example_dags/example_skip_dag.py
[2025-04-04T19:25:53.386+0000] {processor.py:914} INFO - Processing file /home/airflow/.local/lib/python3.12/site-packages/airflow/example_dags/example_skip_dag.py for tasks to queue
[2025-04-04T19:25:53.388+0000] {logging_mixin.py:190} INFO - [2025-04-04T19:25:53.387+0000] {dagbag.py:588} INFO - Filling up the DagBag from /home/airflow/.local/lib/python3.12/site-packages/airflow/example_dags/example_skip_dag.py
[2025-04-04T19:25:53.395+0000] {processor.py:925} INFO - DAG(s) 'example_skip_dag' retrieved from /home/airflow/.local/lib/python3.12/site-packages/airflow/example_dags/example_skip_dag.py
[2025-04-04T19:25:53.416+0000] {logging_mixin.py:190} INFO - [2025-04-04T19:25:53.415+0000] {dag.py:3239} INFO - Sync 1 DAGs
[2025-04-04T19:25:53.443+0000] {logging_mixin.py:190} INFO - [2025-04-04T19:25:53.443+0000] {dag.py:4180} INFO - Setting next_dagrun for example_skip_dag to 2025-04-03 00:00:00+00:00, run_after=2025-04-04 00:00:00+00:00
[2025-04-04T19:25:53.459+0000] {processor.py:208} INFO - Processing /home/airflow/.local/lib/python3.12/site-packages/airflow/example_dags/example_skip_dag.py took 0.080 seconds
[2025-04-04T19:26:23.798+0000] {processor.py:186} INFO - Started process (PID=4567) to work on /home/airflow/.local/lib/python3.12/site-packages/airflow/example_dags/example_skip_dag.py
[2025-04-04T19:26:23.799+0000] {processor.py:914} INFO - Processing file /home/airflow/.local/lib/python3.12/site-packages/airflow/example_dags/example_skip_dag.py for tasks to queue
[2025-04-04T19:26:23.802+0000] {logging_mixin.py:190} INFO - [2025-04-04T19:26:23.801+0000] {dagbag.py:588} INFO - Filling up the DagBag from /home/airflow/.local/lib/python3.12/site-packages/airflow/example_dags/example_skip_dag.py
[2025-04-04T19:26:23.811+0000] {processor.py:925} INFO - DAG(s) 'example_skip_dag' retrieved from /home/airflow/.local/lib/python3.12/site-packages/airflow/example_dags/example_skip_dag.py
[2025-04-04T19:26:23.831+0000] {logging_mixin.py:190} INFO - [2025-04-04T19:26:23.831+0000] {dag.py:3239} INFO - Sync 1 DAGs
[2025-04-04T19:26:23.854+0000] {logging_mixin.py:190} INFO - [2025-04-04T19:26:23.854+0000] {dag.py:4180} INFO - Setting next_dagrun for example_skip_dag to 2025-04-03 00:00:00+00:00, run_after=2025-04-04 00:00:00+00:00
[2025-04-04T19:26:23.871+0000] {processor.py:208} INFO - Processing /home/airflow/.local/lib/python3.12/site-packages/airflow/example_dags/example_skip_dag.py took 0.079 seconds
[2025-04-04T19:26:54.064+0000] {processor.py:186} INFO - Started process (PID=4633) to work on /home/airflow/.local/lib/python3.12/site-packages/airflow/example_dags/example_skip_dag.py
[2025-04-04T19:26:54.065+0000] {processor.py:914} INFO - Processing file /home/airflow/.local/lib/python3.12/site-packages/airflow/example_dags/example_skip_dag.py for tasks to queue
[2025-04-04T19:26:54.067+0000] {logging_mixin.py:190} INFO - [2025-04-04T19:26:54.067+0000] {dagbag.py:588} INFO - Filling up the DagBag from /home/airflow/.local/lib/python3.12/site-packages/airflow/example_dags/example_skip_dag.py
[2025-04-04T19:26:54.076+0000] {processor.py:925} INFO - DAG(s) 'example_skip_dag' retrieved from /home/airflow/.local/lib/python3.12/site-packages/airflow/example_dags/example_skip_dag.py
[2025-04-04T19:26:54.096+0000] {logging_mixin.py:190} INFO - [2025-04-04T19:26:54.096+0000] {dag.py:3239} INFO - Sync 1 DAGs
[2025-04-04T19:26:54.119+0000] {logging_mixin.py:190} INFO - [2025-04-04T19:26:54.119+0000] {dag.py:4180} INFO - Setting next_dagrun for example_skip_dag to 2025-04-03 00:00:00+00:00, run_after=2025-04-04 00:00:00+00:00
[2025-04-04T19:26:54.136+0000] {processor.py:208} INFO - Processing /home/airflow/.local/lib/python3.12/site-packages/airflow/example_dags/example_skip_dag.py took 0.077 seconds
[2025-04-04T19:27:24.842+0000] {processor.py:186} INFO - Started process (PID=4698) to work on /home/airflow/.local/lib/python3.12/site-packages/airflow/example_dags/example_skip_dag.py
[2025-04-04T19:27:24.843+0000] {processor.py:914} INFO - Processing file /home/airflow/.local/lib/python3.12/site-packages/airflow/example_dags/example_skip_dag.py for tasks to queue
[2025-04-04T19:27:24.846+0000] {logging_mixin.py:190} INFO - [2025-04-04T19:27:24.845+0000] {dagbag.py:588} INFO - Filling up the DagBag from /home/airflow/.local/lib/python3.12/site-packages/airflow/example_dags/example_skip_dag.py
[2025-04-04T19:27:24.853+0000] {processor.py:925} INFO - DAG(s) 'example_skip_dag' retrieved from /home/airflow/.local/lib/python3.12/site-packages/airflow/example_dags/example_skip_dag.py
[2025-04-04T19:27:24.874+0000] {logging_mixin.py:190} INFO - [2025-04-04T19:27:24.874+0000] {dag.py:3239} INFO - Sync 1 DAGs
[2025-04-04T19:27:24.896+0000] {logging_mixin.py:190} INFO - [2025-04-04T19:27:24.895+0000] {dag.py:4180} INFO - Setting next_dagrun for example_skip_dag to 2025-04-03 00:00:00+00:00, run_after=2025-04-04 00:00:00+00:00
[2025-04-04T19:27:24.913+0000] {processor.py:208} INFO - Processing /home/airflow/.local/lib/python3.12/site-packages/airflow/example_dags/example_skip_dag.py took 0.076 seconds
[2025-04-04T19:27:54.995+0000] {processor.py:186} INFO - Started process (PID=4763) to work on /home/airflow/.local/lib/python3.12/site-packages/airflow/example_dags/example_skip_dag.py
[2025-04-04T19:27:54.996+0000] {processor.py:914} INFO - Processing file /home/airflow/.local/lib/python3.12/site-packages/airflow/example_dags/example_skip_dag.py for tasks to queue
[2025-04-04T19:27:54.998+0000] {logging_mixin.py:190} INFO - [2025-04-04T19:27:54.998+0000] {dagbag.py:588} INFO - Filling up the DagBag from /home/airflow/.local/lib/python3.12/site-packages/airflow/example_dags/example_skip_dag.py
[2025-04-04T19:27:55.008+0000] {processor.py:925} INFO - DAG(s) 'example_skip_dag' retrieved from /home/airflow/.local/lib/python3.12/site-packages/airflow/example_dags/example_skip_dag.py
[2025-04-04T19:27:55.033+0000] {logging_mixin.py:190} INFO - [2025-04-04T19:27:55.032+0000] {dag.py:3239} INFO - Sync 1 DAGs
[2025-04-04T19:27:55.061+0000] {logging_mixin.py:190} INFO - [2025-04-04T19:27:55.061+0000] {dag.py:4180} INFO - Setting next_dagrun for example_skip_dag to 2025-04-03 00:00:00+00:00, run_after=2025-04-04 00:00:00+00:00
[2025-04-04T19:27:55.078+0000] {processor.py:208} INFO - Processing /home/airflow/.local/lib/python3.12/site-packages/airflow/example_dags/example_skip_dag.py took 0.090 seconds
[2025-04-04T19:28:25.466+0000] {processor.py:186} INFO - Started process (PID=4828) to work on /home/airflow/.local/lib/python3.12/site-packages/airflow/example_dags/example_skip_dag.py
[2025-04-04T19:28:25.467+0000] {processor.py:914} INFO - Processing file /home/airflow/.local/lib/python3.12/site-packages/airflow/example_dags/example_skip_dag.py for tasks to queue
[2025-04-04T19:28:25.469+0000] {logging_mixin.py:190} INFO - [2025-04-04T19:28:25.468+0000] {dagbag.py:588} INFO - Filling up the DagBag from /home/airflow/.local/lib/python3.12/site-packages/airflow/example_dags/example_skip_dag.py
[2025-04-04T19:28:25.476+0000] {processor.py:925} INFO - DAG(s) 'example_skip_dag' retrieved from /home/airflow/.local/lib/python3.12/site-packages/airflow/example_dags/example_skip_dag.py
[2025-04-04T19:28:25.496+0000] {logging_mixin.py:190} INFO - [2025-04-04T19:28:25.495+0000] {dag.py:3239} INFO - Sync 1 DAGs
[2025-04-04T19:28:25.516+0000] {logging_mixin.py:190} INFO - [2025-04-04T19:28:25.516+0000] {dag.py:4180} INFO - Setting next_dagrun for example_skip_dag to 2025-04-03 00:00:00+00:00, run_after=2025-04-04 00:00:00+00:00
[2025-04-04T19:28:25.532+0000] {processor.py:208} INFO - Processing /home/airflow/.local/lib/python3.12/site-packages/airflow/example_dags/example_skip_dag.py took 0.071 seconds
[2025-04-04T19:28:55.747+0000] {processor.py:186} INFO - Started process (PID=4893) to work on /home/airflow/.local/lib/python3.12/site-packages/airflow/example_dags/example_skip_dag.py
[2025-04-04T19:28:55.748+0000] {processor.py:914} INFO - Processing file /home/airflow/.local/lib/python3.12/site-packages/airflow/example_dags/example_skip_dag.py for tasks to queue
[2025-04-04T19:28:55.751+0000] {logging_mixin.py:190} INFO - [2025-04-04T19:28:55.750+0000] {dagbag.py:588} INFO - Filling up the DagBag from /home/airflow/.local/lib/python3.12/site-packages/airflow/example_dags/example_skip_dag.py
[2025-04-04T19:28:55.758+0000] {processor.py:925} INFO - DAG(s) 'example_skip_dag' retrieved from /home/airflow/.local/lib/python3.12/site-packages/airflow/example_dags/example_skip_dag.py
[2025-04-04T19:28:55.778+0000] {logging_mixin.py:190} INFO - [2025-04-04T19:28:55.778+0000] {dag.py:3239} INFO - Sync 1 DAGs
[2025-04-04T19:28:55.800+0000] {logging_mixin.py:190} INFO - [2025-04-04T19:28:55.799+0000] {dag.py:4180} INFO - Setting next_dagrun for example_skip_dag to 2025-04-03 00:00:00+00:00, run_after=2025-04-04 00:00:00+00:00
[2025-04-04T19:28:55.815+0000] {processor.py:208} INFO - Processing /home/airflow/.local/lib/python3.12/site-packages/airflow/example_dags/example_skip_dag.py took 0.073 seconds
[2025-04-04T19:29:26.007+0000] {processor.py:186} INFO - Started process (PID=4958) to work on /home/airflow/.local/lib/python3.12/site-packages/airflow/example_dags/example_skip_dag.py
[2025-04-04T19:29:26.008+0000] {processor.py:914} INFO - Processing file /home/airflow/.local/lib/python3.12/site-packages/airflow/example_dags/example_skip_dag.py for tasks to queue
[2025-04-04T19:29:26.011+0000] {logging_mixin.py:190} INFO - [2025-04-04T19:29:26.011+0000] {dagbag.py:588} INFO - Filling up the DagBag from /home/airflow/.local/lib/python3.12/site-packages/airflow/example_dags/example_skip_dag.py
[2025-04-04T19:29:26.021+0000] {processor.py:925} INFO - DAG(s) 'example_skip_dag' retrieved from /home/airflow/.local/lib/python3.12/site-packages/airflow/example_dags/example_skip_dag.py
[2025-04-04T19:29:26.049+0000] {logging_mixin.py:190} INFO - [2025-04-04T19:29:26.049+0000] {dag.py:3239} INFO - Sync 1 DAGs
[2025-04-04T19:29:26.072+0000] {logging_mixin.py:190} INFO - [2025-04-04T19:29:26.071+0000] {dag.py:4180} INFO - Setting next_dagrun for example_skip_dag to 2025-04-03 00:00:00+00:00, run_after=2025-04-04 00:00:00+00:00
[2025-04-04T19:29:26.088+0000] {processor.py:208} INFO - Processing /home/airflow/.local/lib/python3.12/site-packages/airflow/example_dags/example_skip_dag.py took 0.087 seconds
[2025-04-04T19:29:56.251+0000] {processor.py:186} INFO - Started process (PID=5023) to work on /home/airflow/.local/lib/python3.12/site-packages/airflow/example_dags/example_skip_dag.py
[2025-04-04T19:29:56.252+0000] {processor.py:914} INFO - Processing file /home/airflow/.local/lib/python3.12/site-packages/airflow/example_dags/example_skip_dag.py for tasks to queue
[2025-04-04T19:29:56.254+0000] {logging_mixin.py:190} INFO - [2025-04-04T19:29:56.254+0000] {dagbag.py:588} INFO - Filling up the DagBag from /home/airflow/.local/lib/python3.12/site-packages/airflow/example_dags/example_skip_dag.py
[2025-04-04T19:29:56.261+0000] {processor.py:925} INFO - DAG(s) 'example_skip_dag' retrieved from /home/airflow/.local/lib/python3.12/site-packages/airflow/example_dags/example_skip_dag.py
[2025-04-04T19:29:56.281+0000] {logging_mixin.py:190} INFO - [2025-04-04T19:29:56.280+0000] {dag.py:3239} INFO - Sync 1 DAGs
[2025-04-04T19:29:56.301+0000] {logging_mixin.py:190} INFO - [2025-04-04T19:29:56.301+0000] {dag.py:4180} INFO - Setting next_dagrun for example_skip_dag to 2025-04-03 00:00:00+00:00, run_after=2025-04-04 00:00:00+00:00
[2025-04-04T19:29:56.320+0000] {processor.py:208} INFO - Processing /home/airflow/.local/lib/python3.12/site-packages/airflow/example_dags/example_skip_dag.py took 0.074 seconds
[2025-04-04T19:30:26.804+0000] {processor.py:186} INFO - Started process (PID=5088) to work on /home/airflow/.local/lib/python3.12/site-packages/airflow/example_dags/example_skip_dag.py
[2025-04-04T19:30:26.806+0000] {processor.py:914} INFO - Processing file /home/airflow/.local/lib/python3.12/site-packages/airflow/example_dags/example_skip_dag.py for tasks to queue
[2025-04-04T19:30:26.809+0000] {logging_mixin.py:190} INFO - [2025-04-04T19:30:26.808+0000] {dagbag.py:588} INFO - Filling up the DagBag from /home/airflow/.local/lib/python3.12/site-packages/airflow/example_dags/example_skip_dag.py
[2025-04-04T19:30:26.823+0000] {processor.py:925} INFO - DAG(s) 'example_skip_dag' retrieved from /home/airflow/.local/lib/python3.12/site-packages/airflow/example_dags/example_skip_dag.py
[2025-04-04T19:30:26.853+0000] {logging_mixin.py:190} INFO - [2025-04-04T19:30:26.853+0000] {dag.py:3239} INFO - Sync 1 DAGs
[2025-04-04T19:30:26.885+0000] {logging_mixin.py:190} INFO - [2025-04-04T19:30:26.885+0000] {dag.py:4180} INFO - Setting next_dagrun for example_skip_dag to 2025-04-03 00:00:00+00:00, run_after=2025-04-04 00:00:00+00:00
[2025-04-04T19:30:26.909+0000] {processor.py:208} INFO - Processing /home/airflow/.local/lib/python3.12/site-packages/airflow/example_dags/example_skip_dag.py took 0.113 seconds
[2025-04-04T19:30:57.471+0000] {processor.py:186} INFO - Started process (PID=5153) to work on /home/airflow/.local/lib/python3.12/site-packages/airflow/example_dags/example_skip_dag.py
[2025-04-04T19:30:57.472+0000] {processor.py:914} INFO - Processing file /home/airflow/.local/lib/python3.12/site-packages/airflow/example_dags/example_skip_dag.py for tasks to queue
[2025-04-04T19:30:57.475+0000] {logging_mixin.py:190} INFO - [2025-04-04T19:30:57.474+0000] {dagbag.py:588} INFO - Filling up the DagBag from /home/airflow/.local/lib/python3.12/site-packages/airflow/example_dags/example_skip_dag.py
[2025-04-04T19:30:57.485+0000] {processor.py:925} INFO - DAG(s) 'example_skip_dag' retrieved from /home/airflow/.local/lib/python3.12/site-packages/airflow/example_dags/example_skip_dag.py
[2025-04-04T19:30:57.512+0000] {logging_mixin.py:190} INFO - [2025-04-04T19:30:57.511+0000] {dag.py:3239} INFO - Sync 1 DAGs
[2025-04-04T19:30:57.534+0000] {logging_mixin.py:190} INFO - [2025-04-04T19:30:57.534+0000] {dag.py:4180} INFO - Setting next_dagrun for example_skip_dag to 2025-04-03 00:00:00+00:00, run_after=2025-04-04 00:00:00+00:00
[2025-04-04T19:30:57.559+0000] {processor.py:208} INFO - Processing /home/airflow/.local/lib/python3.12/site-packages/airflow/example_dags/example_skip_dag.py took 0.096 seconds
[2025-04-04T19:31:27.962+0000] {processor.py:186} INFO - Started process (PID=5218) to work on /home/airflow/.local/lib/python3.12/site-packages/airflow/example_dags/example_skip_dag.py
[2025-04-04T19:31:27.963+0000] {processor.py:914} INFO - Processing file /home/airflow/.local/lib/python3.12/site-packages/airflow/example_dags/example_skip_dag.py for tasks to queue
[2025-04-04T19:31:27.965+0000] {logging_mixin.py:190} INFO - [2025-04-04T19:31:27.965+0000] {dagbag.py:588} INFO - Filling up the DagBag from /home/airflow/.local/lib/python3.12/site-packages/airflow/example_dags/example_skip_dag.py
[2025-04-04T19:31:27.972+0000] {processor.py:925} INFO - DAG(s) 'example_skip_dag' retrieved from /home/airflow/.local/lib/python3.12/site-packages/airflow/example_dags/example_skip_dag.py
[2025-04-04T19:31:27.992+0000] {logging_mixin.py:190} INFO - [2025-04-04T19:31:27.992+0000] {dag.py:3239} INFO - Sync 1 DAGs
[2025-04-04T19:31:28.014+0000] {logging_mixin.py:190} INFO - [2025-04-04T19:31:28.014+0000] {dag.py:4180} INFO - Setting next_dagrun for example_skip_dag to 2025-04-03 00:00:00+00:00, run_after=2025-04-04 00:00:00+00:00
[2025-04-04T19:31:28.032+0000] {processor.py:208} INFO - Processing /home/airflow/.local/lib/python3.12/site-packages/airflow/example_dags/example_skip_dag.py took 0.075 seconds
[2025-04-04T19:31:58.158+0000] {processor.py:186} INFO - Started process (PID=5284) to work on /home/airflow/.local/lib/python3.12/site-packages/airflow/example_dags/example_skip_dag.py
[2025-04-04T19:31:58.159+0000] {processor.py:914} INFO - Processing file /home/airflow/.local/lib/python3.12/site-packages/airflow/example_dags/example_skip_dag.py for tasks to queue
[2025-04-04T19:31:58.161+0000] {logging_mixin.py:190} INFO - [2025-04-04T19:31:58.161+0000] {dagbag.py:588} INFO - Filling up the DagBag from /home/airflow/.local/lib/python3.12/site-packages/airflow/example_dags/example_skip_dag.py
[2025-04-04T19:31:58.168+0000] {processor.py:925} INFO - DAG(s) 'example_skip_dag' retrieved from /home/airflow/.local/lib/python3.12/site-packages/airflow/example_dags/example_skip_dag.py
[2025-04-04T19:31:58.188+0000] {logging_mixin.py:190} INFO - [2025-04-04T19:31:58.188+0000] {dag.py:3239} INFO - Sync 1 DAGs
[2025-04-04T19:31:58.210+0000] {logging_mixin.py:190} INFO - [2025-04-04T19:31:58.210+0000] {dag.py:4180} INFO - Setting next_dagrun for example_skip_dag to 2025-04-03 00:00:00+00:00, run_after=2025-04-04 00:00:00+00:00
[2025-04-04T19:31:58.228+0000] {processor.py:208} INFO - Processing /home/airflow/.local/lib/python3.12/site-packages/airflow/example_dags/example_skip_dag.py took 0.076 seconds
[2025-04-04T19:32:28.651+0000] {processor.py:186} INFO - Started process (PID=5349) to work on /home/airflow/.local/lib/python3.12/site-packages/airflow/example_dags/example_skip_dag.py
[2025-04-04T19:32:28.652+0000] {processor.py:914} INFO - Processing file /home/airflow/.local/lib/python3.12/site-packages/airflow/example_dags/example_skip_dag.py for tasks to queue
[2025-04-04T19:32:28.654+0000] {logging_mixin.py:190} INFO - [2025-04-04T19:32:28.654+0000] {dagbag.py:588} INFO - Filling up the DagBag from /home/airflow/.local/lib/python3.12/site-packages/airflow/example_dags/example_skip_dag.py
[2025-04-04T19:32:28.661+0000] {processor.py:925} INFO - DAG(s) 'example_skip_dag' retrieved from /home/airflow/.local/lib/python3.12/site-packages/airflow/example_dags/example_skip_dag.py
[2025-04-04T19:32:28.682+0000] {logging_mixin.py:190} INFO - [2025-04-04T19:32:28.681+0000] {dag.py:3239} INFO - Sync 1 DAGs
[2025-04-04T19:32:28.702+0000] {logging_mixin.py:190} INFO - [2025-04-04T19:32:28.702+0000] {dag.py:4180} INFO - Setting next_dagrun for example_skip_dag to 2025-04-03 00:00:00+00:00, run_after=2025-04-04 00:00:00+00:00
[2025-04-04T19:32:28.717+0000] {processor.py:208} INFO - Processing /home/airflow/.local/lib/python3.12/site-packages/airflow/example_dags/example_skip_dag.py took 0.071 seconds
[2025-04-04T19:32:59.418+0000] {processor.py:186} INFO - Started process (PID=5414) to work on /home/airflow/.local/lib/python3.12/site-packages/airflow/example_dags/example_skip_dag.py
[2025-04-04T19:32:59.419+0000] {processor.py:914} INFO - Processing file /home/airflow/.local/lib/python3.12/site-packages/airflow/example_dags/example_skip_dag.py for tasks to queue
[2025-04-04T19:32:59.422+0000] {logging_mixin.py:190} INFO - [2025-04-04T19:32:59.422+0000] {dagbag.py:588} INFO - Filling up the DagBag from /home/airflow/.local/lib/python3.12/site-packages/airflow/example_dags/example_skip_dag.py
[2025-04-04T19:32:59.431+0000] {processor.py:925} INFO - DAG(s) 'example_skip_dag' retrieved from /home/airflow/.local/lib/python3.12/site-packages/airflow/example_dags/example_skip_dag.py
[2025-04-04T19:32:59.450+0000] {logging_mixin.py:190} INFO - [2025-04-04T19:32:59.450+0000] {dag.py:3239} INFO - Sync 1 DAGs
[2025-04-04T19:32:59.475+0000] {logging_mixin.py:190} INFO - [2025-04-04T19:32:59.475+0000] {dag.py:4180} INFO - Setting next_dagrun for example_skip_dag to 2025-04-03 00:00:00+00:00, run_after=2025-04-04 00:00:00+00:00
[2025-04-04T19:32:59.493+0000] {processor.py:208} INFO - Processing /home/airflow/.local/lib/python3.12/site-packages/airflow/example_dags/example_skip_dag.py took 0.081 seconds
[2025-04-04T19:33:29.667+0000] {processor.py:186} INFO - Started process (PID=5479) to work on /home/airflow/.local/lib/python3.12/site-packages/airflow/example_dags/example_skip_dag.py
[2025-04-04T19:33:29.668+0000] {processor.py:914} INFO - Processing file /home/airflow/.local/lib/python3.12/site-packages/airflow/example_dags/example_skip_dag.py for tasks to queue
[2025-04-04T19:33:29.670+0000] {logging_mixin.py:190} INFO - [2025-04-04T19:33:29.669+0000] {dagbag.py:588} INFO - Filling up the DagBag from /home/airflow/.local/lib/python3.12/site-packages/airflow/example_dags/example_skip_dag.py
[2025-04-04T19:33:29.677+0000] {processor.py:925} INFO - DAG(s) 'example_skip_dag' retrieved from /home/airflow/.local/lib/python3.12/site-packages/airflow/example_dags/example_skip_dag.py
[2025-04-04T19:33:29.697+0000] {logging_mixin.py:190} INFO - [2025-04-04T19:33:29.697+0000] {dag.py:3239} INFO - Sync 1 DAGs
[2025-04-04T19:33:29.717+0000] {logging_mixin.py:190} INFO - [2025-04-04T19:33:29.717+0000] {dag.py:4180} INFO - Setting next_dagrun for example_skip_dag to 2025-04-03 00:00:00+00:00, run_after=2025-04-04 00:00:00+00:00
[2025-04-04T19:33:29.733+0000] {processor.py:208} INFO - Processing /home/airflow/.local/lib/python3.12/site-packages/airflow/example_dags/example_skip_dag.py took 0.072 seconds
[2025-04-04T19:33:59.881+0000] {processor.py:186} INFO - Started process (PID=5544) to work on /home/airflow/.local/lib/python3.12/site-packages/airflow/example_dags/example_skip_dag.py
[2025-04-04T19:33:59.881+0000] {processor.py:914} INFO - Processing file /home/airflow/.local/lib/python3.12/site-packages/airflow/example_dags/example_skip_dag.py for tasks to queue
[2025-04-04T19:33:59.884+0000] {logging_mixin.py:190} INFO - [2025-04-04T19:33:59.883+0000] {dagbag.py:588} INFO - Filling up the DagBag from /home/airflow/.local/lib/python3.12/site-packages/airflow/example_dags/example_skip_dag.py
[2025-04-04T19:33:59.891+0000] {processor.py:925} INFO - DAG(s) 'example_skip_dag' retrieved from /home/airflow/.local/lib/python3.12/site-packages/airflow/example_dags/example_skip_dag.py
[2025-04-04T19:33:59.911+0000] {logging_mixin.py:190} INFO - [2025-04-04T19:33:59.911+0000] {dag.py:3239} INFO - Sync 1 DAGs
[2025-04-04T19:33:59.934+0000] {logging_mixin.py:190} INFO - [2025-04-04T19:33:59.933+0000] {dag.py:4180} INFO - Setting next_dagrun for example_skip_dag to 2025-04-03 00:00:00+00:00, run_after=2025-04-04 00:00:00+00:00
[2025-04-04T19:33:59.954+0000] {processor.py:208} INFO - Processing /home/airflow/.local/lib/python3.12/site-packages/airflow/example_dags/example_skip_dag.py took 0.079 seconds
[2025-04-04T19:34:30.392+0000] {processor.py:186} INFO - Started process (PID=5609) to work on /home/airflow/.local/lib/python3.12/site-packages/airflow/example_dags/example_skip_dag.py
[2025-04-04T19:34:30.393+0000] {processor.py:914} INFO - Processing file /home/airflow/.local/lib/python3.12/site-packages/airflow/example_dags/example_skip_dag.py for tasks to queue
[2025-04-04T19:34:30.395+0000] {logging_mixin.py:190} INFO - [2025-04-04T19:34:30.395+0000] {dagbag.py:588} INFO - Filling up the DagBag from /home/airflow/.local/lib/python3.12/site-packages/airflow/example_dags/example_skip_dag.py
[2025-04-04T19:34:30.407+0000] {processor.py:925} INFO - DAG(s) 'example_skip_dag' retrieved from /home/airflow/.local/lib/python3.12/site-packages/airflow/example_dags/example_skip_dag.py
[2025-04-04T19:34:30.437+0000] {logging_mixin.py:190} INFO - [2025-04-04T19:34:30.437+0000] {dag.py:3239} INFO - Sync 1 DAGs
[2025-04-04T19:34:30.471+0000] {logging_mixin.py:190} INFO - [2025-04-04T19:34:30.471+0000] {dag.py:4180} INFO - Setting next_dagrun for example_skip_dag to 2025-04-03 00:00:00+00:00, run_after=2025-04-04 00:00:00+00:00
[2025-04-04T19:34:30.491+0000] {processor.py:208} INFO - Processing /home/airflow/.local/lib/python3.12/site-packages/airflow/example_dags/example_skip_dag.py took 0.105 seconds
[2025-04-04T19:35:00.806+0000] {processor.py:186} INFO - Started process (PID=5674) to work on /home/airflow/.local/lib/python3.12/site-packages/airflow/example_dags/example_skip_dag.py
[2025-04-04T19:35:00.807+0000] {processor.py:914} INFO - Processing file /home/airflow/.local/lib/python3.12/site-packages/airflow/example_dags/example_skip_dag.py for tasks to queue
[2025-04-04T19:35:00.810+0000] {logging_mixin.py:190} INFO - [2025-04-04T19:35:00.809+0000] {dagbag.py:588} INFO - Filling up the DagBag from /home/airflow/.local/lib/python3.12/site-packages/airflow/example_dags/example_skip_dag.py
[2025-04-04T19:35:00.818+0000] {processor.py:925} INFO - DAG(s) 'example_skip_dag' retrieved from /home/airflow/.local/lib/python3.12/site-packages/airflow/example_dags/example_skip_dag.py
[2025-04-04T19:35:00.840+0000] {logging_mixin.py:190} INFO - [2025-04-04T19:35:00.840+0000] {dag.py:3239} INFO - Sync 1 DAGs
[2025-04-04T19:35:00.862+0000] {logging_mixin.py:190} INFO - [2025-04-04T19:35:00.862+0000] {dag.py:4180} INFO - Setting next_dagrun for example_skip_dag to 2025-04-03 00:00:00+00:00, run_after=2025-04-04 00:00:00+00:00
[2025-04-04T19:35:00.880+0000] {processor.py:208} INFO - Processing /home/airflow/.local/lib/python3.12/site-packages/airflow/example_dags/example_skip_dag.py took 0.079 seconds
[2025-04-04T19:35:31.607+0000] {processor.py:186} INFO - Started process (PID=5739) to work on /home/airflow/.local/lib/python3.12/site-packages/airflow/example_dags/example_skip_dag.py
[2025-04-04T19:35:31.608+0000] {processor.py:914} INFO - Processing file /home/airflow/.local/lib/python3.12/site-packages/airflow/example_dags/example_skip_dag.py for tasks to queue
[2025-04-04T19:35:31.610+0000] {logging_mixin.py:190} INFO - [2025-04-04T19:35:31.610+0000] {dagbag.py:588} INFO - Filling up the DagBag from /home/airflow/.local/lib/python3.12/site-packages/airflow/example_dags/example_skip_dag.py
[2025-04-04T19:35:31.618+0000] {processor.py:925} INFO - DAG(s) 'example_skip_dag' retrieved from /home/airflow/.local/lib/python3.12/site-packages/airflow/example_dags/example_skip_dag.py
[2025-04-04T19:35:31.641+0000] {logging_mixin.py:190} INFO - [2025-04-04T19:35:31.641+0000] {dag.py:3239} INFO - Sync 1 DAGs
[2025-04-04T19:35:31.664+0000] {logging_mixin.py:190} INFO - [2025-04-04T19:35:31.664+0000] {dag.py:4180} INFO - Setting next_dagrun for example_skip_dag to 2025-04-03 00:00:00+00:00, run_after=2025-04-04 00:00:00+00:00
[2025-04-04T19:35:31.694+0000] {processor.py:208} INFO - Processing /home/airflow/.local/lib/python3.12/site-packages/airflow/example_dags/example_skip_dag.py took 0.092 seconds
[2025-04-04T19:36:02.198+0000] {processor.py:186} INFO - Started process (PID=5804) to work on /home/airflow/.local/lib/python3.12/site-packages/airflow/example_dags/example_skip_dag.py
[2025-04-04T19:36:02.199+0000] {processor.py:914} INFO - Processing file /home/airflow/.local/lib/python3.12/site-packages/airflow/example_dags/example_skip_dag.py for tasks to queue
[2025-04-04T19:36:02.201+0000] {logging_mixin.py:190} INFO - [2025-04-04T19:36:02.201+0000] {dagbag.py:588} INFO - Filling up the DagBag from /home/airflow/.local/lib/python3.12/site-packages/airflow/example_dags/example_skip_dag.py
[2025-04-04T19:36:02.208+0000] {processor.py:925} INFO - DAG(s) 'example_skip_dag' retrieved from /home/airflow/.local/lib/python3.12/site-packages/airflow/example_dags/example_skip_dag.py
[2025-04-04T19:36:02.229+0000] {logging_mixin.py:190} INFO - [2025-04-04T19:36:02.228+0000] {dag.py:3239} INFO - Sync 1 DAGs
[2025-04-04T19:36:02.250+0000] {logging_mixin.py:190} INFO - [2025-04-04T19:36:02.250+0000] {dag.py:4180} INFO - Setting next_dagrun for example_skip_dag to 2025-04-03 00:00:00+00:00, run_after=2025-04-04 00:00:00+00:00
[2025-04-04T19:36:02.266+0000] {processor.py:208} INFO - Processing /home/airflow/.local/lib/python3.12/site-packages/airflow/example_dags/example_skip_dag.py took 0.073 seconds
[2025-04-04T19:36:32.569+0000] {processor.py:186} INFO - Started process (PID=5869) to work on /home/airflow/.local/lib/python3.12/site-packages/airflow/example_dags/example_skip_dag.py
[2025-04-04T19:36:32.570+0000] {processor.py:914} INFO - Processing file /home/airflow/.local/lib/python3.12/site-packages/airflow/example_dags/example_skip_dag.py for tasks to queue
[2025-04-04T19:36:32.572+0000] {logging_mixin.py:190} INFO - [2025-04-04T19:36:32.572+0000] {dagbag.py:588} INFO - Filling up the DagBag from /home/airflow/.local/lib/python3.12/site-packages/airflow/example_dags/example_skip_dag.py
[2025-04-04T19:36:32.581+0000] {processor.py:925} INFO - DAG(s) 'example_skip_dag' retrieved from /home/airflow/.local/lib/python3.12/site-packages/airflow/example_dags/example_skip_dag.py
[2025-04-04T19:36:32.606+0000] {logging_mixin.py:190} INFO - [2025-04-04T19:36:32.606+0000] {dag.py:3239} INFO - Sync 1 DAGs
[2025-04-04T19:36:32.632+0000] {logging_mixin.py:190} INFO - [2025-04-04T19:36:32.632+0000] {dag.py:4180} INFO - Setting next_dagrun for example_skip_dag to 2025-04-03 00:00:00+00:00, run_after=2025-04-04 00:00:00+00:00
[2025-04-04T19:36:32.651+0000] {processor.py:208} INFO - Processing /home/airflow/.local/lib/python3.12/site-packages/airflow/example_dags/example_skip_dag.py took 0.089 seconds
[2025-04-04T19:37:03.563+0000] {processor.py:186} INFO - Started process (PID=5934) to work on /home/airflow/.local/lib/python3.12/site-packages/airflow/example_dags/example_skip_dag.py
[2025-04-04T19:37:03.564+0000] {processor.py:914} INFO - Processing file /home/airflow/.local/lib/python3.12/site-packages/airflow/example_dags/example_skip_dag.py for tasks to queue
[2025-04-04T19:37:03.566+0000] {logging_mixin.py:190} INFO - [2025-04-04T19:37:03.566+0000] {dagbag.py:588} INFO - Filling up the DagBag from /home/airflow/.local/lib/python3.12/site-packages/airflow/example_dags/example_skip_dag.py
[2025-04-04T19:37:03.574+0000] {processor.py:925} INFO - DAG(s) 'example_skip_dag' retrieved from /home/airflow/.local/lib/python3.12/site-packages/airflow/example_dags/example_skip_dag.py
[2025-04-04T19:37:03.598+0000] {logging_mixin.py:190} INFO - [2025-04-04T19:37:03.598+0000] {dag.py:3239} INFO - Sync 1 DAGs
[2025-04-04T19:37:03.622+0000] {logging_mixin.py:190} INFO - [2025-04-04T19:37:03.621+0000] {dag.py:4180} INFO - Setting next_dagrun for example_skip_dag to 2025-04-03 00:00:00+00:00, run_after=2025-04-04 00:00:00+00:00
[2025-04-04T19:37:03.637+0000] {processor.py:208} INFO - Processing /home/airflow/.local/lib/python3.12/site-packages/airflow/example_dags/example_skip_dag.py took 0.081 seconds
[2025-04-04T19:40:01.534+0000] {processor.py:186} INFO - Started process (PID=66) to work on /home/airflow/.local/lib/python3.12/site-packages/airflow/example_dags/example_skip_dag.py
[2025-04-04T19:40:01.535+0000] {processor.py:914} INFO - Processing file /home/airflow/.local/lib/python3.12/site-packages/airflow/example_dags/example_skip_dag.py for tasks to queue
[2025-04-04T19:40:01.538+0000] {logging_mixin.py:190} INFO - [2025-04-04T19:40:01.537+0000] {dagbag.py:588} INFO - Filling up the DagBag from /home/airflow/.local/lib/python3.12/site-packages/airflow/example_dags/example_skip_dag.py
[2025-04-04T19:40:01.546+0000] {processor.py:925} INFO - DAG(s) 'example_skip_dag' retrieved from /home/airflow/.local/lib/python3.12/site-packages/airflow/example_dags/example_skip_dag.py
[2025-04-04T19:40:01.580+0000] {logging_mixin.py:190} INFO - [2025-04-04T19:40:01.580+0000] {dag.py:3239} INFO - Sync 1 DAGs
[2025-04-04T19:40:01.621+0000] {logging_mixin.py:190} INFO - [2025-04-04T19:40:01.621+0000] {dag.py:4180} INFO - Setting next_dagrun for example_skip_dag to 2025-04-03 00:00:00+00:00, run_after=2025-04-04 00:00:00+00:00
[2025-04-04T19:40:01.647+0000] {processor.py:208} INFO - Processing /home/airflow/.local/lib/python3.12/site-packages/airflow/example_dags/example_skip_dag.py took 0.119 seconds
[2025-04-04T19:40:32.796+0000] {processor.py:186} INFO - Started process (PID=131) to work on /home/airflow/.local/lib/python3.12/site-packages/airflow/example_dags/example_skip_dag.py
[2025-04-04T19:40:32.797+0000] {processor.py:914} INFO - Processing file /home/airflow/.local/lib/python3.12/site-packages/airflow/example_dags/example_skip_dag.py for tasks to queue
[2025-04-04T19:40:32.799+0000] {logging_mixin.py:190} INFO - [2025-04-04T19:40:32.799+0000] {dagbag.py:588} INFO - Filling up the DagBag from /home/airflow/.local/lib/python3.12/site-packages/airflow/example_dags/example_skip_dag.py
[2025-04-04T19:40:32.809+0000] {processor.py:925} INFO - DAG(s) 'example_skip_dag' retrieved from /home/airflow/.local/lib/python3.12/site-packages/airflow/example_dags/example_skip_dag.py
[2025-04-04T19:40:32.833+0000] {logging_mixin.py:190} INFO - [2025-04-04T19:40:32.833+0000] {dag.py:3239} INFO - Sync 1 DAGs
[2025-04-04T19:40:32.867+0000] {logging_mixin.py:190} INFO - [2025-04-04T19:40:32.867+0000] {dag.py:4180} INFO - Setting next_dagrun for example_skip_dag to 2025-04-03 00:00:00+00:00, run_after=2025-04-04 00:00:00+00:00
[2025-04-04T19:40:32.887+0000] {processor.py:208} INFO - Processing /home/airflow/.local/lib/python3.12/site-packages/airflow/example_dags/example_skip_dag.py took 0.097 seconds
[2025-04-04T19:41:03.928+0000] {processor.py:186} INFO - Started process (PID=203) to work on /home/airflow/.local/lib/python3.12/site-packages/airflow/example_dags/example_skip_dag.py
[2025-04-04T19:41:03.929+0000] {processor.py:914} INFO - Processing file /home/airflow/.local/lib/python3.12/site-packages/airflow/example_dags/example_skip_dag.py for tasks to queue
[2025-04-04T19:41:03.931+0000] {logging_mixin.py:190} INFO - [2025-04-04T19:41:03.931+0000] {dagbag.py:588} INFO - Filling up the DagBag from /home/airflow/.local/lib/python3.12/site-packages/airflow/example_dags/example_skip_dag.py
[2025-04-04T19:41:03.943+0000] {processor.py:925} INFO - DAG(s) 'example_skip_dag' retrieved from /home/airflow/.local/lib/python3.12/site-packages/airflow/example_dags/example_skip_dag.py
[2025-04-04T19:41:03.971+0000] {logging_mixin.py:190} INFO - [2025-04-04T19:41:03.970+0000] {dag.py:3239} INFO - Sync 1 DAGs
[2025-04-04T19:41:04.007+0000] {logging_mixin.py:190} INFO - [2025-04-04T19:41:04.006+0000] {dag.py:4180} INFO - Setting next_dagrun for example_skip_dag to 2025-04-03 00:00:00+00:00, run_after=2025-04-04 00:00:00+00:00
[2025-04-04T19:41:04.037+0000] {processor.py:208} INFO - Processing /home/airflow/.local/lib/python3.12/site-packages/airflow/example_dags/example_skip_dag.py took 0.116 seconds
