[2025-04-04T19:07:22.710+0000] {processor.py:186} INFO - Started process (PID=2204) to work on /home/airflow/.local/lib/python3.12/site-packages/airflow/example_dags/tutorial.py
[2025-04-04T19:07:22.711+0000] {processor.py:914} INFO - Processing file /home/airflow/.local/lib/python3.12/site-packages/airflow/example_dags/tutorial.py for tasks to queue
[2025-04-04T19:07:22.713+0000] {logging_mixin.py:190} INFO - [2025-04-04T19:07:22.713+0000] {dagbag.py:588} INFO - Filling up the DagBag from /home/airflow/.local/lib/python3.12/site-packages/airflow/example_dags/tutorial.py
[2025-04-04T19:07:22.721+0000] {processor.py:925} INFO - DAG(s) 'tutorial' retrieved from /home/airflow/.local/lib/python3.12/site-packages/airflow/example_dags/tutorial.py
[2025-04-04T19:07:22.741+0000] {logging_mixin.py:190} INFO - [2025-04-04T19:07:22.741+0000] {dag.py:3239} INFO - Sync 1 DAGs
[2025-04-04T19:07:22.764+0000] {logging_mixin.py:190} INFO - [2025-04-04T19:07:22.764+0000] {dag.py:4180} INFO - Setting next_dagrun for tutorial to 2025-04-03 00:00:00+00:00, run_after=2025-04-04 00:00:00+00:00
[2025-04-04T19:07:22.782+0000] {processor.py:208} INFO - Processing /home/airflow/.local/lib/python3.12/site-packages/airflow/example_dags/tutorial.py took 0.079 seconds
[2025-04-04T19:07:54.614+0000] {processor.py:186} INFO - Started process (PID=2270) to work on /home/airflow/.local/lib/python3.12/site-packages/airflow/example_dags/tutorial.py
[2025-04-04T19:07:54.615+0000] {processor.py:914} INFO - Processing file /home/airflow/.local/lib/python3.12/site-packages/airflow/example_dags/tutorial.py for tasks to queue
[2025-04-04T19:07:54.618+0000] {logging_mixin.py:190} INFO - [2025-04-04T19:07:54.617+0000] {dagbag.py:588} INFO - Filling up the DagBag from /home/airflow/.local/lib/python3.12/site-packages/airflow/example_dags/tutorial.py
[2025-04-04T19:07:54.625+0000] {processor.py:925} INFO - DAG(s) 'tutorial' retrieved from /home/airflow/.local/lib/python3.12/site-packages/airflow/example_dags/tutorial.py
[2025-04-04T19:07:54.644+0000] {logging_mixin.py:190} INFO - [2025-04-04T19:07:54.643+0000] {dag.py:3239} INFO - Sync 1 DAGs
[2025-04-04T19:07:54.666+0000] {logging_mixin.py:190} INFO - [2025-04-04T19:07:54.666+0000] {dag.py:4180} INFO - Setting next_dagrun for tutorial to 2025-04-03 00:00:00+00:00, run_after=2025-04-04 00:00:00+00:00
[2025-04-04T19:07:54.685+0000] {processor.py:208} INFO - Processing /home/airflow/.local/lib/python3.12/site-packages/airflow/example_dags/tutorial.py took 0.076 seconds
[2025-04-04T19:08:25.487+0000] {processor.py:186} INFO - Started process (PID=2334) to work on /home/airflow/.local/lib/python3.12/site-packages/airflow/example_dags/tutorial.py
[2025-04-04T19:08:25.488+0000] {processor.py:914} INFO - Processing file /home/airflow/.local/lib/python3.12/site-packages/airflow/example_dags/tutorial.py for tasks to queue
[2025-04-04T19:08:25.490+0000] {logging_mixin.py:190} INFO - [2025-04-04T19:08:25.490+0000] {dagbag.py:588} INFO - Filling up the DagBag from /home/airflow/.local/lib/python3.12/site-packages/airflow/example_dags/tutorial.py
[2025-04-04T19:08:25.498+0000] {processor.py:925} INFO - DAG(s) 'tutorial' retrieved from /home/airflow/.local/lib/python3.12/site-packages/airflow/example_dags/tutorial.py
[2025-04-04T19:08:25.517+0000] {logging_mixin.py:190} INFO - [2025-04-04T19:08:25.517+0000] {dag.py:3239} INFO - Sync 1 DAGs
[2025-04-04T19:08:25.542+0000] {logging_mixin.py:190} INFO - [2025-04-04T19:08:25.542+0000] {dag.py:4180} INFO - Setting next_dagrun for tutorial to 2025-04-03 00:00:00+00:00, run_after=2025-04-04 00:00:00+00:00
[2025-04-04T19:08:25.560+0000] {processor.py:208} INFO - Processing /home/airflow/.local/lib/python3.12/site-packages/airflow/example_dags/tutorial.py took 0.079 seconds
[2025-04-04T19:08:57.503+0000] {processor.py:186} INFO - Started process (PID=2405) to work on /home/airflow/.local/lib/python3.12/site-packages/airflow/example_dags/tutorial.py
[2025-04-04T19:08:57.504+0000] {processor.py:914} INFO - Processing file /home/airflow/.local/lib/python3.12/site-packages/airflow/example_dags/tutorial.py for tasks to queue
[2025-04-04T19:08:57.506+0000] {logging_mixin.py:190} INFO - [2025-04-04T19:08:57.506+0000] {dagbag.py:588} INFO - Filling up the DagBag from /home/airflow/.local/lib/python3.12/site-packages/airflow/example_dags/tutorial.py
[2025-04-04T19:08:57.513+0000] {processor.py:925} INFO - DAG(s) 'tutorial' retrieved from /home/airflow/.local/lib/python3.12/site-packages/airflow/example_dags/tutorial.py
[2025-04-04T19:08:57.533+0000] {logging_mixin.py:190} INFO - [2025-04-04T19:08:57.533+0000] {dag.py:3239} INFO - Sync 1 DAGs
[2025-04-04T19:08:57.556+0000] {logging_mixin.py:190} INFO - [2025-04-04T19:08:57.556+0000] {dag.py:4180} INFO - Setting next_dagrun for tutorial to 2025-04-03 00:00:00+00:00, run_after=2025-04-04 00:00:00+00:00
[2025-04-04T19:08:57.574+0000] {processor.py:208} INFO - Processing /home/airflow/.local/lib/python3.12/site-packages/airflow/example_dags/tutorial.py took 0.077 seconds
[2025-04-04T19:09:28.467+0000] {processor.py:186} INFO - Started process (PID=2469) to work on /home/airflow/.local/lib/python3.12/site-packages/airflow/example_dags/tutorial.py
[2025-04-04T19:09:28.468+0000] {processor.py:914} INFO - Processing file /home/airflow/.local/lib/python3.12/site-packages/airflow/example_dags/tutorial.py for tasks to queue
[2025-04-04T19:09:28.471+0000] {logging_mixin.py:190} INFO - [2025-04-04T19:09:28.471+0000] {dagbag.py:588} INFO - Filling up the DagBag from /home/airflow/.local/lib/python3.12/site-packages/airflow/example_dags/tutorial.py
[2025-04-04T19:09:28.480+0000] {processor.py:925} INFO - DAG(s) 'tutorial' retrieved from /home/airflow/.local/lib/python3.12/site-packages/airflow/example_dags/tutorial.py
[2025-04-04T19:09:28.503+0000] {logging_mixin.py:190} INFO - [2025-04-04T19:09:28.503+0000] {dag.py:3239} INFO - Sync 1 DAGs
[2025-04-04T19:09:28.531+0000] {logging_mixin.py:190} INFO - [2025-04-04T19:09:28.531+0000] {dag.py:4180} INFO - Setting next_dagrun for tutorial to 2025-04-03 00:00:00+00:00, run_after=2025-04-04 00:00:00+00:00
[2025-04-04T19:09:28.551+0000] {processor.py:208} INFO - Processing /home/airflow/.local/lib/python3.12/site-packages/airflow/example_dags/tutorial.py took 0.090 seconds
[2025-04-04T19:09:59.598+0000] {processor.py:186} INFO - Started process (PID=2533) to work on /home/airflow/.local/lib/python3.12/site-packages/airflow/example_dags/tutorial.py
[2025-04-04T19:09:59.599+0000] {processor.py:914} INFO - Processing file /home/airflow/.local/lib/python3.12/site-packages/airflow/example_dags/tutorial.py for tasks to queue
[2025-04-04T19:09:59.601+0000] {logging_mixin.py:190} INFO - [2025-04-04T19:09:59.601+0000] {dagbag.py:588} INFO - Filling up the DagBag from /home/airflow/.local/lib/python3.12/site-packages/airflow/example_dags/tutorial.py
[2025-04-04T19:09:59.608+0000] {processor.py:925} INFO - DAG(s) 'tutorial' retrieved from /home/airflow/.local/lib/python3.12/site-packages/airflow/example_dags/tutorial.py
[2025-04-04T19:09:59.627+0000] {logging_mixin.py:190} INFO - [2025-04-04T19:09:59.627+0000] {dag.py:3239} INFO - Sync 1 DAGs
[2025-04-04T19:09:59.649+0000] {logging_mixin.py:190} INFO - [2025-04-04T19:09:59.649+0000] {dag.py:4180} INFO - Setting next_dagrun for tutorial to 2025-04-03 00:00:00+00:00, run_after=2025-04-04 00:00:00+00:00
[2025-04-04T19:09:59.666+0000] {processor.py:208} INFO - Processing /home/airflow/.local/lib/python3.12/site-packages/airflow/example_dags/tutorial.py took 0.073 seconds
[2025-04-04T19:10:30.421+0000] {processor.py:186} INFO - Started process (PID=2597) to work on /home/airflow/.local/lib/python3.12/site-packages/airflow/example_dags/tutorial.py
[2025-04-04T19:10:30.422+0000] {processor.py:914} INFO - Processing file /home/airflow/.local/lib/python3.12/site-packages/airflow/example_dags/tutorial.py for tasks to queue
[2025-04-04T19:10:30.424+0000] {logging_mixin.py:190} INFO - [2025-04-04T19:10:30.424+0000] {dagbag.py:588} INFO - Filling up the DagBag from /home/airflow/.local/lib/python3.12/site-packages/airflow/example_dags/tutorial.py
[2025-04-04T19:10:30.431+0000] {processor.py:925} INFO - DAG(s) 'tutorial' retrieved from /home/airflow/.local/lib/python3.12/site-packages/airflow/example_dags/tutorial.py
[2025-04-04T19:10:30.451+0000] {logging_mixin.py:190} INFO - [2025-04-04T19:10:30.451+0000] {dag.py:3239} INFO - Sync 1 DAGs
[2025-04-04T19:10:30.475+0000] {logging_mixin.py:190} INFO - [2025-04-04T19:10:30.475+0000] {dag.py:4180} INFO - Setting next_dagrun for tutorial to 2025-04-03 00:00:00+00:00, run_after=2025-04-04 00:00:00+00:00
[2025-04-04T19:10:30.492+0000] {processor.py:208} INFO - Processing /home/airflow/.local/lib/python3.12/site-packages/airflow/example_dags/tutorial.py took 0.078 seconds
[2025-04-04T19:11:01.184+0000] {processor.py:186} INFO - Started process (PID=2660) to work on /home/airflow/.local/lib/python3.12/site-packages/airflow/example_dags/tutorial.py
[2025-04-04T19:11:01.185+0000] {processor.py:914} INFO - Processing file /home/airflow/.local/lib/python3.12/site-packages/airflow/example_dags/tutorial.py for tasks to queue
[2025-04-04T19:11:01.187+0000] {logging_mixin.py:190} INFO - [2025-04-04T19:11:01.187+0000] {dagbag.py:588} INFO - Filling up the DagBag from /home/airflow/.local/lib/python3.12/site-packages/airflow/example_dags/tutorial.py
[2025-04-04T19:11:01.195+0000] {processor.py:925} INFO - DAG(s) 'tutorial' retrieved from /home/airflow/.local/lib/python3.12/site-packages/airflow/example_dags/tutorial.py
[2025-04-04T19:11:01.213+0000] {logging_mixin.py:190} INFO - [2025-04-04T19:11:01.213+0000] {dag.py:3239} INFO - Sync 1 DAGs
[2025-04-04T19:11:01.234+0000] {logging_mixin.py:190} INFO - [2025-04-04T19:11:01.234+0000] {dag.py:4180} INFO - Setting next_dagrun for tutorial to 2025-04-03 00:00:00+00:00, run_after=2025-04-04 00:00:00+00:00
[2025-04-04T19:11:01.444+0000] {processor.py:208} INFO - Processing /home/airflow/.local/lib/python3.12/site-packages/airflow/example_dags/tutorial.py took 0.265 seconds
[2025-04-04T19:11:32.881+0000] {processor.py:186} INFO - Started process (PID=2724) to work on /home/airflow/.local/lib/python3.12/site-packages/airflow/example_dags/tutorial.py
[2025-04-04T19:11:32.883+0000] {processor.py:914} INFO - Processing file /home/airflow/.local/lib/python3.12/site-packages/airflow/example_dags/tutorial.py for tasks to queue
[2025-04-04T19:11:32.885+0000] {logging_mixin.py:190} INFO - [2025-04-04T19:11:32.885+0000] {dagbag.py:588} INFO - Filling up the DagBag from /home/airflow/.local/lib/python3.12/site-packages/airflow/example_dags/tutorial.py
[2025-04-04T19:11:32.893+0000] {processor.py:925} INFO - DAG(s) 'tutorial' retrieved from /home/airflow/.local/lib/python3.12/site-packages/airflow/example_dags/tutorial.py
[2025-04-04T19:11:32.913+0000] {logging_mixin.py:190} INFO - [2025-04-04T19:11:32.913+0000] {dag.py:3239} INFO - Sync 1 DAGs
[2025-04-04T19:11:33.143+0000] {logging_mixin.py:190} INFO - [2025-04-04T19:11:33.143+0000] {dag.py:4180} INFO - Setting next_dagrun for tutorial to 2025-04-03 00:00:00+00:00, run_after=2025-04-04 00:00:00+00:00
[2025-04-04T19:11:33.159+0000] {processor.py:208} INFO - Processing /home/airflow/.local/lib/python3.12/site-packages/airflow/example_dags/tutorial.py took 0.284 seconds
[2025-04-04T19:12:04.013+0000] {processor.py:186} INFO - Started process (PID=2788) to work on /home/airflow/.local/lib/python3.12/site-packages/airflow/example_dags/tutorial.py
[2025-04-04T19:12:04.015+0000] {processor.py:914} INFO - Processing file /home/airflow/.local/lib/python3.12/site-packages/airflow/example_dags/tutorial.py for tasks to queue
[2025-04-04T19:12:04.017+0000] {logging_mixin.py:190} INFO - [2025-04-04T19:12:04.017+0000] {dagbag.py:588} INFO - Filling up the DagBag from /home/airflow/.local/lib/python3.12/site-packages/airflow/example_dags/tutorial.py
[2025-04-04T19:12:04.025+0000] {processor.py:925} INFO - DAG(s) 'tutorial' retrieved from /home/airflow/.local/lib/python3.12/site-packages/airflow/example_dags/tutorial.py
[2025-04-04T19:12:04.045+0000] {logging_mixin.py:190} INFO - [2025-04-04T19:12:04.044+0000] {dag.py:3239} INFO - Sync 1 DAGs
[2025-04-04T19:12:04.068+0000] {logging_mixin.py:190} INFO - [2025-04-04T19:12:04.067+0000] {dag.py:4180} INFO - Setting next_dagrun for tutorial to 2025-04-03 00:00:00+00:00, run_after=2025-04-04 00:00:00+00:00
[2025-04-04T19:12:04.354+0000] {processor.py:208} INFO - Processing /home/airflow/.local/lib/python3.12/site-packages/airflow/example_dags/tutorial.py took 0.346 seconds
[2025-04-04T19:12:35.400+0000] {processor.py:186} INFO - Started process (PID=2853) to work on /home/airflow/.local/lib/python3.12/site-packages/airflow/example_dags/tutorial.py
[2025-04-04T19:12:35.401+0000] {processor.py:914} INFO - Processing file /home/airflow/.local/lib/python3.12/site-packages/airflow/example_dags/tutorial.py for tasks to queue
[2025-04-04T19:12:35.403+0000] {logging_mixin.py:190} INFO - [2025-04-04T19:12:35.403+0000] {dagbag.py:588} INFO - Filling up the DagBag from /home/airflow/.local/lib/python3.12/site-packages/airflow/example_dags/tutorial.py
[2025-04-04T19:12:35.410+0000] {processor.py:925} INFO - DAG(s) 'tutorial' retrieved from /home/airflow/.local/lib/python3.12/site-packages/airflow/example_dags/tutorial.py
[2025-04-04T19:12:35.429+0000] {logging_mixin.py:190} INFO - [2025-04-04T19:12:35.428+0000] {dag.py:3239} INFO - Sync 1 DAGs
[2025-04-04T19:12:35.450+0000] {logging_mixin.py:190} INFO - [2025-04-04T19:12:35.449+0000] {dag.py:4180} INFO - Setting next_dagrun for tutorial to 2025-04-03 00:00:00+00:00, run_after=2025-04-04 00:00:00+00:00
[2025-04-04T19:12:35.645+0000] {processor.py:208} INFO - Processing /home/airflow/.local/lib/python3.12/site-packages/airflow/example_dags/tutorial.py took 0.251 seconds
[2025-04-04T19:13:06.146+0000] {processor.py:186} INFO - Started process (PID=2916) to work on /home/airflow/.local/lib/python3.12/site-packages/airflow/example_dags/tutorial.py
[2025-04-04T19:13:06.147+0000] {processor.py:914} INFO - Processing file /home/airflow/.local/lib/python3.12/site-packages/airflow/example_dags/tutorial.py for tasks to queue
[2025-04-04T19:13:06.150+0000] {logging_mixin.py:190} INFO - [2025-04-04T19:13:06.150+0000] {dagbag.py:588} INFO - Filling up the DagBag from /home/airflow/.local/lib/python3.12/site-packages/airflow/example_dags/tutorial.py
[2025-04-04T19:13:06.161+0000] {processor.py:925} INFO - DAG(s) 'tutorial' retrieved from /home/airflow/.local/lib/python3.12/site-packages/airflow/example_dags/tutorial.py
[2025-04-04T19:13:06.185+0000] {logging_mixin.py:190} INFO - [2025-04-04T19:13:06.185+0000] {dag.py:3239} INFO - Sync 1 DAGs
[2025-04-04T19:13:06.214+0000] {logging_mixin.py:190} INFO - [2025-04-04T19:13:06.214+0000] {dag.py:4180} INFO - Setting next_dagrun for tutorial to 2025-04-03 00:00:00+00:00, run_after=2025-04-04 00:00:00+00:00
[2025-04-04T19:13:06.237+0000] {processor.py:208} INFO - Processing /home/airflow/.local/lib/python3.12/site-packages/airflow/example_dags/tutorial.py took 0.099 seconds
[2025-04-04T19:13:37.092+0000] {processor.py:186} INFO - Started process (PID=2980) to work on /home/airflow/.local/lib/python3.12/site-packages/airflow/example_dags/tutorial.py
[2025-04-04T19:13:37.093+0000] {processor.py:914} INFO - Processing file /home/airflow/.local/lib/python3.12/site-packages/airflow/example_dags/tutorial.py for tasks to queue
[2025-04-04T19:13:37.096+0000] {logging_mixin.py:190} INFO - [2025-04-04T19:13:37.095+0000] {dagbag.py:588} INFO - Filling up the DagBag from /home/airflow/.local/lib/python3.12/site-packages/airflow/example_dags/tutorial.py
[2025-04-04T19:13:37.105+0000] {processor.py:925} INFO - DAG(s) 'tutorial' retrieved from /home/airflow/.local/lib/python3.12/site-packages/airflow/example_dags/tutorial.py
[2025-04-04T19:13:37.127+0000] {logging_mixin.py:190} INFO - [2025-04-04T19:13:37.127+0000] {dag.py:3239} INFO - Sync 1 DAGs
[2025-04-04T19:13:37.151+0000] {logging_mixin.py:190} INFO - [2025-04-04T19:13:37.151+0000] {dag.py:4180} INFO - Setting next_dagrun for tutorial to 2025-04-03 00:00:00+00:00, run_after=2025-04-04 00:00:00+00:00
[2025-04-04T19:13:37.170+0000] {processor.py:208} INFO - Processing /home/airflow/.local/lib/python3.12/site-packages/airflow/example_dags/tutorial.py took 0.085 seconds
[2025-04-04T19:14:08.954+0000] {processor.py:186} INFO - Started process (PID=3045) to work on /home/airflow/.local/lib/python3.12/site-packages/airflow/example_dags/tutorial.py
[2025-04-04T19:14:08.954+0000] {processor.py:914} INFO - Processing file /home/airflow/.local/lib/python3.12/site-packages/airflow/example_dags/tutorial.py for tasks to queue
[2025-04-04T19:14:08.956+0000] {logging_mixin.py:190} INFO - [2025-04-04T19:14:08.956+0000] {dagbag.py:588} INFO - Filling up the DagBag from /home/airflow/.local/lib/python3.12/site-packages/airflow/example_dags/tutorial.py
[2025-04-04T19:14:08.963+0000] {processor.py:925} INFO - DAG(s) 'tutorial' retrieved from /home/airflow/.local/lib/python3.12/site-packages/airflow/example_dags/tutorial.py
[2025-04-04T19:14:08.981+0000] {logging_mixin.py:190} INFO - [2025-04-04T19:14:08.981+0000] {dag.py:3239} INFO - Sync 1 DAGs
[2025-04-04T19:14:09.004+0000] {logging_mixin.py:190} INFO - [2025-04-04T19:14:09.003+0000] {dag.py:4180} INFO - Setting next_dagrun for tutorial to 2025-04-03 00:00:00+00:00, run_after=2025-04-04 00:00:00+00:00
[2025-04-04T19:14:09.022+0000] {processor.py:208} INFO - Processing /home/airflow/.local/lib/python3.12/site-packages/airflow/example_dags/tutorial.py took 0.073 seconds
[2025-04-04T19:14:40.107+0000] {processor.py:186} INFO - Started process (PID=3109) to work on /home/airflow/.local/lib/python3.12/site-packages/airflow/example_dags/tutorial.py
[2025-04-04T19:14:40.109+0000] {processor.py:914} INFO - Processing file /home/airflow/.local/lib/python3.12/site-packages/airflow/example_dags/tutorial.py for tasks to queue
[2025-04-04T19:14:40.111+0000] {logging_mixin.py:190} INFO - [2025-04-04T19:14:40.111+0000] {dagbag.py:588} INFO - Filling up the DagBag from /home/airflow/.local/lib/python3.12/site-packages/airflow/example_dags/tutorial.py
[2025-04-04T19:14:40.121+0000] {processor.py:925} INFO - DAG(s) 'tutorial' retrieved from /home/airflow/.local/lib/python3.12/site-packages/airflow/example_dags/tutorial.py
[2025-04-04T19:14:40.144+0000] {logging_mixin.py:190} INFO - [2025-04-04T19:14:40.143+0000] {dag.py:3239} INFO - Sync 1 DAGs
[2025-04-04T19:14:40.175+0000] {logging_mixin.py:190} INFO - [2025-04-04T19:14:40.174+0000] {dag.py:4180} INFO - Setting next_dagrun for tutorial to 2025-04-03 00:00:00+00:00, run_after=2025-04-04 00:00:00+00:00
[2025-04-04T19:14:40.196+0000] {processor.py:208} INFO - Processing /home/airflow/.local/lib/python3.12/site-packages/airflow/example_dags/tutorial.py took 0.094 seconds
[2025-04-04T19:15:11.102+0000] {processor.py:186} INFO - Started process (PID=3173) to work on /home/airflow/.local/lib/python3.12/site-packages/airflow/example_dags/tutorial.py
[2025-04-04T19:15:11.103+0000] {processor.py:914} INFO - Processing file /home/airflow/.local/lib/python3.12/site-packages/airflow/example_dags/tutorial.py for tasks to queue
[2025-04-04T19:15:11.106+0000] {logging_mixin.py:190} INFO - [2025-04-04T19:15:11.106+0000] {dagbag.py:588} INFO - Filling up the DagBag from /home/airflow/.local/lib/python3.12/site-packages/airflow/example_dags/tutorial.py
[2025-04-04T19:15:11.117+0000] {processor.py:925} INFO - DAG(s) 'tutorial' retrieved from /home/airflow/.local/lib/python3.12/site-packages/airflow/example_dags/tutorial.py
[2025-04-04T19:15:11.141+0000] {logging_mixin.py:190} INFO - [2025-04-04T19:15:11.141+0000] {dag.py:3239} INFO - Sync 1 DAGs
[2025-04-04T19:15:11.165+0000] {logging_mixin.py:190} INFO - [2025-04-04T19:15:11.165+0000] {dag.py:4180} INFO - Setting next_dagrun for tutorial to 2025-04-03 00:00:00+00:00, run_after=2025-04-04 00:00:00+00:00
[2025-04-04T19:15:11.185+0000] {processor.py:208} INFO - Processing /home/airflow/.local/lib/python3.12/site-packages/airflow/example_dags/tutorial.py took 0.089 seconds
[2025-04-04T19:15:42.229+0000] {processor.py:186} INFO - Started process (PID=3237) to work on /home/airflow/.local/lib/python3.12/site-packages/airflow/example_dags/tutorial.py
[2025-04-04T19:15:42.230+0000] {processor.py:914} INFO - Processing file /home/airflow/.local/lib/python3.12/site-packages/airflow/example_dags/tutorial.py for tasks to queue
[2025-04-04T19:15:42.232+0000] {logging_mixin.py:190} INFO - [2025-04-04T19:15:42.232+0000] {dagbag.py:588} INFO - Filling up the DagBag from /home/airflow/.local/lib/python3.12/site-packages/airflow/example_dags/tutorial.py
[2025-04-04T19:15:42.239+0000] {processor.py:925} INFO - DAG(s) 'tutorial' retrieved from /home/airflow/.local/lib/python3.12/site-packages/airflow/example_dags/tutorial.py
[2025-04-04T19:15:42.257+0000] {logging_mixin.py:190} INFO - [2025-04-04T19:15:42.257+0000] {dag.py:3239} INFO - Sync 1 DAGs
[2025-04-04T19:15:42.279+0000] {logging_mixin.py:190} INFO - [2025-04-04T19:15:42.279+0000] {dag.py:4180} INFO - Setting next_dagrun for tutorial to 2025-04-03 00:00:00+00:00, run_after=2025-04-04 00:00:00+00:00
[2025-04-04T19:15:42.295+0000] {processor.py:208} INFO - Processing /home/airflow/.local/lib/python3.12/site-packages/airflow/example_dags/tutorial.py took 0.071 seconds
[2025-04-04T19:16:13.215+0000] {processor.py:186} INFO - Started process (PID=3301) to work on /home/airflow/.local/lib/python3.12/site-packages/airflow/example_dags/tutorial.py
[2025-04-04T19:16:13.216+0000] {processor.py:914} INFO - Processing file /home/airflow/.local/lib/python3.12/site-packages/airflow/example_dags/tutorial.py for tasks to queue
[2025-04-04T19:16:13.218+0000] {logging_mixin.py:190} INFO - [2025-04-04T19:16:13.218+0000] {dagbag.py:588} INFO - Filling up the DagBag from /home/airflow/.local/lib/python3.12/site-packages/airflow/example_dags/tutorial.py
[2025-04-04T19:16:13.226+0000] {processor.py:925} INFO - DAG(s) 'tutorial' retrieved from /home/airflow/.local/lib/python3.12/site-packages/airflow/example_dags/tutorial.py
[2025-04-04T19:16:13.249+0000] {logging_mixin.py:190} INFO - [2025-04-04T19:16:13.249+0000] {dag.py:3239} INFO - Sync 1 DAGs
[2025-04-04T19:16:13.274+0000] {logging_mixin.py:190} INFO - [2025-04-04T19:16:13.274+0000] {dag.py:4180} INFO - Setting next_dagrun for tutorial to 2025-04-03 00:00:00+00:00, run_after=2025-04-04 00:00:00+00:00
[2025-04-04T19:16:13.290+0000] {processor.py:208} INFO - Processing /home/airflow/.local/lib/python3.12/site-packages/airflow/example_dags/tutorial.py took 0.081 seconds
[2025-04-04T19:16:44.379+0000] {processor.py:186} INFO - Started process (PID=3372) to work on /home/airflow/.local/lib/python3.12/site-packages/airflow/example_dags/tutorial.py
[2025-04-04T19:16:44.380+0000] {processor.py:914} INFO - Processing file /home/airflow/.local/lib/python3.12/site-packages/airflow/example_dags/tutorial.py for tasks to queue
[2025-04-04T19:16:44.382+0000] {logging_mixin.py:190} INFO - [2025-04-04T19:16:44.382+0000] {dagbag.py:588} INFO - Filling up the DagBag from /home/airflow/.local/lib/python3.12/site-packages/airflow/example_dags/tutorial.py
[2025-04-04T19:16:44.393+0000] {processor.py:925} INFO - DAG(s) 'tutorial' retrieved from /home/airflow/.local/lib/python3.12/site-packages/airflow/example_dags/tutorial.py
[2025-04-04T19:16:44.433+0000] {logging_mixin.py:190} INFO - [2025-04-04T19:16:44.433+0000] {dag.py:3239} INFO - Sync 1 DAGs
[2025-04-04T19:16:44.477+0000] {logging_mixin.py:190} INFO - [2025-04-04T19:16:44.476+0000] {dag.py:4180} INFO - Setting next_dagrun for tutorial to 2025-04-03 00:00:00+00:00, run_after=2025-04-04 00:00:00+00:00
[2025-04-04T19:16:44.502+0000] {processor.py:208} INFO - Processing /home/airflow/.local/lib/python3.12/site-packages/airflow/example_dags/tutorial.py took 0.130 seconds
[2025-04-04T19:17:15.967+0000] {processor.py:186} INFO - Started process (PID=3437) to work on /home/airflow/.local/lib/python3.12/site-packages/airflow/example_dags/tutorial.py
[2025-04-04T19:17:15.968+0000] {processor.py:914} INFO - Processing file /home/airflow/.local/lib/python3.12/site-packages/airflow/example_dags/tutorial.py for tasks to queue
[2025-04-04T19:17:15.972+0000] {logging_mixin.py:190} INFO - [2025-04-04T19:17:15.971+0000] {dagbag.py:588} INFO - Filling up the DagBag from /home/airflow/.local/lib/python3.12/site-packages/airflow/example_dags/tutorial.py
[2025-04-04T19:17:15.983+0000] {processor.py:925} INFO - DAG(s) 'tutorial' retrieved from /home/airflow/.local/lib/python3.12/site-packages/airflow/example_dags/tutorial.py
[2025-04-04T19:17:16.010+0000] {logging_mixin.py:190} INFO - [2025-04-04T19:17:16.010+0000] {dag.py:3239} INFO - Sync 1 DAGs
[2025-04-04T19:17:16.040+0000] {logging_mixin.py:190} INFO - [2025-04-04T19:17:16.039+0000] {dag.py:4180} INFO - Setting next_dagrun for tutorial to 2025-04-03 00:00:00+00:00, run_after=2025-04-04 00:00:00+00:00
[2025-04-04T19:17:16.067+0000] {processor.py:208} INFO - Processing /home/airflow/.local/lib/python3.12/site-packages/airflow/example_dags/tutorial.py took 0.108 seconds
[2025-04-04T19:17:47.001+0000] {processor.py:186} INFO - Started process (PID=3501) to work on /home/airflow/.local/lib/python3.12/site-packages/airflow/example_dags/tutorial.py
[2025-04-04T19:17:47.002+0000] {processor.py:914} INFO - Processing file /home/airflow/.local/lib/python3.12/site-packages/airflow/example_dags/tutorial.py for tasks to queue
[2025-04-04T19:17:47.005+0000] {logging_mixin.py:190} INFO - [2025-04-04T19:17:47.004+0000] {dagbag.py:588} INFO - Filling up the DagBag from /home/airflow/.local/lib/python3.12/site-packages/airflow/example_dags/tutorial.py
[2025-04-04T19:17:47.013+0000] {processor.py:925} INFO - DAG(s) 'tutorial' retrieved from /home/airflow/.local/lib/python3.12/site-packages/airflow/example_dags/tutorial.py
[2025-04-04T19:17:47.034+0000] {logging_mixin.py:190} INFO - [2025-04-04T19:17:47.033+0000] {dag.py:3239} INFO - Sync 1 DAGs
[2025-04-04T19:17:47.057+0000] {logging_mixin.py:190} INFO - [2025-04-04T19:17:47.057+0000] {dag.py:4180} INFO - Setting next_dagrun for tutorial to 2025-04-03 00:00:00+00:00, run_after=2025-04-04 00:00:00+00:00
[2025-04-04T19:17:47.076+0000] {processor.py:208} INFO - Processing /home/airflow/.local/lib/python3.12/site-packages/airflow/example_dags/tutorial.py took 0.083 seconds
[2025-04-04T19:18:18.230+0000] {processor.py:186} INFO - Started process (PID=3565) to work on /home/airflow/.local/lib/python3.12/site-packages/airflow/example_dags/tutorial.py
[2025-04-04T19:18:18.231+0000] {processor.py:914} INFO - Processing file /home/airflow/.local/lib/python3.12/site-packages/airflow/example_dags/tutorial.py for tasks to queue
[2025-04-04T19:18:18.233+0000] {logging_mixin.py:190} INFO - [2025-04-04T19:18:18.233+0000] {dagbag.py:588} INFO - Filling up the DagBag from /home/airflow/.local/lib/python3.12/site-packages/airflow/example_dags/tutorial.py
[2025-04-04T19:18:18.241+0000] {processor.py:925} INFO - DAG(s) 'tutorial' retrieved from /home/airflow/.local/lib/python3.12/site-packages/airflow/example_dags/tutorial.py
[2025-04-04T19:18:18.260+0000] {logging_mixin.py:190} INFO - [2025-04-04T19:18:18.260+0000] {dag.py:3239} INFO - Sync 1 DAGs
[2025-04-04T19:18:18.282+0000] {logging_mixin.py:190} INFO - [2025-04-04T19:18:18.281+0000] {dag.py:4180} INFO - Setting next_dagrun for tutorial to 2025-04-03 00:00:00+00:00, run_after=2025-04-04 00:00:00+00:00
[2025-04-04T19:18:18.297+0000] {processor.py:208} INFO - Processing /home/airflow/.local/lib/python3.12/site-packages/airflow/example_dags/tutorial.py took 0.073 seconds
[2025-04-04T19:18:48.936+0000] {processor.py:186} INFO - Started process (PID=3629) to work on /home/airflow/.local/lib/python3.12/site-packages/airflow/example_dags/tutorial.py
[2025-04-04T19:18:48.936+0000] {processor.py:914} INFO - Processing file /home/airflow/.local/lib/python3.12/site-packages/airflow/example_dags/tutorial.py for tasks to queue
[2025-04-04T19:18:48.939+0000] {logging_mixin.py:190} INFO - [2025-04-04T19:18:48.938+0000] {dagbag.py:588} INFO - Filling up the DagBag from /home/airflow/.local/lib/python3.12/site-packages/airflow/example_dags/tutorial.py
[2025-04-04T19:18:48.946+0000] {processor.py:925} INFO - DAG(s) 'tutorial' retrieved from /home/airflow/.local/lib/python3.12/site-packages/airflow/example_dags/tutorial.py
[2025-04-04T19:18:48.966+0000] {logging_mixin.py:190} INFO - [2025-04-04T19:18:48.965+0000] {dag.py:3239} INFO - Sync 1 DAGs
[2025-04-04T19:18:48.992+0000] {logging_mixin.py:190} INFO - [2025-04-04T19:18:48.991+0000] {dag.py:4180} INFO - Setting next_dagrun for tutorial to 2025-04-03 00:00:00+00:00, run_after=2025-04-04 00:00:00+00:00
[2025-04-04T19:18:49.008+0000] {processor.py:208} INFO - Processing /home/airflow/.local/lib/python3.12/site-packages/airflow/example_dags/tutorial.py took 0.077 seconds
[2025-04-04T19:19:20.162+0000] {processor.py:186} INFO - Started process (PID=3693) to work on /home/airflow/.local/lib/python3.12/site-packages/airflow/example_dags/tutorial.py
[2025-04-04T19:19:20.163+0000] {processor.py:914} INFO - Processing file /home/airflow/.local/lib/python3.12/site-packages/airflow/example_dags/tutorial.py for tasks to queue
[2025-04-04T19:19:20.166+0000] {logging_mixin.py:190} INFO - [2025-04-04T19:19:20.165+0000] {dagbag.py:588} INFO - Filling up the DagBag from /home/airflow/.local/lib/python3.12/site-packages/airflow/example_dags/tutorial.py
[2025-04-04T19:19:20.174+0000] {processor.py:925} INFO - DAG(s) 'tutorial' retrieved from /home/airflow/.local/lib/python3.12/site-packages/airflow/example_dags/tutorial.py
[2025-04-04T19:19:20.194+0000] {logging_mixin.py:190} INFO - [2025-04-04T19:19:20.194+0000] {dag.py:3239} INFO - Sync 1 DAGs
[2025-04-04T19:19:20.218+0000] {logging_mixin.py:190} INFO - [2025-04-04T19:19:20.217+0000] {dag.py:4180} INFO - Setting next_dagrun for tutorial to 2025-04-03 00:00:00+00:00, run_after=2025-04-04 00:00:00+00:00
[2025-04-04T19:19:20.236+0000] {processor.py:208} INFO - Processing /home/airflow/.local/lib/python3.12/site-packages/airflow/example_dags/tutorial.py took 0.080 seconds
[2025-04-04T19:19:50.969+0000] {processor.py:186} INFO - Started process (PID=3757) to work on /home/airflow/.local/lib/python3.12/site-packages/airflow/example_dags/tutorial.py
[2025-04-04T19:19:50.970+0000] {processor.py:914} INFO - Processing file /home/airflow/.local/lib/python3.12/site-packages/airflow/example_dags/tutorial.py for tasks to queue
[2025-04-04T19:19:50.972+0000] {logging_mixin.py:190} INFO - [2025-04-04T19:19:50.972+0000] {dagbag.py:588} INFO - Filling up the DagBag from /home/airflow/.local/lib/python3.12/site-packages/airflow/example_dags/tutorial.py
[2025-04-04T19:19:50.979+0000] {processor.py:925} INFO - DAG(s) 'tutorial' retrieved from /home/airflow/.local/lib/python3.12/site-packages/airflow/example_dags/tutorial.py
[2025-04-04T19:19:50.997+0000] {logging_mixin.py:190} INFO - [2025-04-04T19:19:50.996+0000] {dag.py:3239} INFO - Sync 1 DAGs
[2025-04-04T19:19:51.017+0000] {logging_mixin.py:190} INFO - [2025-04-04T19:19:51.017+0000] {dag.py:4180} INFO - Setting next_dagrun for tutorial to 2025-04-03 00:00:00+00:00, run_after=2025-04-04 00:00:00+00:00
[2025-04-04T19:19:51.035+0000] {processor.py:208} INFO - Processing /home/airflow/.local/lib/python3.12/site-packages/airflow/example_dags/tutorial.py took 0.071 seconds
[2025-04-04T19:20:21.678+0000] {processor.py:186} INFO - Started process (PID=3820) to work on /home/airflow/.local/lib/python3.12/site-packages/airflow/example_dags/tutorial.py
[2025-04-04T19:20:21.679+0000] {processor.py:914} INFO - Processing file /home/airflow/.local/lib/python3.12/site-packages/airflow/example_dags/tutorial.py for tasks to queue
[2025-04-04T19:20:21.681+0000] {logging_mixin.py:190} INFO - [2025-04-04T19:20:21.681+0000] {dagbag.py:588} INFO - Filling up the DagBag from /home/airflow/.local/lib/python3.12/site-packages/airflow/example_dags/tutorial.py
[2025-04-04T19:20:21.690+0000] {processor.py:925} INFO - DAG(s) 'tutorial' retrieved from /home/airflow/.local/lib/python3.12/site-packages/airflow/example_dags/tutorial.py
[2025-04-04T19:20:21.709+0000] {logging_mixin.py:190} INFO - [2025-04-04T19:20:21.709+0000] {dag.py:3239} INFO - Sync 1 DAGs
[2025-04-04T19:20:21.730+0000] {logging_mixin.py:190} INFO - [2025-04-04T19:20:21.730+0000] {dag.py:4180} INFO - Setting next_dagrun for tutorial to 2025-04-03 00:00:00+00:00, run_after=2025-04-04 00:00:00+00:00
[2025-04-04T19:20:21.745+0000] {processor.py:208} INFO - Processing /home/airflow/.local/lib/python3.12/site-packages/airflow/example_dags/tutorial.py took 0.073 seconds
[2025-04-04T19:20:52.735+0000] {processor.py:186} INFO - Started process (PID=3885) to work on /home/airflow/.local/lib/python3.12/site-packages/airflow/example_dags/tutorial.py
[2025-04-04T19:20:52.736+0000] {processor.py:914} INFO - Processing file /home/airflow/.local/lib/python3.12/site-packages/airflow/example_dags/tutorial.py for tasks to queue
[2025-04-04T19:20:52.738+0000] {logging_mixin.py:190} INFO - [2025-04-04T19:20:52.738+0000] {dagbag.py:588} INFO - Filling up the DagBag from /home/airflow/.local/lib/python3.12/site-packages/airflow/example_dags/tutorial.py
[2025-04-04T19:20:52.746+0000] {processor.py:925} INFO - DAG(s) 'tutorial' retrieved from /home/airflow/.local/lib/python3.12/site-packages/airflow/example_dags/tutorial.py
[2025-04-04T19:20:52.764+0000] {logging_mixin.py:190} INFO - [2025-04-04T19:20:52.764+0000] {dag.py:3239} INFO - Sync 1 DAGs
[2025-04-04T19:20:52.784+0000] {logging_mixin.py:190} INFO - [2025-04-04T19:20:52.784+0000] {dag.py:4180} INFO - Setting next_dagrun for tutorial to 2025-04-03 00:00:00+00:00, run_after=2025-04-04 00:00:00+00:00
[2025-04-04T19:20:52.800+0000] {processor.py:208} INFO - Processing /home/airflow/.local/lib/python3.12/site-packages/airflow/example_dags/tutorial.py took 0.070 seconds
[2025-04-04T19:21:23.846+0000] {processor.py:186} INFO - Started process (PID=3949) to work on /home/airflow/.local/lib/python3.12/site-packages/airflow/example_dags/tutorial.py
[2025-04-04T19:21:23.847+0000] {processor.py:914} INFO - Processing file /home/airflow/.local/lib/python3.12/site-packages/airflow/example_dags/tutorial.py for tasks to queue
[2025-04-04T19:21:23.849+0000] {logging_mixin.py:190} INFO - [2025-04-04T19:21:23.849+0000] {dagbag.py:588} INFO - Filling up the DagBag from /home/airflow/.local/lib/python3.12/site-packages/airflow/example_dags/tutorial.py
[2025-04-04T19:21:23.856+0000] {processor.py:925} INFO - DAG(s) 'tutorial' retrieved from /home/airflow/.local/lib/python3.12/site-packages/airflow/example_dags/tutorial.py
[2025-04-04T19:21:23.874+0000] {logging_mixin.py:190} INFO - [2025-04-04T19:21:23.874+0000] {dag.py:3239} INFO - Sync 1 DAGs
[2025-04-04T19:21:23.895+0000] {logging_mixin.py:190} INFO - [2025-04-04T19:21:23.895+0000] {dag.py:4180} INFO - Setting next_dagrun for tutorial to 2025-04-03 00:00:00+00:00, run_after=2025-04-04 00:00:00+00:00
[2025-04-04T19:21:23.911+0000] {processor.py:208} INFO - Processing /home/airflow/.local/lib/python3.12/site-packages/airflow/example_dags/tutorial.py took 0.070 seconds
[2025-04-04T19:21:54.422+0000] {processor.py:186} INFO - Started process (PID=4012) to work on /home/airflow/.local/lib/python3.12/site-packages/airflow/example_dags/tutorial.py
[2025-04-04T19:21:54.423+0000] {processor.py:914} INFO - Processing file /home/airflow/.local/lib/python3.12/site-packages/airflow/example_dags/tutorial.py for tasks to queue
[2025-04-04T19:21:54.425+0000] {logging_mixin.py:190} INFO - [2025-04-04T19:21:54.425+0000] {dagbag.py:588} INFO - Filling up the DagBag from /home/airflow/.local/lib/python3.12/site-packages/airflow/example_dags/tutorial.py
[2025-04-04T19:21:54.432+0000] {processor.py:925} INFO - DAG(s) 'tutorial' retrieved from /home/airflow/.local/lib/python3.12/site-packages/airflow/example_dags/tutorial.py
[2025-04-04T19:21:54.450+0000] {logging_mixin.py:190} INFO - [2025-04-04T19:21:54.450+0000] {dag.py:3239} INFO - Sync 1 DAGs
[2025-04-04T19:21:54.474+0000] {logging_mixin.py:190} INFO - [2025-04-04T19:21:54.474+0000] {dag.py:4180} INFO - Setting next_dagrun for tutorial to 2025-04-03 00:00:00+00:00, run_after=2025-04-04 00:00:00+00:00
[2025-04-04T19:21:54.495+0000] {processor.py:208} INFO - Processing /home/airflow/.local/lib/python3.12/site-packages/airflow/example_dags/tutorial.py took 0.079 seconds
[2025-04-04T19:22:24.921+0000] {processor.py:186} INFO - Started process (PID=4077) to work on /home/airflow/.local/lib/python3.12/site-packages/airflow/example_dags/tutorial.py
[2025-04-04T19:22:24.922+0000] {processor.py:914} INFO - Processing file /home/airflow/.local/lib/python3.12/site-packages/airflow/example_dags/tutorial.py for tasks to queue
[2025-04-04T19:22:24.924+0000] {logging_mixin.py:190} INFO - [2025-04-04T19:22:24.924+0000] {dagbag.py:588} INFO - Filling up the DagBag from /home/airflow/.local/lib/python3.12/site-packages/airflow/example_dags/tutorial.py
[2025-04-04T19:22:24.931+0000] {processor.py:925} INFO - DAG(s) 'tutorial' retrieved from /home/airflow/.local/lib/python3.12/site-packages/airflow/example_dags/tutorial.py
[2025-04-04T19:22:24.950+0000] {logging_mixin.py:190} INFO - [2025-04-04T19:22:24.950+0000] {dag.py:3239} INFO - Sync 1 DAGs
[2025-04-04T19:22:24.971+0000] {logging_mixin.py:190} INFO - [2025-04-04T19:22:24.971+0000] {dag.py:4180} INFO - Setting next_dagrun for tutorial to 2025-04-03 00:00:00+00:00, run_after=2025-04-04 00:00:00+00:00
[2025-04-04T19:22:24.987+0000] {processor.py:208} INFO - Processing /home/airflow/.local/lib/python3.12/site-packages/airflow/example_dags/tutorial.py took 0.071 seconds
[2025-04-04T19:22:56.056+0000] {processor.py:186} INFO - Started process (PID=4141) to work on /home/airflow/.local/lib/python3.12/site-packages/airflow/example_dags/tutorial.py
[2025-04-04T19:22:56.057+0000] {processor.py:914} INFO - Processing file /home/airflow/.local/lib/python3.12/site-packages/airflow/example_dags/tutorial.py for tasks to queue
[2025-04-04T19:22:56.059+0000] {logging_mixin.py:190} INFO - [2025-04-04T19:22:56.059+0000] {dagbag.py:588} INFO - Filling up the DagBag from /home/airflow/.local/lib/python3.12/site-packages/airflow/example_dags/tutorial.py
[2025-04-04T19:22:56.066+0000] {processor.py:925} INFO - DAG(s) 'tutorial' retrieved from /home/airflow/.local/lib/python3.12/site-packages/airflow/example_dags/tutorial.py
[2025-04-04T19:22:56.084+0000] {logging_mixin.py:190} INFO - [2025-04-04T19:22:56.084+0000] {dag.py:3239} INFO - Sync 1 DAGs
[2025-04-04T19:22:56.106+0000] {logging_mixin.py:190} INFO - [2025-04-04T19:22:56.106+0000] {dag.py:4180} INFO - Setting next_dagrun for tutorial to 2025-04-03 00:00:00+00:00, run_after=2025-04-04 00:00:00+00:00
[2025-04-04T19:22:56.123+0000] {processor.py:208} INFO - Processing /home/airflow/.local/lib/python3.12/site-packages/airflow/example_dags/tutorial.py took 0.073 seconds
[2025-04-04T19:23:26.697+0000] {processor.py:186} INFO - Started process (PID=4205) to work on /home/airflow/.local/lib/python3.12/site-packages/airflow/example_dags/tutorial.py
[2025-04-04T19:23:26.698+0000] {processor.py:914} INFO - Processing file /home/airflow/.local/lib/python3.12/site-packages/airflow/example_dags/tutorial.py for tasks to queue
[2025-04-04T19:23:26.701+0000] {logging_mixin.py:190} INFO - [2025-04-04T19:23:26.701+0000] {dagbag.py:588} INFO - Filling up the DagBag from /home/airflow/.local/lib/python3.12/site-packages/airflow/example_dags/tutorial.py
[2025-04-04T19:23:26.708+0000] {processor.py:925} INFO - DAG(s) 'tutorial' retrieved from /home/airflow/.local/lib/python3.12/site-packages/airflow/example_dags/tutorial.py
[2025-04-04T19:23:26.729+0000] {logging_mixin.py:190} INFO - [2025-04-04T19:23:26.728+0000] {dag.py:3239} INFO - Sync 1 DAGs
[2025-04-04T19:23:26.751+0000] {logging_mixin.py:190} INFO - [2025-04-04T19:23:26.751+0000] {dag.py:4180} INFO - Setting next_dagrun for tutorial to 2025-04-03 00:00:00+00:00, run_after=2025-04-04 00:00:00+00:00
[2025-04-04T19:23:26.768+0000] {processor.py:208} INFO - Processing /home/airflow/.local/lib/python3.12/site-packages/airflow/example_dags/tutorial.py took 0.076 seconds
[2025-04-04T19:23:57.064+0000] {processor.py:186} INFO - Started process (PID=4268) to work on /home/airflow/.local/lib/python3.12/site-packages/airflow/example_dags/tutorial.py
[2025-04-04T19:23:57.065+0000] {processor.py:914} INFO - Processing file /home/airflow/.local/lib/python3.12/site-packages/airflow/example_dags/tutorial.py for tasks to queue
[2025-04-04T19:23:57.067+0000] {logging_mixin.py:190} INFO - [2025-04-04T19:23:57.066+0000] {dagbag.py:588} INFO - Filling up the DagBag from /home/airflow/.local/lib/python3.12/site-packages/airflow/example_dags/tutorial.py
[2025-04-04T19:23:57.075+0000] {processor.py:925} INFO - DAG(s) 'tutorial' retrieved from /home/airflow/.local/lib/python3.12/site-packages/airflow/example_dags/tutorial.py
[2025-04-04T19:23:57.094+0000] {logging_mixin.py:190} INFO - [2025-04-04T19:23:57.093+0000] {dag.py:3239} INFO - Sync 1 DAGs
[2025-04-04T19:23:57.116+0000] {logging_mixin.py:190} INFO - [2025-04-04T19:23:57.116+0000] {dag.py:4180} INFO - Setting next_dagrun for tutorial to 2025-04-03 00:00:00+00:00, run_after=2025-04-04 00:00:00+00:00
[2025-04-04T19:23:57.131+0000] {processor.py:208} INFO - Processing /home/airflow/.local/lib/python3.12/site-packages/airflow/example_dags/tutorial.py took 0.074 seconds
[2025-04-04T19:24:28.100+0000] {processor.py:186} INFO - Started process (PID=4332) to work on /home/airflow/.local/lib/python3.12/site-packages/airflow/example_dags/tutorial.py
[2025-04-04T19:24:28.101+0000] {processor.py:914} INFO - Processing file /home/airflow/.local/lib/python3.12/site-packages/airflow/example_dags/tutorial.py for tasks to queue
[2025-04-04T19:24:28.103+0000] {logging_mixin.py:190} INFO - [2025-04-04T19:24:28.103+0000] {dagbag.py:588} INFO - Filling up the DagBag from /home/airflow/.local/lib/python3.12/site-packages/airflow/example_dags/tutorial.py
[2025-04-04T19:24:28.110+0000] {processor.py:925} INFO - DAG(s) 'tutorial' retrieved from /home/airflow/.local/lib/python3.12/site-packages/airflow/example_dags/tutorial.py
[2025-04-04T19:24:28.129+0000] {logging_mixin.py:190} INFO - [2025-04-04T19:24:28.129+0000] {dag.py:3239} INFO - Sync 1 DAGs
[2025-04-04T19:24:28.151+0000] {logging_mixin.py:190} INFO - [2025-04-04T19:24:28.150+0000] {dag.py:4180} INFO - Setting next_dagrun for tutorial to 2025-04-03 00:00:00+00:00, run_after=2025-04-04 00:00:00+00:00
[2025-04-04T19:24:28.167+0000] {processor.py:208} INFO - Processing /home/airflow/.local/lib/python3.12/site-packages/airflow/example_dags/tutorial.py took 0.073 seconds
[2025-04-04T19:24:59.584+0000] {processor.py:186} INFO - Started process (PID=4397) to work on /home/airflow/.local/lib/python3.12/site-packages/airflow/example_dags/tutorial.py
[2025-04-04T19:24:59.584+0000] {processor.py:914} INFO - Processing file /home/airflow/.local/lib/python3.12/site-packages/airflow/example_dags/tutorial.py for tasks to queue
[2025-04-04T19:24:59.586+0000] {logging_mixin.py:190} INFO - [2025-04-04T19:24:59.586+0000] {dagbag.py:588} INFO - Filling up the DagBag from /home/airflow/.local/lib/python3.12/site-packages/airflow/example_dags/tutorial.py
[2025-04-04T19:24:59.593+0000] {processor.py:925} INFO - DAG(s) 'tutorial' retrieved from /home/airflow/.local/lib/python3.12/site-packages/airflow/example_dags/tutorial.py
[2025-04-04T19:24:59.611+0000] {logging_mixin.py:190} INFO - [2025-04-04T19:24:59.611+0000] {dag.py:3239} INFO - Sync 1 DAGs
[2025-04-04T19:24:59.631+0000] {logging_mixin.py:190} INFO - [2025-04-04T19:24:59.631+0000] {dag.py:4180} INFO - Setting next_dagrun for tutorial to 2025-04-03 00:00:00+00:00, run_after=2025-04-04 00:00:00+00:00
[2025-04-04T19:24:59.647+0000] {processor.py:208} INFO - Processing /home/airflow/.local/lib/python3.12/site-packages/airflow/example_dags/tutorial.py took 0.068 seconds
[2025-04-04T19:25:31.087+0000] {processor.py:186} INFO - Started process (PID=4462) to work on /home/airflow/.local/lib/python3.12/site-packages/airflow/example_dags/tutorial.py
[2025-04-04T19:25:31.088+0000] {processor.py:914} INFO - Processing file /home/airflow/.local/lib/python3.12/site-packages/airflow/example_dags/tutorial.py for tasks to queue
[2025-04-04T19:25:31.090+0000] {logging_mixin.py:190} INFO - [2025-04-04T19:25:31.090+0000] {dagbag.py:588} INFO - Filling up the DagBag from /home/airflow/.local/lib/python3.12/site-packages/airflow/example_dags/tutorial.py
[2025-04-04T19:25:31.097+0000] {processor.py:925} INFO - DAG(s) 'tutorial' retrieved from /home/airflow/.local/lib/python3.12/site-packages/airflow/example_dags/tutorial.py
[2025-04-04T19:25:31.116+0000] {logging_mixin.py:190} INFO - [2025-04-04T19:25:31.115+0000] {dag.py:3239} INFO - Sync 1 DAGs
[2025-04-04T19:25:31.137+0000] {logging_mixin.py:190} INFO - [2025-04-04T19:25:31.137+0000] {dag.py:4180} INFO - Setting next_dagrun for tutorial to 2025-04-03 00:00:00+00:00, run_after=2025-04-04 00:00:00+00:00
[2025-04-04T19:25:31.152+0000] {processor.py:208} INFO - Processing /home/airflow/.local/lib/python3.12/site-packages/airflow/example_dags/tutorial.py took 0.070 seconds
[2025-04-04T19:26:02.362+0000] {processor.py:186} INFO - Started process (PID=4527) to work on /home/airflow/.local/lib/python3.12/site-packages/airflow/example_dags/tutorial.py
[2025-04-04T19:26:02.363+0000] {processor.py:914} INFO - Processing file /home/airflow/.local/lib/python3.12/site-packages/airflow/example_dags/tutorial.py for tasks to queue
[2025-04-04T19:26:02.365+0000] {logging_mixin.py:190} INFO - [2025-04-04T19:26:02.365+0000] {dagbag.py:588} INFO - Filling up the DagBag from /home/airflow/.local/lib/python3.12/site-packages/airflow/example_dags/tutorial.py
[2025-04-04T19:26:02.374+0000] {processor.py:925} INFO - DAG(s) 'tutorial' retrieved from /home/airflow/.local/lib/python3.12/site-packages/airflow/example_dags/tutorial.py
[2025-04-04T19:26:02.394+0000] {logging_mixin.py:190} INFO - [2025-04-04T19:26:02.394+0000] {dag.py:3239} INFO - Sync 1 DAGs
[2025-04-04T19:26:02.416+0000] {logging_mixin.py:190} INFO - [2025-04-04T19:26:02.416+0000] {dag.py:4180} INFO - Setting next_dagrun for tutorial to 2025-04-03 00:00:00+00:00, run_after=2025-04-04 00:00:00+00:00
[2025-04-04T19:26:02.435+0000] {processor.py:208} INFO - Processing /home/airflow/.local/lib/python3.12/site-packages/airflow/example_dags/tutorial.py took 0.080 seconds
[2025-04-04T19:26:33.488+0000] {processor.py:186} INFO - Started process (PID=4592) to work on /home/airflow/.local/lib/python3.12/site-packages/airflow/example_dags/tutorial.py
[2025-04-04T19:26:33.489+0000] {processor.py:914} INFO - Processing file /home/airflow/.local/lib/python3.12/site-packages/airflow/example_dags/tutorial.py for tasks to queue
[2025-04-04T19:26:33.491+0000] {logging_mixin.py:190} INFO - [2025-04-04T19:26:33.490+0000] {dagbag.py:588} INFO - Filling up the DagBag from /home/airflow/.local/lib/python3.12/site-packages/airflow/example_dags/tutorial.py
[2025-04-04T19:26:33.499+0000] {processor.py:925} INFO - DAG(s) 'tutorial' retrieved from /home/airflow/.local/lib/python3.12/site-packages/airflow/example_dags/tutorial.py
[2025-04-04T19:26:33.518+0000] {logging_mixin.py:190} INFO - [2025-04-04T19:26:33.518+0000] {dag.py:3239} INFO - Sync 1 DAGs
[2025-04-04T19:26:33.540+0000] {logging_mixin.py:190} INFO - [2025-04-04T19:26:33.540+0000] {dag.py:4180} INFO - Setting next_dagrun for tutorial to 2025-04-03 00:00:00+00:00, run_after=2025-04-04 00:00:00+00:00
[2025-04-04T19:26:33.556+0000] {processor.py:208} INFO - Processing /home/airflow/.local/lib/python3.12/site-packages/airflow/example_dags/tutorial.py took 0.074 seconds
[2025-04-04T19:27:04.591+0000] {processor.py:186} INFO - Started process (PID=4658) to work on /home/airflow/.local/lib/python3.12/site-packages/airflow/example_dags/tutorial.py
[2025-04-04T19:27:04.592+0000] {processor.py:914} INFO - Processing file /home/airflow/.local/lib/python3.12/site-packages/airflow/example_dags/tutorial.py for tasks to queue
[2025-04-04T19:27:04.594+0000] {logging_mixin.py:190} INFO - [2025-04-04T19:27:04.594+0000] {dagbag.py:588} INFO - Filling up the DagBag from /home/airflow/.local/lib/python3.12/site-packages/airflow/example_dags/tutorial.py
[2025-04-04T19:27:04.601+0000] {processor.py:925} INFO - DAG(s) 'tutorial' retrieved from /home/airflow/.local/lib/python3.12/site-packages/airflow/example_dags/tutorial.py
[2025-04-04T19:27:04.619+0000] {logging_mixin.py:190} INFO - [2025-04-04T19:27:04.619+0000] {dag.py:3239} INFO - Sync 1 DAGs
[2025-04-04T19:27:04.641+0000] {logging_mixin.py:190} INFO - [2025-04-04T19:27:04.641+0000] {dag.py:4180} INFO - Setting next_dagrun for tutorial to 2025-04-03 00:00:00+00:00, run_after=2025-04-04 00:00:00+00:00
[2025-04-04T19:27:04.657+0000] {processor.py:208} INFO - Processing /home/airflow/.local/lib/python3.12/site-packages/airflow/example_dags/tutorial.py took 0.071 seconds
[2025-04-04T19:27:35.659+0000] {processor.py:186} INFO - Started process (PID=4723) to work on /home/airflow/.local/lib/python3.12/site-packages/airflow/example_dags/tutorial.py
[2025-04-04T19:27:35.660+0000] {processor.py:914} INFO - Processing file /home/airflow/.local/lib/python3.12/site-packages/airflow/example_dags/tutorial.py for tasks to queue
[2025-04-04T19:27:35.662+0000] {logging_mixin.py:190} INFO - [2025-04-04T19:27:35.661+0000] {dagbag.py:588} INFO - Filling up the DagBag from /home/airflow/.local/lib/python3.12/site-packages/airflow/example_dags/tutorial.py
[2025-04-04T19:27:35.670+0000] {processor.py:925} INFO - DAG(s) 'tutorial' retrieved from /home/airflow/.local/lib/python3.12/site-packages/airflow/example_dags/tutorial.py
[2025-04-04T19:27:35.692+0000] {logging_mixin.py:190} INFO - [2025-04-04T19:27:35.691+0000] {dag.py:3239} INFO - Sync 1 DAGs
[2025-04-04T19:27:35.715+0000] {logging_mixin.py:190} INFO - [2025-04-04T19:27:35.715+0000] {dag.py:4180} INFO - Setting next_dagrun for tutorial to 2025-04-03 00:00:00+00:00, run_after=2025-04-04 00:00:00+00:00
[2025-04-04T19:27:35.732+0000] {processor.py:208} INFO - Processing /home/airflow/.local/lib/python3.12/site-packages/airflow/example_dags/tutorial.py took 0.080 seconds
[2025-04-04T19:28:06.336+0000] {processor.py:186} INFO - Started process (PID=4788) to work on /home/airflow/.local/lib/python3.12/site-packages/airflow/example_dags/tutorial.py
[2025-04-04T19:28:06.337+0000] {processor.py:914} INFO - Processing file /home/airflow/.local/lib/python3.12/site-packages/airflow/example_dags/tutorial.py for tasks to queue
[2025-04-04T19:28:06.340+0000] {logging_mixin.py:190} INFO - [2025-04-04T19:28:06.339+0000] {dagbag.py:588} INFO - Filling up the DagBag from /home/airflow/.local/lib/python3.12/site-packages/airflow/example_dags/tutorial.py
[2025-04-04T19:28:06.346+0000] {processor.py:925} INFO - DAG(s) 'tutorial' retrieved from /home/airflow/.local/lib/python3.12/site-packages/airflow/example_dags/tutorial.py
[2025-04-04T19:28:06.365+0000] {logging_mixin.py:190} INFO - [2025-04-04T19:28:06.365+0000] {dag.py:3239} INFO - Sync 1 DAGs
[2025-04-04T19:28:06.387+0000] {logging_mixin.py:190} INFO - [2025-04-04T19:28:06.387+0000] {dag.py:4180} INFO - Setting next_dagrun for tutorial to 2025-04-03 00:00:00+00:00, run_after=2025-04-04 00:00:00+00:00
[2025-04-04T19:28:06.402+0000] {processor.py:208} INFO - Processing /home/airflow/.local/lib/python3.12/site-packages/airflow/example_dags/tutorial.py took 0.071 seconds
[2025-04-04T19:28:37.481+0000] {processor.py:186} INFO - Started process (PID=4853) to work on /home/airflow/.local/lib/python3.12/site-packages/airflow/example_dags/tutorial.py
[2025-04-04T19:28:37.482+0000] {processor.py:914} INFO - Processing file /home/airflow/.local/lib/python3.12/site-packages/airflow/example_dags/tutorial.py for tasks to queue
[2025-04-04T19:28:37.484+0000] {logging_mixin.py:190} INFO - [2025-04-04T19:28:37.484+0000] {dagbag.py:588} INFO - Filling up the DagBag from /home/airflow/.local/lib/python3.12/site-packages/airflow/example_dags/tutorial.py
[2025-04-04T19:28:37.491+0000] {processor.py:925} INFO - DAG(s) 'tutorial' retrieved from /home/airflow/.local/lib/python3.12/site-packages/airflow/example_dags/tutorial.py
[2025-04-04T19:28:37.511+0000] {logging_mixin.py:190} INFO - [2025-04-04T19:28:37.511+0000] {dag.py:3239} INFO - Sync 1 DAGs
[2025-04-04T19:28:37.533+0000] {logging_mixin.py:190} INFO - [2025-04-04T19:28:37.533+0000] {dag.py:4180} INFO - Setting next_dagrun for tutorial to 2025-04-03 00:00:00+00:00, run_after=2025-04-04 00:00:00+00:00
[2025-04-04T19:28:37.549+0000] {processor.py:208} INFO - Processing /home/airflow/.local/lib/python3.12/site-packages/airflow/example_dags/tutorial.py took 0.074 seconds
[2025-04-04T19:29:08.582+0000] {processor.py:186} INFO - Started process (PID=4918) to work on /home/airflow/.local/lib/python3.12/site-packages/airflow/example_dags/tutorial.py
[2025-04-04T19:29:08.583+0000] {processor.py:914} INFO - Processing file /home/airflow/.local/lib/python3.12/site-packages/airflow/example_dags/tutorial.py for tasks to queue
[2025-04-04T19:29:08.585+0000] {logging_mixin.py:190} INFO - [2025-04-04T19:29:08.585+0000] {dagbag.py:588} INFO - Filling up the DagBag from /home/airflow/.local/lib/python3.12/site-packages/airflow/example_dags/tutorial.py
[2025-04-04T19:29:08.594+0000] {processor.py:925} INFO - DAG(s) 'tutorial' retrieved from /home/airflow/.local/lib/python3.12/site-packages/airflow/example_dags/tutorial.py
[2025-04-04T19:29:08.614+0000] {logging_mixin.py:190} INFO - [2025-04-04T19:29:08.614+0000] {dag.py:3239} INFO - Sync 1 DAGs
[2025-04-04T19:29:08.638+0000] {logging_mixin.py:190} INFO - [2025-04-04T19:29:08.638+0000] {dag.py:4180} INFO - Setting next_dagrun for tutorial to 2025-04-03 00:00:00+00:00, run_after=2025-04-04 00:00:00+00:00
[2025-04-04T19:29:08.656+0000] {processor.py:208} INFO - Processing /home/airflow/.local/lib/python3.12/site-packages/airflow/example_dags/tutorial.py took 0.082 seconds
[2025-04-04T19:29:39.811+0000] {processor.py:186} INFO - Started process (PID=4983) to work on /home/airflow/.local/lib/python3.12/site-packages/airflow/example_dags/tutorial.py
[2025-04-04T19:29:39.812+0000] {processor.py:914} INFO - Processing file /home/airflow/.local/lib/python3.12/site-packages/airflow/example_dags/tutorial.py for tasks to queue
[2025-04-04T19:29:39.815+0000] {logging_mixin.py:190} INFO - [2025-04-04T19:29:39.814+0000] {dagbag.py:588} INFO - Filling up the DagBag from /home/airflow/.local/lib/python3.12/site-packages/airflow/example_dags/tutorial.py
[2025-04-04T19:29:39.825+0000] {processor.py:925} INFO - DAG(s) 'tutorial' retrieved from /home/airflow/.local/lib/python3.12/site-packages/airflow/example_dags/tutorial.py
[2025-04-04T19:29:39.846+0000] {logging_mixin.py:190} INFO - [2025-04-04T19:29:39.845+0000] {dag.py:3239} INFO - Sync 1 DAGs
[2025-04-04T19:29:39.874+0000] {logging_mixin.py:190} INFO - [2025-04-04T19:29:39.873+0000] {dag.py:4180} INFO - Setting next_dagrun for tutorial to 2025-04-03 00:00:00+00:00, run_after=2025-04-04 00:00:00+00:00
[2025-04-04T19:29:39.892+0000] {processor.py:208} INFO - Processing /home/airflow/.local/lib/python3.12/site-packages/airflow/example_dags/tutorial.py took 0.087 seconds
[2025-04-04T19:30:10.858+0000] {processor.py:186} INFO - Started process (PID=5049) to work on /home/airflow/.local/lib/python3.12/site-packages/airflow/example_dags/tutorial.py
[2025-04-04T19:30:10.860+0000] {processor.py:914} INFO - Processing file /home/airflow/.local/lib/python3.12/site-packages/airflow/example_dags/tutorial.py for tasks to queue
[2025-04-04T19:30:10.862+0000] {logging_mixin.py:190} INFO - [2025-04-04T19:30:10.861+0000] {dagbag.py:588} INFO - Filling up the DagBag from /home/airflow/.local/lib/python3.12/site-packages/airflow/example_dags/tutorial.py
[2025-04-04T19:30:10.869+0000] {processor.py:925} INFO - DAG(s) 'tutorial' retrieved from /home/airflow/.local/lib/python3.12/site-packages/airflow/example_dags/tutorial.py
[2025-04-04T19:30:10.887+0000] {logging_mixin.py:190} INFO - [2025-04-04T19:30:10.887+0000] {dag.py:3239} INFO - Sync 1 DAGs
[2025-04-04T19:30:10.909+0000] {logging_mixin.py:190} INFO - [2025-04-04T19:30:10.908+0000] {dag.py:4180} INFO - Setting next_dagrun for tutorial to 2025-04-03 00:00:00+00:00, run_after=2025-04-04 00:00:00+00:00
[2025-04-04T19:30:10.926+0000] {processor.py:208} INFO - Processing /home/airflow/.local/lib/python3.12/site-packages/airflow/example_dags/tutorial.py took 0.075 seconds
[2025-04-04T19:30:42.379+0000] {processor.py:186} INFO - Started process (PID=5114) to work on /home/airflow/.local/lib/python3.12/site-packages/airflow/example_dags/tutorial.py
[2025-04-04T19:30:42.380+0000] {processor.py:914} INFO - Processing file /home/airflow/.local/lib/python3.12/site-packages/airflow/example_dags/tutorial.py for tasks to queue
[2025-04-04T19:30:42.382+0000] {logging_mixin.py:190} INFO - [2025-04-04T19:30:42.382+0000] {dagbag.py:588} INFO - Filling up the DagBag from /home/airflow/.local/lib/python3.12/site-packages/airflow/example_dags/tutorial.py
[2025-04-04T19:30:42.390+0000] {processor.py:925} INFO - DAG(s) 'tutorial' retrieved from /home/airflow/.local/lib/python3.12/site-packages/airflow/example_dags/tutorial.py
[2025-04-04T19:30:42.407+0000] {logging_mixin.py:190} INFO - [2025-04-04T19:30:42.407+0000] {dag.py:3239} INFO - Sync 1 DAGs
[2025-04-04T19:30:42.428+0000] {logging_mixin.py:190} INFO - [2025-04-04T19:30:42.428+0000] {dag.py:4180} INFO - Setting next_dagrun for tutorial to 2025-04-03 00:00:00+00:00, run_after=2025-04-04 00:00:00+00:00
[2025-04-04T19:30:42.444+0000] {processor.py:208} INFO - Processing /home/airflow/.local/lib/python3.12/site-packages/airflow/example_dags/tutorial.py took 0.070 seconds
[2025-04-04T19:31:12.934+0000] {processor.py:186} INFO - Started process (PID=5179) to work on /home/airflow/.local/lib/python3.12/site-packages/airflow/example_dags/tutorial.py
[2025-04-04T19:31:12.935+0000] {processor.py:914} INFO - Processing file /home/airflow/.local/lib/python3.12/site-packages/airflow/example_dags/tutorial.py for tasks to queue
[2025-04-04T19:31:12.937+0000] {logging_mixin.py:190} INFO - [2025-04-04T19:31:12.937+0000] {dagbag.py:588} INFO - Filling up the DagBag from /home/airflow/.local/lib/python3.12/site-packages/airflow/example_dags/tutorial.py
[2025-04-04T19:31:12.945+0000] {processor.py:925} INFO - DAG(s) 'tutorial' retrieved from /home/airflow/.local/lib/python3.12/site-packages/airflow/example_dags/tutorial.py
[2025-04-04T19:31:12.963+0000] {logging_mixin.py:190} INFO - [2025-04-04T19:31:12.963+0000] {dag.py:3239} INFO - Sync 1 DAGs
[2025-04-04T19:31:12.985+0000] {logging_mixin.py:190} INFO - [2025-04-04T19:31:12.985+0000] {dag.py:4180} INFO - Setting next_dagrun for tutorial to 2025-04-03 00:00:00+00:00, run_after=2025-04-04 00:00:00+00:00
[2025-04-04T19:31:13.001+0000] {processor.py:208} INFO - Processing /home/airflow/.local/lib/python3.12/site-packages/airflow/example_dags/tutorial.py took 0.072 seconds
[2025-04-04T19:31:43.994+0000] {processor.py:186} INFO - Started process (PID=5245) to work on /home/airflow/.local/lib/python3.12/site-packages/airflow/example_dags/tutorial.py
[2025-04-04T19:31:43.995+0000] {processor.py:914} INFO - Processing file /home/airflow/.local/lib/python3.12/site-packages/airflow/example_dags/tutorial.py for tasks to queue
[2025-04-04T19:31:43.997+0000] {logging_mixin.py:190} INFO - [2025-04-04T19:31:43.997+0000] {dagbag.py:588} INFO - Filling up the DagBag from /home/airflow/.local/lib/python3.12/site-packages/airflow/example_dags/tutorial.py
[2025-04-04T19:31:44.006+0000] {processor.py:925} INFO - DAG(s) 'tutorial' retrieved from /home/airflow/.local/lib/python3.12/site-packages/airflow/example_dags/tutorial.py
[2025-04-04T19:31:44.030+0000] {logging_mixin.py:190} INFO - [2025-04-04T19:31:44.030+0000] {dag.py:3239} INFO - Sync 1 DAGs
[2025-04-04T19:31:44.055+0000] {logging_mixin.py:190} INFO - [2025-04-04T19:31:44.055+0000] {dag.py:4180} INFO - Setting next_dagrun for tutorial to 2025-04-03 00:00:00+00:00, run_after=2025-04-04 00:00:00+00:00
[2025-04-04T19:31:44.071+0000] {processor.py:208} INFO - Processing /home/airflow/.local/lib/python3.12/site-packages/airflow/example_dags/tutorial.py took 0.085 seconds
[2025-04-04T19:32:14.543+0000] {processor.py:186} INFO - Started process (PID=5310) to work on /home/airflow/.local/lib/python3.12/site-packages/airflow/example_dags/tutorial.py
[2025-04-04T19:32:14.544+0000] {processor.py:914} INFO - Processing file /home/airflow/.local/lib/python3.12/site-packages/airflow/example_dags/tutorial.py for tasks to queue
[2025-04-04T19:32:14.546+0000] {logging_mixin.py:190} INFO - [2025-04-04T19:32:14.546+0000] {dagbag.py:588} INFO - Filling up the DagBag from /home/airflow/.local/lib/python3.12/site-packages/airflow/example_dags/tutorial.py
[2025-04-04T19:32:14.553+0000] {processor.py:925} INFO - DAG(s) 'tutorial' retrieved from /home/airflow/.local/lib/python3.12/site-packages/airflow/example_dags/tutorial.py
[2025-04-04T19:32:14.571+0000] {logging_mixin.py:190} INFO - [2025-04-04T19:32:14.571+0000] {dag.py:3239} INFO - Sync 1 DAGs
[2025-04-04T19:32:14.593+0000] {logging_mixin.py:190} INFO - [2025-04-04T19:32:14.592+0000] {dag.py:4180} INFO - Setting next_dagrun for tutorial to 2025-04-03 00:00:00+00:00, run_after=2025-04-04 00:00:00+00:00
[2025-04-04T19:32:14.608+0000] {processor.py:208} INFO - Processing /home/airflow/.local/lib/python3.12/site-packages/airflow/example_dags/tutorial.py took 0.070 seconds
[2025-04-04T19:32:45.899+0000] {processor.py:186} INFO - Started process (PID=5381) to work on /home/airflow/.local/lib/python3.12/site-packages/airflow/example_dags/tutorial.py
[2025-04-04T19:32:45.899+0000] {processor.py:914} INFO - Processing file /home/airflow/.local/lib/python3.12/site-packages/airflow/example_dags/tutorial.py for tasks to queue
[2025-04-04T19:32:45.902+0000] {logging_mixin.py:190} INFO - [2025-04-04T19:32:45.902+0000] {dagbag.py:588} INFO - Filling up the DagBag from /home/airflow/.local/lib/python3.12/site-packages/airflow/example_dags/tutorial.py
[2025-04-04T19:32:45.909+0000] {processor.py:925} INFO - DAG(s) 'tutorial' retrieved from /home/airflow/.local/lib/python3.12/site-packages/airflow/example_dags/tutorial.py
[2025-04-04T19:32:45.928+0000] {logging_mixin.py:190} INFO - [2025-04-04T19:32:45.928+0000] {dag.py:3239} INFO - Sync 1 DAGs
[2025-04-04T19:32:45.952+0000] {logging_mixin.py:190} INFO - [2025-04-04T19:32:45.952+0000] {dag.py:4180} INFO - Setting next_dagrun for tutorial to 2025-04-03 00:00:00+00:00, run_after=2025-04-04 00:00:00+00:00
[2025-04-04T19:32:45.968+0000] {processor.py:208} INFO - Processing /home/airflow/.local/lib/python3.12/site-packages/airflow/example_dags/tutorial.py took 0.075 seconds
[2025-04-04T19:33:16.558+0000] {processor.py:186} INFO - Started process (PID=5445) to work on /home/airflow/.local/lib/python3.12/site-packages/airflow/example_dags/tutorial.py
[2025-04-04T19:33:16.560+0000] {processor.py:914} INFO - Processing file /home/airflow/.local/lib/python3.12/site-packages/airflow/example_dags/tutorial.py for tasks to queue
[2025-04-04T19:33:16.563+0000] {logging_mixin.py:190} INFO - [2025-04-04T19:33:16.562+0000] {dagbag.py:588} INFO - Filling up the DagBag from /home/airflow/.local/lib/python3.12/site-packages/airflow/example_dags/tutorial.py
[2025-04-04T19:33:16.574+0000] {processor.py:925} INFO - DAG(s) 'tutorial' retrieved from /home/airflow/.local/lib/python3.12/site-packages/airflow/example_dags/tutorial.py
[2025-04-04T19:33:16.596+0000] {logging_mixin.py:190} INFO - [2025-04-04T19:33:16.596+0000] {dag.py:3239} INFO - Sync 1 DAGs
[2025-04-04T19:33:16.623+0000] {logging_mixin.py:190} INFO - [2025-04-04T19:33:16.623+0000] {dag.py:4180} INFO - Setting next_dagrun for tutorial to 2025-04-03 00:00:00+00:00, run_after=2025-04-04 00:00:00+00:00
[2025-04-04T19:33:16.644+0000] {processor.py:208} INFO - Processing /home/airflow/.local/lib/python3.12/site-packages/airflow/example_dags/tutorial.py took 0.091 seconds
[2025-04-04T19:33:48.619+0000] {processor.py:186} INFO - Started process (PID=5511) to work on /home/airflow/.local/lib/python3.12/site-packages/airflow/example_dags/tutorial.py
[2025-04-04T19:33:48.620+0000] {processor.py:914} INFO - Processing file /home/airflow/.local/lib/python3.12/site-packages/airflow/example_dags/tutorial.py for tasks to queue
[2025-04-04T19:33:48.623+0000] {logging_mixin.py:190} INFO - [2025-04-04T19:33:48.623+0000] {dagbag.py:588} INFO - Filling up the DagBag from /home/airflow/.local/lib/python3.12/site-packages/airflow/example_dags/tutorial.py
[2025-04-04T19:33:48.633+0000] {processor.py:925} INFO - DAG(s) 'tutorial' retrieved from /home/airflow/.local/lib/python3.12/site-packages/airflow/example_dags/tutorial.py
[2025-04-04T19:33:48.658+0000] {logging_mixin.py:190} INFO - [2025-04-04T19:33:48.658+0000] {dag.py:3239} INFO - Sync 1 DAGs
[2025-04-04T19:33:48.687+0000] {logging_mixin.py:190} INFO - [2025-04-04T19:33:48.687+0000] {dag.py:4180} INFO - Setting next_dagrun for tutorial to 2025-04-03 00:00:00+00:00, run_after=2025-04-04 00:00:00+00:00
[2025-04-04T19:33:48.707+0000] {processor.py:208} INFO - Processing /home/airflow/.local/lib/python3.12/site-packages/airflow/example_dags/tutorial.py took 0.095 seconds
[2025-04-04T19:34:19.057+0000] {processor.py:186} INFO - Started process (PID=5575) to work on /home/airflow/.local/lib/python3.12/site-packages/airflow/example_dags/tutorial.py
[2025-04-04T19:34:19.059+0000] {processor.py:914} INFO - Processing file /home/airflow/.local/lib/python3.12/site-packages/airflow/example_dags/tutorial.py for tasks to queue
[2025-04-04T19:34:19.063+0000] {logging_mixin.py:190} INFO - [2025-04-04T19:34:19.063+0000] {dagbag.py:588} INFO - Filling up the DagBag from /home/airflow/.local/lib/python3.12/site-packages/airflow/example_dags/tutorial.py
[2025-04-04T19:34:19.080+0000] {processor.py:925} INFO - DAG(s) 'tutorial' retrieved from /home/airflow/.local/lib/python3.12/site-packages/airflow/example_dags/tutorial.py
[2025-04-04T19:34:19.112+0000] {logging_mixin.py:190} INFO - [2025-04-04T19:34:19.111+0000] {dag.py:3239} INFO - Sync 1 DAGs
[2025-04-04T19:34:19.154+0000] {logging_mixin.py:190} INFO - [2025-04-04T19:34:19.154+0000] {dag.py:4180} INFO - Setting next_dagrun for tutorial to 2025-04-03 00:00:00+00:00, run_after=2025-04-04 00:00:00+00:00
[2025-04-04T19:34:19.182+0000] {processor.py:208} INFO - Processing /home/airflow/.local/lib/python3.12/site-packages/airflow/example_dags/tutorial.py took 0.134 seconds
[2025-04-04T19:34:50.005+0000] {processor.py:186} INFO - Started process (PID=5640) to work on /home/airflow/.local/lib/python3.12/site-packages/airflow/example_dags/tutorial.py
[2025-04-04T19:34:50.007+0000] {processor.py:914} INFO - Processing file /home/airflow/.local/lib/python3.12/site-packages/airflow/example_dags/tutorial.py for tasks to queue
[2025-04-04T19:34:50.009+0000] {logging_mixin.py:190} INFO - [2025-04-04T19:34:50.009+0000] {dagbag.py:588} INFO - Filling up the DagBag from /home/airflow/.local/lib/python3.12/site-packages/airflow/example_dags/tutorial.py
[2025-04-04T19:34:50.018+0000] {processor.py:925} INFO - DAG(s) 'tutorial' retrieved from /home/airflow/.local/lib/python3.12/site-packages/airflow/example_dags/tutorial.py
[2025-04-04T19:34:50.042+0000] {logging_mixin.py:190} INFO - [2025-04-04T19:34:50.042+0000] {dag.py:3239} INFO - Sync 1 DAGs
[2025-04-04T19:34:50.071+0000] {logging_mixin.py:190} INFO - [2025-04-04T19:34:50.070+0000] {dag.py:4180} INFO - Setting next_dagrun for tutorial to 2025-04-03 00:00:00+00:00, run_after=2025-04-04 00:00:00+00:00
[2025-04-04T19:34:50.090+0000] {processor.py:208} INFO - Processing /home/airflow/.local/lib/python3.12/site-packages/airflow/example_dags/tutorial.py took 0.090 seconds
[2025-04-04T19:35:21.306+0000] {processor.py:186} INFO - Started process (PID=5705) to work on /home/airflow/.local/lib/python3.12/site-packages/airflow/example_dags/tutorial.py
[2025-04-04T19:35:21.307+0000] {processor.py:914} INFO - Processing file /home/airflow/.local/lib/python3.12/site-packages/airflow/example_dags/tutorial.py for tasks to queue
[2025-04-04T19:35:21.310+0000] {logging_mixin.py:190} INFO - [2025-04-04T19:35:21.309+0000] {dagbag.py:588} INFO - Filling up the DagBag from /home/airflow/.local/lib/python3.12/site-packages/airflow/example_dags/tutorial.py
[2025-04-04T19:35:21.317+0000] {processor.py:925} INFO - DAG(s) 'tutorial' retrieved from /home/airflow/.local/lib/python3.12/site-packages/airflow/example_dags/tutorial.py
[2025-04-04T19:35:21.336+0000] {logging_mixin.py:190} INFO - [2025-04-04T19:35:21.335+0000] {dag.py:3239} INFO - Sync 1 DAGs
[2025-04-04T19:35:21.364+0000] {logging_mixin.py:190} INFO - [2025-04-04T19:35:21.364+0000] {dag.py:4180} INFO - Setting next_dagrun for tutorial to 2025-04-03 00:00:00+00:00, run_after=2025-04-04 00:00:00+00:00
[2025-04-04T19:35:21.387+0000] {processor.py:208} INFO - Processing /home/airflow/.local/lib/python3.12/site-packages/airflow/example_dags/tutorial.py took 0.086 seconds
[2025-04-04T19:35:52.425+0000] {processor.py:186} INFO - Started process (PID=5770) to work on /home/airflow/.local/lib/python3.12/site-packages/airflow/example_dags/tutorial.py
[2025-04-04T19:35:52.426+0000] {processor.py:914} INFO - Processing file /home/airflow/.local/lib/python3.12/site-packages/airflow/example_dags/tutorial.py for tasks to queue
[2025-04-04T19:35:52.428+0000] {logging_mixin.py:190} INFO - [2025-04-04T19:35:52.428+0000] {dagbag.py:588} INFO - Filling up the DagBag from /home/airflow/.local/lib/python3.12/site-packages/airflow/example_dags/tutorial.py
[2025-04-04T19:35:52.436+0000] {processor.py:925} INFO - DAG(s) 'tutorial' retrieved from /home/airflow/.local/lib/python3.12/site-packages/airflow/example_dags/tutorial.py
[2025-04-04T19:35:52.458+0000] {logging_mixin.py:190} INFO - [2025-04-04T19:35:52.458+0000] {dag.py:3239} INFO - Sync 1 DAGs
[2025-04-04T19:35:52.490+0000] {logging_mixin.py:190} INFO - [2025-04-04T19:35:52.490+0000] {dag.py:4180} INFO - Setting next_dagrun for tutorial to 2025-04-03 00:00:00+00:00, run_after=2025-04-04 00:00:00+00:00
[2025-04-04T19:35:52.513+0000] {processor.py:208} INFO - Processing /home/airflow/.local/lib/python3.12/site-packages/airflow/example_dags/tutorial.py took 0.094 seconds
[2025-04-04T19:36:23.518+0000] {processor.py:186} INFO - Started process (PID=5835) to work on /home/airflow/.local/lib/python3.12/site-packages/airflow/example_dags/tutorial.py
[2025-04-04T19:36:23.519+0000] {processor.py:914} INFO - Processing file /home/airflow/.local/lib/python3.12/site-packages/airflow/example_dags/tutorial.py for tasks to queue
[2025-04-04T19:36:23.521+0000] {logging_mixin.py:190} INFO - [2025-04-04T19:36:23.521+0000] {dagbag.py:588} INFO - Filling up the DagBag from /home/airflow/.local/lib/python3.12/site-packages/airflow/example_dags/tutorial.py
[2025-04-04T19:36:23.530+0000] {processor.py:925} INFO - DAG(s) 'tutorial' retrieved from /home/airflow/.local/lib/python3.12/site-packages/airflow/example_dags/tutorial.py
[2025-04-04T19:36:23.549+0000] {logging_mixin.py:190} INFO - [2025-04-04T19:36:23.549+0000] {dag.py:3239} INFO - Sync 1 DAGs
[2025-04-04T19:36:23.572+0000] {logging_mixin.py:190} INFO - [2025-04-04T19:36:23.572+0000] {dag.py:4180} INFO - Setting next_dagrun for tutorial to 2025-04-03 00:00:00+00:00, run_after=2025-04-04 00:00:00+00:00
[2025-04-04T19:36:23.590+0000] {processor.py:208} INFO - Processing /home/airflow/.local/lib/python3.12/site-packages/airflow/example_dags/tutorial.py took 0.078 seconds
[2025-04-04T19:36:54.539+0000] {processor.py:186} INFO - Started process (PID=5900) to work on /home/airflow/.local/lib/python3.12/site-packages/airflow/example_dags/tutorial.py
[2025-04-04T19:36:54.540+0000] {processor.py:914} INFO - Processing file /home/airflow/.local/lib/python3.12/site-packages/airflow/example_dags/tutorial.py for tasks to queue
[2025-04-04T19:36:54.542+0000] {logging_mixin.py:190} INFO - [2025-04-04T19:36:54.542+0000] {dagbag.py:588} INFO - Filling up the DagBag from /home/airflow/.local/lib/python3.12/site-packages/airflow/example_dags/tutorial.py
[2025-04-04T19:36:54.550+0000] {processor.py:925} INFO - DAG(s) 'tutorial' retrieved from /home/airflow/.local/lib/python3.12/site-packages/airflow/example_dags/tutorial.py
[2025-04-04T19:36:54.569+0000] {logging_mixin.py:190} INFO - [2025-04-04T19:36:54.569+0000] {dag.py:3239} INFO - Sync 1 DAGs
[2025-04-04T19:36:54.593+0000] {logging_mixin.py:190} INFO - [2025-04-04T19:36:54.592+0000] {dag.py:4180} INFO - Setting next_dagrun for tutorial to 2025-04-03 00:00:00+00:00, run_after=2025-04-04 00:00:00+00:00
[2025-04-04T19:36:54.612+0000] {processor.py:208} INFO - Processing /home/airflow/.local/lib/python3.12/site-packages/airflow/example_dags/tutorial.py took 0.078 seconds
[2025-04-04T19:40:04.507+0000] {processor.py:186} INFO - Started process (PID=95) to work on /home/airflow/.local/lib/python3.12/site-packages/airflow/example_dags/tutorial.py
[2025-04-04T19:40:04.508+0000] {processor.py:914} INFO - Processing file /home/airflow/.local/lib/python3.12/site-packages/airflow/example_dags/tutorial.py for tasks to queue
[2025-04-04T19:40:04.510+0000] {logging_mixin.py:190} INFO - [2025-04-04T19:40:04.510+0000] {dagbag.py:588} INFO - Filling up the DagBag from /home/airflow/.local/lib/python3.12/site-packages/airflow/example_dags/tutorial.py
[2025-04-04T19:40:04.519+0000] {processor.py:925} INFO - DAG(s) 'tutorial' retrieved from /home/airflow/.local/lib/python3.12/site-packages/airflow/example_dags/tutorial.py
[2025-04-04T19:40:04.541+0000] {logging_mixin.py:190} INFO - [2025-04-04T19:40:04.541+0000] {dag.py:3239} INFO - Sync 1 DAGs
[2025-04-04T19:40:04.568+0000] {logging_mixin.py:190} INFO - [2025-04-04T19:40:04.568+0000] {dag.py:4180} INFO - Setting next_dagrun for tutorial to 2025-04-03 00:00:00+00:00, run_after=2025-04-04 00:00:00+00:00
[2025-04-04T19:40:04.588+0000] {processor.py:208} INFO - Processing /home/airflow/.local/lib/python3.12/site-packages/airflow/example_dags/tutorial.py took 0.087 seconds
[2025-04-04T19:40:35.600+0000] {processor.py:186} INFO - Started process (PID=161) to work on /home/airflow/.local/lib/python3.12/site-packages/airflow/example_dags/tutorial.py
[2025-04-04T19:40:35.601+0000] {processor.py:914} INFO - Processing file /home/airflow/.local/lib/python3.12/site-packages/airflow/example_dags/tutorial.py for tasks to queue
[2025-04-04T19:40:35.604+0000] {logging_mixin.py:190} INFO - [2025-04-04T19:40:35.603+0000] {dagbag.py:588} INFO - Filling up the DagBag from /home/airflow/.local/lib/python3.12/site-packages/airflow/example_dags/tutorial.py
[2025-04-04T19:40:35.613+0000] {processor.py:925} INFO - DAG(s) 'tutorial' retrieved from /home/airflow/.local/lib/python3.12/site-packages/airflow/example_dags/tutorial.py
[2025-04-04T19:40:35.637+0000] {logging_mixin.py:190} INFO - [2025-04-04T19:40:35.637+0000] {dag.py:3239} INFO - Sync 1 DAGs
[2025-04-04T19:40:35.664+0000] {logging_mixin.py:190} INFO - [2025-04-04T19:40:35.664+0000] {dag.py:4180} INFO - Setting next_dagrun for tutorial to 2025-04-03 00:00:00+00:00, run_after=2025-04-04 00:00:00+00:00
[2025-04-04T19:40:35.684+0000] {processor.py:208} INFO - Processing /home/airflow/.local/lib/python3.12/site-packages/airflow/example_dags/tutorial.py took 0.090 seconds
[2025-04-04T19:41:06.716+0000] {processor.py:186} INFO - Started process (PID=226) to work on /home/airflow/.local/lib/python3.12/site-packages/airflow/example_dags/tutorial.py
[2025-04-04T19:41:06.717+0000] {processor.py:914} INFO - Processing file /home/airflow/.local/lib/python3.12/site-packages/airflow/example_dags/tutorial.py for tasks to queue
[2025-04-04T19:41:06.720+0000] {logging_mixin.py:190} INFO - [2025-04-04T19:41:06.719+0000] {dagbag.py:588} INFO - Filling up the DagBag from /home/airflow/.local/lib/python3.12/site-packages/airflow/example_dags/tutorial.py
[2025-04-04T19:41:06.727+0000] {processor.py:925} INFO - DAG(s) 'tutorial' retrieved from /home/airflow/.local/lib/python3.12/site-packages/airflow/example_dags/tutorial.py
[2025-04-04T19:41:06.744+0000] {logging_mixin.py:190} INFO - [2025-04-04T19:41:06.744+0000] {dag.py:3239} INFO - Sync 1 DAGs
[2025-04-04T19:41:06.766+0000] {logging_mixin.py:190} INFO - [2025-04-04T19:41:06.765+0000] {dag.py:4180} INFO - Setting next_dagrun for tutorial to 2025-04-03 00:00:00+00:00, run_after=2025-04-04 00:00:00+00:00
[2025-04-04T19:41:06.785+0000] {processor.py:208} INFO - Processing /home/airflow/.local/lib/python3.12/site-packages/airflow/example_dags/tutorial.py took 0.075 seconds
