[2025-04-04T19:07:57.704+0000] {local_task_job_runner.py:123} INFO - ::group::Pre task execution logs
[2025-04-04T19:07:57.733+0000] {taskinstance.py:2614} INFO - Dependencies all met for dep_context=non-requeueable deps ti=<TaskInstance: etl_pipeline_dag.transform_task manual__2025-04-04T19:07:52.490917+00:00 [queued]>
[2025-04-04T19:07:57.977+0000] {taskinstance.py:2614} INFO - Dependencies all met for dep_context=requeueable deps ti=<TaskInstance: etl_pipeline_dag.transform_task manual__2025-04-04T19:07:52.490917+00:00 [queued]>
[2025-04-04T19:07:57.977+0000] {taskinstance.py:2867} INFO - Starting attempt 1 of 1
[2025-04-04T19:07:57.993+0000] {taskinstance.py:2890} INFO - Executing <Task(PythonOperator): transform_task> on 2025-04-04 19:07:52.490917+00:00
[2025-04-04T19:07:58.005+0000] {warnings.py:112} WARNING - /home/***/.local/lib/python3.12/site-packages/***/task/task_runner/standard_task_runner.py:70: DeprecationWarning: This process (pid=308) is multi-threaded, use of fork() may lead to deadlocks in the child.
  pid = os.fork()

[2025-04-04T19:07:58.006+0000] {standard_task_runner.py:104} INFO - Running: ['***', 'tasks', 'run', 'etl_pipeline_dag', 'transform_task', 'manual__2025-04-04T19:07:52.490917+00:00', '--job-id', '10', '--raw', '--subdir', 'DAGS_FOLDER/my_dag.py', '--cfg-path', '/tmp/tmp5kh50mvx']
[2025-04-04T19:07:58.008+0000] {standard_task_runner.py:72} INFO - Started process 310 to run task
[2025-04-04T19:07:58.008+0000] {standard_task_runner.py:105} INFO - Job 10: Subtask transform_task
[2025-04-04T19:07:58.062+0000] {task_command.py:467} INFO - Running <TaskInstance: etl_pipeline_dag.transform_task manual__2025-04-04T19:07:52.490917+00:00 [running]> on host 6d8a89faf47a
[2025-04-04T19:07:58.151+0000] {taskinstance.py:3134} INFO - Exporting env vars: AIRFLOW_CTX_DAG_OWNER='***' AIRFLOW_CTX_DAG_ID='etl_pipeline_dag' AIRFLOW_CTX_TASK_ID='transform_task' AIRFLOW_CTX_EXECUTION_DATE='2025-04-04T19:07:52.490917+00:00' AIRFLOW_CTX_TRY_NUMBER='1' AIRFLOW_CTX_DAG_RUN_ID='manual__2025-04-04T19:07:52.490917+00:00'
[2025-04-04T19:07:58.152+0000] {logging_mixin.py:190} INFO - Task instance is in running state
[2025-04-04T19:07:58.153+0000] {logging_mixin.py:190} INFO -  Previous state of the Task instance: queued
[2025-04-04T19:07:58.153+0000] {logging_mixin.py:190} INFO - Current task name:transform_task state:running start_date:2025-04-04 19:07:57.733903+00:00
[2025-04-04T19:07:58.154+0000] {logging_mixin.py:190} INFO - Dag name:etl_pipeline_dag and current dag run status:running
[2025-04-04T19:07:58.154+0000] {taskinstance.py:732} INFO - ::endgroup::
[2025-04-04T19:07:58.155+0000] {logging_mixin.py:190} INFO - 🔄 Transforming data...
[2025-04-04T19:07:58.155+0000] {python.py:240} INFO - Done. Returned value was: None
[2025-04-04T19:07:58.165+0000] {taskinstance.py:341} INFO - ::group::Post task execution logs
[2025-04-04T19:07:58.166+0000] {taskinstance.py:353} INFO - Marking task as SUCCESS. dag_id=etl_pipeline_dag, task_id=transform_task, run_id=manual__2025-04-04T19:07:52.490917+00:00, execution_date=20250404T190752, start_date=20250404T190757, end_date=20250404T190758
[2025-04-04T19:07:58.192+0000] {logging_mixin.py:190} INFO - Task instance in success state
[2025-04-04T19:07:58.192+0000] {logging_mixin.py:190} INFO -  Previous state of the Task instance: running
[2025-04-04T19:07:58.193+0000] {logging_mixin.py:190} INFO - Dag name:etl_pipeline_dag queued_at:2025-04-04 19:07:52.511833+00:00
[2025-04-04T19:07:58.193+0000] {logging_mixin.py:190} INFO - Task hostname:6d8a89faf47a operator:PythonOperator
[2025-04-04T19:07:58.225+0000] {local_task_job_runner.py:266} INFO - Task exited with return code 0
[2025-04-04T19:07:58.256+0000] {taskinstance.py:3901} INFO - 1 downstream tasks scheduled from follow-on schedule check
[2025-04-04T19:07:58.258+0000] {local_task_job_runner.py:245} INFO - ::endgroup::
